2.01467,-0.267036,-0.000152628,-47.0337,-0.0249101,-0.0219327,45,0.0249101,0.0219327,0,0,0,0,0,0,1,drone2
2.01426,-0.264834,-0.00389298,-47.5996,-0.199028,-0.167239,44.9994,0.199027,0.16724,0,0,0,0,0,0,1,drone2
2.02323,-0.258928,-0.00511939,-47.3851,-0.364083,0.214323,45.0014,0.36408,-0.214327,0,0,0,0,0,0,1,drone2
2.03197,-0.252031,-0.00480824,-46.8985,-0.156964,1.24448,45.0034,0.156927,-1.24449,0,0,0,0,0,0,1,drone2
2.04198,-0.244841,-0.00897864,-46.3034,-0.120618,2.17257,45.0046,0.120532,-2.17258,0,0,0,0,0,0,1,drone2
2.05123,-0.235093,-0.00872695,-45.745,-0.0964206,2.66217,45.0045,0.0963166,-2.66217,0,0,0,0,0,0,1,drone2
2.05494,-0.226968,-0.0114795,-45.4097,0.161965,2.67497,44.9924,-0.161788,-2.67498,0,0,0,0,0,0,1,drone2
2.05517,-0.224114,-0.0170849,-45.2645,0.173621,2.17945,44.9934,-0.173496,-2.17946,0,0,0,0,0,0,1,drone2
2.05445,-0.222444,-0.0167123,-45.0766,0.1947,1.58685,44.9946,-0.194626,-1.58686,0,0,0,0,0,0,1,drone2
2.05072,-0.22403,-0.010272,-45.0103,0.230185,1.134,44.9954,-0.23014,-1.13401,0,0,0,0,0,0,1,drone2
2.04519,-0.22463,-0.00549963,-44.9056,0.448996,0.67122,44.9947,-0.448965,-0.67124,0,0,0,0,0,0,1,drone2
2.04071,-0.22071,-0.00879339,-44.8886,0.548888,0.434206,44.9958,-0.548872,-0.434225,0,0,0,0,0,0,1,drone2
2.03687,-0.220529,-0.0152147,-44.9003,0.205619,0.626495,44.9978,-0.205607,-0.626499,0,0,0,0,0,0,1,drone2
2.02746,-0.223891,-0.0140866,-44.7979,0.24383,0.556043,44.9976,-0.243819,-0.556049,0,0,0,0,0,0,1,drone2
2.01349,-0.238789,-0.00495241,-44.7298,0.376412,0.10948,44.9993,-0.376411,-0.109483,0,0,0,0,0,0,1,drone2
2.00256,-0.266984,-9.35163e-05,-44.7877,-0.0099424,-0.93121,44.9998,0.00994109,0.93121,0,0,0,0,0,0,1,drone2
1.99728,-0.294208,0.00216068,-44.9478,-0.735847,-1.78051,44.9771,0.735492,1.78066,0,0,0,0,0,0,1,drone2
1.9945,-0.326482,0.00314329,-45.0542,-1.6286,-2.48724,44.9293,1.62706,2.48824,0,0,0,0,0,0,1,drone2
1.99121,-0.359178,0.000273111,-45.1035,-2.21387,-3.33126,44.8713,2.21013,3.33374,0,0,0,0,0,0,1,drone2
1.98709,-0.381812,-0.00719025,-44.929,-2.0669,-3.80455,44.8628,2.06234,3.80702,0,0,0,0,0,0,1,drone2
1.98633,-0.395412,-0.0121859,-44.8603,-1.7776,-3.76664,44.8832,1.77376,3.76845,0,0,0,0,0,0,1,drone2
1.99192,-0.400303,-0.0168527,-44.8341,-1.4752,-2.94651,44.9242,1.47325,2.94748,0,0,0,0,0,0,1,drone2
2.00023,-0.399847,-0.0159062,-44.8398,-1.40483,-1.7446,44.9572,1.40418,1.74512,0,0,0,0,0,0,1,drone2
2.00485,-0.399646,-0.00867434,-44.8097,-1.31226,-0.873115,44.98,1.31211,0.873344,0,0,0,0,0,0,1,drone2
2.00811,-0.400017,-0.00134231,-44.8756,-1.24078,-0.415461,44.991,1.24075,0.415558,0,0,0,0,0,0,1,drone2
2.00879,-0.39128,0.000437996,-44.9835,-0.917914,-0.313646,44.995,0.9179,0.313686,0,0,0,0,0,0,1,drone2
2.0069,-0.3754,0.0813585,-44.9828,-0.546651,-0.210503,44.998,0.546647,0.210513,0,0,0,0,0,0,1,drone2
2.00049,-0.356478,0.272128,-44.8523,-0.0644951,-0.13504,44.9998,0.0644949,0.13504,0,0,0,0,0,0,1,drone2
1.98831,-0.338242,0.50152,-44.6583,0.989237,-0.449932,45.0078,-0.989206,0.449999,0,0,0,0,0,0,1,drone2
1.97665,-0.320783,0.726625,-44.4958,1.99684,-0.692527,45.0241,-1.9967,0.692948,0,0,0,0,0,0,1,drone2
1.96941,-0.302121,0.921037,-44.3197,2.24914,-0.901459,45.0354,-2.24886,0.902154,0,0,0,0,0,0,1,drone2
1.97402,-0.286935,1.08662,-44.1329,1.67564,-0.199655,45.0058,-1.67563,0.199741,0,0,0,0,0,0,1,drone2
1.98743,-0.277318,1.21671,-43.9543,0.858522,0.697495,44.9895,-0.858458,-0.697574,0,0,0,0,0,0,1,drone2
1.99107,-0.271551,1.3164,-43.781,0.452796,0.879186,44.9931,-0.452743,-0.879213,0,0,0,0,0,0,1,drone2
1.99444,-0.268597,1.40395,-43.6431,0.507026,0.456021,44.996,-0.50701,-0.456039,0,0,0,0,0,0,1,drone2
1.9974,-0.262244,1.48276,-43.5706,0.343176,0.320034,44.9981,-0.343171,-0.32004,0,0,0,0,0,0,1,drone2
1.99635,-0.256104,1.54787,-43.5617,0.355897,0.181659,44.9989,-0.355895,-0.181662,0,0,0,0,0,0,1,drone2
1.99479,-0.244383,1.59193,-43.5441,0.79712,0.0102187,44.9999,-0.79712,-0.0102197,0,0,0,0,0,0,1,drone2
1.99544,-0.228544,1.61913,-43.4758,1.14777,0.626533,44.9874,-1.1477,-0.626659,0,0,0,0,0,0,1,drone2
1.99636,-0.212256,1.64442,-43.4355,1.12077,1.14989,44.9775,-1.12054,-1.15011,0,0,0,0,0,0,1,drone2
2.00017,-0.196426,1.66838,-43.4294,1.30945,1.52368,44.9652,-1.30898,-1.52408,0,0,0,0,0,0,1,drone2
1.99887,-0.185682,1.68385,-43.3658,1.73,1.34701,44.9593,-1.72952,-1.34762,0,0,0,0,0,0,1,drone1
1.99179,-0.183344,1.69474,-43.3078,2.3403,0.550584,44.9775,-2.34019,-0.551043,-0.0391259,0.00487679,0,0,0,0,1,drone1
1.98699,-0.188434,1.70029,-43.1881,2.60605,-0.19469,45.0089,-2.60604,0.194892,-2.46331,0.314808,0,85.5887,-0.689113,1.79353,7,drone1
1.98795,-0.199602,1.71171,-43.0328,2.25411,-0.570141,53.582,-2.254,0.570582,-2.39189,0.679253,0,77.7142,-0.577491,1.58884,7,drone1
1.99666,-0.212347,1.72277,-42.8642,1.20922,-0.638678,61.3452,-1.20914,0.63882,-2.30682,0.966773,0,71.8156,-0.238674,0.952366,7,drone1
2.01233,-0.217305,1.72653,-42.6785,0.232451,-0.0289237,68.5138,-0.232451,0.0289239,-2.22019,1.196,0,67.0371,-0.115112,0.131664,7,drone1
2.03542,-0.213728,1.72892,-42.4709,-0.575726,1.18098,75.2292,0.575603,-1.18104,-2.1747,1.31194,0,64.8741,-0.186889,-0.946979,7,drone1
2.05724,-0.209584,1.73516,-42.3515,-1.37705,2.1551,81.7573,1.37607,-2.15572,-1.95211,1.65271,0,55.1856,0.0683037,-1.86266,7,drone1
2.06842,-0.207171,1.73964,-42.3181,-1.61942,2.64306,87.3016,1.61769,-2.64412,-1.78396,1.84538,0,49.4104,0.252547,-2.24162,7,drone1
2.07113,-0.214807,1.74333,-42.2876,-1.34302,2.21576,92.2242,1.34201,-2.21637,-1.4912,2.10668,0,40.0823,0.385035,-1.84043,7,drone1
2.06894,-0.227193,1.74818,-36.9115,-0.917041,1.47862,96.2078,0.916736,-1.47881,-1.11683,2.32559,0,30.715,0.358754,-1.0544,7,drone1
2.06675,-0.243641,1.75523,-33.0749,-0.919803,0.526444,99.2657,0.919765,-0.526512,-1.07165,2.27348,0,40.1989,0.146637,0.259329,7,drone1
2.06178,-0.259138,1.75758,-29.8457,-1.09694,-0.168279,103.274,1.09693,0.16831,-0.620444,2.49019,0,22.1052,0.478516,-0.00930623,7,drone1
2.05721,-0.273369,1.75773,-26.9399,-1.16672,-0.702491,105.474,1.16663,0.702636,-0.38972,2.52677,0,16.044,0.518449,0.309176,7,drone1
2.04492,-0.283114,1.76449,-24.2732,-0.992385,-1.09142,107.075,0.992205,1.09158,-0.236583,2.53088,0,13.0468,0.381315,0.459056,7,drone1
2.02415,-0.291743,1.77049,-21.7387,-0.328132,-2.03735,108.389,0.327925,2.03738,-0.0669283,2.51537,0,9.21046,0.0304217,0.742732,7,drone1
1.99851,-0.298253,1.76576,-19.373,0.425676,-2.43213,109.342,-0.425293,2.4322,0.0579076,2.46917,0,6.16627,-0.27708,0.688266,7,drone1
1.97235,-0.304448,1.76062,-17.2417,1.37711,-2.66136,110.009,-1.37563,2.66213,0.242056,2.44262,0,1.90872,-0.559627,0.60646,7,drone1
1.95489,-0.303913,1.75799,-15.2848,2.08305,-2.7167,110.252,-2.08071,2.71849,0.3492,2.41154,0,-0.805359,-0.689713,0.477011,7,drone1
1.9494,-0.296492,1.75983,-13.4265,2.39201,-1.94808,110.118,-2.39063,1.94978,0.420239,2.39607,0,-2.80374,-0.636112,0.206268,7,drone1
1.94335,-0.28847,1.77427,-11.7088,2.47875,-0.981203,109.79,-2.47839,0.982122,0.456254,2.38329,0,-3.9076,-0.505409,0.00226129,7,drone1
1.94723,-0.283465,1.78335,-10.1071,2.12712,0.132199,109.349,-2.12712,-0.13229,0.524109,2.37838,0,-5.71978,-0.313313,-0.166325,7,drone1
1.9545,-0.270684,1.78147,-8.62874,1.43008,1.20007,108.751,-1.42977,-1.20044,0.59759,2.37431,0,-7.80228,-0.112875,-0.243994,7,drone1
1.96767,-0.256992,1.78324,-7.49048,0.632413,2.19005,107.976,-0.631951,-2.19018,0.522362,2.39365,0,-6.19427,0.00344812,-0.256812,7,drone1
1.99407,-0.252274,1.78167,-6.45916,-0.862557,2.39486,107.416,0.861803,-2.39513,0.466139,2.46882,0,-3.66702,-0.334978,-0.262798,7,drone1
2.01951,-0.259219,1.77007,-5.54726,-2.35281,1.84996,107.087,2.35158,-1.85152,0.574551,2.43441,0,-6.9147,0.252345,-0.032887,7,drone1
2.03712,-0.274077,1.75331,-4.76356,-3.32677,0.708643,106.36,3.32652,-0.709839,0.647376,2.44399,0,-8.24771,0.267138,0.0874329,7,drone1
2.04988,-0.291962,1.74145,-4.08571,-3.50594,-0.388321,105.47,3.50586,0.389049,0.690208,2.45152,0,-8.76515,0.220992,0.157425,7,drone1
2.05539,-0.305307,1.73544,-3.49695,-2.9443,-0.962417,104.568,2.94389,0.963689,0.655104,2.47533,0,-7.15497,0.150998,0.156046,7,drone1
2.0486,-0.315519,1.73948,-3.04866,-1.84425,-1.51394,103.853,1.84361,1.51472,0.643205,2.49741,0,-5.9064,0.565576,0.288092,7,drone1
2.03829,-0.314355,1.74743,-2.63769,-0.622282,-1.51139,103.291,0.622066,1.51148,0.710726,2.44703,0,-8.77961,-0.0150026,0.120932,7,drone1
2.03336,-0.30802,1.75537,-2.20349,-0.134709,-1.06565,102.427,0.134686,1.06565,0.693447,2.44779,0,-8.53114,0.00947242,0.080069,7,drone1
2.02801,-0.296587,1.76267,-1.80029,0.287483,-0.00320153,101.576,-0.287483,0.00320157,0.643664,2.4677,0,-7.55939,0.0268307,0.0366631,7,drone1
2.01969,-0.284342,1.76582,-1.32982,0.536909,0.809748,100.813,-0.536856,-0.809783,0.654745,2.45665,0,-8.29632,-0.0179795,0.01606,7,drone1
2.01532,-0.269592,1.76612,-0.83295,0.596393,1.13338,99.9789,-0.596277,-1.13344,0.665048,2.44034,0,-9.08083,-0.00231341,0.00772081,7,drone1
2.02129,-0.252755,1.76389,-0.296095,-0.280261,1.69219,99.0909,0.280139,-1.69221,0.629301,2.45726,0,-8.547,0.021067,0.0212659,7,drone1
2.02928,-0.245768,1.75254,0.206731,-2.8703,1.04298,98.2802,2.86983,-1.04429,0.610329,2.47249,0,-8.33432,-0.0073532,0.045429,7,drone1
2.02284,-0.240422,1.73372,0.645464,-3.67323,0.211662,97.408,3.67321,-0.212097,0.561911,2.46266,0,-7.11927,-0.000316602,0.0454028,7,drone1
1.99097,-0.233058,1.70888,1.00271,-2.23159,-0.504477,96.6628,2.2315,0.50486,0.511413,2.43854,0,-6.01061,-0.0183098,0.0366584,7,drone1
1.93421,-0.221483,1.68118,1.32802,0.715371,-0.443898,96.087,-0.71535,0.443932,0.456474,2.3863,0,-5.46716,0.018136,0.0605817,7,drone1
1.86871,-0.209837,1.66461,1.69646,3.66424,0.0447209,95.5318,-3.66423,-0.0448125,0.44254,2.31893,0,-5.36218,0.105967,0.0207845,7,drone1
1.81075,-0.203572,1.64574,2.06229,5.42831,0.531762,94.9478,-5.42807,-0.534157,0.398692,2.27589,0,-4.29968,0.200527,0.0656734,7,drone1
1.77731,-0.20718,1.63226,2.34004,5.11586,0.286701,94.5422,-5.11579,-0.287848,0.396055,2.25273,0,-4.16546,0.655903,-0.198683,7,drone1
1.75703,-0.216909,1.62043,2.57684,4.11076,-0.60206,94.1889,-4.11054,0.603613,0.412647,2.21833,0,-4.63027,0.201283,-0.00345659,7,drone1
1.74954,-0.232239,1.60043,2.67213,2.74503,-1.6291,93.7602,-2.74392,1.63097,0.364458,2.22026,0,-2.38298,0.129453,-0.0866157,7,drone1
1.75023,-0.241879,1.58004,2.71221,1.64203,-2.3048,93.5094,-1.6407,2.30574,0.413444,2.21375,0,-4.54283,0.0419202,-0.129802,7,drone1
1.76282,-0.249181,1.56881,2.74085,0.260202,-2.40493,92.9997,-0.259972,2.40496,0.43455,2.22788,0,-4.75191,-0.0178823,-0.154477,7,drone1
1.77703,-0.249434,1.56059,2.79279,-0.905298,-1.49713,92.4897,0.904989,1.49732,0.443098,2.24583,0,-4.87434,-0.0724146,-0.106521,7,drone1
1.78253,-0.242423,1.56189,2.88385,-0.906028,-0.0641866,92.0248,0.906027,0.0641947,0.456271,2.25974,0,-5.27598,-0.0907553,-0.0476132,7,drone1
1.78376,-0.228937,1.57054,2.97023,-0.518426,1.4857,91.5115,0.518251,-1.48577,0.473701,2.26412,0,-6.49957,-0.0108527,0.00213407,7,drone1
1.77343,-0.212354,1.56726,3.13068,0.279863,2.95173,90.8337,-0.279491,-2.95177,0.390358,2.25208,0,-3.45828,0.103935,0.294852,7,drone1
1.76323,-0.202524,1.55895,3.35592,0.517365,3.57774,90.4686,-0.516357,-3.57789,0.41122,2.25654,0,-5.38778,0.0194417,0.174219,7,drone1
1.75691,-0.201811,1.5551,3.52209,0.438091,3.02403,89.9388,-0.437481,-3.02412,0.388203,2.24278,0,-4.27442,0.0240174,0.182662,7,drone1
1.75515,-0.205735,1.56076,3.65799,0.0413291,2.61721,89.5321,-0.041286,-2.61721,0.423397,2.23282,0,-5.68514,-0.0145088,0.124802,7,drone1
1.75296,-0.221069,1.57744,3.74264,0.174023,1.60468,88.9605,-0.173955,-1.60469,0.443404,2.23498,0,-6.26178,0.0206291,0.0816526,7,drone1
1.75151,-0.243911,1.5969,3.75067,0.572251,0.048862,88.3387,-0.57225,-0.0488645,0.429787,2.23729,0,-5.04944,0.0458487,-0.0090948,7,drone1
1.75027,-0.268246,1.60638,3.74059,0.799444,-1.01441,87.8483,-0.799318,1.01451,0.517201,2.21942,0,-7.19095,0.0623614,-0.0891983,7,drone1
1.75003,-0.286114,1.60642,3.85911,1.15161,-1.08104,87.1367,-1.1514,1.08125,0.48914,2.2311,0,-6.4056,-0.326072,0.0592312,7,drone1
1.74905,-0.294022,1.60138,3.9389,0.956995,-0.177237,86.4765,-0.956991,0.177262,0.459412,2.24088,0,-4.82688,0.0646219,-0.0515379,7,drone1
1.76057,-0.294815,1.60856,3.99287,-0.00543647,1.18421,85.9909,0.00543531,-1.18421,0.442296,2.24486,0,-4.74126,-0.000553082,0.0780879,7,drone1
1.7655,-0.300835,1.61192,4.10177,-0.594256,2.15534,85.539,0.593835,-2.15545,0.428979,2.25242,0,-4.38115,-0.0364806,0.13953,7,drone1
1.76323,-0.306797,1.60356,4.1455,-0.913065,2.52272,85.1184,0.91218,-2.52304,0.41426,2.25659,0,-3.7414,-0.0509877,0.207966,7,drone1
1.75987,-0.315813,1.5951,4.20193,-1.40198,2.53125,84.7654,1.40061,-2.53201,0.339576,2.25793,0,-1.17368,-0.113059,0.201157,7,drone1
1.75646,-0.335397,1.59012,4.1828,-1.67131,1.94157,84.6405,1.67035,-1.94239,0.380834,2.26177,0,-1.8931,-0.0604035,0.128846,7,drone1
1.74347,-0.363379,1.59405,4.16864,-1.25395,1.02965,84.4165,1.25374,-1.0299,0.314764,2.2539,0,0.64192,-0.112356,0.0412489,7,drone1
1.73059,-0.400099,1.60517,4.0941,-0.653656,-0.00255246,84.4593,0.653656,0.00255263,0.400446,2.25047,0,-0.403323,-0.0713886,-0.0679583,7,drone1
1.70843,-0.440986,1.61378,3.98833,0.18992,-0.813313,84.4205,-0.189901,0.813317,0.453354,2.21833,0,-0.190869,0.0181273,-0.0857772,7,drone1
1.68224,-0.487821,1.61325,3.91223,1.28594,-1.50442,84.4305,-1.2855,1.50479,0.394869,2.21037,0,1.91417,0.104726,-0.157757,7,drone1
1.6561,-0.529805,1.60603,3.88534,2.21014,-1.79576,84.6584,-2.20905,1.79709,0.469061,2.18847,0,1.49774,0.143183,-0.169703,7,drone1
1.63944,-0.561332,1.60947,3.81249,2.12011,-0.973078,84.7765,-2.11981,0.973744,0.435049,2.18208,0,3.74912,0.128177,-0.069956,7,drone1
1.62611,-0.583839,1.61233,3.64919,1.48597,0.321896,85.1073,-1.48595,-0.322004,0.523417,2.17482,0,1.72431,0.0304115,-0.0159736,7,drone1
1.61708,-0.601649,1.61117,3.44755,0.428612,1.18083,85.2793,-0.428521,-1.18087,0.583118,2.15059,0,0.249546,-0.0380934,0.0285535,7,drone1
1.60905,-0.625875,1.6101,3.23701,-0.609294,0.884694,85.323,0.609221,-0.884744,0.487276,2.15046,0,4.20259,-0.0937927,0.0573,7,drone1
1.58688,-0.65688,1.61212,3.13305,-0.827561,-0.13281,85.732,0.827559,0.132823,0.650975,2.12985,0,-0.271254,-0.0620341,-0.0665382,7,drone1
1.55606,-0.695016,1.60687,3.06601,-0.407856,-1.32643,85.6959,0.407747,1.32646,0.606991,2.0973,0,2.07233,-0.0400655,-0.116062,7,drone1
1.52508,-0.730829,1.59958,3.07945,0.22831,-1.37723,85.9184,-0.228244,1.37724,0.627386,2.0699,0,2.75447,0.0124165,-0.11308,7,drone1
1.5029,-0.761802,1.58179,3.18695,0.337493,-0.14912,86.1895,-0.337491,0.149122,0.753357,2.04568,0,-0.0874973,0.0460369,-0.0704993,7,drone1
1.49606,-0.797,1.55691,3.33541,-0.706866,0.775536,86.1861,0.706801,-0.775595,0.72919,2.03141,0,1.60979,-0.0282982,0.00190506,7,drone1
1.48366,-0.839824,1.54132,3.55495,-1.45658,0.898378,86.3603,1.4564,-0.898668,0.852675,2.01277,0,-0.771764,-0.0439094,0.0175956,7,drone1
1.45941,-0.889305,1.53957,3.7832,-1.24738,0.106661,86.2625,1.24738,-0.106686,0.923104,1.98413,0,-1.3062,-0.0613704,-0.016668,7,drone1
1.43339,-0.927413,1.54109,4.18075,-0.777179,-0.462157,86.1231,0.777154,0.462199,0.967873,1.95874,0,-1.43217,-0.0479169,-0.0597316,7,drone1
1.41042,-0.955408,1.52905,4.54501,-0.439836,-1.05895,85.9779,0.439761,1.05898,0.9404,1.92687,0,0.591001,-0.0465493,-0.0814463,7,drone1
1.3867,-0.985144,1.51295,4.9132,0.0282375,-2.50122,86.0471,-0.0282106,2.50122,0.986381,1.90268,0,0.0848351,-0.0194421,-0.181182,7,drone1
1.36542,-1.01008,1.50685,5.18489,0.253284,-3.56665,86.0817,-0.252794,3.56668,1.05185,1.87209,0,-0.828435,0.00691498,-0.32258,7,drone1
1.34879,-1.02889,1.50895,5.38515,0.365866,-3.86667,86.0017,-0.365033,3.86675,0.997569,1.85128,0,1.34926,0.0229764,-0.309701,7,drone1
1.33583,-1.03937,1.51923,5.5517,-0.107897,-3.55477,86.1088,0.107689,3.55478,1.015,1.82418,0,1.19515,-0.00826217,-0.284486,7,drone1
1.32162,-1.04216,1.53532,5.73812,-0.566324,-2.91046,86.2096,0.565593,2.9106,1.03007,1.78441,0,0.658257,-0.0491313,-0.280504,7,drone1
1.29887,-1.03844,1.55018,6.00629,-0.67705,-1.65511,86.2905,0.676767,1.65523,1.03446,1.76762,0,0.863184,-0.0382407,-0.195903,7,drone1
1.27618,-1.03281,1.56773,6.23278,-0.363621,-0.672046,86.3944,0.363596,0.67206,0.965995,1.76959,0,2.84551,0.00122184,-0.0665568,7,drone1
1.25498,-1.01904,1.57616,6.54176,-0.410524,0.267317,86.6852,0.410519,-0.267324,1.09834,1.6918,0,-2.2589,-0.0605885,-0.0472313,7,drone1
1.23831,-1.00461,1.58125,6.81482,-0.894559,1.30839,86.4777,0.894326,-1.30855,1.05999,1.69279,0,-1.04421,-0.0661018,0.135261,7,drone1
1.22819,-1.0021,1.58685,7.01932,-1.49848,1.28169,86.3853,1.4981,-1.28213,1.08826,1.64813,0,-2.9349,-0.201481,0.109654,7,drone1
1.22206,-1.01447,1.58106,7.13493,-1.9657,0.489674,86.0742,1.96563,-0.489962,1.10789,1.67295,0,-2.7815,-0.258066,0.0209688,7,drone1
1.21146,-1.03241,1.58176,7.29152,-2.11291,-0.378699,85.764,2.11287,0.378956,1.08724,1.65069,0,-1.50767,-0.228325,-0.0877109,7,drone1
1.19576,-1.04924,1.59901,7.42109,-1.94438,-0.94434,85.5932,1.94411,0.944884,1.14518,1.62031,0,-3.36016,-0.288719,-0.214669,7,drone1
1.16803,-1.06101,1.60017,7.54986,-1.42711,-1.29486,85.2551,1.42674,1.29527,1.14632,1.59334,0,-3.19758,-0.234835,-0.264318,7,drone1
1.13148,-1.07062,1.58235,7.71256,-0.405501,-1.76335,84.9533,0.405309,1.76339,1.19446,1.56602,0,-4.7253,-0.112024,-0.305936,7,drone1
1.09945,-1.0791,1.56933,7.92133,0.311928,-2.27268,84.5045,-0.311682,2.27272,1.22097,1.53526,0,-5.51566,-0.0147145,-0.385462,7,drone1
1.06237,-1.08404,1.55237,8.13599,0.978029,-2.61889,83.9839,-0.977007,2.61927,1.16554,1.50547,0,-3.93031,0.0492978,-0.503443,7,drone1
1.02184,-1.08475,1.5442,8.2845,2.14937,-2.84894,83.6498,-2.14672,2.85095,1.24211,1.42849,0,-7.22068,0.20769,-0.550252,7,drone1
0.98167,-1.07291,1.55009,8.36153,3.61628,-2.05758,82.9484,-3.61394,2.06168,1.21372,1.38412,0,-6.52337,0.496391,-0.43168,7,drone1
0.959597,-1.05893,1.5548,8.34844,4.24947,-1.21664,82.2529,-4.24852,1.21999,1.14702,1.40933,0,-4.64541,0.571137,-0.333384,7,drone1
0.951335,-1.04333,1.55964,8.32301,4.05981,-0.51016,81.7294,-4.05964,0.511443,1.11969,1.40789,0,-4.10598,0.552346,-0.220831,7,drone1
0.960915,-1.02949,1.56725,8.27305,2.65318,-0.358661,81.2948,-2.65313,0.359046,1.01377,1.43943,0,-0.852348,0.368032,-0.149604,7,drone1
0.977226,-1.01036,1.57156,8.22324,0.794194,-0.315568,81.1885,-0.794182,0.315599,1.04445,1.46952,0,-2.02942,0.108908,-0.0684349,7,drone1
0.992781,-0.991086,1.57241,8.07468,-0.949585,-0.542224,80.9717,0.949542,0.542299,1.06201,1.46761,0,-3.65978,-0.119855,-0.113165,7,drone1
0.999759,-0.980841,1.56068,7.85244,-1.59894,-1.15433,80.5822,1.59861,1.15478,1.04312,1.4877,0,-3.16537,-0.218363,-0.181141,7,drone1
0.999617,-0.971232,1.53948,7.58851,-2.0286,-1.18387,80.2547,2.02817,1.18461,1.01725,1.48417,0,-1.93547,0.317151,0.211142,7,drone1
0.99162,-0.958463,1.52611,7.32196,-2.31176,-0.368737,80.0845,2.31171,0.369037,0.969505,1.49477,0,-0.960175,-0.213903,-0.0301298,7,drone1
0.979047,-0.938892,1.51207,7.14811,-2.37088,1.04116,80.0441,2.37049,-1.04205,0.9536,1.49804,0,-0.69211,-0.284162,0.149603,7,drone1
0.955632,-0.918296,1.50437,6.97593,-1.29237,2.92575,79.9906,1.29069,-2.9265,0.907712,1.48237,0,0.37768,-0.127785,0.353662,7,drone1
0.927914,-0.896446,1.51406,6.79009,0.135678,4.93106,79.9663,-0.135176,-4.93107,0.860902,1.46134,0,1.16924,0.0791442,0.600421,7,drone1
0.903553,-0.881568,1.53083,6.5813,0.534906,6.4944,80.0492,-0.531474,-6.49468,0.803661,1.44297,0,2.80214,0.195069,0.747443,7,drone1
0.887397,-0.888388,1.54589,6.34996,0.101369,6.0617,80.3897,-0.100803,-6.06171,0.786664,1.43069,0,3.58935,0.0964989,0.72291,7,drone1
0.866269,-0.911269,1.56334,6.22131,0.0258385,4.1168,80.7649,-0.0257718,-4.1168,0.842306,1.38484,-0.00164937,3.23047,0.0848133,0.650908,7,drone1
0.84261,-0.953613,1.56733,6.22228,0.697715,0.532612,81.09,-0.697685,-0.532651,0.844851,1.38438,0,3.54,0.126649,0.0614624,7,drone1
0.810834,-0.996296,1.55868,6.24683,2.42282,-3.29739,81.5902,-2.4188,3.30034,0.954162,1.34417,0,1.94262,0.225201,-0.324678,7,drone1
0.78244,-1.02459,1.55322,6.30678,3.6917,-4.97433,81.9695,-3.67778,4.98462,0.843627,1.34079,0,6.23412,0.395827,-0.50228,7,drone1
0.757475,-1.02491,1.55534,6.35159,4.7053,-4.24326,82.6244,-4.69237,4.25756,1.01646,1.28852,0,1.21321,0.453855,-0.457195,7,drone1
0.744254,-1.01047,1.55948,6.38236,4.77218,-2.1597,82.5929,-4.76878,2.16721,0.921641,1.28974,0,4.32759,0.50802,-0.220575,7,drone1
0.741674,-0.984872,1.57048,6.36009,3.58777,0.126784,82.8409,-3.58776,-0.127033,1.00156,1.26733,0,0.633343,0.448526,0.0385752,7,drone1
0.754727,-0.958761,1.57922,6.2901,1.4579,2.11309,82.8728,-1.4569,-2.11377,0.840674,1.3106,0,4.87571,0.230595,0.226967,7,drone1
0.768978,-0.942278,1.58434,6.24933,-1.05483,3.2063,83.4742,1.05318,-3.20684,0.950137,1.28827,0,0.752753,-0.0908036,0.404409,7,drone1
0.783435,-0.942932,1.5836,6.1966,-3.2838,3.34921,83.6932,3.27818,-3.3547,0.910235,1.31482,0,1.56612,-0.303947,0.320912,7,drone1
0.793471,-0.960017,1.58152,6.19931,-4.39472,2.5823,83.8622,4.39025,-2.5899,0.945692,1.33184,0,1.12849,-0.449166,0.255715,7,drone1
0.791917,-0.986718,1.59307,6.1768,-4.30357,1.66069,83.9128,4.30176,-1.66539,0.952593,1.32798,0,1.85362,-0.433896,0.18979,7,drone1
0.779291,-1.02299,1.60441,6.17136,-3.04861,-0.233913,83.9666,3.04858,0.234244,0.948458,1.33297,0,3.511,-0.344033,0.0116214,7,drone1
0.75239,-1.05618,1.60929,6.08759,-0.915188,-1.8239,84.3027,0.914724,1.82413,1.00553,1.29773,0,1.53617,-0.0956224,-0.20256,7,drone1
0.714836,-1.0858,1.60932,5.96577,1.01292,-2.26846,84.5272,-1.01212,2.26882,0.991828,1.26533,0,4.1928,0.124023,-0.292334,7,drone1
0.67866,-1.10386,1.60801,5.8054,2.10069,-2.05414,84.9829,-2.09933,2.05552,1.01822,1.22849,0,3.96848,0.177923,-0.183632,7,drone1
0.650712,-1.1167,1.61367,5.64862,1.80609,-1.50734,85.3527,-1.80547,1.50809,1.05132,1.18789,0,3.10886,0.197437,-0.0809068,7,drone1
0.625575,-1.12492,1.60868,5.5712,1.36473,-1.20976,85.6456,-1.36443,1.2101,1.08903,1.1473,0,1.83245,0.183007,-0.048394,7,drone1
0.605215,-1.12558,1.60327,5.53362,0.720006,-0.807422,85.8112,-0.719935,0.807485,1.07734,1.126,0,2.24598,0.119027,-0.0195418,7,drone1
0.586503,-1.1212,1.59745,5.55405,0.643763,-0.454537,86.031,-0.643743,0.454566,1.12476,1.08303,0,-0.0885537,0.0737476,0.018033,7,drone1
0.574177,-1.11472,1.582,5.51045,0.375905,-0.302502,86.0162,-0.3759,0.302508,1.1311,1.05803,0,-0.952642,0.0621136,0.0339488,7,drone1
0.557521,-1.11115,1.56123,5.44309,0.360297,-0.514829,85.922,-0.360283,0.51484,1.17096,1.02446,0,-2.55369,0.072571,-0.00916735,7,drone1
0.540237,-1.09584,1.55457,5.36667,0.206251,0.0718858,85.663,-0.206251,-0.0718862,1.18191,0.9964,0,-3.88674,0.0412359,0.0503645,7,drone1
0.522207,-1.08171,1.56023,5.24668,0.374629,0.87556,85.2688,-0.374585,-0.875579,1.11699,0.993116,0,-1.62922,0.0625611,0.13828,7,drone1
0.514289,-1.06579,1.5582,5.07996,-0.0328449,1.63809,85.1119,0.0328315,-1.63809,1.05282,1.02039,0,0.551339,0.0185216,0.167919,7,drone1
0.503249,-1.05481,1.5687,4.86923,-0.660286,1.78157,85.1891,0.659966,-1.78169,1.08234,0.985226,0,-1.1902,-0.0230056,0.203903,7,drone1
0.491422,-1.04585,1.58044,4.5648,-1.10274,1.71307,85.0808,1.10225,-1.71339,1.02514,1.0085,0,1.10507,-0.0719953,0.164477,7,drone1
0.470972,-1.03927,1.57662,4.26369,-1.04424,1.6342,85.1895,1.04382,-1.63447,1.06365,0.966821,0,-0.80745,-0.0615046,0.14298,7,drone1
0.443396,-1.03847,1.5697,4.04395,-0.461838,1.25595,85.0876,0.461727,-1.25599,1.06985,0.943144,-0.00034891,-0.726711,-0.0552635,0.128721,7,drone1
0.411029,-1.04043,1.57348,3.96777,0.525395,0.552913,84.9984,-0.52537,-0.552936,1.12761,0.876686,0,-3.06928,0.0269598,0.0912915,7,drone1
0.383674,-1.03649,1.58012,3.9723,1.12297,0.187123,84.6928,-1.12296,-0.187159,1.13068,0.862529,0,-3.26032,0.0831602,0.046898,7,drone1
0.351632,-1.02953,1.58277,3.84821,1.74005,-0.0709524,84.3724,-1.74005,0.0709851,1.129,0.840435,0,-3.3129,0.109249,0.0488889,7,drone1
0.326583,-1.02191,1.57473,3.77195,2.01649,0.0299007,84.0377,-2.01649,-0.0299192,1.13675,0.815858,0,-3.58106,0.166917,0.0257047,7,drone1
0.313154,-1.01597,1.57165,3.63826,1.12982,0.0478735,83.6793,-1.12982,-0.0478828,1.02219,0.855962,0,0.593487,0.10046,-0.029286,7,drone1
0.305305,-1.00954,1.57521,3.55725,-0.218516,-0.141467,83.74,0.218516,0.141468,1.02002,0.848745,0,0.184379,0.015559,-0.00591923,7,drone1
0.294493,-1.01145,1.57021,3.37174,-1.05597,-0.464252,83.7505,1.05594,0.464331,1.02308,0.837313,0,0.45775,-0.0541073,-0.0243537,7,drone1
0.286803,-1.01715,1.57668,3.04831,-1.66338,-0.948163,83.7776,1.66315,0.948563,1.00162,0.849984,0,1.7652,-0.0962813,-0.0313188,7,drone1
0.271064,-1.0152,1.58512,2.62923,-1.50659,-0.708006,83.9634,1.50647,0.708251,0.986281,0.84828,0,2.7713,-0.0687028,-0.00871459,7,drone1
0.252265,-1.01547,1.60218,2.30506,-0.967281,-0.185554,84.2561,0.967276,0.18558,0.933026,0.842566,0,5.67357,-0.0384846,-0.0392302,7,drone1
0.234599,-1.0134,1.62088,2.14422,-0.911426,0.167006,84.8293,0.911422,-0.167028,0.972243,0.812816,0,3.07847,-0.0760638,0.0500904,7,drone1
0.210328,-1.01082,1.63271,1.937,-0.138447,0.399673,85.1355,0.138443,-0.399674,0.96291,0.784607,0,3.72044,-0.0405448,-0.00414922,7,drone1
0.180201,-1.00998,1.63414,1.75381,0.528553,0.662334,85.5005,-0.528518,-0.662362,0.970338,0.753999,0,3.47499,-0.0410488,0.00276391,7,drone1
0.140659,-1.01566,1.63812,1.60575,1.42558,0.515185,85.8413,-1.42552,-0.515344,0.994616,0.710808,0,2.46377,-0.0201454,0.0233504,7,drone1
0.101834,-1.02469,1.64833,1.43984,2.18108,-0.235188,86.1095,-2.18106,0.235359,1.05713,0.636806,0,1.27023,0.0211514,-0.0121291,7,drone1
0.0698194,-1.02456,1.64447,1.26421,2.39989,-0.457095,86.2468,-2.39981,0.457496,1.10265,0.597687,0,-1.33724,0.106366,-0.0752848,7,drone1
0.0433167,-1.02674,1.64438,1.11574,2.42688,-0.968712,86.1343,-2.42654,0.969582,1.07664,0.55512,0,-0.74977,-0.18672,1.69282,7,drone1
0.0224947,-1.02837,1.65145,0.831189,1.75661,-1.8984,85.9653,-1.75564,1.89929,1.04977,0.541742,-0.00192159,-0.675045,-0.167052,1.52365,7,drone1
0.0121879,-1.02752,1.65051,0.601369,0.891769,-2.81847,85.7833,-0.89069,2.81881,0.978336,0.577806,0,5.01432,0.0193499,-0.085785,7,drone1
-0.000397199,-1.01605,1.63803,0.441847,0.267001,-2.7255,86.2537,-0.266699,2.72553,0.964213,0.55765,0,5.02173,0.00985412,-0.0853163,7,drone1
-0.0155318,-1.00209,1.62809,0.27903,0.124848,-2.05936,86.7477,-0.124767,2.05937,0.926223,0.526414,0,5.23028,0.324985,-0.226691,7,drone1
-0.0324343,-0.982403,1.62934,0.123759,0.413128,-1.22389,87.2765,-0.413033,1.22392,0.942186,0.523508,0,3.86902,0.0849875,-0.118128,7,drone1
-0.055428,-0.953606,1.63488,0.0109546,0.917797,0.0372248,87.6543,-0.917797,-0.0372296,0.920828,0.485418,0,4.2336,0.0358596,3.79709e-05,7,drone1
-0.0730832,-0.917818,1.63949,-0.15129,1.00807,1.46964,88.0524,-1.00773,-1.46987,0.865651,0.472972,0,4.96497,0.0395811,-0.0790725,7,drone1
-0.0787654,-0.894871,1.63096,-0.289813,0.444107,1.80829,88.5608,-0.443886,-1.80835,0.831071,0.467318,0,4.8839,0.0234838,-0.0885433,7,drone1
-0.0823314,-0.881438,1.61328,-0.385265,0.00505622,1.333,89.0632,-0.00505485,-1.333,0.873445,0.446655,0,2.54014,0.00531192,-0.0777603,7,drone1
-0.0814607,-0.865684,1.59444,-0.529589,-0.237425,0.650896,89.3201,0.237409,-0.650902,0.759314,0.472416,0,5.50353,0.0331238,-0.0934121,7,drone1
-0.0801695,-0.848356,1.57531,-0.640751,-0.56483,0.129717,89.8691,0.564829,-0.129723,0.873914,0.443379,0,-0.978365,0.0389472,-0.153081,7,drone1
-0.0843138,-0.831048,1.57462,-0.696708,-0.467749,0.156161,89.77,0.467748,-0.156167,0.727856,0.47332,0,4.81044,0.0299044,-0.0752984,7,drone1
-0.0970724,-0.817322,1.56852,-0.694102,-0.00433542,0.238544,90.2499,0.00433538,-0.238544,0.833082,0.422507,0,-0.0246962,0.0167938,-0.0528636,7,drone1
-0.106986,-0.805876,1.56524,-0.662433,0.481392,0.301323,90.2413,-0.481386,-0.301333,0.716694,0.444512,0,3.10843,-0.0188266,0.0280568,7,drone1
-0.113641,-0.795033,1.56406,-0.609771,0.199612,0.247696,90.5538,-0.19961,-0.247697,0.701709,0.429367,0,4.02754,-0.0102097,-0.0075686,7,drone1
-0.118378,-0.777897,1.56822,-0.606385,-0.265436,0.487556,90.9597,0.265426,-0.487561,0.714581,0.41403,0,1.53608,-0.0335492,0.0201287,7,drone1
-0.12331,-0.757106,1.57275,-0.677903,-0.290852,0.859618,91.1154,0.290819,-0.859629,0.66938,0.410502,0,2.03935,-0.0345883,0.0119909,7,drone1
-0.125131,-0.735094,1.56592,-0.851956,-0.530002,1.12064,91.3254,0.5299,-1.12069,0.773264,0.382114,0,-1.92239,-0.0254723,-0.0704813,7,drone1
-0.130646,-0.705424,1.54962,-1.0855,-0.781714,1.93763,91.1491,0.781267,-1.93781,0.770943,0.373161,0,-2.62755,-0.0123381,-0.0998565,7,drone1
-0.140358,-0.6751,1.52652,-1.28095,-0.463007,2.38453,90.879,0.462606,-2.38461,0.631791,0.38831,0,1.39012,-0.0463998,-0.032219,7,drone1
-0.162129,-0.645983,1.51734,-1.43233,0.215951,2.44143,90.9896,-0.215755,-2.44145,0.796532,0.316493,0,-5.14834,-0.0601266,-0.0710841,7,drone1
-0.184893,-0.630447,1.52315,-1.49456,1.0256,1.51963,90.4567,-1.02524,-1.51987,0.645486,0.329368,0,-0.294346,-0.065251,-0.030555,7,drone1
-0.204937,-0.623069,1.5476,-1.44474,1.63232,0.0171766,90.4531,-1.63232,-0.0171835,0.737779,0.270124,0,-4.12434,-0.0546599,-0.0443963,7,drone1
-0.216061,-0.615821,1.57939,-1.31951,1.3093,-1.05784,90.0653,-1.30908,1.05811,0.676818,0.285826,0,-2.15377,-0.0606174,0.0571093,7,drone1
-0.234348,-0.611219,1.59165,-1.19233,0.870849,-1.66448,89.8509,-0.870481,1.66467,0.724891,0.24147,0,-3.53761,-0.0156642,0.00430295,7,drone1
-0.262712,-0.601885,1.60138,-1.10253,1.06226,-1.3754,89.4973,-1.06196,1.37563,0.609355,0.267001,0,0.659712,-0.0968621,0.0812312,7,drone1
-0.290272,-0.59194,1.60641,-1.03682,1.25433,-0.805878,89.5566,-1.25421,0.806071,0.723242,0.180264,0,-3.91052,-0.0596745,0.0131299,7,drone1
-0.315517,-0.575329,1.60644,-0.849312,1.61406,0.0547112,89.1463,-1.61406,-0.0547329,0.711049,0.155452,0,-3.72453,-0.0539234,0.00539945,7,drone1
-0.333665,-0.556075,1.60306,-0.593325,1.93767,0.656556,88.7532,-1.93754,-0.656932,0.563556,0.19302,0,0.968613,-0.104169,0.04578,7,drone1
-0.336822,-0.531955,1.60148,-0.31809,1.41061,1.06123,88.8468,-1.41037,-1.06155,0.459282,0.192903,0,3.68344,-0.0917882,0.0433847,7,drone1
-0.337535,-0.509318,1.6012,-0.115081,0.784105,1.54649,89.2202,-0.78382,-1.54663,0.468885,0.177965,0,1.82932,-0.0327052,-0.00546342,7,drone1
-0.327606,-0.484768,1.59088,-0.0240242,-0.251406,1.90103,89.4327,0.251267,-1.90105,0.39652,0.190715,0,3.30873,0.0257619,-0.0582825,7,drone1
-0.310371,-0.45719,1.57866,-0.0161611,-1.63638,1.92075,89.8101,1.63546,-1.92154,0.381539,0.206626,0,3.08114,-0.0321848,0.000452219,7,drone1
-0.293978,-0.431707,1.57082,0.00457803,-3.15047,1.84565,90.165,3.14883,-1.84844,0.395441,0.213721,0,1.63511,0.00988977,-0.0199781,7,drone1
-0.287779,-0.426031,1.57373,0.0513143,-4.0035,0.425466,90.2567,4.00339,-0.426506,0.37907,0.224486,0,2.0078,0.0381359,-0.0370177,7,drone1
-0.294645,-0.428712,1.5796,0.100248,-3.38784,-1.33083,90.349,3.38693,1.33316,0.431031,0.220951,0,0.726167,0.053328,-0.0748068,7,drone1
-0.317892,-0.425199,1.57724,0.210179,-1.88101,-2.07814,90.4327,1.87977,2.07926,0.333832,0.206538,0,3.1249,0.0131997,-0.0156591,7,drone1
-0.352284,-0.417252,1.57687,0.483216,-0.138132,-2.00853,90.8086,0.138048,2.00854,0.415636,0.168156,0,0.528388,0.0512827,-0.0906217,7,drone1
-0.381461,-0.412134,1.57572,0.917355,0.963139,-1.83095,90.8981,-0.962647,1.83121,0.331734,0.147236,0,2.46519,0.076657,-0.082439,7,drone1
-0.409239,-0.405329,1.57825,1.32662,1.85792,-1.31286,91.1567,-1.85744,1.31355,0.29467,0.107807,0,1.86728,0.149945,-0.0975045,7,drone1
-0.419935,-0.390339,1.57336,1.74168,1.68766,-0.488319,91.3161,-1.6876,0.488531,0.404175,0.0744149,0,-2.47288,0.130166,-0.102301,7,drone1
-0.4168,-0.367839,1.57052,2.1995,0.574358,0.426093,91.0495,-0.574342,-0.426115,0.349585,0.0798571,0,-1.58543,0.0710619,-0.0531674,7,drone1
-0.418185,-0.348935,1.56957,2.62361,-0.0210849,0.714357,90.8953,0.0210833,-0.714357,0.345654,0.0722458,0,-2.36502,0.0303441,-0.0372548,7,drone1
-0.418601,-0.326692,1.56959,3.03458,-0.432474,0.982601,90.6659,0.43241,-0.982629,0.348131,0.0746939,0,-3.61317,0.0482006,-0.0348367,7,drone1
-0.42073,-0.308509,1.56665,3.52013,-0.668903,1.04621,90.3093,0.668792,-1.04629,0.341974,0.064907,0,-4.47204,0.0123032,0.000502839,7,drone1
-0.426274,-0.298147,1.56468,3.99543,-0.620973,0.455625,89.8548,0.620953,-0.455652,0.341625,0.0572093,0,-5.18431,0.0391859,-0.0278456,7,drone1
-0.43387,-0.283149,1.56717,4.46746,-0.563269,0.306792,89.3345,0.563261,-0.306807,0.333287,0.049091,0,-5.65266,0.0606939,-0.0246353,7,drone1
-0.444141,-0.26792,1.56666,4.93751,-0.559316,0.362106,88.7697,0.559305,-0.362123,0.313002,0.0202167,0,-6.46973,0.0305493,0.0213971,7,drone1
-0.456942,-0.255405,1.56196,5.3252,0.051862,0.405384,88.1188,-0.0518607,-0.405385,0.29259,0.0348076,0,-4.30802,0.0679151,-0.0374716,7,drone1
-0.465694,-0.24966,1.56038,5.65104,0.383926,0.0132739,87.6882,-0.383926,-0.0132742,0.285244,0.0366992,0,-4.9043,0.122155,-0.0788357,7,drone1
-0.471495,-0.249018,1.54905,5.91017,0.506637,-0.752989,87.2043,-0.506593,0.753019,0.280329,0.040301,0,-5.00772,0.149116,-0.169795,7,drone1
-0.470294,-0.248901,1.5315,6.12184,0.257835,-1.42203,86.7027,-0.257756,1.42204,0.277053,0.033377,0,-3.61918,0.115137,-0.227918,7,drone1
-0.47519,-0.2456,1.51981,6.2811,0.490828,-1.86248,86.3494,-0.490569,1.86255,0.270256,0.0286317,0,-3.02518,0.141986,-0.280336,7,drone1
-0.481888,-0.244863,1.52015,6.47061,0.870273,-2.28762,86.064,-0.86958,2.28789,0.266441,0.0214302,0,-2.56277,0.18745,-0.336401,7,drone1
-0.484109,-0.242867,1.52647,6.73174,1.2009,-2.45387,85.8215,-1.1998,2.4544,0.259654,0.0169686,0,-2.37378,0.143688,-0.316879,7,drone1
-0.470284,-0.229849,1.53551,6.95336,0.392327,-1.86182,85.5429,-0.39212,1.86186,0.242495,0.0294398,0,-2.28592,-0.0464028,-0.193735,7,drone1
-0.460626,-0.216444,1.54086,7.13075,-0.379419,-0.841818,85.2951,0.379378,0.841836,0.233658,0.0417351,0,-1.87283,0.044534,-0.196061,7,drone1
-0.458615,-0.195361,1.54587,7.22013,-0.79092,0.100535,85.1137,0.790919,-0.100545,0.209304,0.0423226,0,-1.83454,-0.0901041,-0.0215858,7,drone1
-0.465021,-0.169635,1.55828,7.27979,-0.751379,1.19092,84.9443,0.751217,-1.19102,0.183609,0.036431,0,-1.63226,-0.081231,0.115635,7,drone1
-0.4669,-0.144889,1.55581,7.29193,-0.689129,1.73732,84.7857,0.688812,-1.73744,0.160144,0.0363965,0,-1.64647,-0.0612887,0.19572,7,drone1
-0.464027,-0.124053,1.54761,7.23332,-0.985875,1.41974,84.6233,0.985572,-1.41995,0.140337,0.0430882,0,-1.28467,-0.0225876,0.0782681,7,drone1
-0.463781,-0.102632,1.54324,7.28876,-0.687327,0.916065,84.4811,0.687239,-0.916131,0.118605,0.0417875,0,-1.73635,-0.143122,0.135687,7,drone1
-0.458509,-0.0833332,1.54735,7.31278,-0.664706,0.331791,84.2992,0.664695,-0.331813,0.0962816,0.0484102,0,-1.40481,-0.139028,0.0574733,7,drone1
-0.450637,-0.0676095,1.55609,7.32424,-1.26279,-0.194543,84.1498,1.26278,0.19459,0.0803426,0.0572098,0,-1.26106,-0.214446,-0.00828045,7,drone1
-0.451529,-0.0488184,1.55113,7.30421,-1.51141,-0.0437527,84.025,1.51141,0.0437679,0.0643561,0.0570241,0,-1.29251,-0.241173,0.0109818,7,drone1
-0.462266,-0.032659,1.54371,7.26505,-1.29321,0.283069,83.9011,1.29319,-0.283141,0.0489674,0.0467204,0,-1.18115,-0.207027,0.049897,7,drone1
-0.476994,-0.0127536,1.5452,7.2061,-0.670278,0.54173,83.781,0.670248,-0.541767,0.0270429,0.0339218,0,-1.09632,-0.156338,0.113346,7,drone1
-0.500155,0.00723286,1.54855,7.15546,0.463037,1.23578,83.6533,-0.462929,-1.23582,0.0107803,0.00945108,0,-0.926101,0.0268058,0.154761,7,drone1
-0.527199,0.0176621,1.55292,7.17012,1.67605,1.63335,83.5216,-1.67537,-1.63405,-0.00238797,-0.0146505,0,-0.992401,0.153021,0.229781,7,drone1
-0.556477,0.023424,1.56864,7.19977,2.65403,1.81643,83.3822,-2.6527,-1.81838,0.00495661,-0.0193003,0,-0.923711,0.141212,0.0769009,7,drone1
-0.580674,0.0239516,1.57888,7.28952,2.97457,1.68335,83.2852,-2.97329,-1.68562,-0.00867028,-0.0658419,0,-1.07231,0.328608,0.223801,7,drone1
-0.591427,0.0252913,1.57446,7.40427,2.3985,1.38409,83.2004,-2.39779,-1.38531,-0.0126344,-0.0771177,0,-0.956783,0.231301,0.219517,7,drone1
-0.599323,0.0262377,1.57362,7.58196,1.91704,1.25227,83.1156,-1.91658,-1.25297,-0.00856456,-0.106647,0,-0.925633,0.781198,0.868368,7,drone1
-0.594883,0.0240799,1.57864,7.71568,1.37792,1.04004,82.9839,-1.3777,-1.04034,-0.0107391,-0.0854302,0,-0.54198,0.169608,0.122077,7,drone1
-0.580861,0.0218194,1.5847,7.83837,0.31255,0.756777,82.9467,-0.312522,-0.756788,-0.0129711,-0.0723996,0,-0.343077,0.029154,0.0918998,7,drone1
-0.562596,0.0212183,1.58955,7.98793,-0.695687,0.39776,82.92,0.69567,-0.397789,-0.000202064,-0.0609289,0,-0.234481,0.349848,-0.380915,7,drone1
-0.538687,0.0234741,1.59117,7.97796,-2.06997,0.0901486,82.8616,2.06997,-0.0902074,-0.00890337,-0.0279518,0,-0.794176,-0.303128,0.0190452,7,drone1
-0.513845,0.0199694,1.58662,7.78824,-3.23421,-0.432021,82.7489,3.23412,0.43271,-0.0854657,0.0131809,0,2.21943,-0.449021,-0.0408855,7,drone1
-0.499308,0.0128809,1.58264,7.571,-3.23809,-0.446711,82.9745,3.23799,0.447426,-0.0663161,0.0285818,0,1.58744,-0.421183,-0.0467342,7,drone1
-0.500013,0.000674086,1.5899,7.35096,-1.94602,-0.230592,83.1563,1.946,0.230725,0.00166258,0.00373767,0,1.08717,-0.444601,-0.953073,7,drone1
-0.508644,-0.010732,1.60042,7.10986,-0.384638,-0.208904,83.3142,0.384635,0.208909,-0.0405727,-0.0168454,0,3.72235,-0.0442479,-0.0520634,7,drone1
-0.520965,-0.0196232,1.59974,6.79746,1.07244,-0.476075,83.6968,-1.07241,0.476158,0.0235067,-0.087262,0,5.04953,0.12843,-0.0913274,7,drone1
-0.536194,-0.0297235,1.59101,6.47588,2.15031,-0.327003,84.2054,-2.15027,0.327233,0.0496101,-0.0252415,0,-1.4205,0.277277,-0.0911239,7,drone1
-0.557576,-0.0400556,1.5801,6.17381,3.57491,-0.430588,84.075,-3.57481,0.431427,0.0766514,-0.0396009,0,-2.0957,0.413417,-0.104552,7,drone1
-0.570993,-0.0377109,1.5824,5.89115,3.94443,-0.388553,83.861,-3.94434,0.389475,0.0832613,-0.049914,0,-2.50104,0.46452,-0.116007,7,drone1
-0.564201,-0.0302468,1.59167,5.67115,2.77423,-0.362594,83.5971,-2.77418,0.363019,0.0522151,-0.0530638,0,-0.376659,0.344278,-0.114716,7,drone1
-0.537883,-0.0199475,1.5933,5.53857,0.500356,-0.420053,83.5308,-0.500342,0.420069,0.051841,-0.0283308,0,-0.263961,-1.07549,-0.507681,7,drone1
-0.505992,-0.0107089,1.58836,5.40791,-1.9219,-0.714205,83.3815,1.92175,0.714607,0.204603,-0.0687782,0,-8.22378,-0.178094,-0.056367,7,drone1
-0.485902,-0.00719224,1.58925,5.32456,-2.97387,-1.186,82.5213,2.97323,1.1876,0.185515,-0.0611818,0,-7.27005,-0.205668,0.541163,7,drone1
-0.481539,0.00810998,1.58142,5.26805,-2.37099,-0.870811,81.8174,2.37071,0.871557,0.0763086,0.000544234,0,-1.14267,-0.163371,-0.0891254,7,drone1
-0.486644,0.0324662,1.55715,5.24546,-1.20301,0.342387,81.7449,1.20298,-0.342462,0.111388,-0.0201082,0,-3.85784,-0.111575,0.0635913,7,drone1
-0.494801,0.0601808,1.53969,5.23766,-0.144462,1.33886,81.3551,0.144423,-1.33886,0.0850047,-0.0181095,0,-3.17096,0.417156,0.129643,7,drone1
-0.507709,0.0777026,1.53395,5.26788,0.751809,1.3046,81.0145,-0.751614,-1.30472,0.0648921,-0.0215043,0,-2.52309,0.965548,-0.286925,7,drone1
-0.522801,0.0972876,1.52824,5.35907,1.32729,0.938727,80.738,-1.32711,-0.938979,0.0205478,0.0265252,0,-5.41565,0.295783,0.0324845,7,drone1
-0.535669,0.121825,1.52961,5.42456,1.24607,1.34455,80.1881,-1.24572,-1.34487,-0.0124757,0.011264,0,-4.97742,-0.018593,0.0889958,7,drone1
-0.543987,0.149025,1.53694,5.49183,0.736232,2.15275,79.6919,-0.735713,-2.15292,-0.0532152,-0.00647772,0,-2.97076,-0.0966097,0.129212,7,drone1
-0.54596,0.181121,1.54373,5.57416,0.137861,3.19935,79.4143,-0.137646,-3.19936,-0.144615,0.00142061,0,-1.07834,-0.0438209,0.252021,7,drone1
-0.535784,0.201036,1.54643,5.66295,-0.967375,3.77342,79.3749,0.965277,-3.77395,-0.185767,-0.0279116,0,2.62775,-0.103394,0.341635,7,drone1
-0.53009,0.211476,1.55029,5.79904,-1.26638,3.70968,79.6583,1.26372,-3.71059,-0.206323,-0.042257,0,4.07791,-0.149994,0.338971,7,drone1
-0.527485,0.212843,1.54893,5.95473,-0.832094,2.93574,80.0284,0.831002,-2.93605,-0.212686,-0.0393892,0,3.82525,-0.215025,0.225858,7,drone1
-0.529494,0.204265,1.56007,6.1847,-0.506759,1.26243,80.3807,0.506636,-1.26248,-0.200721,-0.0182446,0,3.58594,-0.862649,1.02646,7,drone1
-0.545454,0.19567,1.56935,6.32839,0.445925,0.00408793,80.7516,-0.445925,-0.00408805,-0.218475,-0.0359957,0,4.2951,-0.0381943,-0.0238131,7,drone1
-0.559967,0.186688,1.56774,6.36172,1.06703,-0.760229,81.1953,-1.06694,0.760361,-0.212894,-0.0551099,0,4.44452,0.00970906,-0.119607,7,drone1
-0.574834,0.17632,1.55552,6.402,1.73314,-1.06475,81.658,-1.73284,1.06523,-0.214942,-0.0710104,0,4.60452,0.115862,-0.14208,7,drone1
-0.588461,0.164853,1.54595,6.53183,2.35553,-0.674283,82.1143,-2.35537,0.674854,-0.19657,-0.104381,0,3.68283,0.127771,-0.170873,7,drone1
-0.603482,0.162362,1.54758,6.56798,2.89843,0.539642,82.4282,-2.89831,-0.540333,-0.194143,-0.118032,0,3.21914,0.208618,-0.0293102,7,drone1
-0.60611,0.16454,1.54145,6.53422,2.65761,1.6619,82.7009,-2.65649,-1.66369,-0.185063,-0.103026,0,2.95393,0.0916899,-1.21126,7,drone1
-0.592183,0.161741,1.52552,6.54529,1.2961,1.80771,83.0565,-1.29546,-1.80818,-0.173738,-0.0966971,0,1.08411,0.0254854,0.131446,7,drone1
-0.574092,0.148088,1.52025,6.46919,0.103814,1.05352,83.2047,-0.103796,-1.05352,-0.159371,-0.0585758,0,0.792703,-0.0243147,0.136524,7,drone1
-0.552324,0.130444,1.51019,6.43461,-0.734922,-0.0839251,83.286,0.734921,0.0839321,-0.116458,-0.0421705,0,-1.11021,-0.209259,-0.0743387,7,drone1
-0.533195,0.11634,1.50194,6.31315,-1.16933,-0.874772,83.156,1.16919,0.874954,-0.123717,-0.0224235,0,0.75101,-0.168294,-0.0682717,7,drone1
-0.521888,0.107251,1.49964,6.14299,-1.27837,-0.740493,83.2346,1.27826,0.740677,-0.121747,-0.0167168,0,0.719802,0.231976,0.252072,7,drone1
-0.521199,0.103152,1.50223,6.04044,-0.900764,0.241473,83.3347,0.900756,-0.241503,-0.103841,-0.0168639,0,0.493822,-0.136073,-0.0252352,7,drone1
-0.523216,0.094921,1.51926,5.89775,-0.0433717,0.899082,83.3829,0.0433663,-0.899082,-0.0944793,-0.0197316,0,0.426268,-0.0416706,-0.00629042,7,drone1
-0.5232,0.0846159,1.52451,5.82813,-0.00150839,0.902784,83.4251,0.00150821,-0.902784,-0.0806005,-0.02184,0,0.348249,-0.0422506,-0.0121394,7,drone1
-0.529295,0.0723883,1.52787,5.755,0.193038,0.624934,83.458,-0.193027,-0.624938,-0.0641725,-0.0281596,0,0.166661,-0.0230683,-0.0444105,7,drone1
-0.538449,0.0641591,1.53414,5.7018,0.326399,0.582905,83.4742,-0.326382,-0.582914,-0.0520388,-0.0367871,0,-0.0388247,-0.00457794,-0.0506917,7,drone1
-0.549577,0.053995,1.54572,5.64705,0.329241,0.46745,83.4685,-0.32923,-0.467458,-0.0390729,-0.0472561,0,-0.155651,0.00269905,-0.0628566,7,drone1
-0.569314,0.0473816,1.5529,5.63089,0.996933,0.246053,83.4501,-0.996924,-0.24609,-0.0328307,-0.0613296,0,-0.170012,-0.00918148,-0.0685874,7,drone1
-0.58819,0.0366655,1.55362,5.64447,2.06114,-0.231777,83.4443,-2.06112,0.231927,-0.0151859,-0.0904114,0,-0.320062,0.278421,-0.160045,7,drone1
-0.599616,0.02737,1.55531,5.68594,2.38501,-0.197465,83.3989,-2.38499,0.197636,-0.00621046,-0.0992575,0,-0.0247502,0.414136,-0.0774437,7,drone1
-0.594421,0.0126846,1.54861,5.75373,2.02855,-0.738533,83.3746,-2.02838,0.738996,0.03181,-0.0866435,0,-1.11345,0.428767,-0.0579308,7,drone1
-0.574539,-0.00567966,1.53558,5.72098,0.752913,-1.66062,83.2508,-0.752597,1.66077,0.0333688,-0.0659518,0,-0.659691,0.233646,-0.261462,7,drone1
-0.552031,-0.0158833,1.52354,5.6547,-0.554343,-1.91536,83.1357,0.554034,1.91545,0.0367028,-0.0486009,0,0.181039,0.118018,-0.269662,7,drone1
-0.525352,-0.0248886,1.53018,5.54948,-1.90556,-2.01937,83.1216,1.90437,2.02049,0.0308849,-0.024053,0,1.79068,-0.056731,-0.38793,7,drone1
-0.499125,-0.0409435,1.53793,5.4634,-2.70508,-2.44125,83.2568,2.70262,2.44397,0.0679153,0.00378409,0,-0.31013,-0.01966,-0.236241,7,drone1
-0.485958,-0.0557029,1.54101,5.4121,-2.59121,-2.55891,83.2173,2.58863,2.56152,0.0798945,0.0162751,0,0.0524896,0.015398,-0.24603,7,drone1
-0.485836,-0.0620686,1.54251,5.44715,-1.52966,-2.03716,83.3038,1.52869,2.03789,0.0854033,0.0209042,0,0.296519,0.196915,-0.135805,7,drone1
-0.488551,-0.0632588,1.54317,5.456,-0.756481,-1.47968,83.3768,0.756229,1.47981,0.0961264,0.021886,0,-0.375416,0.301602,-0.0845874,7,drone1
-0.499111,-0.0600959,1.5445,5.51471,0.150168,-1.30882,83.3508,-0.150129,1.30883,0.0772388,0.00603408,0,0.741446,0.326359,-0.217606,7,drone1
-0.49875,-0.0515311,1.54084,5.53964,0.318405,-0.776112,83.4355,-0.318376,0.776124,0.0625937,6.2893e-05,0,0.57123,0.999477,0.0257013,7,drone1
-0.487533,-0.0464084,1.54976,5.47246,-0.464585,-0.609436,83.5414,0.464559,0.609456,0.0659359,0.0142706,0,0.816113,0.451368,-0.0143376,7,drone1
-0.477644,-0.0468693,1.56707,5.41699,-1.12418,-0.667014,83.6266,1.1241,0.667143,0.0757053,0.0303643,0,-0.0555833,0.404882,-0.0647421,7,drone1
-0.47368,-0.051992,1.56166,5.21419,-0.962774,-1.17249,83.5786,0.962572,1.17266,0.0916234,0.0369567,0,-0.284332,0.510892,-0.049314,7,drone1
-0.472958,-0.0543777,1.55381,5.00525,-0.675956,-1.1474,83.526,0.67582,1.14748,0.0735359,0.0361204,0,-0.209731,0.0928263,-0.571454,7,drone1
-0.470156,-0.0589224,1.55076,4.72686,-0.339837,-0.845652,83.473,0.3398,0.845667,0.0922443,0.0333957,0,1.09531,0.66446,-0.095737,7,drone1
-0.467058,-0.0710873,1.54928,4.37824,-0.386598,-1.23641,83.5981,0.386508,1.23644,0.118469,0.0407352,0,0.473446,0.735406,-0.115386,7,drone1
-0.465552,-0.0776141,1.55615,4.07856,-0.422675,-1.45986,83.6838,0.422537,1.4599,0.13023,0.0500592,0,0.493202,0.860881,-0.0576477,7,drone1
-0.466012,-0.077599,1.5728,3.75561,-0.474341,-1.36994,83.7826,0.474205,1.36999,0.121336,0.0405638,0,1.57779,0.911269,-0.124739,7,drone1
-0.46918,-0.0753704,1.58091,3.38328,-0.383403,-1.20051,83.9685,0.383319,1.20054,0.121797,0.0381868,0,1.84123,1.01657,-0.111854,7,drone1
-0.481626,-0.0730309,1.57821,3.00541,0.361762,-1.22636,84.1948,-0.36168,1.22639,0.125949,0.0254339,0,1.82997,1.1594,-0.110506,7,drone1
-0.498818,-0.06416,1.57369,2.55711,1.08264,-1.00271,84.4228,-1.08247,1.00289,0.107256,0.0107677,0,1.73359,1.48301,-0.756245,7,drone1
-0.51702,-0.0517952,1.56739,2.13109,1.50334,-0.658594,84.6608,-1.50324,0.658821,0.119997,-0.0169214,0,1.57739,1.38481,-0.164604,7,drone1
-0.529694,-0.0457225,1.5634,1.61717,1.5955,-0.571562,84.8698,-1.59542,0.571784,0.120048,-0.0197183,0,1.84568,1.49713,-0.0503254,7,drone1
-0.53822,-0.0374072,1.56723,0.989781,1.58395,-0.477696,85.1047,-1.5839,0.477878,0.108211,-0.0192089,0,2.19708,1.16776,0.279222,7,drone1
-0.545152,-0.0325503,1.57446,0.393806,1.38533,-0.720828,85.3596,-1.38522,0.721038,0.110112,-0.0338251,0,2.9946,1.66868,-0.0519986,7,drone1
-0.540448,-0.0257878,1.59222,-0.0976542,0.711465,-0.435367,85.6903,-0.711444,0.435401,0.100821,-0.0194576,0,2.73275,0.791729,-0.374188,7,drone1
-0.528942,-0.0249749,1.60576,-0.471145,-0.487729,-0.618043,85.9664,0.4877,0.618066,0.106603,-0.0210377,0,3.68061,1.94941,-0.0743736,7,drone1
-0.518456,-0.0291933,1.62107,-0.843599,-1.17795,-1.27307,86.3619,1.17766,1.27334,0.116291,-0.0123117,0,3.51088,2.10942,-0.114926,7,drone1
-0.517491,-0.0343782,1.63671,-1.211,-0.913821,-1.62422,86.7717,0.913453,1.62443,0.113226,-0.00882199,0,4.43846,2.29864,-0.063299,7,drone1
-0.526287,-0.0354872,1.64277,-1.55352,-0.227043,-1.55075,87.2912,0.22696,1.55076,0.122046,-0.013782,0,3.52959,2.18779,-0.071431,7,drone1
-0.535343,-0.0254461,1.63623,-1.8744,0.713679,-0.995122,87.7249,-0.713571,0.995199,0.107523,-0.0243839,0,3.4586,2.02065,-0.0789301,7,drone1
-0.526087,-0.010488,1.62104,-2.16385,0.49598,-0.297858,88.1156,-0.495973,0.297869,0.0931143,-0.0194729,0,2.93137,1.89423,-0.0781998,7,drone1
-0.51622,0.00533468,1.6079,-2.42555,0.237613,0.112373,88.4616,-0.237612,-0.112374,0.0613118,-0.00580989,0,3.48822,1.68584,-0.134268,7,drone1
-0.501448,0.0118404,1.599,-2.68691,-0.340341,-0.104691,88.8489,0.34034,0.104693,0.0588863,0.00586128,0,2.64063,1.56989,-0.173988,7,drone1
-0.481372,0.0200426,1.58916,-2.82948,-1.45706,-0.0128741,89.1567,1.45706,0.0128783,0.0582723,0.0196232,0,1.75241,1.59603,-0.131236,7,drone1
-0.463523,0.0346619,1.58442,-2.81785,-2.17003,0.547053,89.415,2.16993,-0.547446,0.0396864,0.0364544,0,1.49828,1.52632,-0.150989,7,drone1
-0.455043,0.0533228,1.58335,-2.77435,-2.25217,1.23511,89.6571,2.25164,-1.23607,-0.00327175,0.0480814,0,2.48879,1.36526,-0.205718,7,drone1
-0.461224,0.0746943,1.58288,-2.82522,-1.67263,1.84701,89.9468,1.67176,-1.8478,-0.0359309,0.0397606,0,2.76953,1.25804,-0.223529,7,drone1
-0.477146,0.0930424,1.57417,-2.81847,-1.1388,2.38917,90.2452,1.13781,-2.38964,-0.0690687,0.0204476,0,3.65418,1.03853,-0.286052,7,drone1
-0.498695,0.110028,1.56161,-2.7792,-0.124447,2.81905,90.5845,0.124296,-2.81906,-0.0664632,0.00788542,0,1.8295,0.936715,-0.291914,7,drone1
-0.5164,0.116427,1.54521,-2.74236,0.447529,2.53325,90.766,-0.447092,-2.53332,-0.0267615,-0.0338247,0,-2.24304,0.885235,-0.178334,7,drone1
-0.533333,0.113839,1.53609,-2.68817,1.16876,1.46874,90.5139,-1.16838,-1.46905,-0.037361,-0.0471508,0,-1.09576,0.778986,-0.140293,7,drone1
-0.541779,0.112336,1.52828,-2.50666,1.3789,0.878548,90.3875,-1.37874,-0.878803,-0.0455729,-0.0422405,0,-0.332205,0.698406,-0.126184,7,drone1
-0.547134,0.103751,1.52299,-2.30404,1.44462,-0.262511,90.3368,-1.44461,0.262594,-0.0225665,-0.0256444,0,-1.8166,0.550926,-0.0740114,7,drone1
-0.545808,0.0963641,1.52327,-2.26593,1.3102,-1.07661,90.1648,-1.30997,1.07689,-0.0311398,-0.0266363,0,-0.771742,0.51607,-0.0423582,7,drone1
-0.534891,0.088453,1.51416,-2.1924,0.548585,-1.18726,90.0586,-0.548467,1.18732,-0.0568716,-0.023648,0,1.75608,0.590541,-0.0521881,7,drone1
-0.514726,0.078746,1.49891,-2.18332,-0.617085,-0.757641,90.2244,0.617031,0.757684,-0.066961,-0.000686113,0,2.76692,0.500642,-0.0275324,7,drone1
-0.488321,0.0751715,1.49393,-2.24877,-1.58539,-0.0991869,90.511,1.58538,0.0992248,-0.069665,0.0260225,0,2.81808,0.44318,0.0132801,7,drone1
-0.461433,0.0627233,1.50227,-2.29109,-2.60106,-0.0355313,90.7974,2.60106,0.035568,-0.0518754,0.0434663,0,1.90329,0.507686,-0.0776033,7,drone1
-0.440522,0.0582895,1.51302,-2.27944,-3.5484,0.202319,91.0087,3.54838,-0.202708,-0.0312673,0.0522038,0,0.400244,0.495371,-0.00652855,7,drone1
-0.425477,0.0597347,1.52179,-2.19344,-3.49117,0.873151,91.1131,3.49076,-0.874774,-0.0323438,0.0684579,0,0.316736,0.457716,-0.0821627,7,drone1
-0.423293,0.0580987,1.52523,-2.03545,-2.50525,1.1279,91.1654,2.50477,-1.12897,-0.0270438,0.0805834,0,0.0472934,0.386671,-0.090198,7,drone1
-0.419797,0.0548473,1.53434,-1.8832,-1.79015,0.714854,91.1784,1.79001,-0.715203,-0.017796,0.0894674,0,-0.820494,0.322073,-0.0559532,7,drone1
-0.414393,0.0495269,1.54512,-1.75293,-2.07546,0.232883,91.0761,2.07544,-0.233036,-0.0166096,0.0993899,0,-0.652819,0.323164,-0.0738191,7,drone1
-0.417575,0.0336347,1.54362,-1.56121,-2.03913,-0.588802,90.9735,2.03902,0.589175,-0.0240573,0.0937521,0,0.82807,0.311695,0.010699,7,drone1
-0.433452,0.0140196,1.53608,-1.31121,-1.10778,-1.29053,91.058,1.1075,1.29077,0.0025956,0.079271,0,0.186836,0.258442,-0.00503108,7,drone1
-0.447148,-0.00213019,1.53434,-1.06593,-0.504164,-1.54463,91.1013,0.503981,1.54469,0.0269733,0.0620247,0,-0.595258,0.233862,0.0364267,7,drone1
-0.462728,-0.0202757,1.54495,-0.800318,-0.254387,-1.7797,91.0429,0.254265,1.77972,0.0488172,0.0392845,0,-1.5699,0.480735,0.546174,7,drone1
-0.482094,-0.0304808,1.5492,-0.610439,0.169825,-1.84403,90.8834,-0.169737,1.84404,0.055694,0.0252656,0,-0.956034,0.235011,0.0198751,7,drone1
-0.5001,-0.041245,1.55057,-0.474869,0.558106,-2.00629,90.7991,-0.557764,2.00638,0.06617,0.012451,0,-0.989176,0.225741,-0.0131637,7,drone1
-0.519908,-0.0485692,1.54685,-0.533978,1.10965,-2.3388,90.7233,-1.10872,2.33924,0.0817327,-0.00948576,0,-1.22118,0.207556,-0.0242696,7,drone1
-0.531819,-0.0479217,1.53714,-0.524302,1.45012,-2.59599,90.6198,-1.44863,2.59682,0.0803954,-0.018945,0,-1.20197,0.222408,-0.0116787,7,drone1
-0.541061,-0.032407,1.5293,-0.455295,1.59955,-1.94436,90.4862,-1.59863,1.94512,0.0597755,-0.0307842,0,-0.731455,0.228658,-0.0244002,7,drone1
-0.546809,-0.00533631,1.54108,-0.189864,1.69745,-0.468473,90.3691,-1.69739,0.468679,0.0333639,-0.0377409,0,-0.90157,0.263321,-0.00441931,7,drone1
-0.551406,0.027566,1.5492,0.156678,1.4487,1.36052,90.2269,-1.4483,-1.36095,0.000193915,-0.0410619,0,-1.16563,0.261323,-0.0372386,7,drone1
-0.549507,0.0520088,1.55037,0.48341,0.711723,2.34816,90.1126,-0.711125,-2.34834,-0.0175056,-0.0246047,0,-2.41947,0.285099,-0.0124036,7,drone1
-0.539856,0.0651314,1.54587,0.774139,-0.343643,2.68702,89.9143,0.343265,-2.68707,-0.0342168,-0.0240079,0,-1.86249,0.292033,-0.0136332,7,drone1
-0.527421,0.0639334,1.53563,0.948218,-1.06081,1.95021,89.7457,1.0602,-1.95055,-0.0404735,-0.0122,0,-0.973477,0.270138,-0.0164032,7,drone1
-0.513006,0.0598476,1.52979,1.13819,-1.84495,1.02078,89.6415,1.84465,-1.02131,-0.0290903,-0.00102621,0,-1.4934,0.25692,-0.0248961,7,drone1
-0.505429,0.0542886,1.52449,1.47045,-2.11869,0.487231,89.475,2.11861,-0.487564,-0.0193892,0.00457127,0,-1.96638,0.253144,-0.0323166,7,drone1
-0.505084,0.0448236,1.51553,1.71387,-1.88445,-0.081589,89.256,1.88445,0.0816332,-0.00848502,0.00412559,0,-2.11029,0.266888,-0.0489305,7,drone1
-0.506966,0.0301054,1.51141,1.86819,-1.45996,-1.15697,89.0165,1.45966,1.15735,0.00690074,0.00194641,0,-2.08367,0.292027,-0.0866495,7,drone1
-0.521013,0.0145411,1.50158,2.01009,-0.562863,-2.17814,88.8139,0.562457,2.17825,0.0205336,-0.0114973,0,-1.88549,0.339926,-0.130082,7,drone1
-0.540184,-0.0010973,1.49356,2.04413,0.910596,-2.49269,88.6829,-0.909734,2.493,0.0346764,-0.0294368,0,-1.55822,0.408612,-0.146933,7,drone1
-0.546203,-0.00968175,1.49496,2.05976,1.25728,-2.32594,88.5325,-1.25625,2.3265,0.0431863,-0.0349631,0,-1.35291,0.439302,-0.145475,7,drone1
-0.54348,-0.0148656,1.4994,2.05135,1.24281,-1.90699,88.3798,-1.24212,1.90743,0.0488425,-0.0320053,0,-1.18158,0.458015,-0.133974,7,drone1
-0.532897,-0.0240379,1.50756,1.98753,0.709345,-1.67699,88.2317,-0.709041,1.67712,0.0287054,-0.0307073,0,-0.935534,1.45395,0.125534,7,drone1
-0.525887,-0.0373428,1.51688,2.01247,0.259417,-1.93401,88.0464,-0.25927,1.93403,0.0766684,-0.0190239,0,-0.831499,0.595789,0.0227004,7,drone1
-0.523909,-0.043646,1.53639,1.97386,-0.0186848,-2.03717,87.9347,0.018673,2.03717,0.0917001,-0.00460124,0,-1.49319,0.583525,-0.0215439,7,drone1
-0.518689,-0.0401571,1.55848,1.92724,-0.451887,-1.59916,87.7624,0.451711,1.59921,0.0967086,-0.00234033,0,-1.7186,0.576921,-0.0119935,7,drone1
-0.516184,-0.0263366,1.58323,1.9615,-0.419667,-0.60001,87.5893,0.419644,0.600026,0.0725689,-0.00759791,0,-0.715712,0.604395,0.00857204,7,drone1
-0.514138,-0.0157385,1.60719,2.07995,-0.294434,0.163869,87.5009,0.294433,-0.163871,0.067114,-0.00744406,0,-1.04788,0.62519,-0.015492,7,drone1
-0.517597,-0.00335782,1.61574,2.1212,0.17122,0.363107,87.3769,-0.171217,-0.363109,0.0407956,-0.0146413,0,0.225959,0.691657,0.063281,7,drone1
-0.517081,0.0101692,1.62301,2.09071,0.4448,0.559323,87.4467,-0.444778,-0.55934,0.0530816,-0.00145849,0,-1.80547,0.737563,0.100278,7,drone1
-0.508766,0.0219883,1.63802,2.14777,0.185808,0.894069,87.2529,-0.185785,-0.894074,0.0342249,0.00498844,0,-1.09416,0.762468,0.0556837,7,drone1
-0.500034,0.0359914,1.62936,2.2023,-0.521644,0.842022,87.1301,0.521587,-0.842057,0.0111353,0.00948056,0,-0.231957,0.772909,0.0412204,7,drone1
-0.492996,0.044926,1.6072,2.33672,-1.3711,0.510706,87.0538,1.37105,-0.510853,0.00192926,0.0159896,0,-0.177073,0.777269,0.0272617,7,drone1
-0.495545,0.0588602,1.57825,2.47444,-1.44558,0.628417,86.9777,1.4455,-0.628617,-0.0107991,0.0133189,0,-0.22319,0.814361,0.0318891,7,drone1
-0.501836,0.0753224,1.54902,2.50969,-0.892617,1.13751,86.8951,0.892441,-1.13765,-0.00586139,0.0114435,0,-0.400337,0.260041,0.280822,7,drone1
-0.507163,0.0898935,1.53524,2.53848,-0.527488,1.1855,86.8329,0.527375,-1.18555,-0.0386255,0.00137088,0,-0.145178,0.949455,0.04991,7,drone1
-0.517875,0.0892308,1.5441,2.58147,0.146183,0.551411,86.7244,-0.146176,-0.551413,-0.0352757,-0.00778302,0,-0.0925478,1.05581,-0.0259227,7,drone1
-0.528875,0.0759925,1.5567,2.61642,0.837166,-0.791405,86.6314,-0.837086,0.79149,-0.0242464,-0.0220797,0,0.173391,1.08645,-0.00782156,7,drone1
-0.535431,0.0624288,1.55599,2.59243,1.17614,-1.93746,86.7696,-1.17547,1.93787,0.00396999,-0.00665385,0,0.0201172,0.284131,-0.769679,7,drone1
-0.531887,0.0512407,1.54201,2.5656,0.447519,-2.3814,86.6664,-0.447133,2.38147,0.0137862,-0.0261418,0,-0.463188,1.08979,-0.0622804,7,drone1
-0.52937,0.0469082,1.53721,2.57291,-0.135564,-2.49289,86.5233,0.135436,2.4929,0.00165705,-0.0193625,0,1.94241,1.15564,-0.240382,7,drone1
-0.536148,0.0457239,1.54417,2.59606,0.13574,-2.41347,86.762,-0.13562,2.41347,0.00583861,-0.0347881,0,0.624699,1.21738,-0.100604,7,drone1
-0.54873,0.053166,1.54981,2.45345,0.851336,-1.74762,86.9194,-0.85094,1.74781,-0.00607348,-0.0180364,0,0.610007,0.838282,0.715706,7,drone1
-0.55386,0.071389,1.53685,2.29787,0.690222,-0.338517,87.0237,-0.69021,0.338542,-0.0197645,-0.046151,0,0.995862,1.39841,-0.023845,7,drone1
-0.549208,0.0914187,1.53196,2.15332,0.417435,1.19636,87.1826,-0.417344,-1.19639,-0.0430722,-0.0320144,0,1.1978,1.41995,0.0242572,7,drone1
-0.540918,0.0980696,1.5426,1.95372,-0.11825,1.84364,87.3809,0.118189,-1.84365,-0.0498049,-0.0375162,0,1.50853,1.5455,0.0352455,7,drone1
-0.535479,0.0900925,1.56068,1.68729,-0.363525,1.49828,87.6027,0.363401,-1.49831,-0.040831,-0.0357456,0,1.74639,1.68355,0.00875358,7,drone1
-0.545071,0.0760838,1.57283,1.51293,0.543934,0.534865,87.8306,-0.54391,-0.534889,0.00379743,-0.0442619,0,-0.394663,1.7422,0.0335155,7,drone1
-0.547326,0.0647441,1.57227,1.30791,1.03375,0.0632234,87.6559,-1.03375,-0.0632337,0.0285287,-0.0468438,0,-0.844712,1.85761,0.0319942,7,drone1
-0.534329,0.0541776,1.56634,1.07392,0.469558,-0.369623,87.456,-0.469548,0.369636,0.0420041,-0.0334099,0,-0.473415,1.907,0.00690175,7,drone1
-0.51268,0.0452124,1.56483,0.899804,-0.455199,-0.787358,87.2503,0.455156,0.787383,0.0480723,-0.00480484,0,0.532846,2.0393,-0.0352122,7,drone1
-0.491569,0.0268353,1.5698,0.74472,-1.39858,-1.67585,87.4264,1.39798,1.67635,0.0695829,0.0188556,0,0.458554,2.14722,-0.0430236,7,drone1
-0.480859,0.0134142,1.57774,0.592885,-1.52642,-2.48429,87.6207,1.52499,2.48517,0.077036,0.0300263,0,0.634084,2.10088,-0.0401343,7,drone1
-0.476687,0.00440005,1.58286,0.458871,-1.26152,-2.77288,87.8453,1.26004,2.77355,0.0790267,0.0334345,0,0.726518,1.9577,-0.0508607,7,drone1
-0.479405,-0.000972001,1.57576,0.303357,-0.852109,-2.78689,88.0738,0.851101,2.7872,0.0809852,0.0312822,0,0.762158,1.88799,-0.0412123,7,drone1
-0.481974,0.00699461,1.57028,0.175363,-0.483276,-1.94704,88.3024,0.482997,1.94711,0.0652301,0.0255975,0,1.11444,1.78577,-0.0478624,7,drone1
-0.491396,0.0196138,1.56748,0.0968251,0.291254,-0.862984,88.5337,-0.291221,0.862995,0.049153,0.016399,0,0.984177,1.6991,-0.0348861,7,drone1
-0.503852,0.032108,1.55916,0.021347,0.760312,0.130769,88.724,-0.76031,-0.130781,0.0394264,0.00535018,0,0.525863,1.6383,-0.0130515,7,drone1
-0.511361,0.0376784,1.56027,-0.0236496,0.874433,0.46524,88.8907,-0.874404,-0.465294,0.0314406,-0.00184484,0,0.337231,1.53193,-0.0142958,7,drone1
-0.508185,0.0282338,1.56826,-0.0223123,0.429951,-0.213241,89.0562,-0.429948,0.213247,0.0384468,0.00141511,0,0.181607,1.4578,-0.00997175,7,drone1
-0.50013,0.0162946,1.55858,-0.0597767,-0.119514,-0.903122,89.1996,0.119499,0.903124,0.0487281,0.00934972,0,0.0756624,1.41067,0.0012709,7,drone1
-0.489191,0.0137686,1.5377,-0.0821209,-0.854815,-0.723208,89.332,0.854747,0.723289,0.0491034,0.0202135,0,-0.0432194,1.34727,0.00440812,7,drone1
-0.481852,0.0140141,1.52625,-0.131765,-1.16219,-0.191984,89.2041,1.16219,0.192023,0.0558784,0.0261151,0,-0.295027,1.2477,0.00619303,7,drone1
-0.474849,0.00884202,1.52106,-0.243877,-1.285,-0.188809,89.0756,1.285,0.188857,0.0549303,0.031894,0,-0.112438,1.22522,-0.00447724,7,drone1
-0.474454,0.00312866,1.52308,-0.240281,-0.894314,-0.509623,88.9488,0.894279,0.509685,0.0579682,0.032544,0,0.0326431,1.17909,-0.00712393,7,drone1
-0.473534,-0.00212467,1.51922,-0.191489,-0.61437,-0.645549,89.0678,0.614331,0.645586,0.0619883,0.0335043,0,-0.124282,1.13216,-0.0036283,7,drone1
-0.473988,-0.0089153,1.51237,-0.123963,-0.517855,-1.08251,88.951,0.517762,1.08255,0.0678256,0.033306,0,-0.0760641,1.08957,-0.00393863,7,drone1
-0.48319,-0.0198741,1.49995,-0.0661648,0.0457335,-1.59289,88.8529,-0.0457158,1.59289,0.0781462,0.0244294,0,-0.0266458,1.05113,-0.00489112,7,drone1
-0.487241,-0.0363239,1.49313,-0.0615129,0.223232,-1.99161,88.7542,-0.223097,1.99162,0.0889208,0.0235953,0,0.533306,1.02838,-0.00182147,7,drone1
-0.486229,-0.0567904,1.50179,-0.134716,0.070338,-2.51006,88.8654,-0.0702705,2.51006,0.128773,0.015395,0,-1.12805,0.973304,0.00661522,7,drone1
-0.477004,-0.0622347,1.51971,-0.274229,-0.571929,-2.02709,88.6931,0.571571,2.02719,0.124998,0.0288608,0,-0.201028,0.966419,0.00745234,7,drone1
-0.465961,-0.0563129,1.53646,-0.453325,-0.801058,-0.963399,88.6011,0.800945,0.963493,0.125711,0.0364632,0,-0.550369,0.938434,-0.00236917,7,drone1
-0.448379,-0.0369505,1.54888,-0.703099,-1.60525,0.349408,88.5156,1.60522,-0.349545,0.0856713,0.0564677,0,1.32973,0.945112,-0.0317972,7,drone1
-0.433718,-0.0109424,1.55638,-1.03236,-2.48347,1.47432,88.7329,2.48265,-1.47571,0.071592,0.071357,0,0.465311,0.94602,-0.0536322,7,drone1
-0.425032,0.0156101,1.56007,-1.3588,-2.68214,2.0814,88.872,2.68037,-2.08368,0.041739,0.0803988,0,0.872238,0.954116,-0.0830129,7,drone1
-0.430786,0.0469503,1.56366,-1.64225,-2.04578,2.69402,89.0002,2.04352,-2.69573,0.0038618,0.0765374,0,1.5371,0.95059,-0.105676,7,drone1
-0.446522,0.0673431,1.57393,-1.84035,-0.924783,2.69726,89.1285,0.923758,-2.69761,-0.0173381,0.060024,0,1.65755,0.917443,-0.115094,7,drone1
-0.470517,0.0829819,1.58589,-1.91959,0.468702,2.34546,89.2555,-0.468309,-2.34554,-0.0326911,0.0356432,0,1.60568,0.871832,-0.103889,7,drone1
-0.498279,0.0883092,1.59519,-1.8597,1.89613,1.71234,89.4009,-1.89528,-1.71328,-0.0374233,0.00799563,0,1.41185,0.829383,-0.0758325,7,drone1
-0.519534,0.0896463,1.59725,-1.80576,2.58816,0.99848,89.5763,-2.58777,-0.9995,-0.0383478,-0.0130163,0,1.23486,0.815669,-0.0478248,7,drone1
-0.537412,0.0882084,1.58813,-1.7079,3.02572,0.386986,89.749,-3.02565,-0.387526,-0.0365755,-0.0305601,0,1.02249,0.816215,-0.0237722,7,drone1
-0.550406,0.0845299,1.58479,-1.63333,3.1087,0.0165274,89.8994,-3.1087,-0.0165517,-0.0673335,-0.0265818,0,0.590395,0.333214,0.187344,7,drone1
-0.551058,0.0806293,1.58876,-1.51736,2.51652,0.0436137,89.9688,-2.51652,-0.0436558,-0.0294476,-0.043623,0,0.765046,0.872829,0.01143,7,drone1
-0.544082,0.0731101,1.58789,-1.41115,1.30431,-0.168158,90.0906,-1.3043,0.168202,-0.026579,-0.0352528,0,0.724915,0.933017,0.00958379,7,drone1
-0.539176,0.0692909,1.58731,-1.29662,0.387499,-0.214041,90.2064,-0.387497,0.214046,-0.0197947,-0.0322513,0,0.500241,0.963453,0.00297357,7,drone1
-0.535403,0.0701757,1.58197,-1.17602,-0.0565478,0.364469,90.3139,0.0565466,-0.36447,-0.0176154,-0.0271712,0,0.0775648,0.9985,-0.000677469,7,drone1
-0.528606,0.0709538,1.57537,-1.06363,-0.315045,0.946848,90.4189,0.315002,-0.946862,-0.0175291,-0.0201982,0,-0.146937,1.03102,-0.00530007,7,drone1
-0.518883,0.061289,1.56654,-0.970789,-1.04885,0.682798,90.322,1.04878,-0.682913,-0.00699474,-0.0104184,0,-0.13182,1.07414,0.00204529,7,drone1
-0.511097,0.049,1.55781,-0.952334,-1.43778,0.00651391,90.2015,1.43778,-0.00651596,0.00628542,-0.00256569,0,-0.0390554,1.11498,0.013421,7,drone1
-0.49747,0.0376747,1.54889,-1.03514,-1.98001,-0.788314,90.0625,1.97982,0.788785,0.0186193,0.0111666,0,0.157313,1.16521,0.0255238,7,drone1
-0.478931,0.0297886,1.54913,-1.20414,-2.64468,-1.32031,90.1464,2.64397,1.32172,0.0276279,0.0288917,0,0.215861,1.23188,0.0681345,7,drone1
-0.473827,0.0211817,1.56188,-1.32237,-2.42078,-1.31198,90.2771,2.42014,1.31315,0.0374769,0.0349482,0,0.204255,1.27289,0.0440728,7,drone1
-0.480102,0.0138772,1.57993,-1.38289,-1.64991,-0.988561,90.4331,1.64967,0.988971,0.0463852,0.0287249,0,0.137728,1.30631,0.0412012,7,drone1
-0.492828,0.0162597,1.59296,-1.33253,-0.59058,-0.555132,90.5873,0.590553,0.555161,0.0458264,0.0158021,0,-0.0424805,1.33367,0.0366209,7,drone1
-0.505921,0.0168325,1.59433,-1.33728,0.293489,-0.706253,90.4632,-0.293466,0.706262,0.0470318,0.00383477,0,0.0944598,1.36642,0.00380249,7,drone1
-0.514353,0.0113339,1.59697,-1.35659,0.788474,-1.08546,90.6114,-0.788333,1.08556,0.0545499,-0.00466354,0,-0.0223173,1.4168,0.0163306,7,drone1
-0.51796,0.00126753,1.58483,-1.38461,0.905731,-1.70167,90.4817,-0.905332,1.70188,0.0741417,-0.00528938,0,-0.465481,1.37457,-0.00779781,7,drone1
-0.514902,-0.00437252,1.57547,-1.42346,0.695899,-1.9894,90.3338,-0.69548,1.98954,0.0795827,6.59166e-05,0,-0.277103,1.4645,0.00953821,7,drone1
-0.509436,-0.00279426,1.57246,-1.40561,0.409451,-1.96941,90.1747,-0.409209,1.96946,0.0726387,0.00250174,0,0.425051,1.53814,-0.0141147,7,drone1
-0.502731,0.00502974,1.56134,-1.26609,0.0282841,-1.4156,90.3209,-0.0282754,1.4156,0.063483,0.008457,0,0.168397,1.52405,-0.0225886,7,drone1
-0.499277,0.0134018,1.54504,-1.13944,-0.095102,-0.936188,90.472,0.0950893,0.93619,0.0576499,0.0116036,0,-0.112544,1.60636,-0.0292122,7,drone1
-0.493972,0.0302999,1.53319,-1.01098,-0.065818,-0.305419,90.3121,0.0658171,0.305419,0.0435541,0.0167117,0,-0.0797637,1.69678,-0.0406793,7,drone1
-0.482636,0.0488765,1.53308,-0.828164,-0.473305,0.681999,90.1482,0.473272,-0.682023,0.027294,0.0271722,0,-0.0925383,1.77923,-0.0329146,7,drone1
-0.480315,0.0627916,1.54864,-0.634972,-0.452632,1.14456,89.9734,0.452542,-1.14459,0.016614,0.0293164,0,-0.107357,1.88086,-0.0347328,7,drone1
-0.482684,0.0699965,1.56075,-0.486112,-0.430962,1.11231,89.7843,0.430881,-1.11234,0.00377222,0.027029,0,0.462141,2.02252,-0.0543261,7,drone1
-0.491282,0.0722719,1.55611,-0.217396,-0.21914,0.664768,89.986,0.219125,-0.664773,0.01851,0.0294041,0,-1.36754,2.17591,0.0323876,7,drone1
-0.508287,0.0700853,1.54727,0.0181891,0.51286,0.14142,89.7252,-0.512858,-0.141425,0.0156834,0.000771938,0,-0.522258,2.06781,0.00301532,7,drone1
-0.526126,0.0700819,1.54761,0.191277,0.994036,-0.411084,89.5203,-0.99401,0.411146,0.0165081,-0.0150835,0,-0.762849,1.98158,-0.00691065,7,drone1
-0.540665,0.0775889,1.5603,0.399357,1.42751,-0.232955,89.3067,-1.4275,0.233028,0.00846936,-0.0332943,0,-0.682913,1.87115,-0.0305253,7,drone1
-0.538528,0.0920286,1.56994,0.642065,0.985661,0.527586,89.0926,-0.985619,-0.527664,-0.0126765,-0.0292039,0,-0.630618,1.79585,-0.0113415,7,drone1
-0.532324,0.107074,1.57652,0.959037,0.256379,0.793686,88.9077,-0.256355,-0.793693,-0.0330735,-0.023105,0,-0.647583,1.69739,0.0102079,7,drone1
-0.537132,0.118033,1.58725,1.2856,0.235069,0.994262,88.7255,-0.235034,-0.994271,-0.0508387,-0.0293763,0,-0.405042,1.6439,-0.00425541,7,drone1
-0.543487,0.126525,1.59025,1.48872,0.26594,1.24367,88.5545,-0.265878,-1.24368,-0.060907,-0.0324795,0,-0.692298,1.57672,0.0348556,7,drone1
-0.549707,0.123535,1.58749,1.67351,0.338788,0.679723,88.3841,-0.338764,-0.679735,-0.0574809,-0.0408267,0,-0.716858,1.50148,0.0110757,7,drone1
-0.553006,0.117893,1.5918,1.93211,0.516253,0.301213,88.219,-0.516246,-0.301225,-0.0523277,-0.0433823,0,-0.923535,1.45009,0.00746092,7,drone1
-0.553577,0.10849,1.60313,2.15696,0.575611,0.0356567,88.0494,-0.575611,-0.0356585,-0.0445462,-0.0438783,0,-0.984261,1.40055,0.000476186,7,drone1
-0.551892,0.09227,1.61495,2.2788,0.845295,-0.6074,87.8876,-0.845247,0.607466,-0.029782,-0.0422088,0,-0.934194,1.36365,-0.0259767,7,drone1
-0.537495,0.0777426,1.61918,2.3456,0.0120063,-1.23973,87.7136,-0.0120035,1.23973,-0.0166462,-0.0278178,0,-0.835309,1.2866,-0.0536738,7,drone1
-0.520561,0.0698416,1.6202,2.43974,-0.910135,-1.26093,87.5397,0.909914,1.26109,-0.0100564,-0.0109183,0,-0.775472,1.20871,-0.0564058,7,drone1
-0.502167,0.0627871,1.61785,2.66003,-1.84611,-1.13475,87.3794,1.84574,1.13534,-0.00421197,0.00745116,0,-0.850939,1.12798,-0.0519727,7,drone1
-0.495113,0.0597016,1.6139,2.87956,-2.19516,-0.972205,87.2373,2.19485,0.972919,-0.00210794,0.0144668,0,-0.928324,1.07416,-0.0451814,7,drone1
-0.496196,0.0606877,1.60947,3.02723,-1.96352,-0.487536,87.1158,1.96345,0.487822,-0.00386541,0.0132864,0,-0.934429,1.05634,-0.0212272,7,drone1
-0.501424,0.0595559,1.59716,3.19725,-1.62488,0.055229,86.993,1.62488,-0.0552512,-0.00336812,0.00793239,0,-0.963847,1.04946,0.00879577,7,drone1
-0.510996,0.0553734,1.58068,3.31345,-0.947524,0.198318,86.8523,0.947519,-0.198345,0.000322696,-0.00160796,0,-0.937952,1.06752,0.0134499,7,drone1
