0.499163,-0.00574385,0.00292766,-47.0839,-0.343871,-0.201306,44.9988,0.343869,0.20131,0,0,0,0,0,0,1,drone1
0.497144,-0.0139707,0.00326127,-47.7296,-0.812454,-0.78027,44.9889,0.812378,0.780349,0,0,0,0,0,0,1,drone1
0.493286,-0.0246584,-0.000139041,-47.3894,-0.75597,-1.19346,44.9843,0.755806,1.19357,0,0,0,0,0,0,1,drone1
0.489083,-0.0298414,-0.000185469,-46.8106,-0.597847,-1.11863,44.9883,0.597733,1.11869,0,0,0,0,0,0,1,drone1
0.481495,-0.0415547,-0.0025606,-46.2374,-0.804767,-1.48956,44.9791,0.804495,1.48971,0,0,0,0,0,0,1,drone1
0.472297,-0.0534013,-0.00403998,-45.7097,-1.06541,-2.06786,44.9616,1.06472,2.06822,0,0,0,0,0,0,1,drone1
0.466938,-0.0540776,-0.00596487,-45.3093,-0.688731,-1.92548,44.9769,0.688342,1.92561,0,0,0,0,0,0,1,drone1
0.465164,-0.0451777,-0.00487114,-45.1474,0.103909,-1.34982,45.0024,-0.10388,1.34982,0,0,0,0,0,0,1,drone1
0.468691,-0.0312064,-0.00564172,-44.9742,0.699669,-0.561648,45.0069,-0.699635,0.56169,0,0,0,0,0,0,1,drone1
0.474186,-0.0105057,-0.00170812,-44.8521,0.947086,0.554541,44.9908,-0.947042,-0.554616,0,0,0,0,0,0,1,drone1
0.487056,0.00937806,0.0142728,-44.9065,1.06687,1.53868,44.9713,-1.06648,-1.53895,0,0,0,0,0,0,1,drone1
0.505091,0.0205436,0.0245999,-44.8798,0.716216,2.22715,44.9722,-0.715675,-2.22732,0,0,0,0,0,0,1,drone1
0.527662,0.0289686,0.0296328,-44.8773,0.0443378,2.94931,44.9977,-0.0442791,-2.94931,0,0,0,0,0,0,1,drone1
0.549914,0.031508,0.024969,-44.8865,-0.800166,3.41132,45.0476,0.798748,-3.41166,0,0,0,0,0,0,1,drone1
0.561146,0.0249258,0.0172709,-44.8266,-1.55434,3.07344,45.0834,1.55211,-3.07457,0,0,0,0,0,0,1,drone1
0.560655,0.010546,0.015715,-44.7945,-2.01853,2.06985,45.0729,2.01721,-2.07113,0,0,0,0,0,0,1,drone1
0.545459,-0.013448,0.0158852,-44.7956,-1.95012,0.171706,45.0058,1.95011,-0.171806,0,0,0,0,0,0,1,drone1
0.524526,-0.0292037,0.0118648,-44.7161,-1.51488,-1.53123,44.9595,1.51434,1.53176,0,0,0,0,0,0,1,drone1
0.508559,-0.0433348,0.00819038,-44.7197,-1.00601,-2.49325,44.9562,1.00506,2.49363,0,0,0,0,0,0,1,drone1
0.497235,-0.0533374,0.0066833,-44.8372,-0.815817,-2.87561,44.9591,0.81479,2.8759,0,0,0,0,0,0,1,drone1
0.491663,-0.047645,0.0056307,-44.8547,-0.488319,-2.13879,44.9818,0.487979,2.13887,0,0,0,0,0,0,1,drone1
0.484785,-0.0247949,0.0100231,-44.927,0.29157,-0.750519,45.0038,-0.291545,0.750529,0,0,0,0,0,0,1,drone1
0.479861,-0.000426045,0.0125918,-45.1439,1.0922,0.370481,44.9929,-1.09217,-0.370549,0,0,0,0,0,0,1,drone1
0.471153,0.0197782,0.0127547,-45.2326,1.82775,0.843215,44.9731,-1.82755,-0.843644,0,0,0,0,0,0,1,drone1
0.468353,0.0397245,0.0160008,-45.2324,2.30955,1.10832,44.9553,-2.30912,-1.10922,0,0,0,0,0,0,1,drone1
0.463946,0.0584221,0.0154246,-45.206,2.77116,1.40028,44.9322,-2.77033,-1.40191,0,0,0,0,0,0,1,drone1
0.459511,0.078227,0.103905,-45.1986,3.22347,1.74382,44.9018,-3.22198,-1.74658,0,0,0,0,0,0,1,drone1
0.458401,0.0903636,0.299798,-45.3124,3.42072,2.11153,44.8738,-3.4184,-2.1153,0,0,0,0,0,0,1,drone1
0.454357,0.093545,0.528373,-45.4561,3.23279,1.94989,44.8899,-3.23092,-1.953,0,0,0,0,0,0,1,drone1
0.452284,0.0845383,0.753138,-45.5748,2.70706,1.19294,44.9436,-2.70647,-1.19427,0,0,0,0,0,0,1,drone1
0.457172,0.0610237,0.950115,-45.6689,1.11172,0.355979,44.9931,-1.1117,-0.356046,0,0,0,0,0,0,1,drone1
0.46615,0.0351482,1.11237,-45.7466,-0.639941,-0.625024,44.993,0.639903,0.625062,0,0,0,0,0,0,1,drone1
0.480712,0.0109844,1.25062,-45.7395,-2.08826,-1.25782,44.9541,2.08775,1.25866,0,0,0,0,0,0,1,drone1
0.49428,-0.00335724,1.36312,-45.6944,-3.17908,-1.35543,44.9247,3.17819,1.35752,0,0,0,0,0,0,1,drone1
0.502035,-0.00845338,1.45484,-45.6692,-3.18715,-0.799326,44.9555,3.18684,0.800564,0,0,0,0,0,0,1,drone1
0.496544,-0.00378599,1.51786,-45.7164,-1.98731,-0.132811,44.9954,1.98731,0.132891,0,0,0,0,0,0,1,drone1
0.477928,0.00793487,1.57094,-45.7991,-0.141439,-0.255106,44.9994,0.141438,0.255107,0,0,0,0,0,0,1,drone1
0.450893,0.0196251,1.61178,-45.8057,1.70891,-0.694689,45.0207,-1.70879,0.694998,0,0,0,0,0,0,1,drone1
0.416087,0.0185987,1.64715,-45.7892,3.03148,-1.72282,45.0912,-3.03011,1.72523,0,0,0,0,0,0,1,drone1
0.394236,0.00932604,1.67513,-45.6468,3.18611,-2.3438,45.1304,-3.18344,2.34743,0,0,0,0,0,0,1,drone1
0.386588,0.00161207,1.69377,-45.5106,2.72954,-2.58916,45.1234,-2.72675,2.5921,0,0,0,0,0,0,1,drone1
0.394264,-0.000880364,1.70939,-45.4026,1.85665,-2.28246,45.074,-1.85518,2.28365,0.606513,0.00200775,0,90.3299,1.06482,1.99458,1,drone1
0.413331,0.00595152,1.72609,-45.3321,1.21594,-0.94804,54.0572,-1.21578,0.948253,0.57854,-0.095984,0,81.2788,0.116802,1.1775,1,drone1
0.431754,0.016308,1.73741,-45.3062,1.03922,0.732119,62.1525,-1.03913,-0.732239,0.537581,-0.180584,0,73.1324,-0.962625,0.253194,1,drone1
0.448888,0.0256495,1.74541,-45.3821,0.797009,2.18167,69.449,-0.796432,-2.18189,0.490478,-0.247743,0,65.8578,-1.61748,-0.813883,1,drone1
0.451989,0.0254117,1.74822,-45.4874,0.640818,1.82157,76.0482,-0.640494,-1.82169,0.457199,-0.299874,0,59.3864,-1.25473,-0.84359,1,drone1
0.454799,0.0213788,1.74707,-45.5493,0.507414,0.988392,82.0011,-0.507338,-0.988431,0.424677,-0.34053,0,53.5287,-0.744298,-0.467985,1,drone1
0.456024,0.0202546,1.74878,-45.6784,0.50309,0.0768812,87.363,-0.503089,-0.0768841,0.392051,-0.376587,0,48.3133,-0.392521,0.10138,1,drone1
0.45172,0.0352131,1.74652,-45.8208,1.3883,-0.65603,92.211,-1.38821,0.656223,0.351673,-0.421454,0,43.6169,-0.843601,0.846028,1,drone1
0.452635,0.0543304,1.74312,-45.9921,2.21915,-0.659613,96.5833,-2.219,0.660108,0.303868,-0.457769,0,39.4133,-1.5293,0.969515,1,drone1
0.459496,0.0712517,1.74148,-46.1903,2.27061,-0.212241,100.51,-2.27059,0.212408,0.255383,-0.480692,0,35.6635,-1.7131,0.534809,1,drone1
0.472428,0.0901178,1.73865,-32.7698,2.13644,0.408604,104.056,-2.13638,-0.408888,0.216888,-0.477438,0,32.0954,-1.56083,0.434424,1,drone1
0.486995,0.10764,1.73377,-15.59,1.64291,1.59063,107.239,-1.64227,-1.59128,-0.123219,-0.508482,0,-1.70864,-0.367768,-0.517967,1,drone1
0.506981,0.116782,1.7404,-7.31741,0.516073,2.66537,107.078,-0.515514,-2.66548,-0.198825,-0.465084,0,-9.79323,0.0182741,-0.364876,1,drone1
0.529109,0.119954,1.74564,-2.15054,-0.299945,3.58226,106.141,0.299359,-3.5823,-0.229953,-0.427304,0,-13.9761,0.0503768,-0.145387,1,drone1
0.550494,0.119254,1.74724,1.91846,-1.18303,3.88896,104.805,1.1803,-3.88979,-0.24285,-0.396049,0,-16.6384,-0.067817,0.0962105,1,drone1
0.566174,0.108553,1.75081,5.59484,-2.0442,3.23071,103.176,2.04095,-3.23276,-0.241526,-0.375952,0,-18.6428,-0.271829,0.23039,1,drone1
0.589831,0.0912047,1.75894,8.95912,-3.26464,1.90068,101.305,3.26284,-1.90377,-0.226904,-0.353213,0,-20.1354,-0.564195,0.129772,1,drone1
0.610007,0.0609974,1.75953,12.0391,-4.1227,-0.0606464,99.1774,4.12269,0.0608038,-0.198034,-0.340902,0,-21.192,-0.823533,-0.256405,1,drone1
0.625184,0.0344359,1.75485,14.8098,-4.54826,-1.54012,96.9386,4.54662,1.54498,-0.171676,-0.334209,0,-21.8259,-1.02835,-0.693072,1,drone1
0.627001,0.0153882,1.75646,17.293,-4.1233,-2.31316,94.7089,4.11994,2.31915,-0.155037,-0.33866,0,-22.1197,-1.03547,-0.981254,1,drone1
0.617665,5.77751e-05,1.75919,19.6021,-3.13071,-2.3151,92.5334,3.12815,2.31856,-0.144875,-0.352828,0,-22.2256,-0.863595,-1.0156,1,drone1
0.594502,-0.0127055,1.76548,21.7712,-1.30683,-1.73741,90.3946,1.30623,1.73786,-0.141315,-0.379387,0,-22.1926,-0.348058,-0.757738,1,drone1
0.564195,-0.0230348,1.77657,23.7076,0.473728,-1.05876,88.2224,-0.473647,1.0588,-0.14101,-0.412258,0,-21.9156,0.274774,-0.411973,1,drone1
0.539628,-0.0235149,1.77867,25.4916,1.4835,-0.534496,86.0353,-1.48343,0.534675,-0.119402,-0.398204,0,-19.7241,0.24044,-0.375873,1,drone1
0.521897,-0.0144494,1.77094,27.0528,1.60781,0.241536,84.0417,-1.6078,-0.241631,-0.158121,-0.450784,0,-21.0919,0.737469,0.19319,1,drone1
0.505591,0.0065278,1.76706,28.4718,1.45221,1.66841,81.8958,-1.45159,-1.66894,-0.177959,-0.460891,0,-20.3942,0.62862,0.874253,1,drone1
0.493058,0.0312207,1.76982,29.726,0.785414,2.95272,79.8558,-0.784372,-2.953,-0.199057,-0.466942,0,-19.5856,0.282844,1.52414,1,drone1
0.489142,0.0433752,1.77059,30.8567,0.25677,3.0178,77.9185,-0.256413,-3.01783,-0.205064,-0.469568,0,-18.7483,0.0490281,1.59209,1,drone1
0.498299,0.0517868,1.77477,31.9804,-0.658932,2.20333,76.0759,0.658445,-2.20348,-0.182196,-0.457429,0,-16.8735,0.0676194,1.43318,1,drone1
0.509449,0.0612795,1.78382,33.0405,-1.43759,1.65126,74.3987,1.43699,-1.65178,-0.204789,-0.449291,0,-17.3685,-0.825851,0.908026,1,drone1
0.515482,0.0675415,1.77901,33.9792,-1.84894,1.26314,72.6562,1.84849,-1.26379,-0.202835,-0.444623,0,-16.5636,-1.0696,0.727155,1,drone1
0.517619,0.0719371,1.77218,34.8054,-1.84707,1.21686,70.9927,1.84665,-1.2175,-0.200109,-0.444375,0,-15.7276,-1.078,0.740776,1,drone1
0.515344,0.0678931,1.77707,35.5401,-1.8613,0.97769,69.4063,1.86103,-0.978206,-0.190153,-0.450431,0,-14.8863,-1.09977,0.634104,1,drone1
0.510069,0.0546405,1.78472,36.2136,-1.33221,0.788763,67.8983,1.33209,-0.788976,-0.172058,-0.461341,0,-14.0777,-0.786954,0.528451,1,drone1
0.498819,0.0314784,1.78824,36.7948,-0.35407,0.153818,66.4696,0.354069,-0.153821,-0.145479,-0.48001,0,-13.2625,-0.209519,0.0980861,1,drone1
0.479883,-0.00130457,1.78806,37.3182,1.11311,-0.721882,65.1562,-1.11302,0.722018,-0.110698,-0.50755,0,-12.4478,0.662252,-0.554775,1,drone1
0.464992,-0.0267604,1.77087,37.6619,2.66496,-1.0174,63.9415,-2.66454,1.0185,-0.0797925,-0.528654,0,-11.4998,1.62633,-0.888168,1,drone1
0.44788,-0.0419583,1.73401,37.8879,3.55033,-0.851625,62.7809,-3.54994,0.853263,-0.0573819,-0.548967,0,-10.527,2.2025,-0.900398,1,drone1
0.43655,-0.0558087,1.70496,38.0924,3.85069,-0.790142,61.7004,-3.85033,0.79193,-0.0356813,-0.562819,0,-9.63648,2.39768,-0.935082,1,drone1
0.435326,-0.0651255,1.69127,38.3058,3.33255,-0.48544,60.6763,-3.33243,0.486262,-0.0191571,-0.566127,0,-8.87898,2.09734,-0.720344,1,drone1
0.445442,-0.0631257,1.68209,38.5398,2.02929,-0.161205,59.7373,-2.02928,0.161307,-0.0145586,-0.556606,0,-8.24439,1.29694,-0.379121,1,drone1
0.453128,-0.0597841,1.66976,38.7017,1.06207,0.0585685,58.8947,-1.06207,-0.0585786,-0.00655218,-0.536852,0,-7.42019,1.16495,-0.34965,1,drone1
0.462892,-0.054057,1.65458,38.8583,0.81139,0.335437,58.1387,-0.811376,-0.335471,-0.0103673,-0.539337,0,-6.99792,0.577494,0.0827449,1,drone1
0.477962,-0.0476275,1.64938,38.989,0.263644,0.669909,57.4382,-0.263626,-0.669916,-0.010392,-0.524444,0,-6.42836,0.274624,0.376749,1,drone1
0.497099,-0.0389181,1.64766,39.1032,-0.305478,0.98517,56.8021,0.305433,-0.985184,-0.0129744,-0.505302,0,-5.89404,-0.0410679,0.669955,1,drone1
0.517623,-0.0313779,1.6385,39.2245,-0.641217,1.05388,56.2155,0.641109,-1.05394,-0.0148915,-0.484616,0,-5.41814,-0.242114,0.772289,1,drone1
0.535722,-0.0242249,1.62898,39.3275,-0.429037,1.23392,55.6649,0.428938,-1.23395,-0.0162545,-0.466421,0,-4.97326,-0.067148,0.857369,1,drone1
0.554105,-0.00964523,1.62253,39.4035,-0.537938,1.35555,55.1637,0.537787,-1.35561,-0.0259682,-0.447427,0,-4.54178,-0.109688,0.957834,1,drone1
0.569746,0.00351594,1.61503,39.53,-0.38754,1.41694,54.6961,0.387422,-1.41697,-0.0349944,-0.431186,0,-4.20456,0.00584375,0.974324,1,drone1
0.592795,0.0138344,1.60601,39.7916,-0.527082,0.983206,54.264,0.527004,-0.983247,-0.030371,-0.411203,0,-3.78411,0.00847718,0.876904,1,drone1
0.619902,0.0262182,1.58465,40.1112,-0.646903,0.417812,53.8712,0.646886,-0.417839,-0.0536842,-0.378177,0,-3.97331,-0.34563,0.379144,1,drone1
0.652861,0.0356456,1.56273,40.4788,-1.04413,-0.545791,53.4558,1.04408,0.545882,-0.0625036,-0.342648,0,-3.93806,-0.798001,-0.178744,1,drone1
0.694776,0.0428178,1.54339,40.9089,-2.05059,-1.64676,53.0047,2.04974,1.64781,-0.0709122,-0.297986,0,-3.94395,-1.69926,-0.715011,1,drone1
0.730798,0.0462647,1.52846,41.2648,-2.45853,-1.95735,52.5453,2.45709,1.95915,-0.0734936,-0.261177,0,-3.85274,-2.05472,-0.839145,1,drone1
0.753584,0.0320009,1.52216,41.6458,-1.68808,-2.22719,52.1204,1.6868,2.22815,-0.0557004,-0.237732,0,-3.80341,-1.60917,-1.18145,1,drone1
0.770088,0.00588709,1.52051,41.9696,-0.380646,-2.30275,51.7427,0.380339,2.3028,-0.0242008,-0.221399,0,-3.70584,-0.748628,-1.51275,1,drone1
0.786206,-0.0110624,1.52628,42.2398,0.274378,-2.085,51.3616,-0.274197,2.08502,-0.0203447,-0.202364,0,-3.33436,-0.67819,-1.35933,1,drone1
0.802695,-0.0147701,1.52684,42.4309,0.169125,-1.38126,50.9901,-0.169076,1.38126,0.00218988,-0.192691,0,-3.4072,-0.187954,-1.00825,1,drone1
0.812563,-0.0145701,1.52843,42.5862,-0.0717398,-0.848939,50.6293,0.0717319,0.84894,0.0029805,-0.184766,0,-3.21349,-0.239783,-0.589037,1,drone1
0.821851,-0.00783068,1.52726,42.7495,-0.3173,-0.316559,50.3011,0.317295,0.316564,-0.00296431,-0.17705,0,-3.05169,-0.291085,-0.165435,1,drone1
0.831347,-0.000135752,1.52258,42.9288,-0.378068,0.169638,49.997,0.378066,-0.169642,-0.00946949,-0.168798,0,-2.92342,-0.221876,0.186581,1,drone1
0.845182,0.00922728,1.53075,43.1391,-0.569467,0.410019,49.7062,0.569452,-0.410039,-0.0181976,-0.15546,0,-2.83724,-0.29878,0.400839,1,drone1
0.856986,0.0201458,1.53565,43.3724,-0.530196,0.840453,49.4217,0.530139,-0.840489,-0.0277756,-0.144414,0,-2.77939,-0.168562,0.695433,1,drone1
0.86567,0.0336268,1.53068,43.6311,-0.420388,1.43857,49.1374,0.420256,-1.43861,-0.0397501,-0.136951,0,-2.74488,0.0547929,1.0934,1,drone1
0.882032,0.0439124,1.52254,43.8816,-0.81987,1.09444,48.847,0.81972,-1.09455,-0.0508246,-0.119673,0,-2.6991,-0.308179,0.954837,1,drone1
0.901348,0.0581222,1.52725,44.0862,-1.58151,0.721813,48.5631,1.58139,-0.722088,-0.0667908,-0.0994141,0,-2.6039,-0.938411,0.886454,1,drone1
0.917722,0.0743869,1.5377,44.2093,-2.26262,0.672363,48.2784,2.26246,-0.672887,-0.0840095,-0.0830177,0,-2.41459,-1.43221,1.03005,1,drone1
0.924478,0.0892013,1.54378,44.4595,-2.21597,0.993605,47.9903,2.21564,-0.994348,-0.0978328,-0.0765696,0,-2.36103,-1.32107,1.25662,1,drone1
0.92138,0.101805,1.5619,44.6898,-1.66197,1.48129,47.6953,1.66141,-1.48191,-0.108017,-0.0797019,0,-2.30155,-0.801004,1.47127,1,drone1
0.923707,0.110575,1.57347,44.9841,-0.899665,1.5041,47.3905,0.899355,-1.50428,-0.114496,-0.0760529,0,-2.32925,-0.249047,1.29815,1,drone1
0.934982,0.115511,1.57203,45.1996,-0.664152,0.729527,47.1073,0.664098,-0.729576,-0.119065,-0.0623972,0,-2.29073,-0.283408,0.683841,1,drone1
0.949867,0.118536,1.55721,45.419,-0.906784,-0.0782454,46.8567,0.906783,0.0782552,-0.123131,-0.0455538,0,-2.27094,-0.676392,0.168736,1,drone1
0.965148,0.118258,1.54176,45.5946,-0.996192,-0.679944,46.6085,0.996122,0.680046,-0.123385,-0.0287264,0,-2.20789,-0.907176,-0.240877,1,drone1
0.987222,0.116884,1.53219,45.6703,-1.33456,-1.39788,46.348,1.33416,1.39826,-0.123264,-0.00516256,0,-2.03558,-1.35266,-0.665447,1,drone1
1.0138,0.10745,1.53246,45.6209,-1.87175,-2.21313,46.0556,1.87036,2.21431,-0.115713,0.0223446,0,-1.71555,-1.97023,-1.09736,1,drone1
1.03297,0.0868772,1.54507,45.5904,-1.60507,-2.84143,45.7661,1.6031,2.84254,-0.0943096,0.0423551,0,-1.39761,-1.95978,-1.61471,1,drone1
1.04045,0.0760253,1.55977,45.5859,-1.25617,-2.30744,45.5066,1.25515,2.30799,-0.0814262,0.0476597,0,-1.11836,-1.56387,-1.32073,1,drone1
1.04678,0.0666766,1.57487,45.7334,-1.11452,-1.67483,45.2922,1.11404,1.67514,-0.0705877,0.0518557,0,-1.04332,-1.28738,-0.905329,1,drone1
1.0468,0.0577927,1.57349,45.8647,-0.877003,-0.851949,45.1235,0.876906,0.852049,-0.0602641,0.0497357,0,-0.994916,-0.881585,-0.379611,1,drone1
1.04318,0.0530949,1.56995,45.9308,-0.630606,-0.25756,44.9957,0.630599,0.257576,-0.0544054,0.0446405,0,-0.926591,-0.531232,-0.0207778,1,drone1
1.02755,0.0514364,1.57693,46.0379,-0.140641,0.616976,44.8932,0.140633,-0.616978,-0.0506804,0.0271692,0,-0.927414,0.0798503,0.469331,1,drone1
1.00889,0.0498491,1.58766,46.2224,0.630184,1.57541,44.7701,-0.629945,-1.5755,-0.0464316,0.00697999,0,-0.999164,0.924052,0.94036,1,drone1
0.99202,0.0503365,1.60181,46.336,1.53216,2.15255,44.5649,-1.53108,-2.15332,-0.0447043,-0.0102117,0,-0.93088,1.75659,1.09211,1,drone1
0.984316,0.0530734,1.6038,46.4391,1.76397,2.17458,44.3294,-1.7627,-2.17561,-0.0470015,-0.0178807,0,-0.80318,1.9391,1.03886,1,drone1
0.986728,0.0562461,1.58845,46.5259,1.2376,1.72993,44.1254,-1.23704,-1.73034,-0.0513995,-0.0158788,0,-0.671237,1.42714,0.890849,1,drone1
1.00184,0.0586658,1.57593,46.6858,0.245207,0.524258,43.9798,-0.245197,-0.524263,-0.0573762,0.00168946,0,-0.666566,0.339575,0.298545,1,drone1
1.01753,0.0619472,1.56777,46.8662,-0.981686,-0.22615,43.8977,0.981679,0.226183,-0.0647393,0.0183268,0,-0.760595,-0.789546,0.119169,1,drone1
1.03332,0.0605593,1.56738,47.0395,-1.88217,-0.790754,43.7653,1.88199,0.791181,-0.0663398,0.0347406,0,-0.804735,-1.62882,-0.0202602,1,drone1
1.03717,0.0469198,1.56957,47.259,-1.34769,-1.01957,43.5856,1.34747,1.01986,-0.0513538,0.0397264,0,-0.854582,-1.31205,-0.35417,1,drone1
1.04419,0.0328096,1.56145,47.5541,-0.537327,-1.3908,43.4362,0.537169,1.39087,-0.0353479,0.0475522,0,-0.995114,-0.833989,-0.846238,1,drone1
1.04638,0.0249171,1.55381,47.7783,-0.165726,-0.97686,43.2919,0.165702,0.976864,-0.0257892,0.0507364,0,-1.06944,-0.429869,-0.713449,1,drone1
1.04753,0.0193356,1.55535,47.9024,0.0937543,-0.60156,43.1603,-0.0937491,0.601561,-0.0189257,0.050649,0,-1.05989,-0.119362,-0.505976,1,drone1
1.05195,0.011944,1.55938,48.1368,0.00547963,-0.705766,43.0414,-0.00547922,0.705766,-0.0117396,0.0550263,0,-1.17602,-0.219329,-0.555145,1,drone1
1.06048,0.0149171,1.55267,48.4395,-0.490298,-0.868484,42.9021,0.490241,0.868516,-0.0161421,0.0635285,0,-1.34562,-0.647099,-0.521246,1,drone1
1.07106,0.0240305,1.5441,48.7596,-1.35409,-0.933481,42.7296,1.35391,0.933742,-0.0278145,0.0734588,0,-1.49712,-1.32886,-0.295353,1,drone1
1.07673,0.0352346,1.54404,49.1173,-2.05308,-0.610664,42.5277,2.05297,0.611056,-0.0405474,0.0774807,0,-1.6342,-1.76866,0.177394,1,drone1
1.06996,0.0522353,1.5402,49.326,-2.03618,0.193886,42.3148,2.03617,-0.194008,-0.0567335,0.0684736,0,-1.5961,-1.49957,0.794729,1,drone1
1.05622,0.0732176,1.53349,49.3694,-1.95274,1.15363,42.1136,1.95234,-1.1543,-0.0767745,0.0517991,0,-1.39505,-1.1174,1.50968,1,drone1
1.0432,0.0887325,1.54049,49.3308,-1.51504,1.79462,41.8869,1.5143,-1.79524,-0.0902844,0.0374102,0,-1.12472,-0.561645,1.85821,1,drone1
1.03648,0.0875001,1.55022,49.239,-0.69625,1.57663,41.6338,0.695987,-1.57675,-0.0869569,0.0323649,0,-0.833908,-0.00108765,1.41666,1,drone1
1.03088,0.0829278,1.56288,49.3237,-0.124832,1.07889,41.4526,0.12481,-1.07889,-0.0814366,0.02917,0,-0.76809,0.269633,0.84624,1,drone1
1.02526,0.0774401,1.57123,49.4681,0.257638,0.735608,41.3296,-0.257617,-0.735615,-0.0753754,0.0251312,0,-0.798725,0.447045,0.456031,1,drone1
1.02377,0.075442,1.57124,49.5239,0.324554,0.269855,41.2293,-0.324551,-0.26986,-0.073823,0.0249931,0,-0.753689,0.340581,0.0767577,1,drone1
1.02936,0.0812621,1.57396,49.5498,-0.37784,-0.248407,41.1461,0.377837,0.248412,-0.082291,0.0311652,0,-0.696509,-0.37382,-0.0800031,1,drone1
1.03924,0.0872358,1.57796,49.6032,-1.35102,-0.387285,41.0592,1.35099,0.387393,-0.091044,0.0402213,0,-0.657077,-1.16688,0.147913,1,drone1
1.0504,0.0860402,1.58369,49.7576,-2.09124,-0.795317,40.9045,2.09104,0.795847,-0.0921197,0.0515873,0,-0.656579,-1.87856,0.0922342,1,drone1
1.06137,0.0770503,1.58745,49.8756,-2.33527,-1.34881,40.6793,2.33463,1.34993,-0.0740551,0.0417661,0,-0.591033,-1.69066,0.0839766,1,drone1
1.0619,0.0674171,1.59623,50.0046,-2.02777,-1.57599,40.4991,2.02701,1.57698,-0.0738803,0.0647674,0,-0.525444,-2.11109,-0.521358,1,drone1
1.05503,0.0662954,1.60686,50.0825,-1.70791,-0.914004,40.3042,1.7077,0.91441,-0.0710754,0.0563916,0,-0.390792,-1.63633,-0.119419,1,drone1
1.04683,0.0657466,1.60894,50.1871,-1.56455,0.00510208,40.163,1.56455,-0.00510398,-0.0692304,0.0460568,0,-0.32803,-1.20306,0.540442,1,drone1
1.03189,0.0624568,1.60929,50.3131,-0.839857,0.531785,40.0346,0.839821,-0.531842,-0.0636999,0.0306259,0,-0.330608,-0.458178,0.69092,1,drone1
1.01429,0.0539289,1.60889,50.4294,-0.0955903,1.06567,39.9392,0.0955738,-1.06567,-0.0528686,0.0125336,0,-0.361306,0.307783,0.838967,1,drone1
1.00072,0.0414915,1.6097,50.6448,0.752347,1.17347,39.8257,-0.752189,-1.17357,-0.0383423,-0.00128299,0,-0.478653,1.00558,0.651466,1,drone1
0.984926,0.0249616,1.60644,50.9289,1.60894,1.1663,39.6796,-1.60861,-1.16676,-0.0197867,-0.0159243,0,-0.619301,1.67649,0.331106,1,drone1
0.970629,0.0140654,1.59261,51.0947,1.79623,1.06261,39.4974,-1.79592,-1.06313,-0.00823883,-0.0295025,0,-0.598246,1.791,0.167086,1,drone1
0.965443,0.0191526,1.57941,51.1865,1.11535,0.949459,39.3228,-1.1152,-0.949639,-0.0150014,-0.0351108,0,-0.516418,1.22045,0.31872,1,drone1
0.965313,0.0215835,1.57722,51.3361,0.265966,0.399784,39.2032,-0.26596,-0.399788,-0.0205924,-0.0347173,0,-0.540131,0.355838,0.197771,1,drone1
0.962684,0.0213224,1.57339,51.5084,0.169898,0.207185,39.1369,-0.169897,-0.207186,-0.0209459,-0.0368657,0,-0.645463,0.210305,0.0816421,1,drone1
0.96655,0.0199427,1.57736,51.6898,-0.156831,0.14761,39.0695,0.156831,-0.14761,-0.0206312,-0.033232,0,-0.758564,-0.0690219,0.155513,1,drone1
0.971676,0.0199788,1.58258,51.836,-0.669604,-0.169986,38.9894,0.669601,0.169998,-0.0225058,-0.0278458,0,-0.823657,-0.592832,0.0945623,1,drone1
0.980591,0.0295969,1.58652,52.0098,-1.47464,-0.306123,38.8815,1.47462,0.306224,-0.0344034,-0.0194294,0,-0.880649,-1.28435,0.286695,1,drone1
0.984268,0.0385117,1.58498,52.139,-1.75942,-0.188566,38.7251,1.75941,0.188655,-0.0439467,-0.0170674,0,-0.841707,-1.46952,0.512199,1,drone1
0.980504,0.0429429,1.59386,52.2157,-1.13921,0.133404,38.5563,1.13921,-0.13343,-0.0460806,-0.0193251,0,-0.756911,-0.855248,0.489984,1,drone1
0.97826,0.0454607,1.60435,52.3362,-0.866253,0.453382,38.436,0.866226,-0.453434,-0.0473967,-0.0224587,0,-0.755913,-0.518203,0.660534,1,drone1
0.973789,0.044141,1.6027,52.5428,-0.319305,0.556997,38.3191,0.31929,-0.557006,-0.0446581,-0.0266347,0,-0.855763,-0.0433479,0.542624,1,drone1
0.968595,0.0402183,1.58767,52.6184,0.249376,0.761211,38.2112,-0.249354,-0.761218,-0.0389412,-0.0319506,0,-0.830507,0.490116,0.49252,1,drone1
0.9743,0.0318751,1.56917,52.6053,0.283489,0.165126,38.1056,-0.283488,-0.165128,-0.0310739,-0.0247608,0,-0.710956,0.290049,0.00323588,1,drone1
0.993739,0.0269514,1.55364,52.6087,-0.291735,-0.543496,38.0269,0.291722,0.543503,-0.0288222,-0.00402911,0,-0.637051,-0.44146,-0.341766,1,drone1
1.00936,0.0163792,1.53499,52.7499,-0.63619,-1.13941,37.9324,0.636064,1.13948,-0.0204511,0.0131058,0,-0.688971,-0.94788,-0.686608,1,drone1
1.02445,0.00725335,1.51903,52.9141,-0.537276,-1.61451,37.7944,0.537063,1.61458,-0.0119058,0.0302411,0,-0.713801,-1.05569,-1.10703,1,drone1
1.03087,0.00193568,1.51346,53.1462,-0.294832,-1.67427,37.6325,0.294707,1.67429,-0.0057772,0.0374061,0,-0.777031,-0.888941,-1.25296,1,drone1
1.03285,-0.00213559,1.51739,53.3018,-0.219243,-1.06581,37.4653,0.219205,1.06581,-0.000229278,0.037072,0,-0.767125,-0.59406,-0.793476,1,drone1
1.03199,-0.00200116,1.52577,53.5371,-0.302935,-0.480861,37.3418,0.302924,0.480868,0.000508451,0.0337891,0,-0.880346,-0.434312,-0.289661,1,drone1
1.02798,0.000399635,1.53891,53.7885,-0.546751,-0.0531361,37.2416,0.546751,0.0531386,-0.00191721,0.0278321,0,-1.02785,-0.465711,0.153409,1,drone1
1.02975,-0.00302705,1.54522,54.0665,-0.667837,-0.305266,37.1246,0.667827,0.305287,0.000823269,0.0302099,0,-1.19092,-0.666907,-0.0042507,1,drone1
1.02975,-0.0136464,1.55016,54.2613,0.054194,-0.946705,36.9925,-0.0541866,0.946706,0.0129215,0.0333585,0,-1.24896,-0.331979,-0.817512,1,drone1
1.02561,-0.0266846,1.55099,54.3711,1.10136,-1.19732,36.8619,-1.10112,1.19754,0.0289837,0.0315362,0,-1.18584,0.425723,-1.44328,1,drone1
1.02317,-0.0333304,1.54363,54.4032,1.56059,-1.07767,36.6764,-1.56031,1.07807,0.0373579,0.0296194,0,-1.01325,0.846424,-1.53226,1,drone1
1.02027,-0.0328467,1.53825,54.4301,1.56917,-0.53635,36.4589,-1.5691,0.536551,0.0378109,0.0250674,0,-0.844336,1.06855,-1.09569,1,drone1
1.01373,-0.0239025,1.53853,54.5267,1.17877,0.327276,36.2622,-1.17875,-0.327345,0.0288918,0.0149267,0,-0.782498,1.10055,-0.232198,1,drone1
1.00953,-0.0108467,1.54575,54.7008,0.229399,1.05964,36.1275,-0.22936,-1.05965,0.0136324,0.00668189,0,-0.828157,0.623621,0.75793,1,drone1
1.0155,0.0115378,1.54932,54.764,-1.36366,1.40791,36.0371,1.36325,-1.40831,-0.0135889,0.0090613,0,-0.732225,-0.540676,1.70039,1,drone1
1.02494,0.033259,1.55057,54.7446,-2.77159,1.27043,35.8719,2.77091,-1.27192,-0.0402883,0.0167203,0,-0.455922,-1.74556,2.17338,1,drone1
1.03349,0.0478989,1.55227,54.6999,-3.20291,0.726107,35.5681,3.20265,-0.727242,-0.0573271,0.0262497,0,-0.112231,-2.31281,1.91756,1,drone1
1.0406,0.0574557,1.56777,54.6168,-3.08102,0.219931,35.2385,3.081,-0.220249,-0.0668827,0.035272,0,0.25493,-2.41343,1.46532,1,drone1
1.04461,0.0493451,1.58681,54.4927,-1.98019,-0.261909,35.5008,1.98017,0.262065,-0.0554089,0.0430147,0,0.0344534,-1.72129,0.598267,1,drone1
1.05311,0.0321759,1.60029,54.4836,-0.728424,-1.22641,35.312,0.728258,1.22651,-0.0359972,0.0558495,0,0.196186,-1.10918,-0.708274,1,drone1
1.05888,0.0149775,1.61319,54.413,0.396455,-1.95491,35.4743,-0.396225,1.95496,-0.016656,0.0647773,0,0.146678,-0.498979,-1.77322,1,drone1
1.06387,0.00193191,1.6151,54.2823,1.00377,-2.23816,35.6848,-1.00301,2.23851,-0.00242111,0.0711715,0,0.112363,-0.119893,-2.25326,1,drone1
1.06256,-0.00407516,1.59703,54.265,1.0143,-2.14926,35.9096,-1.01359,2.1496,0.00396258,0.0703449,0,-0.097845,-0.0659192,-2.18522,1,drone1
1.05974,-0.00174966,1.57255,54.2431,0.640027,-1.7085,35.6718,-0.639743,1.7086,0.000887064,0.0665391,0,0.124898,-0.193983,-1.67098,1,drone1
1.04843,0.00989468,1.55334,54.1889,0.217101,-0.564543,35.8236,-0.21709,0.564547,-0.0101262,0.0512717,0,-0.00800659,-0.0580678,-0.567013,1,drone1
1.03054,0.0273334,1.55541,54.1378,0.11722,1.05258,35.7623,-0.1172,-1.05258,-0.025222,0.0278147,0,0.102141,0.532293,0.784404,1,drone1
1.00663,0.0441925,1.57275,54.0678,0.0286313,2.70202,35.8585,-0.0285994,-2.70203,-0.0398938,-0.00107348,0,0.102646,1.14268,2.15459,1,drone1
0.990012,0.0583384,1.58456,53.9579,-0.352502,3.6528,36.1265,0.351785,-3.65287,-0.053996,-0.0204641,0,0.000609863,1.2163,3.07872,1,drone1
0.980472,0.0590249,1.5908,53.8909,-0.461856,3.70046,35.8028,0.460893,-3.70058,-0.054854,-0.0303131,0,0.40224,1.16622,3.15108,1,drone1
0.97045,0.0478403,1.59365,53.9052,0.0518495,2.91743,36.1091,-0.0517823,-2.91743,-0.0436019,-0.0369242,0,0.018226,1.24038,2.31625,1,drone1
0.970705,0.0262168,1.59568,53.9595,0.722793,1.40008,35.8313,-0.722578,-1.40019,-0.0221951,-0.0315884,0,0.201034,1.1635,0.811318,1,drone1
0.979331,-0.00245346,1.59784,53.991,1.56367,-0.383247,36.0028,-1.56363,0.38339,-0.0181564,-0.0249903,0,0.181669,1.04702,0.730359,1,drone1
0.987414,-0.0377487,1.59443,54.0039,2.48526,-1.82563,36.2006,-2.484,1.82735,0.0420075,-0.00357672,0,-0.0301965,1.262,-2.51744,1,drone1
0.99429,-0.0658273,1.57742,54.0913,2.66056,-2.57445,35.9593,-2.65788,2.57722,0.0698267,0.00677661,0,0.196291,1.08413,-3.20419,1,drone1
0.997889,-0.0846948,1.57218,54.1874,2.39731,-2.96941,35.6254,-2.39409,2.972,0.087308,0.0119142,0,0.435301,0.69123,-3.42335,1,drone1
1.00743,-0.091952,1.58263,54.1742,1.79744,-2.70849,35.9378,-1.79543,2.70982,0.0695886,0.00819714,0,0.38992,0.623292,-3.08076,1,drone1
1.01502,-0.0924096,1.58272,53.9887,0.943423,-1.97177,36.2018,-0.942864,1.97204,0.0922846,0.0225289,0,-0.125055,-0.0441719,-2.0025,1,drone1
1.02286,-0.0924987,1.56716,53.7827,0.189826,-1.43282,35.9734,-0.189767,1.43283,0.090695,0.0286423,0,0.258514,-0.438595,-1.25074,1,drone1
1.03322,-0.0872293,1.55416,53.6166,-0.667499,-1.15259,36.0903,0.667364,1.15267,0.0829172,0.0369296,0,0.285989,-1.00955,-0.670427,1,drone1
1.0324,-0.0769156,1.55563,53.3455,-0.918112,-0.666747,36.2177,0.91805,0.666832,0.0725615,0.0342164,0,0.433433,-1.00656,-0.176409,1,drone1
1.0319,-0.0661301,1.56788,53.0666,-1.08086,-0.0153309,36.3392,1.08086,0.0153336,0.0624424,0.0315347,0,0.604995,-0.865817,0.409077,1,drone1
1.0311,-0.0638518,1.58359,52.8883,-0.646306,0.339539,36.4564,0.646294,-0.339561,0.0621386,0.0305324,0,0.664406,-0.374844,0.512332,1,drone1
1.03494,-0.0713027,1.59221,52.7476,-0.0335541,-0.263426,36.5442,0.0335537,0.263426,0.0704017,0.0370871,0,0.708322,-0.133329,-0.213931,1,drone1
1.03575,-0.0782839,1.60044,52.6951,0.431021,-1.33478,36.6296,-0.430904,1.33482,0.0771864,0.0413235,0,0.696845,-0.198011,-1.24824,1,drone1
1.0259,-0.079999,1.60342,52.663,1.01741,-1.36211,36.7882,-1.01712,1.36233,0.0805512,0.0321065,0,0.596546,0.257702,-1.50492,1,drone1
1.01363,-0.0717232,1.60958,52.6481,1.27282,-0.689891,36.9431,-1.27273,0.690061,0.0738922,0.0180568,0,0.445659,0.732368,-1.07356,1,drone1
1.00797,-0.05685,1.61066,52.6481,0.638762,-0.0663297,37.0657,-0.638762,0.0663339,0.0582941,0.00980779,0,0.291258,0.480038,-0.325493,1,drone1
1.00302,-0.0419188,1.61284,52.6864,-0.0316865,0.236768,37.1299,0.0316862,-0.236768,0.0421175,0.00313455,0,0.184112,0.0686261,0.181442,1,drone1
1.00093,-0.0269707,1.61628,52.7174,-0.841618,0.444419,37.1631,0.841593,-0.444467,0.0254845,-0.00047163,0,0.135149,-0.492913,0.667373,1,drone1
1.00389,-0.015787,1.61919,52.6477,-1.56102,0.65396,37.2584,1.56092,-0.654202,0.012874,0.00116466,0,0.141029,-0.981242,1.11659,1,drone1
1.00547,-0.0147702,1.61614,52.5495,-1.50831,0.641273,37.4067,1.50822,-0.641495,0.011917,0.00277294,0,0.0881341,-0.944689,1.08214,1,drone1
1.00386,-0.0217852,1.61602,52.4549,-0.770939,0.498616,37.5403,0.77091,-0.498662,0.0205297,0.00236184,0,0.0197358,-0.416316,0.677426,1,drone1
1.00287,-0.033157,1.61795,52.4606,-0.0236329,-0.0892815,37.6131,0.0236329,0.0892815,0.0330021,0.00361177,0,-0.0737065,-0.0535169,-0.0807552,1,drone1
0.994472,-0.0541389,1.6101,52.502,1.33277,-0.729211,37.618,-1.33266,0.729409,0.0565366,-0.00159883,0,-0.0792971,0.773875,-1.11772,1,drone1
0.986082,-0.0764506,1.60118,52.5836,2.7985,-1.39512,37.533,-2.79767,1.39678,0.0819068,-0.00612443,0,0.0522122,1.67535,-2.22387,1,drone1
0.974568,-0.0804635,1.5884,52.6278,3.31705,-1.0718,37.2485,-3.31647,1.0736,0.088238,-0.0169487,0,0.312492,2.20517,-2.18246,1,drone1
0.964424,-0.0666412,1.58583,52.7362,2.44118,-0.144524,37.5039,-2.44117,0.144655,0.07318,-0.03143,0,-0.174143,1.88934,-1.09027,1,drone1
0.951,-0.0403546,1.58408,53.0062,1.06011,1.33327,37.2541,-1.05982,-1.3335,0.0450158,-0.0508956,0,-0.272038,1.37453,0.630033,1,drone1
0.937918,-0.0104036,1.57212,53.2689,-0.105776,2.76523,37.1304,0.105653,-2.76524,0.0138351,-0.0700439,0,-0.36026,1.01169,2.24567,1,drone1
0.933318,0.0129191,1.56432,53.4508,-0.674287,3.45659,36.9173,0.67306,-3.45683,-0.00993351,-0.0778787,0,-0.262597,0.840212,3.03338,1,drone1
0.940347,0.022962,1.56585,53.6329,-1.33232,3.23929,36.6363,1.33019,-3.24016,-0.0221609,-0.0711599,0,-0.114094,0.236401,3.13048,1,drone1
0.953405,0.0194926,1.57579,53.8692,-1.41838,1.96449,36.2955,1.41755,-1.9651,-0.0208214,-0.0539822,0,-0.068344,-0.343234,2.14834,1,drone1
0.970679,0.0153316,1.58846,54.0847,-1.23772,0.491153,36.0398,1.23768,-0.491268,-0.0181744,-0.0318607,0,-0.0952825,-0.800993,0.888775,1,drone1
0.98226,0.0174346,1.60114,54.2489,-1.38412,-0.2347,35.9034,1.38411,0.234768,-0.0214675,-0.018346,0,-0.140377,-1.22172,0.362672,1,drone1
0.989038,0.0221355,1.61979,54.4921,-1.45735,-0.832413,35.7597,1.45719,0.832683,-0.026692,-0.0100513,0,-0.254416,-1.53465,-0.0927345,1,drone1
0.987128,0.0247511,1.63128,54.7736,-1.25023,-0.615382,35.6116,1.25016,0.615529,-0.0283437,-0.0121574,0,-0.385034,-1.28161,-0.00140874,1,drone1
0.985078,0.0172782,1.62762,54.9487,-0.492736,-0.637616,35.4857,0.492706,0.63764,-0.0192737,-0.0133026,0,-0.437321,-0.672229,-0.336483,1,drone1
0.983879,0.013751,1.62077,55.1449,-0.139553,-0.587783,35.4029,0.139545,0.587785,-0.0149593,-0.0141445,0,-0.548129,-0.362131,-0.445144,1,drone1
0.981959,0.0112877,1.61975,55.3812,0.0254808,-0.107373,35.3251,-0.0254808,0.107373,-0.011573,-0.0170098,0,-0.706254,-0.0239391,-0.118797,1,drone1
0.99229,0.0126176,1.6213,55.6219,-0.0828302,-0.264378,35.253,0.0828293,0.264378,-0.0132519,-0.00637971,0,-0.875092,-0.180361,-0.204042,1,drone1
1.00993,0.0240902,1.61388,55.9019,-1.06189,-0.492064,35.1527,1.06185,0.492148,-0.0272296,0.0108458,0,-1.05379,-1.09602,0.0197918,1,drone1
1.02505,0.0320569,1.60075,56.155,-1.59926,-0.478246,34.9964,1.59921,0.478433,-0.0365937,0.0253648,0,-1.14132,-1.54552,0.261273,1,drone1
1.0408,0.0439552,1.57842,56.3318,-2.09072,-0.564797,34.795,2.09062,0.565173,-0.0504535,0.0407023,0,-1.10665,-1.99959,0.403407,1,drone1
1.04772,0.0510404,1.55535,56.464,-2.299,-0.496288,34.5633,2.29891,0.496688,-0.0588982,0.0468702,0,-0.996884,-2.14817,0.558031,1,drone1
1.04865,0.0475248,1.53335,56.5175,-1.6796,-0.702093,34.3189,1.67948,0.702394,-0.0544327,0.0493004,0,-0.831343,-1.71736,0.123173,1,drone1
1.04595,0.0315596,1.51639,56.5537,-0.777587,-1.2413,34.1314,0.777405,1.24142,-0.0366736,0.0502398,0,-0.694001,-1.19722,-0.72037,1,drone1
1.02939,0.0161392,1.51215,56.7362,0.359476,-1.13604,33.9997,-0.359405,1.13606,-0.0167168,0.0355621,0,-0.720351,-0.197994,-1.13387,1,drone1
1.01379,-0.00320963,1.5256,57.0285,1.36187,-0.910453,33.8785,-1.3617,0.910711,0.00685926,0.0206327,0,-0.856547,0.748901,-1.39219,1,drone1
0.997484,-0.0296657,1.54097,57.3678,2.17765,-0.72779,33.7043,-2.17747,0.728316,0.0362143,0.00441253,0,-0.984055,1.52728,-1.60811,1,drone1
0.982078,-0.0518075,1.55267,57.6734,2.74104,-0.345827,33.4497,-2.74099,0.346223,0.0604395,-0.0120124,0,-1.02042,2.18401,-1.54587,1,drone1
0.980241,-0.0561662,1.55308,58.0614,2.17494,-0.0450492,33.1475,-2.17493,0.0450816,0.0633224,-0.0161114,0,-1.15497,1.8461,-1.04377,1,drone1
0.985198,-0.0427491,1.55778,58.3254,0.745051,0.507196,32.8969,-0.745022,-0.507239,0.045947,-0.0155019,0,-1.22325,0.873462,0.0773698,1,drone1
1.00026,-0.0257079,1.55889,58.5381,-0.813683,0.787788,32.7642,0.813606,-0.787868,0.0243532,-0.00394013,0,-1.27859,-0.340756,1.03438,1,drone1
1.01183,-0.0122578,1.56086,58.7277,-1.64506,0.816059,32.6083,1.64489,-0.816395,0.00836954,0.00632567,0,-1.27431,-1.04659,1.4459,1,drone1
1.01697,-0.00398076,1.56688,58.8858,-1.99841,1.14315,32.4046,1.99801,-1.14384,-0.000296392,0.0100472,0,-1.19122,-1.19943,1.89952,1,drone1
1.02538,-0.00354668,1.57458,59.0001,-1.81628,0.921946,32.1388,1.81604,-0.922409,-0.000233821,0.0197333,0,-1.06259,-1.14096,1.6302,1,drone1
1.03491,-0.00598212,1.56933,59.0886,-1.49545,0.3494,31.8923,1.49543,-0.349519,0.00224277,0.0315423,0,-0.94459,-1.12979,0.98899,1,drone1
1.04473,-0.013649,1.57108,59.1324,-1.19521,-0.500434,31.6949,1.19516,0.500542,0.00947135,0.0446171,0,-0.824037,-1.27128,0.114968,1,drone1
1.0474,-0.0227386,1.56645,59.0952,-0.257548,-1.17987,31.548,0.257494,1.17988,0.0202335,0.0512075,0,-0.643982,-0.784547,-0.915068,1,drone1
1.04076,-0.0236672,1.56212,59.0876,0.209456,-0.82231,31.4199,-0.209434,0.822315,0.0231864,0.04434,0,-0.500687,-0.212869,-0.828359,1,drone1
1.03064,-0.0163566,1.55516,59.1305,0.0832999,-0.0138063,31.3179,-0.0832998,0.0138064,0.0168669,0.0313215,0,-0.44827,0.065366,-0.0710264,1,drone1
1.02698,-0.00657948,1.5545,59.2563,-0.316849,0.267424,31.2735,0.316845,-0.267428,0.00624099,0.0259495,0,-0.526669,-0.144929,0.364269,1,drone1
1.02034,0.00862383,1.56152,59.3842,-0.791189,0.806257,31.2175,0.791111,-0.806334,-0.00958466,0.0167415,0,-0.578256,-0.29608,1.05995,1,drone1
1.01599,0.0275751,1.56524,59.3724,-1.52871,1.50012,31.1219,1.52819,-1.50066,-0.0297723,0.00885396,0,-0.409456,-0.595036,2.01664,1,drone1
1.01355,0.0345589,1.56257,59.2414,-1.30902,1.30958,30.8974,1.30868,-1.30992,-0.0364619,0.00724278,0,-0.0758753,-0.487995,1.74465,1,drone1
1.01451,0.0379123,1.56188,59.0346,-1.05912,1.01156,30.7049,1.05896,-1.01173,-0.0396105,0.00944219,0,0.300084,-0.410222,1.36436,1,drone1
1.01835,0.0364413,1.56371,58.7971,-1.04015,0.40984,30.8391,1.04013,-0.409908,-0.0392569,0.0153497,0,0.385451,-0.686595,0.837195,1,drone1
1.01634,0.0339405,1.55737,58.5768,-0.57296,0.225379,30.9487,0.572955,-0.22539,-0.0355997,0.0147537,0,0.480956,-0.377224,0.450602,1,drone1
1.01362,0.0281976,1.5558,58.4309,-0.00626766,0.175165,31.0223,0.00626763,-0.175165,-0.0280061,0.0133367,0,0.547011,0.079477,0.132351,1,drone1
1.00324,0.0288369,1.55451,58.42,0.110955,0.635499,31.0779,-0.110948,-0.6355,-0.0272259,0.00160319,0,0.502426,0.401411,0.465909,1,drone1
0.993674,0.0291731,1.56287,58.4317,0.10934,0.92208,31.1569,-0.109326,-0.922082,-0.0270085,-0.00881456,0,0.412802,0.537738,0.71054,1,drone1
0.985566,0.02292,1.57196,58.4602,0.233311,0.90919,31.2533,-0.233281,-0.909198,-0.0204425,-0.0164485,0,0.28592,0.635758,0.641315,1,drone1
0.977907,0.0223716,1.57211,58.5217,0.262744,1.13376,31.3466,-0.262692,-1.13377,-0.0194163,-0.024719,0,0.13117,0.767793,0.82047,1,drone1
0.980911,0.016781,1.56593,58.5531,0.40577,0.931007,31.4584,-0.405716,-0.93103,-0.0137049,-0.0208208,0,-0.0143822,0.791452,0.58125,1,drone1
0.999487,0.00952083,1.57592,58.5316,0.22543,-0.0734637,31.3671,-0.22543,0.0734643,-0.0112711,-0.0164311,0,-0.0125826,0.712314,0.523113,1,drone1
1.01673,0.00437874,1.58219,58.4145,-0.420054,-0.528547,31.2745,0.420036,0.528561,-0.00666471,0.0181952,0,0.308893,-0.610747,-0.266038,1,drone1
1.02405,-0.00249978,1.57908,58.327,-0.552026,-0.487328,31.3472,0.552006,0.48735,-0.00019826,0.0252014,0,0.323906,-0.701943,-0.16773,1,drone1
1.0194,-0.0134794,1.58182,58.2571,-0.0863549,-0.171921,31.4308,0.0863545,0.171921,0.0128183,0.0204466,0,0.311862,-0.155299,-0.123563,1,drone1
1.0149,-0.0221629,1.58138,58.1977,0.602898,-0.106966,31.4691,-0.602896,0.106972,0.0237418,0.0169938,0,0.338568,0.459782,-0.39791,1,drone1
1.00822,-0.027627,1.59274,58.1709,0.962853,-0.199115,31.5409,-0.962848,0.199143,0.0300519,0.011105,0,0.302731,0.720973,-0.647074,1,drone1
0.994858,-0.0266806,1.60749,58.1624,1.32546,0.135351,31.6358,-1.32546,-0.135387,0.0304585,-0.00281792,0,0.217452,1.18839,-0.534727,1,drone1
0.976496,-0.0137127,1.61487,58.1798,0.902381,1.04678,31.7544,-0.902231,-1.04691,0.0239913,-0.00243101,0,0.195204,1.06965,-0.481043,1,drone1
0.958616,-0.000168361,1.62674,58.2099,0.128058,1.86697,31.8856,-0.12799,-1.86697,0.00291811,-0.0450827,0,-0.0868082,0.990309,1.5086,1,drone1
0.943821,0.0165564,1.62447,58.2653,-0.215422,2.4011,31.7182,0.215233,-2.40112,-0.0137476,-0.0616994,0,0.050815,0.956807,2.12405,1,drone1
0.935505,0.0364068,1.60692,58.3302,-0.603917,3.00938,31.5078,0.603084,-3.00955,-0.033177,-0.0730052,0,0.240697,0.926381,2.82454,1,drone1
0.937244,0.0451202,1.58774,58.4666,-0.814698,2.72679,31.8133,0.813775,-2.72707,-0.0432167,-0.0714611,0,-0.195146,0.596413,2.69509,1,drone1
0.947281,0.0458533,1.58089,58.5199,-0.978651,1.89248,31.5302,0.978117,-1.89276,-0.0455597,-0.0596372,0,0.0143655,0.0702214,2.06199,1,drone1
0.961266,0.0398268,1.58883,58.5359,-1.06799,0.798778,31.3065,1.06789,-0.798917,-0.0414958,-0.0424078,0,0.190635,-0.52441,1.17428,1,drone1
0.974219,0.0231062,1.59497,58.4577,-0.691275,-0.589674,31.4144,0.691239,0.589717,-0.025952,-0.0246523,0,0.124869,-0.869534,-0.190128,1,drone1
0.991722,0.00961898,1.59113,58.3173,0.0331341,-1.62484,31.5123,-0.0331208,1.62484,-0.0121263,-0.00289672,0,0.181004,-0.746222,-1.41513,1,drone1
1.00687,0.00636471,1.58154,58.2028,-0.157101,-1.99641,31.667,0.157006,1.99642,-0.00944557,-0.0028021,0,0.163733,-0.671401,-1.27372,1,drone1
1.00689,0.000287148,1.56594,58.1185,-0.088152,-1.51157,31.8152,0.0881213,1.51157,-0.00330839,0.0123177,0,0.0714515,-0.787783,-1.26004,1,drone1
1.00597,0.000892009,1.55608,57.8926,0.0856666,-0.867689,31.9676,-0.0856568,0.86769,-0.00220814,0.00971921,0,0.143513,-0.333914,-0.79339,1,drone1
1.00357,0.00185425,1.55088,57.5911,0.0595508,-0.347915,32.054,-0.0595497,0.347915,-0.00227776,0.00549685,0,0.354915,-0.111008,-0.339801,1,drone1
0.994229,-0.00175963,1.55021,57.2657,0.470955,0.211092,32.1023,-0.470952,-0.211099,0.00394734,-0.00495651,0,0.631506,0.495022,-0.0633094,1,drone1
0.983072,1.75478e-05,1.55047,56.8916,0.493237,0.895676,32.1768,-0.493177,-0.895709,0.00377989,-0.0184439,0,0.926884,0.830606,0.49391,1,drone1
0.969957,0.00303039,1.55767,56.5114,0.691772,1.46621,32.3009,-0.691545,-1.46632,0.00272917,-0.0330542,0,1.17851,1.25547,0.867902,1,drone1
0.956122,0.000396547,1.56106,56.1835,1.1873,1.72504,32.4763,-1.18676,-1.72541,0.00775535,-0.0466878,0,1.32188,1.7749,0.846706,1,drone1
0.949028,-0.00507426,1.56311,55.9407,1.72951,1.82076,32.6948,-1.72864,-1.82159,0.0152356,-0.0529438,0,1.34052,2.25391,0.675741,1,drone1
0.960185,-0.0100809,1.56943,55.702,1.51611,1.0439,32.9936,-1.51586,-1.04427,0.0176648,-0.0395692,0,1.29739,1.71648,0.142671,1,drone1
0.98148,-0.0196298,1.56915,55.4855,0.822587,-0.55693,33.2449,-0.822548,0.556987,0.0218057,-0.0142872,0,1.28553,0.423302,-0.844156,1,drone1
1.00287,-0.0192022,1.56958,55.3844,-0.0954354,-1.67022,33.3934,0.0953949,1.67022,0.0161577,0.00895076,0,1.22715,-0.822218,-1.33506,1,drone1
1.02242,-0.0190054,1.57875,55.2209,-0.865989,-2.39814,33.5597,0.865231,2.39841,0.012241,0.0291707,0,1.20204,-1.76728,-1.57981,1,drone1
1.04124,-0.00870898,1.60077,55.0455,-1.96757,-2.74649,33.7684,1.96531,2.74811,-0.00108661,0.0464837,0,1.13585,-2.80357,-1.37398,1,drone1
1.05161,-0.00727433,1.61981,54.9425,-2.50817,-2.60216,34.0822,2.50558,2.60465,-0.00263343,0.0553453,0,0.9217,-3.16603,-1.03045,1,drone1
1.04029,-0.0109007,1.62335,54.8651,-1.65919,-1.42852,34.501,1.65867,1.42912,0.00511666,0.0423392,0,0.61409,-1.95709,-0.461948,1,drone1
1.01889,-0.0199133,1.61452,54.7927,-0.225015,-0.00903564,34.7528,0.225015,0.00903571,0.0195772,0.019432,0,0.449964,-0.174831,0.0701682,1,drone1
0.999311,-0.0228897,1.59919,54.6693,0.943518,1.18942,34.782,-0.943315,-1.18958,0.0275464,-0.00165133,0,0.534029,1.29033,0.541191,1,drone1
0.983656,-0.0208048,1.58379,54.5228,1.527,2.15592,34.8941,-1.52592,-2.15668,0.0216113,-0.0011612,0,0.481166,1.16108,0.487604,1,drone1
0.978952,-0.0238855,1.56999,54.3177,1.36599,2.11869,35.0361,-1.36506,-2.1193,0.0323124,-0.0243847,0,0.614294,2.02212,1.11054,1,drone1
0.988349,-0.0202465,1.56829,54.1032,0.588989,1.27287,35.3127,-0.588844,-1.27294,0.0248969,-0.013725,0,0.569961,1.03195,0.757939,1,drone1
1.00566,-0.0093734,1.58173,53.9715,-0.618294,0.242201,35.4689,0.618288,-0.242215,0.00862198,0.00483022,0,0.557254,-0.372489,0.435052,1,drone1
1.01772,0.000758614,1.58678,53.9151,-1.15517,-0.670739,35.5325,1.15509,0.670875,-0.00435577,0.0186468,0,0.539554,-1.1831,-0.0750543,1,drone1
1.02115,0.0188089,1.57795,53.8669,-1.46543,-0.287256,35.669,1.46541,0.28735,-0.0228016,0.0203496,0,0.463989,-1.26789,0.360566,1,drone1
1.0269,0.024196,1.57429,53.8804,-1.70023,-0.334915,35.806,1.7002,0.335063,-0.0289004,0.0259052,0,0.316044,-1.47369,0.416538,1,drone1
1.02428,0.0337959,1.56616,53.8996,-1.83106,-0.0231484,35.9715,1.83106,0.0231602,-0.0383891,0.0221212,0,0.144952,-1.44745,0.717971,1,drone1
1.00844,0.0381365,1.55148,53.958,-1.31165,0.578681,36.1476,1.31158,-0.578833,-0.0401156,0.00513698,0,-0.0891316,-0.778782,0.987454,1,drone1
0.985599,0.0377909,1.5554,54.0467,-0.420202,1.24133,36.0173,0.420103,-1.24137,-0.0354839,-0.0183298,0,-0.065233,0.222575,1.15934,1,drone1
0.961844,0.041122,1.56586,54.1047,-0.0801724,1.99493,35.8928,0.0801238,-1.99493,-0.036296,-0.0437131,0,-0.000837469,0.819015,1.6297,1,drone1
0.946204,0.0462375,1.57295,54.2066,-0.142309,2.38914,35.7136,0.142185,-2.38915,-0.04071,-0.0604809,0,0.0844812,0.946071,1.97585,1,drone1
0.932567,0.0475972,1.57103,54.3026,-0.0353641,2.46158,35.9284,0.0353314,-2.46158,-0.0416697,-0.0739753,0,-0.234193,1.06445,1.99831,1,drone1
0.919152,0.0434366,1.55915,54.3705,0.432501,2.41789,35.6812,-0.432116,-2.41796,-0.0353093,-0.0869626,0,-0.0827009,1.44505,1.76668,1,drone1
0.915127,0.034049,1.55071,54.4902,0.811406,1.87919,35.4446,-0.81097,-1.87938,-0.0248227,-0.0887761,0,0.014317,1.54699,1.16897,1,drone1
0.915332,0.0243153,1.54659,54.5933,1.14514,1.02446,35.2568,-1.14495,-1.02466,-0.0147846,-0.0850618,0,0.0975068,1.47646,0.330629,1,drone1
0.922504,0.0136304,1.54294,54.7347,1.15946,0.297676,35.4229,-1.15944,-0.297737,-0.00519294,-0.0751975,0,-0.201966,1.20008,-0.262725,1,drone1
0.935153,-0.00431592,1.54952,54.8914,1.23321,-0.689102,35.3192,-1.23312,0.689262,0.0117068,-0.0590014,0,-0.232706,0.864109,-1.10374,1,drone1
0.956618,-0.0214855,1.56579,55.1764,1.17848,-1.87429,35.2007,-1.17785,1.87469,0.0271416,-0.0340883,0,-0.366444,0.339533,-2.06072,1,drone1
0.975057,-0.0314341,1.58239,55.392,0.845008,-2.60295,34.9884,-0.844136,2.60323,0.0357054,-0.0144715,0,-0.372591,-0.227744,-2.52691,1,drone1
0.985923,-0.0279529,1.58835,55.5452,0.097968,-2.2421,34.6975,-0.097893,2.2421,0.0314806,-0.00585238,0,-0.302918,-0.672645,-1.91248,1,drone1
0.989432,-0.0219045,1.58796,55.7558,-0.628453,-1.22832,34.4753,0.628309,1.22839,0.0257492,-0.00627128,0,-0.334878,-0.811917,-0.762571,1,drone1
0.991368,-0.0247612,1.58169,55.9921,-0.558234,-0.387878,34.3689,0.558221,0.387896,0.0310579,-0.00663053,0,-0.47182,-0.358817,-0.0963152,1,drone1
0.99126,-0.0249631,1.58062,56.1058,-0.761368,0.271966,34.3162,0.76136,-0.27199,0.0328422,-0.00896429,0,-0.535523,-0.204334,0.542679,1,drone1
0.988062,-0.019388,1.56594,56.1879,-1.01153,0.94154,34.2503,1.01139,-0.941687,0.028762,-0.0147333,0,-0.543533,-0.0786327,1.21207,1,drone1
0.989664,-0.00957862,1.55428,56.1694,-1.41948,1.34489,34.1338,1.41909,-1.3453,0.019714,-0.0152102,0,-0.39166,-0.190916,1.72716,1,drone1
0.990098,-0.00709697,1.54762,56.0829,-1.37649,1.07263,33.9481,1.37625,-1.07294,0.0185177,-0.0136154,0,-0.152608,-0.215711,1.48065,1,drone1
0.996886,-0.0098495,1.54969,56.0328,-0.95695,0.244547,33.776,0.956941,-0.244581,0.0230627,-0.00273465,0,0.00645404,-0.172857,0.608547,1,drone1
1.00338,-0.0112071,1.55256,55.9615,-0.459896,-0.194626,33.7071,0.459894,0.194632,0.027372,0.00660152,0,0.109124,0.108853,0.0239968,1,drone1
1.00248,-0.0129408,1.55843,55.8825,0.283643,-0.400482,33.7262,-0.283636,0.400487,0.0335631,0.0081251,0,0.14803,0.702462,-0.476885,1,drone1
0.999176,-0.013561,1.55802,55.9119,0.755344,-0.660651,33.8191,-0.755294,0.660708,0.0378155,0.00684172,0,0.0148203,1.05537,-0.899544,1,drone1
1.00014,-0.00700206,1.54554,55.9726,0.563829,-0.753247,33.6791,-0.56378,0.753284,0.0330949,0.00829323,0,0.0642132,0.938824,-0.892822,1,drone1
1.00036,0.00545309,1.54036,56.0287,-0.264179,-0.118988,33.8008,0.264178,0.118989,0.0216979,0.00473055,0,-0.154409,0.627541,0.00267415,1,drone1
0.994047,0.0168101,1.55287,56.0875,-0.567518,0.753717,33.7442,0.567469,-0.753754,0.0140168,-0.00503614,0,-0.166518,0.859702,0.861329,1,drone1
0.987475,0.0211233,1.56686,56.099,-0.146748,1.17193,33.617,0.146717,-1.17193,0.0151218,-0.0117942,0,-0.0788898,1.49668,1.01881,1,drone1
0.976021,0.0227913,1.5717,55.9799,0.433412,1.5171,33.4214,-0.43326,-1.51715,0.0194175,-0.0229629,0,0.20406,2.23719,1.03326,1,drone1
0.963648,0.0264249,1.57081,55.8385,0.706907,1.57512,33.6609,-0.70664,-1.57524,0.0202664,-0.0349372,0,0.083598,2.58991,0.962239,1,drone1
0.956131,0.0284986,1.57144,55.7171,1.04138,1.32861,33.9326,-1.0411,-1.32883,0.022316,-0.0409472,0,-0.0832679,2.86129,0.618294,1,drone1
0.952293,0.0285516,1.571,55.6586,1.24075,0.988942,33.6425,-1.24056,-0.989174,0.016693,-0.0325052,0,-0.0735431,2.57521,0.556224,1,drone1
0.953782,0.0230972,1.57221,55.5994,1.24462,0.388438,33.392,-1.24459,-0.38853,0.0346087,-0.0391136,0,0.572514,2.84302,-0.276671,1,drone1
0.960547,0.0115319,1.57241,55.5464,1.53183,-0.460591,33.7039,-1.53178,0.460756,0.049278,-0.0288156,0,0.339406,2.82455,-1.08786,1,drone1
0.967946,0.00445493,1.56736,55.4856,1.45447,-1.14164,34.0249,-1.45418,1.14201,0.0588315,-0.0191313,0,0.094842,2.59446,-1.59854,1,drone1
0.976595,0.00660479,1.55482,55.4434,0.862201,-1.19951,34.3187,-0.862012,1.19965,0.0586941,-0.011287,0,-0.189799,2.22536,-1.37315,1,drone1
0.985318,0.00994269,1.55143,55.3171,0.357442,-1.24514,34.0461,-0.357358,1.24516,0.0578296,-0.00287729,0,0.18595,1.92552,-1.2005,1,drone1
0.992831,0.0118122,1.55603,55.1547,-0.0468784,-1.49926,34.2646,0.0468623,1.49926,0.0519353,0.00423287,0,0.11721,1.42511,-1.21432,1,drone1
0.994538,0.0159637,1.55575,54.9256,-0.31471,-1.09315,34.4473,0.314653,1.09317,0.0431086,0.00411086,0,0.152196,1.24526,-0.771581,1,drone1
0.986891,0.0247675,1.54766,54.6535,-0.469044,-0.292108,34.5981,0.469038,0.292118,0.0311036,-0.00667039,0,0.272974,1.33541,-0.0592726,1,drone1
0.973877,0.0455169,1.5389,54.3988,-0.841313,1.19651,34.7545,0.841129,-1.19664,0.0081149,-0.0262966,0,0.405029,1.55073,1.29709,1,drone1
0.962812,0.0657557,1.54335,54.1709,-1.15615,2.60685,34.996,1.15495,-2.60738,-0.0140786,-0.0433404,0,0.461692,1.77917,2.5584,1,drone1
0.962375,0.0806571,1.5617,54.0415,-1.21753,3.05253,35.3239,1.2158,-3.05322,-0.0321557,-0.0446595,0,0.2893,1.79364,2.9426,1,drone1
0.965031,0.0841943,1.57855,53.9774,-0.749188,2.62901,35.6396,0.748399,-2.62923,-0.0386347,-0.0388049,0,-0.0197082,1.86996,2.41271,1,drone1
0.975571,0.0779529,1.58848,53.8488,-0.281583,1.2577,35.3062,0.281516,-1.25772,-0.0363514,-0.023117,0,0.380042,1.57837,1.09987,1,drone1
0.980367,0.0706744,1.58694,53.7355,0.125836,0.0373628,35.4963,-0.125836,-0.0373629,-0.0329025,-0.0138576,0,0.287656,1.29348,-0.0469424,1,drone1
0.974297,0.0623432,1.58743,53.6898,1.07464,-0.637025,35.6409,-1.07458,0.637137,-0.0256003,-0.0162875,0,0.2163,1.68053,-0.981024,1,drone1
0.967807,0.0575282,1.59653,53.6395,1.82636,-0.753973,35.8486,-1.8262,0.754356,-0.02161,-0.0213957,0,0.0958838,2.14982,-1.38151,1,drone1
0.953473,0.0631401,1.61038,53.5917,2.30512,0.331559,36.0669,-2.30508,-0.331828,-0.0273282,-0.0382594,0,-0.103604,2.90232,-0.699034,1,drone1
0.946567,0.0758767,1.6152,53.4875,1.68127,1.36079,35.7415,-1.6808,-1.36137,-0.0425683,-0.049066,0,0.274485,2.74678,0.365279,1,drone1
0.954842,0.0980538,1.61501,53.3552,0.135682,1.61436,36.0562,-0.135628,-1.61436,-0.0708831,-0.0435426,0,0.108366,1.53989,1.21277,1,drone1
0.973414,0.13005,1.61148,53.1154,-1.96671,1.66762,36.3137,1.96588,-1.6686,-0.110433,-0.0283042,0,0.199221,-0.181508,2.10865,1,drone1
0.987692,0.156585,1.60565,52.8456,-3.42702,1.89626,36.5825,3.42514,-1.89965,-0.142572,-0.0171847,0,0.342519,-1.30324,2.86938,1,drone1
0.99786,0.178472,1.59949,52.5682,-4.22179,1.72551,36.9129,4.21987,-1.73021,-0.168816,-0.00799592,0,0.353632,-2.05238,3.03452,1,drone1
1.00556,0.185785,1.59357,52.3439,-4.00975,1.17778,37.2356,4.0089,-1.18066,-0.178206,0.00178236,0,0.166082,-2.15684,2.49778,1,drone1
1.00568,0.174224,1.58355,52.1276,-2.87311,0.474043,36.8467,2.87301,-0.474639,-0.166338,0.00396617,0,0.60742,-1.56847,1.49869,1,drone1
0.997968,0.14588,1.57617,52.0283,-0.66445,-0.409117,37.0429,0.664433,0.409145,-0.134213,0.00308467,0,0.388325,-0.235004,-0.07731,1,drone1
0.980933,0.109472,1.56803,51.8553,1.63141,-0.71236,37.114,-1.63128,0.712649,-0.0921129,-0.00890771,0,0.530681,1.40008,-1.22461,1,drone1
0.953336,0.0769885,1.56485,51.567,3.21233,0.119461,37.28,-3.21233,-0.119649,-0.0536969,-0.0359261,0,0.676768,2.9173,-1.19786,1,drone1
0.934915,0.04695,1.5737,51.3621,3.81645,0.551335,37.5718,-3.81627,-0.552561,-0.022181,-0.0541084,0,0.579215,3.52066,-1.08584,1,drone1
0.92727,0.0291962,1.57495,51.2154,3.40238,0.803178,37.9333,-3.40204,-0.804596,-0.00622591,-0.0626144,0,0.307987,3.27283,-0.709777,1,drone1
0.923876,0.0293307,1.55627,51.0058,2.38378,1.71868,38.2456,-2.38271,-1.72016,-0.00798108,-0.0701361,0,0.114373,2.80829,0.401426,1,drone1
0.931409,0.0329086,1.53994,50.7198,0.796935,2.18287,38.0028,-0.796357,-2.18308,-0.0154434,-0.0669407,0,0.638362,1.74705,1.34374,1,drone1
0.942373,0.0379425,1.53911,50.4408,-0.56702,1.83816,38.2814,0.566728,-1.83825,-0.0262225,-0.057052,0,0.673475,0.555049,1.5954,1,drone1
0.948797,0.0360874,1.55089,50.212,-1.00574,1.25416,38.4674,1.0055,-1.25435,-0.0271315,-0.0489014,0,0.704561,-0.0102408,1.31108,1,drone1
0.958722,0.0217214,1.55714,50.0256,-0.957174,0.448294,38.6017,0.957145,-0.448356,-0.0217453,-0.0385456,0,0.634097,-0.00994225,1.17997,1,drone1
0.977355,0.00158781,1.55474,49.8182,-1.02284,-0.701236,38.7156,1.02276,0.701347,0.00339228,-0.0129855,0,0.77541,-0.762632,-0.16848,1,drone1
0.990383,-0.0253405,1.56105,49.5905,-0.701516,-1.9314,38.8146,0.701117,1.93155,0.0292159,0.00515237,0,0.886204,-0.975614,-1.21215,1,drone1
0.995233,-0.0576398,1.55426,49.4518,0.198574,-2.87733,39.0278,-0.198324,2.87735,0.0626397,0.0154963,0,0.855828,-0.643701,-2.25351,1,drone1
0.988627,-0.0948742,1.54235,49.3941,1.91751,-3.27523,39.3774,-1.91438,3.27706,0.104984,0.0142594,0,0.71776,0.512796,-3.18195,1,drone1
0.976572,-0.11795,1.53238,49.3622,2.91672,-3.02029,39.7515,-2.91266,3.0242,0.132374,0.00355559,0,0.456836,1.37795,-3.34762,1,drone1
0.973056,-0.118554,1.52738,49.2942,2.19424,-2.4188,40.0547,-2.19228,2.42057,0.131827,-0.00361067,0,0.0914945,1.07432,-2.62477,1,drone1
0.965074,-0.107881,1.52241,49.1951,1.00064,-1.15692,39.6986,-1.00044,1.1571,0.11957,-0.0172025,0,0.397241,0.626949,-1.24933,1,drone1
0.954036,-0.0929989,1.53084,49.1211,0.274376,0.334977,39.8219,-0.274371,-0.334981,0.105043,-0.035087,0,0.301481,0.629167,0.132701,1,drone1
0.943729,-0.0799855,1.54452,49.1077,0.336024,1.33371,39.8867,-0.335933,-1.33373,0.0941399,-0.0487351,0,0.24477,1.04262,0.85993,1,drone1
0.944467,-0.0617532,1.54183,49.1717,0.0123848,1.81238,40.0316,-0.0123786,-1.81238,0.0757863,-0.0506358,0,0.045896,0.978916,1.33941,1,drone1
0.949056,-0.0417353,1.54535,49.2961,-0.821488,2.14528,40.2288,0.820912,-2.1455,0.0536156,-0.0488459,0,-0.229739,0.475295,1.89356,1,drone1
0.957985,-0.0277755,1.55204,49.4291,-1.31552,1.77692,40.0423,1.31489,-1.77739,0.0378857,-0.0393577,0,-0.163925,-0.0124954,1.79574,1,drone1
0.969785,-0.0222646,1.55019,49.4487,-1.56855,1.2604,39.8557,1.56817,-1.26087,0.0311454,-0.0263104,0,-0.00734604,-0.370423,1.49758,1,drone1
0.984241,-0.0310599,1.54586,49.3289,-1.13403,0.138678,39.6697,1.13403,-0.138705,0.0398656,-0.00732448,0,0.240302,-0.427272,0.494587,1,drone1
1.00504,-0.0404719,1.5482,49.184,-0.541183,-1.17299,39.7254,0.541069,1.17304,0.0493073,0.0188884,0,0.307753,-0.43732,-0.704962,1,drone1
1.01885,-0.0492124,1.55491,49.0932,-0.160996,-2.15961,39.819,0.160882,2.15962,0.058127,0.0364626,0,0.321209,-0.487999,-1.58,1,drone1
1.02899,-0.0519221,1.56235,49.0244,0.123172,-2.74459,39.9996,-0.123031,2.7446,0.0614297,0.0485487,0,0.234957,-0.460878,-2.1187,1,drone1
1.02792,-0.0468627,1.57447,48.9178,0.181225,-2.3619,40.2193,-0.181071,2.36191,0.0579989,0.0458179,0,0.114688,-0.253895,-1.85055,1,drone1
1.02351,-0.0356767,1.58168,48.779,-0.0865589,-1.3423,40.397,0.0865352,1.3423,0.0482889,0.0377773,0,0.047302,-0.0680776,-0.990985,1,drone1
1.01581,-0.0188964,1.58652,48.7255,-0.411768,-0.2013,40.497,0.411766,0.201305,0.0329811,0.026224,0,-0.00523427,0.113597,-0.0241633,1,drone1
1.01121,-0.00897638,1.58942,48.7071,-0.584575,0.0901276,40.4878,0.584575,-0.0901323,0.0237973,0.0205126,0,0.0261738,0.111277,0.253832,1,drone1
0.995265,-9.90534e-06,1.5959,48.7517,-0.236491,0.693885,40.5176,0.236474,-0.693891,0.0175594,0.00330898,0,-0.0465805,0.608347,0.58371,1,drone1
0.972997,0.0124689,1.60532,48.88,0.0481289,1.42384,40.4291,-0.048114,-1.42384,0.0077725,-0.0205054,0,-0.0854229,1.10619,1.03231,1,drone1
0.948184,0.0328885,1.61521,48.9362,-0.0929418,2.29302,40.2825,0.0928674,-2.29303,-0.0107828,-0.047611,0,0.02465,1.3401,1.73184,1,drone1
0.917832,0.046407,1.61654,48.9876,0.335783,2.97075,40.0424,-0.335332,-2.9708,-0.0208859,-0.0792888,0,0.203798,1.94063,2.0831,1,drone1
0.900572,0.0586671,1.62004,49.0157,0.729962,3.32677,40.3031,-0.728732,-3.32704,-0.0310791,-0.0968627,0,-0.102209,2.38529,2.22223,1,drone1
0.892666,0.0614372,1.61607,49.0481,1.19752,2.97106,39.9574,-1.19591,-2.97171,-0.031271,-0.103788,0,0.185712,2.65692,1.77746,1,drone1
0.890457,0.0564221,1.60944,49.1022,1.50035,2.17227,40.283,-1.49927,-2.17302,-0.0256826,-0.103655,0,-0.198353,2.63155,1.0887,1,drone1
0.896497,0.0511021,1.59856,49.1411,1.42299,0.960336,40.0307,-1.42279,-0.960632,-0.0201054,-0.0947924,0,0.0371032,2.18772,0.195371,1,drone1
0.901417,0.0495292,1.59739,49.26,1.45824,0.0314248,39.8341,-1.45824,-0.0314349,-0.0181449,-0.0873815,0,0.139928,1.92643,-0.520653,1,drone1
0.91013,0.0509129,1.59793,49.4583,1.16101,-0.513898,40.0453,-1.16096,0.514003,-0.0202773,-0.0774649,0,-0.261916,1.55868,-0.817303,1,drone1
0.925538,0.0507876,1.60903,49.676,0.383417,-0.984078,39.8634,-0.383361,0.9841,-0.0215048,-0.0619258,0,-0.310322,0.848648,-0.898288,1,drone1
0.928945,0.0555006,1.62622,49.8065,0.154825,-0.761338,39.7313,-0.154811,0.761341,-0.0249446,-0.0595818,0,-0.316998,0.804191,-0.648066,1,drone1
0.91755,0.0590514,1.62964,49.8904,0.62825,0.246377,39.6183,-0.628245,-0.246392,-0.0245283,-0.0728369,0,-0.29246,1.58208,-0.0529424,1,drone1
0.906718,0.0656102,1.62274,49.983,0.947827,1.30102,39.4385,-0.947583,-1.3012,-0.0200657,-0.0582967,0,-0.263272,1.42386,-0.0480103,1,drone1
0.902941,0.0734747,1.61575,50.0014,0.548731,1.89722,39.297,-0.54843,-1.8973,-0.0329365,-0.0918764,0,-0.0864987,2.24326,1.22731,1,drone1
0.907128,0.077474,1.60197,49.9367,0.295356,1.75829,39.0503,-0.295217,-1.75832,-0.0270657,-0.0731084,0,-0.0756807,2.01903,1.10436,1,drone1
0.91959,0.085765,1.57885,49.9618,-0.204474,1.32608,38.8339,0.204419,-1.32609,-0.0429841,-0.0759853,0,0.434034,1.59929,1.05345,1,drone1
0.934792,0.0936251,1.5719,49.935,-1.08061,0.956128,39.0439,1.08046,-0.956299,-0.0523178,-0.0611113,0,0.273552,0.864794,1.10082,1,drone1
0.945334,0.0935614,1.57543,49.8403,-1.56245,0.934848,39.1942,1.56224,-0.935195,-0.0515952,-0.0511043,0,0.238398,0.565649,1.25986,1,drone1
0.949553,0.082359,1.57465,49.6839,-1.41061,0.674079,39.3255,1.41051,-0.674283,-0.0379154,-0.0456918,0,0.246718,0.665029,1.00189,1,drone1
0.941358,0.0626852,1.56983,49.5066,-0.294816,0.387406,39.4338,0.294809,-0.387411,-0.0124596,-0.0510507,0,0.279825,1.48724,0.37371,1,drone1
0.938347,0.0430065,1.55843,49.3325,0.728141,0.168609,39.5856,-0.728137,-0.168623,0.0130681,-0.0514294,0,0.301,2.26524,-0.164153,1,drone1
0.941917,0.0198282,1.54397,49.1334,1.39477,-0.440006,39.8275,-1.39473,0.440136,0.0405693,-0.0441712,0,0.287407,2.63774,-0.85833,1,drone1
0.94806,-0.00334934,1.5366,48.8533,2.15972,-1.48083,40.1513,-2.159,1.48188,0.0678536,-0.0324498,0,0.331352,2.93416,-1.90254,1,drone1
0.954924,-0.0156474,1.54024,48.559,2.26241,-2.04658,40.5271,-2.26096,2.04818,0.0826769,-0.0233825,0,0.292429,2.91674,-2.34367,1,drone1
0.965539,-0.0164172,1.53983,48.2169,1.84072,-2.20561,40.892,-1.83935,2.20675,0.0850255,-0.0129534,0,0.244824,2.66249,-2.29543,1,drone1
0.983783,-0.013809,1.54321,47.9956,0.86166,-2.36313,41.2087,-0.860927,2.36339,0.0821189,0.00389345,0,0.0862723,2.01011,-2.05986,1,drone1
1.00499,-0.0065072,1.54828,47.8792,-0.516403,-2.572,41.4378,0.515882,2.5721,0.0678206,0.0228027,0,-0.0975946,0.876628,-1.7276,1,drone1
1.02049,-0.00372933,1.54889,47.7742,-1.2455,-2.43594,41.214,1.24438,2.43651,0.0587355,0.0371077,0,0.202955,0.264801,-1.3867,1,drone1
1.01862,-0.00413245,1.55346,47.6423,-0.913841,-1.75172,41.3815,0.913414,1.75194,0.0580678,0.0333804,0,0.179204,0.636329,-0.997915,1,drone1
1.00996,-0.00213721,1.56442,47.6015,-0.15539,-0.819697,41.5269,0.155374,0.8197,0.0570407,0.022564,0,0.0888678,1.40722,-0.569439,1,drone1
1.00257,0.00318379,1.57026,47.5922,0.18179,0.163571,41.6806,-0.181789,-0.163571,0.0513193,0.0123721,0,-0.0560442,1.89066,0.0427388,1,drone1
1.00255,0.00937791,1.56094,47.5072,0.0448035,0.768236,41.4913,-0.0447994,-0.768236,0.0427535,0.0103802,0,0.220562,1.906,0.52248,1,drone1
1.00903,0.00909035,1.5541,47.3914,-0.146593,0.624295,41.6925,0.146584,-0.624297,0.0395663,0.0169218,0,0.13709,1.6341,0.483381,1,drone1
1.01626,0.000119604,1.55636,47.3017,-0.0422396,-0.115664,41.8618,0.0422395,0.115664,0.0453172,0.0267459,0,0.0536441,1.3871,-0.0899679,1,drone1
1.02134,-0.00896914,1.55733,47.3271,0.228734,-0.632228,42.0035,-0.22872,0.632233,0.0523312,0.0338333,0,-0.108214,1.34448,-0.55364,1,drone1
1.03058,-0.0205181,1.55255,47.3346,0.398229,-1.44432,41.8652,-0.398102,1.44436,0.0609749,0.0462543,0,0.0399921,1.13203,-1.2068,1,drone1
1.038,-0.0259491,1.54415,47.4181,0.438002,-2.03553,42.0362,-0.437725,2.03559,0.0638643,0.0556627,0,-0.198619,0.910147,-1.65049,1,drone1
1.04184,-0.0205638,1.54407,47.5888,0.0485768,-1.67522,41.8324,-0.0485561,1.67522,0.0559457,0.0576984,0,-0.19002,0.685199,-1.26143,1,drone1
1.03868,-0.00383388,1.54551,47.7051,-0.790683,-0.543953,41.6786,0.790647,0.544005,0.0365921,0.0493622,0,-0.168765,0.393256,-0.15036,1,drone1
1.02314,0.00495596,1.55409,47.7458,-0.739787,0.876902,41.652,0.7397,-0.876975,0.0288765,0.0292519,0,-0.158351,0.861264,0.878966,1,drone1
1.00329,0.0055309,1.559,47.7826,-0.0304012,1.56209,41.5175,0.0303899,-1.56209,0.0304158,0.00840459,0,-0.0706238,1.57493,1.14375,1,drone1
0.981842,0.0036024,1.57847,47.931,1.13706,1.74593,41.2873,-1.13654,-1.74627,0.034867,-0.0115672,0,-0.0176969,2.46555,0.883839,1,drone1
0.961364,0.00171888,1.60719,48.0622,2.12982,1.51607,41.0037,-2.12907,-1.51712,0.0375432,-0.0297532,0,0.133805,3.09306,0.367445,1,drone1
0.953528,0.00195813,1.62108,48.1976,2.30516,0.9271,41.3346,-2.30486,-0.92785,0.0354965,-0.0362304,0,-0.309122,2.9971,-0.106836,1,drone1
0.956411,0.00646117,1.61874,48.3036,1.85726,-0.356017,41.0819,-1.85723,0.356204,0.0279242,-0.0307511,0,-0.122181,2.20245,-0.91782,1,drone1
0.963047,0.0177377,1.61684,48.3451,0.920409,-1.03195,40.848,-0.920259,1.03209,0.0130282,-0.0235908,0,0.0576267,1.24863,-1.10352,1,drone1
0.971221,0.0360521,1.6164,48.2952,-0.484697,-0.791742,40.9914,0.484651,0.79177,-0.00909713,-0.0177885,0,-0.0716868,0.271709,-0.438111,1,drone1
0.97876,0.0436428,1.60275,48.2717,-1.03271,-0.361332,40.9395,1.03268,0.361391,-0.0182852,-0.0120117,0,0.0091419,-0.00214522,0.0696031,1,drone1
0.988095,0.0535737,1.58651,48.3347,-1.521,0.102013,40.9557,1.521,-0.102049,-0.0297377,-0.00470814,0,-0.0484548,-0.218564,0.582428,1,drone1
0.996825,0.0606197,1.58286,48.3767,-2.06509,0.0890845,40.8938,2.06508,-0.0891424,-0.0387889,0.00319889,0,-0.0108633,-0.636712,0.761631,1,drone1
1.0059,0.0585732,1.57713,48.4016,-2.0818,-0.573895,40.7705,2.0817,0.574274,-0.0381535,0.0140465,0,0.0603544,-0.884525,0.276727,1,drone1
1.00416,0.0444949,1.57134,48.4771,-0.753579,-1.20224,40.8684,0.753413,1.20234,-0.0212347,0.01623,0,-0.134803,-0.118805,-0.651237,1,drone1
0.996271,0.026321,1.56729,48.583,1.02742,-1.39715,40.8417,-1.02711,1.39738,0.0020481,0.0116749,0,-0.157266,1.14061,-1.41417,1,drone1
0.977284,0.0124528,1.57066,48.5871,2.48948,-0.789426,40.6685,-2.48924,0.790171,0.0214073,-0.00695939,0,0.0632419,2.44001,-1.47575,1,drone1
0.959769,-0.00748051,1.57232,48.6118,3.66608,-0.236525,40.3642,-3.66605,0.23701,0.0460739,-0.0240003,0,0.382023,3.50811,-1.49387,1,drone1
0.955097,-0.0215989,1.56874,48.6508,3.868,-0.245285,40.7483,-3.86796,0.245845,0.0354653,-0.0198045,0,0.33965,3.15777,-1.34324,1,drone1
0.951352,-0.0184362,1.56304,48.716,2.80011,0.0519142,41.0737,-2.8001,-0.0519762,0.055556,-0.0349188,0,-0.503755,3.00541,-0.932777,1,drone1
0.951447,-0.00670087,1.55387,48.7957,1.13167,0.293382,40.7514,-1.13166,-0.293439,0.0397905,-0.0378088,0,-0.32249,1.85335,-0.186093,1,drone1
0.950831,0.0119039,1.54439,48.8755,-0.225289,0.732523,40.5709,0.225271,-0.732528,0.0181533,-0.0420799,0,-0.220324,1.00845,0.613435,1,drone1
0.946154,0.0298262,1.53025,49.0116,-1.41366,1.35535,40.4815,1.41326,-1.35576,-0.00219115,-0.0512509,0,-0.206851,0.356348,1.5001,1,drone1
0.941293,0.0340793,1.5186,49.0757,-1.3865,1.26277,40.3231,1.38616,-1.26314,-0.0057242,-0.0561042,0,-0.117723,0.370906,1.42265,1,drone1
0.932744,0.0298603,1.52124,49.0677,-0.610547,0.855525,40.1543,0.610479,-0.855573,0.00176768,-0.061728,0,0.0157746,0.839917,0.840572,1,drone1
0.926597,0.0254387,1.53287,48.9988,0.168219,0.363291,40.2629,-0.168215,-0.363292,0.00912125,-0.0646396,0,-0.0418259,1.27983,0.19562,1,drone1
0.92044,0.0105723,1.5389,48.9574,1.12365,0.206748,40.1304,-1.12364,-0.206788,0.0283519,-0.0684169,0,0.139495,1.9739,-0.265295,1,drone1
0.916167,-0.00978646,1.53685,48.9663,2.39635,-0.0312408,40.3354,-2.39635,0.0312681,0.0537876,-0.0696118,0,-0.0278821,2.88256,-0.886888,1,drone1
0.914728,-0.0260571,1.54435,48.9548,2.8945,-0.279501,40.0466,-2.89446,0.279859,0.0728262,-0.068913,0,0.312412,3.20197,-1.26664,1,drone1
0.920457,-0.0295664,1.54992,48.9991,2.26097,-0.58826,40.4011,-2.26085,0.588718,0.0744416,-0.063722,0,-0.103814,2.67287,-1.25415,1,drone1
0.92957,-0.0248864,1.55189,49.0472,1.08057,-0.644245,40.0945,-1.0805,0.64436,0.0674015,-0.056065,0,0.106351,1.81236,-0.888264,1,drone1
0.94571,-0.00633334,1.54812,49.1265,-0.504824,-0.372805,40.2811,0.504814,0.372819,0.0452,-0.0438014,0,-0.187961,0.772446,-0.116126,1,drone1
0.962077,0.0137302,1.54242,49.1799,-1.62973,-0.113312,40.2008,1.62972,0.113358,0.0232592,-0.0303372,0,-0.140147,0.0735947,0.477636,1,drone1
0.985321,0.0230898,1.5391,49.2234,-2.1222,-0.296812,40.1427,2.12217,0.297015,0.0134422,-0.00740842,0,-0.118136,-0.302264,0.51527,1,drone1
1.00389,0.027134,1.53798,49.2002,-2.01422,-0.420246,40.078,2.01416,0.420505,0.0113494,0.0117273,0,-0.0384016,-0.1983,0.383925,1,drone1
1.0232,0.0287461,1.5564,49.1578,-1.99052,-0.541033,40.0306,1.99043,0.54136,0.0120527,0.0315844,0,0.0462728,-0.151866,0.284051,1,drone1
1.04462,0.0203178,1.57251,49.1296,-1.58329,-1.37238,40.044,1.58283,1.3729,0.0230321,0.0563682,0,0.0316404,-0.066516,-0.485857,1,drone1
1.05744,0.000685071,1.5697,49.0546,-0.842276,-2.34383,40.0966,0.841572,2.34408,0.0457432,0.0736579,0,0.0578098,0.22627,-1.4785,1,drone1
1.05862,-0.0262222,1.55869,48.9138,0.534066,-2.88447,40.3076,-0.533389,2.88459,0.0787043,0.0794031,0,0.0709485,1.15645,-2.36803,1,drone1
1.04709,-0.0543237,1.54508,48.8111,2.14202,-3.02374,40.1302,-2.13904,3.02585,0.114504,0.0727157,0,0.497952,2.38302,-3.05058,1,drone1
1.03271,-0.0646099,1.52739,48.6836,2.76055,-2.42674,40.5236,-2.75807,2.42956,0.131899,0.0578126,0,0.250199,3.1662,-2.80554,1,drone1
1.01306,-0.0634057,1.51321,48.5179,2.50906,-0.798027,40.0183,-2.50882,0.798793,0.13628,0.0334272,0,0.78844,3.63657,-1.5334,1,drone1
0.98888,-0.0587001,1.49785,48.3679,2.52951,0.697253,40.3541,-2.52932,-0.697933,0.139111,0.00296059,0,0.523122,4.29093,-0.413382,1,drone1
0.974765,-0.052562,1.49221,48.2623,2.28776,1.46406,40.7604,-2.28702,-1.46522,0.132651,-0.0159171,0,0.184333,4.33705,0.274138,1,drone1
0.964009,-0.0442216,1.49824,48.2299,2.15888,1.91019,41.1819,-2.15768,-1.91155,0.120829,-0.0295231,0,-0.220739,4.2793,0.67532,1,drone1
0.959686,-0.0324073,1.50759,48.233,1.67527,1.75373,40.769,-1.67448,-1.75448,0.103501,-0.0332709,0,0.196637,3.76996,0.693981,1,drone1
0.951657,-0.0243752,1.51968,48.195,1.75085,1.84225,41.1479,-1.74995,-1.84311,0.0923609,-0.042003,0,-0.147424,3.75532,0.755222,1,drone1
0.949119,-0.0270539,1.53455,48.0612,1.70685,1.38857,40.7796,-1.70635,-1.38918,0.0912268,-0.0419527,0,0.36608,3.47875,0.402996,1,drone1
0.954628,-0.0343481,1.53881,47.9454,1.85886,0.232534,41.1657,-1.85884,-0.232657,0.0942075,-0.0324578,0,0.132985,3.1088,-0.485823,1,drone1
0.962098,-0.0361915,1.54313,47.9429,1.48333,-0.498419,41.501,-1.48327,0.498586,0.0909097,-0.023621,0,-0.185443,2.51266,-0.882118,1,drone1
0.971884,-0.036346,1.55606,48.0092,1.04352,-1.01735,41.2395,-1.04336,1.01752,0.0864507,-0.012697,0,0.0103347,1.94009,-1.12571,1,drone1
0.972397,-0.0297653,1.5708,48.1119,0.585333,-0.796184,41.0049,-0.585277,0.796225,0.0767263,-0.0137208,0,0.121542,1.61246,-0.811044,1,drone1
0.969763,-0.0109001,1.5839,48.2911,-0.0449615,0.00807116,41.1776,0.0449615,-0.00807116,0.0552123,-0.0203293,0,-0.24602,1.36609,0.00916624,1,drone1
0.966609,0.0146254,1.59443,48.5537,-0.660086,0.841407,41.0484,0.660015,-0.841463,0.0274144,-0.0268224,0,-0.360824,1.14099,0.845577,1,drone1
0.968586,0.0386262,1.59881,48.8201,-1.25832,1.08659,40.9163,1.25809,-1.08685,0.000607088,-0.0263541,0,-0.465486,0.729284,1.24274,1,drone1
0.968149,0.0574136,1.59609,49.0298,-1.24277,1.16654,40.7665,1.24251,-1.16681,-0.0193906,-0.0271289,0,-0.522995,0.725985,1.304,1,drone1
0.97034,0.0676651,1.59714,49.2455,-1.01452,1.13878,40.6035,1.01432,-1.13896,-0.0302369,-0.0245683,0,-0.586699,0.851051,1.21017,1,drone1
0.97119,0.0696679,1.60058,49.4543,-0.37581,0.482468,40.4277,0.375797,-0.482479,-0.0323597,-0.0210751,0,-0.652839,1.07256,0.493725,1,drone1
0.978842,0.0649821,1.60098,49.6477,0.293191,-0.20504,40.2909,-0.293189,0.205043,-0.0276388,-0.0107054,0,-0.71322,1.31132,-0.263516,1,drone1
0.995837,0.0621303,1.60106,49.8581,0.176616,-1.09504,40.1415,-0.176583,1.09504,-0.0269614,0.00856493,0,-0.766801,0.882791,-0.902752,1,drone1
1.01024,0.0621127,1.59552,50.0625,-0.0956002,-1.34351,39.9878,0.0955739,1.34351,-0.0286351,0.0234257,0,-0.821849,0.564163,-0.998456,1,drone1
1.02036,0.0622218,1.57954,50.1733,-0.346066,-1.33051,39.8406,0.345973,1.33054,-0.0301209,0.0334238,0,-0.791695,0.358565,-0.900506,1,drone1
