0.622358,-0.163473,5.53539e-06,0,0,-0.0111886,0,0,0,0,0,0,0,0,0,-1,pipuck8
0.622358,-0.163473,7.91351e-06,0,0,-0.0159945,0,0,0,0,0,0,0,0,0,-1,pipuck8
0.622358,-0.163473,8.88486e-06,0,0,-0.0179578,0,0,0,0,0,0,0,0,0,-1,pipuck8
0.622358,-0.163473,9.26229e-06,0,0,-0.0187206,0,0,0,0,0,0,0,0,0,-1,pipuck8
0.622358,-0.163473,9.40043e-06,0,0,-0.0189998,0,0,0,0,0,0,0,0,0,-1,pipuck8
0.622358,-0.163473,9.44705e-06,0,0,-0.019094,0,0,0,0,0,0,0,0,0,-1,pipuck8
0.622358,-0.163473,9.46085e-06,0,0,-0.0191219,0,0,0,0,0,0,0,0,0,-1,pipuck8
0.622358,-0.163473,9.46391e-06,0,0,-0.0191281,0,0,0,0,0,0,0,0,0,-1,pipuck8
0.622358,-0.163473,9.46396e-06,0,0,-0.0191282,0,0,0,0,0,0,0,0,0,-1,pipuck8
0.622358,-0.163473,9.46346e-06,0,0,-0.0191272,0,0,0,0,0,0,0,0,0,-1,pipuck8
0.622358,-0.163473,9.46303e-06,0,0,-0.0191263,0,0,0,0,0,0,0,0,0,-1,pipuck8
0.622358,-0.163473,9.46276e-06,0,0,-0.0191258,0,0,0,0,0,0,0,0,0,-1,pipuck8
0.622358,-0.163473,9.46262e-06,0,0,-0.0191255,0,0,0,0,0,0,0,0,0,-1,pipuck8
0.622358,-0.163473,9.46255e-06,0,0,-0.0191254,0,0,0,0,0,0,0,0,0,-1,pipuck8
0.622358,-0.163473,9.46252e-06,0,0,-0.0191253,0,0,0,0,0,0,0,0,0,-1,pipuck8
0.622358,-0.163473,9.46251e-06,0,0,-0.0191253,0,0,0,0,0,0,0,0,0,-1,pipuck8
0.622358,-0.163473,9.4625e-06,0,0,-0.0191253,0,0,0,0,0,0,0,0,0,-1,pipuck8
0.622358,-0.163473,9.4625e-06,0,0,-0.0191253,0,0,0,0,0,0,0,0,0,-1,pipuck8
0.622358,-0.163473,9.4625e-06,0,0,-0.0191253,0,0,0,0,0,0,0,0,0,-1,pipuck8
0.622358,-0.163473,9.4625e-06,0,0,-0.0191253,0,0,0,0,0,0,0,0,0,-1,pipuck8
0.622358,-0.163473,9.4625e-06,0,0,-0.0191253,0,0,0,0,0,0,0,0,0,-1,pipuck8
0.622358,-0.163473,9.4625e-06,0,0,-0.0191252,0,0,0,0,0,0,0,0,0,-1,pipuck8
0.622358,-0.163473,9.4625e-06,0,0,-0.0191252,0,0,0,0,0,0,0,0,0,-1,pipuck8
0.622358,-0.163473,9.4625e-06,0,0,-0.0191252,0,0,0,0,0,0,0,0,0,-1,pipuck8
0.622358,-0.163473,9.4625e-06,0,0,-0.0191252,0,0,0,0,0,0,0,0,0,-1,pipuck8
0.622358,-0.163473,9.4625e-06,0,0,-0.0191252,0,0,0,0,0,0,0,0,0,-1,pipuck8
0.622358,-0.163473,9.4625e-06,0,0,-0.0191252,0,0,0,0,0,0,0,0,0,-1,pipuck8
0.622358,-0.163473,9.4625e-06,0,0,-0.0191252,0,0,0,0,0,0,0,0,0,-1,pipuck8
0.622358,-0.163473,9.4625e-06,0,0,-0.0191252,0,0,0,0,0,0,0,0,0,-1,pipuck8
0.622358,-0.163473,9.4625e-06,0,0,-0.0191252,0,0,0,0,0,0,0,0,0,-1,pipuck8
0.622358,-0.163473,9.4625e-06,0,0,-0.0191252,0,0,0,0,0,0,0,0,0,-1,pipuck8
0.622358,-0.163473,9.4625e-06,0,0,-0.0191252,0,0,0,0,0,0,0,0,0,-1,pipuck8
0.622358,-0.163473,9.4625e-06,0,0,-0.0191252,0,0,0,0,0,0,0,0,0,-1,pipuck8
0.622358,-0.163473,9.4625e-06,0,0,-0.0191252,0,0,0,0,0,0,0,0,0,-1,pipuck8
0.622358,-0.163473,9.4625e-06,0,0,-0.0191252,0,0,0,0,0,0,0,0,0,-1,pipuck8
0.622358,-0.163473,9.4625e-06,0,0,-0.0191252,9,0,0,0,0,0,0,0,0,-1,drone1
0.636062,-0.163556,9.21426e-06,-0.731466,-0.0656722,-0.0194326,18,0,0,-0.0700957,0.0900253,0,0,0,0,-1,drone1
0.628998,-0.163692,9.09945e-06,-3.36408,-0.031575,-0.0202804,18,0,0,0,0,0,0,0,0,2,drone1
0.628876,-0.163434,8.99902e-06,-6.7458,-0.0312249,-0.0220011,18,0,0,0,0,0,0,0,0,2,drone1
0.628659,-0.163109,8.98256e-06,-9.3324,-0.0304486,-0.0233948,25.8034,-0.0842717,-0.25554,0.00700194,-0.670157,0,-11.9611,0.240244,-2.67517,5,drone1
0.642235,-0.166201,9.03128e-06,-12.3912,-0.0963209,-0.0397756,32.2931,-0.261099,-0.481416,-0.0656448,-0.682391,0,-17.0167,0.144506,-2.76402,5,drone1
0.65591,-0.170069,9.11066e-06,-17.0093,-0.161209,-0.0683569,37.2973,-0.471935,-0.620352,-0.114278,-0.669709,0,-20.3243,-0.00226144,-2.29116,5,drone1
0.670279,-0.175348,9.21037e-06,-22.7527,-0.225307,-0.114219,45.7957,-0.465272,-0.512391,0.963774,-0.54806,0,69.7092,0.109064,0.892843,6,drone1
0.686564,-0.182706,9.34407e-06,-27.8897,-0.294388,-0.176293,53.1694,-0.435147,-0.41975,0.925156,-0.583245,0,66.9548,0.10209,0.876592,6,drone1
0.702646,-0.191656,9.58821e-06,-31.3581,-0.363575,-0.242786,59.5488,-0.387381,-0.340304,0.890099,-0.605276,0,64.7186,0.0984807,0.876874,6,drone1
0.718681,-0.201724,9.91859e-06,-33.5061,-0.436176,-0.310534,62.6768,-0.314025,-0.288578,1.17896,-0.0172966,0,61.8077,0.0918498,0.883122,5,drone1
0.732702,-0.210998,1.02487e-05,-34.2541,-0.506205,-0.366677,64.4116,-0.231547,-0.244161,1.16939,-0.0208299,0,60.8277,0.100548,0.885875,5,drone1
0.746356,-0.220031,1.06414e-05,-33.479,-0.585794,-0.409199,65.0283,-0.144489,-0.201811,1.16139,-0.0258885,0,59.8406,0.116725,0.876036,5,drone1
0.760063,-0.228588,1.11199e-05,-31.2967,-0.678522,-0.433774,64.4151,-0.054283,-0.158528,1.15349,-0.0392316,0,58.4483,0.146846,0.861396,5,drone1
0.773851,-0.236225,1.15961e-05,-27.8004,-0.784499,-0.434165,61.103,0.0412236,-0.112076,1.14517,-0.0561311,0,56.8786,0.195716,0.841001,5,drone1
0.786367,-0.241832,1.21033e-05,-22.8464,-0.896294,-0.397359,57.7724,0.131495,-0.0552772,1.13762,-0.0458501,0,56.6932,0.28324,0.801178,5,drone1
0.795475,-0.244336,1.25457e-05,-15.7961,-1.00141,-0.302233,54.2792,0.21542,0.00903724,1.12878,-0.0662897,0,55.069,0.374778,0.74624,5,drone1
0.806943,-0.246351,1.31158e-05,-7.18329,-1.11323,-0.158725,54.6068,0.327393,0.141419,0.926617,-0.432541,0,64.9117,0.519332,1.38567,6,drone1
0.824257,-0.247331,2.54284e-05,1.36055,-1.23486,0.0707462,50.6896,0.386615,0.202602,1.07698,-0.29078,0,42.5705,0.548987,0.564295,5,drone1
0.839576,-0.24586,1.91804e-05,9.66007,-1.32015,0.252018,47.8365,0.451641,0.248666,1.04005,-0.36244,0,37.9446,0.715228,0.487728,5,drone1
0.85573,-0.242124,1.72864e-05,17.521,-1.38875,0.460323,46.1327,0.523435,0.283001,0.991429,-0.447384,0,32.4992,0.792772,0.460178,5,drone1
0.871874,-0.23629,1.7477e-05,24.1758,-1.44241,0.668009,45.375,0.604557,0.302786,0.927156,-0.53831,0,26.3436,0.861603,0.449636,5,drone1
0.887768,-0.228535,1.48331e-05,29.1682,-1.50998,0.830318,45.3596,0.695354,0.307592,0.855795,-0.617617,0,20.4482,0.913966,0.457271,5,drone1
0.904308,-0.218182,2.02796e-05,33.1554,-1.57241,1.00522,45.8762,0.794432,0.302033,0.787248,-0.676259,0,15.4727,0.928186,0.504439,5,drone1
0.920247,-0.206996,2.3075e-05,35.9287,-1.6454,1.16727,46.8066,0.901462,0.28412,0.718386,-0.721689,0,10.9709,0.946097,0.553069,5,drone1
0.93598,-0.19509,2.50528e-05,37.6581,-1.73558,1.31413,51.3266,1.029,0.202467,0.657146,-0.75215,0,7.26936,0.953668,0.613867,5,drone1
0.949405,-0.184453,1.85588e-05,38.1305,-1.67601,1.30512,57.2281,1.15742,0.0789302,0.559219,-0.803624,0,1.02413,0.859472,0.762858,5,drone1
0.96151,-0.175152,1.96389e-05,37.0201,-1.58693,1.1788,62.0791,1.2555,-0.0422711,0.457292,-0.846412,0,-5.34542,0.584692,0.755387,5,drone1
0.97518,-0.165233,1.93439e-05,34.6484,-1.5284,1.0356,63.6122,1.32421,-0.096312,0.393902,-0.861081,0,-9.08306,0.290988,0.64473,5,drone1
0.990847,-0.154982,1.85498e-05,31.9777,-1.48038,0.903013,63.0134,1.37511,-0.0946001,0.398638,-0.840326,0,-8.24447,0.133377,0.498805,5,drone1
1.00735,-0.145266,1.75939e-05,30.0649,-1.4218,0.801872,61.32,1.38205,-0.0113973,0.491686,-0.749115,0,-3.20036,-0.430437,0.26404,5,drone1
1.02416,-0.135794,1.41672e-05,29.0131,-1.35124,0.73372,60.3786,1.40541,0.00974261,0.477153,-0.754022,0,-1.37461,0.0945547,0.214531,5,drone1
1.04022,-0.126925,1.64305e-05,28.3904,-1.28132,0.670134,59.3889,1.41656,0.0350441,0.49343,-0.720299,0,0.616839,0.061706,0.0976203,5,drone1
1.05713,-0.117915,1.61324e-05,28.5044,-1.20989,0.633706,58.4045,1.41691,0.0624524,0.50401,-0.690463,0,2.22763,0.0274191,-0.00177874,5,drone1
1.07404,-0.108707,1.44195e-05,29.2192,-1.13682,0.614896,57.503,1.40875,0.0871183,0.50452,-0.666348,0,3.09657,0.00787225,-0.0847842,5,drone1
1.09065,-0.0991591,1.01957e-05,30.1758,-1.06437,0.605898,56.4629,1.42843,0.0754706,0.513535,-0.627343,0,4.41001,0.521251,-0.0897267,5,drone1
1.10715,-0.0894027,2.87915e-05,31.2297,-0.969254,0.645361,55.8984,1.40537,0.0899608,0.486954,-0.631639,0,3.36518,-0.0601074,-0.224445,5,drone1
1.12379,-0.0791572,1.87012e-05,32.1994,-0.92351,0.616686,55.4946,1.37877,0.0914153,0.47095,-0.619813,0,2.87463,-0.0212777,-0.297571,5,drone1
1.14034,-0.0685941,2.22394e-05,33.0211,-0.911652,0.54751,55.231,1.34973,0.0896672,0.453901,-0.608228,0,2.30847,-0.0531323,-0.309179,5,drone1
1.15682,-0.0576212,1.64238e-05,33.764,-0.833275,0.588917,55.0813,1.31901,0.0906648,0.436906,-0.5964,0,1.75055,-0.121562,-0.284492,5,drone1
1.17313,-0.0466281,8.50151e-06,34.257,-0.806732,0.562586,55.0327,1.28738,0.0813859,0.419389,-0.584658,0,1.15657,-0.0754651,-0.331342,5,drone1
1.18937,-0.0353021,7.12271e-06,34.6136,-0.78716,0.532961,52.6962,1.25098,0.124919,0.403653,-0.57173,0,0.71221,-0.0988002,-0.321071,5,drone1
1.20438,-0.024793,1.28481e-05,35.2626,-0.760923,0.512602,46.5424,1.19847,0.250776,0.411087,-0.541757,0,2.69136,-0.0903526,-0.328614,5,drone1
1.21702,-0.0157291,1.27871e-05,36.6163,-0.714047,0.504546,38.8111,1.12229,0.400894,0.448607,-0.486488,0,8.19389,-0.0291916,-0.381276,5,drone1
1.22839,-0.00702103,1.26196e-05,39.4999,-0.652766,0.510841,31.2676,1.02835,0.531419,0.487907,-0.423725,0,14.5692,0.0399195,-0.470135,5,drone1
1.23099,-0.00480149,1.13239e-05,45.7594,-0.525836,0.5122,24.1904,0.924386,0.633733,0.508743,-0.374842,0,19.2275,0.0879071,-0.557931,5,drone1
1.23412,-0.000622617,1.03249e-05,56.2885,-0.375814,0.53065,17.1954,0.808383,0.708759,0.511066,-0.365892,0,20.044,0.0713769,-0.656425,5,drone1
1.23851,0.00848365,9.90077e-06,69.2582,-0.226333,0.547642,9.84731,0.683359,0.757422,0.482643,-0.394911,0,16.5092,0.0474791,-0.7249,5,drone1
1.24161,0.0209405,3.09031e-06,82.6131,-0.0676354,0.554543,3.20623,0.607363,0.729073,0.423037,-0.434473,0,11.0554,0.40333,-1.12428,5,drone1
1.24187,0.0369234,6.80172e-06,95.0959,0.0600822,0.540595,0.322324,0.561961,0.687788,0.365075,-0.483051,0,4.17353,-0.00898205,-0.753913,5,drone1
1.23961,0.0535895,7.88216e-06,105.872,0.160368,0.512251,0.525785,0.566225,0.608747,0.263522,-0.535418,0,-5.4253,-0.0123805,-0.718713,5,drone1
1.23252,0.0705869,4.10126e-06,114.729,0.216492,0.485368,1.54477,0.583919,0.519128,0.140087,-0.573295,0,-16.405,-0.0184924,-0.641462,5,drone1
1.22426,0.0849876,8.01466e-06,121.018,0.25672,0.454923,2.99147,0.605901,0.426581,0.0213107,-0.587675,0,-26.2798,-0.0301668,-0.531075,5,drone1
1.21525,0.0983615,9.41285e-06,124.618,0.277817,0.432887,5.27657,0.630091,0.326927,-0.0745368,-0.584008,0,-34.0144,-0.0514043,-0.431808,5,drone1
1.21063,0.105184,9.71438e-06,124.637,0.256406,0.403513,6.48184,0.640661,0.242282,-0.150064,-0.571641,0,-39.8991,-0.0747746,-0.333646,5,drone1
1.20327,0.116077,1.88552e-05,122.38,0.216726,0.4108,6.05732,0.63537,0.183423,-0.170404,-0.567307,0,-41.1221,-0.124032,-0.255257,5,drone1
1.19402,0.131184,8.33783e-06,119.807,0.221396,0.417894,4.58026,0.59387,0.155444,-0.12726,-0.55518,0,-37.014,-0.436946,-0.221931,5,drone1
1.18504,0.14775,1.08243e-05,117.324,0.207069,0.445053,3.08136,0.584831,0.123308,-0.133556,-0.582388,0,-34.3897,-0.0988548,-0.164829,5,drone1
1.17668,0.164808,1.08641e-05,115.166,0.199204,0.471621,1.58099,0.577479,0.0979862,-0.111615,-0.589607,0,-30.4069,-0.0790334,-0.124398,5,drone1
1.16872,0.182144,2.18951e-06,113.144,0.212196,0.489634,0.336347,0.572714,0.0755019,-0.092766,-0.595315,0,-26.7485,-0.0551381,-0.0965901,5,drone1
1.16139,0.200037,1.66249e-06,111.362,0.205899,0.522457,-0.570497,0.570129,0.05226,-0.0777716,-0.600025,0,-23.4822,-0.0310044,-0.0959318,5,drone1
1.15446,0.218264,7.69175e-06,109.773,0.21273,0.552512,-1.15547,0.570509,0.0303594,-0.0688751,-0.603514,0,-20.7934,-0.00231077,-0.0714828,5,drone1
1.14807,0.236274,2.20543e-05,108.238,0.235187,0.579573,-1.50398,0.573468,0.00877849,-0.0654215,-0.606438,0,-18.6193,0.0266137,-0.0621696,5,drone1
1.14241,0.254289,1.54468e-05,106.693,0.216241,0.622134,-1.89726,0.535373,-0.00153682,-0.0629258,-0.599225,0,-16.5017,-0.384082,-0.0172061,5,drone1
1.13697,0.272822,7.20548e-06,105.157,0.171316,0.675948,-2.39647,0.547743,-0.0166888,-0.062774,-0.611901,0,-14.7972,0.126584,-0.0494128,5,drone1
1.13218,0.291703,2.43321e-06,103.732,0.174733,0.720591,-2.75176,0.563099,-0.0260849,-0.0602785,-0.614943,0,-12.7611,0.15475,0.00314557,5,drone1
1.12768,0.311006,3.23366e-05,102.424,0.109852,0.784663,-2.8237,0.625814,-0.00399788,-0.0956915,-0.596388,0,-11.653,0.615044,0.354885,5,drone1
1.1237,0.330133,2.83641e-05,101.138,0.214334,0.814358,-1.86704,0.642828,-0.0215227,-0.0655006,-0.620104,0,-9.60056,0.170327,0.0385153,5,drone1
1.12024,0.348993,2.25908e-05,99.8144,0.191917,0.872575,1.57565,0.659843,-0.0769696,-0.0814737,-0.621336,0,-9.27225,0.199546,-0.0567472,5,drone1
1.1229,0.333016,3.67199e-06,98.2492,0.10751,0.765563,3.26625,0.679582,-0.109874,-0.123569,-0.617563,0,-11.3908,0.235357,0.0242419,5,drone1
1.12533,0.314449,3.99525e-06,96.5551,0.0790776,0.639382,4.79373,0.757823,-0.152725,-0.00690078,-0.579088,0,-10.5125,0.840946,-0.00578899,5,drone1
1.12338,0.332636,2.64661e-05,94.9569,0.110663,0.69211,7.20931,0.737865,-0.185789,-0.0881814,-0.619451,0,-11.3473,-0.121728,0.11839,5,drone1
1.12204,0.351113,1.88966e-05,93.3236,0.00957956,0.758814,14.9933,0.699536,-0.287766,-0.115211,-0.6162,0,-12.1648,-0.0514269,0.110703,5,drone1
1.12286,0.334466,3.80536e-06,91.6587,0.0134155,0.651071,19.4517,0.676505,-0.334514,-0.198514,-0.595757,0,-18.3131,-0.0207632,0.308197,5,drone1
1.1231,0.3176,9.1046e-06,89.79,0.0144519,0.545618,26.3411,0.622502,-0.406159,-0.211463,-0.590608,0,-21.1062,-0.130175,0.294257,5,drone1
1.12261,0.313357,1.21839e-05,86.4621,-0.00829617,0.506091,26.7642,0.601629,-0.401371,-0.24707,-0.57706,0,-26.1265,-0.233428,0.297925,5,drone1
1.12461,0.331972,1.11396e-05,82.0019,-0.0612717,0.581977,26.7348,0.583005,-0.388421,-0.213794,-0.590962,0,-23.2219,-0.248557,0.277072,5,drone1
1.12767,0.349989,3.69066e-06,77.9392,-0.143707,0.650052,33.7222,0.524098,-0.441022,-0.183875,-0.597998,0,-18.7321,-0.1578,0.311468,5,drone1
1.13182,0.364965,7.63257e-06,73.6413,-0.218832,0.703313,40.5563,0.472519,-0.480385,-0.229759,-0.578322,0,-21.6555,-0.12256,0.431564,5,drone1
1.13066,0.358778,9.0463e-06,67.0196,-0.289182,0.643347,47.1368,0.429093,-0.509785,-0.267077,-0.557642,0,-24.1906,-0.111641,0.528163,5,drone1
1.12579,0.348641,9.68918e-06,57.7122,-0.363073,0.543069,53.7214,0.382914,-0.529086,-0.261483,-0.561417,0,-24.1488,-0.189008,0.541931,5,drone1
1.12263,0.34415,1.00278e-05,45.8232,-0.452694,0.440508,60.5782,0.332189,-0.537558,-0.226829,-0.58143,0,-21.4258,-0.273224,0.522984,5,drone1
1.12501,0.346244,1.02677e-05,30.3536,-0.574064,0.315377,67.9381,0.280768,-0.535208,-0.171511,-0.603373,0,-16.3936,-0.331206,0.515033,5,drone1
1.13557,0.350654,6.81599e-06,13.217,-0.692282,0.151729,76.1089,0.233378,-0.521845,-0.0863776,-0.618863,0,-8.28406,-0.369382,0.535446,5,drone1
1.14718,0.351701,8.8697e-06,-3.57254,-0.774377,-0.0623363,85.1763,0.194219,-0.498783,0.0066189,-0.614231,0,0.681221,-0.402929,0.570072,5,drone1
1.16163,0.348526,2.33924e-05,-19.4205,-0.820705,-0.2437,90.959,0.203189,-0.457978,0.0863919,-0.596424,0,8.40244,-0.464692,0.604697,5,drone1
1.17706,0.340048,1.47603e-05,-33.436,-0.799132,-0.49875,84.6543,0.323986,-0.375525,0.187752,-0.557426,0,18.4662,-0.431799,0.626696,5,drone1
1.18784,0.331376,3.76207e-06,-45.2607,-0.719274,-0.724539,77.3055,0.375654,-0.35548,0.126394,-0.557139,0,16.5102,0.316875,-0.119448,5,drone1
1.18145,0.338606,1.12017e-05,-53.9577,-0.571964,-0.813595,74.1003,0.475082,-0.234319,0.48635,-0.282284,0,57.9562,-0.220288,0.697275,5,drone1
1.17573,0.346136,1.16062e-05,-57.3644,-0.510468,-0.829124,72.0852,0.546412,-0.109085,0.537646,-0.184902,0,69.8569,-0.116653,0.561492,5,drone1
1.16947,0.355659,1.17707e-05,-56.4438,-0.5075,-0.797549,70.612,0.597048,0.0131708,0.556341,-0.142022,0,75.277,-0.00388662,0.441312,5,drone1
1.16453,0.36185,9.10599e-06,-51.5346,-0.575051,-0.744071,69.194,0.631234,0.128078,0.561414,-0.147432,0,75.8278,0.115822,0.331158,5,drone1
1.17349,0.352059,6.775e-06,-44.4585,-0.750732,-0.727458,70.7821,0.656926,0.19875,0.554195,-0.188768,0,72.3346,0.208278,0.244904,5,drone1
1.18606,0.341166,2.66825e-05,-37.6829,-0.898903,-0.750715,68.1483,0.67376,0.303896,0.515701,-0.257356,0,63.6678,0.307511,0.292205,5,drone1
1.19263,0.336772,1.5537e-05,-31.0151,-1.08687,-0.628782,65.1001,0.685494,0.410363,0.490417,-0.27817,0,59.5228,0.409808,0.35526,5,drone1
1.18106,0.342611,1.36513e-05,-22.8879,-1.15552,-0.46887,61.6899,0.693964,0.503923,0.468819,-0.301271,0,55.9002,0.615658,0.324853,5,drone1
1.17039,0.346561,6.78258e-06,-13.9862,-1.20784,-0.3045,57.8082,0.691815,0.586451,0.447759,-0.350624,0,51.183,0.736658,0.252143,5,drone1
1.16233,0.348655,1.17878e-05,-3.67254,-1.25782,-0.0941857,53.4249,0.670744,0.65896,0.42031,-0.398738,0,46.1641,0.762065,0.133138,5,drone1
1.17338,0.348932,1.4555e-05,7.81532,-1.36242,0.16964,54.5076,0.71364,0.650309,0.380436,-0.447553,0,40.2352,0.853134,0.069545,5,drone1
1.19105,0.354035,1.64349e-05,18.4076,-1.4507,0.463594,48.5462,0.688268,0.707253,0.268495,-0.509958,0,27.6663,0.887379,0.14882,5,drone1
1.20592,0.360483,1.80777e-05,27.3439,-1.48951,0.749346,41.8507,0.666504,0.756798,0.214786,-0.515711,0,23.0373,1.06059,0.150117,5,drone1
1.218,0.367895,1.96969e-05,36.5706,-1.46252,1.06162,34.9315,0.653185,0.798208,0.183112,-0.512118,0,20.7989,1.23081,0.0992283,5,drone1
1.22931,0.377942,2.15382e-05,46.4401,-1.36183,1.40465,28.8485,0.664103,0.822379,0.151451,-0.509996,0,18.4945,1.38607,0.00333826,5,drone1
1.24006,0.391179,2.36524e-05,55.4215,-1.21881,1.73488,26.4253,0.744672,0.800414,0.104825,-0.510535,0,14.711,1.5146,-0.0988567,5,drone1
1.24975,0.407055,3.11742e-05,62.4893,-1.03201,1.91113,30.8523,0.934301,0.680338,0.0311717,-0.51044,0,8.15349,1.57679,-0.106685,5,drone1
1.25626,0.422036,1.28267e-05,68.6869,-0.709946,1.81585,39.5205,1.15121,0.456648,-0.0864741,-0.495851,0,-3.34305,1.39562,0.0593763,5,drone1
1.25837,0.430474,1.37049e-05,73.4433,-0.474831,1.62806,46.7028,1.28624,0.214461,-0.222991,-0.446265,0,-18.2094,0.911628,0.138786,5,drone1
1.25682,0.428205,1.25882e-05,75.2198,-0.344222,1.35408,54.0589,1.28964,-0.0753323,-0.125474,-0.400041,0,-16.4777,0.58056,-0.667916,5,drone1
1.25778,0.436047,1.19545e-05,74.0539,-0.303102,1.11671,56.0332,1.29548,-0.207097,-0.372904,-0.332065,0,-39.273,0.024456,0.108946,5,drone1
1.26254,0.452024,1.13391e-05,70.6733,-0.303684,0.916627,61.4945,1.22387,-0.390152,-0.347019,-0.338065,0,-35.4034,-0.293015,-0.274237,5,drone1
1.26248,0.454335,9.69138e-06,65.0724,-0.283717,0.649039,66.2795,1.14791,-0.538749,-0.402894,-0.292712,0,-42.1584,-0.438499,-0.0630833,5,drone1
1.26925,0.46632,8.44139e-06,56.9264,-0.293876,0.422885,71.1453,1.03532,-0.654823,-0.400407,-0.296982,0,-41.343,-0.642549,-0.206771,5,drone1
1.26671,0.462369,7.59317e-06,47.0673,-0.1744,0.165167,76.3384,0.89856,-0.736417,-0.387978,-0.306716,0,-38.0637,-0.790742,-0.291058,5,drone1
1.26737,0.463181,8.42367e-06,32.5177,-0.00785221,-0.0155025,74.0571,0.897845,-0.695954,-0.372863,-0.347084,0,-33.4303,-0.572341,0.105618,5,drone1
1.28018,0.468357,9.04699e-06,18.2113,0.160945,-0.0721508,80.0377,0.712507,-0.755483,-0.338257,-0.350692,0,-30.189,-0.804682,-0.684497,5,drone1
1.29029,0.470704,1.74894e-05,6.30782,0.366866,-0.0754296,86.3128,0.546406,-0.859199,-0.329448,-0.355059,0,-27.2452,-0.0255815,-0.438765,5,drone1
1.30198,0.470852,2.06049e-05,-5.33611,0.549618,0.091115,80.3697,0.536514,-0.709421,-0.141613,-0.453754,0,-2.62636,-0.950243,-0.879107,5,drone1
1.31621,0.467809,1.43558e-05,-15.7558,0.697862,0.223365,84.5192,0.38391,-0.6788,-0.00110562,-0.464077,0,14.9583,-0.847994,-0.983314,5,drone1
1.33122,0.462428,9.47684e-06,-23.9308,0.826357,0.350713,80.0861,0.337124,-0.586974,0.0472392,-0.447073,0,21.2259,-0.763809,-1.06659,5,drone1
1.34538,0.455287,5.06476e-05,-31.1742,0.943989,0.49947,83.6297,0.128909,-0.563952,0.0171752,-0.431116,0,18.8642,-0.901547,-1.70201,5,drone1
1.35929,0.445822,1.06952e-05,-37.9123,0.971592,0.741173,78.3835,0.082463,-0.517088,0.163,-0.385116,0,37.5284,-0.752444,-1.11661,5,drone1
1.3545,0.450233,1.78381e-05,-42.7215,1.10509,0.990847,74.3354,0.0174596,-0.505005,0.234947,-0.326673,0,49.5093,-0.788948,-1.17803,5,drone1
1.35109,0.453561,2.23328e-05,-42.9838,1.28927,1.16665,71.1724,-0.069764,-0.523726,0.284178,-0.29291,0,58.3596,-0.925837,-1.312,5,drone1
1.34855,0.455987,1.98523e-05,-38.3253,1.56798,1.2209,68.3511,-0.171571,-0.567328,0.302575,-0.279998,0,61.777,-1.07381,-1.41099,5,drone1
1.34549,0.458205,4.17967e-05,-27.9628,1.96896,1.05792,65.3454,-0.282153,-0.62815,0.2944,-0.292973,0,59.931,-1.22623,-1.48264,5,drone1
1.34687,0.456287,2.26727e-05,-15.7556,2.08681,0.604127,61.6035,-0.397008,-0.696293,0.255548,-0.331922,0,52.5669,-1.38976,-1.52967,5,drone1
1.35408,0.454329,1.69778e-05,-1.94291,1.98279,0.0605647,57.016,-0.484461,-0.754728,0.204416,-0.363617,0,44.1096,-1.45658,-1.25198,5,drone1
1.36594,0.455008,1.89427e-05,12.5271,1.74819,-0.406202,51.5073,-0.534092,-0.795938,0.141122,-0.38465,0,34.8985,-1.46551,-0.859228,5,drone1
1.37974,0.459998,1.7998e-05,26.5182,1.42264,-0.731891,45.5959,-0.554571,-0.817017,0.0738399,-0.391535,0,25.9497,-1.41951,-0.477733,5,drone1
1.39414,0.469419,1.89603e-05,38.0651,1.11787,-0.842749,42.4853,-0.603601,-0.79771,0.00919201,-0.386381,0,17.8767,-1.34292,-0.204536,5,drone1
1.40524,0.479659,1.67484e-05,47.6408,0.833216,-0.877697,52.4305,-0.806538,-0.622304,-0.0591989,-0.370834,0,9.44371,-1.11312,0.00342288,5,drone1
1.40945,0.485053,9.83342e-06,53.8216,0.639683,-0.853568,52.64,-0.85716,-0.544041,-0.187819,-0.316957,0,-10.0757,-0.715709,0.0211136,5,drone1
1.42056,0.500727,4.9042e-06,57.7974,0.462614,-0.743996,53.8546,-0.899928,-0.447316,-0.225904,-0.288477,0,-16.4653,-0.543475,0.135418,5,drone1
1.42971,0.515515,8.76134e-06,60.3101,0.332361,-0.612527,61.3765,-1.0189,-0.211766,-0.216021,-0.246346,0,-14.8083,-1.06472,-0.0432373,5,drone1
1.43265,0.519674,9.17674e-06,60.1998,0.275304,-0.513537,64.9068,-1.00737,-0.0798759,-0.309019,-0.185719,0,-31.688,-0.0341211,0.374572,5,drone1
1.44069,0.533024,9.3523e-06,57.2632,0.211796,-0.362677,68.5887,-0.974417,0.0427875,-0.321264,-0.162144,0,-35.1069,0.104202,0.409804,5,drone1
1.44815,0.543996,9.2065e-06,52.8752,0.147009,-0.224237,73.4749,-0.914467,0.167266,-0.329472,-0.143598,0,-35.8518,0.236884,0.491899,5,drone1
1.45732,0.554925,1.50818e-05,46.7956,0.0549139,-0.10285,78.8405,-0.828773,0.27612,-0.335137,-0.128202,0,-36.3498,0.338344,0.562383,5,drone1
1.46816,0.565271,1.76532e-05,39.8689,-0.00811961,0.0534717,84.2772,-0.72195,0.360348,-0.337061,-0.118523,0,-35.6361,0.390851,0.639559,5,drone1
1.47864,0.572789,1.21053e-05,31.892,-0.140289,0.115956,90.046,-0.574897,0.37224,-0.332535,-0.109707,0,-32.3123,0.843213,1.00984,5,drone1
1.48209,0.574022,1.01929e-05,21.6953,-0.247434,0.120162,95.852,-0.452155,0.402609,-0.332613,-0.112412,0,-31.9389,0.406084,0.739362,5,drone1
1.49022,0.576319,9.74154e-06,10.3549,-0.380349,0.0885924,102.097,-0.326281,0.413854,-0.322522,-0.133887,0,-27.5485,0.355359,0.74885,5,drone1
1.5008,0.577244,9.95025e-06,-0.810183,-0.516472,0.011165,108.851,-0.197965,0.406938,-0.308364,-0.153583,0,-22.4535,0.280205,0.773446,5,drone1
1.5135,0.575783,1.04601e-05,-11.6672,-0.64364,-0.114066,115.573,-0.0731887,0.381631,-0.293226,-0.166467,0,-18.0433,0.177722,0.795188,5,drone1
1.5282,0.571007,1.11728e-05,-21.7447,-0.753862,-0.280804,120.95,0.0383407,0.341483,-0.275959,-0.175163,0,-13.9089,0.0518212,0.80955,5,drone1
1.54375,0.562933,1.21135e-05,-30.1463,-0.845225,-0.469518,124.903,0.139433,0.296814,-0.253574,-0.183416,0,-9.20875,-0.0821675,0.82308,5,drone1
1.55763,0.553597,1.08275e-05,-37.0144,-0.894424,-0.691204,127.776,0.236502,0.254721,-0.22921,-0.187674,0,-4.76164,-0.213237,0.839772,5,drone1
1.57119,0.542357,1.2299e-05,-42.4808,-0.951701,-0.890012,129.773,0.333289,0.222509,-0.206012,-0.189415,0,-0.767486,-0.356614,0.835083,5,drone1
1.5842,0.529616,1.48144e-05,-46.1048,-1.01633,-1.07858,134.137,0.528812,0.0387651,-0.223731,-0.124928,0,-0.716859,0.0487588,2.38478,5,drone1
1.59606,0.516618,1.72933e-05,-49.1875,-1.07343,-1.26857,134.599,0.622964,0.03681,-0.173616,-0.171616,0,1.96176,-0.647671,0.681038,5,drone1
1.60795,0.502051,1.98324e-05,-51.8258,-1.13166,-1.46752,135.943,0.779584,0.0260664,-0.160281,-0.134902,0,1.81964,-1.09342,1.11339,5,drone1
1.61955,0.486766,2.25066e-05,-53.4594,-1.20745,-1.65894,135.461,0.885175,0.0461621,-0.136439,-0.156574,0,5.87261,-0.767495,0.733514,5,drone1
1.63042,0.4717,4.66157e-05,-54.2451,-1.3018,-1.8273,134.714,0.999396,0.0759905,-0.11701,-0.147871,0,7.98571,-0.814299,0.819367,5,drone1
1.64141,0.456489,2.70588e-05,-54.4493,-1.20341,-1.72756,130.576,1.08793,0.320331,-0.0594365,-0.149724,0,7.18387,-1.84263,-0.328585,5,drone1
1.6507,0.443477,2.13936e-05,-53.4373,-1.12408,-1.54759,123.585,1.09502,0.742421,-0.0106705,-0.148672,0,6.52715,-2.56563,-1.25014,5,drone1
1.65915,0.432429,1.82579e-05,-50.6247,-1.07712,-1.33984,117.298,1.07318,0.838513,-0.0540595,-0.12478,0,19.8168,0.143281,1.06297,5,drone1
1.66876,0.421553,1.61945e-05,-46.0861,-1.05341,-1.11883,119.761,1.15333,0.772213,-0.0577533,-0.098541,0,17.8597,0.268423,0.840033,5,drone1
1.68256,0.408335,2.66781e-05,-41.2119,-1.0136,-0.942776,112.596,1.07282,0.874168,-0.0457257,-0.0977891,0,16.2937,0.459461,0.689049,5,drone1
1.69452,0.398624,1.71522e-05,-36.2923,-0.997732,-0.701551,105.908,0.977344,0.951307,-0.0336782,-0.0822666,0,18.586,0.64293,0.588784,5,drone1
1.70706,0.390089,1.54958e-05,-30.6002,-0.928522,-0.52123,100.848,0.894394,0.977001,-0.0262171,-0.0687024,0,20.3567,0.865707,0.482597,5,drone1
1.72176,0.382368,1.34712e-05,-24.1532,-0.852366,-0.358429,104.448,0.951486,0.854283,-0.0231963,-0.0537512,0,19.7281,0.944417,0.337632,5,drone1
1.73319,0.377963,8.66523e-06,-18.6437,-0.719619,-0.257222,102.369,0.907711,0.817465,-0.0271042,-0.0331129,0,9.68686,0.851682,0.173575,5,drone1
1.7478,0.373878,5.10868e-06,-13.6616,-0.607726,-0.155816,101.394,0.872535,0.762277,-0.025921,-0.0196136,0,6.26108,0.813717,0.012942,5,drone1
1.76089,0.371509,4.8162e-06,-9.18317,-0.478485,-0.0689965,102.023,0.852806,0.680651,-0.0237406,-0.0030208,0,2.25791,0.787167,-0.110395,5,drone1
1.76806,0.370584,5.34359e-06,-5.43457,-0.30777,-0.0394882,105.063,0.850718,0.562553,-0.0209181,0.012039,0,-2.8469,0.751665,-0.2369,5,drone1
1.76968,0.370253,1.7802e-05,-2.54544,-0.114359,0.0308559,110.151,1.01587,0.397334,-0.0296009,0.0706659,0,-9.47687,0.332382,1.2726,5,drone1
1.75721,0.370594,3.11247e-05,-0.190879,0.149874,-0.06232,111.105,0.937355,0.319124,-0.0133483,0.0249065,0,-17.6056,0.723579,-0.71671,5,drone1
1.75335,0.370527,2.04218e-05,1.95018,0.367452,-0.052934,105.284,0.822244,0.448949,0.0380894,0.00734454,0,-15.9324,-0.135843,-1.05953,5,drone1
1.74899,0.37023,1.47222e-05,4.07209,0.584136,-0.0691429,106.181,0.717123,0.387187,-0.0186234,0.00920699,0,-17.2286,0.713765,-1.05976,5,drone1
1.74809,0.370237,2.09861e-05,5.94925,0.788021,-0.0435481,110.535,0.606617,0.263921,-0.0502434,0.00402335,0,-19.9133,1.02894,-1.18474,5,drone1
1.75145,0.370696,4.89532e-06,7.4594,0.960266,-0.129528,110.5,0.473385,0.235971,-0.0190243,0.00717441,0,-26.4752,0.780847,-1.21743,5,drone1
1.75082,0.370609,9.81522e-06,8.62955,1.15306,-0.18602,110.317,0.335508,0.223686,-0.0176668,0.0108034,0,-27.9486,0.731497,-1.28665,5,drone1
1.74962,0.370391,3.35581e-05,9.40427,1.34277,-0.278682,110.025,0.191287,0.222178,-0.0177173,0.0104715,0,-28.9342,0.730705,-1.35283,5,drone1
1.74963,0.370516,1.92345e-05,10.0231,1.5487,-0.296674,109.675,0.0421247,0.233713,-0.0180284,0.00942879,0,-29.4151,0.700559,-1.42682,5,drone1
1.74871,0.370307,2.11328e-05,10.2371,1.75802,-0.339537,109.31,-0.113323,0.249287,-0.0181065,0.00954349,0,-29.6809,0.75311,-1.46997,5,drone1
1.74782,0.370168,2.04329e-05,10.1286,1.96984,-0.367141,108.953,-0.274412,0.271454,-0.0184169,0.00855195,0,-29.5272,0.778554,-1.52423,5,drone1
1.74756,0.370154,2.72949e-05,9.76393,2.17419,-0.397359,108.647,-0.440483,0.298681,-0.0188114,0.00751717,0,-29.0592,0.813219,-1.56913,5,drone1
1.74772,0.370161,1.59856e-05,9.20707,2.15154,-0.347399,108.413,-0.609869,0.331563,-0.019027,0.0070174,0,-28.3848,0.835848,-1.60555,5,drone1
1.74783,0.370152,1.87556e-05,8.51817,1.98919,-0.309395,108.257,-0.759419,0.36106,-0.0190566,0.00691402,0,-27.5953,0.820123,-1.40118,5,drone1
1.74763,0.370171,1.90035e-05,7.58891,1.83969,-0.261022,108.183,-0.876858,0.387956,-0.019093,0.00675324,0,-26.7541,0.733192,-1.09822,5,drone1
1.74752,0.370251,1.8282e-05,6.35061,1.69948,-0.207002,108.217,-0.966468,0.41154,-0.0193093,0.00627427,0,-25.7539,0.667854,-0.833403,5,drone1
1.74747,0.370277,3.1021e-05,4.94206,1.56254,-0.181869,108.382,-1.03178,0.431746,-0.0195503,0.00583597,0,-24.5514,0.614855,-0.602523,5,drone1
1.74747,0.370315,2.14113e-05,3.41954,1.43417,-0.115475,108.673,-1.07536,0.451297,-0.019712,0.00539681,0,-23.3103,0.543404,-0.40923,5,drone1
1.74769,0.370376,1.68834e-05,1.72341,1.30963,-0.0622897,109.089,-1.10069,0.465623,-0.0198611,0.00501545,0,-22.0808,0.522705,-0.226854,5,drone1
1.74801,0.370406,1.43686e-05,-0.105633,1.18863,-0.0176044,109.634,-1.11004,0.476115,-0.0199474,0.00482589,0,-20.8021,0.493838,-0.0718157,5,drone1
1.74839,0.370403,1.29158e-05,-2.04089,1.0712,0.0195644,110.303,-1.10553,0.483326,-0.0199737,0.00470952,0,-19.5191,0.462489,0.0612473,5,drone1
1.74882,0.370368,1.19764e-05,-4.0687,0.957246,0.0498478,111.089,-1.08911,0.487585,-0.0199517,0.00464999,0,-18.2537,0.429877,0.175209,5,drone1
1.74931,0.370303,1.1288e-05,-6.18306,0.846637,0.0735232,111.987,-1.06249,0.489098,-0.0198864,0.00464645,0,-17.0131,0.396455,0.272533,5,drone1
1.74984,0.370207,1.07393e-05,-8.38084,0.739296,0.0906444,112.99,-1.02721,0.488027,-0.0197833,0.0046968,0,-15.7972,0.36223,0.355269,5,drone1
1.75041,0.370085,1.02861e-05,-10.6572,0.635203,0.10113,114.094,-0.984599,0.484521,-0.0196486,0.00479679,0,-14.6035,0.327048,0.425149,5,drone1
1.75102,0.369938,9.91067e-06,-13.0022,0.534401,0.104831,115.296,-0.935837,0.478743,-0.0194885,0.00494212,0,-13.4323,0.290751,0.483668,5,drone1
1.75166,0.369766,1.38435e-05,-15.3933,0.439414,0.0933262,116.592,-0.881936,0.470858,-0.0193073,0.0051301,0,-12.2897,0.253234,0.532128,5,drone1
1.75231,0.369564,1.15498e-05,-17.8165,0.344568,0.0870863,117.976,-0.82372,0.461892,-0.0191035,0.00537145,0,-11.1948,0.206865,0.56771,5,drone1
1.75303,0.369397,1.83148e-05,-20.2509,0.23391,0.12555,119.444,-0.762026,0.45064,-0.0188796,0.00564743,0,-10.1565,0.171379,0.601492,5,drone1
1.75389,0.369005,1.25073e-05,-22.7515,0.149027,0.0897148,120.998,-0.697819,0.431941,-0.0186972,0.00603415,0,-9.18963,0.182218,0.655378,5,drone1
1.75468,0.36865,9.93852e-06,-25.2108,0.0625966,0.0516451,122.619,-0.631348,0.413394,-0.0182734,0.0065364,0,-8.24371,0.123788,0.667057,5,drone1
1.75541,0.368287,9.08518e-06,-27.6262,-0.0221005,0.00917462,124.302,-0.562625,0.394358,-0.0179036,0.00702409,0,-7.40564,0.069629,0.68022,5,drone1
1.75609,0.367928,2.05965e-05,-30.0213,-0.0736756,-0.0906601,126.039,-0.491921,0.374514,-0.0175359,0.00749432,0,-6.67419,0.0174758,0.691032,5,drone1
1.75698,0.367293,1.533e-05,-32.3566,-0.152008,-0.132679,127.822,-0.419237,0.359755,-0.0171723,0.00794377,0,-6.01609,-0.0824438,0.66286,5,drone1
1.75756,0.3669,1.11354e-05,-34.7006,-0.22478,-0.182355,129.631,-0.345407,0.34238,-0.0165206,0.00861711,0,-5.46436,-0.117626,0.671412,5,drone1
1.75806,0.366542,9.83393e-06,-37.0362,-0.289976,-0.242524,131.476,-0.270669,0.322973,-0.0161483,0.00902415,0,-4.93028,-0.155978,0.673627,5,drone1
1.75854,0.366158,9.66407e-06,-39.3507,-0.349671,-0.310124,133.352,-0.195206,0.302317,-0.0158167,0.00936131,0,-4.43977,-0.200043,0.667965,5,drone1
1.75903,0.365739,9.89628e-06,-41.6469,-0.404612,-0.383858,135.708,-0.169904,0.251577,-0.0285822,0.00123198,0,-4.23036,0.34759,0.499526,5,drone1
1.76185,0.363104,1.03291e-05,-44.1557,-0.464199,-0.475766,137.583,-0.089224,0.233854,-0.0149791,0.0101866,0,-4.06153,-0.356129,0.656055,5,drone1
1.76219,0.362739,1.07849e-05,-46.6424,-0.506553,-0.56272,139.508,-0.00648552,0.215014,-0.0122726,0.0126918,0,-3.42829,-0.409655,0.648656,5,drone1
1.7622,0.362714,1.12777e-05,-48.8997,-0.544343,-0.651449,141.483,0.0766098,0.195151,-0.0119969,0.0129057,0,-2.86711,-0.451702,0.626402,5,drone1
1.76226,0.362631,1.18312e-05,-51.1329,-0.577708,-0.745581,143.48,0.159859,0.174213,-0.012017,0.0128618,0,-2.58593,-0.493,0.60028,5,drone1
1.7624,0.362442,1.24583e-05,-53.36,-0.606392,-0.845567,147.242,0.246445,0.11867,-0.0207258,0.023468,0,-2.46246,-0.35427,0.791607,5,drone1
1.76297,0.361804,1.31718e-05,-56.3918,-0.617919,-0.962285,149.085,0.328912,0.0981054,-0.0113979,0.0133144,0,-3.88541,-0.611933,0.49508,5,drone1
1.76291,0.36163,1.3962e-05,-59.4508,-0.618044,-1.08255,151.042,0.412784,0.077152,-0.0109844,0.0136221,0,-2.69704,-0.656782,0.468049,5,drone1
1.76304,0.36129,1.48801e-05,-61.7884,-0.624009,-1.20127,153.07,0.497803,0.0560507,-0.0110482,0.0133404,0,-1.59586,-0.700245,0.436207,5,drone1
1.76328,0.360765,1.51628e-05,-63.9903,-0.627799,-1.32422,155.103,0.58425,0.0342685,-0.0107529,0.0134055,0,-1.2866,-0.74531,0.402299,5,drone1
1.76385,0.359776,8.7157e-06,-66.1861,-0.640098,-1.44688,157.131,0.672436,0.011615,-0.0102379,0.0136042,0,-1.11826,-0.791421,0.367865,5,drone1
1.76412,0.359075,1.51583e-05,-68.4355,-0.636883,-1.57925,154.615,0.692646,0.0673961,-0.0014153,-0.0207334,0,-1.30768,-0.302915,-0.176466,5,drone1
1.76497,0.356665,1.32979e-05,-70.2693,-0.615866,-1.73081,157.113,0.794957,0.0386306,-0.00968871,0.0136313,0,3.81348,-0.87995,0.485412,5,drone1
1.76529,0.356045,1.8214e-05,-71.8107,-0.602853,-1.87102,159.528,0.899263,0.0104448,-0.00714015,0.0147231,0,3.1494,-0.947956,0.417387,5,drone1
1.76537,0.355894,2.18182e-05,-73.6403,-0.576391,-2.01704,161.864,1.00491,-0.0188264,-0.00628013,0.0151659,0,2.27575,-1.00019,0.352877,5,drone1
1.76539,0.355787,3.12695e-05,-75.5795,-0.517916,-2.13974,164.148,1.11208,-0.0490084,-0.00596781,0.0153,0,1.7697,-1.04969,0.288645,5,drone1
1.76541,0.355629,2.53148e-05,-77.5529,-0.423186,-2.02416,166.39,1.21776,-0.0785952,-0.00574438,0.0153487,0,1.42541,-1.07022,0.201,5,drone1
1.76545,0.355402,2.25091e-05,-79.5522,-0.330195,-1.90604,168.595,1.29848,-0.110124,-0.00553822,0.0153862,0,1.15872,-0.85046,0.0820003,5,drone1
1.76548,0.355093,2.026e-05,-81.56,-0.246289,-1.79255,170.768,1.35667,-0.141648,-0.00528016,0.0154238,0,0.954825,-0.649507,-0.0219054,5,drone1
1.76552,0.354712,1.85536e-05,-83.5668,-0.170971,-1.68356,172.911,1.39549,-0.172115,-0.00494931,0.0154619,0,0.791872,-0.47284,-0.105558,5,drone1
1.76554,0.354276,1.72231e-05,-85.567,-0.103928,-1.57895,175.025,1.41773,-0.200746,-0.00455367,0.0154955,0,0.657891,-0.318108,-0.171886,5,drone1
1.76555,0.353799,1.61376e-05,-87.5574,-0.0447469,-1.47863,177.112,1.42587,-0.227013,-0.00410749,0.0155192,0,0.545609,-0.183079,-0.223149,5,drone1
1.76555,0.353294,1.52194e-05,-89.5362,0.00708476,-1.38254,178.06,1.35867,-0.245241,-0.0328526,0.00537266,0,0.446692,0.631131,-0.0761841,5,drone1
1.76548,0.346829,1.11811e-05,-91.414,0.0211026,-1.31996,-179.792,1.35119,-0.264213,-0.00341788,0.0154592,0,1.48245,-0.0331473,-0.281606,5,drone1
1.76545,0.34632,1.25697e-05,-93.2257,0.0536968,-1.22836,-177.671,1.33772,-0.28402,0.00310756,0.0155459,0,1.21191,0.0316503,-0.271671,5,drone1
1.76548,0.346913,1.30996e-05,-95.0497,0.0823455,-1.13615,-175.572,1.31594,-0.302044,0.00368322,0.015495,0,0.904036,0.118832,-0.282944,5,drone1
1.76554,0.347508,2.62263e-05,-96.8848,0.171874,-1.04153,-173.493,1.28677,-0.317929,0.00314542,0.0154947,0,0.629475,0.198177,-0.288616,5,drone1
1.76562,0.347994,1.78295e-05,-98.7215,0.177194,-0.95815,-171.436,1.25163,-0.324867,0.0025967,0.0155182,0,0.387276,0.27177,-0.354118,5,drone1
1.76563,0.348193,1.36925e-05,-100.572,0.18629,-0.875744,-169.398,1.21185,-0.33149,0.00215425,0.0155842,0,0.166177,0.327406,-0.328485,5,drone1
1.76559,0.348188,1.18502e-05,-102.455,0.196163,-0.797435,-167.385,1.16812,-0.33663,0.00198958,0.0155845,0,-0.0217542,0.376562,-0.308701,5,drone1
1.76554,0.348045,1.09938e-05,-104.366,0.204347,-0.723056,-165.394,1.12136,-0.339796,0.00201497,0.0155477,0,-0.151941,0.416664,-0.29087,5,drone1
1.76545,0.347806,1.05433e-05,-106.298,0.209788,-0.652451,-163.422,1.07238,-0.340891,0.0021641,0.0154841,0,-0.231297,0.448762,-0.272507,5,drone1
1.76534,0.3475,1.02518e-05,-108.24,0.212116,-0.58548,-161.466,1.02183,-0.339988,0.00239909,0.0153955,0,-0.272249,0.473826,-0.252828,5,drone1
1.76517,0.347075,2.2127e-05,-110.181,0.154016,-0.542741,-159.522,0.970279,-0.337231,0.0026959,0.0152826,0,-0.287197,0.492725,-0.231771,5,drone1
1.76497,0.346696,1.47533e-05,-112.016,0.164128,-0.480936,-157.591,0.918137,-0.338887,0.00311152,0.0151222,0,-0.290529,0.485235,-0.152413,5,drone1
1.76491,0.346492,5.91321e-06,-113.865,0.195387,-0.41552,-155.687,0.865867,-0.336853,0.00350223,0.014911,0,-0.387157,0.498476,-0.149832,5,drone1
1.76474,0.346148,6.80061e-06,-115.78,0.190318,-0.364972,-154.368,0.738052,-0.363384,-0.0175741,0.0196754,0,-0.561408,1.06258,0.550001,5,drone1
1.76266,0.341859,8.03838e-06,-117.471,0.192003,-0.336177,-152.432,0.693554,-0.348617,0.00388674,0.0147132,0,0.152843,0.457309,-0.216856,5,drone1
1.76237,0.341414,8.73394e-06,-119.124,0.181961,-0.291898,-150.517,0.651673,-0.333601,0.00822868,0.0126026,0,-0.0915151,0.440562,-0.199758,5,drone1
1.76252,0.341701,9.04497e-06,-120.967,0.16847,-0.246329,-148.628,0.610309,-0.318496,0.00872052,0.0122803,0,-0.354763,0.441108,-0.172581,5,drone1
1.7627,0.341995,9.13634e-06,-122.855,0.152764,-0.203274,-146.74,0.569092,-0.303481,0.00843611,0.0124256,0,-0.401667,0.442208,-0.14354,5,drone1
1.7628,0.342147,9.13447e-06,-124.751,0.13546,-0.163374,-144.853,0.52814,-0.288587,0.00813438,0.0126081,0,-0.402313,0.440618,-0.114983,5,drone1
1.7628,0.342158,9.10301e-06,-126.649,0.116805,-0.126485,-142.967,0.487644,-0.273811,0.00797325,0.0127125,0,-0.394497,0.436096,-0.0876442,5,drone1
1.76273,0.34206,9.06866e-06,-128.548,0.0968747,-0.0923425,-140.645,0.516185,-0.200233,0.021888,0.0063769,0,-0.258839,0.243527,-0.986434,5,drone1
1.76446,0.344181,9.03147e-06,-130.648,0.066624,-0.0496323,-138.812,0.47217,-0.193763,0.00813517,0.0125931,0,-0.805927,0.435947,0.055214,5,drone1
1.76428,0.343964,9.01898e-06,-132.738,0.0437973,-0.0205512,-136.97,0.427699,-0.186436,0.0059631,0.0143878,0,-0.540337,0.43473,0.0789162,5,drone1
1.76363,0.343275,9.01049e-06,-134.629,0.0215319,0.00411565,-135.125,0.384391,-0.178317,0.00611082,0.0142372,0,-0.292057,0.420342,0.0925495,5,drone1
1.76291,0.342568,9.01035e-06,-136.487,-0.00180498,0.0268271,-133.297,0.342538,-0.169513,0.00678012,0.0135914,0,-0.245201,0.403307,0.104208,5,drone1
1.76224,0.341949,9.0174e-06,-138.325,-0.0266905,0.0481421,-131.485,0.302068,-0.160177,0.00747185,0.0128823,0,-0.215212,0.386088,0.115835,5,drone1
1.76164,0.34142,9.03157e-06,-140.143,-0.053172,0.0681147,-129.686,0.262823,-0.150442,0.00807848,0.0122212,0,-0.19062,0.36925,0.127912,5,drone1
1.76108,0.340966,9.05298e-06,-141.944,-0.0812031,0.0866984,-127.899,0.224647,-0.140415,0.00859653,0.0116215,0,-0.171657,0.352808,0.140443,5,drone1
1.76057,0.340571,9.08185e-06,-143.73,-0.110733,0.103839,-126.124,0.187391,-0.130181,0.00904141,0.0110745,0,-0.157385,0.336676,0.153334,5,drone1
1.76009,0.340223,9.11849e-06,-145.503,-0.141727,0.119492,-126.136,0.101411,-0.102777,-0.00267787,0.0064608,0,-0.130118,0.727685,0.533701,5,drone1
1.76036,0.340563,9.1453e-06,-146.461,-0.17621,0.138589,-126.141,0.0544534,-0.0414141,0.00227969,0.00846569,0,-0.0436055,0.772487,0.0176359,5,drone1
1.76041,0.340628,9.21846e-06,-146.58,-0.208463,0.159344,-124.136,0.0267103,-0.0364049,0.00891859,0.0108089,0,2.60088,0.213132,0.170091,5,drone1
1.75961,0.339935,9.30466e-06,-147.37,-0.238865,0.17459,-122.324,-0.00182179,-0.0306499,0.00919738,0.0105683,0,0.715269,0.209094,0.188983,5,drone1
1.75899,0.339502,9.36337e-06,-148.962,-0.273781,0.186011,-122.947,-0.0205548,0.0466129,-2.30032e-05,-0.0104455,0,0.973356,0.753352,-0.25745,5,drone1
1.76086,0.340878,9.44378e-06,-149.612,-0.319669,0.208483,-121.006,-0.0486008,0.0451709,0.0101386,0.00939206,0,1.90771,0.147041,0.256322,5,drone1
1.7602,0.340271,9.59132e-06,-150.186,-0.353775,0.22375,-119.229,-0.0789995,0.0450035,0.00894511,0.0110267,0,0.617322,0.151319,0.279852,5,drone1
1.75932,0.339712,9.68012e-06,-151.682,-0.391908,0.231864,-117.553,-0.11006,0.0461314,0.00976897,0.0101799,0,-0.585949,0.146297,0.289989,5,drone1
1.75862,0.339324,9.79881e-06,-153.344,-0.433377,0.237921,-115.9,-0.141647,0.0481316,0.0103439,0.00927149,0,-0.765306,0.139416,0.299661,5,drone1
1.75804,0.33903,9.93627e-06,-155.039,-0.477489,0.242346,-114.255,-0.173907,0.0508743,0.0107174,0.00857654,0,-0.756653,0.132227,0.31102,5,drone1
1.75753,0.338789,1.0092e-05,-156.735,-0.523928,0.245083,-112.615,-0.206957,0.0542912,0.0109924,0.00801324,0,-0.706805,0.124505,0.323723,5,drone1
1.75706,0.338583,1.02669e-05,-158.424,-0.572597,0.246016,-110.978,-0.240885,0.0583368,0.0112149,0.00751952,0,-0.651455,0.116071,0.337453,5,drone1
1.75661,0.338402,1.0463e-05,-160.104,-0.623495,0.245023,-109.344,-0.275772,0.0629772,0.0114049,0.00706482,0,-0.599697,0.106838,0.352049,5,drone1
1.75617,0.338241,1.06825e-05,-161.775,-0.676658,0.241978,-107.714,-0.311695,0.0681866,0.0115711,0.00663444,0,-0.553507,0.0967597,0.367435,5,drone1
1.75575,0.338097,1.0928e-05,-163.437,-0.732144,0.236752,-106.088,-0.348736,0.073946,0.0117182,0.00622057,0,-0.513021,0.0858062,0.383575,5,drone1
1.75534,0.337969,1.12024e-05,-165.09,-0.790018,0.229207,-109.662,-0.341027,0.189392,-0.0201866,-0.0294271,0,-0.343761,1.28673,-0.487959,5,drone1
1.7602,0.339958,1.16582e-05,-165.553,-0.871962,0.243433,-107.524,-0.381316,0.181994,0.0114236,0.0064866,0,4.75082,0.0114663,0.490811,5,drone1
1.75952,0.339483,1.20067e-05,-165.485,-0.927236,0.258847,-105.649,-0.426655,0.176562,0.00934832,0.0109154,0,3.07549,0.014507,0.52896,5,drone1
1.75796,0.338906,1.23549e-05,-166.133,-0.984182,0.261681,-101.042,-0.379764,0.113396,0.0338056,0.00921613,0,1.04222,-1.01097,-0.037325,5,drone1
1.75783,0.338374,1.2811e-05,-167.769,-1.05504,0.247338,-99.7067,-0.439039,0.118182,0.0113383,0.00764807,0,-2.82842,0.0479296,0.626653,5,drone1
1.75686,0.338234,1.32817e-05,-169.91,-1.12698,0.219051,-98.2988,-0.498642,0.124556,0.0118151,0.00757547,0,-2.52895,0.0316359,0.633877,5,drone1
1.75584,0.338098,1.38074e-05,-171.874,-1.20088,0.189884,-96.8501,-0.558512,0.131605,0.0118178,0.00676615,0,-1.79688,0.0126453,0.639452,5,drone1
1.75492,0.337992,1.43893e-05,-173.735,-1.27776,0.158617,-95.375,-0.618929,0.139426,0.0118593,0.00588112,0,-1.28244,-0.00692886,0.647454,5,drone1
1.75409,0.337914,1.50417e-05,-175.524,-1.35798,0.124602,-93.8814,-0.680212,0.148069,0.0118991,0.00505609,0,-0.897744,-0.0271904,0.658273,5,drone1
1.75336,0.337861,1.57741e-05,-177.258,-1.44168,0.0873194,-92.375,-0.742673,0.157568,0.0119269,0.00431816,0,-0.60435,-0.0482957,0.671812,5,drone1
1.75271,0.337827,1.65956e-05,-178.948,-1.52896,0.0463372,-93.6931,-0.822517,0.169553,-0.0100318,0.00491941,0,-0.566652,0.311937,0.754682,5,drone1
1.75179,0.337821,1.74932e-05,179.636,-1.61827,0.00794632,-91.89,-0.886209,0.179573,0.0117748,0.00366491,0,2.62702,-0.0612934,0.694147,5,drone1
1.75123,0.337822,1.85239e-05,178.415,-1.71342,-0.0291616,-90.1372,-0.952066,0.190873,0.0118151,0.00269923,0,2.23838,-0.0865674,0.715799,5,drone1
1.75079,0.337832,1.96788e-05,177.155,-1.8133,-0.07182,-88.4465,-1.02051,0.203587,0.0118256,0.00206783,0,1.70371,-0.112962,0.741076,5,drone1
1.7504,0.337851,2.09706e-05,175.863,-1.9177,-0.120384,-86.8084,-1.09178,0.217665,0.0118059,0.0015746,0,1.26937,-0.140707,0.768222,5,drone1
1.75005,0.337876,2.24142e-05,174.542,-2.02656,-0.175255,-85.2153,-1.16608,0.233081,0.0117642,0.0011574,0,0.920028,-0.169861,0.796897,5,drone1
1.74971,0.337906,2.40261e-05,173.197,-2.13991,-0.236855,-83.6605,-1.2436,0.249825,0.0117048,0.000790037,0,0.643555,-0.200461,0.826963,5,drone1
1.74939,0.337944,2.48525e-05,171.841,-2.13638,-0.286194,-82.1386,-1.32455,0.267907,0.01163,0.000458501,0,0.429611,-0.232532,0.858352,5,drone1
1.74907,0.337987,2.17814e-05,170.475,-2.00786,-0.319596,-80.6469,-1.39683,0.287531,0.0115351,0.000137,0,0.257966,-0.247736,0.769511,5,drone1
1.74875,0.338036,2.03207e-05,169.094,-1.88754,-0.346339,-79.1821,-1.44873,0.30795,0.0114203,-0.000196301,0,0.124923,-0.243287,0.564464,5,drone1
1.74845,0.338087,1.92694e-05,167.702,-1.7748,-0.368986,-77.7416,-1.48297,0.328921,0.0112877,-0.000505903,0,0.0346999,-0.229482,0.388142,5,drone1
1.74816,0.338142,1.83167e-05,166.306,-1.66921,-0.388327,-76.3234,-1.50199,0.350108,0.0111387,-0.000788415,0,-0.0220301,-0.20991,0.237066,5,drone1
1.74788,0.338201,1.74191e-05,164.913,-1.57043,-0.404647,-74.9269,-1.5079,0.371256,0.0109722,-0.00104729,0,-0.0536343,-0.185912,0.108271,5,drone1
1.7476,0.338265,1.65892e-05,163.528,-1.47817,-0.418148,-73.552,-1.50256,0.392223,0.0107863,-0.00128613,0,-0.0672014,-0.158071,-0.000825498,5,drone1
1.74733,0.338333,1.58386e-05,162.156,-1.39217,-0.42906,-77.9172,-1.57233,0.384184,-0.0288311,0.0215242,0,-0.306218,0.895621,0.730832,5,drone1
1.74538,0.338124,1.51478e-05,162.389,-1.3169,-0.398855,-76.0178,-1.54039,0.410502,0.0104689,-0.000669891,0,5.65543,-0.0626096,-0.235648,5,drone1
1.74489,0.338684,1.45056e-05,163.235,-1.2566,-0.359566,-74.2575,-1.50171,0.438861,0.0105727,-0.00292156,0,3.50969,-0.0312769,-0.292424,5,drone1
1.74482,0.338945,1.40121e-05,162.976,-1.19578,-0.347095,-72.8404,-1.45962,0.464972,0.0096618,-0.00381726,0,0.887712,0.000646621,-0.326039,5,drone1
1.74498,0.339,1.35706e-05,162.166,-1.1375,-0.346825,-72.8694,-1.42476,0.457933,0.00908878,-0.0039786,0,-0.287728,0.0364174,-0.353766,5,drone1
1.74506,0.338823,1.31877e-05,161.467,-1.08447,-0.344338,-72.8164,-1.38566,0.456651,0.00883571,-0.00357993,0,0.53073,0.101329,-0.377821,5,drone1
1.74511,0.338731,1.28429e-05,161.154,-1.03798,-0.335066,-72.7008,-1.34305,0.461083,0.00877103,-0.00326937,0,1.15488,0.164647,-0.395545,5,drone1
1.74513,0.33869,1.25458e-05,161.017,-0.996504,-0.323545,-72.5677,-1.29774,0.471204,0.00856922,-0.00306168,0,1.32991,0.227105,-0.404851,5,drone1
1.74514,0.338672,1.22873e-05,160.959,-0.959261,-0.311819,-72.4366,-1.25033,0.487039,0.00828486,-0.0029028,0,1.30865,0.288882,-0.407848,5,drone1
1.74514,0.338664,1.20623e-05,160.934,-0.925835,-0.300724,-72.3152,-1.20127,0.508629,0.00795801,-0.00276024,0,1.21039,0.349989,-0.405926,5,drone1
1.74514,0.33866,1.18673e-05,160.924,-0.895976,-0.290579,-72.206,-1.15093,0.536005,0.00761098,-0.00262189,0,1.08762,0.410306,-0.400046,5,drone1
1.74514,0.338659,1.16994e-05,160.92,-0.869507,-0.28149,-72.1093,-1.09961,0.569161,0.00725924,-0.0024857,0,0.962768,0.469526,-0.390911,5,drone1
1.74514,0.338658,1.15562e-05,160.919,-0.846291,-0.273479,-72.0242,-1.04759,0.608035,0.0069163,-0.0023545,0,0.84524,0.527148,-0.379074,5,drone1
1.74513,0.338657,1.14354e-05,160.919,-0.826213,-0.266535,-71.9497,-0.995157,0.65249,0.00659545,-0.00223349,0,0.738853,0.582511,-0.364989,5,drone1
1.74513,0.338656,1.13351e-05,160.92,-0.809174,-0.260635,-71.8845,-0.942543,0.702314,0.00631085,-0.0021285,0,0.645011,0.634914,-0.349109,5,drone1
1.74513,0.338656,1.12539e-05,160.921,-0.79509,-0.255753,-71.8275,-0.889977,0.757292,0.00606822,-0.00204101,0,0.563297,0.684447,-0.331709,5,drone1
1.74513,0.338655,1.11902e-05,160.921,-0.783887,-0.251867,-71.7776,-0.837646,0.817265,0.00586069,-0.00196836,0,0.492278,0.731757,-0.313018,5,drone1
1.74513,0.338655,1.11432e-05,160.922,-0.775502,-0.248956,-71.8286,-0.830143,0.85182,0.0050058,0.0167733,0,0.110232,0.36315,0.0308506,5,drone1
1.74176,0.339813,1.10258e-05,160.942,-0.75379,-0.241148,-71.7807,-0.774315,0.924584,0.00553814,-0.00184341,0,0.471476,0.864267,-0.306736,5,drone1
1.74182,0.339793,1.1006e-05,160.967,-0.751196,-0.239904,-71.7403,-0.717842,1.00185,0.00429296,-0.00518438,0,0.395796,0.909492,-0.297692,5,drone1
1.74181,0.339796,1.10064e-05,160.978,-0.750904,-0.239636,-71.7071,-0.662663,1.08366,0.00418704,-0.00509728,0,0.324584,0.949073,-0.270108,5,drone1
1.74181,0.339797,1.10193e-05,160.983,-0.753207,-0.240352,-71.6788,-0.608692,1.1701,0.00407368,-0.00507272,0,0.275241,0.989538,-0.243287,5,drone1
1.74181,0.339797,1.10459e-05,160.986,-0.758104,-0.242001,-71.6543,-0.555867,1.26125,0.00397311,-0.00505196,0,0.237744,1.03089,-0.216885,5,drone1
1.74181,0.339797,1.10868e-05,160.987,-0.765597,-0.244559,-71.6329,-0.511926,1.33765,0.0039179,-0.00504571,0,0.20857,0.863198,-0.178022,5,drone1
1.7418,0.339796,1.11427e-05,160.989,-0.775693,-0.248022,-71.6141,-0.477028,1.39268,0.00388391,-0.00504244,0,0.183878,0.63195,-0.158731,5,drone1
1.7418,0.339796,1.12141e-05,160.989,-0.788409,-0.25239,-71.5976,-0.45065,1.42935,0.00386437,-0.00504022,0,0.162693,0.431041,-0.135186,5,drone1
1.7418,0.339796,1.13019e-05,160.99,-0.803768,-0.257669,-71.583,-0.432161,1.45029,0.00385599,-0.00503849,0,0.144288,0.256889,-0.109638,5,drone1
1.7418,0.339795,1.14073e-05,160.991,-0.821803,-0.26387,-71.5702,-0.420907,1.45776,0.00385616,-0.00503691,0,0.128185,0.1063,-0.0833014,5,drone1
1.7418,0.339795,1.15314e-05,160.992,-0.842557,-0.271008,-71.5588,-0.416269,1.45373,0.00386287,-0.00503527,0,0.114042,-0.0235728,-0.0566981,5,drone1
1.74179,0.339794,1.16759e-05,160.992,-0.866079,-0.2791,-71.5487,-0.417692,1.43995,0.00387456,-0.00503342,0,0.10159,-0.135264,-0.0299968,5,drone1
1.74179,0.339794,1.18425e-05,160.993,-0.892432,-0.288165,-71.5398,-0.424683,1.41792,0.00389,-0.00503124,0,0.0906128,-0.231036,-0.00321328,5,drone1
1.74179,0.339793,1.20334e-05,160.993,-0.921684,-0.298229,-71.532,-0.43682,1.38899,0.00390824,-0.00502862,0,0.0809251,-0.312901,0.0236946,5,drone1
1.74179,0.339793,1.22508e-05,160.994,-0.953915,-0.309319,-71.525,-0.453739,1.35429,0.00392849,-0.00502549,0,0.0723688,-0.382653,0.0507885,5,drone1
1.74179,0.339793,1.24976e-05,160.995,-0.989214,-0.321464,-71.5189,-0.475132,1.31484,0.00395004,-0.00502174,0,0.0648023,-0.441887,0.0781297,5,drone1
1.74179,0.339792,1.27768e-05,160.995,-1.02768,-0.3347,-71.5135,-0.500729,1.27154,0.00396992,-0.00501532,0,0.0577759,-0.491742,0.10574,5,drone1
1.74178,0.339792,1.30919e-05,160.996,-1.06942,-0.349064,-71.5089,-0.530291,1.22524,0.00397896,-0.00500187,0,0.0505164,-0.532776,0.133778,5,drone1
1.74178,0.339791,1.34468e-05,160.996,-1.11456,-0.364597,-71.5052,-0.563606,1.17674,0.00397019,-0.0049786,0,0.0425823,-0.565602,0.162315,5,drone1
1.74178,0.339791,1.3846e-05,160.997,-1.16323,-0.381345,-71.5024,-0.600491,1.12676,0.00393987,-0.00494412,0,0.0338052,-0.590916,0.191421,5,drone1
1.74178,0.339791,1.42944e-05,160.997,-1.21557,-0.399356,-71.5007,-0.640791,1.07597,0.00388651,-0.00489798,0,0.0241933,-0.609455,0.221167,5,drone1
1.74178,0.33979,1.47977e-05,160.997,-1.27173,-0.418684,-71.5,-0.684382,1.02496,0.00381022,-0.00484042,0,0.0138637,-0.621962,0.25163,5,drone1
1.74177,0.33979,1.5362e-05,160.998,-1.33189,-0.439385,-71.5005,-0.731171,0.974264,0.00371216,-0.00477211,0,0.00299533,-0.62917,0.282891,5,drone1
1.74177,0.339789,1.59944e-05,160.998,-1.39621,-0.461522,-71.5022,-0.781096,0.924345,0.00359418,-0.00469401,0,-0.00820285,-0.631789,0.315034,5,drone1
1.74177,0.339789,1.67027e-05,160.998,-1.46489,-0.485161,-71.505,-0.834122,0.875601,0.00345861,-0.00460725,0,-0.0195126,-0.630495,0.34815,5,drone1
1.74177,0.339789,1.74958e-05,160.998,-1.53814,-0.510372,-71.509,-0.890247,0.828378,0.00330803,-0.00451308,0,-0.0307197,-0.625928,0.382334,5,drone1
1.74177,0.339788,1.83834e-05,160.998,-1.61618,-0.537232,-71.5141,-0.949496,0.782963,0.00314516,-0.0044128,0,-0.0416216,-0.618691,0.417685,5,drone1
1.74176,0.339788,1.93766e-05,160.998,-1.69924,-0.565822,-71.5203,-1.01192,0.739596,0.00297281,-0.00430772,0,-0.0520323,-0.609349,0.454308,5,drone1
1.74176,0.339787,2.04875e-05,160.998,-1.78757,-0.596229,-71.5275,-1.0776,0.698468,0.00279378,-0.00419915,0,-0.0617851,-0.598432,0.492312,5,drone1
1.74176,0.339787,2.173e-05,160.998,-1.88144,-0.628544,-71.5356,-1.14664,0.659727,0.00261082,-0.00408836,0,-0.0707331,-0.586433,0.53181,5,drone1
1.74176,0.339787,2.31194e-05,160.997,-1.98114,-0.662868,-71.5445,-1.21918,0.623482,0.00242661,-0.00397657,0,-0.0787509,-0.573812,0.572924,5,drone1
1.74176,0.339786,2.64273e-05,160.997,-2.08288,-0.69398,-71.5541,-1.29537,0.589804,0.00224373,-0.00386496,0,-0.0857341,-0.560996,0.615775,5,drone1
1.74176,0.339786,2.12311e-05,160.998,-1.99947,-0.673778,-71.5643,-1.37484,0.559101,0.00206355,-0.00375481,0,-0.0916514,-0.543097,0.656369,5,drone1
1.74175,0.339786,2.15941e-05,161,-1.89661,-0.634412,-73.7947,-1.49813,0.517903,-0.015098,0.00913515,0,-0.18076,-0.209791,1.01338,5,drone1
1.74118,0.339662,2.07444e-05,161.647,-1.80471,-0.579171,-67.4044,-1.5242,0.54757,0.056865,0.0177592,0,0.111684,-1.54194,0.520989,5,drone1
1.73494,0.342627,1.87625e-05,160.99,-1.67808,-0.559579,-67.8986,-1.5524,0.521046,0.0013053,-0.00424317,0,-4.93395,-0.358883,0.144583,5,drone1
1.73528,0.342143,1.80689e-05,159.195,-1.58081,-0.581334,-68.0298,-1.56225,0.503142,-0.00205778,-0.0102234,0,-3.79618,-0.274274,0.011047,5,drone1
1.73733,0.341195,1.73891e-05,158.407,-1.50852,-0.577517,-68.2186,-1.56359,0.479972,-0.0013568,-0.00990271,0,-1.88216,-0.218685,-0.0774405,5,drone1
1.73735,0.341097,1.66783e-05,158.05,-1.43715,-0.559547,-68.3108,-1.55718,0.459369,-0.000360952,-0.00783178,0,-0.915768,-0.166501,-0.137102,5,drone1
1.73738,0.341053,1.60333e-05,157.925,-1.37379,-0.537472,-68.3588,-1.54365,0.441339,-0.000317567,-0.00776568,0,-0.475462,-0.116752,-0.192781,5,drone1
1.73738,0.341037,1.5463e-05,157.882,-1.31649,-0.515364,-74.4179,-1.63322,0.421686,-0.0437505,0.0168353,0,-0.378894,1.1515,1.01965,5,drone1
1.73801,0.339922,1.50661e-05,159.866,-1.2856,-0.451778,-73.8397,-1.59797,0.410502,0.000392163,-0.0076711,0,5.78496,-0.0297499,-0.368493,5,drone1
1.73766,0.34057,1.4542e-05,162.465,-1.25514,-0.377499,-73.5182,-1.56208,0.401082,0.00103235,-0.00695726,0,3.21813,4.56265e-05,-0.370924,5,drone1
1.73749,0.340898,1.41803e-05,163.678,-1.21844,-0.33781,-73.489,-1.52585,0.393287,-4.05128e-05,-0.00733765,0,0.293302,0.0272351,-0.369624,5,drone1
1.73741,0.341053,1.38496e-05,164.289,-1.18243,-0.313677,-73.5844,-1.48901,0.387252,-0.000585229,-0.0074882,0,-0.952002,0.0496155,-0.369963,5,drone1
1.73737,0.341132,1.35624e-05,164.61,-1.14917,-0.297427,-73.7316,-1.45177,0.382993,-0.000855832,-0.00754943,0,-1.47078,0.0686677,-0.368501,5,drone1
1.73734,0.341174,1.33186e-05,164.782,-1.1194,-0.285642,-73.8964,-1.41444,0.380491,-0.000996936,-0.00757774,0,-1.64707,0.0852649,-0.364226,5,drone1
1.73733,0.341196,1.31143e-05,164.875,-1.09339,-0.276663,-74.0621,-1.37739,0.37971,-0.00107204,-0.00759206,0,-1.65662,0.0999328,-0.356913,5,drone1
1.73732,0.341208,1.29457e-05,164.927,-1.07121,-0.269645,-74.2208,-1.34094,0.380608,-0.00111211,-0.00759998,0,-1.58626,0.113051,-0.346657,5,drone1
1.73732,0.341214,1.28096e-05,164.955,-1.05284,-0.264142,-74.3688,-1.30539,0.383143,-0.00113316,-0.00760487,0,-1.48039,0.124919,-0.333682,5,drone1
1.73731,0.341218,1.27035e-05,164.971,-1.03824,-0.25991,-74.5049,-1.27104,0.387278,-0.00114375,-0.00760831,0,-1.36198,0.135785,-0.318259,5,drone1
1.73731,0.341219,1.26255e-05,164.98,-1.02735,-0.256813,-74.6291,-1.23811,0.392981,-0.00114859,-0.00761105,0,-1.24272,0.14586,-0.300663,5,drone1
1.73731,0.34122,1.25742e-05,164.986,-1.02012,-0.254771,-74.7418,-1.20682,0.400231,-0.00115032,-0.00761342,0,-1.12839,0.155326,-0.281153,5,drone1
1.73731,0.341221,1.25487e-05,164.989,-1.0165,-0.253738,-74.8439,-1.17734,0.40901,-0.00115043,-0.00761556,0,-1.02161,0.164341,-0.259965,5,drone1
1.73731,0.341221,1.25483e-05,164.991,-1.01646,-0.253684,-74.936,-1.14984,0.419311,-0.00114979,-0.0076175,0,-0.923329,0.173046,-0.237305,5,drone1
1.7373,0.341221,1.25729e-05,164.993,-1.01996,-0.254593,-75.0192,-1.12444,0.431135,-0.00114893,-0.00761923,0,-0.833638,0.181564,-0.213353,5,drone1
1.7373,0.341221,1.26226e-05,164.994,-1.02699,-0.256456,-75.0942,-1.10126,0.444489,-0.00114816,-0.00762073,0,-0.752194,0.190007,-0.188259,5,drone1
1.7373,0.34122,1.26979e-05,164.995,-1.03756,-0.259267,-75.1618,-1.08041,0.45939,-0.0011477,-0.00762197,0,-0.678461,0.198476,-0.162149,5,drone1
1.7373,0.34122,1.27996e-05,164.996,-1.05166,-0.263029,-75.2227,-1.06196,0.475859,-0.00114767,-0.00762291,0,-0.611825,0.207062,-0.135124,5,drone1
1.7373,0.34122,1.29289e-05,164.997,-1.06933,-0.267746,-75.2775,-1.04601,0.493929,-0.00114818,-0.00762354,0,-0.551667,0.215851,-0.107265,5,drone1
1.7373,0.34122,1.30875e-05,164.997,-1.09058,-0.273426,-75.3269,-1.03261,0.513635,-0.0011493,-0.00762382,0,-0.497388,0.224919,-0.0786322,5,drone1
1.7373,0.34122,1.32771e-05,164.998,-1.11548,-0.280081,-75.3714,-1.02183,0.535022,-0.00115107,-0.00762376,0,-0.448426,0.23434,-0.0492671,5,drone1
1.73729,0.34122,1.35003e-05,164.999,-1.14407,-0.287727,-75.4114,-1.01373,0.558142,-0.00115355,-0.00762334,0,-0.404265,0.244182,-0.0191962,5,drone1
1.73729,0.341219,1.37597e-05,165,-1.17644,-0.296382,-75.4474,-1.00837,0.583053,-0.00115678,-0.00762256,0,-0.36443,0.254511,0.0115692,5,drone1
1.73729,0.341219,1.40586e-05,165,-1.21265,-0.306068,-75.4798,-1.0058,0.609819,-0.00116079,-0.00762142,0,-0.328491,0.265389,0.0430315,5,drone1
1.73729,0.341219,1.44007e-05,165.001,-1.25281,-0.316812,-75.5089,-1.00607,0.638513,-0.00116562,-0.00761994,0,-0.296056,0.276879,0.0752051,5,drone1
1.73729,0.341219,1.47903e-05,165.001,-1.29703,-0.328642,-75.535,-1.00924,0.669215,-0.00117132,-0.00761813,0,-0.26677,0.289038,0.108116,5,drone1
1.73729,0.341219,1.52322e-05,165.002,-1.34543,-0.341592,-78.8156,-0.973278,0.729626,-0.0347927,-0.0336711,0,-0.323217,1.33086,-0.399648,5,drone1
1.74565,0.338536,1.6099e-05,165.672,-1.44287,-0.34979,-74.5265,-0.886835,0.729668,0.031671,1.47935e-06,0,2.9711,-0.590632,-0.436805,5,drone1
1.74393,0.339707,1.66376e-05,165.836,-1.4925,-0.357819,-74.7174,-0.917777,0.768453,0.0014187,0.000724763,0,-1.91634,0.285106,0.405994,5,drone1
1.74401,0.339574,1.72887e-05,165.161,-1.55033,-0.391834,-74.4263,-0.934234,0.81076,0.00649599,0.00871462,0,-2.1989,0.262321,0.319349,5,drone1
1.74203,0.340101,1.79018e-05,164.666,-1.60385,-0.420838,-74.5758,-0.96782,0.853727,0.000331334,-0.000879162,0,-1.503,0.318457,0.442647,5,drone1
1.74211,0.340001,1.87143e-05,164.292,-1.67294,-0.451512,-74.6606,-1.00133,0.898782,-0.000200595,-0.00284725,0,-0.857402,0.342156,0.445121,5,drone1
1.74213,0.33995,1.96292e-05,164.094,-1.74819,-0.479176,-74.6993,-1.03633,0.946211,-9.12327e-05,-0.00276443,0,-0.396855,0.363261,0.464199,5,drone1
1.74214,0.339924,2.06567e-05,163.991,-1.82956,-0.505911,-74.714,-1.07338,0.996344,-4.47361e-05,-0.00273431,0,-0.158207,0.385104,0.490079,5,drone1
1.74215,0.339909,2.1808e-05,163.937,-1.91702,-0.532926,-74.7166,-1.11286,1.04944,-2.93614e-05,-0.00271636,0,-0.0378818,0.407801,0.520924,5,drone1
1.74215,0.339902,2.30974e-05,163.909,-2.01066,-0.560925,-74.7132,-1.15509,1.10571,-3.12059e-05,-0.00270518,0,0.0208721,0.431468,0.555577,5,drone1
1.74215,0.339898,2.5264e-05,163.895,-2.10914,-0.588301,-74.707,-1.20032,1.16535,-4.28538e-05,-0.00269776,0,0.0481032,0.456214,0.59341,5,drone1
1.74215,0.339896,2.0143e-05,163.89,-2.04144,-0.577725,-74.6994,-1.2486,1.22873,-6.0309e-05,-0.00269253,0,0.0593605,0.48415,0.632521,5,drone1
1.74215,0.339895,2.11609e-05,163.889,-1.94337,-0.544413,-71.0355,-1.21223,1.31862,0.0302526,0.00357151,0,0.347962,0.0143569,0.459162,5,drone1
1.73965,0.341148,2.05648e-05,162.975,-1.83091,-0.542003,-71.3942,-1.23447,1.38776,-0.000287693,-0.0026821,0,-3.60392,0.568832,0.45118,5,drone1
1.73985,0.340827,1.97538e-05,161.708,-1.73585,-0.554537,-71.6256,-1.23778,1.45983,-0.0015688,-0.00513705,0,-2.33158,0.667348,0.2735,5,drone1
1.73993,0.340656,1.88498e-05,161.126,-1.65402,-0.546069,-71.7077,-1.23096,1.51824,-0.00111078,-0.00496923,0,-0.833394,0.574865,0.123128,5,drone1
1.73997,0.340579,1.8024e-05,160.873,-1.58177,-0.529198,-71.7238,-1.21817,1.5588,-0.000876926,-0.00488617,0,-0.17031,0.425162,0.00641851,5,drone1
1.73999,0.340546,1.72979e-05,160.765,-1.51698,-0.509953,-71.7134,-1.20172,1.58456,-0.00076822,-0.0048497,0,0.0986398,0.296037,-0.0756414,5,drone1
1.73999,0.340531,1.66667e-05,160.72,-1.45859,-0.490883,-71.6937,-1.18298,1.59792,-0.000714403,-0.00483737,0,0.195283,0.185418,-0.136364,5,drone1
1.73999,0.340525,1.61199e-05,160.701,-1.40599,-0.473002,-71.6716,-1.1628,1.60088,-0.000683372,-0.00483674,0,0.219674,0.091142,-0.182378,5,drone1
1.73999,0.340522,1.56473e-05,160.694,-1.35881,-0.45668,-71.6502,-1.14183,1.59515,-0.000661397,-0.00484176,0,0.215086,0.011238,-0.217158,5,drone1
1.73999,0.340521,1.52404e-05,160.692,-1.3168,-0.44203,-71.6305,-1.12053,1.58222,-0.000642869,-0.00484952,0,0.199826,-0.0560426,-0.242745,5,drone1
1.73999,0.34052,1.48922e-05,160.691,-1.27973,-0.429059,-71.6127,-1.09932,1.56338,-0.000625624,-0.00485861,0,0.18149,-0.112247,-0.260526,5,drone1
1.73999,0.340519,1.4597e-05,160.692,-1.24744,-0.417738,-71.5968,-1.07852,1.53977,-0.000608916,-0.00486824,0,0.163141,-0.158746,-0.271562,5,drone1
1.73998,0.340519,1.43501e-05,160.692,-1.21976,-0.408026,-71.5827,-1.05845,1.51239,-0.000592562,-0.00487798,0,0.145939,-0.196752,-0.276722,5,drone1
1.73998,0.340518,1.41474e-05,160.693,-1.19656,-0.39988,-71.5701,-1.03934,1.48209,-0.000576583,-0.00488754,0,0.130251,-0.227339,-0.276754,5,drone1
1.73998,0.340518,1.39856e-05,160.694,-1.17772,-0.393263,-71.5591,-1.02143,1.44963,-0.000561061,-0.00489673,0,0.116122,-0.251458,-0.272303,5,drone1
1.73998,0.340517,1.38622e-05,160.695,-1.16314,-0.388138,-71.5492,-1.0049,1.41568,-0.000546083,-0.00490541,0,0.103473,-0.269951,-0.263933,5,drone1
1.73998,0.340517,1.37751e-05,160.696,-1.15274,-0.384476,-71.5406,-0.989931,1.38081,-0.000531722,-0.0049135,0,0.092183,-0.283561,-0.252132,5,drone1
1.73998,0.340516,1.37227e-05,160.697,-1.14644,-0.382253,-71.5329,-0.976672,1.34551,-0.00051803,-0.0049209,0,0.0821226,-0.292946,-0.237328,5,drone1
1.73997,0.340516,1.37041e-05,160.697,-1.14419,-0.381449,-71.5261,-0.965256,1.31022,-0.000505043,-0.00492758,0,0.0731665,-0.298684,-0.219889,5,drone1
1.73997,0.340515,1.37186e-05,160.698,-1.14596,-0.382049,-71.5201,-0.955804,1.2753,-0.00049278,-0.00493351,0,0.0651994,-0.301286,-0.200131,5,drone1
1.73997,0.340515,1.37663e-05,160.699,-1.1517,-0.384046,-68.992,-0.896185,1.21998,0.0148623,-0.0178657,0,-0.0829068,-0.906933,-0.327148,5,drone1
1.74211,0.340122,1.3925e-05,159.941,-1.16589,-0.406321,-69.2396,-0.896815,1.18884,-0.000687498,-0.00492339,0,-2.47137,-0.290753,-0.111377,5,drone1
1.7422,0.339882,1.40673e-05,158.953,-1.17268,-0.431687,-69.3867,-0.898753,1.1583,-0.000168743,-0.00280243,0,-1.46621,-0.291336,-0.0934722,5,drone1
1.74227,0.339756,1.42067e-05,158.575,-1.18761,-0.446448,-69.4203,-0.900887,1.12847,0.000139389,-0.00270538,0,-0.331908,-0.286501,-0.0857921,5,drone1
1.74229,0.33971,1.43961e-05,158.437,-1.20813,-0.457842,-69.4128,-0.90462,1.09993,0.000293503,-0.00263589,0,0.080121,-0.280301,-0.0651808,5,drone1
1.7423,0.339692,1.46289e-05,158.387,-1.2333,-0.469004,-69.3921,-0.910515,1.07301,0.000354411,-0.00261026,0,0.210231,-0.272807,-0.0390287,5,drone1
1.7423,0.339686,1.49051e-05,158.37,-1.26279,-0.481122,-69.3687,-0.918822,1.04789,0.000380393,-0.0026011,0,0.238882,-0.264359,-0.0101507,5,drone1
1.7423,0.339683,1.52278e-05,158.364,-1.29652,-0.49465,-69.3458,-0.929681,1.0247,0.000393399,-0.00259749,0,0.232801,-0.255186,0.0204071,5,drone1
1.7423,0.339682,1.56009e-05,158.362,-1.33455,-0.509777,-69.3245,-0.943193,1.00355,0.000401426,-0.00259539,0,0.215953,-0.245454,0.0522548,5,drone1
1.7423,0.339681,1.60294e-05,158.362,-1.37693,-0.526599,-69.3052,-0.959446,0.984519,0.000407354,-0.00259335,0,0.19677,-0.235292,0.0852465,5,drone1
1.74229,0.33968,1.65186e-05,158.362,-1.42379,-0.545181,-69.2877,-0.97853,0.967677,0.000412215,-0.00259085,0,0.178117,-0.224806,0.119332,5,drone1
1.74229,0.33968,1.70746e-05,158.362,-1.47524,-0.565582,-69.2719,-1.00054,0.953086,0.000416379,-0.00258772,0,0.160882,-0.214088,0.154504,5,drone1
1.74229,0.339679,1.77045e-05,158.362,-1.53144,-0.587862,-70.3513,-1.08153,0.879427,-0.00379787,0.0148366,0,0.525153,-0.72168,0.39605,5,drone1
1.74002,0.340417,1.82878e-05,158.734,-1.58578,-0.597571,-72.6633,-1.22901,0.897462,-0.011612,0.0211376,0,0.0477368,0.209622,1.27235,5,drone1
1.73714,0.341275,1.89054e-05,159.952,-1.65161,-0.5833,-72.347,-1.24215,0.893198,-1.27089e-05,-0.00485223,0,3.16411,-0.0769968,0.114605,5,drone1
1.73703,0.341558,1.97831e-05,161.107,-1.73512,-0.574558,-72.1839,-1.26094,0.891847,-0.000884524,-0.00775229,0,1.63131,-0.0676154,0.175864,5,drone1
1.73695,0.341706,2.07958e-05,161.607,-1.81791,-0.585221,-72.1524,-1.28658,0.893457,-0.00134897,-0.00783659,0,0.314212,-0.062502,0.24918,5,drone1
1.73692,0.341771,2.19158e-05,161.83,-1.90401,-0.605635,-72.174,-1.31789,0.89762,-0.00157222,-0.00789487,0,-0.216213,-0.0568597,0.310647,5,drone1
1.7369,0.3418,2.3168e-05,161.931,-1.99501,-0.631601,-72.2155,-1.3544,0.904188,-0.00166662,-0.00791523,0,-0.416612,-0.0504837,0.367558,5,drone1
1.73689,0.341814,2.55554e-05,161.976,-2.08964,-0.658433,-72.2628,-1.39596,0.913137,-0.00170582,-0.00792013,0,-0.475104,-0.0433295,0.42292,5,drone1
1.73689,0.341819,2.06603e-05,161.995,-2.02082,-0.643644,-72.3098,-1.44225,0.924711,-0.00172221,-0.00791706,0,-0.4725,-0.032589,0.476017,5,drone1
1.73689,0.341821,2.14626e-05,162.005,-1.92757,-0.608463,-72.3539,-1.47583,0.93788,-0.00173091,-0.00792078,0,-0.444677,0.0221451,0.35995,5,drone1
1.73689,0.341822,2.09518e-05,162.01,-1.84085,-0.578721,-72.3945,-1.49488,0.954041,-0.00173748,-0.00792972,0,-0.410372,0.0954502,0.230845,5,drone1
1.73689,0.341822,2.00715e-05,162.014,-1.76093,-0.55236,-71.898,-1.57093,0.978861,0.00906574,0.0147837,0,-0.405212,-0.156522,0.84291,5,drone1
1.73358,0.342978,1.89803e-05,161.867,-1.67034,-0.52766,-73.8358,-1.79232,0.979569,0.00201145,0.0537923,0,-0.396565,-0.0893643,1.96994,5,drone1
1.72374,0.345921,1.7706e-05,162.124,-1.55879,-0.483383,-73.6284,-1.74697,1.0086,-0.00257305,-0.011297,0,1.20877,0.371806,-0.351669,5,drone1
1.72608,0.345285,1.70931e-05,162.687,-1.51373,-0.452687,-73.4477,-1.69259,1.04074,-0.00536142,-0.0212036,0,0.745091,0.422989,-0.424806,5,drone1
1.73025,0.344067,1.67129e-05,162.91,-1.48021,-0.435981,-75.234,-1.72601,1.01178,-0.00961733,0.0182135,0,0.636594,0.249601,0.0794943,5,drone1
1.72743,0.344686,1.60779e-05,163.482,-1.42144,-0.402463,-75.0301,-1.66442,1.05488,-0.00349417,-0.0147066,0,1.56449,0.551977,-0.488171,5,drone1
1.73034,0.343979,1.57574e-05,164.192,-1.39586,-0.376264,-74.8991,-1.60156,1.10054,-0.00425682,-0.0174988,0,0.788679,0.583523,-0.487685,5,drone1
1.73377,0.343105,1.55432e-05,164.541,-1.37525,-0.36142,-74.8978,-1.54226,1.14763,-0.0038663,-0.0145186,0,-0.05082,0.607446,-0.449034,5,drone1
1.73663,0.342357,1.53494e-05,164.715,-1.35585,-0.351633,-74.9547,-1.48576,1.1972,-0.00312602,-0.0110695,0,-0.400339,0.632608,-0.416583,5,drone1
1.73883,0.341776,1.51736e-05,164.813,-1.33773,-0.344246,-75.0053,-1.43073,1.25063,-0.00243604,-0.00820214,0,-0.516923,0.660277,-0.390136,5,drone1
1.73878,0.341803,1.49477e-05,164.871,-1.31346,-0.336245,-75.0604,-1.37726,1.30757,-0.00189425,-0.0060075,0,-0.563237,0.689738,-0.366203,5,drone1
1.73878,0.34181,1.47689e-05,164.902,-1.29402,-0.330225,-75.1157,-1.32435,1.3682,-0.00194632,-0.00605939,0,-0.565123,0.723622,-0.351686,5,drone1
1.73877,0.341814,1.46354e-05,164.92,-1.27918,-0.325799,-75.1686,-1.27226,1.43274,-0.00197775,-0.00606994,0,-0.540892,0.758883,-0.334424,5,drone1
1.73877,0.341816,1.45441e-05,164.93,-1.26889,-0.322787,-75.2178,-1.2212,1.50143,-0.00200642,-0.00607905,0,-0.504941,0.795791,-0.314667,5,drone1
1.73877,0.341817,1.44931e-05,164.936,-1.26309,-0.321087,-75.2632,-1.17603,1.55974,-0.00201495,-0.00609254,0,-0.464722,0.679943,-0.285532,5,drone1
1.73877,0.341818,1.44811e-05,164.94,-1.26174,-0.320639,-75.3049,-1.13717,1.60143,-0.00201337,-0.00610545,0,-0.424552,0.502826,-0.268101,5,drone1
1.73876,0.341818,1.45078e-05,164.942,-1.2648,-0.321408,-75.3431,-1.10444,1.62898,-0.0020052,-0.00611732,0,-0.385884,0.350239,-0.245692,5,drone1
1.73876,0.341818,1.45731e-05,164.944,-1.27226,-0.323375,-75.3778,-1.07759,1.64457,-0.0019924,-0.00612797,0,-0.349627,0.219328,-0.219682,5,drone1
1.73876,0.341818,1.46777e-05,164.945,-1.2841,-0.326529,-75.4093,-1.05637,1.6501,-0.00197648,-0.00613729,0,-0.316129,0.107548,-0.19113,5,drone1
1.73876,0.341817,1.48227e-05,164.946,-1.30033,-0.33087,-75.4379,-1.04051,1.64724,-0.00195856,-0.00614526,0,-0.285439,0.0126288,-0.160678,5,drone1
1.73876,0.341817,1.50098e-05,164.947,-1.32098,-0.336401,-75.4638,-1.02977,1.63745,-0.00193944,-0.00615188,0,-0.257459,-0.0674538,-0.128689,5,drone1
1.73876,0.341817,1.52413e-05,164.948,-1.34608,-0.34313,-75.4873,-1.02394,1.62202,-0.00191972,-0.00615716,0,-0.232021,-0.1345,-0.0953745,5,drone1
1.73875,0.341817,1.55199e-05,164.948,-1.37568,-0.351071,-77.6177,-1.11835,1.59613,-0.0152811,0.00621788,0,-0.306181,0.0331148,0.37735,5,drone1
1.73846,0.341601,1.583e-05,165.439,-1.41186,-0.347932,-77.426,-1.11191,1.57336,-0.00164806,-0.00621483,0,1.92108,-0.210184,-0.108548,5,drone1
1.7384,0.341744,1.62131e-05,166.148,-1.45489,-0.340003,-77.3025,-1.11203,1.54807,-0.00148244,-0.00647944,0,1.23976,-0.247589,-0.0514575,5,drone1
1.73835,0.341835,1.66621e-05,166.56,-1.50101,-0.339959,-81.9645,-1.29312,1.46114,-0.0355412,0.0104912,0,0.87574,-0.0202551,0.574644,5,drone1
1.73813,0.341306,1.71378e-05,167.785,-1.55663,-0.318381,-81.4992,-1.28754,1.43931,-0.00127764,-0.00666973,0,4.65752,-0.211212,-0.0780451,5,drone1
1.73799,0.341588,1.77267e-05,169.41,-1.61906,-0.284206,-81.2029,-1.29112,1.41638,-0.000925193,-0.00680984,0,2.9682,-0.231885,0.0069618,5,drone1
1.73789,0.341773,1.83924e-05,170.497,-1.68364,-0.263359,-81.0985,-1.30413,1.39325,-0.00142669,-0.00692764,0,1.04943,-0.247632,0.0951737,5,drone1
1.73782,0.341891,1.9133e-05,171.257,-1.75207,-0.251002,-81.1131,-1.32472,1.37022,-0.00174796,-0.00699741,0,-0.140948,-0.259503,0.167499,5,drone1
1.73777,0.341971,1.99678e-05,171.804,-1.82519,-0.244476,-81.2022,-1.35181,1.34759,-0.00195051,-0.00703661,0,-0.885182,-0.267051,0.230854,5,drone1
1.73774,0.342027,2.09093e-05,172.204,-1.90356,-0.24222,-81.337,-1.38474,1.32562,-0.00207972,-0.00706044,0,-1.34131,-0.270426,0.289033,5,drone1
