2.04469,-1.00176,5.53539e-06,0,0,-0.0111886,0,0,0,0,0,0,0,0,0,-1,pipuck9
2.04469,-1.00176,7.91351e-06,0,0,-0.0159945,0,0,0,0,0,0,0,0,0,-1,pipuck9
2.04469,-1.00176,8.88486e-06,0,0,-0.0179578,0,0,0,0,0,0,0,0,0,-1,pipuck9
2.04469,-1.00176,9.26229e-06,0,0,-0.0187206,0,0,0,0,0,0,0,0,0,-1,pipuck9
2.04469,-1.00176,9.40043e-06,0,0,-0.0189998,0,0,0,0,0,0,0,0,0,-1,pipuck9
2.04469,-1.00176,9.44705e-06,0,0,-0.019094,0,0,0,0,0,0,0,0,0,-1,pipuck9
2.04469,-1.00176,9.46085e-06,0,0,-0.0191219,0,0,0,0,0,0,0,0,0,-1,pipuck9
2.04469,-1.00176,9.46391e-06,0,0,-0.0191281,0,0,0,0,0,0,0,0,0,-1,pipuck9
2.04469,-1.00176,9.46396e-06,0,0,-0.0191282,0,0,0,0,0,0,0,0,0,-1,pipuck9
2.04469,-1.00176,9.46346e-06,0,0,-0.0191272,0,0,0,0,0,0,0,0,0,-1,pipuck9
2.04469,-1.00176,9.46303e-06,0,0,-0.0191263,0,0,0,0,0,0,0,0,0,-1,pipuck9
2.04469,-1.00176,9.46276e-06,0,0,-0.0191258,0,0,0,0,0,0,0,0,0,-1,pipuck9
2.04469,-1.00176,9.46262e-06,0,0,-0.0191255,0,0,0,0,0,0,0,0,0,-1,pipuck9
2.04469,-1.00176,9.46255e-06,0,0,-0.0191254,0,0,0,0,0,0,0,0,0,-1,pipuck9
2.04469,-1.00176,9.46252e-06,0,0,-0.0191253,0,0,0,0,0,0,0,0,0,-1,pipuck9
2.04469,-1.00176,9.46251e-06,0,0,-0.0191253,0,0,0,0,0,0,0,0,0,-1,pipuck9
2.04469,-1.00176,9.4625e-06,0,0,-0.0191253,0,0,0,0,0,0,0,0,0,-1,pipuck9
2.04469,-1.00176,9.4625e-06,0,0,-0.0191253,0,0,0,0,0,0,0,0,0,-1,pipuck9
2.04469,-1.00176,9.4625e-06,0,0,-0.0191253,0,0,0,0,0,0,0,0,0,-1,pipuck9
2.04469,-1.00176,9.4625e-06,0,0,-0.0191253,0,0,0,0,0,0,0,0,0,-1,pipuck9
2.04469,-1.00176,9.4625e-06,0,0,-0.0191253,0,0,0,0,0,0,0,0,0,-1,pipuck9
2.04469,-1.00176,9.4625e-06,0,0,-0.0191252,0,0,0,0,0,0,0,0,0,-1,pipuck9
2.04469,-1.00176,9.4625e-06,0,0,-0.0191252,0,0,0,0,0,0,0,0,0,-1,pipuck9
2.04469,-1.00176,9.4625e-06,0,0,-0.0191252,0,0,0,0,0,0,0,0,0,-1,pipuck9
2.04469,-1.00176,9.4625e-06,0,0,-0.0191252,0,0,0,0,0,0,0,0,0,-1,pipuck9
2.04469,-1.00176,9.4625e-06,0,0,-0.0191252,0,0,0,0,0,0,0,0,0,-1,pipuck9
2.04469,-1.00176,9.4625e-06,0,0,-0.0191252,0,0,0,0,0,0,0,0,0,-1,pipuck9
2.04469,-1.00176,9.4625e-06,0,0,-0.0191252,0,0,0,0,0,0,0,0,0,-1,pipuck9
2.04469,-1.00176,9.4625e-06,0,0,-0.0191252,0,0,0,0,0,0,0,0,0,-1,pipuck9
2.04469,-1.00176,9.4625e-06,0,0,-0.0191252,0,0,0,0,0,0,0,0,0,-1,pipuck9
2.04469,-1.00176,9.4625e-06,0,0,-0.0191252,0,0,0,0,0,0,0,0,0,-1,pipuck9
2.04469,-1.00176,9.4625e-06,0,0,-0.0191252,0,0,0,0,0,0,0,0,0,-1,pipuck9
2.04469,-1.00176,9.4625e-06,0,0,-0.0191252,0,0,0,0,0,0,0,0,0,-1,pipuck9
2.04469,-1.00176,9.4625e-06,0,0,-0.0191252,0,0,0,0,0,0,0,0,0,-1,pipuck9
2.04469,-1.00176,9.4625e-06,0,0,-0.0191252,0,0,0,0,0,0,0,0,0,-1,pipuck9
2.04469,-1.00176,9.4625e-06,0,0,-0.0191252,0,0,0,0,0,0,0,0,0,-1,pipuck9
2.04469,-1.00176,9.4625e-06,0,0,-0.0191252,0,0,0,0,0,0,0,0,0,-1,pipuck9
2.04469,-1.00176,9.4625e-06,0,0,-0.0191252,0,0,0,0,0,0,0,0,0,-1,pipuck9
2.04469,-1.00176,9.4625e-06,0,0,-0.0191252,0,0,0,0,0,0,0,0,0,-1,drone2
2.04469,-1.00176,9.4625e-06,0,0,-0.0191252,0,0,0,0,0,0,0,0,0,-1,drone2
2.04469,-1.00176,9.4625e-06,0,0,-0.0191252,-1.35721,0.110262,-0.0423099,0.28773,0.0351692,0,1.58431,1.09724,-0.436789,5,drone2
2.06391,-1.00175,9.21998e-06,0.11904,-0.0927229,-0.0183874,-3.23601,0.242289,-0.0772948,0.280994,0.056977,0,2.95749,1.28484,-0.452639,5,drone2
2.08282,-1.00167,9.17856e-06,0.509505,-0.184804,-0.0166886,-4.6887,0.363064,-0.101376,0.261661,0.0516547,0.000629967,2.66123,1.15743,-0.404389,5,drone1
2.10199,-1.00141,9.27028e-06,1.13681,-0.279158,-0.0126966,-5.80407,0.472762,-0.118271,0.242257,0.0466577,0.00115412,2.3947,1.04255,-0.36153,5,drone1
2.12135,-1.00092,9.45737e-06,1.89987,-0.37574,-0.00574502,-16.934,0.554021,-0.168879,-1.75567,0.871219,1.73422,-43.2359,0.960004,-0.853445,5,drone1
2.10487,-1.00176,9.23199e-06,3.10649,-0.296559,-0.00201986,-27.1229,0.666542,-0.0247439,-1.88762,0.544075,1.74701,-32.0013,1.01831,0.692685,5,drone1
2.08864,-1.00314,8.86383e-06,5.14699,-0.2185,0.00199946,-17.6706,0.639086,-0.0378991,-2.48534,-0.805296,0,114.31,-0.348986,0.208848,9,drone1
2.06972,-1.00518,8.82456e-06,7.51058,-0.127928,-0.00101409,-9.18348,0.605966,-0.0471823,-2.54207,-0.363969,0,105.397,-0.38799,0.185053,9,drone1
2.05095,-1.008,8.87906e-06,9.7672,-0.0384872,-0.011572,-0.999082,0.564506,-0.0640642,-2.4784,-0.0485152,0,99.3059,-0.485885,0.144498,9,drone1
2.03216,-1.01152,8.95119e-06,11.8896,0.0507177,-0.0291422,4.81779,0.516736,-0.0692038,-2.44331,0.517027,0,85.8092,-0.564611,0.0920563,9,drone1
2.01396,-1.01581,9.04552e-06,14.057,0.136986,-0.0530022,9.31651,0.46313,-0.0708359,-2.32671,0.856375,0,77.663,-0.627682,0.0377078,9,drone1
1.99616,-1.0208,9.16509e-06,16.5437,0.220747,-0.0845412,11.0486,0.369426,0.0092464,-2.14963,1.35431,0,65.5043,-0.774696,0.704936,9,drone1
1.97956,-1.02642,9.30652e-06,19.5642,0.297383,-0.125014,12.2692,0.31276,0.0110762,-2.0635,1.44044,0,62.4073,-0.612555,-0.116053,9,drone1
1.96322,-1.03277,2.12393e-05,23.1333,0.39239,-0.121947,14.8607,0.237051,0.0738378,-2.49907,1.77531,0,74.5619,-0.546693,0.575264,10,drone1
1.94768,-1.04018,1.41891e-05,27.0891,0.451555,-0.200474,12.48,0.107332,0.165431,-2.02708,2.55553,0,53.0376,-1.05983,0.750209,10,drone1
1.93437,-1.04745,1.15095e-05,31.9355,0.49547,-0.283857,10.4902,0.0349113,0.132979,-2.13408,2.38234,0,55.0315,-0.578349,-0.338303,10,drone1
1.92141,-1.05634,1.0746e-05,37.8745,0.526643,-0.385536,6.30487,-0.104389,0.103678,-1.78636,2.62835,0,48.1466,-1.19429,-0.10947,10,drone1
1.91134,-1.06514,6.9018e-06,44.9925,0.505139,-0.52014,2.4756,-0.168681,0.0497864,-1.9472,2.47545,0,51.7078,-0.548636,-0.213708,10,drone1
1.90227,-1.07541,1.10532e-05,52.5551,0.47533,-0.650413,-1.65783,-0.232038,-0.0107419,-1.79383,2.54447,0,48.6672,-0.61692,-0.133461,10,drone1
1.8954,-1.08561,1.24e-05,61.2868,0.406329,-0.783264,-6.28433,-0.289773,-0.0732576,-1.57553,2.71168,0,43.7376,-0.633721,-0.026021,10,drone1
1.89136,-1.09428,1.25746e-05,71.413,0.284093,-0.905935,-11.376,-0.340533,-0.138552,-1.34654,2.83323,0,39.0867,-0.641805,0.0701209,10,drone1
1.88974,-1.10048,1.25874e-05,82.265,0.116542,-0.997847,-16.9975,-0.38216,-0.203245,-1.07668,2.94865,0,33.7888,-0.619362,0.181026,10,drone1
1.88965,-1.10325,1.26454e-05,93.3676,-0.079793,-1.04263,-23.096,-0.290409,-0.284168,-0.864966,2.99825,0,29.0185,0.390042,-0.47569,10,drone1
1.88982,-1.1027,1.27248e-05,104.635,-0.288969,-1.03453,-29.7702,-0.319591,-0.316658,-0.520715,3.10574,0,23.2613,-0.562242,0.508405,10,drone1
1.88835,-1.09803,1.27385e-05,116.285,-0.496596,-0.964571,-37.0218,-0.341899,-0.341875,-0.214043,3.16577,0,17.4856,-0.44968,0.629686,10,drone1
1.88363,-1.09006,2.29282e-05,127.781,-0.670197,-0.844874,-44.5167,-0.364112,-0.361318,-0.0728736,3.13319,0,15.052,-0.349449,0.767857,10,drone1
1.87567,-1.08141,1.32896e-05,138.094,-0.800699,-0.691788,-52.1184,-0.41986,-0.415205,0.0346833,3.12936,0,13.9889,-0.72698,0.893286,10,drone1
1.86384,-1.07205,1.43273e-05,147.936,-0.88549,-0.528589,-58.2032,-0.440397,-0.418919,0.275795,3.10541,0,8.57143,-0.037752,0.855465,10,drone1
1.84858,-1.0635,1.36159e-05,156.394,-0.918257,-0.378248,-62.4659,-0.472532,-0.406741,0.535517,3.08417,0,3.57439,0.0646113,0.813722,10,drone1
1.83143,-1.05663,1.05746e-05,162.954,-0.914557,-0.264226,-60.3621,-0.619745,-0.437086,1.75208,2.3751,0,1.874,-1.0163,0.987944,8,drone1
1.81507,-1.05255,4.81944e-06,168.389,-0.898302,-0.189044,-64.4562,-0.702517,-0.593563,0.368601,2.30583,0,2.40929,-1.53372,0.501635,9,drone1
1.79769,-1.04978,9.39655e-06,173.28,-0.874356,-0.117012,-65.9944,-0.708196,-0.488875,1.19257,2.85725,0,-8.99681,0.914743,0.662883,10,drone1
1.77837,-1.04844,1.08296e-05,177.592,-0.838759,-0.0525544,-61.3822,-0.775635,-0.362775,2.29484,1.71606,0,-15.4035,0.329307,0.395375,8,drone1
1.76266,-1.04831,1.11846e-05,-179.169,-0.818638,-0.00634816,-56.6713,-0.821843,-0.226871,2.52941,1.31721,0,-24.5206,0.273573,0.262977,8,drone1
1.74736,-1.04861,1.11635e-05,-177.216,-0.80121,0.0205709,-57.3271,-0.829656,-0.165577,2.17757,2.16335,0,-31.9468,0.192919,0.161383,10,drone1
1.72888,-1.04952,1.09939e-05,-176.195,-0.770503,0.0328669,-52.5544,-0.848983,-0.0324966,2.70823,0.863687,0,-34.2644,0.115023,0.0846575,8,drone1
1.71456,-1.05011,1.08979e-05,-176.197,-0.762447,0.0324182,-48.0903,-0.847675,0.0947668,2.78479,0.524505,0,-41.1733,0.0481301,-0.0299307,8,drone1
1.70068,-1.05072,2.36465e-06,-177.469,-0.758303,0.0343585,-44.0507,-0.831897,0.210841,2.80761,0.303575,0,-45.4712,-0.0306826,-0.103832,8,drone1
1.68544,-1.05108,5.93228e-06,-179.482,-0.751534,-0.00150922,-46.4377,-0.829973,0.226432,1.88149,1.20418,0,-48.3773,-0.11884,-0.166257,9,drone1
1.66649,-1.05087,8.50332e-06,178.053,-0.726857,-0.0384435,-48.8227,-0.826937,0.235459,1.74025,1.33535,0,-43.1577,-0.11145,-0.155211,9,drone1
1.6473,-1.04982,4.88199e-06,175.66,-0.702816,-0.0459986,-51.2734,-0.824016,0.231395,1.58534,1.47054,0,-37.5536,-0.13208,-0.185733,9,drone1
1.62816,-1.04804,1.85778e-05,173.391,-0.673775,-0.112918,-53.6758,-0.538177,0.147639,1.36305,1.45184,0,-33.8009,1.68291,-2.42121,9,drone1
1.60868,-1.04533,1.42334e-05,171.379,-0.648304,-0.124513,-56.2017,-0.556567,0.135478,1.28562,1.6764,0,-27.8482,-0.236548,0.0143934,9,drone1
1.5889,-1.04191,1.2113e-05,169.744,-0.629757,-0.0917393,-57.5529,-0.395331,0.111776,1.75034,2.17383,0,-24.5511,0.869834,-1.36025,10,drone1
1.56954,-1.03807,2.47454e-05,168.288,-0.592703,-0.171422,-60.2628,-0.381262,0.131674,1.00203,1.80904,0,-19.4594,0.289484,0.0504854,9,drone1
1.55063,-1.03374,1.53678e-05,167.008,-0.575251,-0.162217,-62.7671,-0.408556,0.112239,0.888486,1.85464,0,-15.9387,-0.258227,0.122952,9,drone1
1.53167,-1.029,1.13378e-05,166.315,-0.557676,-0.15712,-63.8638,-0.59724,0.0275746,1.34086,2.52608,0,-12.5699,-1.74345,1.11872,10,drone1
1.51281,-1.02434,1.05575e-05,165.966,-0.550891,-0.117843,-66.3068,-0.595402,0.00320478,0.688828,1.9023,0,-10.8424,-0.0766637,-0.0700331,9,drone1
1.49418,-1.01988,8.93502e-06,165.966,-0.5359,-0.117366,-68.4559,-0.589613,-0.0139328,0.617618,1.92031,0,-8.68415,-0.00842683,-0.0665329,9,drone1
1.4758,-1.01533,2.13926e-05,166.294,-0.531215,-0.086812,-70.3242,-0.583213,-0.0273551,0.562598,1.93105,0,-7.07994,0.0109122,-0.0593337,9,drone1
1.45696,-1.01072,2.59311e-05,166.665,-0.497051,-0.169966,-71.8625,-0.575399,-0.0356567,0.540733,1.94146,0,-6.33695,0.0358752,-0.0631108,9,drone1
1.43801,-1.00622,1.59714e-05,167.082,-0.489916,-0.14376,-73.1187,-0.562204,-0.0439373,0.543146,1.95158,0,-6.83583,0.0224384,-0.127879,9,drone1
1.41875,-1.00187,1.15911e-05,167.579,-0.478805,-0.127802,-74.2186,-0.565856,-0.0368795,0.45701,1.90963,0,-3.44817,0.123484,0.0867294,9,drone1
1.39955,-0.997691,1.01015e-05,168.134,-0.467303,-0.117501,-75.1575,-0.555041,-0.0414983,0.472313,1.92881,0,-4.89878,0.0305384,-0.100142,9,drone1
1.37987,-0.993518,1.74637e-06,168.709,-0.458356,-0.089359,-75.8891,-0.546884,-0.0427431,0.446153,1.89468,0,-3.77244,0.0433333,-0.0691774,9,drone1
1.36039,-0.989726,5.64734e-06,169.236,-0.44368,-0.0946069,-76.378,-0.535087,-0.0406724,0.480875,1.88621,0,-5.31729,0.0495325,-0.108691,9,drone1
1.34077,-0.986132,7.43673e-06,169.638,-0.430363,-0.0926861,-76.7289,-0.524475,-0.034936,0.501481,1.88133,0,-6.4137,0.0597929,-0.0953064,9,drone1
1.32125,-0.982676,8.59688e-06,169.857,-0.417942,-0.0912083,-77.0041,-0.514728,-0.0298696,0.485464,1.85432,0,-5.86911,0.048578,-0.0896549,9,drone1
1.30172,-0.979245,9.16529e-06,169.915,-0.405807,-0.0898444,-76.9595,-0.50397,-0.0206706,0.56596,1.84555,0,-8.47041,0.0439873,-0.104427,9,drone1
1.28248,-0.975909,9.39498e-06,169.767,-0.395203,-0.0895517,-76.9634,-0.518652,-0.0491028,0.555201,1.83511,0,-8.38889,-0.383562,0.0336141,9,drone1
1.26321,-0.97244,9.4611e-06,169.401,-0.384373,-0.0903474,-77.0436,-0.504063,-0.0418084,0.516113,1.80721,0,-7.21881,0.0568286,-0.141433,9,drone1
1.24385,-0.968761,9.46123e-06,168.923,-0.373072,-0.0915441,-77.1819,-0.493081,-0.0354152,0.497033,1.7867,0,-7.11607,0.0447897,-0.106026,9,drone1
1.2249,-0.96499,7.29595e-06,168.415,-0.370464,-0.061831,-77.3903,-0.480788,-0.0308837,0.468672,1.77261,0,-6.50736,0.0411598,-0.119186,9,drone1
1.20553,-0.960944,7.3221e-06,167.925,-0.359117,-0.0625802,-76.5264,-0.472841,-0.0138763,0.857839,2.4741,0,-5.54779,0.0718395,-0.0704731,10,drone1
1.18652,-0.956803,3.48538e-06,167.327,-0.345944,-0.0841661,-76.014,-0.463563,-0.00595531,0.768877,2.44295,0,-3.67237,0.0311306,-0.0897952,10,drone1
1.1674,-0.952388,1.97042e-05,166.564,-0.345794,-0.0422205,-75.5451,-0.44976,0.00574636,0.797221,2.43343,0,-4.44429,0.079701,-0.121688,10,drone1
1.14845,-0.947699,5.24953e-06,165.798,-0.328882,-0.0728694,-75.513,-0.436094,0.00723475,0.664838,2.41164,0,-1.81629,0.0341167,-0.132133,10,drone1
1.12917,-0.942645,3.68844e-06,165.119,-0.312945,-0.0901455,-75.3889,-0.419837,0.00583825,0.692046,2.41281,0,-2.13547,0.00496126,-0.166862,10,drone1
1.10998,-0.937414,7.32714e-06,164.615,-0.299509,-0.0971042,-76.7519,-0.407468,-0.00427531,0.678566,2.38836,0,-1.51589,0.0207186,-0.122624,10,drone1
1.09134,-0.932023,8.72701e-06,164.474,-0.289988,-0.0982359,-79.4107,-0.392138,-0.0244437,0.466855,2.39139,0,2.35757,0.0349415,-0.142618,10,drone1
1.07372,-0.926889,9.17844e-06,165.051,-0.286846,-0.0951698,-81.7124,-0.378173,-0.0431579,0.37434,2.40015,0,4.90371,0.021856,-0.12281,10,drone1
1.05575,-0.922039,9.30748e-06,166.326,-0.283315,-0.0877025,-80.8974,-0.371089,-0.0414612,0.892587,2.48835,0,8.95976,0.0274497,-0.0683902,12,drone1
1.03672,-0.917525,3.44183e-06,167.735,-0.282247,-0.0547957,-82.7075,-0.359891,-0.060791,0.365635,2.37543,0,5.05939,-0.0320736,-0.0979928,10,drone1
1.01822,-0.913853,6.10526e-06,169.193,-0.278289,-0.0410855,-82.96,-0.349206,-0.0652457,0.409013,2.35617,0,3.95688,0.00579786,-0.0999158,10,drone1
0.998736,-0.910265,7.81496e-06,170.64,-0.268954,-0.0288074,-79.0107,-0.346983,-0.0430797,0.990737,2.38312,0,6.5194,0.0230169,-0.0501244,12,drone1
0.981309,-0.90757,1.01767e-05,171.622,-0.264084,-0.0593418,-74.9411,-0.335786,-0.0135048,1.37922,2.22937,0,-3.03414,0.0584727,-0.126523,12,drone1
0.964575,-0.905419,8.48837e-06,171.971,-0.271665,-0.0208697,-71.3822,-0.325274,0.00756251,1.45891,2.10705,0,-5.83838,0.00227433,-0.113196,12,drone1
0.946711,-0.902711,8.87359e-06,171.871,-0.269997,-0.0208294,-68.1987,-0.315019,0.0308364,1.56003,2.00442,0,-8.84272,0.0373827,-0.084584,12,drone1
0.929089,-0.899788,1.03034e-05,171.141,-0.26821,-0.0211581,-65.0716,-0.301231,0.0552603,1.76461,1.86047,0,-14.3841,0.0462371,-0.0992828,12,drone1
0.91174,-0.89657,1.01413e-05,169.659,-0.266264,-0.0281741,-66.5747,-0.293742,0.0512651,1.75081,1.79937,0,-14.9482,0.00568859,-0.084307,12,drone1
0.893638,-0.893168,2.04029e-05,168.064,-0.248227,-0.0944771,-74.3115,-0.289269,0.0181396,1.7348,1.83775,0,-13.9651,0.034771,-0.0667432,12,drone1
0.879308,-0.889878,1.16166e-05,167.163,-0.264067,-0.083893,-83.8133,-0.282629,-0.0319954,1.43029,2.07125,0,-5.01598,-0.0273988,-0.0668513,12,drone1
0.865881,-0.886788,3.68282e-07,167.287,-0.288158,-0.0653077,-92.2606,-0.27104,-0.074531,1.02649,2.28615,0,5.52753,0.0158776,-0.0343096,12,drone1
0.853555,-0.884734,5.80655e-06,168.793,-0.317895,-0.0517122,-100.575,-0.222025,-0.177649,1.05024,2.21589,0,6.85725,-0.643695,-0.286231,12,drone1
0.841987,-0.883518,8.24546e-06,172.382,-0.3527,-0.0311857,-107.293,-0.209487,-0.19601,0.311195,2.43103,0,22.8198,0.20165,0.100395,12,drone1
0.829113,-0.882746,9.14405e-06,177.505,-0.380848,0.000953253,-113.761,-0.196086,-0.210593,0.221208,2.4424,0,25.3217,0.237732,0.0787244,12,drone1
0.813847,-0.882885,1.55207e-05,-176.595,-0.395947,-0.00684211,-119.338,-0.192994,-0.221729,0.0681686,2.39776,0,28.9533,0.305503,0.126036,12,drone1
0.79804,-0.884813,1.05951e-05,-170.379,-0.402201,0.0475417,-125.46,-0.187597,-0.237396,0.0876456,2.37504,0,28.7829,0.301073,0.13067,12,drone1
0.789936,-0.887647,9.58157e-06,-162.559,-0.434819,0.117666,-131.613,-0.177094,-0.248422,0.115845,2.34438,0,28.4643,0.317892,0.0537667,12,drone1
0.778383,-0.892629,9.55753e-06,-152.795,-0.431675,0.201822,-137.878,-0.168679,-0.25395,0.17466,2.34277,0,27.3478,0.374221,0.0147039,12,drone1
0.764848,-0.901353,4.03837e-06,-142.684,-0.388049,0.304045,-141.097,-0.18094,-0.251,-0.414055,2.01066,0,26.1489,0.426877,0.0204413,10,drone1
0.751302,-0.913589,2.05994e-05,-133.393,-0.372835,0.335642,-140.869,-0.261632,-0.164201,-0.107462,2.02882,0,18.7204,1.21855,-0.347069,10,drone1
0.741717,-0.925552,1.9305e-05,-124.786,-0.265485,0.44747,-136.218,-0.29816,-0.130016,0.34096,2.03024,0,6.48755,0.299929,0.0288351,10,drone1
0.734825,-0.937698,1.61611e-05,-116.712,-0.271845,0.471101,-128.074,-0.33191,-0.0615274,0.859623,1.85769,0,-8.56404,0.261489,-0.0172111,10,drone1
0.731743,-0.946566,1.41415e-05,-110.279,-0.228863,0.542972,-121.554,-0.356196,0.000231331,1.37514,1.55349,0,-24.8073,0.156863,0.103683,10,drone1
0.732397,-0.948236,6.91763e-06,-106.989,-0.20765,0.641845,-116.215,-0.379213,0.0661798,1.63989,1.21103,0,-36.608,0.156581,0.200902,10,drone1
0.732752,-0.9496,1.26062e-05,-106.119,-0.220209,0.732392,-111.926,-0.391002,0.134266,1.85114,0.898057,0,-47.1121,0.101398,0.205393,10,drone1
0.731835,-0.95104,1.10592e-05,-107.285,-0.238024,0.824163,-108.157,-0.401924,0.202134,1.92162,0.727343,0,-52.3163,0.0518214,0.303023,10,drone1
0.731161,-0.952834,4.77571e-06,-109.777,-0.318125,0.895751,-104.817,-0.413566,0.270109,2.00669,0.594528,0,-56.6047,-0.0107217,0.40596,10,drone1
0.729863,-0.958086,6.69334e-06,-113.376,-0.41452,0.94231,-101.668,-0.426392,0.336955,2.04087,0.531119,0,-58.5076,-0.093471,0.505418,10,drone1
0.726701,-0.965437,2.48571e-05,-118.699,-0.48978,0.982787,-98.3492,-0.431693,0.401935,1.99209,0.589978,0,-56.8132,-0.15893,0.522204,10,drone1
0.72178,-0.974005,5.90032e-06,-124.654,-0.663833,0.954826,-95.1845,-0.433153,0.467971,2.03553,0.533585,0,-58.3526,-0.21411,0.564261,10,drone1
0.717322,-0.980267,9.24209e-06,-131.527,-0.827776,0.921614,-91.7362,-0.440196,0.528985,1.99347,0.613151,0,-55.5154,-0.333056,0.689791,10,drone1
0.711566,-0.986025,2.39277e-05,-140.32,-0.987607,0.867429,-87.8247,-0.443027,0.581781,1.93773,0.780239,0,-50.8812,-0.451951,0.708434,10,drone1
0.702666,-0.992513,1.21419e-05,-150.349,-1.19088,0.691884,-83.4201,-0.444152,0.631338,1.86285,0.932663,0,-45.9478,-0.529462,0.752121,10,drone1
0.689794,-0.998734,3.0946e-05,-160.994,-1.33953,0.51339,-78.3728,-0.448804,0.666339,1.66709,1.16933,0,-37.5198,-0.688912,0.796435,10,drone1
0.674606,-1.00266,2.44552e-05,-171.508,-1.47495,0.184846,-75.5651,-0.488958,0.680029,1.61584,1.29297,0,-33.2338,-0.796264,0.827994,10,drone1
0.657711,-1.0039,1.77903e-05,178.455,-1.53555,-0.0619117,-73.9796,-0.546657,0.670421,1.48673,1.44034,0,-27.5127,-0.902814,0.751097,10,drone1
0.639363,-1.00166,1.65046e-05,169.354,-1.55356,-0.309237,-73.0536,-0.617714,0.644916,1.26504,1.6269,0,-19.1614,-0.910735,0.722122,10,drone1
0.621239,-0.99643,1.69342e-05,161.968,-1.54788,-0.521454,-72.6297,-0.722562,0.668814,0.988233,1.77092,0,-10.3376,-0.37029,1.15489,10,drone1
0.605435,-0.990407,2.32417e-05,155.965,-1.53413,-0.715499,-72.8233,-0.810153,0.611199,0.747847,1.85783,0,-2.87133,-0.840898,0.652055,10,drone1
0.587643,-0.981399,2.71851e-05,150.515,-1.53678,-0.828677,-73.6779,-0.908278,0.527241,0.551076,1.92539,0,3.31678,-0.877601,0.642215,10,drone1
0.57126,-0.970911,1.25056e-05,145.861,-1.49205,-1.01626,-75.5865,-1.01341,0.422469,0.300925,1.95001,0,10.4344,-0.722943,0.649965,10,drone1
0.55822,-0.961282,4.03798e-05,141.932,-1.44489,-1.20569,-78.6438,-1.12307,0.283988,0.0397633,1.94708,0,17.6393,-0.60751,0.683979,10,drone1
0.545291,-0.95054,2.84663e-05,138.653,-1.45208,-1.3205,-82.5409,-1.22122,0.11176,-0.256098,1.8925,0,26.1589,-0.43439,0.670695,10,drone1
0.535355,-0.94165,2.03374e-05,136.986,-1.49956,-1.41673,-86.4422,-1.30852,-0.0749958,-0.522471,1.81032,0,34.1809,-0.200684,0.761098,10,drone1
0.525323,-0.93237,3.67159e-05,137.687,-1.6319,-1.42617,-89.8484,-1.36381,-0.255291,-0.399806,1.80663,-0.00179039,30.7627,-0.201534,0.681223,10,drone1
0.512213,-0.920569,4.87891e-05,139.082,-1.68373,-1.48878,-92.2797,-1.42363,-0.409456,-0.799237,1.66577,0,42.9885,0.33901,0.783782,10,drone1
0.499614,-0.909711,3.98436e-05,140.543,-1.60828,-1.38944,-93.2119,-1.48851,-0.528755,-0.775265,1.68386,0,42.7839,0.453931,0.853525,10,drone1
0.486916,-0.899441,2.08418e-05,142.361,-1.5708,-1.2313,-93.2209,-1.53542,-0.623539,-0.911927,1.53844,0,46.7818,0.594124,0.640771,10,drone1
0.474407,-0.890257,1.30533e-05,144.653,-1.53331,-1.08319,-92.7091,-1.57053,-0.677139,-0.705218,1.69483,0,40.6207,0.642763,0.482688,10,drone1
0.459341,-0.880115,1.67017e-05,147.487,-1.48577,-0.930629,-92.1539,-1.59016,-0.718951,-0.721561,1.63287,0,41.1146,0.727089,0.323296,10,drone1
0.444264,-0.870847,1.12847e-05,150.657,-1.42456,-0.806782,-91.9328,-1.59205,-0.736097,-0.515671,1.73875,0,34.4628,0.809054,0.150496,10,drone1
0.428175,-0.862362,1.40948e-05,153.843,-1.3617,-0.683505,-92.0126,-1.57286,-0.762113,-0.575531,1.6543,0,35.3316,0.782538,-0.00160735,10,drone1
0.411823,-0.854698,8.83174e-06,157.062,-1.30923,-0.548906,-91.7906,-1.55649,-0.759089,-0.336887,1.73897,0,28.5474,0.771636,-0.033624,10,drone1
0.394244,-0.84765,1.21648e-05,160.158,-1.24162,-0.433858,-91.0875,-1.52841,-0.731308,-0.280941,1.72005,0,25.9474,0.75996,-0.227785,10,drone1
0.37599,-0.841329,1.30319e-05,162.737,-1.16349,-0.344028,-89.7715,-1.50463,-0.677391,-0.152698,1.7334,0,21.8749,0.731351,-0.276376,10,drone1
0.357064,-0.835546,1.28482e-05,164.684,-1.07789,-0.276643,-88.4332,-1.47826,-0.616922,-0.065874,1.70568,0,18.8148,0.709251,-0.307234,10,drone1
0.337855,-0.830354,1.23407e-05,166.05,-0.989407,-0.226988,-87.3263,-1.44636,-0.56653,-0.0374954,1.67917,0,17.3867,0.634535,-0.32507,10,drone1
0.319052,-0.825885,2.12731e-05,167.1,-0.890694,-0.242703,-86.0727,-1.40729,-0.504691,0.0695027,1.67304,0,13.2159,0.611509,-0.419011,10,drone1
0.299892,-0.821608,1.4505e-05,167.939,-0.818891,-0.149474,-85.1233,-1.355,-0.460907,0.0591491,1.62325,0,13.6029,0.519255,-0.507731,10,drone1
0.280863,-0.817634,1.36327e-05,168.644,-0.735536,-0.123317,-84.1467,-1.30932,-0.414786,0.111047,1.60808,0,11.8493,0.506475,-0.444165,10,drone1
0.261313,-0.813738,2.01128e-05,169.231,-0.639642,-0.160401,-83.0686,-1.26408,-0.360507,0.17797,1.58488,0,9.55354,0.52639,-0.446128,10,drone1
0.242331,-0.810295,1.32403e-05,169.702,-0.561808,-0.127074,-81.8283,-1.21495,-0.306302,0.259176,1.55859,0,6.85046,0.453031,-0.494556,10,drone1
0.222944,-0.806925,1.05668e-05,169.917,-0.48082,-0.105581,-80.7582,-1.15994,-0.258621,0.281159,1.52766,0,5.70257,0.424744,-0.536034,10,drone1
0.203502,-0.803538,9.61082e-06,169.906,-0.399666,-0.0897677,-79.3685,-1.10447,-0.207656,0.388301,1.49837,0,2.32949,0.357992,-0.558242,10,drone1
0.18439,-0.800227,9.274e-06,169.64,-0.320456,-0.0769213,-77.9782,-1.04536,-0.158024,0.446655,1.46126,0,0.0332187,0.342038,-0.585062,10,drone1
0.165396,-0.796787,9.13162e-06,169.062,-0.242066,-0.0651674,-78.1362,-0.976849,-0.138546,0.154226,0.690314,0,-2.85425,0.325416,-0.630708,9,drone1
0.145776,-0.792807,9.04294e-06,168.448,-0.16091,-0.051359,-77.9149,-0.909073,-0.115284,0.175801,0.676181,0,-3.78251,0.289158,-0.642366,9,drone1
0.126462,-0.788777,8.9987e-06,167.919,-0.081416,-0.0359778,-78.3311,-0.839546,-0.106725,0.124176,0.641381,0,-1.64195,0.275534,-0.644914,9,drone1
0.106977,-0.78442,8.98561e-06,167.533,-0.000880518,-0.0187971,-79.4284,-0.763889,-0.112953,0.0674777,0.628751,0,1.15238,0.254642,-0.69635,9,drone1
0.0879902,-0.78001,9.00857e-06,167.547,0.0778478,-0.00141791,-79.8207,-0.691471,-0.105576,0.0907425,0.609201,0,0.740472,0.260812,-0.679266,9,drone1
0.0686426,-0.775748,9.07711e-06,167.845,0.159187,0.0156902,-80.8435,-0.614632,-0.109599,0.0427357,0.592702,0,2.98877,0.231777,-0.715851,9,drone1
0.04966,-0.771593,9.18301e-06,168.359,0.240184,0.0309204,-80.964,-0.538421,-0.101147,0.0799358,0.576552,0,1.61309,0.224442,-0.731707,9,drone1
0.0301953,-0.767734,9.34628e-06,168.96,0.324977,0.0448762,-81.0381,-0.469953,-0.0927277,0.0787547,0.556522,0.000739683,1.45165,0.202926,-0.658255,9,drone1
0.0106675,-0.764047,9.55978e-06,169.439,0.411748,0.0582629,-78.3279,-0.399892,-0.0626345,0.52947,1.27029,0,-2.01895,0.187492,-0.720988,10,drone1
-0.00718166,-0.761061,9.8176e-06,169.441,0.49167,0.0731089,-75.7436,-0.324938,-0.0385259,0.612633,1.22803,0,-5.702,0.211533,-0.750874,10,drone1
-0.0250463,-0.757914,1.01063e-05,168.688,0.572503,0.0959291,-73.2978,-0.250853,-0.0226276,0.681754,1.18439,0,-8.79206,0.209175,-0.731136,10,drone1
-0.0428757,-0.75439,1.04404e-05,167.262,0.653686,0.129103,-70.9603,-0.171481,-0.0101902,0.738945,1.13801,0,-11.1618,0.272781,-0.757305,10,drone1
-0.0606213,-0.75029,1.08447e-05,165.227,0.734333,0.17482,-69.9208,-0.084931,-0.00873641,0.606044,1.15278,0,-8.38875,0.298168,-0.816223,10,drone1
-0.0791067,-0.744961,1.13366e-05,163.022,0.819162,0.231067,-69.1517,-0.000733914,-0.00962576,0.590745,1.14851,0,-7.82277,0.308564,-0.785889,10,drone1
-0.0974021,-0.739033,8.31297e-06,161.08,0.895737,0.318826,-68.6418,0.0846263,-0.0137749,0.557202,1.14003,0,-6.28207,0.305255,-0.799835,10,drone1
-0.115702,-0.73253,3.16924e-05,159.298,1.00714,0.319891,-68.6654,0.169964,-0.0144406,0.486562,1.14791,0,-3.82114,0.333532,-0.786253,10,drone1
-0.134005,-0.725161,2.15411e-05,157.644,1.09059,0.410939,-69.048,0.25688,-0.0179598,0.423043,1.15096,0,-1.25197,0.284193,-0.821838,10,drone1
-0.152161,-0.717282,1.71752e-05,156.594,1.18369,0.486171,-70.193,0.351496,-0.011226,0.284636,1.14043,0,3.64007,0.311161,-0.888849,10,drone1
-0.169514,-0.709464,1.61172e-05,156.312,1.28569,0.542329,-70.9789,0.439213,-0.00548668,0.297239,1.14502,0,3.6454,0.260302,-0.835519,10,drone1
-0.187292,-0.70165,2.49461e-05,156.666,1.38021,0.633811,-71.8363,0.535478,0.00386778,0.250616,1.12271,0,5.45508,0.260684,-0.92533,10,drone1
-0.203964,-0.694273,2.36118e-05,157.306,1.5241,0.604616,-72.5477,0.63322,0.0176571,0.240007,1.10982,0,5.90096,0.27718,-0.938039,10,drone1
-0.221908,-0.686782,2.01513e-05,157.944,1.65164,0.647322,-72.9751,0.730757,0.0219287,0.257165,1.09975,0,5.15879,0.195888,-0.960021,10,drone1
-0.240103,-0.679523,2.06322e-05,158.766,1.79211,0.677199,-72.6195,0.834437,0.0179501,0.32079,1.05567,0,3.83292,0.231816,-1.01137,10,drone1
-0.258732,-0.672565,2.26293e-05,159.377,1.93981,0.710799,-71.6716,0.950381,0.00369093,0.413063,1.03824,0,-0.00161687,0.341551,-1.10609,10,drone1
-0.276859,-0.66596,2.86593e-05,159.431,2.07488,0.750537,-71.0572,0.89186,0.0201257,0.414075,1.04122,0,-1.26472,0.0822629,0.646642,10,drone1
-0.295151,-0.659082,2.19076e-05,159.075,1.94604,0.726722,-70.5918,0.839655,0.0375286,0.404427,1.02353,-0.00108971,-1.13821,0.0746792,0.581898,10,drone1
-0.313558,-0.651964,2.13304e-05,158.56,1.80094,0.686863,-71.3208,0.96847,0.049447,0.251497,0.952842,0,2.8621,0.374811,-1.24018,10,drone1
-0.331597,-0.644639,1.97279e-05,158.369,1.6668,0.640395,-72.1495,1.06981,0.066601,0.213418,0.935749,0,4.45465,0.252179,-0.994356,10,drone1
-0.349606,-0.637387,1.81138e-05,158.778,1.54697,0.580514,-73.4202,1.16912,0.121686,0.145997,0.902093,0,6.02322,0.459789,-0.928548,10,drone1
-0.366695,-0.630827,8.81746e-06,159.607,1.42433,0.532306,-74.0702,1.22882,0.140101,0.177088,0.918444,0,5.89212,0.0833756,-0.621384,10,drone1
-0.384995,-0.624252,1.20791e-05,160.707,1.3203,0.474345,-74.5222,1.25697,0.154599,0.172579,0.890062,0,6.35223,-0.0163556,-0.319487,10,drone1
-0.403498,-0.61797,1.31689e-05,161.832,1.22348,0.417977,-75.2018,1.277,0.172943,0.142327,0.869586,0,6.69769,-0.0588136,-0.255307,10,drone1
-0.421981,-0.612146,1.31575e-05,162.998,1.13172,0.364165,-75.9427,1.28349,0.189049,0.126082,0.853128,0,6.53078,-0.12428,-0.135619,10,drone1
-0.440571,-0.606707,1.27208e-05,164.255,1.04513,0.313253,-75.5931,1.28118,0.171959,0.205375,0.838342,0,4.15568,-0.185955,-0.0187094,10,drone1
-0.458978,-0.601753,4.81692e-06,165.432,0.96583,0.247606,-76.8661,1.26628,0.197948,0.0849382,0.81809,0,5.62282,-0.165654,0.058541,10,drone1
-0.477376,-0.597316,3.66477e-06,166.608,0.883472,0.212714,-75.5625,1.25909,0.147848,0.284908,0.815502,0,-0.323384,-0.226199,0.0645126,10,drone1
-0.495448,-0.593379,8.53451e-06,167.573,0.806621,0.164569,-76.6146,1.2284,0.162796,0.115325,0.788532,0,2.83264,-0.201517,0.230568,10,drone1
-0.514237,-0.589297,1.91425e-05,168.262,0.723102,0.186125,-75.2792,1.19679,0.114495,0.280846,0.764141,0,-1.43138,-0.246715,0.304049,10,drone1
-0.532945,-0.585381,9.38926e-06,168.76,0.656775,0.14679,-75.9517,1.14696,0.119415,0.15864,0.758332,0,-0.294672,-0.206446,0.446672,10,drone1
-0.55226,-0.581608,2.93971e-05,169.077,0.585074,0.171017,-76.7415,1.09798,0.125876,0.127411,0.727654,0,1.16272,-0.223296,0.429556,10,drone1
-0.571634,-0.577866,1.05855e-05,169.458,0.531903,0.118796,-76.7395,1.04575,0.115201,0.171701,0.716813,0,-0.449963,-0.216877,0.486208,10,drone1
-0.59133,-0.574205,1.1721e-05,169.804,0.476312,0.108149,-77.1961,0.991815,0.110286,0.139327,0.696136,0,-0.246606,-0.247125,0.486346,10,drone1
-0.610828,-0.570763,1.09729e-05,170.105,0.423578,0.0951465,-75.5168,0.930538,0.0972592,0.278624,0.674529,0,-3.97502,0.058794,0.685516,10,drone1
-0.629496,-0.567276,1.01963e-05,170.106,0.369625,0.0844378,-72.805,0.890856,0.0325304,0.372554,0.628507,0,-7.17915,-0.220567,0.396742,10,drone1
-0.647356,-0.563769,9.68711e-06,169.429,0.314057,0.0778374,-72.4149,0.83695,0.0127678,0.24571,0.61254,0,-6.33045,-0.222973,0.498716,10,drone1
-0.666515,-0.560016,9.38864e-06,168.411,0.26742,0.0737016,-68.2813,0.784458,-0.0658682,0.513572,0.546405,0,-12.5941,-0.202689,0.474689,10,drone1
-0.682977,-0.556037,9.18687e-06,166.874,0.210555,0.0680609,-67.0285,0.72988,-0.0891464,0.349833,0.540998,0,-11.4329,-0.148834,0.504235,10,drone1
-0.701275,-0.551377,6.94122e-06,164.817,0.166619,0.0595902,-63.8509,0.676027,-0.134561,0.483398,0.480477,0,-14.9597,-0.104673,0.465068,10,drone1
-0.716992,-0.547007,2.92889e-06,162.493,0.116055,0.0303242,-62.2345,0.616581,-0.15192,0.415203,0.485978,0,-14.3959,-0.123853,0.539073,10,drone1
-0.734538,-0.541108,7.21745e-06,159.755,0.0769165,0.0128622,-59.7637,0.560825,-0.175289,0.467696,0.441547,0,-15.1608,-0.0941897,0.478024,10,drone1
-0.751314,-0.534597,8.60206e-06,156.638,0.0369758,-0.00296768,-60.3695,0.504394,-0.16479,0.310713,0.488741,0,-10.9608,-0.191258,0.537062,10,drone1
-0.768978,-0.526159,8.96555e-06,153.859,0.00616953,-0.017152,-58.1403,0.44712,-0.178969,0.443878,0.433981,0,-11.6753,-0.141686,0.475981,10,drone1
-0.785211,-0.51791,9.00405e-06,151.339,-0.0275265,-0.0357934,-56.2555,0.39222,-0.184664,0.433651,0.419562,0,-11.1436,-0.130921,0.468135,10,drone1
-0.801363,-0.508593,9.00393e-06,148.447,-0.0564203,-0.0559533,-58.2735,0.34537,-0.160896,0.236909,0.460943,0,-5.93156,-0.191989,0.494545,10,drone1
-0.816888,-0.498406,9.02784e-06,146.284,-0.0836965,-0.0776722,-63.0078,0.307178,-0.121938,0.0656921,0.453733,0,2.06532,-0.186067,0.481332,10,drone1
-0.828855,-0.490354,1.81453e-05,145.622,-0.156714,-0.0628348,-66.64,0.272057,-0.0931194,0.0475019,0.444029,0,7.68009,-0.129268,0.422076,10,drone1
-0.842363,-0.48114,1.19287e-05,146.091,-0.185993,-0.0963197,-72.0018,0.243238,-0.0529707,-0.061661,0.411969,0,13.7275,-0.0392641,0.391335,10,drone1
-0.854907,-0.47321,9.72322e-06,148.247,-0.22876,-0.118978,-76.6584,0.201136,-0.0270653,-0.0907965,0.395068,0,18.7318,-0.0975826,0.462742,10,drone1
-0.868648,-0.465433,9.17103e-06,151.874,-0.274473,-0.126373,-79.3698,0.159306,-0.0129728,-0.0628182,0.392169,0,20.1146,-0.0574749,0.434279,10,drone1
-0.884665,-0.457664,9.16045e-06,156.25,-0.315159,-0.11926,-82.1556,0.118987,-0.00112467,-0.0793817,0.373165,0,19.7812,-0.0263311,0.410399,10,drone1
-0.901276,-0.451123,9.26395e-06,160.82,-0.356227,-0.105042,-82.6494,0.0821844,0.00282702,-0.0163531,0.385078,0,17.1598,-0.00712626,0.367572,10,drone1
-0.919579,-0.445066,9.3895e-06,164.787,-0.389102,-0.0872193,-86.5748,0.0376814,0.00838881,-0.114043,0.335714,0,15.6648,-0.0252953,0.439216,10,drone1
-0.93636,-0.441276,9.49929e-06,168.543,-0.430124,-0.068848,-86.2448,0.00218755,0.00916644,-0.00783753,0.35219,0,13.6119,0.0175861,0.352269,10,drone1
-0.955776,-0.437616,9.61061e-06,172.105,-0.458151,-0.0453263,-90.3237,0.0821997,0.0165661,-0.101446,0.245782,0,14.2788,0.0342453,-0.809378,10,drone1
-0.973006,-0.435885,9.70996e-06,175.516,-0.496304,-0.0208531,-94.195,0.0341769,0.0287139,-0.127614,0.277607,0,12.526,0.0960552,0.455316,10,drone1
-0.990623,-0.435094,9.82301e-06,179.254,-0.531919,0.0110807,-90.6811,-0.00808853,0.0295015,0.0410934,0.295875,0,9.24834,0.0866879,0.426482,10,drone1
-1.00925,-0.435455,9.95169e-06,-177.385,-0.561304,0.0436965,-88.7252,-0.0523101,0.0319348,0.0319844,0.263996,0,3.09457,0.0384667,0.449585,10,drone1
-1.02838,-0.436955,1.00767e-05,-174.836,-0.587208,0.0712211,-85.453,-0.0942061,0.0378209,0.0775149,0.238338,0,-2.73617,0.00777539,0.44028,10,drone1
-1.04623,-0.439196,1.02281e-05,-173.156,-0.619339,0.0925741,-80.4715,-0.130751,0.0561126,0.137842,0.213996,0,-9.63107,0.0225902,0.416071,10,drone1
-1.06268,-0.441745,9.72631e-06,-172.581,-0.660068,0.102835,-74.4329,-0.165601,0.0813773,0.180053,0.170457,0,-17.0272,-0.0515815,0.433435,10,drone1
-1.07811,-0.443631,3.57428e-06,-172.889,-0.712738,0.0847041,-68.0105,-0.196174,0.117295,0.212341,0.126989,0,-24.324,-0.0990917,0.438843,10,drone1
-1.0917,-0.444624,8.54876e-06,-174.419,-0.77526,0.0623663,-62.1056,-0.224544,0.15798,0.231439,0.0843993,0,-30.9517,-0.192541,0.440322,10,drone1
-1.10528,-0.445734,5.15668e-06,-176.964,-0.838904,0.0503605,-56.7294,-0.255207,0.199503,0.231044,0.0374848,0,-36.2381,-0.336888,0.440538,10,drone1
-1.11751,-0.446206,8.67979e-06,179.539,-0.90922,0.00484713,-51.4461,-0.276835,0.241317,0.205604,0.0437951,0,-37.1669,-0.388684,0.354403,10,drone1
-1.13185,-0.445439,1.08376e-05,175.112,-0.966894,-0.0668411,-46.7361,-0.297815,0.285439,0.213412,0.0337545,0,-39.6544,-0.458125,0.333622,10,drone1
-1.14657,-0.443238,1.20665e-05,169.871,-1.01521,-0.163574,-42.7131,-0.318616,0.327121,0.209614,0.0292741,0,-40.2729,-0.524172,0.284493,10,drone1
-1.16171,-0.439502,1.28081e-05,163.815,-1.04768,-0.285108,-38.9625,-0.342713,0.364071,0.175419,0.0207775,0,-37.9577,-0.615624,0.24091,10,drone1
-1.17695,-0.434035,1.33457e-05,157.116,-1.05948,-0.427121,-35.7652,-0.370785,0.394381,0.153724,0.0192565,0,-35.2638,-0.678469,0.182207,10,drone1
-1.19195,-0.426746,1.38104e-05,150.283,-1.05009,-0.577967,-33.1338,-0.404284,0.416345,0.131433,0.0192409,0,-31.4177,-0.727355,0.123088,10,drone1
-1.2063,-0.417667,1.42574e-05,144.036,-1.02738,-0.722489,-30.9054,-0.452988,0.427546,0.11128,0.019006,0,-27.0284,-0.864874,0.0796728,10,drone1
-1.21993,-0.406899,1.47184e-05,138.675,-0.99914,-0.853845,-28.9808,-0.517507,0.431481,0.0935206,0.0177319,0,-22.9363,-0.994746,0.0604505,10,drone1
-1.2327,-0.394831,1.52166e-05,134.121,-0.970249,-0.973892,-27.8894,-0.567288,0.42816,0.070781,0.0124759,0,-19.1373,-0.779983,-0.0355536,10,drone1
-1.24157,-0.385102,1.59659e-05,130.52,-0.962357,-1.09756,-27.0227,-0.63179,0.419156,0.0550948,0.00767601,0,-15.7355,-0.887462,-0.0176194,10,drone1
-1.248,-0.377206,1.33795e-05,127.795,-0.948995,-1.24192,-26.2182,-0.700226,0.40816,0.0422496,0.00323212,0,-12.925,-0.901885,-0.0159673,10,drone1
-1.25301,-0.370629,1.83437e-05,125.335,-0.959613,-1.38523,-28.7068,-0.743719,0.391358,-0.000216813,0.0112345,0,-11.8106,-0.32545,0.118608,10,drone1
-1.25415,-0.36942,2.09736e-05,124.638,-1.03059,-1.52692,-27.6615,-0.814744,0.372274,0.0263574,-0.000241875,0,-6.08767,-0.917836,-0.003396,10,drone1
-1.25643,-0.36585,2.25714e-05,124.331,-1.10666,-1.6548,-26.3632,-0.912413,0.365453,0.0367646,0.00174962,0,-6.95916,-1.15287,0.140397,10,drone1
-1.26001,-0.360323,2.42733e-05,122.711,-1.13732,-1.80575,-25.466,-1.01722,0.358569,0.0272915,-0.00101523,0,-7.77023,-1.1938,0.139764,10,drone1
-1.26256,-0.356209,2.78158e-05,120.931,-1.05296,-1.81018,-24.5868,-1.12603,0.353561,0.0211095,-0.00359139,0,-7.03636,-1.22365,0.144321,10,drone1
-1.26437,-0.353159,2.36689e-05,119.294,-0.93093,-1.70603,-23.481,-1.21851,0.35299,0.0222461,-0.0046874,0,-6.31445,-1.08777,0.0608035,10,drone1
-1.26612,-0.349932,2.06318e-05,117.66,-0.817671,-1.60382,-22.3218,-1.2861,0.354465,0.020782,-0.00576247,0,-5.84112,-0.859884,-0.0526929,10,drone1
-1.26766,-0.34692,1.84419e-05,115.966,-0.712282,-1.50593,-21.5304,-1.33931,0.3499,0.0178859,-0.00390504,0,-5.45698,-0.696071,-0.115881,10,drone1
-1.26903,-0.34413,1.68296e-05,114.41,-0.619533,-1.40962,-20.2713,-1.36617,0.352994,0.01691,-0.0076647,0,-4.5458,-0.477546,-0.22227,10,drone1
-1.27005,-0.341769,1.56109e-05,112.892,-0.536533,-1.31752,-19.6085,-1.38547,0.343661,0.0141822,-0.00390841,0,-4.39638,-0.359888,-0.255999,10,drone1
-1.27106,-0.339484,1.45862e-05,111.47,-0.46316,-1.22723,-20.3494,-1.40671,0.278585,0.0300937,0.0139021,0,-3.55092,-0.353167,-0.471189,10,drone1
-1.27307,-0.333839,9.82661e-06,110.458,-0.425309,-1.10949,-15.5586,-1.39443,0.334539,0.0132207,-0.0377214,0,-3.45057,-0.388562,-0.596926,10,drone1
-1.2733,-0.334493,9.97773e-06,108.951,-0.369135,-1.03722,-12.0391,-1.44876,0.409903,0.0189892,-0.0256215,0,-3.08038,-0.81042,0.0282711,10,drone1
-1.27425,-0.332232,1.05792e-05,105.988,-0.290664,-0.96068,-12.4531,-1.38259,0.458442,-0.0120296,-0.00491102,0,-7.09712,0.696521,0.306882,10,drone1
-1.27311,-0.335059,1.10719e-05,103.468,-0.234374,-0.907164,-11.0388,-1.33354,0.453899,-0.0064435,-0.0153688,0,-3.34734,0.251626,-0.523477,10,drone1
-1.27266,-0.336988,1.11322e-05,101.581,-0.19176,-0.848241,-9.36549,-1.28085,0.451647,-0.0110333,-0.0169936,0,-1.97505,0.286753,-0.514682,10,drone1
-1.27214,-0.339816,1.10002e-05,99.7417,-0.154782,-0.795495,-4.93688,-1.14899,0.472972,-0.0145653,-0.0385569,0,-1.53632,0.788789,-0.926485,10,drone1
-1.27182,-0.343827,1.07978e-05,97.5082,-0.117192,-0.751042,-3.77646,-1.10463,0.457851,0.00495166,-0.0123591,0,-4.7598,0.282683,-0.492884,10,drone1
-1.27184,-0.343076,1.05044e-05,95.0784,-0.0791084,-0.685481,-3.89851,-1.07133,0.412241,-0.106344,-0.00682365,0,-0.95531,0.308122,-0.469883,10,drone1
-1.27031,-0.363109,1.06781e-05,92.978,-0.05572,-0.721355,-5.69249,-1.0522,0.33322,-0.0613161,0.00881143,0,-1.26218,0.277693,-0.493488,10,drone1
-1.26975,-0.375261,1.0681e-05,91.4158,-0.0360167,-0.721486,1.98034,-0.979017,0.337463,0.00438446,-0.0561921,0,4.32645,0.0495572,-1.27099,10,drone1
-1.26982,-0.3751,1.04088e-05,89.6337,-0.0138914,-0.665126,9.0647,-0.903952,0.419696,-0.0822902,-0.0517318,0,0.756992,0.274003,-0.33871,10,drone1
-1.27016,-0.391079,1.05046e-05,87.0758,0.0169978,-0.688282,17.7487,-0.804715,0.512757,-0.0596757,-0.116584,0,-3.15843,0.30752,-0.386467,10,drone1
-1.27009,-0.396736,1.041e-05,83.2826,0.0597145,-0.662136,16.4597,-0.794081,0.460982,0.0656219,-0.023194,0,-15.5731,0.30748,-0.468705,10,drone1
-1.26846,-0.383212,9.92792e-06,79.2513,0.0849256,-0.544284,20.4592,-0.786699,0.343517,0.0835511,-0.0766577,0,-14.831,0.40195,-1.91538,10,drone1
-1.26453,-0.366254,9.46912e-06,75.5907,0.0872161,-0.412384,15.1789,-0.782797,0.245264,0.113297,-0.00269847,0,-12.4957,0.405633,-0.264166,10,drone1
-1.26075,-0.350875,9.24577e-06,72.7283,0.0719918,-0.292474,13.3385,-0.748144,0.191547,0.0492564,-5.79222e-05,0,-1.89923,0.482823,-0.184318,10,drone1
-1.25839,-0.342104,9.19834e-06,71.6552,0.0502798,-0.20974,11.7148,-0.829421,0.134734,0.0832916,-0.00457174,0,2.74013,-0.668451,-0.470222,10,drone1
-1.25358,-0.32659,9.08866e-06,72.0131,0.0122592,-0.0969366,8.63487,-0.772977,0.0806486,0.31355,0.0077391,0,-2.78274,0.632542,0.00857568,10,drone1
-1.24829,-0.309027,9.02567e-06,73.2379,-0.0267974,0.0257134,5.64581,-0.68367,0.092246,0.278403,0.0262842,0,-0.029163,0.835903,0.652982,10,drone1
-1.24342,-0.291236,9.09825e-06,75.095,-0.0590438,0.150929,2.6141,-0.611388,0.0399701,0.0936168,0.0199947,0,7.0912,0.775999,-0.0421206,10,drone1
-1.23932,-0.273615,9.28093e-06,77.5154,-0.0801325,0.277547,-0.320302,-0.535892,0.00617117,0.171749,0.0421432,0,5.41461,0.771062,0.0356547,10,drone1
-1.23586,-0.255553,9.57875e-06,80.3306,-0.088144,0.408698,-3.93605,-0.411425,-0.0321292,0.134866,0.0502109,0,6.2231,1.23717,-0.0541735,10,drone1
-1.23343,-0.237706,9.98153e-06,83.422,-0.0807343,0.540795,-7.55672,-0.239169,-0.0974224,0.0933433,0.0427749,0,7.38849,1.63254,-0.551316,10,drone1
-1.23195,-0.21978,1.04999e-05,86.7542,-0.056548,0.674635,-16.073,-0.126983,-0.123441,0.0963429,0.138325,0,4.83729,0.946717,-0.0574364,10,drone1
-1.23176,-0.206559,1.10269e-05,90.6721,-0.00905677,0.78622,-24.0748,-0.0421673,-0.125445,0.066962,0.14242,0,9.98201,0.659532,-0.0692814,10,drone1
-1.23225,-0.193499,1.16448e-05,95.4572,0.0670437,0.894317,-31.5108,0.0409904,-0.117221,0.0174648,0.115373,0,15.6415,0.610297,-0.207376,10,drone1
-1.23324,-0.183011,1.22803e-05,101.338,0.178113,0.98157,-38.5144,0.134307,-0.0915739,-0.0798855,0.0833859,0,19.9658,0.688164,-0.346682,10,drone1
-1.23126,-0.187551,1.248e-05,109.092,0.318533,0.976262,-43.6107,0.22574,-0.0522756,-0.131732,-0.00554679,0,24.7674,0.673276,-0.466439,10,drone1
-1.22526,-0.202161,1.23215e-05,117.478,0.447944,0.900828,-47.3471,0.305816,-0.014214,-0.147782,-0.0382194,0,23.9588,0.543982,-0.523444,10,drone1
-1.21689,-0.216526,1.21808e-05,124.558,0.543148,0.820738,-53.3833,0.368219,0.0249879,-0.142599,-0.0222221,0,19.6252,0.31416,-0.531463,10,drone1
-1.20741,-0.228756,1.2112e-05,131.377,0.627971,0.74053,-60.6017,0.197327,-0.03717,-0.0584692,0.0462467,0,17.8259,-1.82964,0.865822,10,drone1
-1.20774,-0.228491,1.25683e-05,139.689,0.778367,0.684459,-67.5422,0.274014,0.00385343,-0.169843,-0.0023114,0,20.5987,0.338955,-0.640416,10,drone1
-1.19949,-0.234678,1.27309e-05,149.519,0.897537,0.549713,-74.5589,0.344238,0.0501658,-0.177781,-0.0127894,0,19.8359,0.202023,-0.695612,10,drone1
-1.19158,-0.238637,1.29078e-05,160.391,1.0089,0.379053,-81.7928,0.402899,0.10399,-0.194021,-0.00658764,0,17.6638,0.092151,-0.68211,10,drone1
-1.18604,-0.240283,1.32134e-05,171.665,1.10563,0.180708,-89.4238,0.455635,0.150369,-0.17482,-0.00498599,0,13.6916,-0.132295,-0.728299,10,drone1
-1.18289,-0.240567,1.36434e-05,-176.905,1.17726,-0.045071,-97.4249,0.501069,0.199322,-0.173291,0.0130559,0,9.98802,-0.259024,-0.716577,10,drone1
-1.18443,-0.240749,1.43019e-05,-165.389,1.2254,-0.300238,-105.767,0.672821,0.255152,-0.155415,0.00248547,0,6.56843,-0.576834,-2.01014,10,drone1
-1.1873,-0.241754,1.51017e-05,-153.538,1.22171,-0.587268,-114.58,0.694121,0.323399,-0.128789,0.0536469,0,1.87506,-0.523736,-0.565477,10,drone1
-1.19839,-0.249068,1.63807e-05,-142.425,1.20145,-0.900935,-121.435,0.717385,0.36631,-0.121959,0.0811647,0,-1.41576,-0.596246,-0.457694,10,drone1
-1.21137,-0.261002,1.81375e-05,-133.647,1.16823,-1.19778,-123.4,0.798485,0.335469,-0.056627,0.0745609,0,-7.52997,-0.823393,-0.571447,10,drone1
-1.223,-0.274547,2.01479e-05,-127.533,1.14259,-1.45668,-128.274,0.859497,0.340312,-0.084212,0.0696273,0,-12.7156,-0.783225,-0.544445,10,drone1
-1.23389,-0.289756,2.25144e-05,-123.304,1.13583,-1.69484,-130.985,0.862985,0.328382,-0.0784572,0.0770887,0,-11.3942,-0.368352,0.0782618,10,drone1
-1.24413,-0.306073,3.12167e-05,-120.209,1.14203,-1.89898,-134.399,0.971567,0.311576,-0.0494609,0.0352189,0,-15.8449,-1.03119,-0.751896,10,drone1
-1.25003,-0.315968,2.31119e-05,-117.78,0.970454,-1.79998,-140.215,1.06474,0.450487,-0.0508123,0.00311386,0,-14.2897,-0.226198,-1.36294,10,drone1
-1.25294,-0.322499,2.10255e-05,-114.721,0.788962,-1.66458,-142.646,1.15786,0.425956,-0.0223219,0.00652978,0,-12.4056,-1.0527,-0.407861,10,drone1
-1.25505,-0.32669,1.83345e-05,-111.889,0.628098,-1.51045,-143.97,1.23114,0.385281,-0.00970917,0.00175409,0,-13.253,-0.810406,-0.206469,10,drone1
-1.25541,-0.32686,1.58539e-05,-110.537,0.514837,-1.32011,-145.933,1.30749,0.366199,0.0060187,-0.0116178,0,-12.1177,-0.844051,-0.278738,10,drone1
-1.25461,-0.324656,1.37499e-05,-109.786,0.421133,-1.11586,-147.39,1.32207,0.338511,0.00575068,-0.00091221,0,-14.5698,-0.290111,0.114863,10,drone1
-1.25476,-0.324775,1.22017e-05,-109.271,0.342829,-0.925021,-148.781,1.31918,0.311255,0.00724618,0.00619883,0,-13.9128,-0.148195,0.229683,10,drone1
-1.25482,-0.324813,1.10105e-05,-109.053,0.273472,-0.735968,-150.1,1.28101,0.300026,0.00715438,-0.00494067,0,-13.1956,0.235921,0.319349,10,drone1
-1.25485,-0.32483,1.01206e-05,-108.96,0.208196,-0.55001,-151.28,1.21411,0.287559,0.000413005,-0.000144181,0,-11.8052,0.473861,0.486721,10,drone1
-1.25486,-0.324838,9.50116e-06,-108.919,0.14506,-0.36713,-149.117,1.14293,0.202032,0.0386216,0.00846489,0,-11.7818,0.640878,0.608749,10,drone1
-1.25345,-0.319381,9.14672e-06,-109.883,0.0773255,-0.159987,-148.543,1.06162,0.168338,0.0198959,0.00570476,0,-13.6806,0.734204,0.491662,10,drone1
-1.25249,-0.31677,9.07383e-06,-111.763,0.00804707,0.0293646,-149.802,0.958455,0.177571,-0.00260813,0.00243222,0,-12.5921,0.876527,0.547925,10,drone1
-1.25215,-0.316607,9.17928e-06,-113.006,-0.0659028,0.201956,-146.098,0.828236,-0.00740167,-0.0190531,0.0531859,0,-9.74736,0.571114,1.6851,10,drone1
-1.25646,-0.325182,9.45763e-06,-114.582,-0.129766,0.327746,-147.336,0.70327,0.0189084,0.00757649,0.00534037,0,-12.3854,1.12969,0.590285,10,drone1
-1.25586,-0.32472,9.97907e-06,-116.422,-0.224112,0.492097,-148.266,0.574414,0.0412931,0.00797655,-0.00140169,0,-9.29921,1.16411,0.593009,10,drone1
-1.25566,-0.324601,1.07053e-05,-116.899,-0.312881,0.656907,-148.887,0.429306,0.0569505,0.000418391,0.00538343,0,-6.22139,1.28353,0.693326,10,drone1
-1.25562,-0.324575,1.16984e-05,-117.006,-0.399268,0.823347,-147.007,0.279615,0.0535637,0.017249,0.0118928,0,-5.74423,1.34676,0.717606,10,drone1
-1.25524,-0.323271,1.30213e-05,-117.997,-0.505085,0.988859,-148.731,0.135217,0.0846952,-0.0134335,-0.0013543,0,-6.38655,1.31187,0.629653,10,drone1
-1.25575,-0.32485,1.44234e-05,-118.652,-0.604095,1.14342,-153.704,-0.118913,0.182137,-0.0635129,-0.0014113,0,-5.83059,2.53787,0.652499,10,drone1
-1.26078,-0.334674,1.56414e-05,-117.42,-0.644841,1.2821,-154.95,-0.287122,0.17942,-0.0186079,-0.00352812,0,2.19279,1.48024,0.695982,10,drone1
-1.2622,-0.337357,1.7406e-05,-115.404,-0.678458,1.47026,-153.941,-0.444921,0.189625,0.0112119,0.00223339,0,1.37495,1.48616,0.610683,10,drone1
-1.26189,-0.3359,1.97995e-05,-114.668,-0.746883,1.66919,-151.786,-0.611442,0.213779,0.0285325,0.00654777,0,-2.12342,1.58285,0.740686,10,drone1
-1.26036,-0.331969,2.27192e-05,-115.623,-0.872627,1.86106,-152.244,-0.727454,0.249613,0.0214217,-0.0109604,0,-5.19444,1.17941,0.287719,10,drone1
-1.25816,-0.327862,3.7387e-05,-116.771,-0.957715,1.99382,-152.525,-0.922697,0.261594,0.00334523,-0.00610029,0,-2.8209,1.76519,0.842553,10,drone1
-1.25846,-0.327996,2.90831e-05,-117.857,-0.917456,1.80379,-150.936,-1.11181,0.306771,0.0227306,0.004059,0,-2.23142,1.81476,0.801193,10,drone1
-1.25681,-0.324791,2.33878e-05,-119.052,-0.882021,1.63802,-147.966,-1.26674,0.381106,0.0274884,0.0137475,0,-2.92459,1.55781,0.780067,10,drone1
-1.25536,-0.321974,1.96118e-05,-121.317,-0.867624,1.46541,-148.349,-1.40889,0.395658,0.00172254,-0.000548729,0,-3.83505,1.26247,0.668936,10,drone1
-1.25484,-0.321651,1.71609e-05,-122.943,-0.821568,1.30284,-148.459,-1.5277,0.41314,-0.00241933,0.00110716,0,-1.11273,1.09886,0.484309,10,drone1
-1.25471,-0.321562,1.53253e-05,-123.175,-0.741394,1.16762,-148.414,-1.62579,0.434846,0.00214064,0.00208531,0,0.444238,0.950643,0.324905,10,drone1
-1.2547,-0.321555,1.39287e-05,-123.198,-0.659096,1.04043,-150.756,-1.70718,0.45885,-0.0138543,-0.0131642,0,0.295745,1.03063,-0.444284,10,drone1
-1.25483,-0.322106,1.28581e-05,-122.145,-0.560751,0.926715,-149.645,-1.76137,0.518085,0.0179874,-0.00223605,0,2.32253,0.698765,-0.00129795,10,drone1
-1.25353,-0.319532,1.19084e-05,-121.403,-0.483015,0.825855,-147.155,-1.79561,0.616048,0.0205982,0.0102673,0,0.123335,0.615885,0.10124,10,drone1
-1.25261,-0.317681,1.11528e-05,-122.706,-0.433352,0.708179,-142.494,-1.76777,0.737758,0.0262109,0.0291528,0,-3.1395,0.0800801,0.441773,10,drone1
-1.25241,-0.317014,1.04567e-05,-126.107,-0.398338,0.576501,-141.504,-1.79646,0.800422,0.0072556,0.01006,0,-6.04987,0.46425,0.215203,10,drone1
-1.25193,-0.316649,1.00393e-05,-129.263,-0.349056,0.45567,-138.005,-1.75471,0.888372,0.0155761,0.0277368,0,-5.36354,-0.107657,0.397044,10,drone1
-1.25287,-0.31768,9.53454e-06,-132.131,-0.282757,0.339407,-134.771,-1.89298,0.903727,-0.0269382,0.0618145,0,-3.57724,0.781627,2.03065,10,drone1
-1.26144,-0.326621,9.13184e-06,-135.632,-0.172293,0.193723,-135.173,-1.90361,0.953854,-0.000804239,0.00128028,0,-4.03014,0.439047,-0.263522,10,drone1
-1.26113,-0.326289,9.19398e-06,-138.612,-0.0936384,0.107107,-137.918,-1.92345,0.926307,-0.0179288,-0.00980227,0,-2.28987,0.271431,-0.540415,10,drone1
-1.26131,-0.326277,9.57836e-06,-138.161,-0.00514692,0.0306062,-137.335,-1.8963,0.997342,0.00156833,-0.00089285,0,5.80698,0.241624,-0.720331,10,drone1
-1.26161,-0.326607,9.17689e-06,-136.993,0.0796897,-0.0490359,-136.854,-1.85014,1.05134,0.000542403,-0.0020966,0,4.79491,-0.000367388,-0.709974,10,drone1
-1.26167,-0.326672,9.15441e-06,-136.916,0.162841,-0.127345,-135.782,-1.77558,1.11186,0.0114303,-0.00219837,0,2.72958,-0.210431,-0.658098,10,drone1
-1.26031,-0.325428,9.28711e-06,-137.305,0.24068,-0.197373,-135.559,-1.69299,1.12904,-0.00519879,-0.00291247,0,2.22214,-0.4842,-0.690639,10,drone1
-1.26023,-0.325342,9.56614e-06,-137.684,0.325881,-0.27214,-134.395,-1.57327,1.1683,0.0123078,-0.00119835,0,1.66333,-0.651861,-0.76161,10,drone1
-1.2589,-0.32416,9.88339e-06,-138.189,0.407121,-0.339809,-128.416,-1.43427,1.2475,0.0166443,0.0484429,0,0.963117,-0.612247,0.457846,10,drone1
-1.26317,-0.328015,8.79843e-06,-141.213,0.532775,-0.409129,-126.158,-1.2691,1.29772,0.0299622,-0.00281338,0,-5.32235,-0.758841,-0.726047,10,drone1
-1.25937,-0.325004,1.0242e-05,-145.244,0.637372,-0.4217,-126.489,-1.14921,1.2694,-0.00154073,-0.0081588,0,-3.31201,-0.914668,-0.824871,10,drone1
-1.25898,-0.324444,1.12844e-05,-146.884,0.74488,-0.464634,-129.037,-1.07805,1.19148,-0.0198208,-0.00859499,0,1.56046,-0.964208,-0.899122,10,drone1
-1.25939,-0.324406,1.22032e-05,-145.883,0.835786,-0.544249,-137.778,-1.09873,1.04327,-0.0676993,-0.0497162,0,2.56404,-0.726928,-1.39194,10,drone1
-1.25872,-0.323388,1.31601e-05,-140.427,0.86841,-0.693541,-136.45,-0.930514,1.04257,-0.00600581,-0.00372872,0,13.2732,-1.3577,-0.986933,10,drone1
-1.25913,-0.323944,1.74227e-05,-133.469,0.867092,-0.877859,-127.62,-0.615417,1.14122,0.0885896,0.00776395,0,2.66684,-1.28559,-0.799781,10,drone1
-1.25201,-0.315846,1.61214e-05,-130.349,0.862215,-0.981694,-123.498,-0.385937,1.13279,0.0637774,-0.0146678,0,-12.1603,-1.17938,-0.694317,10,drone1
-1.24525,-0.307703,1.58352e-05,-130.404,0.913476,-1.04304,-120.99,-0.193417,1.0881,0.040918,-0.000220127,0,-18.5936,-1.11179,-0.644432,10,drone1
-1.24279,-0.304785,1.65286e-05,-133.524,1.04964,-1.07797,-114.232,0.0819296,1.02959,0.0805085,0.021853,0,-22.4082,-1.12935,-0.670142,10,drone1
-1.24056,-0.302641,1.73606e-05,-140.147,1.26328,-1.03126,-109.295,0.308348,0.938799,0.0527557,0.0240928,0,-25.154,-0.953525,-0.726588,10,drone1
-1.24041,-0.302337,1.89145e-05,-148.528,1.52376,-0.911928,-112.535,0.380566,0.888009,-0.0207026,0.0321755,0,-20.9591,-0.704829,-0.7985,10,drone1
-1.24768,-0.305716,2.13695e-05,-154.125,1.77328,-0.839892,-118.793,0.409096,0.867282,-0.0578663,0.0288795,0,-8.13558,-0.859596,-0.920237,10,drone1
-1.25716,-0.309529,2.40459e-05,-156.16,1.98399,-0.856712,-121.048,0.385432,0.817685,-0.0555969,0.0760044,0,-6.97321,-0.542345,0.2583,10,drone1
-1.27338,-0.316763,1.98118e-05,-156.632,1.94773,-0.829275,-126.127,0.470287,0.82377,-0.0459896,-0.0117284,0,7.60003,-1.20642,-1.22743,10,drone1
-1.27466,-0.317159,1.39621e-05,-156.606,1.67467,-0.717242,-126.824,0.597173,0.804347,0.000244278,-0.0252125,0,11.8619,-1.27919,-0.919992,10,drone1
-1.27067,-0.315192,1.36631e-05,-155.39,1.37502,-0.615706,-127.671,0.6998,0.828227,-0.0119835,-0.00884495,0,10.6634,-0.829666,-0.992108,10,drone1
-1.27074,-0.315194,1.26903e-05,-153.708,1.10142,-0.526381,-127.24,0.765773,0.79258,0.00216847,-0.0128406,0,12.1788,-0.857904,-0.252206,10,drone1
-1.26879,-0.314339,1.14069e-05,-152.319,0.832543,-0.417093,-124.733,0.827084,0.721043,0.0155968,-0.000373079,0,9.39249,-0.6403,0.0288976,10,drone1
-1.26738,-0.313933,1.03334e-05,-152.35,0.584743,-0.285879,-124.162,0.833016,0.676912,0.00746268,0.00186447,0,5.70798,-0.386803,0.220139,10,drone1
-1.26731,-0.313794,9.44621e-06,-152.937,0.3482,-0.15752,-128.18,0.748039,0.698926,-0.0361654,-0.0117813,0,6.76841,-0.188432,0.48876,10,drone1
-1.26868,-0.313876,8.83883e-06,-151.222,0.116287,-0.0436164,-127.939,0.837621,0.653077,0.0277717,-0.0392732,0,5.53921,-0.98711,-0.382451,10,drone1
-1.26022,-0.309171,9.06013e-06,-148.681,-0.149481,0.112115,-128.714,0.739142,0.627279,-0.0101961,-0.00764129,0,8.61003,0.161413,0.925796,10,drone1
-1.26047,-0.309347,9.54957e-06,-147.196,-0.36396,0.256009,-128.184,0.578844,0.573678,-0.0121501,0.0141878,0,6.07091,0.645751,1.55603,10,drone1
-1.26385,-0.311718,1.05062e-05,-146.305,-0.559053,0.394604,-129.134,0.450813,0.548132,-0.0140685,1.69376e-05,0,4.68971,0.43177,1.12492,10,drone1
-1.26514,-0.312489,1.17641e-05,-145.518,-0.761326,0.544744,-129.747,0.317947,0.519969,-0.0118911,0.00118582,0,4.75459,0.531538,1.1621,10,drone1
-1.26656,-0.313481,1.35141e-05,-144.344,-0.954869,0.7072,-129.327,0.185074,0.485976,0.00286345,0.000913014,0,4.19075,0.628555,1.21869,10,drone1
-1.2667,-0.313666,1.57987e-05,-143.758,-1.15825,0.871435,-129.076,0.0374214,0.457501,0.00374296,0.00270437,0,2.50455,0.741309,1.30821,10,drone1
-1.26672,-0.313704,1.85056e-05,-143.699,-1.37075,1.0293,-128.866,-0.121943,0.432776,-0.00658632,-0.00326173,0,2.08712,0.835307,1.37947,10,drone1
-1.26672,-0.313708,2.17191e-05,-143.693,-1.58727,1.18851,-128.681,-0.296232,0.410874,-0.00692093,-0.00349572,0,1.83955,0.944623,1.48097,10,drone1
-1.26672,-0.313709,3.91075e-05,-143.689,-1.78002,1.34448,-137.546,-0.660673,0.489745,-0.0916128,-0.00112177,0,1.30153,2.92964,1.52804,10,drone1
-1.27384,-0.319281,2.01863e-05,-143.331,-1.60168,1.21018,-133.884,-0.804989,0.486014,0.00939592,0.0200328,0,9.46461,1.1144,1.30981,10,drone1
-1.27537,-0.320727,1.80353e-05,-143.777,-1.43264,1.06849,-133.279,-0.937574,0.459498,0.00690762,-0.00169901,0,6.04878,0.780929,1.10304,10,drone1
-1.27507,-0.320368,1.69258e-05,-144.989,-1.28913,0.924561,-134.465,-1.04905,0.405646,-0.00936278,-0.0111948,0,6.7616,0.537974,0.835795,10,drone1
-1.27448,-0.319752,1.53987e-05,-144.281,-1.12202,0.829387,-134.162,-1.1188,0.378759,0.0033866,-0.00976683,0,8.72564,0.380565,0.558592,10,drone1
-1.27309,-0.318793,1.38874e-05,-143.158,-0.961576,0.743378,-133.253,-1.15864,0.371379,0.0100494,-0.00847753,0,7.41909,0.230256,0.35504,10,drone1
-1.27113,-0.317378,1.25813e-05,-142.885,-0.821937,0.64485,-132.363,-1.17677,0.371415,0.0109242,-0.00750895,0,5.28652,0.0963775,0.195447,10,drone1
-1.2691,-0.315877,1.15141e-05,-143.107,-0.692243,0.542372,-127.809,-1.06709,0.391745,0.0554086,-0.0134301,0,4.56993,-1.00284,-0.129699,10,drone1
-1.26084,-0.309833,1.07988e-05,-144.057,-0.60017,0.457466,-127.821,-1.06513,0.386657,0.00358321,-0.00509233,0,-0.116563,-0.0521796,0.0157129,10,drone1
-1.26075,-0.309657,1.00754e-05,-145.119,-0.469694,0.349515,-127.719,-1.05106,0.384013,-0.00697092,0.00304371,0,1.01271,-0.107956,-0.0941509,10,drone1
-1.26069,-0.309579,9.56558e-06,-145.246,-0.334337,0.254095,-127.516,-1.02165,0.383968,-0.00870603,0.00298821,0,2.02971,-0.183911,-0.229377,10,drone1
-1.26068,-0.309575,9.21187e-06,-145.255,-0.200289,0.161051,-127.319,-0.979465,0.385925,-0.00929209,0.00305705,0,1.97222,-0.24673,-0.342764,10,drone1
-1.26068,-0.309576,9.02822e-06,-145.256,-0.0680109,0.0693029,-134.543,-1.04643,0.326795,-0.0712167,-0.00167033,0,1.84083,0.70656,-0.237569,10,drone1
-1.26694,-0.313673,9.14257e-06,-143.091,0.0890641,-0.0438063,-134.378,-0.997522,0.3295,-0.00995158,0.00193441,0,9.0167,-0.292376,-0.472502,10,drone1
-1.26865,-0.315228,9.28721e-06,-140.325,0.213122,-0.15295,-131.342,-0.912358,0.387608,0.0122686,0.0146844,0,5.88087,-0.401282,-0.592129,10,drone1
-1.2695,-0.316118,9.52905e-06,-140.941,0.3384,-0.251302,-127.597,-0.80873,0.452598,0.0293531,0.011166,0,-0.352948,-0.458626,-0.610279,10,drone1
-1.26793,-0.315013,9.94205e-06,-143.868,0.468232,-0.31957,-127.86,-0.727315,0.453424,0.00791993,-0.00369771,0,-2.62612,-0.47662,-0.660017,10,drone1
-1.26746,-0.314381,1.06202e-05,-145.8,0.604468,-0.388919,-126.478,-0.623118,0.479511,0.0157061,-0.00300928,0,0.252933,-0.502808,-0.790558,10,drone1
-1.26549,-0.313116,1.13812e-05,-146.637,0.730828,-0.459484,-128.838,-0.553073,0.46003,-0.0159295,-0.0119613,0,1.99671,-0.482448,-0.775762,10,drone1
-1.26503,-0.312466,1.23664e-05,-146.154,0.854939,-0.551321,-123.815,-0.418737,0.517208,0.0317494,0.0189072,0,3.20447,-0.507184,-0.809025,10,drone1
-1.26437,-0.312427,1.25095e-05,-146.391,0.986003,-0.635706,-122.835,-0.354978,0.539121,-0.00766103,0.0203659,0,3.40769,-0.19398,-0.572664,10,drone1
-1.2678,-0.314453,1.4394e-05,-148.311,1.16129,-0.69673,-123.004,-0.247306,0.550391,-0.00335746,0.0011921,0,-1.68991,-0.476257,-0.972181,10,drone1
-1.26756,-0.314167,1.62268e-05,-148.883,1.30816,-0.768842,-122.953,-0.132127,0.567644,-0.00404941,-0.00357674,0,0.505216,-0.486897,-1.05799,10,drone1
-1.26753,-0.314126,1.81124e-05,-148.966,1.45362,-0.853392,-122.849,-0.0135944,0.58803,-0.00461186,-0.00350162,0,1.03622,-0.482681,-1.10162,10,drone1
-1.26753,-0.314121,2.01504e-05,-148.976,1.60205,-0.94215,-117.96,0.170762,0.544169,0.037999,0.0101358,0,0.79467,-1.09805,-0.894977,10,drone1
-1.26596,-0.313716,2.22278e-05,-151.03,1.78399,-0.966833,-118.345,0.289722,0.570836,-0.0049956,-0.00307501,0,-3.85916,-0.286372,-1.18478,10,drone1
-1.2656,-0.313053,2.66664e-05,-153.326,1.98012,-0.96976,-118.487,0.416579,0.607776,-0.00522489,-0.0017359,0,-1.42146,-0.262755,-1.29483,10,drone1
-1.26401,-0.311652,1.88798e-05,-154.257,1.9033,-0.907427,-119.846,0.528262,0.652839,-0.0109326,-0.00399058,0,1.21003,-0.317281,-1.28201,10,drone1
-1.26455,-0.311773,2.14041e-05,-154.65,1.80347,-0.834932,-116.301,0.77255,0.614631,0.0296382,-0.00160421,0,3.41381,-1.15124,-1.74379,10,drone1
-1.26189,-0.31095,2.06252e-05,-155.697,1.70015,-0.746569,-116.333,0.842767,0.649177,0.00895534,-3.67102e-05,0,-0.309115,0.000437441,-0.782531,10,drone1
-1.26171,-0.310583,1.92084e-05,-157.091,1.61597,-0.662289,-119.596,0.838568,0.707918,-0.0304132,0.000712673,0,1.99184,-0.087405,-0.364049,10,drone1
-1.26395,-0.310931,1.79986e-05,-156.35,1.52299,-0.646678,-122.551,0.831971,0.804236,-0.0249268,-0.0131331,0,6.65051,0.161952,-0.567996,10,drone1
-1.26392,-0.310697,1.68974e-05,-153.73,1.40474,-0.672853,-121.597,0.812573,0.763854,-0.0240383,0.0386545,0,8.85887,-0.19518,0.397418,10,drone1
-1.27156,-0.314733,1.63744e-05,-152.17,1.34442,-0.688985,-125.6,0.76084,0.875394,-0.0348492,-0.0111512,0,5.62983,0.340804,-0.364192,10,drone1
-1.27253,-0.314792,1.55476e-05,-149.995,1.24777,-0.699627,-129.615,0.692391,0.976784,-0.0374482,-0.0124488,0,8.30005,0.256449,-0.304424,10,drone1
-1.2744,-0.315851,1.49342e-05,-145.829,1.13652,-0.74962,-135.366,0.567398,1.09238,-0.0425977,-0.0314663,0,10.4355,0.315666,-0.225034,10,drone1
-1.2746,-0.315897,1.42788e-05,-140.238,1.0018,-0.810047,-141.936,0.397815,1.19446,-0.0452484,-0.0405415,0,12.2088,0.338754,-0.136099,10,drone1
-1.275,-0.316323,1.37393e-05,-133.16,0.848939,-0.878875,-141.766,0.352728,1.21166,0.00758952,-0.0152628,0,11.1184,0.270392,0.0515969,10,drone1
-1.27323,-0.314078,1.18223e-05,-127.595,0.710672,-0.897802,-140.385,0.324167,1.20481,0.0263013,-0.0100525,0,3.04094,0.410572,0.306485,10,drone1
-1.27073,-0.310336,1.24015e-05,-126.594,0.651451,-0.847776,-139.886,0.270648,1.1938,0.0245523,-0.0112783,0,-3.97093,0.50338,0.52277,10,drone1
-1.26769,-0.306227,1.22087e-05,-127.369,0.618889,-0.780341,-140.369,0.183689,1.19806,0.0055915,-0.00609885,0,-4.83435,0.671763,0.553445,10,drone1
-1.26759,-0.306178,1.19745e-05,-127.831,0.597596,-0.739665,-140.729,0.0902976,1.21054,0.00219461,-0.000701252,0,-3.59465,0.78434,0.521841,10,drone1
-1.26756,-0.306154,1.17076e-05,-127.87,0.572684,-0.706657,-137.963,0.12018,1.16227,0.0249148,0.0102947,0,-2.84134,-0.0118953,0.543519,10,drone1
-1.26646,-0.304518,1.14189e-05,-129.309,0.560389,-0.655638,-139.638,0.0185065,1.17168,-0.0100907,-0.00314125,0,-5.07849,0.609186,0.491392,10,drone1
-1.26656,-0.30484,1.12462e-05,-130.182,0.549674,-0.622588,-141.215,-0.0735928,1.17521,-0.0138642,-0.00241448,0,-1.87422,0.502259,0.392902,10,drone1
-1.26758,-0.30613,1.11018e-05,-129.069,0.522677,-0.614983,-143.921,-0.177582,1.16921,-0.0235999,-0.00905931,0,1.00441,0.358179,0.297136,10,drone1
-1.26893,-0.307976,1.10091e-05,-127.034,0.489979,-0.619214,-146.424,-0.267532,1.15026,-0.0230167,-0.00984311,0,2.59997,0.223559,0.26921,10,drone1
-1.27041,-0.310085,1.09333e-05,-124.348,0.452838,-0.630424,-147.729,-0.32522,1.12567,-0.0124344,-0.00649098,0,2.73186,0.129632,0.282551,10,drone1
-1.27136,-0.311401,1.08519e-05,-122.157,0.420373,-0.634531,-148.949,-0.368673,1.09197,-0.00885994,-0.00682016,0,1.29025,0.00942976,0.308915,10,drone1
-1.27185,-0.312145,1.07874e-05,-120.614,0.395307,-0.63235,-150.263,-0.405395,1.05198,-0.00768986,-0.00760036,0,0.322007,-0.0636599,0.323719,10,drone1
-1.27214,-0.312646,1.07256e-05,-119.255,0.373351,-0.629314,-151.599,-0.437351,1.00876,-0.00704317,-0.00804126,0,0.0972869,-0.101589,0.326645,10,drone1
-1.27235,-0.31305,1.0671e-05,-117.924,0.353073,-0.627325,-152.929,-0.462305,0.963191,-0.00652446,-0.00830318,0,0.0745701,-0.15327,0.316092,10,drone1
-1.27252,-0.3134,1.06271e-05,-116.601,0.334222,-0.626768,-153.21,-0.459517,0.922695,0.00998871,-0.00723776,0,-0.362535,-0.237482,0.31091,10,drone1
-1.27163,-0.311306,1.05284e-05,-115.705,0.315792,-0.614127,-154.033,-0.463764,0.879507,0.00588531,-0.00886725,0,-1.4623,-0.232201,0.303876,10,drone1
-1.27083,-0.309651,1.04773e-05,-115.13,0.303303,-0.603731,-155.008,-0.423199,0.853536,0.0173893,-0.0157843,0,-1.30261,-0.563287,-0.0690663,10,drone1
-1.26887,-0.305507,1.03636e-05,-114.429,0.285237,-0.58395,-155.119,-0.416653,0.816457,0.000708743,-0.00723674,0,-1.09925,-0.218629,0.306526,10,drone1
-1.26905,-0.305674,1.03593e-05,-113.94,0.280095,-0.586055,-155.288,-0.410249,0.780109,-0.00311168,-0.00518428,0,-1.68802,-0.215017,0.299957,10,drone1
-1.26911,-0.305709,1.03685e-05,-113.791,0.279092,-0.587937,-155.489,-0.401543,0.745001,-0.00255383,-0.00530312,0,-2.01064,-0.230277,0.278904,10,drone1
-1.26912,-0.305721,1.03829e-05,-113.746,0.28001,-0.591292,-156.938,-0.40837,0.702554,-0.0135077,-0.00494834,0,-1.49876,-0.230746,0.25738,10,drone1
-1.26972,-0.307516,1.04551e-05,-113.27,0.280909,-0.607082,-156.288,-0.382423,0.676858,0.0290184,-0.00539998,0,-1.71396,-0.272244,0.224212,10,drone1
-1.2677,-0.302252,1.03411e-05,-112.987,0.270245,-0.590567,-156.538,-0.367624,0.646361,0.0137257,-0.00628633,0,-2.20196,-0.264294,0.211839,10,drone1
-1.26651,-0.2995,1.03497e-05,-113.139,0.270178,-0.585898,-156.15,-0.34552,0.622063,0.0248082,-0.00503986,0,-2.86167,-0.251352,0.199247,10,drone1
-1.26464,-0.294971,1.02919e-05,-113.417,0.26851,-0.574237,-158.334,-0.354011,0.584435,-0.0177351,-0.00940335,0,-1.57717,-0.224303,0.171923,10,drone1
-1.26524,-0.297139,1.04267e-05,-113.002,0.274252,-0.599333,-158.349,-0.338542,0.562598,0.0048635,-0.00109357,0,-0.144738,-0.224551,0.14557,10,drone1
-1.26542,-0.297222,1.0461e-05,-112.218,0.272336,-0.618696,-158.385,-0.32137,0.542207,0.0021892,-0.00162432,0,-0.357796,-0.235182,0.125501,10,drone1
-1.26551,-0.297277,1.05584e-05,-111.945,0.276534,-0.637665,-159.112,-0.311493,0.518285,-0.011037,-0.00121536,0,-0.594788,-0.22508,0.126575,10,drone1
-1.26616,-0.299094,1.07061e-05,-111.627,0.284182,-0.667362,-159.96,-0.301664,0.495507,-0.0136171,-0.00183212,0,-0.0381471,-0.227512,0.107216,10,drone1
-1.26697,-0.301329,1.08696e-05,-111.035,0.289738,-0.702679,-160.8,-0.289926,0.474485,-0.0132687,-0.00257326,0,0.549555,-0.238011,0.0871204,10,drone1
-1.26775,-0.303495,1.10535e-05,-110.278,0.293172,-0.740937,-161.646,-0.276375,0.454827,-0.0122733,-0.00339192,0,0.846999,-0.248946,0.0725699,10,drone1
-1.26844,-0.305473,1.12563e-05,-109.436,0.295,-0.781284,-162.504,-0.261308,0.436298,-0.0111418,-0.00414144,0,0.976658,-0.257935,0.0623568,10,drone1
-1.26903,-0.307238,1.14778e-05,-108.545,0.295488,-0.823548,-163.375,-0.245005,0.418781,-0.0100188,-0.00478748,0,1.02675,-0.264648,0.05515,10,drone1
-1.26953,-0.308796,1.17194e-05,-107.623,0.294774,-0.867781,-161.873,-0.168024,0.379435,-0.0249019,0.0189989,0,0.783834,-0.765159,0.24847,10,drone1
-1.27171,-0.31466,1.21248e-05,-107.329,0.310179,-0.932968,-163.076,-0.157378,0.364797,-0.0103596,-0.00540504,0,-1.28392,-0.204448,0.0511828,10,drone1
-1.27195,-0.316051,1.24388e-05,-107.241,0.322669,-0.978244,-164.517,-0.145264,0.352205,-0.0120055,-0.00791292,0,-0.194445,-0.227005,0.0201817,10,drone1
-1.27231,-0.317745,1.27866e-05,-106.563,0.325775,-1.03139,-166.002,-0.130815,0.342078,-0.00759547,-0.0108301,0,1.16627,-0.249598,-0.00510592,10,drone1
-1.27243,-0.318553,1.31484e-05,-105.483,0.319734,-1.0859,-165.069,-0.172079,0.308356,-0.0165065,0.0110068,0,0.74367,0.366804,0.455932,10,drone1
-1.27375,-0.32238,1.36726e-05,-104.755,0.323581,-1.15701,-165.093,-0.141112,0.304343,-7.85056e-05,-0.00838746,0,-0.244749,-0.30947,-0.0416173,10,drone1
-1.27378,-0.32235,1.4102e-05,-104.53,0.332593,-1.21053,-166.278,-0.115461,0.297149,0.00353115,-0.00972045,0,-0.944988,-0.314691,-0.040199,10,drone1
-1.27334,-0.32113,1.45313e-05,-104.159,0.337434,-1.26295,-167.378,-0.090374,0.291652,0.00357518,-0.00969718,0,0.0184324,-0.306654,-0.0416611,10,drone1
-1.27297,-0.319987,1.50184e-05,-103.488,0.335772,-1.32155,-167.303,-0.0608171,0.289177,0.00239474,-0.00924003,0,0.749435,-0.294065,-0.0387049,10,drone1
-1.27309,-0.320074,1.56241e-05,-102.88,0.336627,-1.39014,-167.301,-0.0341035,0.283548,0.000877787,-0.00892768,0,0.0129931,-0.272976,-0.00377564,10,drone1
-1.27316,-0.320117,1.62985e-05,-102.51,0.343041,-1.46168,-167.362,-0.00705289,0.280585,0.00100528,-0.00905407,0,-0.601569,-0.270255,-0.0318355,10,drone1
-1.2732,-0.320143,1.70506e-05,-102.28,0.353289,-1.53704,-167.453,0.0193535,0.277892,0.000949516,-0.00913072,0,-0.910404,-0.263322,-0.0333864,10,drone1
-1.27322,-0.32016,1.78925e-05,-102.136,0.366372,-1.61673,-167.557,0.0453055,0.275801,0.000907606,-0.00917557,0,-1.04802,-0.257556,-0.0380881,10,drone1
-1.27324,-0.320171,1.88352e-05,-102.045,0.381698,-1.70119,-173.315,0.073243,0.361682,0.00548748,-0.0463288,0,-0.956029,-0.355356,-0.930574,10,drone1
-1.27182,-0.316796,1.96964e-05,-100.93,0.362551,-1.78072,-172.857,0.0998554,0.357307,0.00182855,-0.00911218,0,4.57722,-0.268715,0.0221434,10,drone1
-1.27206,-0.316999,2.0882e-05,-99.2709,0.326526,-1.88634,-172.571,0.13531,0.353059,0.0165633,-0.00170632,0,2.39121,-0.354017,0.00425641,10,drone1
-1.2717,-0.313759,2.19774e-05,-98.111,0.300464,-1.97807,-172.318,0.168438,0.344189,0.0137243,-0.000162869,0,0.450899,-0.326524,0.0430315,10,drone1
-1.27145,-0.31115,2.32411e-05,-97.2946,0.284396,-2.07709,-172.358,0.198722,0.336224,-0.00447274,-0.00723592,0,-0.391201,-0.310891,0.0375048,10,drone1
-1.27151,-0.311252,2.8277e-05,-96.7058,0.282257,-2.1808,-173.559,0.23105,0.330009,-0.00833169,-0.00743227,0,-1.12649,-0.397755,0.0432331,10,drone1
-1.27163,-0.31267,2.30219e-05,-96.1441,0.242368,-2.08496,-174.695,0.262452,0.325368,-0.00815945,-0.00757115,0,-0.514851,-0.384768,0.0450873,10,drone1
-1.27173,-0.31411,2.22181e-05,-95.4754,0.208611,-1.97518,-175.186,0.225493,0.325007,-0.0379824,0.000153973,0,-0.591226,0.341088,0.056646,10,drone1
-1.27243,-0.321783,2.12029e-05,-94.7973,0.178808,-1.90305,-175.198,0.225107,0.31152,-0.0052714,-0.0078494,0,-0.11755,-0.00759396,0.134715,10,drone1
-1.27246,-0.321698,1.97732e-05,-94.2177,0.151496,-1.80057,-175.276,0.206699,0.298079,0.00231661,-0.00850325,0,-0.783686,0.171253,0.150403,10,drone1
-1.27248,-0.321733,1.85576e-05,-93.7503,0.130236,-1.70528,-177.039,0.156529,0.293156,-0.0149485,-0.011941,0,-0.755818,0.401731,0.144722,10,drone1
-1.27259,-0.324518,1.76609e-05,-93.2106,0.109729,-1.62993,-175.862,0.100867,0.272438,0.0147975,0.00903338,0,-0.811456,0.609592,0.207922,10,drone1
-1.27251,-0.321655,1.66462e-05,-92.7475,0.0918437,-1.53348,-177.109,0.0422886,0.25993,0.004925,-0.00875225,0,-1.7047,0.520149,0.188554,10,drone1
-1.27243,-0.320554,1.58307e-05,-92.3685,0.0782445,-1.45138,-177.838,-0.00885605,0.245659,0.00947941,-0.00522049,0,-1.20211,0.474129,0.175694,10,drone1
-1.27235,-0.318599,1.50857e-05,-91.9192,0.0641314,-1.37083,-179.134,-0.0538318,0.232501,0.0104942,-0.00988546,0,-0.777169,0.391494,0.14637,10,drone1
-1.27226,-0.316405,1.44196e-05,-91.3956,0.0497197,-1.29446,-179.117,-0.0895587,0.217914,0.00314854,-0.0079462,0,0.166006,0.35522,0.150784,10,drone1
-1.27227,-0.316478,1.39238e-05,-90.8695,0.036911,-1.23393,-179.144,-0.120354,0.202047,-0.00290516,-0.00833267,0,-0.264145,0.305138,0.164027,10,drone1
-1.27227,-0.316509,1.34855e-05,-90.4307,0.0270371,-1.1779,179.122,-0.154626,0.185268,-0.0129808,-0.0130057,0,-0.37701,0.281065,0.136297,10,drone1
-1.27227,-0.319069,1.31878e-05,-89.9224,0.0166343,-1.13861,178.236,-0.181276,0.166893,-0.00884992,-0.0075511,0,0.665171,0.239064,0.15294,10,drone1
-1.27225,-0.32085,1.29062e-05,-89.296,0.00466194,-1.09986,176.305,-0.147827,0.15506,0.0159409,-0.0148512,0,0.397698,-0.388757,0.0682636,10,drone1
-1.27233,-0.317634,1.24997e-05,-88.5389,-0.00837785,-1.04117,176.527,-0.166062,0.139919,0.00177793,-0.0082839,0,2.22153,0.194115,0.135967,10,drone1
-1.2723,-0.31774,1.22422e-05,-87.7652,-0.0209292,-1.00226,175.549,-0.157223,0.128926,0.0208044,-0.00774031,0,1.76489,-0.110357,0.0847024,10,drone1
-1.27249,-0.313613,1.18966e-05,-87.0231,-0.0310352,-0.946728,175.693,-0.174053,0.11296,-0.00121752,-0.00836583,0,1.43971,0.181825,0.144065,10,drone1
-1.27245,-0.313731,1.17064e-05,-86.3242,-0.0405853,-0.91515,174.694,-0.192483,0.0939303,-0.00546095,-0.00863626,0,0.553795,0.175818,0.144599,10,drone1
-1.27238,-0.314965,1.15791e-05,-85.654,-0.0495898,-0.892371,173.74,-0.207848,0.075107,-0.00529787,-0.00861104,0,0.853752,0.151397,0.138874,10,drone1
-1.2723,-0.316177,1.14706e-05,-84.9204,-0.0593231,-0.872679,173.854,-0.218727,0.0603883,-0.00402503,-0.00852393,0,1.1373,0.125385,0.133329,10,drone1
-1.27224,-0.316206,1.1348e-05,-84.2454,-0.0674517,-0.850551,173.883,-0.227474,0.0458491,-0.00294062,-0.00835595,0,0.290144,0.102845,0.134957,10,drone1
-1.27218,-0.316246,1.12493e-05,-83.7168,-0.0733015,-0.831798,173.842,-0.23496,0.031582,-0.00301364,-0.00825796,0,-0.413682,0.0892002,0.134171,10,drone1
-1.27214,-0.316278,1.11697e-05,-83.3081,-0.0774684,-0.816231,173.752,-0.241399,0.0178339,-0.00304404,-0.00817665,0,-0.900709,0.0778413,0.130332,10,drone1
