2.70062,0.225817,5.53539e-06,0,0,-0.0111886,0,0,0,0,0,0,0,0,0,-1,pipuck3
2.70062,0.225817,7.91351e-06,0,0,-0.0159945,0,0,0,0,0,0,0,0,0,-1,pipuck3
2.70062,0.225817,8.88486e-06,0,0,-0.0179578,0,0,0,0,0,0,0,0,0,-1,pipuck3
2.70062,0.225817,9.26229e-06,0,0,-0.0187206,0,0,0,0,0,0,0,0,0,-1,pipuck3
2.70062,0.225817,9.40043e-06,0,0,-0.0189998,0,0,0,0,0,0,0,0,0,-1,pipuck3
2.70062,0.225817,9.44705e-06,0,0,-0.019094,0,0,0,0,0,0,0,0,0,-1,pipuck3
2.70062,0.225817,9.46085e-06,0,0,-0.0191219,0,0,0,0,0,0,0,0,0,-1,pipuck3
2.70062,0.225817,9.46391e-06,0,0,-0.0191281,0,0,0,0,0,0,0,0,0,-1,pipuck3
2.70062,0.225817,9.46396e-06,0,0,-0.0191282,0,0,0,0,0,0,0,0,0,-1,pipuck3
2.70062,0.225817,9.46346e-06,0,0,-0.0191272,0,0,0,0,0,0,0,0,0,-1,pipuck3
2.70062,0.225817,9.46303e-06,0,0,-0.0191263,0,0,0,0,0,0,0,0,0,-1,pipuck3
2.70062,0.225817,9.46276e-06,0,0,-0.0191258,0,0,0,0,0,0,0,0,0,-1,pipuck3
2.70062,0.225817,9.46262e-06,0,0,-0.0191255,0,0,0,0,0,0,0,0,0,-1,pipuck3
2.70062,0.225817,9.46255e-06,0,0,-0.0191254,0,0,0,0,0,0,0,0,0,-1,pipuck3
2.70062,0.225817,9.46252e-06,0,0,-0.0191253,0,0,0,0,0,0,0,0,0,-1,pipuck3
2.70062,0.225817,9.46251e-06,0,0,-0.0191253,0,0,0,0,0,0,0,0,0,-1,pipuck3
2.70062,0.225817,9.4625e-06,0,0,-0.0191253,0,0,0,0,0,0,0,0,0,-1,pipuck3
2.70062,0.225817,9.4625e-06,0,0,-0.0191253,0,0,0,0,0,0,0,0,0,-1,pipuck3
2.70062,0.225817,9.4625e-06,0,0,-0.0191253,0,0,0,0,0,0,0,0,0,-1,pipuck3
2.70062,0.225817,9.4625e-06,0,0,-0.0191253,0,0,0,0,0,0,0,0,0,-1,pipuck3
2.70062,0.225817,9.4625e-06,0,0,-0.0191253,0,0,0,0,0,0,0,0,0,-1,pipuck3
2.70062,0.225817,9.4625e-06,0,0,-0.0191252,0,0,0,0,0,0,0,0,0,-1,pipuck3
2.70062,0.225817,9.4625e-06,0,0,-0.0191252,0,0,0,0,0,0,0,0,0,-1,pipuck3
2.70062,0.225817,9.4625e-06,0,0,-0.0191252,0,0,0,0,0,0,0,0,0,-1,pipuck3
2.70062,0.225817,9.4625e-06,0,0,-0.0191252,0,0,0,0,0,0,0,0,0,-1,pipuck3
2.70062,0.225817,9.4625e-06,0,0,-0.0191252,0,0,0,0,0,0,0,0,0,-1,pipuck3
2.70062,0.225817,9.4625e-06,0,0,-0.0191252,0,0,0,0,0,0,0,0,0,-1,pipuck3
2.70062,0.225817,9.4625e-06,0,0,-0.0191252,0,0,0,0,0,0,0,0,0,-1,pipuck3
2.70062,0.225817,9.4625e-06,0,0,-0.0191252,0,0,0,0,0,0,0,0,0,-1,pipuck3
2.70062,0.225817,9.4625e-06,0,0,-0.0191252,0,0,0,0,0,0,0,0,0,-1,pipuck3
2.70062,0.225817,9.4625e-06,0,0,-0.0191252,0,0,0,0,0,0,0,0,0,-1,pipuck3
2.70062,0.225817,9.4625e-06,0,0,-0.0191252,0,0,0,0,0,0,0,0,0,-1,pipuck3
2.70062,0.225817,9.4625e-06,0,0,-0.0191252,0,0,0,0,0,0,0,0,0,-1,pipuck3
2.70062,0.225817,9.4625e-06,0,0,-0.0191252,0,0,0,0,0,0,0,0,0,-1,pipuck3
2.70062,0.225817,9.4625e-06,0,0,-0.0191252,0,0,0,0,0,0,0,0,0,-1,pipuck3
2.70062,0.225817,9.4625e-06,0,0,-0.0191252,0,0,0,0,0,0,0,0,0,-1,pipuck3
2.70062,0.225817,9.4625e-06,0,0,-0.0191252,0,0,0,0,0,0,0,0,0,-1,pipuck3
2.70062,0.225817,9.4625e-06,0,0,-0.0191252,0,0,0,0,0,0,0,0,0,-1,pipuck3
2.70062,0.225817,9.4625e-06,0,0,-0.0191252,0,0,0,0,0,0,0,0,0,-1,pipuck3
2.70062,0.225817,9.4625e-06,0,0,-0.0191252,0,0,0,0,0,0,0,0,0,-1,pipuck3
2.70062,0.225817,9.4625e-06,0,0,-0.0191252,0,0,0,0,0,0,0,0,0,-1,pipuck3
2.70062,0.225817,9.4625e-06,0,0,-0.0191252,0,0,0,0,0,0,0,0,0,-1,pipuck3
2.70062,0.225817,9.4625e-06,0,0,-0.0191252,0,0,0,0,0,0,0,0,0,-1,pipuck3
2.70062,0.225817,9.4625e-06,0,0,-0.0191252,0,0,0,0,0,0,0,0,0,-1,pipuck3
2.70062,0.225817,9.4625e-06,0,0,-0.0191252,0,0,0,0,0,0,0,0,0,-1,pipuck3
2.70062,0.225817,9.4625e-06,0,0,-0.0191252,0,0,0,0,0,0,0,0,0,-1,pipuck3
2.70062,0.225817,9.4625e-06,0,0,-0.0191252,0,0,0,0,0,0,0,0,0,-1,pipuck3
2.70062,0.225817,9.4625e-06,0,0,-0.0191252,0,0,0,0,0,0,0,0,0,-1,pipuck3
2.70062,0.225817,9.4625e-06,0,0,-0.0191252,0,0,0,0,0,0,0,0,0,-1,pipuck3
2.70062,0.225817,9.4625e-06,0,0,-0.0191252,0,0,0,0,0,0,0,0,0,-1,pipuck3
2.70062,0.225817,9.4625e-06,0,0,-0.0191252,0,0,0,0,0,0,0,0,0,-1,pipuck3
2.70062,0.225817,9.4625e-06,0,0,-0.0191252,0,0,0,0,0,0,0,0,0,-1,pipuck3
2.70062,0.225817,2.15629e-05,0,0,0.0435921,0,0,0,0,0,0,0,0,0,-1,pipuck3
2.70062,0.225817,1.45194e-05,0,0,0.0293455,0,0,0,0,0,0,0,0,0,-1,drone1
2.70062,0.225817,1.14846e-05,0,0,0.0232122,0,0,0,0,0,0,0,0,0,-1,drone1
2.70062,0.225817,1.02291e-05,0,0,0.0206746,9.30973,-0.00187342,-0.00440908,-2.47685,0.0290838,0,94.601,-0.0388791,-0.0176436,11,drone1
2.68073,0.225816,9.4399e-06,0.0139395,0.0959536,0.0189959,17.9833,-0.0027736,-0.00878513,-2.45318,0.398853,0,86.567,-0.026764,-0.0305159,11,drone1
2.66073,0.225807,9.22739e-06,0.0352194,0.19331,0.0182867,25.8407,-0.012789,-0.0185409,-2.34466,0.747242,0,77.8886,-0.11503,-0.0591775,11,drone1
2.64076,0.225792,9.28729e-06,0.0462601,0.291751,0.0179787,33.0517,-0.0376999,-0.0339455,-2.19382,1.02351,0,70.2575,-0.246847,-0.120894,11,drone1
2.62083,0.225777,9.48628e-06,0.0352946,0.391466,0.0179294,39.1666,-0.0709236,-0.049252,-2.00602,1.31388,0,61.5343,-0.301849,-0.174589,11,drone1
2.60084,0.225768,9.77746e-06,0.016199,0.493366,0.0180298,44.0607,-0.203869,-0.117071,-1.73846,1.50888,0,52.9132,-1.06812,-0.966941,11,drone1
2.58104,0.225761,1.01446e-05,0.0364085,0.596584,0.0177968,48.9325,-0.245513,-0.123685,-1.67683,1.64901,0,49.7464,-0.354367,-0.205824,11,drone1
2.56108,0.22574,1.0595e-05,0.0907686,0.703103,0.017067,53.4063,-0.289303,-0.131125,-1.52875,1.76655,0,45.1737,-0.341542,-0.266684,11,drone1
2.54109,0.225698,1.11338e-05,0.147473,0.812673,0.016092,57.2781,-0.337237,-0.139148,-1.36181,1.8741,0,40.0353,-0.343334,-0.332124,11,drone1
2.52115,0.225636,1.17677e-05,0.209221,0.925281,0.0148065,60.4473,-0.387416,-0.147593,-1.19052,1.96051,0,34.9265,-0.332247,-0.380104,11,drone1
2.50131,0.225551,1.25048e-05,0.297561,1.04106,0.01278,63.7721,-0.439184,-0.150439,-1.11892,1.98848,0,33.662,-0.341661,-0.381127,11,drone1
2.48132,0.225428,1.33635e-05,0.398409,1.16155,0.0101102,67.1946,-0.508123,-0.102528,-1.04286,2.07463,0,33.1898,-0.79579,-0.204415,11,drone1
2.4613,0.225275,6.8076e-06,0.483205,1.28576,-0.0137896,69.7869,-0.565729,-0.107596,-0.853073,2.07584,0,26.9612,-0.294086,-0.49259,11,drone1
2.44134,0.225094,1.26343e-05,0.555611,1.41517,-0.0261541,71.2497,-0.540358,0.03987,-0.652937,2.17143,0,22.2921,-1.21032,0.983805,11,drone1
2.42168,0.224877,1.58491e-05,0.687668,1.54839,-0.034927,72.8734,-0.619852,0.0198462,-0.631483,2.10816,0,20.8455,-0.232989,-0.766747,11,drone1
2.40188,0.224602,1.80022e-05,0.891923,1.68787,-0.0440137,73.3744,-0.706934,-0.0110703,-0.521383,2.94406,0,20.4085,-0.252708,-0.831411,8,drone1
2.38256,0.22423,1.98379e-05,1.22556,1.83096,-0.0573136,75.1367,-0.786457,-0.0771141,-0.582262,2.13463,0,20.6815,0.211458,-0.981614,11,drone1
2.36271,0.223732,2.17602e-05,1.64162,1.983,-0.0750511,75.9359,-0.88606,-0.0880885,-0.425736,2.1024,0,15.5253,-0.36688,-0.931382,11,drone1
2.34307,0.223085,2.38734e-05,2.07482,2.14081,-0.0957666,76.466,-0.991697,-0.104733,-0.370988,2.0916,0,14.1134,-0.343499,-1.00846,11,drone1
2.32358,0.222272,2.61794e-05,2.56843,2.149,-0.11902,76.942,-1.10263,-0.12399,-0.349525,2.09274,0,13.6709,-0.341701,-1.06777,11,drone1
2.30401,0.221283,2.14928e-05,3.1232,1.98535,-0.125896,76.9502,-1.20268,-0.140557,-0.282776,2.07596,0,11.6794,-0.375785,-0.951693,11,drone1
2.28458,0.220087,1.9317e-05,3.75529,1.83035,-0.137167,76.4934,-1.27647,-0.161979,-0.227852,2.04576,0,9.99977,-0.319951,-0.70773,11,drone1
2.26529,0.218652,1.78677e-05,4.50422,1.68336,-0.150082,75.9075,-1.32636,-0.185685,-0.221005,2.0316,0,9.98731,-0.27774,-0.479367,11,drone1
2.24608,0.216939,1.6632e-05,5.39203,1.54411,-0.16366,73.8421,-1.34937,-0.238619,0.00792938,2.81406,0,9.68485,-0.268832,-0.263186,8,drone1
2.22756,0.214845,1.54951e-05,6.56967,1.40879,-0.180486,71.8753,-1.35339,-0.292515,-0.0687799,2.78873,0,11.6809,-0.248376,-0.0911151,8,drone1
2.20915,0.212305,1.4466e-05,8.15981,1.27923,-0.201878,69.9036,-1.34083,-0.341461,-0.126187,2.77416,0,13.224,-0.281125,0.0742234,8,drone1
2.19091,0.209202,1.35483e-05,10.1485,1.15463,-0.225307,67.7484,-1.31166,-0.387074,-0.161934,2.75172,0,13.8738,-0.298757,0.231477,8,drone1
2.17295,0.20542,1.27471e-05,12.5441,1.034,-0.248902,65.1035,-1.27361,-0.437114,-0.147903,2.73079,0,13.963,-0.322977,0.286332,8,drone1
2.15544,0.200874,1.20546e-05,15.394,0.916148,-0.27137,62.1734,-1.22025,-0.487783,-0.181886,2.7282,0,15.0985,-0.307864,0.404336,8,drone1
2.13842,0.19547,1.14501e-05,18.7348,0.800751,-0.291097,58.6679,-1.16576,-0.589964,-0.18719,2.70967,0,15.1571,0.0236803,0.103705,8,drone1
2.12196,0.189182,1.09205e-05,22.5541,0.687578,-0.305669,54.2291,-1.07659,-0.645472,-0.153321,2.68922,0,14.676,-0.340462,0.585185,8,drone1
2.10653,0.182123,1.03152e-05,26.8471,0.575469,-0.311962,49.4164,-0.978705,-0.696144,-0.226382,2.68592,0,17.177,-0.360989,0.63188,8,drone1
2.09196,0.17401,1.01265e-05,31.6235,0.466884,-0.309284,43.2885,-0.861364,-0.745354,-0.183921,2.65197,0,15.3393,-0.383069,0.700334,8,drone1
2.08062,0.16619,9.84115e-06,37.6428,0.351238,-0.294343,36.2544,-0.728237,-0.78878,-0.205063,2.63676,0,16.0571,-0.355209,0.738592,8,drone1
2.06964,0.156565,9.62998e-06,44.8129,0.244004,-0.268708,28.9084,-0.587049,-0.812314,-0.217749,2.62721,0,16.5277,-0.301739,0.794429,8,drone1
2.06192,0.147906,1.40994e-05,52.9981,0.174335,-0.184601,21.5004,-0.449298,-0.812272,-0.179337,2.62662,0,15.9072,-0.262558,0.813548,8,drone1
2.05632,0.138832,9.44528e-06,62.3176,0.0815404,-0.114645,13.8481,-0.309454,-0.802567,-0.084287,2.61784,0,13.4652,-0.110437,0.725968,8,drone1
2.05355,0.131524,8.34051e-06,72.9618,0.0204528,-0.00927966,6.28427,-0.158659,-0.756329,-0.0518113,2.63126,0,14.3479,0.109116,0.899134,8,drone1
2.05242,0.126719,2.06513e-06,83.975,-0.0162954,0.11453,-1.79325,-0.0309748,-0.702276,0.137725,2.62183,0,9.21487,0.0500631,0.716524,8,drone1
2.05239,0.125839,6.35882e-06,95.022,0.0106222,0.263798,-10.0902,0.0902744,-0.628848,0.270099,2.60946,0,7.02232,0.170493,0.697243,8,drone1
2.05202,0.128642,1.03034e-05,106.246,0.100863,0.416734,-18.8325,0.202582,-0.547229,0.441552,2.56797,0,2.57196,0.264021,0.56116,8,drone1
2.04947,0.13518,1.03446e-05,117.785,0.268765,0.549968,-27.929,0.310211,-0.45416,0.5719,2.53707,0,-0.967643,0.40527,0.439567,8,drone1
2.04335,0.144395,1.12563e-05,129.064,0.498651,0.643758,-37.2106,0.409655,-0.353895,0.661033,2.51452,0,-2.81491,0.495849,0.263653,8,drone1
2.03362,0.154379,1.25617e-05,139.161,0.767849,0.688221,-45.1779,0.494907,-0.265532,0.818414,2.43114,0,-7.46925,0.557936,0.0293273,8,drone1
2.02115,0.163556,6.60525e-06,148.288,1.07525,0.66091,-51.2785,0.533382,-0.213559,0.888983,2.40445,0,-9.41693,0.170525,-0.0680045,8,drone1
2.00619,0.171239,7.66138e-06,155.611,1.36767,0.620901,-55.8541,0.622101,-0.168883,0.978492,2.35894,0,-11.425,0.623681,-0.474243,8,drone1
1.98964,0.177443,3.64528e-05,161.653,1.67578,0.498862,-59.2255,0.71668,-0.141453,1.07684,2.28236,0,-14.5161,0.63199,-0.637839,8,drone1
1.97155,0.182184,2.93348e-05,167.177,1.96115,0.412418,-61.6044,0.823185,-0.139148,1.16757,2.21531,0,-17.1938,0.605755,-0.857093,8,drone1
1.95283,0.18529,3.77376e-05,171.611,2.20894,0.281371,-63.084,0.939092,-0.153561,1.27521,2.14047,0,-20.0938,0.654018,-0.964885,8,drone1
1.9343,0.18732,2.03616e-05,175.621,2.05282,0.143425,-64.034,1.06447,-0.184039,1.31961,2.10592,0,-20.7958,0.65742,-1.09558,8,drone1
1.91542,0.188001,2.10068e-05,179.045,1.87762,0.0118389,-64.8012,1.16019,-0.26687,1.28746,2.11067,0,-19.5431,0.0654975,-1.15396,8,drone1
1.89635,0.187852,1.92924e-05,-178.225,1.70603,-0.0728137,-64.8896,1.22922,-0.308992,1.46259,1.98003,0,-25.0317,0.522756,-0.5903,8,drone1
1.87827,0.187106,8.77545e-06,-176.175,1.53821,-0.100394,-64.526,1.27354,-0.364803,1.58408,1.86551,0,-28.7246,0.476257,-0.384385,8,drone1
1.85951,0.185306,1.08035e-05,-174.712,1.37934,-0.118212,-64.0963,1.37908,-0.514319,1.52164,1.84425,0,-25.6701,0.08273,-1.46995,8,drone1
1.84105,0.183482,1.82572e-05,-173.796,1.22343,-0.160078,-63.6248,1.3676,-0.547812,1.64547,1.78095,0,-30.9576,0.520145,0.195012,8,drone1
1.82343,0.181452,1.70774e-05,-173.37,1.08274,-0.0988463,-62.9786,1.33658,-0.587744,1.70193,1.71073,0,-32.5989,0.429834,0.319472,8,drone1
1.80562,0.179126,1.27187e-05,-173.671,0.943614,-0.0846918,-62.8999,1.30609,-0.526859,1.55014,1.84708,0,-26.9439,0.947927,0.816564,8,drone1
1.78695,0.177021,1.11029e-05,-174.552,0.815387,-0.0595951,-62.2717,1.25345,-0.561128,1.71763,1.67891,0,-32.9313,0.287392,0.505592,8,drone1
1.76885,0.175319,1.03902e-05,-175.912,0.689446,-0.0313326,-61.6742,1.19231,-0.588904,1.71812,1.61683,0,-34.182,0.277256,0.583392,8,drone1
1.7507,0.174188,9.97336e-06,-177.728,0.567713,-0.00443886,-61.6928,1.03854,-0.594031,1.56507,1.81612,0,-26.7682,-0.43631,1.29084,8,drone1
1.73196,0.173758,9.6653e-06,-179.774,0.452149,0.0164281,-65.2568,1.0169,-0.5181,1.63419,1.66081,0,-31.9766,0.33375,0.644045,8,drone1
1.71643,0.173952,1.30811e-05,178.344,0.325459,-0.0165136,-74.8325,1.02665,-0.323457,1.39564,1.85217,0,-24.1214,0.257755,0.689372,8,drone1
1.7045,0.174609,1.21182e-05,177.075,0.179696,-0.0151296,-85.0105,0.99785,-0.122001,0.975941,2.09968,0,-11.7623,0.116575,0.71869,8,drone1
1.70033,0.175338,1.09158e-05,177.686,0.0013531,-0.0220412,-76.2871,0.891845,-0.262826,0.61806,2.20725,0,-2.77509,0.0565613,0.76443,8,drone1
1.70963,0.174628,1.01075e-05,178.074,-0.239549,-0.028115,-68.3145,0.759758,-0.368193,0.9075,2.10378,0,-10.2762,0.0426822,0.881546,8,drone1
1.71985,0.173985,2.13837e-05,176.351,-0.48672,0.0108118,-61.3786,0.6083,-0.430475,1.26137,1.91118,0,-20.6382,0.00982894,1.0345,8,drone1
1.72743,0.173004,9.35507e-06,173.817,-0.708457,-0.0924178,-55.0027,0.442577,-0.453168,1.44677,1.78484,0,-26.2344,-0.079293,1.17078,8,drone1
1.7263,0.172888,9.57538e-06,170.212,-0.88829,-0.167471,-49.1509,0.270511,-0.449398,1.56897,1.69682,0,-29.9359,-0.283153,1.17891,8,drone1
1.71584,0.174484,1.07693e-05,165.276,-1.01008,-0.280493,-52.9266,0.170666,-0.375649,1.5922,1.68438,0,-29.9396,-0.447355,1.16967,8,drone1
1.69917,0.179946,2.0093e-05,160.5,-1.10476,-0.357252,-54.206,0.0389636,-0.456683,1.54439,1.68145,0,-27.3975,-1.41196,0.214015,8,drone1
1.68238,0.18636,1.79258e-05,156.777,-1.17725,-0.477104,-54.1187,-0.135968,-0.633988,1.51639,1.66058,0,-25.5688,-2.29924,-0.240818,8,drone1
1.66557,0.193997,1.55255e-05,153.885,-1.24662,-0.589944,-53.4233,-0.353518,-0.820359,1.39501,1.73724,0,-20.9303,-2.66654,-0.0561151,8,drone1
1.64899,0.20266,9.67774e-06,151.104,-1.30428,-0.725454,-64.3113,-0.470154,-0.985136,0.00382876,2.22124,0,-18.8595,-2.63873,0.889636,9,drone1
1.64928,0.202805,3.66816e-05,149.32,-1.49547,-0.822239,-60.1679,-0.845235,-1.01052,-0.0420264,2.19741,0,-17.3849,-2.14172,1.86736,9,drone1
1.6358,0.211052,2.64605e-05,148.058,-1.5811,-0.948547,-61.7596,-1.10506,-0.916315,-0.15643,2.19127,0,-15.356,-0.796947,2.65064,9,drone1
1.62112,0.220284,2.29374e-05,146.815,-1.66669,-1.06493,-61.7596,-1.10506,-0.916315,0,0,0,0,0,0,-1,pipuck3
1.62161,0.219832,2.47419e-05,146.508,-1.84881,-1.2011,-61.7596,-1.10506,-0.916315,0,0,0,0,0,0,-1,pipuck3
1.6216,0.219824,3.04124e-05,146.483,-1.8077,-1.15934,-61.7596,-1.10506,-0.916315,0,0,0,0,0,0,-1,pipuck3
1.6216,0.219818,2.48321e-05,146.478,-1.64483,-1.05916,-61.7596,-1.10506,-0.916315,0,0,0,0,0,0,-1,pipuck3
1.6216,0.219816,2.07157e-05,146.48,-1.49038,-0.961468,-61.7596,-1.10506,-0.916315,0,0,0,0,0,0,-1,pipuck3
1.6216,0.219815,1.78621e-05,146.482,-1.34344,-0.866389,-61.7596,-1.10506,-0.916315,0,0,0,0,0,0,-1,pipuck3
1.6216,0.219813,1.58165e-05,146.485,-1.20296,-0.774282,-61.7596,-1.10506,-0.916315,0,0,0,0,0,0,-1,pipuck3
1.62159,0.219812,1.42587e-05,146.487,-1.06807,-0.685281,-61.7596,-1.10506,-0.916315,0,0,0,0,0,0,-1,pipuck3
1.62159,0.21981,1.30126e-05,146.489,-0.938091,-0.599296,-61.7596,-1.10506,-0.916315,0,0,0,0,0,0,-1,pipuck3
1.62159,0.219809,1.19907e-05,146.49,-0.812451,-0.516111,-61.7596,-1.10506,-0.916315,0,0,0,0,0,0,-1,pipuck3
1.62159,0.219808,2.28331e-05,146.492,-0.657496,-0.485526,-61.7596,-1.10506,-0.916315,0,0,0,0,0,0,-1,pipuck3
1.6216,0.219804,1.6352e-05,146.494,-0.545159,-0.396982,-61.7596,-1.10506,-0.916315,0,0,0,0,0,0,-1,pipuck3
1.62161,0.2198,1.30092e-05,146.495,-0.430633,-0.31438,-61.7596,-1.10506,-0.916315,0,0,0,0,0,0,-1,pipuck3
1.62162,0.219791,1.11903e-05,146.497,-0.313978,-0.233761,-61.7596,-1.10506,-0.916315,0,0,0,0,0,0,-1,pipuck3
1.62164,0.21978,1.02869e-05,146.5,-0.194132,-0.152952,-61.7596,-1.10506,-0.916315,0,0,0,0,0,0,-1,pipuck3
1.62167,0.219765,9.87262e-06,146.502,-0.0699353,-0.0701392,-61.7596,-1.10506,-0.916315,0,0,0,0,0,0,-1,pipuck3
1.62115,0.220277,1.79109e-05,146.487,0.0447645,0.0433525,-52.7587,-1.2348,-0.732158,0,0,0,0,0,0,-1,drone1
1.63113,0.213791,5.84627e-06,145.351,0.126679,0.101725,-52.0792,-1.24339,-0.717463,-0.0203948,0.0298455,0,0,0,0,-1,drone1
1.64708,0.202212,7.27583e-06,143.331,0.171998,0.145969,-48.1091,-1.1423,-0.489046,-0.577915,-0.0971939,0,-3.3165,1.99532,-0.326373,6,drone1
1.66068,0.191827,8.33842e-06,141.196,0.222883,0.200104,-48.5107,-1.00312,-0.44315,-0.55917,-0.0521451,0,-5.21817,1.28953,-0.70092,6,drone1
1.67575,0.179161,9.0115e-06,139.086,0.261089,0.249244,-50.3552,-0.857784,-0.428552,-0.545328,-0.0637765,0,-2.68084,1.20771,-0.690274,6,drone1
1.68995,0.166555,1.37013e-05,138.026,0.333759,0.264301,-57.1747,-0.677041,-0.484708,-0.527324,-0.0859165,0,1.27353,1.12024,-0.672805,6,drone1
1.6994,0.15813,1.29713e-05,138.121,0.399925,0.325684,-64.756,-0.491273,-0.528194,-0.50039,-0.141412,0,9.15268,0.979143,-0.696652,6,drone1
1.71061,0.148254,1.4291e-05,139.871,0.440438,0.406071,-71.7614,-0.312921,-0.536463,-0.472343,-0.193974,0,16.6397,0.87934,-0.713888,6,drone1
1.72126,0.139618,1.04676e-05,142.598,0.534579,0.431748,-78.5717,-0.147138,-0.510073,-0.447624,-0.222373,0,21.8952,0.824108,-0.679225,6,drone1
1.73122,0.132566,8.01261e-06,147.2,0.650552,0.434121,-84.9739,0.00498852,-0.461169,-0.42756,-0.240356,0,25.9785,0.684124,-0.710769,6,drone1
1.74074,0.126992,3.17077e-05,153.067,0.766479,0.455474,-91.1962,0.144541,-0.394905,-0.418195,-0.241606,0,27.7786,0.534993,-0.741839,6,drone1
1.75115,0.122,1.83985e-05,159.254,0.918526,0.381069,-97.3833,0.270748,-0.309593,-0.416266,-0.233193,0,28.1325,0.430656,-0.768401,6,drone1
1.76008,0.118646,1.69773e-05,166.332,1.07299,0.287993,-103.571,0.383583,-0.216381,-0.416759,-0.221686,0,28.1314,0.23634,-0.776809,6,drone1
1.76701,0.116945,1.59528e-05,174.978,1.2327,0.130668,-109.847,0.484062,-0.115695,-0.421238,-0.205735,0,27.2396,0.0566928,-0.780377,6,drone1
1.77121,0.116795,1.61586e-05,-175.704,1.38151,-0.0834796,-116.361,0.573422,-0.0105228,-0.43072,-0.181166,0,24.8685,-0.134694,-0.774573,6,drone1
1.77214,0.11719,1.72666e-05,-165.831,1.504,-0.359687,-123.155,0.653122,0.0970384,-0.440446,-0.15597,0,22.0644,-0.339482,-0.757547,6,drone1
1.76985,0.116634,1.9044e-05,-154.927,1.57298,-0.714698,-130.257,0.724916,0.205096,-0.448792,-0.13136,0,18.9852,-0.559679,-0.723396,6,drone1
1.76475,0.113558,2.14647e-05,-143.143,1.5554,-1.1417,-137.739,0.788636,0.310305,-0.455275,-0.103409,0,15.1855,-0.788924,-0.641849,6,drone1
1.75769,0.106992,2.05934e-05,-131.753,1.44184,-1.59757,-145.651,0.852357,0.414694,-0.457653,-0.0733928,0,10.8844,-1.04838,-0.596313,6,drone1
1.75021,0.0967797,2.82922e-05,-121.217,1.09402,-1.74795,-153.315,0.918087,0.505258,-0.453704,-0.0516152,0,7.40774,-1.30398,-0.428774,6,drone1
1.74303,0.0827526,2.23849e-05,-111.824,0.71495,-1.72436,-159.455,0.972009,0.566469,-0.444934,-0.035317,0,4.53356,-1.23741,-0.112679,6,drone1
1.73829,0.0679066,1.38717e-05,-103.373,0.380569,-1.64194,-164.118,1.01225,0.594323,-0.432075,-0.0167358,0,1.27742,-1.02898,0.173728,6,drone1
1.73577,0.050824,9.13543e-06,-95.6736,0.154164,-1.51466,-167.555,1.04405,0.589755,-0.417654,0.00658503,0,-2.51505,-0.811857,0.376226,6,drone1
1.73507,0.0316212,1.3156e-05,-88.6477,-0.0180834,-1.37103,-169.904,1.07102,0.5606,-0.399384,0.0331529,0,-6.78068,-0.591198,0.449581,6,drone1
1.73663,0.0120867,2.45567e-05,-82.4003,-0.202155,-1.21547,-171.247,1.09416,0.508992,-0.376704,0.0611461,0,-11.4585,-0.387347,0.466166,6,drone1
1.73958,-0.00567288,1.75697e-05,-77.005,-0.273145,-1.06008,-171.681,1.11185,0.43182,-0.35094,0.0891562,0,-16.3644,-0.213867,0.50275,6,drone1
1.74375,-0.0229272,1.38558e-05,-73.0313,-0.302132,-0.914803,-171.395,1.12127,0.341856,-0.324326,0.115474,0,-21.3246,-0.0422273,0.439331,6,drone1
1.74873,-0.0393139,1.18736e-05,-70.6174,-0.295279,-0.780608,-170.582,1.11925,0.245376,-0.297516,0.13556,0,-25.5824,0.110154,0.366075,6,drone1
1.75413,-0.0552704,1.07669e-05,-69.7206,-0.263061,-0.658587,-169.418,1.10348,0.148945,-0.272683,0.148557,0,-28.8071,0.246927,0.291098,6,drone1
1.75962,-0.0712182,1.00722e-05,-70.1942,-0.216193,-0.546883,-168.649,1.03749,0.0402651,-0.276079,0.137904,0,-26.1813,0.530687,0.686117,6,drone1
1.76525,-0.0882359,9.64819e-06,-71.7158,-0.166281,-0.44581,-167.176,0.99611,-0.0355287,-0.233464,0.152448,0,-31.1589,0.439317,0.129363,6,drone1
1.77009,-0.104857,9.31231e-06,-74.0854,-0.116994,-0.344841,-165.732,0.943585,-0.0983262,-0.216136,0.148278,0,-31.109,0.521421,0.0821158,6,drone1
1.77429,-0.122024,9.08937e-06,-77.1711,-0.0745075,-0.246412,-166.545,0.918805,-0.0107455,-0.20511,0.0892743,0,-28.0776,0.737765,-0.964027,6,drone1
1.77823,-0.140871,8.98788e-06,-80.2654,-0.0448612,-0.155089,-168.413,0.89643,0.132563,-0.191139,0.0564708,0,-25.2928,0.845385,-1.29142,6,drone1
1.78139,-0.160507,8.9467e-06,-82.8062,-0.0266807,-0.0672701,-161.695,0.847114,0.130795,-0.218025,0.871581,0,-22.7994,1.11231,-1.04824,3,drone1
1.78151,-0.168519,8.86196e-06,-86.1176,-0.0127323,0.0762367,-165.859,0.71924,0.269051,-0.209514,0.031559,0,-20.6352,1.56561,-0.388682,6,drone1
1.78233,-0.187383,8.98026e-06,-89.8028,-0.017389,0.166927,-158.661,0.673205,0.138971,-0.263526,0.907568,0,-18.0275,0.706174,0.454151,3,drone1
1.78222,-0.197075,9.16029e-06,-93.7056,-0.0373295,0.299226,-151.814,0.605036,0.0330872,-0.189604,0.915862,0,-21.5396,0.732383,0.434103,3,drone1
1.78157,-0.207755,9.41946e-06,-98.8363,-0.0836141,0.42185,-145.262,0.516724,-0.0477163,-0.133565,0.920293,0,-24.4834,0.782437,0.455533,3,drone1
1.77974,-0.219007,2.04047e-06,-105.342,-0.148681,0.533961,-138.852,0.414347,-0.104463,-0.101388,0.918092,0,-25.9049,0.803109,0.49755,3,drone1
1.7756,-0.230716,1.43511e-05,-112.522,-0.281442,0.61032,-132.927,0.355414,-0.13051,-0.140389,0.893806,0,-23.2302,0.516615,0.123387,3,drone1
1.76941,-0.243996,1.99834e-05,-120.156,-0.360041,0.691675,-127.774,0.238507,-0.145499,-0.10461,0.900493,0,-24.5548,0.783754,0.663585,3,drone1
1.76048,-0.257135,1.7018e-05,-127.72,-0.515172,0.714059,-123.832,0.126072,-0.133711,-0.133533,0.884406,0,-22.0731,0.773988,0.675257,3,drone1
1.74944,-0.269848,1.717e-05,-134.809,-0.667872,0.712757,-121.033,0.0189187,-0.111709,-0.179518,0.861586,0,-18.4499,0.701648,0.726813,3,drone1
1.73669,-0.281494,1.42744e-05,-140.337,-0.811707,0.700697,-119.192,-0.0835399,-0.0865183,-0.233843,0.831948,0,-14.1594,0.637887,0.762014,3,drone1
1.72235,-0.292486,1.37425e-05,-144.348,-0.93654,0.695025,-118.075,-0.183005,-0.0633699,-0.277755,0.800541,0,-10.4702,0.579781,0.791589,3,drone1
1.70704,-0.303073,7.66317e-06,-147.488,-1.06786,0.67457,-117.476,-0.280607,-0.0439524,-0.30881,0.769859,0,-7.57663,0.53777,0.80975,3,drone1
1.69095,-0.312852,2.89773e-05,-149.916,-1.15254,0.721876,-117.273,-0.37755,-0.0317629,-0.333455,0.739242,0,-5.03426,0.489443,0.834649,3,drone1
1.67413,-0.322216,2.20961e-05,-151.948,-1.27011,0.711683,-119.647,-0.472363,-0.0345716,-0.35295,0.709203,0,-2.80812,0.520671,0.817288,3,drone1
1.65834,-0.330189,1.95101e-05,-152.94,-1.38052,0.731529,-126.544,-0.56142,-0.0861391,-0.396571,0.663457,0,1.59839,0.542643,0.803032,3,drone1
1.64586,-0.336517,2.66823e-05,-152.222,-1.51242,0.756428,-134.595,-0.641563,-0.168755,-0.473414,0.588509,0,9.48673,0.680776,0.719889,3,drone1
1.63323,-0.343589,2.41379e-05,-150.132,-1.59387,0.883513,-141.914,-0.714723,-0.267519,-0.534986,0.513181,0,16.8189,0.825833,0.635239,3,drone1
1.62234,-0.350085,2.35755e-05,-146.156,-1.6436,1.07495,-148.069,-0.78459,-0.364497,-0.56824,0.45326,0,22.0478,1.01244,0.476543,3,drone1
1.61159,-0.357994,2.44872e-05,-140.123,-1.63031,1.33487,-144.66,-0.911956,-0.337986,-0.574693,0.424061,0,24.2285,1.17372,0.316028,3,drone1
1.59933,-0.369113,3.5489e-05,-134.605,-1.54159,1.60378,-146.576,-1.12608,-0.501535,-0.519773,0.540354,0,14.9198,1.52958,2.07742,3,drone1
1.58665,-0.382792,3.0201e-05,-129.973,-1.36047,1.67014,-146.135,-1.23333,-0.470221,-0.441139,0.523967,0,11.1857,1.20493,0.143636,3,drone1
1.57504,-0.397532,2.05895e-05,-125.826,-1.19317,1.62662,-140.615,-1.29746,-0.35022,-0.365648,0.528679,0,9.99029,0.385816,-0.0209663,3,drone1
1.56593,-0.411055,1.80316e-05,-122.853,-1.04127,1.58824,-137.431,-1.38695,-0.232572,-0.266535,0.592918,0,-3.55307,0.770043,0.17867,3,drone1
1.55754,-0.424483,3.08977e-05,-121.806,-0.908222,1.54323,-133.312,-1.53422,-0.086846,-0.29072,0.58246,0,-2.88815,1.22569,0.643494,3,drone1
1.5488,-0.438497,2.38004e-05,-121.518,-0.855998,1.45213,-128.797,-1.56185,0.0912707,-0.123437,0.609829,0,-14.8723,0.273971,0.0795314,3,drone1
1.54121,-0.450972,1.10291e-05,-122.173,-0.853786,1.34626,-124.101,-1.5589,0.269718,-0.0617112,0.605053,0,-19.6722,0.0357682,0.116857,3,drone1
1.53233,-0.464847,1.22976e-05,-123.864,-0.844403,1.23986,-120.257,-1.62604,0.377048,-0.0814111,0.618645,0,-17.5589,0.0258959,1.0558,3,drone1
1.52301,-0.478253,1.34917e-05,-126.933,-0.859402,1.11926,-116.915,-1.58,0.505493,0.0204239,0.581848,0,-25.8594,-0.389484,0.0690077,3,drone1
1.5127,-0.491194,1.38644e-05,-131.099,-0.884321,0.988401,-115.343,-1.53668,0.567706,0.0311233,0.56747,0,-26.1297,-0.531388,0.0674491,3,drone1
1.5002,-0.504516,1.36589e-05,-135.528,-0.895897,0.854755,-112.547,-1.47378,0.713695,-0.00918931,0.540374,0,-23.3414,0.0537501,-0.132861,3,drone1
1.48732,-0.516296,1.32457e-05,-140.005,-0.898669,0.730363,-109.875,-1.40037,0.763027,0.00510572,0.537242,0,-21.9012,-0.758448,0.0450243,3,drone1
1.47329,-0.527191,1.27424e-05,-144.758,-0.892772,0.60851,-115.579,-1.42996,0.589348,-0.00514887,0.520986,0,-20.097,-0.810201,0.0195816,3,drone1
1.45969,-0.536495,1.2286e-05,-148.246,-0.870867,0.517531,-121.894,-1.44442,0.390367,-0.0911431,0.495743,0,-9.64654,-0.695606,-0.0719823,3,drone1
1.44615,-0.544865,1.18807e-05,-149.518,-0.828689,0.466537,-127.78,-1.4321,0.200044,-0.164818,0.459418,0,0.15156,-0.574895,-0.169665,3,drone1
1.43245,-0.553109,1.15221e-05,-148.973,-0.772714,0.443414,-136.052,-1.39772,-0.0442871,-0.210707,0.422946,0,7.30435,-0.469817,-0.265633,3,drone1
1.42213,-0.559785,1.13784e-05,-146.125,-0.716118,0.458705,-143.552,-1.32761,-0.253236,-0.254106,0.379685,0,15.026,-0.351958,-0.389051,3,drone1
1.41226,-0.567009,1.11902e-05,-140.782,-0.640405,0.498988,-150.474,-1.23433,-0.425112,-0.274278,0.350359,0,19.674,-0.250858,-0.490587,3,drone1
1.40096,-0.577326,1.09263e-05,-133.915,-0.541859,0.536402,-155.516,-1.14089,-0.529165,-0.27351,0.336085,0,21.2507,-0.174234,-0.580063,3,drone1
1.39025,-0.589837,1.06659e-05,-126.709,-0.438602,0.557672,-158.661,-1.06195,-0.57186,-0.249172,0.337377,0,19.4245,-0.139219,-0.63986,3,drone1
1.3809,-0.60413,1.03985e-05,-120.575,-0.349121,0.555125,-159.679,-1.00728,-0.558284,-0.209744,0.347145,0,15.3625,-0.132117,-0.662378,3,drone1
1.37257,-0.620099,1.0186e-05,-116.114,-0.280352,0.530473,-157.174,-0.98929,-0.473381,-0.16222,0.357788,0,10.2469,-0.145679,-0.647402,3,drone1
1.36554,-0.636112,9.99604e-06,-113.327,-0.233985,0.49654,-150.754,-0.994738,-0.31724,-0.10121,0.367405,0,3.2822,-0.18357,-0.589698,3,drone1
1.36086,-0.648657,9.89424e-06,-112.662,-0.216864,0.472064,-141.461,-0.856705,-0.0274354,-0.0436995,0.305851,0,2.88421,-0.932674,-1.96721,3,drone1
1.35645,-0.659747,7.64601e-06,-114.495,-0.220233,0.450153,-134.048,-0.819508,0.10542,0.0492547,0.361198,0,-15.8769,-0.253049,-0.235889,3,drone1
1.35291,-0.66733,3.97573e-06,-117.95,-0.228198,0.443733,-127.193,-0.76704,0.217634,0.0928489,0.346548,0,-21.4555,-0.300151,-0.163901,3,drone1
1.34758,-0.675555,8.26031e-06,-123.899,-0.261119,0.415694,-120.678,-0.705085,0.312096,0.118619,0.334031,0,-24.8538,-0.322291,-0.103245,3,drone1
1.34069,-0.684217,9.58069e-06,-132.561,-0.30918,0.363108,-114.22,-0.635739,0.388723,0.127055,0.324504,0,-25.4187,-0.35659,-0.05016,3,drone1
1.33176,-0.692508,9.84328e-06,-142.502,-0.351751,0.293234,-107.541,-0.560467,0.447626,0.119736,0.319409,0,-23.2142,-0.395946,-0.0105942,3,drone1
1.32014,-0.699969,9.76321e-06,-151.988,-0.372532,0.219145,-101.948,-0.493753,0.476614,0.106129,0.314485,0,-19.9522,-0.433619,0.0132505,3,drone1
1.3057,-0.706175,9.62074e-06,-160.434,-0.3691,0.150711,-97.662,-0.441408,0.480516,0.0885059,0.307731,0,-16.0596,-0.455696,0.0158754,3,drone1
1.28943,-0.710543,9.50239e-06,-167.784,-0.348539,0.0942311,-94.4874,-0.402394,0.467472,0.0690601,0.29793,0,-11.8999,-0.459783,0.000146459,3,drone1
1.27197,-0.713067,9.40514e-06,-174.221,-0.316722,0.0504803,-92.2179,-0.373956,0.443684,0.0493393,0.285454,0,-7.72496,-0.448434,-0.0254817,3,drone1
1.25367,-0.713901,9.31094e-06,-179.984,-0.277346,0.0183884,-90.7301,-0.353467,0.41304,0.0299136,0.270695,0,-3.55838,-0.425916,-0.0563396,3,drone1
1.23481,-0.713201,9.22019e-06,174.872,-0.232991,-0.00255675,-89.9627,-0.338672,0.377878,0.0107242,0.253879,0,0.716114,-0.395899,-0.090197,3,drone1
1.2157,-0.711108,9.14177e-06,170.542,-0.186208,-0.0125205,-89.878,-0.327502,0.339772,-0.00769614,0.235102,0,5.09202,-0.361224,-0.125666,3,drone1
1.19707,-0.707831,9.08504e-06,167.215,-0.141301,-0.0133714,-90.3621,-0.317522,0.300465,-0.0240375,0.214679,0,9.33681,-0.324321,-0.161322,3,drone1
1.17913,-0.70381,9.03599e-06,164.985,-0.0996403,-0.00788482,-91.3055,-0.306964,0.261453,-0.0372039,0.193708,0,13.1481,-0.287694,-0.1936,3,drone1
1.16168,-0.699342,9.00827e-06,163.897,-0.0602717,0.00152675,-92.6125,-0.29463,0.223961,-0.0466825,0.172993,0,16.3204,-0.253319,-0.221441,3,drone1
1.14446,-0.694718,8.99034e-06,163.894,-0.0216917,0.0126473,-97.6231,-0.292043,0.170656,-0.052504,0.152923,0,18.7159,-0.222506,-0.245635,3,drone1
1.12985,-0.691162,8.95902e-06,165.232,0.00469638,0.0199668,-104.25,-0.285152,0.113719,-0.062971,0.130119,0,23.7295,-0.195275,-0.269565,3,drone1
1.1183,-0.689173,8.94826e-06,168.467,0.016357,0.021796,-110.349,-0.268604,0.0657543,-0.0707179,0.109256,0,29.0177,-0.174505,-0.278904,3,drone1
1.10933,-0.688659,8.92171e-06,173.988,0.0155383,0.0197655,-116.16,-0.246465,0.0260508,-0.071676,0.0947284,0,31.8809,-0.155282,-0.270621,3,drone1
1.09989,-0.688566,8.94768e-06,-178.628,0.0169476,0.0176824,-121.943,-0.22167,-0.00652087,-0.0678121,0.0864927,0,32.1719,-0.133768,-0.2496,3,drone1
1.08757,-0.68938,8.92286e-06,-170.092,0.0323536,0.01266,-127.886,-0.195086,-0.0326133,-0.0606478,0.0801797,0,30.571,-0.114866,-0.231608,3,drone1
1.07257,-0.693049,8.89823e-06,-160.936,0.0609675,-0.00204329,-131.484,-0.168472,-0.0436708,-0.0504572,0.0723399,0,27.9779,-0.107027,-0.2254,3,drone1
1.05655,-0.700416,8.95957e-06,-152.632,0.0952599,-0.0289915,-132.315,-0.14318,-0.0416902,-0.0340968,0.0644219,0,22.419,-0.11131,-0.2284,3,drone1
1.04117,-0.709908,8.99887e-06,-146.526,0.127525,-0.0626681,-131.971,-0.117491,-0.0347222,-0.014172,0.0547238,0,14.947,-0.123068,-0.236981,3,drone1
1.02886,-0.718889,9.09441e-06,-142.785,0.147531,-0.0892678,-132.14,-0.0899069,-0.0286591,0.00373343,0.0421516,0,8.49676,-0.136398,-0.246356,3,drone1
1.02015,-0.725607,1.7699e-06,-140.121,0.141955,-0.122966,-133.228,-0.0616805,-0.0242301,0.0163617,0.0303448,0,4.92498,-0.14231,-0.244273,3,drone1
1.01073,-0.733783,5.79994e-06,-137.736,0.148918,-0.150777,-127.237,-0.0374118,-0.0140112,0.0244127,0.0215819,0,3.34887,-0.156747,-0.21516,3,drone1
1.00008,-0.743587,7.86573e-06,-137.017,0.16948,-0.179136,-121.18,-0.0124398,-0.00915242,0.0346207,0.00769344,0,-5.0273,-0.146944,-0.218872,3,drone1
0.989996,-0.752715,8.77615e-06,-138.643,0.196596,-0.196028,-116.091,0.0138527,-0.00961734,0.0427096,-0.00887952,0,-11.8024,-0.135371,-0.236637,3,drone1
0.983913,-0.757589,9.08764e-06,-142.686,0.211826,-0.183902,-114.351,-0.00973725,-0.00338514,0.0247843,-0.00076579,0,-10.7744,0.147936,0.190112,3,drone1
0.985571,-0.75659,9.10128e-06,-146.935,0.188336,-0.144121,-106.647,0.0201835,-0.00522076,0.561863,0.62372,0,-12.9634,-0.128321,-0.276583,4,drone1
0.978619,-0.760247,9.12614e-06,-151.988,0.204423,-0.129214,-99.2889,0.0422924,-0.0115748,0.597928,0.590613,0,-16.4177,-0.0688063,-0.221889,4,drone1
0.967014,-0.765187,9.18764e-06,-159.567,0.245405,-0.110755,-93.7762,0.0621019,-0.0198979,0.622433,0.558318,0,-18.7234,-0.0323469,-0.213319,4,drone1
0.951368,-0.76998,9.28694e-06,-167.521,0.303616,-0.0857742,-94.7503,0.0843203,-0.0227467,0.0530029,-0.0503435,0,-16.6564,-0.00631629,-0.224513,3,drone1
0.962558,-0.768752,8.12125e-06,-174.225,0.223868,-0.0387919,-91.8207,0.13715,0.0133754,0.0389557,-0.0527878,0,-14.9743,0.443593,-0.530072,3,drone1
0.973497,-0.768233,9.14096e-06,-179.921,0.14181,-0.0185325,-90.3585,0.148304,0.00584006,0.0660105,-0.0421429,0,-3.95406,-0.0309236,-0.107582,3,drone1
0.986395,-0.768667,9.22279e-06,174.884,0.0500899,-0.0142078,-90.2349,0.149585,0.00318379,0.068365,-0.0262018,0,0.279129,-0.0241927,-0.0125051,3,drone1
0.999792,-0.769949,9.14704e-06,170.622,-0.0429857,-0.0258168,-89.5271,0.141501,4.30233e-05,0.0696409,-0.00715491,0,5.35087,-0.0231305,0.0820041,3,drone1
1.01234,-0.771947,9.13007e-06,167.561,-0.13074,-0.0476023,-88.6723,0.124754,-0.00320754,0.0691423,0.0106287,0,8.905,-0.0229773,0.169058,3,drone1
0.998024,-0.768144,9.40146e-06,165.607,-0.0863173,-0.0417111,-88.7123,0.100665,-0.00474592,0.0682244,0.0260013,0,11.1109,-0.0248331,0.24348,3,drone1
0.981886,-0.763422,8.97496e-06,164.767,-0.033873,-0.0280152,-78.8556,0.0811417,-0.0233043,0.0668219,0.0135413,0,13.1048,-0.0228491,0.175632,3,drone1
0.9797,-0.763851,8.01024e-06,162.651,-0.0497674,-0.0324848,-77.0895,0.0702843,-0.0255239,0.0645575,-0.0135422,0,4.08852,-0.0196426,0.100819,3,drone1
0.995268,-0.76886,8.79499e-06,159.518,-0.147069,-0.0737164,-73.5541,0.0578478,-0.0292737,0.0652361,-0.01529,0,4.43846,-0.0207633,0.107268,3,drone1
1.00921,-0.774489,9.13275e-06,156.895,-0.235504,-0.120045,-64.1403,0.094437,-0.0599413,0.0723375,-0.019448,0,4.13791,-0.107442,-0.461259,3,drone1
1.00894,-0.775186,9.22363e-06,152.116,-0.250424,-0.152957,-58.7737,0.0541565,-0.0647764,0.0748718,0.00566341,0,-2.75446,-0.117455,0.32149,3,drone1
1.00205,-0.771037,7.60634e-06,145.992,-0.226642,-0.170831,-51.2079,0.0118772,-0.0670087,0.0756125,0.00458911,0,-3.34212,-0.138749,0.301888,3,drone1
0.996167,-0.766818,8.5841e-06,139.345,-0.199978,-0.193939,-44.265,-0.0246386,-0.0628494,0.0709976,-0.00384755,0,-4.78436,-0.142626,0.243795,3,drone1
0.990078,-0.760902,8.98781e-06,131.877,-0.165717,-0.211358,-37.9369,-0.0557104,-0.0552178,0.0662578,-0.00970129,0,-5.08061,-0.147532,0.190791,3,drone1
0.984818,-0.754331,9.11987e-06,124.835,-0.133092,-0.222754,-32.1562,-0.0812308,-0.0459885,0.0601203,-0.0140565,0,-3.94072,-0.142877,0.141032,3,drone1
0.980541,-0.747529,9.15252e-06,118.373,-0.103827,-0.230297,-28.9868,-0.0938242,0.0506994,0.0341294,-0.0102356,0,-2.7901,0.385676,0.838136,3,drone1
0.977954,-0.742945,9.16537e-06,113.294,-0.0857076,-0.2448,-23.8218,-0.103779,0.0502171,0.0477803,-0.0189296,0,0.613305,-0.171655,-0.00265566,3,drone1
0.975678,-0.736808,9.2011e-06,108.857,-0.0666026,-0.251187,-18.9836,-0.113901,0.0500577,0.0431954,-0.0216335,0,0.527516,-0.169271,-0.0190227,3,drone1
0.973905,-0.730822,9.19382e-06,104.188,-0.0466255,-0.258405,-14.4834,-0.123513,0.050179,0.036912,-0.0242284,0,0.126654,-0.159374,-0.0363542,3,drone1
0.972732,-0.72543,9.20461e-06,99.5869,-0.0268828,-0.268023,-10.2313,-0.132801,0.0504269,0.0310081,-0.0259261,0,0.295497,-0.150898,-0.0506432,3,drone1
0.972071,-0.720638,4.78971e-06,95.1127,-0.015766,-0.279099,-6.16666,-0.142146,0.0507617,0.0257884,-0.0269748,0,0.644304,-0.145817,-0.0624459,3,drone1
0.971854,-0.716576,3.01639e-05,90.7248,0.0567135,-0.294293,-2.24974,-0.151887,0.0520859,0.0212039,-0.0275402,0,1.05388,-0.142822,-0.0639696,3,drone1
0.971935,-0.712965,1.59964e-05,86.4239,0.0514728,-0.314405,2.67855,-0.177727,-0.0416516,0.0298963,-0.0359269,0,1.63877,-0.362166,-1.0441,3,drone1
0.972465,-0.707188,1.30665e-05,82.152,0.0709759,-0.326854,6.37281,-0.193962,-0.0314139,0.0134664,-0.0278662,0,0.897292,-0.139341,-0.0157613,3,drone1
0.973001,-0.704509,1.11491e-05,77.9817,0.0972911,-0.352987,9.90003,-0.209583,-0.0214144,0.00796001,-0.0273509,0,1.47503,-0.139168,-0.0289231,3,drone1
0.973645,-0.702253,1.01911e-05,74.1044,0.128392,-0.379475,15.4536,-0.226482,-0.00398048,0.0055751,-0.0268273,0,2.11809,-0.153562,-0.0461861,3,drone1
0.972848,-0.703962,9.87872e-06,69.9824,0.173516,-0.421922,21.7773,-0.243339,0.0173348,0.00253318,-0.0263579,0,0.441989,-0.162563,-0.0804051,3,drone1
0.971555,-0.706421,9.8844e-06,64.9141,0.235741,-0.460582,28.2605,-0.261665,0.0403266,0.00321015,-0.0272928,0,-1.75952,-0.182489,-0.131294,3,drone1
0.970673,-0.707773,1.00207e-05,58.9322,0.311858,-0.482561,34.5997,-0.281837,0.0634465,0.00492682,-0.0288021,0,-3.17409,-0.195153,-0.191545,3,drone1
0.970792,-0.707507,1.01964e-05,52.4929,0.394248,-0.48399,40.594,-0.30368,0.0852547,0.00604533,-0.0298104,0,-3.53103,-0.192055,-0.252188,3,drone1
0.972191,-0.705846,1.03712e-05,46.1009,0.474998,-0.467557,45.8006,-0.327606,0.102971,0.00601763,-0.029644,0,-3.08562,-0.173613,-0.305887,3,drone1
0.974959,-0.703199,1.05336e-05,40.2458,0.547672,-0.439891,49.1817,-0.301161,0.107412,-0.00734139,-0.0322873,0,-1.87998,0.24834,0.0332336,3,drone1
0.978164,-0.700555,1.07067e-05,35.7104,0.609972,-0.416204,51.0037,-0.339091,0.102527,0.0035396,-0.0251025,0,0.574258,-0.165646,-0.404674,3,drone1
0.982027,-0.697725,1.08892e-05,32.9246,0.658337,-0.404716,52.9116,-0.377079,0.0974132,0.0018961,-0.0218691,0,3.28781,-0.156536,-0.405287,3,drone1
0.985204,-0.695675,1.1117e-05,31.1402,0.705568,-0.40509,54.828,-0.414929,0.0931098,-0.000873293,-0.0181972,0,4.16568,-0.14548,-0.404385,3,drone1
0.987652,-0.694217,1.13783e-05,29.5882,0.757578,-0.40927,56.6893,-0.453297,0.0899777,-0.00318382,-0.0151764,0,4.03375,-0.137352,-0.409044,3,drone1
0.989529,-0.69317,1.16849e-05,28.1162,0.814846,-0.414784,58.4903,-0.492752,0.087988,-0.00487748,-0.0128176,0,3.72453,-0.131774,-0.419259,3,drone1
0.990978,-0.692408,1.20409e-05,26.6856,0.877106,-0.420525,60.2367,-0.533716,0.0870734,-0.00610594,-0.0109859,0,3.39582,-0.127547,-0.434026,3,drone1
0.992112,-0.691845,1.24496e-05,25.2826,0.944086,-0.425821,61.9356,-0.576503,0.0871717,-0.00700411,-0.00955329,0,3.0801,-0.123714,-0.452459,3,drone1
0.992993,-0.691433,1.71744e-05,23.8998,0.997327,-0.471397,63.5928,-0.621352,0.08823,-0.00766901,-0.00841991,0,2.78431,-0.119604,-0.473893,3,drone1
0.993804,-0.691009,1.5125e-05,22.5008,1.08125,-0.4711,65.212,-0.668544,0.0946978,-0.00814953,-0.00752565,0,2.51,-0.155129,-0.477767,3,drone1
0.994335,-0.690789,1.56462e-05,21.1034,1.17452,-0.475897,66.8101,-0.718485,0.101115,-0.00863474,-0.00671106,0,2.29003,-0.142776,-0.513647,3,drone1
0.994759,-0.690621,1.58694e-05,19.7327,1.27822,-0.479579,68.3822,-0.772071,0.107958,-0.00889582,-0.00616895,0,2.08966,-0.136801,-0.555112,3,drone1
0.995135,-0.690479,1.64206e-05,18.3837,1.39116,-0.482323,69.9294,-0.829933,0.11518,-0.0090976,-0.00573105,0,1.88865,-0.129943,-0.603079,3,drone1
0.99548,-0.690354,1.7325e-05,17.0505,1.51142,-0.482893,71.4529,-0.892556,0.122877,-0.00926952,-0.0053397,0,1.69079,-0.122381,-0.655669,3,drone1
0.995797,-0.690242,1.84971e-05,15.7225,1.63713,-0.479871,72.9545,-0.960163,0.131155,-0.00942093,-0.00497989,0,1.50087,-0.112913,-0.710493,3,drone1
0.996096,-0.690142,1.98827e-05,14.3974,1.76824,-0.47272,78.9798,-1.05625,0.086525,-0.0351332,-0.0415437,0,1.46304,1.00619,-1.52661,3,drone1
1.00227,-0.688022,2.1182e-05,12.2546,1.88278,-0.427751,79.99,-1.13323,0.104959,-0.00998801,-0.00355687,0,-3.37345,-0.0676095,-0.791111,3,drone1
1.00233,-0.688169,2.29157e-05,9.59372,2.0351,-0.362559,81.204,-1.21184,0.12439,-0.0118024,0.00249414,0,-2.241,-0.038736,-0.818885,3,drone1
1.00132,-0.688394,2.81288e-05,7.33835,2.1825,-0.306309,79.406,-1.37716,0.166137,0.0132199,0.00168748,0,-0.884777,-1.00855,-1.49077,3,drone1
1.00068,-0.688657,2.16307e-05,5.51867,2.07292,-0.215615,81.1855,-1.4562,0.182704,-0.0115826,0.000400378,0,3.25896,0.00358119,-0.858519,3,drone1
1.00012,-0.68869,2.12773e-05,4.01544,1.93392,-0.154159,82.9543,-1.51493,0.198554,-0.0113035,-0.000183998,0,3.29721,0.0886234,-0.666355,3,drone1
0.999777,-0.688695,1.98139e-05,2.53742,1.80039,-0.0985698,84.7027,-1.55299,0.215144,-0.011256,-0.000630579,0,3.02967,0.149046,-0.46426,3,drone1
0.999593,-0.688685,1.82481e-05,1.07977,1.67218,-0.0500898,86.4282,-1.57316,0.231379,-0.0112506,-0.000864428,0,2.75715,0.198176,-0.287456,3,drone1
0.999525,-0.68867,1.68501e-05,-0.36216,1.54923,-0.00856434,88.1294,-1.57796,0.246575,-0.0112674,-0.000935955,0,2.48705,0.235727,-0.133159,3,drone1
0.99954,-0.688657,1.56519e-05,-1.79156,1.43148,0.0265361,90.0092,-1.5592,0.275817,-0.0132686,0.0111131,0,2.2221,0.167894,0.0996469,3,drone1
0.997171,-0.688549,1.4727e-05,-3.22897,1.33054,0.0568643,91.6411,-1.54044,0.285798,-0.0113208,-0.000716637,0,1.77276,0.296416,0.107283,3,drone1
0.997323,-0.688548,1.38345e-05,-4.67079,1.22257,0.0816781,93.2483,-1.5135,0.293749,-0.0113716,-0.00297715,0,1.57551,0.305944,0.196021,3,drone1
0.997958,-0.688597,1.30446e-05,-6.10025,1.11718,0.101153,94.8305,-1.47867,0.299502,-0.0113906,-0.00271126,0,1.40712,0.309533,0.283106,3,drone1
0.998593,-0.688663,1.23592e-05,-7.51879,1.01646,0.115861,96.3897,-1.43711,0.302999,-0.0113668,-0.00195706,0,1.25104,0.308169,0.359081,3,drone1
0.999137,-0.688734,1.17674e-05,-8.92756,0.920587,0.12625,97.9288,-1.39008,0.304236,-0.0113207,-0.00119605,0,1.10667,0.303002,0.422948,3,drone1
0.999589,-0.688804,1.12571e-05,-10.3279,0.829335,0.132692,99.4502,-1.33871,0.303231,-0.0112643,-0.000518687,0,0.972292,0.295023,0.475697,3,drone1
0.999965,-0.688872,1.08184e-05,-11.7217,0.742386,0.135503,100.956,-1.284,0.300014,-0.0112033,7.58898e-05,0,0.846666,0.285059,0.51866,3,drone1
1.00028,-0.688937,1.04425e-05,-13.1106,0.659432,0.134952,102.449,-1.22682,0.294623,-0.0111402,0.000605503,0,0.729152,0.273807,0.553116,3,drone1
1.00055,-0.689,1.01222e-05,-14.4967,0.58019,0.131269,103.931,-1.16791,0.287095,-0.0110764,0.00108776,0,0.619487,0.261862,0.580212,3,drone1
1.00078,-0.68906,9.85137e-06,-15.8819,0.504401,0.124643,105.404,-1.10793,0.277467,-0.0110125,0.00153698,0,0.517499,0.249746,0.600956,3,drone1
1.00097,-0.689118,9.62475e-06,-17.2679,0.431831,0.115231,106.869,-1.04746,0.26577,-0.0109493,0.0019644,0,0.422904,0.237915,0.616233,3,drone1
1.00114,-0.689171,9.43791e-06,-18.6563,0.362265,0.103158,108.33,-0.986985,0.252027,-0.0108874,0.00237886,0,0.33519,0.226778,0.62682,3,drone1
1.00128,-0.689221,9.2871e-06,-20.0488,0.295505,0.0885211,109.788,-0.926969,0.236249,-0.0108274,0.00278753,0,0.253611,0.216705,0.6334,3,drone1
1.0014,-0.689266,9.16918e-06,-21.447,0.231373,0.0713943,111.247,-0.867813,0.218434,-0.0107701,0.00319631,0,0.177241,0.208036,0.63657,3,drone1
1.00149,-0.689305,9.08155e-06,-22.8529,0.169706,0.0518271,112.709,-0.809893,0.198569,-0.0107164,0.00361025,0,0.105047,0.201081,0.636855,3,drone1
1.00156,-0.689338,9.02207e-06,-24.2684,0.110357,0.0298462,114.177,-0.75356,0.176622,-0.0106672,0.00403364,0,0.0359647,0.196129,0.634712,3,drone1
1.00161,-0.689363,8.98906e-06,-25.6961,0.0531965,0.00545595,115.654,-0.699155,0.152551,-0.0106238,0.00447018,0,-0.0310418,0.193438,0.630541,3,drone1
1.00163,-0.689379,8.98123e-06,-27.1388,-0.00188876,-0.0213629,117.145,-0.647013,0.126304,-0.0105875,0.0049229,0,-0.0969393,0.193237,0.624685,3,drone1
1.00164,-0.689384,8.99768e-06,-28.5997,-0.0549918,-0.0506534,118.652,-0.597474,0.0978201,-0.0105598,0.00539411,0,-0.16259,0.195712,0.617441,3,drone1
1.00162,-0.689377,9.03784e-06,-30.0825,-0.106186,-0.0824838,120.18,-0.550886,0.0670411,-0.0105423,0.00588508,0,-0.228714,0.200992,0.609058,3,drone1
1.00158,-0.689357,9.10151e-06,-31.5912,-0.155521,-0.116949,118.42,-0.514023,0.0913778,0.0157776,0.00017251,0,-0.18899,-0.54982,0.126543,3,drone1
0.999763,-0.687881,9.22672e-06,-31.6796,-0.197554,-0.143375,120.334,-0.470666,0.0512878,-0.010916,0.00629505,0,2.94987,0.301255,0.608937,3,drone1
1.00006,-0.688341,9.25826e-06,-31.6926,-0.251009,-0.17625,122.141,-0.432332,0.00801097,-0.0121503,0.00538779,0,1.1002,0.314075,0.601872,3,drone1
1.00039,-0.688632,9.4173e-06,-33.0697,-0.300068,-0.217027,123.777,-0.397765,-0.0391476,-0.0115036,0.00667447,0,-0.719475,0.323265,0.610429,3,drone1
1.00045,-0.688686,9.58511e-06,-34.7128,-0.345437,-0.261376,125.419,-0.367849,-0.0885536,-0.0111751,0.00768352,0,-1.00435,0.334565,0.601878,3,drone1
1.00039,-0.688655,9.77448e-06,-36.4081,-0.388428,-0.308998,127.104,-0.343194,-0.13974,-0.0111232,0.00836766,0,-1.02916,0.348255,0.588367,3,drone1
1.00031,-0.6886,9.99244e-06,-38.1448,-0.429385,-0.360282,128.835,-0.324148,-0.192426,-0.0111666,0.00891017,0,-1.0435,0.362707,0.573862,3,drone1
1.00023,-0.688544,1.02428e-05,-39.9276,-0.46828,-0.415568,130.61,-0.31092,-0.246237,-0.0112433,0.00937415,0,-1.06016,0.376527,0.558905,3,drone1
1.00017,-0.688499,1.05288e-05,-41.7571,-0.504997,-0.475134,132.425,-0.303614,-0.300677,-0.011332,0.00976611,0,-1.07154,0.388527,0.543321,3,drone1
1.00014,-0.688481,1.08542e-05,-43.6303,-0.539391,-0.539229,134.276,-0.302255,-0.355208,-0.0114165,0.0100974,0,-1.07345,0.398413,0.527017,3,drone1
1.00015,-0.688499,1.12233e-05,-45.5423,-0.571292,-0.608065,136.158,-0.306833,-0.409296,-0.0114841,0.0103927,0,-1.06462,0.40651,0.509906,3,drone1
1.0002,-0.688565,1.16406e-05,-47.4875,-0.600498,-0.681823,139.944,-0.278331,-0.445447,-0.00743219,0.0351769,0,-1.3645,-0.00935548,0.805209,3,drone1
0.997906,-0.685902,1.19825e-05,-50.3797,-0.603286,-0.757028,139.429,-0.246752,-0.477489,0.0107196,0.004656,0,-0.862029,-0.025992,0.411001,3,drone1
0.995805,-0.683567,1.24175e-05,-52.1228,-0.619474,-0.82586,141.519,-0.278941,-0.531822,-0.0144421,0.00853004,0,0.5026,0.530727,0.379844,3,drone1
0.996803,-0.684713,1.30447e-05,-53.0404,-0.659437,-0.906477,143.544,-0.31683,-0.583488,-0.0167799,0.00665353,0,0.149432,0.53677,0.362315,3,drone1
0.997902,-0.6862,1.37415e-05,-54.9314,-0.683164,-1.00459,145.473,-0.357142,-0.634214,-0.0155881,0.00807688,0,-0.96394,0.52681,0.386611,3,drone1
0.998738,-0.687451,1.45224e-05,-56.9176,-0.700253,-1.10793,147.389,-0.401143,-0.681196,-0.0141965,0.00928134,0,-1.00586,0.516862,0.373569,3,drone1
0.999385,-0.688506,1.5386e-05,-58.9088,-0.712115,-1.21576,149.302,-0.430882,-0.71333,-0.0130672,0.0101852,0,-0.937845,0.29967,0.36155,3,drone1
0.999901,-0.689426,1.63435e-05,-60.8924,-0.719001,-1.32835,151.214,-0.44083,-0.727157,-0.0120996,0.0109084,0,-0.862396,0.020766,0.326703,3,drone1
1.00032,-0.690244,1.74066e-05,-62.8671,-0.72082,-1.44598,153.123,-0.431775,-0.726638,-0.0112272,0.0114897,0,-0.793404,-0.227116,0.295576,3,drone1
1.00066,-0.690982,1.85882e-05,-64.8322,-0.717389,-1.5689,155.027,-0.404669,-0.715088,-0.0104243,0.0119647,0,-0.729623,-0.44785,0.26562,3,drone1
1.00095,-0.691656,1.99028e-05,-66.7862,-0.708486,-1.69732,156.924,-0.360535,-0.695291,-0.00967556,0.0123559,0,-0.669925,-0.644873,0.235307,3,drone1
1.00118,-0.692278,2.1366e-05,-68.728,-0.693847,-1.83143,158.813,-0.300401,-0.669607,-0.00897056,0.0126797,0,-0.614365,-0.821248,0.203824,3,drone1
1.00137,-0.692858,2.29955e-05,-70.6567,-0.673162,-1.97143,160.694,-0.225268,-0.640034,-0.00830139,0.0129478,0,-0.563021,-0.979699,0.170709,3,drone1
1.00152,-0.693403,2.8215e-05,-72.5704,-0.635574,-2.10805,162.565,-0.136088,-0.608268,-0.00766206,0.0131694,0,-0.515877,-1.12265,0.135643,3,drone1
1.00165,-0.693926,2.24836e-05,-74.4587,-0.543986,-2.01826,164.425,-0.0349613,-0.575008,-0.00704365,0.0133526,0,-0.474176,-1.24281,0.0878269,3,drone1
1.00176,-0.694414,2.18429e-05,-76.3369,-0.444954,-1.91018,166.274,0.0538096,-0.542991,-0.00637958,0.0135188,0,-0.447558,-1.11999,-0.00903638,3,drone1
1.00184,-0.694866,2.03784e-05,-78.2033,-0.357651,-1.80512,168.112,0.129486,-0.511255,-0.00576681,0.0136498,0,-0.418657,-0.986948,-0.104087,3,drone1
1.0019,-0.69529,1.89115e-05,-80.0566,-0.279734,-1.70374,169.94,0.193945,-0.480161,-0.00521027,0.0137512,0,-0.390736,-0.866075,-0.17843,3,drone1
1.00194,-0.695698,1.76345e-05,-81.8963,-0.210081,-1.60624,171.761,0.248725,-0.449924,-0.00469645,0.0138494,0,-0.366907,-0.756314,-0.236376,3,drone1
1.00198,-0.696095,1.65506e-05,-83.7229,-0.147959,-1.5127,173.58,0.295092,-0.420726,-0.00421245,0.0139623,0,-0.35099,-0.656408,-0.280679,3,drone1
1.002,-0.696486,1.56247e-05,-85.5372,-0.0927453,-1.42314,175.399,0.334093,-0.392738,-0.00374868,0.0141,0,-0.346989,-0.565228,-0.313445,3,drone1
1.00201,-0.696874,1.48247e-05,-87.3409,-0.043846,-1.33755,177.225,0.366597,-0.366116,-0.00329811,0.0142669,0,-0.358455,-0.481806,-0.336463,3,drone1
1.00201,-0.697263,1.41274e-05,-89.1358,-0.000691174,-1.25589,179.06,0.393331,-0.340985,-0.00285522,0.0144638,0,-0.388212,-0.405323,-0.351305,3,drone1
1.00199,-0.697655,1.35167e-05,-90.9247,0.0372661,-1.17813,-179.091,0.414905,-0.317429,-0.00241531,0.0146881,0,-0.438116,-0.335081,-0.359352,3,drone1
1.00196,-0.698051,1.29805e-05,-92.7108,0.0705501,-1.10418,-177.227,0.431839,-0.29549,-0.00197417,0.0149354,0,-0.508723,-0.270484,-0.361808,3,drone1
1.00192,-0.698455,1.25095e-05,-94.4992,0.0996644,-1.03396,-175.346,0.444576,-0.27516,-0.00152811,0.0151999,0,-0.598883,-0.211018,-0.359713,3,drone1
1.00186,-0.69887,1.20957e-05,-96.2962,0.125091,-0.967372,-173.445,0.453501,-0.25639,-0.00107419,0.0154746,0,-0.705373,-0.156244,-0.353959,3,drone1
1.00178,-0.699297,1.17322e-05,-98.1099,0.147287,-0.904282,-171.526,0.458954,-0.239086,-0.000610428,0.0157523,0,-0.822759,-0.105785,-0.345309,3,drone1
1.00168,-0.699738,1.1413e-05,-99.9492,0.166666,-0.844555,-169.586,0.461237,-0.223121,-0.000135874,0.0160262,0,-0.943683,-0.0593192,-0.334408,3,drone1
1.00157,-0.700195,1.11328e-05,-101.823,0.183594,-0.788043,-167.625,0.460627,-0.20834,0.000349477,0.0162898,0,-1.05969,-0.0165735,-0.321801,3,drone1
1.00143,-0.700669,1.0887e-05,-103.738,0.19837,-0.734594,-165.642,0.457383,-0.194564,0.00084507,0.0165376,0,-1.16248,0.0226855,-0.307939,3,drone1
1.00127,-0.701161,1.06713e-05,-105.7,0.211227,-0.684066,-163.637,0.451752,-0.181605,0.00135029,0.0167645,0,-1.24534,0.058656,-0.293193,3,drone1
1.00108,-0.701672,1.04822e-05,-107.71,0.222344,-0.636329,-161.608,0.443974,-0.169267,0.00186494,0.0169658,0,-1.30423,0.0915064,-0.277866,3,drone1
1.00088,-0.702203,1.03164e-05,-109.767,0.231854,-0.591269,-159.555,0.434289,-0.157355,0.00238944,0.0171365,0,-1.33816,0.121381,-0.2622,3,drone1
1.00065,-0.702753,1.01712e-05,-111.866,0.239871,-0.548785,-156.416,0.377547,-0.192277,-0.0125907,0.0319503,0,-1.4363,0.402239,0.265428,3,drone1
0.998617,-0.707106,1.01215e-05,-114.367,0.258025,-0.525502,-154.424,0.367864,-0.174251,0.00379032,0.0173048,0,-2.40212,0.153982,-0.288237,3,drone1
0.99848,-0.707545,1.00079e-05,-116.979,0.267297,-0.48488,-152.373,0.358899,-0.156679,0.00795558,0.0155267,0,-1.90655,0.158938,-0.276635,3,drone1
0.998588,-0.707378,9.88594e-06,-119.282,0.270527,-0.445171,-150.225,0.348516,-0.139626,0.00824314,0.0157491,0,-1.35724,0.182081,-0.256919,3,drone1
0.998603,-0.707336,9.78653e-06,-121.524,0.272076,-0.40873,-148.033,0.336734,-0.122942,0.00803548,0.0161433,0,-1.21334,0.205588,-0.234832,3,drone1
0.998502,-0.707477,9.70336e-06,-123.784,0.273033,-0.375341,-145.819,0.323935,-0.106405,0.0079793,0.0164036,0,-1.17362,0.225594,-0.213692,3,drone1
0.998298,-0.707756,9.63248e-06,-126.068,0.273556,-0.344643,-143.591,0.310497,-0.0898199,0.00810431,0.0165176,0,-1.13628,0.241997,-0.194153,3,drone1
0.998007,-0.708129,9.57167e-06,-128.368,0.273676,-0.31635,-141.356,0.296751,-0.0730398,0.00836239,0.0165026,0,-1.08742,0.255259,-0.176177,3,drone1
0.997643,-0.708566,9.51937e-06,-130.676,0.273437,-0.29023,-139.116,0.282982,-0.055957,0.00871245,0.0163739,0,-1.02982,0.265837,-0.159657,3,drone1
0.997216,-0.709039,9.47429e-06,-132.986,0.272894,-0.266084,-136.877,0.269429,-0.0384937,0.00912342,0.0161463,0,-0.966825,0.274213,-0.144477,3,drone1
0.996737,-0.709529,9.43539e-06,-135.292,0.27211,-0.243736,-134.641,0.256292,-0.0205927,0.00957093,0.015836,0,-0.901077,0.280839,-0.130553,3,drone1
0.996216,-0.710023,9.4018e-06,-137.59,0.271155,-0.223031,-132.411,0.243734,-0.00221186,0.0100365,0.0154571,0,-0.834816,0.286097,-0.117815,3,drone1
0.995661,-0.710509,9.3728e-06,-139.877,0.2701,-0.203826,-130.189,0.231897,0.0166812,0.0105062,0.0150214,0,-0.769742,0.290313,-0.106206,3,drone1
0.995078,-0.710979,9.34783e-06,-142.151,0.269017,-0.185991,-127.977,0.2209,0.0361122,0.01097,0.0145395,0,-0.707013,0.293767,-0.0956788,3,drone1
0.994474,-0.711429,9.32639e-06,-144.41,0.267977,-0.169406,-125.776,0.210847,0.0561027,0.0114202,0.0140199,0,-0.647385,0.296704,-0.0861917,3,drone1
0.993854,-0.711854,9.30809e-06,-146.652,0.267048,-0.153955,-123.588,0.201832,0.0766724,0.0118515,0.0134702,0,-0.591317,0.299336,-0.0777065,3,drone1
0.993221,-0.712252,9.2926e-06,-148.877,0.266293,-0.139529,-121.412,0.193941,0.0978398,0.0122599,0.0128968,0,-0.539051,0.301853,-0.0701868,3,drone1
0.992581,-0.712621,9.27965e-06,-151.084,0.265772,-0.126023,-119.251,0.187251,0.119624,0.012643,0.0123051,0,-0.490678,0.304421,-0.0635975,3,drone1
0.991935,-0.712961,9.269e-06,-153.274,0.26554,-0.113338,-117.103,0.181841,0.142043,0.012999,0.0116994,0,-0.446178,0.307191,-0.0579035,3,drone1
0.991286,-0.713271,9.26049e-06,-155.444,0.265649,-0.101375,-114.97,0.177786,0.165118,0.0133269,0.0110838,0,-0.405459,0.310298,-0.0530699,3,drone1
0.990637,-0.713551,9.25396e-06,-157.597,0.266142,-0.0900389,-112.852,0.175159,0.188869,0.0136265,0.0104614,0,-0.368379,0.313866,-0.049061,3,drone1
0.98999,-0.713802,9.2493e-06,-159.731,0.267064,-0.0792376,-110.749,0.174039,0.213318,0.0138975,0.00983487,0,-0.334772,0.318008,-0.0458408,3,drone1
0.989345,-0.714025,9.24641e-06,-161.846,0.268448,-0.0688802,-108.661,0.174504,0.238486,0.0141403,0.00920658,0,-0.304457,0.322829,-0.0433728,3,drone1
0.988705,-0.71422,9.24525e-06,-163.944,0.27033,-0.0588779,-106.588,0.176636,0.264396,0.0143553,0.00857845,0,-0.277254,0.328426,-0.0416201,3,drone1
0.98807,-0.714388,9.24577e-06,-166.023,0.272736,-0.049143,-104.531,0.180523,0.29107,0.0145431,0.00795216,0,-0.25299,0.334891,-0.0405453,3,drone1
0.987442,-0.71453,9.24796e-06,-168.084,0.275693,-0.0395896,-102.489,0.186256,0.318529,0.0147043,0.0073291,0,-0.231509,0.342311,-0.0401108,3,drone1
0.986821,-0.714647,9.25184e-06,-170.128,0.279219,-0.0301325,-100.462,0.193931,0.346797,0.0148398,0.00671051,0,-0.212673,0.35077,-0.0402787,3,drone1
0.986207,-0.71474,9.25745e-06,-172.154,0.283334,-0.0206878,-98.4498,0.203651,0.375893,0.0149502,0.00609742,0,-0.196366,0.360348,-0.0410111,3,drone1
0.985603,-0.71481,9.26486e-06,-174.162,0.288052,-0.0111721,-96.4532,0.215526,0.405836,0.0150364,0.00549077,0,-0.182489,0.371122,-0.0422701,3,drone1
0.985008,-0.714857,9.27415e-06,-176.153,0.293384,-0.00150265,-94.4717,0.229671,0.436646,0.0150991,0.00489134,0,-0.170952,0.383169,-0.044018,3,drone1
0.984422,-0.714883,9.28544e-06,-178.127,0.299337,0.00840322,-92.5054,0.246208,0.468337,0.0151391,0.00429987,0,-0.161663,0.396565,-0.0462175,3,drone1
0.983847,-0.714889,9.29887e-06,179.916,0.30592,0.0186282,-90.5543,0.26527,0.500925,0.0151572,0.003717,0,-0.154497,0.411386,-0.0488325,3,drone1
0.983282,-0.714875,9.3146e-06,177.976,0.313133,0.0292556,-88.6183,0.286993,0.534421,0.015154,0.00314334,0,-0.149278,0.427708,-0.0518283,3,drone1
0.982728,-0.714842,9.33284e-06,176.053,0.320978,0.0403697,-86.6973,0.311525,0.568834,0.0151303,0.00257948,0,-0.145745,0.445607,-0.0551725,3,drone1
0.982186,-0.714791,9.35381e-06,174.145,0.329454,0.0520558,-84.7915,0.339021,0.604171,0.0150867,0.00202597,0,-0.143542,0.465162,-0.0588357,3,drone1
0.981655,-0.714723,9.37774e-06,172.253,0.338554,0.064401,-78.6751,0.472211,0.522021,0.0487273,0.00846361,0,-0.210107,-0.357664,-0.74152,3,drone1
0.97891,-0.713846,9.44814e-06,169.783,0.358408,0.0831033,-77.2144,0.494163,0.567693,0.015019,-0.000211248,0,-4.36627,0.609078,0.0945225,3,drone1
0.978538,-0.7139,9.45743e-06,166.971,0.366424,0.103435,-74.8148,0.540293,0.598958,0.0248569,0.012238,0,-3.66734,0.586135,-0.0467883,3,drone1
0.97516,-0.713014,9.52966e-06,164.35,0.389291,0.127923,-73.2709,0.573315,0.64579,0.0140376,-0.00291522,0,-2.94594,0.656924,0.0488399,3,drone1
0.975169,-0.713132,9.56519e-06,161.928,0.39626,0.148403,-71.6225,0.614225,0.692266,0.0131154,-0.00599799,0,-1.86882,0.682388,0.00154154,3,drone1
0.975634,-0.713351,9.60015e-06,159.84,0.402199,0.167012,-69.8774,0.66127,0.73811,0.0132864,-0.00580584,0,-1.09697,0.705543,-0.0221254,3,drone1
0.975934,-0.713484,9.64385e-06,157.917,0.409869,0.185897,-68.0909,0.713682,0.783558,0.0135111,-0.00525842,0,-0.754009,0.73097,-0.034022,3,drone1
0.976027,-0.713523,9.69548e-06,156.057,0.419221,0.206025,-66.2931,0.771351,0.828781,0.0136255,-0.00492365,0,-0.61832,0.759841,-0.0419757,3,drone1
0.975969,-0.713491,9.75529e-06,154.22,0.429813,0.227774,-64.4966,0.834437,0.873845,0.0136382,-0.00481366,0,-0.557912,0.792301,-0.0491306,3,drone1
0.975813,-0.713406,9.82385e-06,152.391,0.441301,0.251291,-62.7061,0.903191,0.918749,0.0135768,-0.00485893,0,-0.517944,0.82831,-0.056454,3,drone1
0.975591,-0.71328,9.90191e-06,150.571,0.453453,0.276661,-60.9236,0.977891,0.963455,0.0134611,-0.00500382,0,-0.481563,0.867842,-0.0640541,3,drone1
0.975329,-0.713121,9.99031e-06,148.761,0.466103,0.303957,-59.15,1.05882,1.0079,0.0133031,-0.00521272,0,-0.445623,0.910907,-0.0717881,3,drone1
0.975041,-0.712935,1.009e-05,146.962,0.479122,0.333262,-57.3864,1.14626,1.05202,0.0131103,-0.00546278,0,-0.410442,0.957552,-0.0794894,3,drone1
0.974739,-0.712726,1.02021e-05,145.175,0.492399,0.364665,-55.6335,1.24051,1.09568,0.0128884,-0.00573828,0,-0.37669,1.00755,-0.0872675,3,drone1
0.97443,-0.712499,1.03279e-05,143.401,0.505834,0.398264,-53.8946,1.33098,1.12466,0.0126037,-0.0060398,0,-0.344645,0.882964,-0.0858095,3,drone1
0.974127,-0.712261,1.04687e-05,141.642,0.51932,0.434131,-52.169,1.41495,1.13469,0.0123109,-0.00633921,0,-0.311758,0.710267,-0.100222,3,drone1
0.973831,-0.712014,1.06261e-05,139.9,0.532791,0.472371,-50.4535,1.49224,1.12894,0.0120346,-0.00663905,0,-0.280358,0.56501,-0.109407,3,drone1
0.973541,-0.711756,1.08022e-05,138.173,0.546165,0.513134,-48.7461,1.56296,1.11014,0.0117688,-0.00693653,0,-0.255247,0.444184,-0.115425,3,drone1
0.973258,-0.711488,1.0999e-05,136.458,0.559335,0.556585,-47.0457,1.62744,1.08063,0.011508,-0.00723081,0,-0.236551,0.345102,-0.119512,3,drone1
0.972981,-0.71121,1.12191e-05,134.753,0.572183,0.602886,-45.3518,1.68615,1.04246,0.0112481,-0.00752075,0,-0.222557,0.265365,-0.122309,3,drone1
0.972712,-0.710922,1.14651e-05,133.057,0.584587,0.652199,-43.6637,1.7396,0.997388,0.0109864,-0.00780531,0,-0.211887,0.202836,-0.124107,3,drone1
0.972451,-0.710625,1.17399e-05,131.368,0.596416,0.704687,-41.9812,1.78837,0.946939,0.0107206,-0.00808364,0,-0.203548,0.155618,-0.125029,3,drone1
0.972198,-0.710319,1.20471e-05,129.686,0.607529,0.760514,-40.3042,1.83307,0.892426,0.010449,-0.00835496,0,-0.196827,0.122028,-0.125119,3,drone1
0.971954,-0.710005,1.23903e-05,128.01,0.617777,0.819844,-38.6327,1.87431,0.834974,0.0101706,-0.00861851,0,-0.191204,0.100575,-0.124382,3,drone1
0.97172,-0.709683,1.27737e-05,126.34,0.627001,0.882846,-36.9669,1.91274,0.775538,0.00988464,-0.00887357,0,-0.186313,0.0899428,-0.122802,3,drone1
0.971495,-0.709354,1.32019e-05,124.677,0.635032,0.94969,-35.3068,1.94898,0.714921,0.00959077,-0.00911945,0,-0.181896,0.0889686,-0.120346,3,drone1
0.971281,-0.709019,1.36802e-05,123.02,0.641691,1.02055,-33.6527,1.98365,0.653793,0.009289,-0.00935547,0,-0.17778,0.0966292,-0.116968,3,drone1
0.971078,-0.708678,1.42144e-05,121.369,0.646785,1.0956,-32.0049,2.01738,0.592704,0.00897955,-0.00958104,0,-0.173852,0.112026,-0.11261,3,drone1
0.970886,-0.708333,1.48109e-05,119.725,0.650112,1.17503,-30.3635,2.05077,0.532097,0.0086628,-0.00979562,0,-0.170047,0.134371,-0.107206,3,drone1
0.970706,-0.707984,1.54769e-05,118.088,0.651455,1.25901,-28.7288,2.08441,0.472322,0.00833931,-0.00999874,0,-0.166335,0.162976,-0.100679,3,drone1
0.970537,-0.707632,1.62205e-05,116.457,0.650583,1.34774,-27.1011,2.11888,0.413646,0.00800972,-0.01019,0,-0.162708,0.197244,-0.0929452,3,drone1
0.970381,-0.707278,1.70507e-05,114.835,0.647252,1.44141,-25.4805,2.15473,0.356261,0.00767474,-0.0103692,0,-0.159177,0.236655,-0.0839116,3,drone1
0.970238,-0.706922,1.79775e-05,113.219,0.641201,1.54022,-23.8674,2.19251,0.300298,0.00733511,-0.010536,0,-0.155768,0.280764,-0.0734779,3,drone1
0.970107,-0.706566,1.90122e-05,111.612,0.632152,1.64438,-22.2619,2.23274,0.245831,0.00699161,-0.0106902,0,-0.152513,0.329185,-0.0615356,3,drone1
0.969988,-0.706209,2.01673e-05,110.013,0.619812,1.75409,-20.6643,2.27593,0.192884,0.00664501,-0.0108319,0,-0.149456,0.381593,-0.0479686,3,drone1
0.969882,-0.705853,2.14567e-05,108.423,0.603866,1.86957,-19.0746,2.32258,0.141441,0.00629609,-0.0109609,0,-0.146643,0.437713,-0.0326529,3,drone1
0.969788,-0.705498,2.2896e-05,106.841,0.583982,1.99103,-17.4932,2.37315,0.091448,0.00594558,-0.0110773,0,-0.144128,0.497315,-0.0154562,3,drone1
0.969706,-0.705144,2.51242e-05,105.268,0.558098,2.11737,-15.9201,2.42813,0.0428203,0.00559422,-0.0111813,0,-0.14197,0.560208,0.00376203,3,drone1
0.969635,-0.704785,1.94362e-05,103.716,0.492593,2.05939,-14.3555,2.48778,-0.00442075,0.00524237,-0.0112727,0,-0.140382,0.624931,0.0268851,3,drone1
0.969572,-0.704436,2.06704e-05,102.172,0.406779,1.95919,-7.36295,2.49517,-0.439162,0.0354375,-0.0471503,0,-0.193367,-0.0675888,-1.33749,3,drone1
0.967989,-0.699651,2.05914e-05,99.6462,0.303579,1.89081,-6.34238,2.52011,-0.446533,0.00339718,-0.0119517,0,-5.5772,0.423629,0.579364,3,drone1
0.968177,-0.699511,1.96727e-05,96.5932,0.190185,1.80395,-5.08789,2.53302,-0.460172,-0.00119179,-0.0131483,0,-4.06934,0.309843,0.570915,3,drone1
0.968352,-0.700167,1.86123e-05,93.9007,0.0984486,1.71347,-3.66652,2.53434,-0.476061,-0.000946753,-0.0129677,0,-2.26797,0.193125,0.556264,3,drone1
0.968437,-0.70068,1.7625e-05,91.4265,0.0221497,1.62609,-3.73149,2.48695,-0.404921,-0.00894703,-0.00205728,0,-0.615698,-0.431048,0.737497,3,drone1
0.968473,-0.700823,1.67631e-05,89.249,-0.0385442,1.54399,-1.94932,2.47645,-0.431473,0.00103328,-0.0126303,0,1.5423,0.0558512,0.436186,3,drone1
0.968483,-0.700842,1.60178e-05,87.2969,-0.0875534,1.46674,-0.135612,2.45948,-0.458159,0.00124081,-0.0125722,0,1.93946,-0.0141974,0.432368,3,drone1
0.968493,-0.700736,1.53712e-05,85.4195,-0.130061,1.39461,1.68535,2.43765,-0.484605,0.00127279,-0.0125519,0,2.07925,-0.0690604,0.427083,3,drone1
0.96851,-0.700542,1.48101e-05,83.6103,-0.167037,1.32746,3.50518,2.41236,-0.51069,0.00116312,-0.0125408,0,2.13694,-0.110242,0.418747,3,drone1
0.968541,-0.700288,1.43223e-05,81.8631,-0.199334,1.26515,5.31703,2.38481,-0.53638,0.000951373,-0.0125282,0,2.12735,-0.13932,0.408124,3,drone1
0.968587,-0.699996,1.38979e-05,80.1708,-0.227733,1.2075,7.11538,2.35605,-0.561709,0.000668626,-0.012507,0,2.06351,-0.157672,0.395883,3,drone1
0.968649,-0.699682,1.35289e-05,78.5248,-0.252956,1.15433,8.89597,2.32699,-0.586772,0.000338448,-0.0124729,0,1.95822,-0.166502,0.382584,3,drone1
0.968725,-0.699356,1.32087e-05,76.9158,-0.275659,1.10545,10.6558,2.29841,-0.611722,-2.12168e-05,-0.0124238,0,1.82429,-0.166866,0.368672,3,drone1
0.968814,-0.699026,1.29318e-05,75.335,-0.296424,1.06065,12.3932,2.27097,-0.636761,-0.000396701,-0.0123595,0,1.67395,-0.159692,0.354494,3,drone1
0.968914,-0.698698,1.26934e-05,73.7748,-0.315749,1.01975,14.1076,2.24522,-0.662132,-0.00077783,-0.0122811,0,1.51784,-0.145796,0.340327,3,drone1
0.969023,-0.698376,1.24897e-05,72.2295,-0.334057,0.98255,15.7993,2.22165,-0.688118,-0.00115743,-0.0121903,0,1.36413,-0.125895,0.326404,3,drone1
0.96914,-0.69806,1.23173e-05,70.6949,-0.351705,0.948872,17.4693,2.20064,-0.715023,-0.0015309,-0.012089,0,1.2183,-0.100616,0.312931,3,drone1
0.969263,-0.697753,1.21733e-05,69.1688,-0.369002,0.918548,19.1191,2.18252,-0.743169,-0.00189568,-0.011979,0,1.08334,-0.0705056,0.3001,3,drone1
0.969392,-0.697454,1.20555e-05,67.6498,-0.38622,0.891421,20.75,2.16755,-0.772889,-0.00225071,-0.0118616,0,0.960319,-0.0360395,0.288091,3,drone1
0.969526,-0.697164,1.19619e-05,66.1371,-0.40361,0.867339,22.3637,2.15594,-0.804523,-0.00259586,-0.0117379,0,0.849112,0.00237065,0.277068,3,drone1
0.969665,-0.696882,1.1891e-05,64.6302,-0.421407,0.846155,23.9616,2.14786,-0.83841,-0.00293154,-0.0116085,0,0.748958,0.0443701,0.267177,3,drone1
0.969808,-0.696608,1.18416e-05,63.1287,-0.439834,0.827724,24.0323,2.1573,-0.818185,-0.00121342,0.00912859,0,0.715335,0.00543295,0.223005,3,drone1
0.969516,-0.696803,1.18053e-05,62.2326,-0.449215,0.814039,25.7492,2.15653,-0.863173,-0.00326986,-0.0113859,0,2.08838,0.154956,0.19014,3,drone1
0.969868,-0.696402,1.17771e-05,61.4257,-0.460302,0.807126,27.4059,2.15968,-0.910421,-0.00325466,-0.0116413,0,1.26915,0.202664,0.205286,3,drone1
0.970137,-0.696014,1.18042e-05,60.0778,-0.480525,0.798401,28.9631,2.168,-0.958742,-0.00386398,-0.0112716,0,0.421128,0.256444,0.226753,3,drone1
0.970317,-0.695736,1.18384e-05,58.606,-0.503675,0.790376,30.492,2.18053,-1.01028,-0.00432895,-0.0110058,0,0.213509,0.312433,0.231043,3,drone1
0.970471,-0.695505,1.18886e-05,57.1209,-0.528538,0.784094,32.0121,2.19693,-1.06591,-0.00465534,-0.0108345,0,0.158337,0.37034,0.231795,3,drone1
0.970624,-0.695287,1.19587e-05,55.6384,-0.555181,0.779716,33.5266,2.21712,-1.12609,-0.00493266,-0.0106908,0,0.125517,0.430451,0.23328,3,drone1
0.970783,-0.695074,1.20502e-05,54.1585,-0.583824,0.777154,35.0365,2.24104,-1.19121,-0.0051993,-0.0105494,0,0.095876,0.492883,0.236279,3,drone1
0.970948,-0.694863,1.21643e-05,52.6806,-0.614674,0.776265,36.541,2.25648,-1.25205,-0.0054657,-0.0103917,0,0.068589,0.403108,0.249367,3,drone1
0.971118,-0.694658,1.23024e-05,51.2046,-0.647913,0.776903,38.0372,2.25833,-1.30521,-0.00571167,-0.0102107,0,0.0443728,0.252238,0.250828,3,drone1
0.971293,-0.694457,1.2466e-05,49.7323,-0.683709,0.778943,39.5247,2.2495,-1.35082,-0.00593063,-0.0100293,0,0.0262689,0.126026,0.256786,3,drone1
0.971475,-0.694258,1.26572e-05,48.2656,-0.722241,0.782282,41.003,2.23253,-1.38919,-0.00612804,-0.00984637,0,0.0130138,0.021467,0.266112,3,drone1
0.971666,-0.694059,1.28786e-05,46.8058,-0.763696,0.786803,42.4716,2.2096,-1.42076,-0.00631145,-0.00965815,0,0.00310094,-0.0640982,0.277993,3,drone1
0.971867,-0.693861,1.31329e-05,45.3538,-0.808263,0.792378,43.9301,2.1826,-1.44605,-0.00648606,-0.00946225,0,-0.00411134,-0.133045,0.291976,3,drone1
0.972077,-0.693664,1.34232e-05,43.9103,-0.856129,0.798873,45.3783,2.15317,-1.46562,-0.00665482,-0.00925769,0,-0.00915358,-0.187496,0.307851,3,drone1
0.972295,-0.693469,1.37531e-05,42.476,-0.907486,0.806147,46.8159,2.12274,-1.48005,-0.0068192,-0.00904444,0,-0.0125152,-0.229342,0.325534,3,drone1
0.972522,-0.693278,1.41267e-05,41.0514,-0.96253,0.814056,48.243,2.0925,-1.48995,-0.00697972,-0.00882306,0,-0.0146236,-0.260268,0.344997,3,drone1
0.972754,-0.693091,1.45485e-05,39.6367,-1.02146,0.82245,49.6596,2.06352,-1.49589,-0.00713638,-0.00859449,0,-0.0158364,-0.281773,0.366237,3,drone1
0.972992,-0.692911,1.50238e-05,38.2321,-1.08449,0.831175,51.0657,2.03668,-1.49847,-0.00728889,-0.00835982,0,-0.0164436,-0.295189,0.389267,3,drone1
0.973233,-0.692737,1.55582e-05,36.8377,-1.15184,0.840069,52.4615,2.01276,-1.49823,-0.00743685,-0.00812022,0,-0.0166749,-0.3017,0.414105,3,drone1
0.973478,-0.692571,1.61584e-05,35.4534,-1.22373,0.848966,53.8472,1.99239,-1.49572,-0.00757983,-0.00787681,0,-0.0167082,-0.302356,0.440779,3,drone1
0.973724,-0.692413,1.68317e-05,34.0791,-1.3004,0.857692,55.223,1.97614,-1.49145,-0.00771748,-0.00763065,0,-0.0166778,-0.298091,0.469324,3,drone1
0.973971,-0.692263,1.75863e-05,32.7147,-1.38208,0.866062,56.5892,1.96447,-1.48593,-0.00784946,-0.0073827,0,-0.0166829,-0.289735,0.499781,3,drone1
0.974218,-0.692122,1.84315e-05,31.36,-1.46904,0.873885,57.9461,1.95777,-1.4796,-0.00797555,-0.00713381,0,-0.0167941,-0.278024,0.5322,3,drone1
0.974465,-0.69199,1.93775e-05,30.0147,-1.56154,0.880957,59.2938,1.95639,-1.47292,-0.00809559,-0.00688472,0,-0.0170602,-0.263616,0.566635,3,drone1
0.974712,-0.691867,2.0436e-05,28.6785,-1.65985,0.887063,60.6328,1.9606,-1.46628,-0.0082095,-0.00663606,0,-0.0175127,-0.247096,0.603148,3,drone1
