1.69272,-0.181193,5.53539e-06,0,0,-0.0111886,0,0,0,0,0,0,0,0,0,-1,pipuck10
1.69272,-0.181193,7.91351e-06,0,0,-0.0159945,0,0,0,0,0,0,0,0,0,-1,pipuck10
1.69272,-0.181193,8.88486e-06,0,0,-0.0179578,0,0,0,0,0,0,0,0,0,-1,pipuck10
1.69272,-0.181193,9.26229e-06,0,0,-0.0187206,0,0,0,0,0,0,0,0,0,-1,pipuck10
1.69272,-0.181193,9.40043e-06,0,0,-0.0189998,0,0,0,0,0,0,0,0,0,-1,pipuck10
1.69272,-0.181193,9.44705e-06,0,0,-0.019094,0,0,0,0,0,0,0,0,0,-1,pipuck10
1.69272,-0.181193,9.46085e-06,0,0,-0.0191219,0,0,0,0,0,0,0,0,0,-1,pipuck10
1.69272,-0.181193,9.46391e-06,0,0,-0.0191281,0,0,0,0,0,0,0,0,0,-1,pipuck10
1.69272,-0.181193,9.46396e-06,0,0,-0.0191282,0,0,0,0,0,0,0,0,0,-1,pipuck10
1.69272,-0.181193,9.46346e-06,0,0,-0.0191272,0,0,0,0,0,0,0,0,0,-1,pipuck10
1.69272,-0.181193,9.46303e-06,0,0,-0.0191263,0,0,0,0,0,0,0,0,0,-1,pipuck10
1.69272,-0.181193,9.46276e-06,0,0,-0.0191258,0,0,0,0,0,0,0,0,0,-1,pipuck10
1.69272,-0.181193,9.46262e-06,0,0,-0.0191255,0,0,0,0,0,0,0,0,0,-1,pipuck10
1.69272,-0.181193,9.46255e-06,0,0,-0.0191254,0,0,0,0,0,0,0,0,0,-1,pipuck10
1.69272,-0.181193,9.46252e-06,0,0,-0.0191253,0,0,0,0,0,0,0,0,0,-1,pipuck10
1.69272,-0.181193,9.46251e-06,0,0,-0.0191253,0,0,0,0,0,0,0,0,0,-1,pipuck10
1.69272,-0.181193,9.4625e-06,0,0,-0.0191253,0,0,0,0,0,0,0,0,0,-1,pipuck10
1.69272,-0.181193,9.4625e-06,0,0,-0.0191253,0,0,0,0,0,0,0,0,0,-1,pipuck10
1.69272,-0.181193,9.4625e-06,0,0,-0.0191253,0,0,0,0,0,0,0,0,0,-1,pipuck10
1.69272,-0.181193,9.4625e-06,0,0,-0.0191253,0,0,0,0,0,0,0,0,0,-1,pipuck10
1.69272,-0.181193,9.4625e-06,0,0,-0.0191253,0,0,0,0,0,0,0,0,0,-1,pipuck10
1.69272,-0.181193,9.4625e-06,0,0,-0.0191252,0,0,0,0,0,0,0,0,0,-1,pipuck10
1.69272,-0.181193,9.4625e-06,0,0,-0.0191252,0,0,0,0,0,0,0,0,0,-1,pipuck10
1.69272,-0.181193,9.4625e-06,0,0,-0.0191252,0,0,0,0,0,0,0,0,0,-1,pipuck10
1.69272,-0.181193,9.4625e-06,0,0,-0.0191252,0,0,0,0,0,0,0,0,0,-1,pipuck10
1.69272,-0.181193,9.4625e-06,0,0,-0.0191252,0,0,0,0,0,0,0,0,0,-1,pipuck10
1.69272,-0.181193,9.4625e-06,0,0,-0.0191252,0,0,0,0,0,0,0,0,0,-1,pipuck10
1.69272,-0.181193,9.4625e-06,0,0,-0.0191252,0,0,0,0,0,0,0,0,0,-1,pipuck10
1.69272,-0.181193,9.4625e-06,0,0,-0.0191252,0,0,0,0,0,0,0,0,0,-1,pipuck10
1.69272,-0.181193,9.4625e-06,0,0,-0.0191252,0,0,0,0,0,0,0,0,0,-1,pipuck10
1.69272,-0.181193,9.4625e-06,0,0,-0.0191252,0,0,0,0,0,0,0,0,0,-1,pipuck10
1.69272,-0.181193,9.4625e-06,0,0,-0.0191252,0,0,0,0,0,0,0,0,0,-1,pipuck10
1.69272,-0.181193,9.4625e-06,0,0,-0.0191252,0,0,0,0,0,0,0,0,0,-1,pipuck10
1.69272,-0.181193,9.4625e-06,0,0,-0.0191252,0,0,0,0,0,0,0,0,0,-1,pipuck10
1.69272,-0.181193,9.4625e-06,0,0,-0.0191252,0,0,0,0,0,0,0,0,0,-1,pipuck10
1.69272,-0.181193,9.4625e-06,0,0,-0.0191252,0,0,0,0,0,0,0,0,0,-1,pipuck10
1.69272,-0.181193,9.4625e-06,0,0,-0.0191252,0,0,0,0,0,0,0,0,0,-1,pipuck10
1.69272,-0.181193,9.4625e-06,0,0,-0.0191252,0,0,0,0,0,0,0,0,0,-1,pipuck10
1.69272,-0.181193,9.4625e-06,0,0,-0.0191252,-2.54962,0,0,0,0,0,0,0,0,-1,pipuck5
1.67383,-0.181215,9.21971e-06,0.19148,0.0910685,-0.018883,6.45038,0,0,0.0354985,-0.00748833,0,0,0,0,-1,pipuck5
1.6599,-0.181233,9.15365e-06,-0.132495,0.159144,-0.0179709,14.7862,-0.00910222,0.000420488,0.682008,-0.242037,0,-6.64187,-0.0904293,-0.0107738,-1,pipuck5
1.65661,-0.181352,9.14352e-06,-2.24659,0.176698,-0.0113636,5.18843,-0.0170907,0.000558712,0.691184,-0.210946,-0.000111594,-5.97768,-0.0814498,-0.00922556,-1,pipuck3
1.65994,-0.180926,9.06361e-06,-4.11756,0.1622,-0.00651791,13.6504,-0.0241963,0.00341436,0.685469,-0.21912,-0.000211292,-5.37991,-0.0733535,-0.00792117,-1,pipuck3
1.66391,-0.182078,9.12432e-06,-6.12313,0.145283,-0.00282353,4.41005,-0.0394672,0.00198845,1.05848,0.384471,0,-2.40387,-0.151657,-0.0150406,-1,pipuck3
1.66014,-0.179958,9.02762e-06,-6.99866,0.166485,0.00223672,-5.22879,-0.0544031,-0.00310493,1.10027,0.374141,0,-6.38835,-0.151893,-0.00830506,-1,pipuck3
1.65455,-0.178218,9.09697e-06,-3.97321,0.198116,-0.00441158,-12.7651,-0.0706821,-0.0122873,0.916546,0.626922,0,14.6368,-0.169472,0.0284899,-1,pipuck3
1.65007,-0.177838,9.17279e-06,1.77164,0.224445,-0.0251555,-19.7074,-0.0858572,-0.0240819,0.851975,0.698093,0,20.5774,-0.165017,0.058219,-1,pipuck3
1.65257,-0.178245,9.1616e-06,9.40371,0.214848,-0.0540306,-26.3633,-0.10073,-0.0376622,0.823526,0.718384,0,23.4413,-0.165621,0.093627,-1,pipuck3
1.6625,-0.176292,9.04556e-06,18.5566,0.165405,-0.0746137,-30.7228,-0.113885,-0.0481932,0.813313,0.705688,0,24.3213,-0.132692,0.117654,-1,pipuck3
1.67783,-0.16929,8.96791e-06,27.2962,0.0885473,-0.0660298,-30.9384,-0.12518,-0.0490804,0.844982,0.634088,0,21.0098,-0.0759996,0.11296,-1,pipuck3
1.69355,-0.159571,8.94493e-06,33.853,0.0144225,-0.0314467,-30.3951,-0.129987,-0.04497,0.91357,0.496005,0,12.7391,-0.00920984,0.077984,-1,pipuck3
1.70868,-0.148312,8.97845e-06,38.3606,-0.0524555,0.0183886,-31.0667,-0.126487,-0.0411285,0.962421,0.368533,0,4.71759,0.0564776,0.0402728,-1,pipuck3
1.7235,-0.135826,9.04356e-06,41.342,-0.115763,0.0776613,-33.7674,-0.121839,-0.0421628,0.949435,0.349341,6.44e-05,4.24584,0.0506829,0.0364564,-1,drone1
1.73709,-0.123369,9.14272e-06,43.8834,-0.171753,0.139967,-37.0462,-0.11716,-0.0445484,0.937116,0.327236,0.000122827,3.82125,0.0454947,0.032981,-1,drone1
1.74982,-0.110493,9.28986e-06,46.9566,-0.21999,0.208903,-38.1771,-0.193079,-0.0333998,0.320001,-0.166384,1.76546,-38.1209,-0.66028,0.299069,9,drone1
1.74704,-0.113494,5.14666e-06,49.3067,-0.177889,0.222037,-40.571,-0.233132,-0.106062,0.289783,-0.213111,1.76806,-35.3727,-0.642158,-0.550563,9,drone1
1.7349,-0.127964,5.83335e-06,50.8618,-0.115177,0.159851,-43.7551,-0.246724,-0.229687,0.283423,-0.25852,1.76827,-27.7238,-0.695149,-0.998455,8,drone1
1.7224,-0.143498,7.29149e-06,51.6277,-0.052857,0.0904003,-52.7551,-0.207756,-0.265455,0,0,0,0,0,0,8,drone1
1.71504,-0.153324,8.19303e-06,53.6124,-0.0151915,0.0485172,-45.814,-0.238313,-0.238402,0.0312819,-0.00244813,0,0,0,0,8,drone1
1.714,-0.154687,7.06101e-06,55.0572,-0.0130784,0.0436085,-46.1305,-0.19445,-0.24995,-2.90426,0.663442,0,86.8343,0.265019,-0.060899,12,drone1
1.71136,-0.159301,9.18963e-06,57.6688,0.00202051,0.0315314,-46.6143,-0.152519,-0.258491,-2.88102,0.745203,0,85.1604,0.227874,-0.0231201,12,drone1
1.71055,-0.162212,9.29165e-06,65.203,0.0078754,0.0277315,-47.3372,-0.112949,-0.264204,-2.84598,0.864944,0,82.77,0.19047,0.0142898,12,drone1
1.71072,-0.164939,9.16022e-06,77.0335,0.0130277,0.0259271,-48.7092,-0.0716484,-0.261634,-2.73134,1.18088,0,76.2785,0.208138,0.0223251,12,drone1
1.71168,-0.16477,9.24151e-06,92.2415,0.0201674,0.0380349,-51.1881,-0.0296669,-0.251875,-2.45768,1.68627,0,65.2104,0.210671,0.0315131,12,drone1
1.71021,-0.160975,8.99582e-06,109.651,0.0418765,0.0633376,-55.0578,0.012303,-0.232191,-1.98384,2.23308,0,51.3015,0.237205,0.0416715,12,drone1
1.705,-0.15151,8.97759e-06,128.116,0.101425,0.100123,-60.085,0.0472796,-0.202911,-1.49669,2.57597,0,39.7281,0.249018,0.091195,12,drone1
1.69607,-0.143007,9.062e-06,143.94,0.185629,0.112906,-66.162,0.0474001,-0.208582,-0.982097,2.85349,0,29.2295,-0.222153,0.258585,12,drone1
1.68331,-0.136095,9.18847e-06,155.464,0.281093,0.108565,-70.9079,0.0776456,-0.176955,-0.379435,2.94097,0,16.7789,0.265361,0.00462585,12,drone1
1.66788,-0.130978,9.42644e-06,164.168,0.382876,0.0898329,-75.4502,0.107905,-0.148812,0.0316047,2.95809,0,8.76106,0.231448,-0.0799054,12,drone1
1.65119,-0.127664,7.49658e-06,171.394,0.485484,0.0597401,-82.9011,0.148192,-0.117156,-0.418878,2.88426,0,3.93438,0.198952,-0.168897,10,drone1
1.63493,-0.126208,4.07293e-06,178.264,0.57703,0.023586,-88.866,0.188353,-0.0871969,-0.489329,2.86492,0,5.47844,0.147013,-0.265507,10,drone1
1.6178,-0.126702,8.73661e-06,-174.939,0.67104,-0.0446271,-91.5715,0.221575,-0.0140989,0.208821,2.94284,0,5.55266,0.615704,-0.299275,12,drone1
1.59918,-0.129739,1.06326e-05,-168.691,0.766087,-0.135271,-95.1539,0.262117,-0.000848387,-0.141911,2.86928,0,-1.59815,-0.00600991,-0.401265,10,drone1
1.58108,-0.134595,1.15864e-05,-163.461,0.853948,-0.234446,-97.174,0.309726,0.00769499,0.00297759,2.8542,0,-4.45901,-0.0127946,-0.477303,10,drone1
1.56295,-0.140829,1.8932e-05,-159.365,0.923642,-0.38182,-95.356,0.363463,-0.00483436,0.832806,2.75918,0,-7.14667,-0.0253319,-0.534471,12,drone1
1.54874,-0.146594,1.67441e-05,-156.155,0.994291,-0.467863,-94.8688,0.422822,-0.0277904,0.483689,2.78874,0,-14.0816,-0.0988968,-0.59452,10,drone1
1.53274,-0.154278,1.01741e-05,-154,1.09432,-0.521475,-95.5784,0.487029,-0.0462917,0.715069,2.71336,0,-18.8951,-0.056458,-0.647809,10,drone1
1.516,-0.162912,1.20254e-05,-152.5,1.1909,-0.605651,-101.206,0.55756,-0.0199073,0.77882,2.68174,0,-20.1765,-0.00157555,-0.6945,10,drone1
1.50053,-0.17109,2.30014e-05,-151.024,1.2604,-0.735157,-109.997,0.627281,0.0425695,0.592068,2.71519,0,-16.188,-0.121876,-0.726628,10,drone1
1.48769,-0.178567,2.09767e-05,-148.932,1.33435,-0.834457,-119.375,0.68933,0.125101,0.209501,2.74077,0,-8.05458,-0.314789,-0.706367,10,drone1
1.47506,-0.186815,1.03753e-05,-145.327,1.39275,-0.965867,-127.849,0.74641,0.209936,-0.165741,2.72828,0,-0.0150973,-0.54111,-0.64831,10,drone1
1.46311,-0.19587,1.71499e-05,-140.858,1.41746,-1.13649,-134.884,0.80287,0.285727,-0.414743,2.68658,0,5.12261,-0.736249,-0.55125,10,drone1
1.45116,-0.206553,2.12423e-05,-135.382,1.40133,-1.35694,-140.43,1.04069,0.594579,-0.329967,2.51807,0,4.1427,-0.421527,-3.50953,10,drone1
1.43964,-0.21916,1.73145e-05,-129.509,1.32987,-1.62195,-139.343,1.13521,0.537847,0.155164,2.74434,0,8.56355,-1.05421,-0.111788,12,drone1
1.42831,-0.234259,1.51871e-05,-124.673,1.22135,-1.7639,-136.12,1.2442,0.471459,-0.210229,2.67428,0,1.58038,-0.660127,-0.489449,10,drone1
1.41983,-0.247893,1.79997e-05,-121.454,1.01507,-1.68035,-132.424,1.36386,0.323451,0.218044,2.65854,0,-7.11878,-0.961184,-0.278937,10,drone1
1.41089,-0.262463,2.08469e-05,-119.918,0.912228,-1.54214,-124.636,1.46069,0.0690466,1.15913,2.46357,0,-12.1508,-0.65194,-0.239374,12,drone1
1.4049,-0.273044,1.6385e-05,-119.961,0.816568,-1.38366,-118.015,1.5,-0.172758,0.977822,2.46334,0,-23.8274,-0.260317,-0.285965,10,drone1
1.39887,-0.283155,1.49935e-05,-122.607,0.784315,-1.19436,-112.116,1.48794,-0.391833,1.29381,2.30973,0,-31.0343,0.0998465,-0.236628,10,drone1
1.39181,-0.293166,2.52157e-05,-127.131,0.79036,-0.976296,-106.597,1.43227,-0.583517,1.45601,2.20991,0,-34.8281,0.387328,-0.142332,10,drone1
1.38127,-0.30571,3.68201e-05,-131.968,0.690368,-0.866814,-101.258,1.34422,-0.742681,1.54204,2.15609,0,-36.6176,0.631427,-0.0680634,10,drone1
1.3766,-0.310464,9.66356e-06,-137.108,0.660368,-0.632621,-96.1369,1.22875,-0.874203,1.62592,2.09485,0,-38.7863,0.765689,0.0500752,10,drone1
1.38196,-0.30605,4.41661e-06,-143.045,0.538291,-0.397308,-90.7602,1.06629,-0.968227,1.54889,2.12333,0,-36.2234,0.896907,0.384171,10,drone1
1.39244,-0.298974,1.19237e-05,-150.43,0.358567,-0.17658,-85.5336,0.906155,-1.02617,1.59434,2.1251,0,-37.7182,0.996354,0.352124,10,drone1
1.40066,-0.295181,1.00489e-05,-158.336,0.154918,-0.0397839,-79.8722,0.77748,-1.10964,1.41195,2.20973,0,-33.3717,0.630796,-0.144897,10,drone1
1.40396,-0.295022,1.07452e-05,-168.364,-0.0430875,0.0311981,-74.3028,0.575439,-1.1022,1.46301,2.22543,0,-34.2861,1.01208,0.764447,10,drone1
1.39641,-0.296176,4.11077e-06,179.689,-0.200425,-0.00915833,-68.3936,0.368801,-1.06171,1.32394,2.32611,0,-30.8905,0.932857,0.888125,10,drone1
1.38399,-0.29468,7.10921e-07,167.556,-0.322936,-0.0704001,-61.8211,0.165426,-0.997881,1.05019,2.44877,0,-24.2596,0.782001,0.908308,10,drone1
1.37293,-0.291137,2.32753e-06,155.394,-0.430066,-0.193268,-54.9581,-0.0219837,-0.909938,0.917243,2.49071,0,-21.3591,0.661885,0.889363,10,drone1
1.36256,-0.284878,6.0399e-06,142.999,-0.487607,-0.35495,-60.605,0.0175885,-0.84753,0.790069,2.52284,0,-19.1456,0.29644,0.553436,10,drone1
1.35328,-0.276725,3.55714e-06,132.688,-0.498683,-0.535058,-51.2875,-0.176365,-0.757204,-0.20626,2.62665,0,3.1812,0.436405,0.92453,10,drone1
1.34337,-0.264464,3.15852e-05,124.124,-0.524869,-0.668813,-45.0555,-0.310154,-0.660907,-0.25347,2.60514,0,3.83077,0.242897,0.905146,10,drone1
1.33524,-0.250383,2.02202e-05,115.724,-0.38723,-0.883799,-41.8344,-0.396008,-0.57778,-0.373998,2.57947,0,6.15468,0.126131,0.873507,10,drone1
1.32823,-0.234174,1.87776e-05,107.918,-0.301429,-1.03197,-32.8433,-0.532151,-0.465695,0.0599444,2.66512,0,11.579,-0.0496556,0.803712,12,drone1
1.3242,-0.21913,4.84117e-06,100.542,-0.21854,-1.17081,-28.1081,-0.619362,-0.393997,0.000972983,2.64511,0,12.6433,-0.237668,0.674517,12,drone1
1.322,-0.201028,2.2684e-05,93.5616,-0.0458679,-1.29737,-27.808,-0.66744,-0.373842,-0.0994572,2.64353,0,14.428,-0.272896,0.583583,12,drone1
1.32177,-0.18182,9.11924e-06,86.8651,0.0823921,-1.3998,-32.8469,-0.687394,-0.441192,-0.533979,2.57569,0,23.4444,-0.438423,0.567849,12,drone1
1.32272,-0.167099,1.1829e-05,80.9726,0.231576,-1.51239,-38.4348,-0.698529,-0.531889,-1.01099,2.4379,0,34.1268,-0.424842,0.709363,12,drone1
1.32245,-0.161774,1.44063e-05,77.7722,0.351686,-1.67005,-42.8681,-0.713097,-0.622267,-1.46847,2.18112,0,45.6721,-0.329933,0.914267,12,drone1
1.32202,-0.161036,1.79996e-05,76.798,0.428089,-1.86057,-46.3376,-0.735166,-0.724161,-1.84685,1.87448,0,55.3112,-0.323977,1.09064,12,drone1
1.32118,-0.162061,2.02691e-05,77.7292,0.440575,-2.07853,-49.3884,-0.767443,-0.833243,-1.97362,1.7512,0,59.5002,-0.313663,1.33318,12,drone1
1.32069,-0.163575,3.7724e-05,80.3996,0.317876,-2.15014,-51.9943,-0.809842,-0.948805,-2.41399,0.974454,0,63.9484,-0.244536,1.58901,10,drone1
1.31929,-0.170446,2.69439e-05,83.6336,0.194652,-1.99767,-54.7882,-0.845514,-1.06053,-2.05899,1.67742,0,62.0645,-0.116149,1.72712,12,drone1
1.31889,-0.170096,2.12762e-05,88.2229,0.0348116,-1.81529,-57.7762,-0.847729,-1.15802,-1.86119,0.456974,0,60.1127,0.149761,1.6143,9,drone1
1.31915,-0.17763,1.86234e-05,94.062,-0.137775,-1.665,-60.5472,-0.824122,-1.23742,-2.37416,1.05142,0,62.2729,0.453062,1.50327,10,drone1
1.32017,-0.180565,1.66871e-05,101.075,-0.308996,-1.48005,-64.0402,-0.765151,-1.29481,-2.23562,1.34159,0,55.0439,0.617718,1.33374,10,drone1
1.32086,-0.180154,1.50958e-05,109.886,-0.475291,-1.25854,-67.6601,-0.688749,-1.33023,-2.20138,1.38326,0,53.7689,0.808226,1.22953,10,drone1
1.32027,-0.177991,1.37386e-05,120.516,-0.613687,-1.00393,-71.7082,-0.593302,-1.33951,-2.09244,1.55016,0,49.482,0.972046,1.09114,10,drone1
1.32052,-0.178173,4.97199e-06,131.857,-0.677827,-0.761348,-76.6597,-0.475688,-1.31977,-1.82817,1.86369,0,40.4456,1.08733,0.915599,10,drone1
1.31621,-0.174102,7.73142e-06,143.379,-0.667927,-0.510082,-82.0665,-0.353304,-1.27938,-1.67235,1.99289,0,35.8944,1.1393,0.789754,10,drone1
1.30714,-0.168679,8.77109e-06,154.015,-0.572544,-0.29572,-88.2846,-0.22113,-1.21195,-1.37633,2.20795,0,27.7848,1.20838,0.600273,10,drone1
1.29526,-0.16403,6.56645e-06,163.848,-0.421799,-0.134612,-94.9827,-0.0902069,-1.12715,-1.18434,2.30612,0,22.9908,1.19171,0.42633,10,drone1
1.28244,-0.161469,3.47088e-06,173.715,-0.250946,-0.0209274,-101.98,0.0374765,-1.02781,-1.06215,2.35701,0,20.0044,1.14052,0.22481,10,drone1
1.26868,-0.161184,7.55493e-06,-176.056,-0.0592871,0.0195065,-109.04,0.153728,-0.917326,-1.02269,2.34793,0,19.384,1.0638,0.0724866,10,drone1
1.25412,-0.163347,8.97999e-06,-165.572,0.133346,-0.0155405,-115.999,0.253507,-0.800064,-0.887005,2.39604,0,16.1369,0.945112,-0.065442,10,drone1
1.23866,-0.169117,9.5893e-06,-155.595,0.311362,-0.120646,-120.638,0.36748,-0.774053,-0.681324,2.38943,0,13.6458,-0.189057,-0.246087,10,drone1
1.2231,-0.178068,1.01686e-05,-147.597,0.466147,-0.273678,-123.498,0.40411,-0.672911,-0.560644,2.45029,0,8.93934,0.703734,-0.320827,10,drone1
1.20804,-0.189019,1.09723e-05,-141.875,0.602444,-0.449232,-125.058,0.432903,-0.591771,-0.334029,2.46583,0,3.95532,0.513308,-0.436413,10,drone1
1.19347,-0.201433,1.21085e-05,-137.958,0.730459,-0.63386,-125.042,0.462831,-0.530896,-0.138606,2.44801,0,-0.430045,0.328567,-0.601144,10,drone1
1.17936,-0.214816,1.36065e-05,-135.416,0.858373,-0.820189,-133.057,0.484526,-0.307231,-0.150954,2.39574,0,-0.109548,1.53546,-0.4928,10,drone1
1.16961,-0.224921,1.5289e-05,-132.416,0.947755,-1.0099,-136.943,0.572284,-0.233055,-0.588155,1.66413,0,3.95877,-0.200332,-0.730191,9,drone1
1.15796,-0.238635,1.74257e-05,-128.368,1.01065,-1.24662,-141.422,0.593847,-0.0955164,-0.442485,1.63825,0,-1.25595,0.603618,-0.714943,9,drone1
1.14729,-0.253209,1.9929e-05,-124.14,1.04203,-1.50343,-145.174,0.485317,0.0578061,-0.467133,1.61846,0,-0.146225,1.60087,-0.185063,9,drone1
1.13746,-0.268813,2.28169e-05,-120.121,1.05023,-1.77281,-148.495,0.619915,0.0840794,-0.438295,1.62701,0,-0.249395,-1.14615,-0.781962,9,drone1
1.12861,-0.284969,3.74267e-05,-116.528,1.02603,-1.95624,-150.757,0.763714,0.102473,-0.391067,1.65082,0,-0.97147,-1.27759,-0.738009,9,drone1
1.12037,-0.302301,2.71683e-05,-113.248,0.817642,-1.83003,-149.978,0.908254,0.0891148,-0.373251,1.6221,0,-1.15102,-1.24866,-0.697373,9,drone1
1.11296,-0.31981,2.19033e-05,-110.966,0.667519,-1.67737,-144.055,1.03073,-0.0218876,-0.195073,1.63812,0,-7.08683,-1.00849,-0.593601,9,drone1
1.10714,-0.334057,1.8235e-05,-110.344,0.574918,-1.49105,-136.586,1.10535,-0.182021,0.051924,1.63585,0,-15.3367,-0.623403,-0.595006,9,drone1
1.10256,-0.343436,1.56753e-05,-112.425,0.542425,-1.26332,-130.096,1.13183,-0.341273,0.344957,1.61127,0,-25.1096,-0.24356,-0.569523,9,drone1
1.10092,-0.344168,1.35902e-05,-119.304,0.563598,-0.964271,-124.152,1.11472,-0.485428,0.502333,1.56779,0,-30.5741,0.104611,-0.502821,9,drone1
1.10073,-0.343579,1.204e-05,-131.675,0.586433,-0.62905,-117.991,1.0595,-0.604528,0.42333,1.57945,0,-28.3928,0.399811,-0.43274,9,drone1
1.09884,-0.345152,1.08728e-05,-146.442,0.532238,-0.329466,-111.565,0.967461,-0.701564,0.332723,1.5895,0,-25.7293,0.603791,-0.264232,9,drone1
1.09376,-0.347543,1.00842e-05,-160.392,0.39569,-0.120295,-104.88,0.951626,-0.654372,0.1844,1.50392,0,-23.1085,1.70481,-1.34869,9,drone1
1.08518,-0.34964,9.70796e-06,-174.026,0.222223,-0.00366758,-96.7689,0.802927,-0.726135,-0.143168,1.6166,0,-8.88177,0.76394,0.227668,9,drone1
1.07195,-0.349499,9.55476e-06,172.431,0.0526454,0.0266123,-88.1011,0.634583,-0.769566,-0.295473,1.58404,0,-3.31329,0.778023,0.385489,9,drone1
1.05791,-0.346216,4.0534e-07,159.445,-0.0948313,-0.0362986,-79.325,0.33841,-0.754095,-0.427404,1.58723,0,-0.160774,0.975082,1.74574,9,drone1
1.04397,-0.338934,1.87021e-05,147.145,-0.194658,-0.170154,-72.5983,0.210391,-0.712045,-0.569092,1.49511,0,7.25508,0.65574,0.558229,9,drone1
1.03084,-0.328437,1.17477e-05,136.417,-0.27721,-0.295094,-68.5637,0.126268,-0.65831,-0.668727,1.42889,0,10.8447,0.511528,0.594505,9,drone1
1.01862,-0.315225,1.00851e-05,128.733,-0.326492,-0.436502,-67.6401,0.0788007,-0.602091,-0.829793,1.33099,0,17.4391,0.395737,0.679158,9,drone1
1.00777,-0.300694,1.02057e-05,123.532,-0.362561,-0.578877,-71.9846,0.0875663,-0.477299,-0.999293,1.1895,0,24.8449,0.991261,0.831124,9,drone1
1.00047,-0.289041,4.29692e-06,120.03,-0.424071,-0.725271,-77.494,0.0808049,-0.432695,-1.18992,0.981265,0,34.9018,0.258423,0.812708,9,drone1
0.995296,-0.279036,9.14604e-06,119.034,-0.501163,-0.878485,-82.1031,0.0454323,-0.410841,-1.33148,0.787817,0,43.9056,0.214761,0.988421,9,drone1
0.993292,-0.274397,1.47591e-05,122.203,-0.665955,-1.0195,-86.0702,-0.00677843,-0.408167,-1.41375,0.624354,0,50.3267,0.251765,1.10286,9,drone1
0.99457,-0.275206,1.5823e-05,130.928,-0.968689,-1.08945,-90.4652,0.148795,-0.299539,-1.34647,0.623876,0,46.0579,0.765964,-1.16201,9,drone1
0.999872,-0.280009,1.8168e-05,144.025,-1.40912,-1.00147,-94.5677,0.0307157,-0.303116,-1.41104,0.649752,0,48.9718,0.375169,1.57978,9,drone1
1.00038,-0.280853,2.07369e-05,160.778,-1.86754,-0.633614,-99.4848,-0.108079,-0.321085,-1.30801,0.850668,0,40.823,0.502452,1.76848,9,drone1
0.99777,-0.280982,2.39017e-05,-179.237,-2.20333,0.0457966,-104.81,-0.222625,-0.373027,-1.19451,0.93691,-0.00260043,36.7415,0.396837,1.61324,9,drone1
0.98659,-0.28287,3.08178e-05,-158.962,-1.99509,0.801704,-110.915,-0.375882,-0.380641,-0.812505,1.33076,0,14.8849,0.929508,1.81837,9,drone1
0.972496,-0.291605,2.44245e-05,-141.513,-1.51899,1.23859,-110.548,-0.561024,-0.338535,-0.403123,1.48576,0,-0.50768,1.01263,1.56724,9,drone1
0.960852,-0.303013,2.04424e-05,-129.07,-1.10409,1.39268,-103.712,-0.749856,-0.205654,-0.0695843,1.54539,0,-13.7879,0.842696,1.26969,9,drone1
0.955578,-0.310446,1.92983e-05,-121.403,-0.832253,1.40531,-96.378,-0.842791,0.0872595,0.00474294,1.45916,0,-16.6993,1.79307,0.472158,9,drone1
0.949975,-0.319386,1.67839e-05,-118.384,-0.691483,1.31972,-92.2877,-0.912712,0.240101,0.864196,1.24205,0,-49.112,-0.026037,0.825662,9,drone1
0.947365,-0.323099,1.50785e-05,-119.756,-0.672887,1.21309,-89.2348,-0.95048,0.39193,1.08172,1.04831,0,-59.484,-0.217635,0.655365,9,drone1
0.946074,-0.323977,1.41343e-05,-126.707,-0.766824,1.05749,-85.9245,-0.953847,0.531148,1.0301,1.11746,0,-56.9058,-0.359481,0.483354,9,drone1
0.945282,-0.324823,1.35095e-05,-139.467,-0.92403,0.812901,-82.6186,-0.934511,0.648032,1.03285,1.08971,0,-56.9436,-0.577068,0.343418,9,drone1
0.95092,-0.321561,1.33488e-05,-155.735,-1.08276,0.507386,-78.284,-0.880008,0.75026,0.811887,1.2731,0,-46.6523,-0.598848,0.193558,9,drone1
0.938045,-0.324973,1.24982e-05,-171.04,-1.05441,0.184195,-75.8533,-0.849487,0.780799,0.552207,1.42116,0,-34.9962,-0.745023,0.126076,9,drone1
0.921512,-0.325473,1.17085e-05,175.607,-0.934269,-0.0538083,-74.7607,-0.839283,0.758895,0.195362,1.49486,0,-21.2941,-0.770954,0.0225267,9,drone1
0.904707,-0.323413,1.10466e-05,164.252,-0.778478,-0.200729,-74.9248,-0.847984,0.692372,-0.171827,1.49264,0,-7.18272,-0.758729,-0.0849421,9,drone1
0.887948,-0.317063,1.97595e-05,155.276,-0.598654,-0.316221,-69.8188,-0.778788,0.694535,-0.453157,1.4273,0,2.63177,-0.62945,-0.23181,9,drone1
0.871767,-0.30811,1.32379e-05,147.758,-0.477789,-0.271929,-67.3177,-0.737535,0.64404,-0.594064,1.34432,0,9.18704,-0.626503,-0.40297,9,drone1
0.858752,-0.29885,1.2494e-05,141.423,-0.353929,-0.251592,-68.3058,-0.743149,0.552579,-0.712171,1.27679,0,14.2381,-0.519111,-0.376039,9,drone1
0.847,-0.288815,1.91698e-05,137.16,-0.211439,-0.248126,-73.7005,-0.778225,0.411966,-0.861563,1.16544,0,20.9447,-0.330987,-0.42073,9,drone1
0.837309,-0.279396,1.75634e-05,134.697,-0.183424,-0.135308,-71.0892,-0.729293,0.382121,-1.02836,1.00206,0,29.5607,-0.223082,-0.52307,9,drone1
0.82395,-0.265629,1.27418e-05,133.676,-0.087434,-0.0543754,-77.0925,-0.730715,0.251603,-1.04018,0.980529,0,29.9741,-0.0912617,-0.560058,9,drone1
0.820591,-0.262033,1.66841e-05,134.667,-0.0480835,-0.0145022,-82.6022,-0.705054,0.136008,-1.12025,0.859827,0,34.9085,-0.0328356,-0.620672,9,drone1
0.820115,-0.261658,9.49891e-06,139.843,-0.0220727,0.00650107,-87.7519,-0.661776,0.0398604,-1.17287,0.770851,0,38.5075,0.0351155,-0.63751,9,drone1
0.813444,-0.257113,8.85698e-06,149.382,0.0350465,0.0415758,-93.0805,-0.604672,-0.0419189,0.15368,0.827517,0,36.7168,0.0610678,-0.64306,11,drone1
0.801625,-0.251383,6.24831e-08,160.051,0.135648,0.0492305,-98.9349,-0.530451,-0.0573639,0.236583,0.750452,0,31.457,0.556206,-0.848852,11,drone1
0.787011,-0.247532,6.72049e-06,170.645,0.235375,0.052232,-104.448,-0.460655,-0.110061,0.2808,0.758046,0,27.7743,0.00314077,-0.636133,11,drone1
0.770602,-0.246146,9.02405e-06,-179.137,0.344296,0.0123511,-107.408,-0.385415,-0.126297,0.317184,0.743617,0,24.5425,-0.0321624,-0.695487,11,drone1
0.752527,-0.24819,1.38814e-05,-169.627,0.453967,-0.0558858,-108.212,-0.314825,-0.116976,0.440158,0.650675,0,15.389,-0.0410243,-0.698458,11,drone1
0.734523,-0.253523,1.157e-05,-161.757,0.550672,-0.159079,-106.07,-0.243767,-0.0899981,0.517457,0.594291,0,8.55393,-0.0921321,-0.755002,11,drone1
0.718073,-0.260547,1.09729e-05,-156.096,0.635616,-0.260792,-97.4254,-0.175156,-0.0415228,0.636439,0.438392,0,-3.56006,-0.109595,-0.797088,11,drone1
0.714401,-0.262456,9.61201e-06,-153.795,0.666326,-0.31006,-88.7457,-0.107272,-0.0161926,0.617304,0.430889,0.000449002,-3.20399,-0.100867,-0.717091,11,drone1
0.706589,-0.267021,2.88683e-06,-155.657,0.733624,-0.330136,-89.1898,-0.0299001,-0.0312734,0.263344,1.22824,0,-31.5553,0.0144302,-0.798226,9,drone1
0.689122,-0.274515,9.24603e-06,-158.88,0.855416,-0.344531,-88.2573,0.0468815,-0.0459332,0.229756,1.23545,0,-29.7428,0.031729,-0.797311,9,drone1
0.671982,-0.28046,1.23896e-05,-162.149,0.983983,-0.335781,-84.5843,0.12269,-0.0690118,0.194261,1.22707,0,-27.9551,0.0274428,-0.82112,9,drone1
0.656147,-0.284657,1.36112e-05,-166.087,1.11353,-0.29526,-78.6232,0.199201,-0.100566,0.219273,1.19923,0,-29.0352,0.154122,-0.863196,9,drone1
0.641315,-0.287257,1.44125e-05,-170.982,1.24263,-0.216197,-71.8546,0.184752,-0.16464,0.732694,0.146585,0,-22.3155,-0.300309,-0.145094,11,drone1
0.637353,-0.286517,1.48145e-05,-178.014,1.31836,-0.0643047,-65.8221,0.267361,-0.200708,0.208815,1.20345,0,-29.6729,0.498721,-0.961113,9,drone1
0.622011,-0.285967,1.58043e-05,173.602,1.4298,0.141691,-60.2365,0.34499,-0.24411,0.186265,1.19728,0,-28.5679,0.606873,-0.882525,9,drone1
0.606696,-0.283135,1.08982e-05,165.191,1.50962,0.405292,-56.0114,0.426938,-0.28303,0.101938,1.2038,0,-24.741,0.728891,-0.827057,9,drone1
0.591019,-0.278,1.51895e-05,157.422,1.56505,0.663402,-52.8478,0.516844,-0.309176,-0.00341065,1.19939,0,-19.7931,0.870433,-0.762836,9,drone1
0.575431,-0.270357,3.26376e-05,150.811,1.63074,0.86051,-45.3108,0.658666,-0.362085,0.665943,0.155077,0,-14.617,1.52522,-1.22638,11,drone1
0.563166,-0.262535,2.74057e-05,144.266,1.62071,1.12885,-45.1181,0.763916,-0.36622,-0.117935,1.1757,0,-15.451,1.00573,-0.592815,9,drone1
0.55014,-0.251999,1.4797e-05,137.841,1.57789,1.42773,-46.9588,0.89241,-0.331102,-0.268667,1.13377,0,-8.35693,1.06034,-0.646167,9,drone1
0.534412,-0.236132,1.53038e-05,131.997,1.44866,1.6081,-50.2933,1.0312,-0.251543,-0.434543,1.07372,0,-0.151476,1.02746,-0.697514,9,drone1
0.524889,-0.224378,1.66122e-05,127.077,1.11182,1.48919,-56.7488,1.16329,-0.0906852,-0.601,0.984397,0,8.21192,0.857609,-0.694034,9,drone1
0.515643,-0.211746,1.81533e-05,123.761,0.885303,1.28626,-65.1048,1.28816,0.0180323,-0.502308,0.894062,0,6.44594,-0.0206695,-1.43602,9,drone1
0.511162,-0.205618,1.33827e-05,122.438,0.676702,1.03256,-71.3586,1.31526,0.222019,-0.869978,0.687381,0,27.4868,0.0968671,-0.344872,9,drone1
0.507827,-0.20094,1.01067e-05,124.777,0.52856,0.734542,-76.8251,1.12523,0.493028,-0.987315,0.573675,0,35.3607,0.570012,1.52231,9,drone1
0.504864,-0.197723,9.54236e-06,132.039,0.397757,0.415264,-82.6438,0.902165,0.712754,-0.933547,0.622232,-0.00184367,31.8253,0.471927,1.38946,9,drone1
0.4995,-0.192741,9.40416e-06,143.007,0.22518,0.146127,-79.9981,0.882519,0.655474,0.00550613,1.35001,0,41.9491,-0.789747,0.179461,8,drone1
0.486152,-0.184841,9.28218e-06,152.814,0.0147688,-0.0136809,-76.3557,0.85174,0.56136,0.313321,1.30361,0,28.6907,-0.788215,0.4258,8,drone1
0.470992,-0.178732,9.46711e-06,159.618,-0.224794,-0.10362,-72.1497,0.828925,0.477585,0.566738,1.16541,0,15.7906,-0.483486,0.411585,8,drone1
0.455505,-0.174284,1.00054e-05,164.076,-0.475228,-0.154989,-67.4728,0.769318,0.365973,0.813503,1.0322,0,3.79416,-0.717892,0.756463,8,drone1
0.440066,-0.170872,1.09414e-05,166.55,-0.727733,-0.192998,-63.9116,0.771537,0.388224,0.748023,0.981117,0,4.17273,0.551598,0.382945,8,drone1
0.422967,-0.16716,2.35977e-05,167.655,-0.984128,-0.173133,-59.2702,0.660272,0.284566,1.02865,0.781124,0,-9.73815,-0.975351,1.12812,8,drone1
0.408011,-0.163785,1.8836e-05,167.973,-1.23382,-0.234422,-55.0266,0.527619,0.213196,1.08239,0.672923,0,-15.2052,-1.0049,1.23587,8,drone1
0.392093,-0.159836,1.80338e-05,166.987,-1.4747,-0.318544,-50.6706,0.377484,0.162843,1.15917,0.518259,0,-21.7168,-1.14062,1.29464,8,drone1
0.376663,-0.155634,1.95574e-05,164.786,-1.7085,-0.444357,-47.6556,0.212016,0.146699,1.11554,0.54068,0,-22.013,-1.2365,1.30649,8,drone1
0.360097,-0.150471,2.23877e-05,161.688,-1.92155,-0.616039,-44.0976,0.045906,0.151054,1.18127,0.363272,0,-28.8723,-1.32593,1.25728,8,drone1
0.344954,-0.144923,3.73419e-05,157.932,-2.07837,-0.802296,-42.2417,-0.141974,0.171801,1.10714,0.494051,0,-23.6986,-1.51761,1.28854,8,drone1
0.329458,-0.137943,2.29343e-05,154.051,-1.81337,-0.859974,-39.9428,-0.330834,0.212299,1.14669,0.39203,0,-26.1528,-1.59722,1.26521,8,drone1
0.314245,-0.129968,2.04855e-05,149.917,-1.54351,-0.86983,-39.1801,-0.493057,0.239116,1.05757,0.522975,0,-21.416,-1.43342,0.952038,8,drone1
0.298628,-0.120431,1.75131e-05,146.209,-1.28971,-0.839004,-38.923,-0.683183,0.290657,1.01074,0.574587,0,-18.0317,-1.52019,1.30751,8,drone1
0.283298,-0.10977,1.49392e-05,143.553,-1.0654,-0.763163,-38.8293,-0.76788,0.292557,0.976657,0.596065,0,-15.4005,-0.877624,0.340338,8,drone1
0.268112,-0.0982087,1.29706e-05,141.582,-0.862582,-0.660448,-39.2393,-0.824821,0.280159,0.912789,0.642286,0,-12.2521,-0.636557,0.139088,8,drone1
0.253103,-0.0860664,1.14667e-05,140.236,-0.677193,-0.539698,-38.8072,-0.871462,0.320469,0.961699,0.564325,0,-14.7773,-0.399825,0.406338,8,drone1
0.238523,-0.0736755,1.03509e-05,138.967,-0.502452,-0.413203,-38.7916,-0.872889,0.434472,0.902707,0.569202,0,-14.1893,0.415328,0.824566,8,drone1
0.224163,-0.0608767,9.58662e-06,137.497,-0.334447,-0.28191,-39.1687,-0.855154,0.397057,0.860224,0.632925,0,-9.20236,-0.147162,-0.453719,8,drone1
0.209885,-0.0475452,9.14271e-06,136.394,-0.175054,-0.141675,-37.7947,-0.80193,0.391573,0.993607,0.489416,0,-13.9049,0.0319593,-0.576161,8,drone1
0.196667,-0.034723,8.96216e-06,135.168,-0.0263211,-0.00063528,-37.855,-0.744373,0.360923,0.864972,0.573998,0,-9.89945,0.188174,-0.646543,8,drone1
0.183081,-0.0208945,9.08757e-06,133.81,0.118929,0.15016,-36.2769,-0.75113,0.199359,0.950421,0.432329,0,-12.7886,-1.26349,-1.54738,8,drone1
0.170509,-0.0074972,9.46335e-06,132.298,0.252632,0.304553,-36.2318,-0.659328,0.188662,0.863472,0.520155,0,-10.9603,0.616676,-0.676057,8,drone1
0.157746,0.00694746,1.01439e-05,130.706,0.381087,0.470713,-35.656,-0.548078,0.179566,0.879384,0.477855,0,-10.9644,0.755767,-0.791015,8,drone1
0.145492,0.0215277,1.11258e-05,129.306,0.502619,0.642529,-36.7427,-0.444421,0.152602,0.765421,0.594591,0,-6.01677,0.760335,-0.758528,8,drone1
0.13352,0.0365039,1.24113e-05,128.349,0.624112,0.818103,-36.2007,-0.318724,0.139275,0.835023,0.493885,0,-7.96761,0.892169,-0.866044,8,drone1
0.121537,0.0517712,1.39997e-05,127.617,0.746061,0.997772,-35.752,-0.184665,0.124541,0.819906,0.486501,0,-7.57113,0.985535,-0.890032,8,drone1
0.109837,0.0672205,1.59381e-05,126.566,0.859142,1.18852,-37.2203,-0.0542311,0.105848,0.683778,0.599058,0,-2.71396,1.01151,-0.875629,8,drone1
0.0988392,0.0823563,1.82245e-05,126.005,0.978102,1.37663,-39.6293,0.0834736,0.0963657,0.559121,0.662695,0,2.89175,1.07329,-0.941806,8,drone1
0.0883929,0.0967613,2.08354e-05,126.54,1.12356,1.54645,-41.4922,0.237992,0.095504,0.540115,0.653648,0,4.57776,1.15516,-1.08498,8,drone1
0.0772,0.111556,2.39018e-05,127.999,1.30543,1.70005,-43.7797,0.406051,0.107752,0.458338,0.675299,0,7.65816,1.22343,-1.22589,8,drone1
0.0656164,0.125706,2.48409e-05,129.987,1.35848,1.65073,-45.6243,0.572403,0.127522,0.447827,0.674757,0,8.59256,1.15993,-1.26253,8,drone1
0.0532791,0.139823,1.98529e-05,132.288,1.28838,1.43943,-46.599,0.727673,0.142084,0.475948,0.643116,0,7.32894,1.0261,-1.21486,8,drone1
0.0398956,0.153928,1.76775e-05,134.425,1.20595,1.25289,-47.4719,0.850394,0.15542,0.463999,0.630204,0,6.58393,0.774063,-1.0022,8,drone1
0.0260891,0.167589,1.61607e-05,136.075,1.10864,1.09099,-47.4881,0.947821,0.150282,0.513021,0.600086,0,4.28804,0.55242,-0.82497,8,drone1
0.0115956,0.181243,1.48642e-05,137.245,1.00328,0.951346,-47.8314,1.09584,-0.0115876,0.430325,0.550234,0,6.38268,-0.411095,-2.29481,8,drone1
-0.00283891,0.194388,1.36228e-05,138.096,0.892967,0.825229,-47.6841,1.13342,-0.00756066,0.505398,0.566191,0,2.40398,0.263701,-0.268228,8,drone1
-0.017842,0.207697,1.25634e-05,138.749,0.783884,0.711446,-48.7162,1.14963,0.0241475,0.420737,0.582896,0,3.83098,0.133488,-0.0986818,8,drone1
-0.0322611,0.220184,1.15804e-05,139.436,0.674293,0.600953,-49.9768,1.15175,0.0604303,0.371648,0.561412,0,4.26902,0.0383093,-0.0083354,8,drone1
-0.0468797,0.232412,1.07647e-05,140.691,0.571287,0.491038,-48.9007,1.13961,0.0361732,0.481898,0.491798,0,1.10583,-0.119767,0.0690854,8,drone1
-0.0618516,0.244503,1.01752e-05,141.671,0.466409,0.39185,-48.2691,1.10983,0.0204776,0.457366,0.473424,0,-0.125472,-0.219906,0.207772,8,drone1
-0.0772958,0.2567,9.72288e-06,141.867,0.35983,0.305611,-47.2495,1.06736,-0.00534707,0.472625,0.434218,0,-2.24919,-0.302757,0.302324,8,drone1
-0.0924897,0.268737,9.38893e-06,141.454,0.252455,0.224481,-45.9303,1.01875,-0.0345865,0.490762,0.398288,0,-4.53776,-0.312573,0.368586,8,drone1
-0.107337,0.280786,9.18098e-06,140.473,0.146784,0.144842,-44.4137,0.957668,-0.0644221,0.49502,0.359894,0,-6.17747,-0.378481,0.465801,8,drone1
-0.121812,0.293045,9.07613e-06,138.962,0.0453109,0.0637476,-42.8778,0.890249,-0.0883119,0.493158,0.330435,0,-7.3964,-0.39378,0.530634,8,drone1
-0.135914,0.30571,9.08238e-06,137.077,-0.0495275,-0.0209861,-41.4413,0.816976,-0.103766,0.485177,0.309162,0,-7.93508,-0.417045,0.58908,8,drone1
-0.149584,0.318875,9.1798e-06,134.938,-0.136359,-0.11064,-39.8864,0.733272,-0.115576,0.463075,0.270347,0,-8.39824,-0.489843,0.659682,8,drone1
-0.162652,0.332454,9.37409e-06,132.675,-0.215187,-0.206275,-39.389,0.650651,-0.113779,0.442668,0.309025,0,-5.91226,-0.545046,0.611631,8,drone1
-0.175367,0.346738,9.61708e-06,130.773,-0.286517,-0.304184,-39.2978,0.566841,-0.104827,0.416135,0.311167,0,-4.8477,-0.56467,0.623297,8,drone1
-0.187918,0.361632,9.95447e-06,129.61,-0.355262,-0.400626,-39.6066,0.481958,-0.0919417,0.386789,0.315112,0,-3.37377,-0.589707,0.623726,8,drone1
-0.200389,0.37691,1.03788e-05,129.037,-0.424466,-0.494546,-40.0335,0.392473,-0.0782326,0.361816,0.316324,0,-0.804128,-0.628925,0.653159,8,drone1
-0.212733,0.392202,1.09017e-05,128.988,-0.497577,-0.585797,-40.5923,0.300613,-0.0655324,0.337911,0.313147,0,0.583991,-0.652119,0.664039,8,drone1
-0.22511,0.407438,1.15149e-05,129.365,-0.576024,-0.673488,-41.2071,0.206511,-0.0549589,0.316647,0.306583,0,1.53612,-0.670446,0.6757,8,drone1
-0.237627,0.422548,1.22338e-05,130.019,-0.659996,-0.757767,-41.4294,0.114196,-0.076637,0.303423,0.28096,0,1.32054,-0.843688,0.446469,8,drone1
-0.250543,0.437746,1.30665e-05,130.576,-0.744424,-0.84127,-43.0362,0.004518,0.0109579,0.259516,0.301829,0,1.01677,-0.271273,1.37376,8,drone1
-0.262864,0.452013,1.39946e-05,131.365,-0.838617,-0.924895,-43.4797,-0.0952818,0.0079114,0.263388,0.276694,0,3.01666,-0.733746,0.674935,8,drone1
-0.276048,0.466715,1.50577e-05,132.347,-0.937441,-1.00147,-43.8083,-0.207618,0.00339921,0.250883,0.261077,0,2.61032,-0.823303,0.763783,8,drone1
-0.289497,0.481284,1.62229e-05,133.047,-1.03513,-1.08147,-44.0129,-0.320785,-0.000633314,0.239761,0.245183,0,2.03197,-0.821868,0.777975,8,drone1
-0.303076,0.495679,1.75254e-05,133.589,-1.13382,-1.16452,-44.0938,-0.43507,-0.00194921,0.228628,0.228516,0,1.36819,-0.814041,0.802159,8,drone1
-0.316908,0.510098,1.89601e-05,133.985,-1.23263,-1.25065,-44.1792,-0.539938,-0.00362535,0.215054,0.214605,0,1.04186,-0.748897,0.734177,8,drone1
-0.330735,0.524347,2.05575e-05,134.261,-1.33292,-1.34134,-43.9643,-0.667053,-0.00260498,0.206317,0.19447,0,0.208255,-0.915817,0.88149,8,drone1
-0.344702,0.538628,2.23267e-05,134.373,-1.43258,-1.4378,-44.3883,-0.832523,-0.0380573,0.184944,0.19167,0,0.346458,-1.39791,0.935999,8,drone1
-0.358474,0.552671,2.42775e-05,134.551,-1.53856,-1.53645,-44.251,-0.956838,-0.0337544,0.175149,0.168366,0,0.217931,-0.868034,0.889277,8,drone1
-0.372572,0.56692,1.84307e-05,134.723,-1.50125,-1.50438,-43.9112,-1.0829,-0.0248209,0.164965,0.151664,0,-0.279494,-0.884132,0.896279,8,drone1
-0.386572,0.581065,1.92286e-05,134.566,-1.39846,-1.40048,-43.4828,-1.19105,-0.0137165,0.152787,0.13562,0,-0.850576,-0.773125,0.753579,8,drone1
-0.400445,0.595213,1.89585e-05,134.169,-1.2939,-1.30843,-43.1949,-1.27824,-0.00386207,0.13797,0.122668,0,-1.21468,-0.628556,0.603125,8,drone1
-0.414182,0.609444,1.80813e-05,133.722,-1.19289,-1.22177,-41.3016,-1.22959,0.0167031,0.0852775,0.0573696,0,-1.05519,0.190293,-0.502757,8,drone1
-0.427199,0.623169,1.70228e-05,132.937,-1.09296,-1.14804,-41.2268,-1.28465,0.0234491,0.111451,0.092717,0,-2.6899,-0.425927,0.350265,8,drone1
-0.440488,0.637668,1.59096e-05,132.106,-0.995086,-1.0738,-41.4622,-1.32111,-0.00089492,0.113777,0.100263,0,-1.9899,-0.430153,0.0565103,8,drone1
-0.453714,0.652398,1.48714e-05,131.806,-0.911665,-0.992005,-41.5267,-1.34187,0.000458664,0.0798121,0.0700419,0,-1.07574,-0.154392,0.138857,8,drone1
-0.467027,0.667295,1.39286e-05,131.719,-0.834924,-0.909039,-41.8868,-1.35275,-0.00618332,0.0631608,0.059062,0,-0.58924,-0.079214,0.0749682,8,drone1
-0.478361,0.680021,1.32103e-05,131.799,-0.773039,-0.837243,-43.5176,-1.40248,0.0750858,0.0390097,0.0514531,0,-0.580998,0.409593,1.22041,8,drone1
-0.486645,0.68923,1.27091e-05,132.678,-0.739325,-0.774913,-43.5798,-1.37764,0.0615322,0.0335609,0.0345663,0,1.89433,0.128164,-0.228888,8,drone1
-0.493387,0.696394,1.23583e-05,133.553,-0.715094,-0.725693,-44.1809,-1.34844,0.0378777,0.0207473,0.0276409,0,1.3438,0.172958,-0.251371,8,drone1
-0.498025,0.701239,1.21353e-05,134.075,-0.698058,-0.69478,-43.2151,-1.25214,0.0541555,0.0121551,0.00273507,0,1.29465,0.654495,-0.697106,8,drone1
-0.499682,0.702927,1.20762e-05,134.022,-0.690784,-0.688562,-43.1231,-1.22581,0.0524083,0.0155718,0.0127664,0,-0.825717,0.153956,-0.218656,8,drone1
-0.502422,0.705783,1.19848e-05,133.561,-0.675419,-0.683798,-51.9385,-1.1944,-0.14418,-0.0664863,0.0611778,0,1.86693,0.15231,-0.204323,8,drone1
-0.502123,0.705494,1.05917e-05,135.047,-0.691099,-0.679344,-59.8882,-1.13711,-0.311945,-0.0653367,0.0416135,0,10.5173,0.278572,-0.0968855,8,drone1
-0.501283,0.704675,1.17671e-05,139.401,-0.75947,-0.627914,-58.2452,-1.06245,-0.351301,0.00565583,-0.00679492,0,16.4375,-0.074459,-0.837712,8,drone1
-0.50203,0.705347,1.24955e-05,144.935,-0.825918,-0.55705,-65.9093,-0.991863,-0.477743,-0.0630074,0.0307044,0,12.9807,0.354202,0.0992167,8,drone1
-0.50027,0.703864,1.26574e-05,151.038,-0.906806,-0.480468,-64.2589,-0.995987,-0.429385,-0.00403701,-0.00237612,0,16.4945,0.449822,0.17759,8,drone1
-0.501195,0.705361,1.38643e-05,156.758,-0.96584,-0.392001,-62.4354,-1.00564,-0.35589,0.0143298,0.00145944,0,2.45248,0.423793,0.175975,8,drone1
-0.50317,0.706959,1.32159e-05,158.299,-0.987236,-0.37194,-53.7288,-0.921932,-0.23824,0.0429494,-0.0617696,0,1.39711,0.243837,-1.2796,8,drone1
-0.497754,0.705756,1.37928e-05,156.154,-1.0201,-0.429128,-50.5164,-0.943435,-0.128098,0.0284716,-0.0262815,0,-17.3687,0.203063,0.223898,8,drone1
-0.497084,0.705512,1.34789e-05,151.417,-1.00777,-0.52763,-54.2029,-1.03853,-0.0798858,0.00720126,0.0370219,0,-13.7639,-0.128193,1.3243,8,drone1
-0.50288,0.708326,1.32602e-05,148.798,-0.984344,-0.574739,-47.1046,-1.06983,-0.0451453,0.0578226,-0.0254525,0,-8.41984,-1.02174,-0.480527,8,drone1
-0.505671,0.710738,1.32389e-05,145.335,-0.965452,-0.645773,-40.2142,-1.0752,0.130829,0.134155,-0.216137,0,-21.1131,0.00643187,0.0945526,8,drone1
-0.502586,0.70852,1.38354e-05,136.983,-0.905243,-0.819598,-33.6614,-1.0997,0.338589,0.102394,-0.216283,0,-24.4947,-0.249469,0.592468,8,drone1
-0.499441,0.704763,1.4457e-05,125.397,-0.761183,-1.03924,-26.3953,-1.04813,0.480046,0.0539879,-0.0892618,0,-17.3479,-0.211239,-0.21151,8,drone1
-0.499154,0.703859,1.49116e-05,113.051,-0.541374,-1.22493,-18.9824,-0.995749,0.599124,0.113014,-0.140986,0,-15.8763,-0.429564,-0.28667,8,drone1
-0.500485,0.707712,1.51835e-05,100.658,-0.271511,-1.34273,-11.0471,-0.893062,0.710449,0.114969,-0.114664,0,-10.6465,-0.100514,-0.376403,8,drone1
-0.501273,0.716213,1.53154e-05,88.5537,0.0164619,-1.38313,-2.63194,-0.728433,0.754622,0.101709,-0.104251,0,-5.83307,0.30465,-0.934441,8,drone1
-0.500159,0.726799,1.53905e-05,76.8414,0.298609,-1.35816,4.33541,-0.676868,0.769156,0.0932581,-0.0605781,0,-5.21152,-0.525504,-0.746241,8,drone1
-0.495894,0.741764,1.52683e-05,66.5092,0.532507,-1.27125,9.97792,-0.684244,0.757934,0.087832,-0.0535947,0,-0.502396,-0.807476,-0.813177,8,drone1
-0.488729,0.756573,1.51271e-05,58.6997,0.693982,-1.17656,13.7576,-0.726889,0.716551,0.0633448,-0.0364469,0,5.76425,-0.756709,-0.884177,8,drone1
-0.481848,0.76736,1.51812e-05,53.7097,0.799583,-1.11965,16.6731,-0.772673,0.661318,-0.01818,-0.00972608,0,11.4686,-0.563367,-0.861347,8,drone1
-0.483378,0.765467,1.62428e-05,50.2218,0.922868,-1.13773,21.0168,-0.798973,0.621589,-0.0534704,-0.00529327,0,17.2232,-0.461221,-0.812922,8,drone1
-0.48791,0.76013,1.69141e-05,48.6763,1.03251,-1.2011,26.4057,-0.823489,0.598212,-0.0615982,-0.00608342,0,18.2192,-0.487517,-0.831741,8,drone1
-0.493738,0.753254,1.82326e-05,49.4915,1.10151,-1.3161,31.6857,-0.868416,0.584958,-0.0574355,-0.00459909,0,14.6951,-0.603031,-0.912033,8,drone1
-0.500386,0.74549,1.99931e-05,48.5416,1.21586,-1.40293,28.7913,-1.0076,0.583416,-0.0313911,0.0540604,0,8.98972,-1.16035,0.0307289,8,drone1
-0.506682,0.738413,2.18143e-05,48.8121,1.30557,-1.51866,32.4501,-1.06967,0.559307,-0.0735262,0.0203914,0,14.0676,-0.560759,-0.908149,8,drone1
-0.515583,0.727936,2.42254e-05,49.4193,1.39993,-1.66164,36.0524,-1.14126,0.54714,-0.0680765,0.019964,0,10.7513,-0.598759,-0.970133,8,drone1
-0.524514,0.717883,1.75852e-05,48.1644,1.41017,-1.58384,39.8498,-1.21528,0.551925,-0.0698777,0.0212179,0,7.18753,-0.589022,-1.0377,8,drone1
-0.533793,0.7079,1.85073e-05,45.8838,1.35534,-1.41505,45.5293,-1.2625,0.605389,-0.0488789,-0.0124053,0,4.31263,-0.479727,-1.07,8,drone1
-0.537637,0.70426,1.77971e-05,41.9449,1.3037,-1.19222,50.9783,-1.28332,0.664683,-0.0398469,-0.0189945,0,0.853551,-0.189327,-0.983926,8,drone1
-0.539864,0.70253,1.63662e-05,36.7934,1.247,-0.953652,57.0757,-1.37036,0.657706,-0.0234887,-0.0471809,0,-0.635469,0.0630924,-2.17435,8,drone1
-0.536156,0.705207,1.45131e-05,31.1505,1.14223,-0.710752,55.6714,-1.34364,0.662483,-0.00292778,0.0216395,0,-2.0849,-0.0726389,0.517467,8,drone1
-0.540873,0.701824,1.22962e-05,27.753,1.03237,-0.561058,58.6049,-1.31135,0.661981,-0.0146594,-0.0139615,0,3.6695,0.489191,-0.344231,8,drone1
-0.540123,0.702386,1.16237e-05,26.2693,0.870746,-0.448937,59.9521,-1.2955,0.630743,0.0193523,-0.0484295,0,2.27429,0.492242,-0.282498,8,drone1
-0.530781,0.706727,1.05908e-05,24.5919,0.669116,-0.325773,62.735,-1.23417,0.627377,-0.00644285,-0.0258516,0,4.03034,0.656748,-0.0122012,8,drone1
-0.52733,0.708382,9.86575e-06,22.865,0.494345,-0.227992,67.4704,-1.08537,0.642145,-0.0314321,-0.0147198,0,2.79175,1.15155,0.465192,8,drone1
-0.527474,0.708688,9.32744e-06,20.0286,0.337768,-0.14225,69.5628,-1.01368,0.621325,-0.00756209,-0.0252076,0,-0.462064,0.741852,0.203413,8,drone1
-0.523714,0.709772,8.99361e-06,16.9376,0.159065,-0.0672327,71.7224,-0.93563,0.599122,-0.00695416,-0.0291997,0,0.120525,0.748888,0.297031,8,drone1
-0.519007,0.711003,8.9239e-06,14.3631,-0.0282579,-0.0113704,73.471,-0.852432,0.569642,-0.00392501,-0.0291591,0,0.94403,0.742352,0.439821,8,drone1
-0.513958,0.712082,9.09281e-06,12.1071,-0.219478,0.028617,74.7429,-0.764196,0.533607,-0.00086288,-0.0276433,0,1.54805,0.729366,0.579174,8,drone1
-0.508912,0.712949,9.50676e-06,10.192,-0.412121,0.0557228,75.5867,-0.67031,0.493355,0.00187197,-0.0250395,0,2.28853,0.711541,0.709698,8,drone1
-0.504154,0.713604,1.01583e-05,8.62311,-0.604441,0.0733503,76.1541,-0.56952,0.452326,0.00353415,-0.0215384,0,3.18008,0.691766,0.828702,8,drone1
-0.499948,0.714074,1.10372e-05,7.37803,-0.795201,0.0846914,76.4345,-0.462001,0.420358,0.00381672,-0.0111578,0,4.1317,0.588861,0.962068,8,drone1
-0.497733,0.714227,1.20977e-05,6.43275,-0.977754,0.0919769,76.9639,-0.344869,0.375452,0.00466895,-0.0205159,0,4.93773,0.752579,1.00139,8,drone1
-0.49357,0.714605,1.34518e-05,5.7161,-1.1716,0.0990303,77.8554,-0.209606,0.329159,-0.000259387,-0.010147,0,5.64248,0.82166,1.15216,8,drone1
-0.49168,0.714756,1.49741e-05,5.11576,-1.35719,0.103272,72.5624,-0.0809411,0.294713,0.0437343,0.00716809,0,3.947,0.504929,1.5272,8,drone1
-0.491551,0.714357,1.67248e-05,5.20741,-1.53625,0.12164,73.6233,0.0595433,0.260691,0.00722377,-0.00644054,0,10.6006,0.844787,1.17041,8,drone1
-0.491517,0.714412,1.86329e-05,5.79772,-1.71719,0.156016,74.6389,0.20452,0.228434,0.000549276,-0.0043155,0,10.1477,0.818432,1.2371,8,drone1
-0.491483,0.714462,2.08356e-05,6.25979,-1.90254,0.190337,77.1616,0.346365,0.19593,-0.0139731,0.00639782,0,10.0802,0.714983,1.18552,8,drone1
-0.493383,0.714406,2.32006e-05,6.4403,-2.08444,0.216957,77.0976,0.503728,0.162568,0.00651758,-0.00850342,0,5.08662,0.77113,1.44134,8,drone1
-0.491562,0.71462,3.73937e-05,6.48431,-2.17881,0.20296,77.6232,0.66607,0.127125,0.0033145,-0.00847496,0,5.24368,0.769014,1.4724,8,drone1
-0.491524,0.714616,2.68167e-05,6.62122,-1.97824,0.201054,78.1232,0.829283,0.0906409,-0.00183163,0.00353381,0,4.98479,0.764742,1.48676,8,drone1
-0.491515,0.714631,2.1162e-05,6.74001,-1.78683,0.189329,78.4973,0.956653,0.0508644,0.00668407,0.000615413,0,3.72873,0.685053,1.14483,8,drone1
-0.491509,0.714642,1.78876e-05,6.83057,-1.60387,0.172822,78.9348,1.03724,0.0176811,-0.00795163,0.00375787,0,4.3657,0.510217,0.706279,8,drone1
-0.491504,0.71465,1.57475e-05,6.89939,-1.42832,0.15435,83.6388,1.11895,-0.153054,-0.0346102,0.00170728,0,3.7782,1.08703,0.613322,8,drone1
-0.492982,0.714841,1.41208e-05,6.4239,-1.25365,0.12285,84.7633,1.15802,-0.208346,-0.0103294,0.00884741,0,-0.697771,0.363056,0.388629,8,drone1
-0.494973,0.714647,1.28115e-05,5.46486,-1.08284,0.0853165,84.5458,1.17342,-0.237153,-0.00138545,0.0016024,0,-2.18136,0.298628,0.13225,8,drone1
-0.495004,0.714576,1.17884e-05,4.5941,-0.925725,0.0561139,84.3986,1.17639,-0.271201,0.0068421,-0.00243781,0,-1.47859,0.341693,0.00119484,8,drone1
-0.495055,0.714525,1.09432e-05,3.89714,-0.772353,0.0343545,84.5537,1.10485,-0.267215,0.000554558,-0.0232289,0,-0.655917,-0.149989,-0.694039,8,drone1
-0.490382,0.714799,1.03568e-05,3.31178,-0.645293,0.0190959,84.6397,1.07604,-0.308559,-0.00201354,-0.00336724,0,0.852525,0.381961,-0.328609,8,drone1
-0.490496,0.714767,9.81263e-06,2.81508,-0.498451,0.00627374,83.5137,1.04412,-0.330934,0.0097138,-0.00544755,0,0.50908,0.406211,-0.422143,8,drone1
-0.489286,0.714764,9.42461e-06,2.51255,-0.360749,-0.00238891,82.2545,1.01075,-0.35923,0.011193,0.00168437,0,1.93936,0.490851,-0.481998,8,drone1
-0.48946,0.714702,9.15207e-06,2.48299,-0.218695,-0.00871933,82.6913,0.952148,-0.418424,0.000610358,0.00125468,0,4.36093,0.484457,-0.677255,8,drone1
-0.489453,0.714706,9.0146e-06,2.57004,-0.0793693,-0.014634,83.0946,0.885741,-0.481329,0.000228422,0.00243853,0,4.02686,0.515662,-0.755224,8,drone1
-0.489448,0.714709,9.00611e-06,2.64179,0.0585475,-0.0208993,83.4309,0.813006,-0.547783,0.00302813,-0.000216196,0,3.35681,0.550788,-0.81665,8,drone1
-0.489444,0.714712,9.12053e-06,2.70088,0.195549,-0.0274252,88.1635,0.55634,-0.729867,-0.0278142,-0.0589661,0,3.14193,0.90734,-2.26486,8,drone1
-0.478059,0.715387,9.25906e-06,2.37593,0.277588,-0.0297426,86.7793,0.494378,-0.776153,0.00941244,-0.018467,0,-2.51754,0.565412,-0.769252,8,drone1
-0.474521,0.715464,9.524e-06,1.86552,0.397106,-0.0311607,85.2312,0.448193,-0.828263,0.0110801,0.00587024,0,-0.843313,0.616774,-0.689761,8,drone1
-0.475731,0.715384,9.95009e-06,1.65333,0.539714,-0.0337864,82.9317,0.438717,-0.835065,0.0164919,0.0286077,0,1.18048,0.221912,-0.463058,8,drone1
-0.481333,0.715161,1.06034e-05,1.79325,0.704149,-0.0402316,82.4215,0.369412,-0.910956,0.00540108,0.0148576,0,4.13669,0.691081,-0.946208,8,drone1
-0.484119,0.715048,1.13676e-05,2.16911,0.856303,-0.0506078,78.76,0.296922,-0.877245,0.0313016,0.00495279,0,4.08696,-0.278889,-1.33638,8,drone1
-0.484366,0.714913,1.22124e-05,2.90925,0.997616,-0.0688602,79.5832,0.203126,-0.988201,0.00179202,0.00801291,0,8.23707,0.829407,-1.19141,8,drone1
-0.484298,0.714956,1.31988e-05,3.83035,1.13921,-0.0944365,80.2369,0.102212,-1.10202,0.00418689,0.00259679,0,6.54328,0.873739,-1.24421,8,drone1
-0.484243,0.715,1.43513e-05,4.57807,1.28336,-0.120948,81.8575,-0.0135094,-1.22285,-0.0110995,0.0173106,0,5.93509,0.958909,-1.19319,8,drone1
-0.487996,0.714784,1.58482e-05,5.07187,1.44915,-0.146827,82.1123,-0.191347,-1.33161,0.00491285,-0.0212884,0,4.93685,0.739715,-1.99413,8,drone1
-0.483507,0.715203,1.71479e-05,5.39757,1.57924,-0.167438,82.3193,-0.295015,-1.40175,0.000263002,0.00756127,0,2.07911,0.534022,-1.13194,8,drone1
-0.483561,0.715215,1.88548e-05,5.67633,1.7354,-0.190727,82.4313,-0.401334,-1.45086,0.00512702,0.00421571,0,1.12612,0.334751,-1.12229,8,drone1
-0.483544,0.715233,2.07737e-05,5.89508,1.89605,-0.214006,82.7208,-0.52373,-1.47361,-0.0033097,0.0159233,0,1.37364,0.067042,-1.20723,8,drone1
-0.486807,0.714914,2.31503e-05,6.0484,2.07792,-0.238403,82.7347,-0.653384,-1.4808,0.00624276,0.00258369,0,0.138318,-0.0943891,-1.29509,8,drone1
-0.48674,0.71493,3.52682e-05,6.14674,2.18267,-0.274868,80.8523,-0.737074,-1.50242,0.0159831,-0.0141527,0,-0.754379,-0.139604,-1.30009,8,drone1
-0.483523,0.715116,2.76532e-05,6.36099,2.00118,-0.252512,79.1308,-0.82345,-1.51428,0.016564,-0.0135571,0,1.02218,-0.332378,-1.30829,8,drone1
-0.480397,0.715352,2.21164e-05,6.92883,1.82441,-0.244385,79.5098,-0.936794,-1.4898,-0.00330889,0.00826309,0,3.78204,-0.485504,-1.05282,8,drone1
-0.480401,0.715406,1.89312e-05,7.55071,1.67005,-0.241157,81.1117,-1.05322,-1.43788,-0.0131014,0.0166879,0,3.3558,-0.474347,-0.756501,8,drone1
-0.484092,0.715071,1.70424e-05,7.84924,1.54179,-0.231247,83.6622,-1.1736,-1.34927,-0.0225823,0.0278034,0,2.33327,-0.548847,-0.546556,8,drone1
-0.490151,0.714474,1.57897e-05,7.6158,1.43341,-0.209986,83.282,-1.206,-1.31037,-0.000272128,0.0158971,0,-1.91425,-0.460795,-0.326417,8,drone1
-0.493285,0.714011,1.47053e-05,7.19829,1.31754,-0.184677,78.714,-1.19414,-1.31654,0.0440126,-0.0915346,0,-5.62597,-0.798226,-0.77804,8,drone1
-0.475811,0.715916,1.30378e-05,7.26692,1.10655,-0.159422,75.2778,-1.11868,-1.33761,0.0368102,-0.0446014,0,0.821469,-0.503352,0.0272163,8,drone1
-0.466055,0.716942,1.19053e-05,8.05374,0.935868,-0.150797,72.6934,-1.0442,-1.3372,0.0256908,-0.00327527,0,5.00213,-0.563146,0.186169,8,drone1
-0.464351,0.716986,1.1212e-05,9.46281,0.807228,-0.153054,67.6404,-0.901016,-1.35942,0.0411084,0.0145718,0,5.44331,-0.672072,0.333348,8,drone1
-0.464898,0.716406,1.06974e-05,11.7443,0.691787,-0.162549,64.6059,-0.799595,-1.33993,0.0238619,0.0245535,0,9.98366,-0.702606,0.407342,8,drone1
-0.467603,0.715593,1.02835e-05,14.8331,0.588642,-0.174861,63.6302,-0.673552,-1.26115,-0.0146958,0.06947,0,11.4213,-0.544076,1.20804,8,drone1
-0.480485,0.711963,1.00819e-05,18.2485,0.537463,-0.196422,65.3344,-0.677228,-1.17351,-0.0300944,0.0525172,0,12.3435,-0.659066,0.487153,8,drone1
-0.49149,0.70863,9.89301e-06,20.2968,0.484929,-0.198757,66.2856,-0.661775,-1.08599,-0.0234992,0.0474523,0,7.49411,-0.658585,0.571902,8,drone1
-0.501255,0.705145,9.7221e-06,20.9766,0.434598,-0.186104,67.0761,-0.650057,-1.01056,-0.0109125,0.0169659,0,3.82384,-0.55459,0.47848,8,drone1
-0.504792,0.70391,9.48353e-06,21.0488,0.358896,-0.15758,64.6243,-0.472052,-0.950996,0.00681459,0.0372071,0,2.15278,-0.284733,1.552,8,drone1
-0.510969,0.701095,9.35748e-06,21.8155,0.297153,-0.138568,64.3064,-0.446966,-0.891034,0.0155333,-0.0206018,0,3.51004,-0.520191,0.421332,8,drone1
-0.506005,0.703276,9.1568e-06,23.0924,0.183271,-0.097967,62.9604,-0.403876,-0.841683,0.0226306,-0.0174818,0,3.00504,-0.472856,0.436342,8,drone1
-0.501356,0.705226,9.04149e-06,24.3019,0.0743889,-0.0535955,60.9439,-0.344305,-0.795966,0.0271902,-0.0146447,0,2.39898,-0.415522,0.518839,8,drone1
-0.496811,0.707234,9.02799e-06,26.0204,-0.0310885,-0.00514045,59.2192,-0.286584,-0.752176,0.0206528,-0.00405955,0,3.41663,-0.333895,0.532681,8,drone1
-0.494403,0.708445,9.08879e-06,28.0329,-0.122763,0.044661,59.2928,-0.240913,-0.698825,-0.00650928,0.0174523,0,5.02381,-0.246985,0.638283,8,drone1
-0.497507,0.706931,9.1627e-06,29.3924,-0.185869,0.0837477,58.4195,-0.183039,-0.653091,0.000234296,0.0169321,0,2.63501,-0.195859,0.639862,8,drone1
-0.500017,0.705467,9.26052e-06,30.2943,-0.250644,0.12534,57.0455,-0.115786,-0.609261,0.010481,0.00581342,0,1.64462,-0.144826,0.679306,8,drone1
-0.499919,0.705478,9.45646e-06,31.5438,-0.325509,0.178431,57.1804,-0.00772131,-0.560606,0.00735852,0.00277852,0,1.34683,0.191959,1.16946,8,drone1
-0.499731,0.705749,9.70659e-06,32.3456,-0.401167,0.232488,55.9557,0.0548405,-0.522781,0.0120949,-0.000320444,0,0.591402,-0.0443499,0.625645,8,drone1
-0.498671,0.706337,1.00233e-05,33.0298,-0.480613,0.29075,54.5032,0.119295,-0.487744,0.0116666,0.00433907,0,1.01877,0.00975848,0.603527,8,drone1
-0.498244,0.70658,1.04151e-05,34.333,-0.552808,0.355472,52.6754,0.18784,-0.453046,0.0199495,-0.00160666,0,1.39538,0.0605586,0.597848,8,drone1
-0.496145,0.708027,1.09123e-05,36.0288,-0.628431,0.434477,50.9511,0.259742,-0.420119,0.0183361,0.000425354,0,1.82575,0.143311,0.611057,8,drone1
-0.494409,0.709345,1.14822e-05,37.9158,-0.697969,0.520482,49.6771,0.331681,-0.390148,0.0114294,0.0044528,0,2.272,0.216129,0.615203,8,drone1
-0.493768,0.709897,1.20901e-05,39.6055,-0.761238,0.606136,48.3611,0.411314,-0.361331,0.00994839,0.00612257,0,1.6781,0.305717,0.656998,8,drone1
-0.493476,0.710166,1.27694e-05,41.0928,-0.822802,0.693319,46.9987,0.48969,-0.334404,0.00965043,0.00661644,0,1.29371,0.344881,0.619899,8,drone1
-0.493245,0.71039,1.35395e-05,42.5608,-0.882428,0.785461,44.8119,0.576431,-0.303375,0.0150369,0.00896664,0,0.122688,0.419387,0.624526,8,drone1
-0.492795,0.710828,1.44324e-05,44.3749,-0.935832,0.889943,42.835,0.762454,-0.228634,-0.0182584,0.0403318,0,0.462279,0.870063,1.61937,8,drone1
-0.499417,0.704164,1.50062e-05,46.3559,-0.950532,0.969988,41.2402,0.838756,-0.202145,0.00280265,0.0169602,0,2.48453,0.504294,0.474688,8,drone1
-0.500262,0.703263,1.60601e-05,48.1961,-0.991442,1.08092,39.704,0.914228,-0.177956,0.0172135,0.0025328,0,1.6678,0.535815,0.446793,8,drone1
-0.498622,0.70519,1.78943e-05,50.3033,-1.03391,1.21464,38.3786,0.993265,-0.158939,0.0219884,-0.00376643,0,1.07222,0.604307,0.443025,8,drone1
-0.496032,0.708389,1.90349e-05,52.0033,-1.08332,1.35589,36.5216,1.01404,-0.116996,0.0411058,-0.0135087,0,0.619899,0.072676,0.166282,8,drone1
-0.491129,0.714907,2.08263e-05,53.664,-1.14119,1.51983,35.4513,1.11163,-0.108797,0.01781,-0.00251265,0,0.318595,0.836171,0.475213,8,drone1
-0.489224,0.717537,2.26086e-05,55.1574,-1.18502,1.66968,35.4379,1.21591,-0.12223,0.00865363,0.00409806,0,-0.140807,0.926832,0.496483,8,drone1
-0.489038,0.717677,2.46678e-05,55.7891,-1.24448,1.79657,35.2937,1.32618,-0.136049,0.00406983,0.00905258,0,-1.44984,0.972458,0.537932,8,drone1
-0.489009,0.717734,1.79544e-05,55.868,-1.1929,1.74658,33.7749,1.44353,-0.118984,0.00327591,0.0103755,0,-1.87559,1.00727,0.564646,8,drone1
-0.489625,0.717019,1.9444e-05,56.477,-1.09997,1.63468,32.3777,1.54343,-0.101377,0.00271913,0.0108739,0,-0.415907,0.901476,0.407192,8,drone1
-0.490091,0.716379,1.91742e-05,57.7108,-0.994044,1.54126,35.5434,1.70756,-0.237299,-0.0581243,0.00810909,0,0.425035,1.73281,0.475859,8,drone1
-0.495817,0.706887,1.7713e-05,58.1575,-0.889264,1.39767,33.7784,1.77961,-0.197088,0.00460146,0.00974654,0,-4.01568,0.537038,0.403319,8,drone1
-0.496117,0.706635,1.65226e-05,57.9908,-0.831124,1.29556,31.3321,1.82509,-0.138149,0.0223626,0.00465755,0,-3.50373,0.361599,0.179228,8,drone1
-0.494683,0.709266,1.56257e-05,59.3656,-0.751341,1.23327,29.5014,1.85218,-0.0963247,0.0306495,-0.00319142,0,-1.32618,0.268166,0.0219055,8,drone1
-0.491868,0.714195,1.49681e-05,61.1575,-0.675557,1.18912,31.3191,1.95758,-0.2255,-0.028752,-0.000286068,0,-0.370504,1.29406,-0.060593,8,drone1
-0.493697,0.710056,1.40261e-05,61.425,-0.613465,1.08824,30.3396,1.95526,-0.213142,0.0164991,-0.0046956,0,-3.93125,0.00535886,-0.0884552,8,drone1
-0.492277,0.712918,1.34689e-05,61.0442,-0.584362,1.0184,30.137,1.94736,-0.21773,0.0056766,0.00730675,0,-2.02751,-0.0437942,-0.0802125,8,drone1
-0.492293,0.712881,1.28154e-05,61.1806,-0.540361,0.944345,28.3293,1.94172,-0.171356,0.0267926,-0.00238167,0,-3.43358,-0.0690245,-0.0835187,8,drone1
-0.490165,0.717093,1.2419e-05,61.8127,-0.502181,0.898504,26.8445,1.92717,-0.139633,0.0191072,0.00176949,0,-1.19277,-0.0870303,-0.214719,8,drone1
-0.488754,0.719892,1.20001e-05,63.0434,-0.454477,0.853546,23.2502,1.94388,0.0290555,-0.00678071,0.0344624,0,-0.323154,-0.115707,0.487964,8,drone1
-0.491141,0.715693,1.14174e-05,65.2088,-0.381354,0.782392,22.2269,1.92091,0.0355232,0.00015755,0.0110652,0,2.9065,-0.0618512,-0.43584,8,drone1
-0.49116,0.715185,1.10175e-05,67.5382,-0.321543,0.730314,21.1191,1.8952,0.0408416,0.00453838,0.00895356,0,1.77479,-0.0905886,-0.441337,8,drone1
-0.49097,0.715454,1.07183e-05,69.1663,-0.277647,0.678554,16.8753,1.81336,0.189832,0.0448964,0.0183144,0,0.330069,-0.715145,-0.190686,8,drone1
-0.489012,0.722014,1.05773e-05,71.4923,-0.240281,0.660606,15.8856,1.79304,0.179756,0.00451832,0.00925934,0,3.16618,-0.0148068,-0.537414,8,drone1
-0.488675,0.722407,1.03048e-05,74.0542,-0.19448,0.61472,18.0052,1.70237,0.0229024,0.0249344,-0.0219613,0,2.77993,-0.670711,-1.20031,8,drone1
-0.486402,0.728619,1.02434e-05,75.2363,-0.175316,0.593816,16.3506,1.69688,0.0391532,-0.00389372,0.0126352,0,-2.65136,0.0422386,-0.250219,8,drone1
-0.486972,0.72697,9.99664e-06,75.818,-0.153958,0.535029,13.5824,1.59023,0.0424344,0.030332,0.0117286,0,-2.26154,-0.767696,-0.994143,8,drone1
-0.485986,0.732003,9.88893e-06,76.9817,-0.136919,0.511596,13.5177,1.59221,0.0194959,0.00343861,0.00476605,0,-0.653902,0.0742837,-0.217837,8,drone1
-0.485801,0.732038,9.73259e-06,78.1644,-0.116219,0.46602,10.0686,1.59331,0.0795674,-0.020159,0.0328772,0,0.538859,0.135634,-0.350001,8,drone1
-0.487232,0.726473,9.50259e-06,79.5516,-0.0912607,0.3949,8.81079,1.59936,0.0906384,-0.0197804,0.0148296,0,1.7385,0.129419,-0.269902,8,drone1
-0.487926,0.722198,9.35232e-06,81.2623,-0.0693156,0.331501,5.2054,1.62172,0.168456,-0.0328466,0.0348233,0,1.71094,0.349992,-0.226756,8,drone1
-0.489184,0.714596,9.18536e-06,83.2011,-0.0484083,0.252884,2.82391,1.62057,0.211634,-0.0160638,0.0230715,0,3.83917,0.104426,-0.343597,8,drone1
-0.48958,0.711088,9.10381e-06,85.4268,-0.0337695,0.194621,-1.05177,1.60513,0.2972,-0.0134972,0.0343698,0,4.50928,0.0468726,-0.361747,8,drone1
-0.489859,0.708039,9.03789e-06,87.8833,-0.0232895,0.139102,-3.43747,1.60358,0.341381,-0.0146,0.0233233,0,6.45363,0.126266,-0.414275,8,drone1
-0.489907,0.705255,9.0006e-06,90.5125,-0.0173788,0.0853129,-5.62983,1.61039,0.382101,-0.0149361,0.0213165,0,6.56988,0.203604,-0.412899,8,drone1
-0.48982,0.702586,8.9812e-06,93.1621,-0.0163672,0.0326418,-5.12305,1.63216,0.349036,0.0193166,0.00112061,0,4.06183,0.170248,-0.327235,8,drone1
-0.490292,0.706731,8.97398e-06,95.533,-0.0169301,0.013318,-3.51198,1.66392,0.28671,0.0317441,-0.00967976,0,0.0740503,0.210636,-0.18491,8,drone1
-0.491308,0.7131,8.97684e-06,97.2067,-0.0176153,0.00531287,-1.99317,1.69591,0.227981,0.0276651,-0.0132363,0,-3.97203,0.228413,-0.0369468,8,drone1
-0.49235,0.718582,8.98668e-06,98.0586,-0.0192536,-0.00642826,-2.44142,1.73043,0.229162,0.0150769,-0.00107013,0,-6.52755,0.335147,0.0777702,8,drone1
-0.492852,0.721562,9.00255e-06,98.4374,-0.0228194,-0.0298809,-3.13671,1.77101,0.240771,0.00979945,3.90218e-05,0,-6.94983,0.404046,0.120813,8,drone1
-0.492876,0.721532,9.0186e-06,98.6878,-0.0287328,-0.0675856,-3.77605,1.79998,0.252964,0.00306199,0.00359272,0,-6.38995,0.290126,0.120487,8,drone1
-0.492901,0.721547,9.03833e-06,98.8683,-0.0347907,-0.104987,-4.35866,1.80745,0.261592,0.000917219,0.00458152,0,-5.82338,0.0764578,0.0846733,8,drone1
-0.49292,0.721557,9.06826e-06,98.9976,-0.0409717,-0.142468,-4.8921,1.80275,0.269186,-7.85314e-05,0.00630332,0,-5.33197,-0.0444235,0.0774408,8,drone1
-0.492933,0.721565,9.10864e-06,99.0897,-0.0472408,-0.180164,-5.34225,1.7844,0.273206,-0.00455286,0.00862931,0,-4.5002,-0.181222,0.049296,8,drone1
-0.492942,0.721569,9.15949e-06,99.155,-0.0535856,-0.218207,-7.04088,1.74829,0.316105,-0.00545766,0.00952468,0,-4.14008,-0.290101,0.0478854,8,drone1
-0.49265,0.720594,9.23289e-06,99.3936,-0.0616734,-0.261342,-7.32534,1.71238,0.315424,-0.00139507,0.00729685,0,-2.84469,-0.357926,0.0292687,8,drone1
-0.4927,0.720638,9.30052e-06,99.7307,-0.0698863,-0.299977,-7.6113,1.6652,0.313351,0.000350816,0.00712079,0,-2.86018,-0.471315,0.0290202,8,drone1
-0.492736,0.720659,9.38541e-06,99.9653,-0.0781052,-0.339485,-7.90209,1.61131,0.311144,0.000302336,0.00711279,0,-2.9083,-0.537989,0.037223,8,drone1
-0.492762,0.720673,9.48505e-06,100.127,-0.086329,-0.37993,-8.18687,1.55387,0.309654,0.000254918,0.00714474,0,-2.84797,-0.572174,0.0514148,8,drone1
-0.49278,0.720682,9.59858e-06,100.238,-0.0945919,-0.421439,-8.45928,1.49163,0.307546,0.000243275,0.00712131,0,-2.72449,-0.620359,0.0545217,8,drone1
-0.492792,0.720688,9.72696e-06,100.313,-0.10294,-0.464142,-11.1144,1.45307,0.409992,-0.00257859,0.0182629,0,-2.83082,-0.189318,0.437729,8,drone1
-0.4925,0.72059,9.87821e-06,100.757,-0.115053,-0.508126,-14.6476,1.40111,0.545337,-0.00295777,0.0254432,0,-2.4916,-0.161706,0.565799,8,drone1
-0.492238,0.720863,1.0034e-05,101.975,-0.135264,-0.55008,-14.3835,1.32468,0.514645,0.0041814,-0.00123669,0,2.63337,-0.818938,-0.0866777,8,drone1
-0.492468,0.720988,1.02054e-05,103.266,-0.158515,-0.59317,-12.9582,1.2431,0.433617,0.0158544,-0.00550479,0,2.32632,-1.02749,-0.269566,8,drone1
-0.493483,0.723918,1.03455e-05,103.794,-0.172329,-0.625739,-13.1129,1.1628,0.41956,0.00422791,-0.00117602,0,-1.54953,-0.814476,0.0331921,8,drone1
-0.493494,0.723883,1.05787e-05,103.877,-0.185642,-0.675633,-13.3051,1.08315,0.407191,0.00166904,-0.00217451,0,-1.92403,-0.80461,0.0481096,8,drone1
-0.493505,0.723888,1.08358e-05,103.924,-0.199088,-0.727406,-13.4404,1.00402,0.395701,-0.00303906,0.00644371,0,-1.35482,-0.797088,0.0618069,8,drone1
-0.493511,0.723889,1.11192e-05,103.951,-0.21287,-0.781393,-10.2897,0.94411,0.324562,0.0170774,-0.0234319,0,-2.88493,-0.824696,0.0719862,8,drone1
-0.494585,0.726315,1.13692e-05,103.224,-0.213367,-0.828343,-9.08721,0.87117,0.294194,0.00831278,-0.0122889,0,-5.42302,-0.820653,0.0973634,8,drone1
-0.494907,0.727459,1.16833e-05,101.783,-0.203586,-0.886705,-6.22949,0.805608,0.240393,0.012551,-0.0256533,0,-6.52566,-0.820436,0.0874052,8,drone1
-0.495498,0.72918,1.20184e-05,99.9352,-0.184225,-0.946017,-6.87161,0.724489,0.242018,-0.00611547,-0.00311151,0,-6.42068,-0.808449,0.0634563,8,drone1
-0.495252,0.728992,1.24569e-05,98.1339,-0.16381,-1.01704,-5.17928,0.65314,0.211708,0.00466844,-0.0165882,0,-4.9605,-0.802201,0.0395582,8,drone1
-0.49539,0.729519,1.29055e-05,96.5306,-0.142776,-1.08671,-3.98378,0.578917,0.189798,0.00280136,-0.0127307,0,-4.66473,-0.802625,0.0138846,8,drone1
-0.49543,0.729801,1.34204e-05,94.8722,-0.117238,-1.16044,-4.35829,0.500017,0.186739,-0.00353573,-0.00260259,0,-3.74541,-0.789454,0.00107618,8,drone1
-0.495342,0.729687,1.40118e-05,93.396,-0.0917879,-1.23864,0.73799,0.448084,0.0277978,-0.0249925,-0.04412,0,-3.15083,-0.731723,-1.07427,8,drone1
-0.49524,0.72407,1.48995e-05,91.7,-0.0582341,-1.34668,0.220781,0.368123,0.0368932,-0.00555481,0.000217521,0,-5.17119,-0.803058,0.0480525,8,drone1
-0.495235,0.724042,1.5645e-05,89.8801,-0.0152546,-1.43067,-0.0701529,0.285756,0.0411095,-0.00051009,0.000836097,0,-2.909,-0.824417,0.0201559,8,drone1
-0.495271,0.723937,1.64782e-05,88.3625,0.0251574,-1.51808,-0.145859,0.203909,0.0407204,-0.00101444,0.00156515,0,-0.757147,-0.818433,-0.00775635,8,drone1
-0.495329,0.72385,1.74077e-05,87.1026,0.0632046,-1.60915,3.22058,0.0634725,-0.00713332,0.0188985,-0.0267361,0,-0.762173,-1.42406,-0.360326,8,drone1
-0.494998,0.727742,1.82548e-05,85.7488,0.10695,-1.68478,0.270946,-0.0608502,0.0177248,-0.0200598,0.0229796,0,-1.45799,-1.25769,0.132715,8,drone1
-0.495676,0.723136,1.96214e-05,84.6605,0.15055,-1.80578,0.591092,-0.129582,0.0127766,-0.00710504,0.00437118,0,3.20137,-0.688099,-0.0354367,8,drone1
-0.49573,0.723163,2.09266e-05,84.0545,0.18074,-1.91068,0.159618,-0.201491,0.0028067,-0.00793188,0.00666935,0,4.15062,-0.718661,-0.0645403,8,drone1
-0.496027,0.721471,2.24749e-05,83.6788,0.206666,-2.03012,0.679208,-0.276083,-0.00713097,-0.00497717,0.00437433,0,5.19592,-0.748905,-0.0709257,8,drone1
-0.496047,0.721482,2.41018e-05,83.4738,0.227517,-2.14803,1.1651,-0.352904,-0.0163547,-0.000729483,0.00344574,0,4.85897,-0.770148,-0.071976,8,drone1
-0.496065,0.721477,2.25796e-05,83.3291,0.234257,-2.13511,-0.552559,-0.366804,-0.0072164,-0.0163785,0.0170183,0,4.26105,-0.143628,0.225196,8,drone1
-0.49666,0.717992,2.11411e-05,83.4849,0.216358,-2.03008,0.0907126,-0.439275,-0.0183365,-0.000725519,0.00345116,0,6.43316,-0.729707,-0.0673835,8,drone1
-0.496614,0.718075,2.02183e-05,83.8288,0.190619,-1.91672,0.654351,-0.4905,-0.0268423,0.00277514,0.00330952,0,5.63682,-0.515205,-0.0630918,8,drone1
-0.496585,0.718096,1.933e-05,84.0954,0.169799,-1.81079,1.12744,-0.521299,-0.0327905,0.00267235,0.00334499,0,4.73133,-0.309332,-0.0515188,8,drone1
-0.496563,0.718112,1.8404e-05,84.3035,0.152823,-1.71175,1.52744,-0.53347,-0.034157,0.00252788,0.00348302,0,4.00004,-0.121833,-0.0122323,8,drone1
-0.496547,0.718125,1.74925e-05,84.4667,0.13874,-1.6193,1.86605,-0.530489,-0.0374588,0.00259771,0.00338872,0,3.38647,0.0298106,-0.0330107,8,drone1
-0.496534,0.718135,1.66411e-05,84.5952,0.126841,-1.53311,2.15459,-0.51352,-0.0399642,0.00256589,0.00340218,0,2.88569,0.169912,-0.0233689,8,drone1
-0.496524,0.718143,1.58702e-05,84.6967,0.116629,-1.4529,2.40152,-0.484198,-0.0419585,0.00253629,0.0034119,0,2.46949,0.293507,-0.014598,8,drone1
-0.496517,0.71815,1.51837e-05,84.777,0.107752,-1.37835,2.61337,-0.444616,-0.0471524,0.0025536,0.003373,0,2.11902,0.396985,-0.0419171,8,drone1
-0.496511,0.718155,1.45771e-05,84.8408,0.0999585,-1.30918,2.79611,-0.395286,-0.0520197,0.00251947,0.00338689,0,1.82789,0.494558,-0.0332316,8,drone1
-0.496506,0.71816,1.40428e-05,84.8915,0.0930641,-1.24511,3.09572,-0.348275,-0.0584269,0.0133384,-0.00223195,0,0.968196,0.474715,-0.0585702,8,drone1
-0.496245,0.720894,1.3473e-05,84.9106,0.0861941,-1.17272,3.07052,-0.290666,-0.0653286,0.0103931,0.000118895,0,0.622565,0.577628,-0.0353724,8,drone1
-0.496068,0.722946,1.29913e-05,84.9165,0.0803299,-1.10815,3.19037,-0.225093,-0.0729757,0.000196126,0.0033746,0,1.19908,0.658462,-0.0474395,8,drone1
-0.496071,0.722913,1.26365e-05,84.9292,0.0756287,-1.05795,3.30185,-0.161948,-0.0796798,-0.00242584,0.00370178,0,1.11531,0.633884,-0.0373485,8,drone1
-0.496071,0.722914,1.23252e-05,84.9394,0.0713404,-1.01169,3.40082,-0.0921446,-0.0864421,-0.00239684,0.00369925,0,0.990039,0.700531,-0.032754,8,drone1
-0.49607,0.722915,1.2052e-05,84.9476,0.0674487,-0.969331,3.48889,-0.0155676,-0.0929388,-0.00241986,0.00370629,0,0.88096,0.768116,-0.0247428,8,drone1
-0.496069,0.722916,1.1813e-05,84.9542,0.0639245,-0.930706,3.56742,0.0654203,-0.0971187,-0.00245992,0.00371607,0,0.785267,0.810946,0.00256224,8,drone1
-0.496069,0.722917,1.16045e-05,84.9596,0.0607435,-0.895647,3.63747,0.152511,-0.101616,-0.0024872,0.00372292,0,0.700386,0.872048,0.0045064,8,drone1
-0.496069,0.722918,1.14232e-05,84.964,0.057885,-0.864004,2.62989,0.250523,-0.105477,-0.0127571,0.00956711,0,1.15446,0.962737,-0.0163157,8,drone1
-0.496383,0.720167,1.13357e-05,85.0852,0.0547659,-0.849029,2.71051,0.355947,-0.107177,-0.00119167,0.00630504,0,0.805859,1.05408,0.0247275,8,drone1
-0.496361,0.720227,1.12028e-05,85.284,0.0497144,-0.823824,2.85325,0.441439,-0.110184,0.000158797,0.00349028,0,1.42726,0.855425,0.000796053,8,drone1
-0.496349,0.720239,1.10859e-05,85.443,0.0456669,-0.80187,2.93375,0.511996,-0.1127,0.00369809,0.00191865,0,0.804779,0.705995,0.00554061,8,drone1
-0.496339,0.720249,1.09868e-05,85.5706,0.0424015,-0.782864,2.99781,0.565913,-0.116029,0.00686954,-0.00145934,0,0.640316,0.540122,-0.00837229,8,drone1
-0.496331,0.720257,1.09046e-05,85.6734,0.0397723,-0.766726,3.0523,0.608823,-0.117121,0.00255042,0.00199314,0,0.54471,0.429135,0.00970428,8,drone1
-0.496325,0.720264,1.08382e-05,85.7562,0.0376703,-0.753384,3.10205,0.640003,-0.116161,0.000191426,0.00354156,0,0.497548,0.310943,0.0249731,8,drone1
-0.49632,0.720269,1.07862e-05,85.8231,0.036013,-0.742774,3.17724,0.663789,-0.117396,-0.00479774,0.00578136,0,0.751721,0.238175,-0.000863911,8,drone1
-0.496316,0.720273,1.07479e-05,85.8772,0.0347375,-0.734841,3.21289,0.679596,-0.115096,-0.00422331,0.00685624,0,0.356796,0.156644,0.0312855,8,drone1
-0.496313,0.720277,1.07225e-05,85.921,0.0337954,-0.729536,3.23837,0.686761,-0.113497,-0.00125681,0.00421992,0,0.254983,0.0706811,0.0198382,8,drone1
-0.496311,0.72028,1.07096e-05,85.9565,0.0331498,-0.726824,3.24548,0.68792,-0.111146,0.000158452,0.00359956,0,0.0714001,0.0102529,0.0241202,8,drone1
-0.496309,0.720282,1.07088e-05,85.9854,0.0327722,-0.726674,3.24755,0.683896,-0.108486,0.000268629,0.00355479,0,0.0209737,-0.0416781,0.0242813,8,drone1
-0.496307,0.720284,1.072e-05,86.0088,0.0326409,-0.729068,3.38029,0.609193,-0.128902,0.0347862,-0.00308979,0,-0.109179,-0.732312,-0.229549,8,drone1
-0.495801,0.727378,1.05862e-05,86.0145,0.030527,-0.699825,3.36369,0.603691,-0.123568,0.000285432,0.00356081,0,-0.165343,-0.0581318,0.0499272,8,drone1
-0.495813,0.727259,1.06186e-05,86.0066,0.0311761,-0.707649,3.3482,0.597836,-0.118417,-0.00681197,0.00399037,0,-0.154342,-0.0615281,0.0479142,8,drone1
-0.495814,0.727259,1.06644e-05,86.0004,0.0319282,-0.717322,3.33506,0.588412,-0.113485,-0.00668812,0.00397737,0,-0.130932,-0.0970022,0.0436235,8,drone1
-0.495814,0.727259,1.07217e-05,85.9954,0.0328378,-0.729432,3.32386,0.576044,-0.108775,-0.00668373,0.00397474,0,-0.111448,-0.126249,0.0397122,8,drone1
-0.495814,0.727259,1.07915e-05,85.9915,0.0339087,-0.743999,3.31429,0.56122,-0.104288,-0.00667963,0.00397255,0,-0.0952068,-0.150616,0.0360885,8,drone1
-0.495814,0.727259,1.08749e-05,85.9884,0.0351452,-0.761056,3.30608,0.544367,-0.100023,-0.00667583,0.00397072,0,-0.0816373,-0.170737,0.032717,8,drone1
