0.167507,-0.42698,5.53539e-06,0,0,-0.0111886,0,0,0,0,0,0,0,0,0,-1,pipuck6
0.167507,-0.42698,7.91351e-06,0,0,-0.0159945,0,0,0,0,0,0,0,0,0,-1,pipuck6
0.167507,-0.42698,8.88486e-06,0,0,-0.0179578,0,0,0,0,0,0,0,0,0,-1,pipuck6
0.167507,-0.42698,9.26229e-06,0,0,-0.0187206,0,0,0,0,0,0,0,0,0,-1,pipuck6
0.167507,-0.42698,9.40043e-06,0,0,-0.0189998,0,0,0,0,0,0,0,0,0,-1,pipuck6
0.167507,-0.42698,9.44705e-06,0,0,-0.019094,0,0,0,0,0,0,0,0,0,-1,pipuck6
0.167507,-0.42698,9.46085e-06,0,0,-0.0191219,0,0,0,0,0,0,0,0,0,-1,pipuck6
0.167507,-0.42698,9.46391e-06,0,0,-0.0191281,0,0,0,0,0,0,0,0,0,-1,pipuck6
0.167507,-0.42698,9.46396e-06,0,0,-0.0191282,0,0,0,0,0,0,0,0,0,-1,pipuck6
0.167507,-0.42698,9.46346e-06,0,0,-0.0191272,0,0,0,0,0,0,0,0,0,-1,pipuck6
0.167507,-0.42698,9.46303e-06,0,0,-0.0191263,0,0,0,0,0,0,0,0,0,-1,pipuck6
0.167507,-0.42698,9.46276e-06,0,0,-0.0191258,0,0,0,0,0,0,0,0,0,-1,pipuck6
0.167507,-0.42698,9.46262e-06,0,0,-0.0191255,0,0,0,0,0,0,0,0,0,-1,pipuck6
0.167507,-0.42698,9.46255e-06,0,0,-0.0191254,0,0,0,0,0,0,0,0,0,-1,pipuck6
0.167507,-0.42698,9.46252e-06,0,0,-0.0191253,0,0,0,0,0,0,0,0,0,-1,pipuck6
0.167507,-0.42698,9.46251e-06,0,0,-0.0191253,0,0,0,0,0,0,0,0,0,-1,pipuck6
0.167507,-0.42698,9.4625e-06,0,0,-0.0191253,0,0,0,0,0,0,0,0,0,-1,pipuck6
0.167507,-0.42698,9.4625e-06,0,0,-0.0191253,0,0,0,0,0,0,0,0,0,-1,pipuck6
0.167507,-0.42698,9.4625e-06,0,0,-0.0191253,0,0,0,0,0,0,0,0,0,-1,pipuck6
0.167507,-0.42698,9.4625e-06,0,0,-0.0191253,0,0,0,0,0,0,0,0,0,-1,pipuck6
0.167507,-0.42698,9.4625e-06,0,0,-0.0191253,0,0,0,0,0,0,0,0,0,-1,pipuck6
0.167507,-0.42698,9.4625e-06,0,0,-0.0191252,0,0,0,0,0,0,0,0,0,-1,pipuck6
0.167507,-0.42698,9.4625e-06,0,0,-0.0191252,0,0,0,0,0,0,0,0,0,-1,pipuck6
0.167507,-0.42698,9.4625e-06,0,0,-0.0191252,0,0,0,0,0,0,0,0,0,-1,pipuck6
0.167507,-0.42698,9.4625e-06,0,0,-0.0191252,0,0,0,0,0,0,0,0,0,-1,pipuck6
0.167507,-0.42698,9.4625e-06,0,0,-0.0191252,0,0,0,0,0,0,0,0,0,-1,pipuck6
0.167507,-0.42698,9.4625e-06,0,0,-0.0191252,0,0,0,0,0,0,0,0,0,-1,pipuck6
0.167507,-0.42698,9.4625e-06,0,0,-0.0191252,0,0,0,0,0,0,0,0,0,-1,pipuck6
0.167507,-0.42698,9.4625e-06,0,0,-0.0191252,0,0,0,0,0,0,0,0,0,-1,pipuck6
0.167507,-0.42698,9.4625e-06,0,0,-0.0191252,0,0,0,0,0,0,0,0,0,-1,pipuck6
0.167507,-0.42698,9.4625e-06,0,0,-0.0191252,0,0,0,0,0,0,0,0,0,-1,pipuck6
0.167507,-0.42698,9.4625e-06,0,0,-0.0191252,0,0,0,0,0,0,0,0,0,-1,pipuck6
0.167507,-0.42698,9.4625e-06,0,0,-0.0191252,0,0,0,0,0,0,0,0,0,-1,pipuck6
0.167507,-0.42698,9.4625e-06,0,0,-0.0191252,0,0,0,0,0,0,0,0,0,-1,pipuck6
0.167507,-0.42698,9.4625e-06,0,0,-0.0191252,0,0,0,0,0,0,0,0,0,-1,pipuck6
0.167507,-0.42698,9.4625e-06,0,0,-0.0191252,0,0,0,0,0,0,0,0,0,-1,pipuck6
0.167507,-0.42698,9.4625e-06,0,0,-0.0191252,0,0,0,0,0,0,0,0,0,-1,pipuck6
0.167507,-0.42698,9.4625e-06,0,0,-0.0191252,0,0,0,0,0,0,0,0,0,-1,drone1
0.167507,-0.42698,9.4625e-06,0,0,-0.0191252,0,0,0,0,0,0,0,0,0,-1,drone1
0.167507,-0.42698,9.4625e-06,0,0,-0.0191252,8.92861,-0.0332553,-0.267169,-0.100847,-0.383751,0,-0.720632,-0.317466,-2.67352,6,drone1
0.162821,-0.427005,9.12737e-06,-1.01557,0.0217634,-0.0180645,16.9805,-0.163119,-0.523279,-0.169361,-0.380951,0,-9.48504,-0.257343,-2.76802,6,drone1
0.158005,-0.427124,9.07257e-06,-3.82553,0.0439288,-0.015434,24.3407,-0.364838,-0.696415,-0.206778,-0.359875,0,-16.3954,-0.2649,-2.33853,6,drone1
0.153889,-0.427355,9.04586e-06,-8.36788,0.062356,-0.00929053,34.2963,-0.410157,-0.590304,0.692953,-0.550632,0,69.4823,-0.0191108,0.777235,3,drone1
0.171948,-0.43052,8.98289e-06,-13.3827,-0.0253077,-0.0246697,42.749,-0.429679,-0.499827,0.64172,-0.615152,0,64.0694,-0.0711318,0.691504,3,drone1
0.190085,-0.435117,9.02675e-06,-17.3624,-0.111976,-0.0540166,49.8308,-0.421618,-0.421378,0.589481,-0.64089,0,60.632,-0.0304692,0.683228,3,drone1
0.208223,-0.440954,9.13382e-06,-20.209,-0.198092,-0.0922461,51.2661,-0.362813,-0.389335,1.36175,-0.765558,0,57.5303,-0.000700116,0.689402,6,drone1
0.223119,-0.446193,9.25158e-06,-21.5193,-0.270098,-0.125975,52.1989,-0.297755,-0.357719,1.36766,-0.717397,0,58.942,0.0290248,0.697974,6,drone1
0.238092,-0.451688,9.44192e-06,-21.1206,-0.346747,-0.153397,52.847,-0.230445,-0.324127,1.36221,-0.696244,0,59.3197,0.0514143,0.690921,6,drone1
0.253524,-0.457055,9.68571e-06,-19.3196,-0.430884,-0.170321,53.4231,-0.1627,-0.286887,1.33941,-0.708444,0,58.2729,0.0788341,0.682185,6,drone1
0.269708,-0.461999,9.98306e-06,-16.4413,-0.523663,-0.173507,54.0873,-0.0953933,-0.246,1.29909,-0.750269,0,55.8959,0.112015,0.673513,6,drone1
0.286747,-0.466252,1.0344e-05,-12.8416,-0.624369,-0.161008,54.9462,-0.0285413,-0.202683,1.24043,-0.815286,0,52.3532,0.150231,0.667097,6,drone1
0.304449,-0.469599,1.07861e-05,-8.90522,-0.730274,-0.13287,56.0569,0.0385025,-0.158878,1.16347,-0.894646,0,47.8945,0.191563,0.665037,6,drone1
0.322702,-0.471839,2.21701e-05,-4.97427,-0.844876,-0.0331593,60.4969,0.131839,-0.0439379,0.531954,-0.648542,0,56.251,0.181069,1.38685,3,drone1
0.341615,-0.472748,1.568e-05,-1.28964,-0.954141,0.00426131,61.8226,0.201371,-0.019767,0.908264,-1.10739,0,34.4756,0.336935,0.60638,6,drone1
0.360484,-0.472624,1.37088e-05,2.03152,-1.06514,0.0580533,63.4019,0.274321,0.00147665,0.79954,-1.16554,0,29.4652,0.351147,0.6438,6,drone1
0.379669,-0.471508,1.36947e-05,5.05171,-1.17847,0.122731,65.1926,0.351309,0.0173841,0.689067,-1.21245,0,24.5649,0.366173,0.681253,6,drone1
0.399095,-0.469506,1.4479e-05,7.63788,-1.2945,0.191799,67.1646,0.432743,0.0263249,0.577396,-1.24826,0,19.7543,0.375751,0.723442,6,drone1
0.418646,-0.466737,1.5613e-05,9.67019,-1.41446,0.259283,69.2562,0.518748,0.0275617,0.46933,-1.27194,0,15.1968,0.375745,0.771452,6,drone1
0.437792,-0.463459,1.69336e-05,11.0797,-1.53802,0.31957,71.3861,0.609232,0.0212621,0.370164,-1.28371,0,11.0737,0.364499,0.824676,6,drone1
0.456698,-0.45985,1.8412e-05,11.8516,-1.66806,0.36851,73.4786,0.703807,0.00830512,0.284451,-1.28552,0,7.53544,0.341669,0.879726,6,drone1
0.475497,-0.456086,2.00754e-05,12.0184,-1.80678,0.403149,75.4671,0.802264,-0.00979347,0.214731,-1.27954,0,4.6724,0.30938,0.936329,6,drone1
0.494313,-0.452321,2.19504e-05,11.651,-1.95565,0.421742,77.2959,0.90462,-0.0310565,0.161892,-1.26805,0,2.51865,0.270445,0.994087,6,drone1
0.513184,-0.448688,2.40606e-05,10.8812,-2.11469,0.424951,78.9219,1.01114,-0.0532404,0.125415,-1.25297,0,1.05888,0.228105,1.05276,6,drone1
0.531838,-0.445268,2.13231e-05,9.87406,-2.10352,0.379465,80.3192,1.12225,-0.0741967,0.103009,-1.23579,0,0.204281,0.185726,1.11198,6,drone1
0.550955,-0.44217,1.9697e-05,8.75275,-1.95675,0.315486,81.4819,1.22013,-0.0916911,0.0912526,-1.21786,0,-0.185276,0.110696,0.99184,6,drone1
0.570241,-0.439407,1.87785e-05,7.59956,-1.81836,0.258593,82.03,1.28105,-0.0430688,0.137863,-1.16558,0,1.54958,-0.464054,0.699387,6,drone1
0.589978,-0.436898,1.78402e-05,6.54957,-1.68911,0.211117,82.7881,1.33405,-0.0565546,0.0970794,-1.17873,0,0.375352,0.0500036,0.5348,6,drone1
0.609572,-0.434795,1.67963e-05,5.61791,-1.56602,0.171823,83.3569,1.36838,-0.0643353,0.100343,-1.15857,0,0.666673,0.00687501,0.35103,6,drone1
0.629302,-0.432978,1.57692e-05,4.76168,-1.45039,0.13885,83.7637,1.38676,-0.0669669,0.105221,-1.13841,0,1.02897,-0.0226897,0.191818,6,drone1
0.649153,-0.431431,1.48209e-05,4.00123,-1.34186,0.111992,84.4102,1.46383,-0.0822821,0.0619874,-1.09652,0,-0.175847,0.0761383,0.775681,6,drone1
0.668823,-0.430174,1.39612e-05,3.29602,-1.23883,0.089495,84.7529,1.63984,-0.0570377,0.071476,-1.02245,0,-0.10793,-0.170837,1.79031,6,drone1
0.688671,-0.429134,1.3218e-05,2.63247,-1.14272,0.0706966,84.7369,1.59831,-0.0478534,0.116947,-1.07754,0,1.95295,-0.0757766,-0.411811,6,drone1
0.708611,-0.428291,1.25798e-05,2.07651,-1.05279,0.0563369,84.6368,1.5513,-0.0358141,0.127761,-1.05632,0,2.63189,-0.0720583,-0.468017,6,drone1
0.728463,-0.427638,2.34249e-05,1.65365,-0.969766,-0.0132919,84.472,1.49997,-0.0220914,0.137859,-1.03494,0,3.28751,-0.0651414,-0.512431,6,drone1
0.748343,-0.427127,1.02682e-05,1.28485,-0.888375,0.0355104,84.2628,1.44504,-0.00186892,0.146479,-1.01372,0,3.87468,-0.115507,-0.541501,6,drone1
0.768041,-0.42673,3.25249e-06,0.982951,-0.813295,0.0161993,84.0188,1.38764,0.0120898,0.15463,-0.992424,0,4.45223,-0.0434287,-0.573744,6,drone1
0.787405,-0.426438,3.64577e-06,0.738868,-0.741475,0.00578156,83.7494,1.32827,0.0269228,0.161969,-0.97133,0,4.99791,-0.0472413,-0.591608,6,drone1
0.806994,-0.426224,7.14169e-06,0.578978,-0.674654,0.0183715,83.4627,1.26747,0.0413847,0.168516,-0.950606,0,5.51111,-0.04272,-0.604849,6,drone1
0.82664,-0.426043,4.06653e-06,0.507764,-0.611622,-0.000354598,83.1687,1.20598,0.0528978,0.173669,-0.929818,0,5.95747,-0.0168665,-0.613854,6,drone1
0.846147,-0.425872,1.43816e-06,0.554745,-0.552532,0.00444044,82.877,1.14412,0.0645762,0.177254,-0.909199,0,6.32262,-0.0260197,-0.614783,6,drone1
0.865796,-0.425653,7.39359e-06,0.715079,-0.497074,0.0195336,82.6004,1.08244,0.0736862,0.178734,-0.889088,0,6.56728,-0.0123678,-0.613896,6,drone1
0.885385,-0.425356,9.58374e-06,0.993321,-0.445416,0.0257964,82.3504,1.0214,0.079152,0.178031,-0.869247,0,6.68348,0.00870189,-0.610484,6,drone1
0.904972,-0.424947,9.86775e-06,1.3706,-0.397041,0.0284162,82.138,0.961332,0.0819504,0.17504,-0.849925,0,6.65536,0.017519,-0.602416,6,drone1
0.924568,-0.424393,9.68618e-06,1.82668,-0.35179,0.0299943,82.103,0.877567,0.0353116,0.161684,-0.829035,0,6.65824,0.417343,-0.922946,6,drone1
0.94423,-0.423676,9.47256e-06,2.33099,-0.309771,0.0311398,81.9764,0.823048,0.0384911,0.161244,-0.812836,0,6.06977,-0.0205886,-0.546469,6,drone1
0.963871,-0.42278,9.31751e-06,2.86579,-0.270394,0.0319094,82.1823,0.829792,0.0104135,0.128058,-0.76554,0,5.3354,0.334898,0.00886505,6,drone1
0.983674,-0.421707,9.21593e-06,3.39195,-0.234422,0.03219,82.1403,0.772142,0.0129779,0.14035,-0.776824,0,4.95148,-0.0490718,-0.57592,6,drone1
1.00338,-0.420451,9.15058e-06,3.89832,-0.200444,0.0319296,82.1531,0.71667,0.0136423,0.131169,-0.758334,0,4.46735,-0.0438681,-0.554528,6,drone1
1.02312,-0.419025,9.10547e-06,4.39528,-0.169005,0.0312573,82.2158,0.663365,0.0128265,0.121684,-0.739932,0,3.94823,-0.0399892,-0.533132,6,drone1
1.04289,-0.417434,9.0732e-06,4.8654,-0.139937,0.0301847,82.4561,0.612293,0.00935629,0.111861,-0.721473,0,3.38862,-0.0370762,-0.51122,6,drone1
1.06265,-0.41569,1.28724e-05,5.28261,-0.117037,-0.0154025,88.4122,0.561054,-0.0553132,0.100394,-0.703141,0,2.6782,-0.0353116,-0.488953,6,drone1
1.07828,-0.414141,9.83482e-06,5.3609,-0.0654473,0.0261294,97.0686,0.515086,-0.150302,0.0317338,-0.69145,0,-3.44045,0.0778424,-0.309311,6,drone1
1.08429,-0.414276,1.0618e-05,4.15512,0.0247964,0.0197083,105.702,0.459997,-0.155112,0.0445521,-0.649429,0,-3.66792,-0.693349,-0.366706,6,drone1
1.08623,-0.414679,1.00865e-05,0.679892,0.13401,0.0186724,112.716,0.384704,-0.205183,-0.165669,-0.647946,0,-19.8562,0.00861755,-0.519425,6,drone1
1.08994,-0.414475,9.6334e-06,-4.92351,0.233126,0.0392499,119.376,0.300432,-0.236118,-0.20422,-0.634874,0,-23.3954,0.0372333,-0.567227,6,drone1
1.09818,-0.415685,3.59165e-06,-11.9572,0.306858,0.0581588,125.931,0.211017,-0.2496,-0.214562,-0.627555,0,-24.4525,0.0817627,-0.591006,6,drone1
1.1086,-0.419175,6.44809e-06,-20.1519,0.356321,0.117816,132.533,0.121942,-0.245285,-0.204862,-0.622293,0,-23.9735,0.107312,-0.591563,6,drone1
1.12047,-0.424595,2.80399e-05,-29.7436,0.351432,0.251497,139.295,0.0363476,-0.227662,-0.180315,-0.619451,0,-22.3816,0.153589,-0.557976,6,drone1
1.13223,-0.432846,1.28316e-05,-39.5131,0.385584,0.286097,146.363,-0.00537584,-0.18445,-0.139284,-0.61103,0,-19.3186,-0.20083,-0.429768,6,drone1
1.14228,-0.4425,1.09528e-05,-49.1615,0.362511,0.388293,135.581,-0.0532149,-0.213541,-0.0901886,-0.601932,0,-17.8203,0.82416,-0.0481303,6,drone1
1.14899,-0.451763,9.49769e-06,-56.555,0.342562,0.487897,142.155,-0.125678,-0.18293,0.130182,-0.60082,0,3.57886,0.176244,-0.520407,6,drone1
1.15795,-0.466577,6.87712e-06,-61.8395,0.29138,0.568224,146.325,-0.186053,-0.154363,0.147461,-0.591506,0,4.39825,0.247242,-0.46539,6,drone1
1.16628,-0.483257,8.11248e-06,-66.5817,0.256018,0.624826,147.905,-0.235574,-0.136985,0.172804,-0.578178,0,5.51268,0.295341,-0.388957,6,drone1
1.17376,-0.501113,9.40775e-06,-70.1181,0.226252,0.671843,146.792,-0.276434,-0.134074,0.219654,-0.55701,0,8.67477,0.303823,-0.357123,6,drone1
1.18004,-0.518279,1.02772e-05,-72.3154,0.210946,0.717905,142.817,-0.34464,-0.161344,0.222278,-0.519975,0,7.57499,0.669357,-0.438065,6,drone1
1.18549,-0.534056,1.08504e-05,-73.0405,0.215067,0.766413,136.571,-0.362876,-0.199845,0.348726,-0.481209,0,19.496,0.227868,-0.376739,6,drone1
1.18912,-0.544857,1.13131e-05,-71.6113,0.256909,0.82915,130.217,-0.377149,-0.245105,0.416243,-0.423422,0,26.4673,0.180788,-0.446903,6,drone1
1.19362,-0.555148,1.19472e-05,-67.3997,0.345557,0.877826,124.356,-0.392131,-0.291532,0.458366,-0.377419,0,31.3904,0.133322,-0.537791,6,drone1
1.19643,-0.559147,1.27878e-05,-59.5332,0.516555,0.914889,118.66,-0.407397,-0.338127,0.475207,-0.354714,0,33.0382,0.075074,-0.625123,6,drone1
1.19615,-0.558475,1.38438e-05,-47.7402,0.782901,0.889645,112.746,-0.425072,-0.383587,0.463419,-0.368034,0,30.8653,0.0183618,-0.733885,6,drone1
1.19646,-0.558952,1.49335e-05,-34.0865,1.07788,0.75228,106.245,-0.446416,-0.425887,0.422789,-0.414155,0,24.9823,-0.0505254,-0.859058,6,drone1
1.20083,-0.561392,1.58943e-05,-20.0923,1.3309,0.506981,99.0275,-0.470049,-0.463566,0.368306,-0.463167,0,17.8271,-0.153609,-0.965232,6,drone1
1.21065,-0.563792,1.6723e-05,-6.53292,1.50018,0.190827,91.6119,-0.473928,-0.428152,0.351224,-0.446919,0,15.8281,-1.02324,-0.834755,6,drone1
1.22301,-0.563964,1.75462e-05,6.56453,1.58447,-0.163243,83.1032,-0.508973,-0.460609,0.25913,-0.519267,0,4.90755,-0.381347,-1.06841,6,drone1
1.23549,-0.561599,1.84113e-05,18.968,1.59034,-0.526502,74.1362,-0.541087,-0.490952,0.216935,-0.525977,0,0.320852,-0.568538,-1.04209,6,drone1
1.24783,-0.556337,1.93156e-05,30.2062,1.5288,-0.867969,72.2676,-0.617395,-0.397889,0.220844,-0.482071,0,0.212333,-1.31907,-0.588035,6,drone1
1.26099,-0.547566,2.3095e-05,39.3485,1.40261,-1.18175,64.2209,-0.676179,-0.418902,0.0930697,-0.535129,0,-12.4766,-0.704029,-0.989639,6,drone1
1.27433,-0.53514,2.55539e-05,46.8976,1.32668,-1.3765,55.1124,-0.723697,-0.449289,0.0774541,-0.521973,0,-13.5713,-0.898305,-0.868267,6,drone1
1.28212,-0.525927,2.2019e-05,54.0378,1.17218,-1.64548,49.5451,-0.802194,-0.45037,0.0822987,-0.504042,0,-12.0111,-1.02092,-0.752167,6,drone1
1.28669,-0.518885,2.17126e-05,60.6131,1.04548,-1.88346,54.1681,-0.964445,-0.307165,0.0613658,-0.496379,0,-13.5839,-1.14187,-0.641799,6,drone1
1.28873,-0.515396,3.03177e-05,65.3923,0.937665,-1.97426,60.6934,-1.1199,-0.100775,-0.0405898,-0.491749,0,-24.7792,-0.9483,-0.794211,6,drone1
1.28652,-0.519195,2.03317e-05,69.4062,0.728151,-1.897,66.089,-1.23622,0.110922,-0.137737,-0.470558,0,-36.0768,-0.571855,-0.909973,6,drone1
1.28606,-0.521857,1.21005e-05,72.3392,0.572812,-1.79425,70.5438,-1.30126,0.320019,-0.21168,-0.445947,0,-45.4814,-0.194608,-0.791414,6,drone1
1.28589,-0.524363,1.521e-05,73.7945,0.47521,-1.67384,74.2595,-1.32377,0.517315,-0.265985,-0.417412,0,-52.8645,0.124121,-0.66747,6,drone1
1.28716,-0.524505,1.60124e-05,71.5799,0.488303,-1.51571,77.4577,-1.31093,0.69707,-0.301304,-0.393941,0,-58.0315,0.390459,-0.548059,6,drone1
1.28835,-0.523845,1.79886e-05,64.6058,0.641338,-1.29787,80.557,-1.2659,0.853737,-0.306845,-0.388176,0,-59.0114,0.616961,-0.430681,6,drone1
1.28893,-0.522706,1.56183e-05,55.8617,0.753728,-1.07519,84.0432,-1.19043,0.980316,-0.27932,-0.406809,0,-55.1328,0.830401,-0.320212,6,drone1
1.29062,-0.520655,8.19017e-06,46.1094,0.808718,-0.851406,88.0543,-1.09017,1.07725,-0.241187,-0.429445,0,-49.8741,0.98985,-0.232188,6,drone1
1.29434,-0.517322,2.62658e-05,33.6892,0.88507,-0.534227,92.6388,-0.967704,1.14716,-0.197365,-0.448758,0,-44.1352,1.07703,-0.131864,6,drone1
1.29856,-0.515357,1.76014e-05,20.6552,0.852039,-0.288714,90.9121,-0.910463,1.17722,-0.100651,-0.430563,0,-39.9045,0.0474764,0.163152,6,drone1
1.31377,-0.511548,2.84281e-06,7.77278,0.703874,-0.0933196,97.7546,-0.74127,1.19211,-0.0119954,-0.480802,0,-21.5463,1.21403,0.0128758,6,drone1
1.32767,-0.51105,3.22314e-05,-4.50435,0.544182,-0.0205094,104.802,-0.566826,1.17526,0.0389533,-0.463674,0,-15.5141,1.1743,0.211242,6,drone1
1.34315,-0.513873,1.48697e-05,-16.5086,0.354424,0.0745197,108.8,-0.472463,1.11167,0.0829981,-0.444411,0,-10.289,1.075,0.27343,6,drone1
1.35664,-0.51896,1.25089e-05,-27.4333,0.180633,0.0655744,110.009,-0.437769,1.01566,0.147468,-0.413114,0,-2.28717,0.989784,0.427907,6,drone1
1.37062,-0.527144,1.06688e-05,-35.4558,0.0238718,-0.00944879,108.67,-0.446222,0.902983,0.218349,-0.368222,0,7.42533,0.843259,0.548371,6,drone1
1.3829,-0.536608,9.76837e-06,-40.6467,-0.106517,-0.117241,105.271,-0.472855,0.781262,0.279144,-0.312011,0,16.7854,0.690591,0.671472,6,drone1
1.39336,-0.545958,9.58624e-06,-43.0734,-0.221072,-0.232283,100.177,-0.499708,0.654318,0.325917,-0.251633,0,25.3736,0.560257,0.790307,6,drone1
1.40288,-0.554813,9.8429e-06,-42.7634,-0.338206,-0.337857,94.4668,-0.505633,0.533631,0.358229,-0.192917,0,32.8929,0.47014,0.902845,6,drone1
1.41224,-0.562992,1.03692e-05,-39.88,-0.473657,-0.419694,89.2963,-0.478988,0.43371,0.375855,-0.145367,0,38.2919,0.425094,1.00533,6,drone1
1.42275,-0.571013,1.46671e-05,-34.9909,-0.663213,-0.432895,84.3543,-0.427222,0.354042,0.381476,-0.1178,0,40.5773,0.41644,1.09182,6,drone1
1.43299,-0.577868,1.47312e-05,-29.0133,-0.842276,-0.439832,79.4174,-0.353813,0.289377,0.380796,-0.104218,0,40.6281,0.485245,1.16102,6,drone1
1.44121,-0.582244,1.44934e-05,-20.6005,-1.03449,-0.365965,74.3765,-0.264237,0.24408,0.377565,-0.0988281,0,39.5855,0.535085,1.2093,6,drone1
1.44935,-0.584759,1.46606e-05,-10.382,-1.22718,-0.205005,68.9983,-0.163421,0.215119,0.36973,-0.111624,0,36.2124,0.610931,1.22417,6,drone1
1.45983,-0.585683,1.55236e-05,0.0715389,-1.40355,0.0202169,63.1362,-0.0544991,0.200287,0.356838,-0.134135,0,31.3719,0.713407,1.21362,6,drone1
1.47281,-0.584496,1.69816e-05,10.3202,-1.54961,0.300438,57.7197,0.0640264,0.200661,0.340983,-0.152464,0,26.7814,0.845296,1.18491,6,drone1
1.48747,-0.580745,1.89683e-05,19.9108,-1.65539,0.618516,53.6039,0.193881,0.211156,0.320898,-0.169028,0,21.9515,0.986356,1.14591,6,drone1
1.50231,-0.574407,2.25771e-05,28.2143,-1.72223,0.946874,50.7395,0.334888,0.222972,0.295477,-0.185869,0,16.4799,1.11228,1.11224,6,drone1
1.51689,-0.565731,1.62211e-05,34.4358,-1.78665,1.22708,48.8657,0.486354,0.22915,0.267392,-0.199673,0,11.0445,1.21632,1.08978,6,drone1
1.53223,-0.554046,2.2531e-05,39.5857,-1.62302,1.31963,45.5672,0.697817,0.220863,-0.199666,0.4857,0,6.65748,1.88561,1.34707,3,drone1
1.51909,-0.565674,1.99153e-05,43.7013,-1.29886,1.21392,40.958,0.814636,0.265825,-0.190705,0.518165,0,4.85259,1.11965,0.833634,3,drone1
1.50766,-0.577289,1.44435e-05,47.8691,-1.00332,1.08642,35.7541,0.937037,0.262478,-0.19747,0.482759,0,4.31283,1.69748,0.316596,3,drone1
1.49635,-0.590602,4.59693e-06,52.0668,-0.725325,0.931072,29.1579,0.951979,0.355356,-0.178596,0.491047,0,6.38056,0.58194,0.0968608,3,drone1
1.48601,-0.604536,2.02038e-05,56.3169,-0.466219,0.763899,21.8409,0.917818,0.452797,-0.184042,0.473961,0,8.77535,0.369698,-0.218253,3,drone1
1.4779,-0.61769,1.48627e-05,61.0076,-0.27649,0.55674,14.0248,0.839838,0.541841,-0.193308,0.456134,0,11.8386,0.15592,-0.480905,3,drone1
1.47202,-0.629436,9.70026e-06,66.2979,-0.129666,0.341991,6.52145,0.733351,0.610684,-0.203023,0.440452,0,14.9614,-0.0713637,-0.595251,3,drone1
1.46789,-0.640336,4.63375e-06,72.1181,-0.0448285,0.108318,-0.76024,0.604008,0.653621,-0.206857,0.430099,0,17.1733,-0.293486,-0.664933,3,drone1
1.46475,-0.650239,5.98198e-06,78.72,0.0122953,-0.122817,-7.89545,0.458057,0.671389,-0.206062,0.424245,0,18.6352,-0.498979,-0.647667,3,drone1
1.46327,-0.658656,7.6302e-06,86.7624,0.00533623,-0.352529,-15.2251,0.31358,0.741575,-0.190797,0.427205,0,16.6991,-0.333479,0.129151,3,drone1
1.46342,-0.664133,9.07882e-06,95.4477,-0.0698873,-0.561875,-22.3777,0.139605,0.701634,-0.185813,0.426315,0,18.459,-0.83906,-0.543684,3,drone1
1.46427,-0.667099,8.85638e-06,104.808,-0.181857,-0.74502,-29.6837,-0.0320737,0.638721,-0.169132,0.43291,0,16.9291,-0.918836,-0.383116,3,drone1
1.46437,-0.666642,3.25951e-05,114.425,-0.447334,-0.840757,-37.1771,-0.200339,0.581976,-0.149793,0.435929,0,15.0621,-0.824328,0.0327828,3,drone1
1.46161,-0.662208,2.31168e-05,124.063,-0.656158,-0.901578,-44.9016,-0.358344,0.484206,-0.134898,0.445672,0,12.7548,-0.917538,0.0185209,3,drone1
1.45673,-0.656055,2.95196e-05,133.763,-0.835881,-0.944042,-52.818,-0.501283,0.371155,-0.123771,0.446427,0,10.8407,-0.85367,0.199305,3,drone1
1.44963,-0.649737,1.85968e-05,143.783,-1.14687,-0.809184,-60.856,-0.632101,0.263396,-0.123739,0.441939,0,9.6286,-0.635364,0.511708,3,drone1
1.43904,-0.6432,1.78708e-05,154.142,-1.39391,-0.652582,-68.8435,-0.737793,0.134637,-0.105097,0.440249,0,7.07147,-0.589602,0.512459,3,drone1
1.42503,-0.637409,1.82009e-05,163.744,-1.60251,-0.447772,-75.4059,-0.826529,0.027902,-0.0924592,0.433169,0,4.69796,-0.397776,0.677664,3,drone1
1.40837,-0.633461,1.91521e-05,172.387,-1.76844,-0.218251,-80.4172,-0.907283,-0.0494451,-0.0747818,0.423321,0,1.65794,-0.220579,0.783882,3,drone1
1.39051,-0.632026,2.0434e-05,-179.729,-1.89896,0.0266698,-84.1838,-0.98746,-0.0980398,-0.0523801,0.410721,0,-1.97354,-0.0784188,0.851979,3,drone1
1.37187,-0.63336,2.18995e-05,-172.558,-1.99718,0.278635,-86.8606,-1.07143,-0.117728,-0.0261311,0.395842,0,-6.0893,0.024857,0.898526,3,drone1
1.35289,-0.637303,2.35261e-05,-166.535,-2.07213,0.514248,-88.52,-1.16115,-0.107494,0.00279325,0.378129,0,-10.5807,0.0869551,0.931738,3,drone1
1.33481,-0.642799,3.36548e-05,-161.853,-2.07628,0.718473,-89.2674,-1.25642,-0.0682795,0.030406,0.357502,0,-14.9398,0.104942,0.957983,3,drone1
1.31706,-0.649687,2.59297e-05,-158.148,-1.84322,0.767414,-89.3294,-1.34924,-0.00366706,0.0541501,0.335706,0,-18.8693,0.098665,0.923394,3,drone1
1.30034,-0.657158,2.12404e-05,-155.911,-1.63872,0.756207,-88.8436,-1.4121,0.0755766,0.0749064,0.312544,0,-22.5106,0.0297978,0.629735,3,drone1
1.284,-0.664756,2.83178e-05,-154.977,-1.48561,0.649139,-87.9839,-1.44683,0.161874,0.0892781,0.2903,0,-25.2321,-0.0536505,0.374034,3,drone1
1.26891,-0.671686,2.04217e-05,-155.008,-1.32638,0.587857,-86.8962,-1.45704,0.241913,0.0976647,0.26932,0,-27.0252,-0.199179,0.149645,3,drone1
1.25309,-0.678638,1.60031e-05,-156.26,-1.18188,0.496147,-85.7014,-1.44501,0.317643,0.101624,0.250863,0,-28.0827,-0.25959,-0.0379406,3,drone1
1.2368,-0.685251,1.35777e-05,-158.491,-1.04592,0.391431,-84.5141,-1.41379,0.381893,0.100085,0.233703,0,-28.0265,-0.31698,-0.205229,3,drone1
1.21991,-0.69128,1.20984e-05,-161.436,-0.910914,0.286367,-83.4219,-1.36714,0.430189,0.0943238,0.217929,0,-26.9843,-0.362189,-0.351203,3,drone1
1.20243,-0.696541,1.10839e-05,-164.805,-0.772344,0.190798,-82.4838,-1.30855,0.460626,0.0855251,0.202976,0,-25.1326,-0.390326,-0.47842,3,drone1
1.18447,-0.700887,1.03344e-05,-168.254,-0.628673,0.112069,-81.7298,-1.24095,0.473579,0.0749586,0.188228,0,-22.7035,-0.400261,-0.58905,3,drone1
1.16607,-0.70424,9.77492e-06,-171.593,-0.480361,0.0525322,-76.2297,-1.12007,0.57575,0.649473,0.758109,0,-20.0102,-0.393471,-0.685053,4,drone1
1.1511,-0.705968,7.16185e-06,-175.154,-0.344154,0.0429731,-69.7628,-0.971955,0.671979,0.673768,0.714733,0,-22.1722,-0.418045,-0.777949,4,drone1
1.13997,-0.706726,7.00709e-06,-179.33,-0.229087,0.0164915,-63.2713,-0.810528,0.743115,0.704356,0.665332,0,-25.0788,-0.393168,-0.831771,4,drone1
1.13675,-0.706476,7.77993e-06,175.556,-0.15212,0.00379294,-57.0117,-0.646579,0.781806,0.726218,0.62606,0,-27.3954,-0.381156,-0.864123,4,drone1
1.13841,-0.705918,8.37212e-06,168.92,-0.0990702,-0.00222833,-50.867,-0.487627,0.792519,0.736842,0.608681,0,-28.5421,-0.36396,-0.849345,4,drone1
1.13399,-0.704153,8.59431e-07,160.328,-0.0145469,-0.00336796,-44.6733,-0.337982,0.779489,0.73189,0.616683,0,-28.0516,-0.346569,-0.808904,4,drone1
1.1252,-0.70009,1.29696e-05,151.22,0.0609505,0.0634694,-39.4485,-0.213156,0.73858,0.701945,0.643517,0,-25.6541,-0.308744,-0.79752,4,drone1
1.11505,-0.693352,1.81857e-05,142.529,0.177341,0.0900741,-36.9351,-0.133886,0.678952,0.649718,0.682877,0,-21.772,-0.216043,-0.756588,4,drone1
1.104,-0.683692,1.45851e-05,135.116,0.2437,0.201958,-36.7425,-0.087775,0.606695,0.563246,0.740808,0,-15.5957,-0.161394,-0.788172,4,drone1
1.09323,-0.671896,1.4548e-05,129.658,0.303667,0.322155,-38.3023,-0.0580697,0.537866,0.454479,0.796177,0,-8.37548,-0.0545132,-0.769284,4,drone1
1.08292,-0.658842,1.14767e-05,126.322,0.356212,0.448855,-40.7503,-0.029127,0.476413,0.341718,0.835225,0,-1.35761,0.0419056,-0.773159,4,drone1
1.07389,-0.646297,5.97333e-06,124.962,0.394525,0.579849,-40.9527,0.0285798,0.426952,0.243559,0.854098,0,4.42597,0.129628,-0.788789,4,drone1
1.06448,-0.632587,2.35911e-05,124.319,0.507755,0.66797,-41.1857,0.0927448,0.387266,0.208634,0.850115,0,5.98729,0.232108,-0.775609,4,drone1
1.05675,-0.620814,4.71767e-06,123.741,0.534408,0.806782,-42.2401,0.158909,0.34958,0.183111,0.842193,0,6.86304,0.275399,-0.833311,4,drone1
1.04883,-0.608617,3.32238e-05,123.48,0.656948,0.885444,-35.9763,0.182061,0.243644,0.647027,0.143333,1.56095,-27.3661,-0.657385,-0.52829,-1,drone1
1.04232,-0.598354,2.21752e-05,123.094,0.698592,1.00766,-30.676,0.0394258,0.0778134,0.665791,0.0920201,1.57661,-33.4368,-2.13267,-0.638886,-1,drone1
1.03536,-0.587497,2.15987e-05,121.219,0.675094,1.17477,-25.6036,-0.184938,-0.111167,0.684828,0.0438298,1.58433,-38.4804,-2.67197,-1.20909,-1,drone1
1.02837,-0.575554,2.32467e-05,118.048,0.728514,1.29893,-23.2308,-0.403485,-0.254682,0.68888,0.00610532,1.58536,-41.7438,-2.18743,-1.35864,-1,drone1
1.02111,-0.561037,1.93031e-05,114.226,0.692053,1.48525,-22.7907,-0.528708,-0.30758,0.676632,0.0202538,1.58424,-40.9069,-1.08477,-0.735193,-1,drone1
1.01441,-0.544366,1.96171e-05,109.852,0.629678,1.68917,-31.8083,-0.256946,-0.360923,0.66436,1.52488,0,-1.42995,2.10915,-0.595156,-1,drone1
1.01028,-0.531879,1.24274e-05,106.137,0.542492,1.87322,-31.8083,-0.256946,-0.360923,0,0,0,0,0,0,-1,drone1
1.01085,-0.531842,1.86235e-05,103.465,0.464867,1.98558,-31.8083,-0.256946,-0.360923,0,0,0,0,0,0,-1,drone1
1.0112,-0.532025,2.25728e-05,101.824,0.421713,2.09085,-31.8083,-0.256946,-0.360923,0,0,0,0,0,0,-1,drone1
1.01141,-0.532117,3.60502e-05,100.785,0.403669,2.18841,-37.1977,0.0254909,-0.320391,0.567342,1.02535,0,21.3569,2.22526,-0.996858,11,drone1
1.00884,-0.517365,2.91842e-05,100.634,0.365257,2.10275,-43.0438,0.286886,-0.239122,0.446438,1.08291,0,28.1357,1.93685,-1.12745,11,drone1
1.00703,-0.504746,2.38764e-05,102.146,0.394681,1.94058,-48.5787,0.536422,-0.119879,0.298123,1.08935,0,34.6843,1.70936,-1.41357,11,drone1
1.00538,-0.498538,1.17776e-05,105.12,0.473445,1.74199,-53.811,0.70399,0.0157936,0.224608,1.12749,0,37.7009,1.0676,-1.13131,11,drone1
1.00369,-0.496598,1.31016e-05,109.666,0.55281,1.51838,-58.7542,0.810967,0.161839,0.188165,1.13736,0,40.5882,0.664141,-0.920701,11,drone1
1.00296,-0.497458,1.78373e-05,116.945,0.650729,1.26373,-63.5585,0.876732,0.296022,0.1628,1.14242,0,41.9719,0.259613,-0.862579,11,drone1
1.0017,-0.496941,1.1208e-05,127.706,0.770013,0.975077,-68.5824,0.899118,0.417161,0.199899,1.13469,0,39.7687,-0.0531416,-0.702774,11,drone1
1.00092,-0.49633,1.18318e-05,143.002,0.866576,0.632136,-74.1878,0.823915,0.537678,0.367413,1.0827,0,33.9502,-0.196408,0.0486074,11,drone1
0.993352,-0.492124,3.36231e-06,160.766,0.885306,0.307626,-77.4211,0.814181,0.569875,0.455546,1.04932,0,25.4606,-0.466105,-0.482934,11,drone1
0.976146,-0.487841,7.13013e-06,177.022,0.850744,0.0539167,-84.7211,0.709273,0.601989,0.57217,0.956487,0,16.9908,-0.912507,0.0147654,11,drone1
0.960151,-0.489279,9.24642e-06,-168.694,0.755561,-0.135946,-89.0125,0.683019,0.598532,0.822735,0.762358,0,1.57173,-0.548257,-0.268915,11,drone1
0.942879,-0.495641,4.43537e-06,-156.731,0.639179,-0.281822,-89.8313,0.740688,0.55345,0.885607,0.604025,0,-2.94445,-0.486887,-0.652292,11,drone1
0.929835,-0.502481,3.36464e-06,-146.774,0.520136,-0.345873,-88.5593,0.757255,0.453489,1.03058,0.378432,0,-20.7531,-0.584805,0.0639627,11,drone1
0.916576,-0.51296,6.50859e-06,-139.067,0.426537,-0.355217,-84.7628,0.787634,0.320069,1.09245,0.15377,0,-30.6981,-0.464829,0.112407,11,drone1
0.907261,-0.521724,3.8657e-05,-134.34,0.29925,-0.371786,-80.1903,0.803381,0.170352,1.08629,-0.097791,0,-44.2847,-0.372402,0.194971,11,drone1
0.897992,-0.531791,1.48888e-05,-131.386,0.243624,-0.32041,-76.4892,0.791004,0.0334153,1.04848,-0.266878,0,-52.9983,-0.308939,0.268088,11,drone1
0.893967,-0.536712,1.15361e-05,-130.89,0.176487,-0.238552,-73.847,0.767657,-0.0780483,0.995673,-0.49008,0,-63.5839,-0.120216,0.308982,11,drone1
0.891654,-0.539231,1.81952e-05,-133.42,0.145935,-0.100935,-71.6318,0.727407,-0.169071,0.957551,-0.570199,0,-67.8517,-0.0321776,0.417034,11,drone1
0.889234,-0.541639,1.32449e-05,-138.376,0.0554524,-0.0134794,-69.0293,0.663753,-0.243341,0.974367,-0.497325,0,-63.9769,-0.0221535,0.547382,11,drone1
0.883585,-0.546361,1.03874e-05,-146.464,-0.030082,0.0451824,-66.8468,0.590665,-0.296624,0.962833,-0.595288,0,-68.1737,0.0166951,0.615785,11,drone1
0.875803,-0.550925,9.55957e-06,-157.53,-0.121334,0.0710322,-63.6462,0.500436,-0.335251,1.0204,-0.407838,0,-57.9919,0.0121283,0.686392,11,drone1
0.863685,-0.554587,7.23452e-06,-169.178,-0.202365,0.0533388,-60.0402,0.408238,-0.355241,1.04747,-0.349178,0,-53.9372,0.058724,0.691784,11,drone1
0.850934,-0.555858,3.08248e-06,179.504,-0.285691,-0.0081565,-55.4619,0.302111,-0.364744,1.0823,-0.165071,0,-44.2132,-0.0324302,0.722652,11,drone1
0.843693,-0.555133,2.5041e-05,168.379,-0.386993,-0.0287846,-50.3568,0.201303,-0.359295,1.09271,-0.0968516,0,-38.9458,-0.0181806,0.664061,11,drone1
0.832803,-0.552003,1.61158e-05,157.503,-0.436956,-0.147157,-44.723,0.114604,-0.316954,1.04233,0.0499457,0,-31.2032,0.172088,0.754443,11,drone1
0.820213,-0.545658,1.22618e-05,147.529,-0.432599,-0.302485,-40.0964,0.0223836,-0.287362,1.08683,0.0910136,0,-28.1888,-0.196446,0.634756,11,drone1
0.806458,-0.535245,9.75553e-06,138.971,-0.427202,-0.394928,-39.3917,-0.0447057,-0.254569,1.06693,0.179019,0,-22.8597,-0.280429,0.551873,11,drone1
0.793267,-0.522371,9.60837e-06,132.517,-0.4133,-0.475642,-40.8604,-0.104023,-0.229244,0.971303,0.405615,0,-10.4298,-0.356979,0.558307,11,drone1
0.78113,-0.508204,1.00075e-05,128.179,-0.404895,-0.542764,-41.8355,-0.16199,-0.212412,0.852581,0.552627,0,0.579804,-0.345116,0.549174,11,drone1
0.769793,-0.49341,2.02625e-05,125.357,-0.449827,-0.568943,-41.3669,-0.216384,-0.196969,0.797521,0.597379,0,4.60965,-0.284645,0.488012,11,drone1
0.759373,-0.478051,1.39627e-05,123.392,-0.444855,-0.630566,-40.3647,-0.263492,-0.179289,0.729617,0.629394,0,8.71581,-0.206034,0.452076,11,drone1
0.748844,-0.461609,1.18234e-05,122.328,-0.452097,-0.677716,-39.6239,-0.317656,-0.165908,0.719245,0.634794,0,9.7897,-0.287341,0.488847,11,drone1
0.738481,-0.444953,1.13883e-05,121.932,-0.469612,-0.719073,-38.8691,-0.366153,-0.152729,0.724937,0.614152,0,8.99576,-0.256871,0.438425,11,drone1
0.727978,-0.428059,1.15269e-05,121.947,-0.49314,-0.756796,-38.3274,-0.410004,-0.142264,0.707408,0.605847,0,9.21971,-0.239484,0.399808,11,drone1
0.717516,-0.411291,1.18232e-05,122.158,-0.520788,-0.794469,-37.6638,-0.450976,-0.132489,0.732195,0.588087,0,7.62983,-0.237369,0.352457,11,drone1
0.706797,-0.394376,1.21652e-05,122.384,-0.54927,-0.832191,-37.5817,-0.497877,-0.127324,0.663026,0.587218,0,9.33751,-0.283869,0.413805,11,drone1
0.696386,-0.377956,1.25163e-05,122.77,-0.582854,-0.871911,-37.0345,-0.53975,-0.120051,0.713133,0.562633,0,7.01705,-0.26335,0.340513,11,drone1
0.685423,-0.36117,1.2898e-05,123.209,-0.617485,-0.91003,-36.9675,-0.581876,-0.117987,0.655762,0.561824,0,8.5084,-0.268416,0.35719,11,drone1
0.674705,-0.344842,1.32877e-05,123.662,-0.655358,-0.951259,-37.0306,-0.620088,-0.116164,0.614245,0.532347,0,8.05926,-0.233762,0.340587,11,drone1
0.663779,-0.328611,1.37301e-05,124.412,-0.700386,-0.990204,-36.2386,-0.663334,-0.10342,0.682187,0.481861,0,3.93173,-0.278274,0.331744,11,drone1
0.652442,-0.31236,1.42224e-05,124.901,-0.74267,-1.03267,-35.5711,-0.711154,-0.0923101,0.661346,0.459747,0,3.4869,-0.328031,0.348335,11,drone1
0.640983,-0.296032,1.47511e-05,124.863,-0.776876,-1.08315,-35.3644,-0.769479,-0.0140472,0.624742,0.447894,0,2.209,-0.00132468,0.977596,11,drone1
0.629595,-0.279629,1.53031e-05,124.742,-0.810818,-1.13703,-34.5547,-0.815216,-0.00449512,0.657624,0.410201,0,0.573488,-0.37413,0.261263,11,drone1
0.618317,-0.263416,1.5213e-05,124.466,-0.84255,-1.19769,-33.7115,-0.865343,0.00883889,0.64945,0.380004,0,-0.850534,-0.414141,0.282673,11,drone1
0.607174,-0.247286,9.38967e-06,123.878,-0.854458,-1.27868,-32.9342,-0.914852,0.0246096,0.637353,0.356422,0,-2.10188,-0.413566,0.276355,11,drone1
0.59638,-0.230989,1.49592e-05,123.119,-0.870871,-1.35879,-32.2675,-0.965244,0.0392221,0.62192,0.339425,0,-2.80634,-0.435419,0.262594,11,drone1
0.585823,-0.214792,1.22563e-05,122.254,-0.910031,-1.43046,-31.563,-1.02202,0.056735,0.590124,0.305915,0,-3.62586,-0.497518,0.289281,11,drone1
0.575487,-0.19823,1.62846e-05,121.386,-0.937079,-1.51216,-31.2039,-1.07973,0.0580545,0.590479,0.330534,0,-1.56389,-0.540308,0.231096,11,drone1
0.565377,-0.18135,1.90176e-05,120.586,-0.963115,-1.59811,-31.2443,-1.13839,0.0537013,0.559309,0.330761,0,-1.75705,-0.541957,0.238051,11,drone1
0.555405,-0.164234,2.0927e-05,120.142,-0.997727,-1.68331,-31.1923,-1.25502,0.00834111,0.549381,0.317572,0,-2.17796,-1.26512,0.150883,11,drone1
0.545447,-0.147026,2.24926e-05,119.884,-1.03834,-1.77025,-31.3198,-1.31387,0.00313059,0.521653,0.324277,0,0.233977,-0.512612,0.289308,11,drone1
0.5356,-0.12977,2.39568e-05,119.792,-1.08574,-1.85917,-31.4295,-1.37622,-0.00330902,0.504334,0.318343,0,1.00648,-0.538462,0.314442,11,drone1
0.5257,-0.112546,2.60294e-05,119.912,-1.09757,-1.86281,-31.5065,-1.4421,-0.0101381,0.487826,0.310401,0,1.55161,-0.564695,0.339758,11,drone1
0.515752,-0.095318,2.26951e-05,120.107,-1.04808,-1.77055,-31.5499,-1.5122,-0.0152672,0.471441,0.299877,0,1.69783,-0.591729,0.37639,11,drone1
0.505719,-0.0781055,2.1108e-05,120.324,-1.00473,-1.6824,-31.5815,-1.57619,-0.019115,0.454912,0.288869,0,1.62077,-0.534668,0.352628,11,drone1
0.495615,-0.060921,2.005e-05,120.529,-0.964315,-1.59982,-31.5227,-1.60187,-0.0229141,0.442443,0.277783,0,1.80004,-0.219596,0.13379,11,drone1
0.485427,-0.0437392,1.91457e-05,120.694,-0.925286,-1.52315,-31.4526,-1.62592,-0.0240796,0.425498,0.264522,0,1.47659,-0.198413,0.136734,11,drone1
0.475201,-0.0265692,1.50172e-05,120.808,-0.86172,-1.4676,-31.3475,-1.63881,-0.0236105,0.41079,0.252439,0,1.31885,-0.102866,0.0789053,11,drone1
0.464992,-0.0097822,1.7718e-05,120.867,-0.820574,-1.4085,-31.2744,-1.64201,-0.0244676,0.393515,0.240554,0,0.934496,-0.0286769,0.014505,11,drone1
0.454718,0.0073928,1.78409e-05,120.889,-0.783724,-1.34905,-31.6546,-1.67718,-0.03233,0.366031,0.241884,0,1.04631,-0.269383,0.237606,11,drone1
0.444457,0.024398,1.69462e-05,121.092,-0.75566,-1.29082,-31.5732,-1.67147,-0.0324373,0.357113,0.220017,0,0.777191,0.0472743,-0.0320914,11,drone1
0.434153,0.0414646,1.60464e-05,121.308,-0.729647,-1.23595,-31.497,-1.65934,-0.0325284,0.340441,0.208895,0,0.674828,0.101216,-0.0670151,11,drone1
0.423763,0.0585458,1.53194e-05,121.344,-0.701421,-1.18707,-31.4004,-1.642,-0.0311678,0.324507,0.196851,0,0.395997,0.146296,-0.0936891,11,drone1
0.413377,0.0756066,1.47576e-05,121.321,-0.673913,-1.14254,-31.2834,-1.62037,-0.0284518,0.308511,0.184745,0,0.0840196,0.182997,-0.116513,11,drone1
0.403013,0.0926624,1.43041e-05,121.247,-0.647368,-1.10192,-31.1675,-1.59525,-0.0256306,0.291897,0.17355,0,-0.0681398,0.211811,-0.136162,11,drone1
0.392674,0.109732,1.3922e-05,121.139,-0.622094,-1.06473,-31.1922,-1.5721,-0.0252665,0.27266,0.165043,0,-0.202948,0.20076,-0.115285,11,drone1
0.382309,0.126879,1.3589e-05,121.072,-0.599247,-1.0296,-31.0824,-1.54173,-0.0230231,0.25772,0.152858,0,-0.061452,0.255465,-0.165501,11,drone1
0.372025,0.14397,1.33005e-05,121.011,-0.578429,-0.997445,-31.2165,-1.51419,-0.0257467,0.236546,0.145341,0,-0.253328,0.236784,-0.139716,11,drone1
0.361702,0.161105,1.3035e-05,120.999,-0.559967,-0.967172,-29.5439,-1.42415,-0.0790184,0.224604,0.0969915,0,-0.290996,0.264627,-1.30724,11,drone1
0.351967,0.17698,1.05387e-05,120.841,-0.572089,-0.931557,-29.9847,-1.39971,-0.0800031,0.203164,0.120505,0,-1.88351,0.236381,-0.0690863,11,drone1
0.341868,0.194015,1.0559e-05,120.765,-0.556481,-0.907449,-30.4091,-1.4341,-0.0482391,0.191139,0.115473,0,-1.67656,-0.117757,0.501826,11,drone1
0.331693,0.211079,1.1274e-05,120.945,-0.54738,-0.882284,-31.2773,-1.38679,0.0254314,0.155764,0.105488,0,-0.554408,0.874254,0.57972,11,drone1
0.321657,0.227806,1.17557e-05,121.391,-0.543891,-0.85862,-31.1652,-1.35351,0.0242677,0.155344,0.0933549,0,0.50832,0.26963,-0.196334,11,drone1
0.311072,0.244858,1.19633e-05,121.789,-0.538883,-0.835803,-31.0337,-1.32091,0.0244392,0.138786,0.0823225,0,0.216779,0.265602,-0.189617,11,drone1
0.300478,0.261853,1.19908e-05,121.826,-0.529379,-0.818684,-29.2305,-1.2261,0.0503569,0.123244,0.051452,0,-0.0880187,0.718908,-0.616752,11,drone1
0.290429,0.277932,1.19867e-05,121.395,-0.517034,-0.812294,-29.1217,-1.20168,0.0528087,0.107939,0.0564078,0,-2.56165,0.187528,-0.160772,11,drone1
0.280246,0.294878,1.19008e-05,120.768,-0.500908,-0.805754,-35.3465,-1.17667,-0.0832548,0.0475208,0.0823473,0,0.492751,0.184847,-0.154757,11,drone1
0.273366,0.306918,1.20005e-05,121.505,-0.51995,-0.813503,-40.4688,-1.14,-0.190956,0.0249415,0.0729543,0,6.71975,0.252404,-0.0619134,11,drone1
0.266944,0.317342,1.21486e-05,124.508,-0.577781,-0.808409,-35.3532,-1.09438,-0.174791,0.0713672,0.0193542,0,10.5617,-0.0768814,-0.846954,11,drone1
0.26298,0.323249,1.23991e-05,126.016,-0.627678,-0.832559,-35.9981,-1.07944,-0.178991,0.0344742,0.0353633,0,4.98521,0.198036,0.0700214,11,drone1
0.257193,0.331377,1.27687e-05,125.259,-0.641289,-0.875634,-26.4454,-1.08757,0.0101054,0.101683,-0.0168971,0,5.5075,0.149801,0.109185,11,drone1
0.250903,0.340647,1.30032e-05,123.373,-0.632197,-0.926137,-26.7302,-1.08196,0.0217419,0.0287261,0.00844297,0,-9.57523,0.0478029,-0.0316549,11,drone1
0.247812,0.345584,1.29137e-05,120.583,-0.620417,-1.01657,-26.9565,-1.08111,0.0316533,0.0196816,0.00444887,0,-8.53407,-0.000880108,-0.0205853,11,drone1
0.246117,0.348759,1.40173e-05,119.449,-0.641906,-1.10072,-27.5987,-1.08413,0.0289328,0.00959949,-4.58008e-05,0,-6.42151,-0.0386448,-0.0125145,11,drone1
0.246314,0.348584,1.50855e-05,119.005,-0.684887,-1.19791,-27.8977,-1.0938,0.026356,0.00451207,-0.00230313,0,-2.98936,-0.0980971,0.0196594,11,drone1
0.24635,0.348556,1.61553e-05,118.918,-0.735843,-1.29416,-33.632,-1.29974,0.0241514,0.0476067,0.0733618,0,-2.63259,-1.40668,1.85148,11,drone1
0.239905,0.360686,1.65744e-05,120.011,-0.783744,-1.32047,-25.1005,-1.2998,0.227684,0.0766001,-0.11201,0,-4.70782,-0.153298,0.09768,11,drone1
0.240283,0.35943,1.72903e-05,120.225,-0.850624,-1.42602,-17.5258,-1.2992,0.471401,0.0276059,-0.122286,0,-14.2842,-0.300856,0.543008,11,drone1
0.240228,0.357592,1.95439e-05,114.851,-0.769956,-1.61779,-11.7482,-1.26699,0.597354,0.00789446,-0.0582975,0,-16.7257,-0.414087,-0.337341,11,drone1
0.240929,0.355539,2.1268e-05,106.923,-0.579387,-1.83914,-4.74492,-1.22702,0.744593,0.0233835,-0.0923068,0,-19.9758,-0.642299,-0.440248,11,drone1
0.240005,0.356458,2.29477e-05,98.2808,-0.314618,-2.02973,2.48305,-1.01173,0.812557,-0.0441577,-0.0841578,0,-17.6942,0.955685,-1.13128,11,drone1
0.240556,0.346038,3.1981e-05,88.9884,0.00638006,-2.21273,9.91474,-0.767629,0.697459,-0.0701068,-0.106516,0,-15.6087,1.50811,-2.44739,11,drone1
0.239566,0.335607,2.37557e-05,79.6579,0.349369,-2.02688,9.24694,-0.8912,0.662236,-0.00882649,-0.00755385,0,-18.1946,-1.14152,-0.906923,11,drone1
0.237824,0.333555,2.12173e-05,71.8984,0.556432,-1.76738,9.62735,-1.01323,0.624757,0.00303249,-0.00997852,0,-8.22807,-1.19701,-0.85185,11,drone1
0.237167,0.333922,1.84225e-05,67.5309,0.611445,-1.52904,10.6848,-1.10627,0.579098,0.0149552,-0.0103076,0,0.729356,-0.924182,-0.789315,11,drone1
0.238046,0.336712,1.59658e-05,65.2924,0.583151,-1.31211,10.8883,-1.17252,0.511006,-0.0273755,0.00806434,0,5.71268,-0.532315,-0.692025,11,drone1
0.235693,0.332081,1.5576e-05,64.1751,0.53481,-1.15293,12.0298,-1.20117,0.457125,-0.00221699,-0.0022792,0,11.4253,-0.230719,-0.563751,11,drone1
0.235632,0.332106,1.34066e-05,63.9337,0.459899,-0.984171,14.0091,-1.20622,0.42361,0.0185119,-0.00915412,0,13.2498,-0.0563048,-0.478436,11,drone1
0.237532,0.33582,1.1749e-05,63.6259,0.377332,-0.802809,15.8389,-1.20384,0.394334,0.0207516,-0.0103691,0,11.8276,0.037191,-0.42628,11,drone1
0.239592,0.339889,1.0593e-05,63.0693,0.296289,-0.623602,8.20057,-1.46081,0.318671,0.0918927,0.0465927,0,10.8113,-2.24491,0.688438,11,drone1
0.244693,0.351042,9.7397e-06,63.9503,0.18579,-0.421784,7.77775,-1.40292,0.239608,0.000166692,0.0191028,0,20.1137,0.716507,-0.18194,11,drone1
0.244316,0.350416,9.13248e-06,66.2314,0.103927,-0.280396,7.53995,-1.32651,0.177557,-0.00712744,0.018747,0,20.2627,0.861055,-0.0876409,11,drone1
0.243602,0.348681,8.87387e-06,68.531,0.0363741,-0.141183,7.1922,-1.23624,0.126244,-0.0117718,0.0190853,0,18.8593,0.974411,-0.0131685,11,drone1
0.242633,0.346064,8.90363e-06,70.7703,-0.0178889,-0.00342212,8.84948,-1.14088,0.125489,0.00133604,-0.00552606,0,16.5735,0.950251,-0.011931,11,drone1
0.243057,0.346336,9.03601e-06,72.3389,-0.0669704,0.150677,10.1109,-1.03966,0.122401,0.0027786,-0.0059097,0,12.6151,1.01037,0.0251416,11,drone1
0.24325,0.346444,9.3262e-06,73.0685,-0.111622,0.304268,15.5702,-0.845982,0.0535309,-0.0159098,-0.0312894,0,11.4599,1.91627,-1.30237,11,drone1
0.243464,0.344835,9.66846e-06,72.2878,-0.161838,0.447366,15.7785,-0.743756,0.0492867,0.00397792,-0.00674718,0,2.0822,0.999765,0.217185,11,drone1
0.243164,0.344692,1.02916e-05,70.909,-0.224589,0.593334,14.2804,-0.626685,0.0288894,0.000377531,0.013948,0,2.39821,1.13885,0.321313,11,drone1
0.242448,0.343796,1.10312e-05,70.8198,-0.276566,0.739558,14.6227,-0.514743,0.0282772,0.00557702,-0.00612557,0,3.42078,1.09304,0.240883,11,drone1
0.242541,0.343862,1.19208e-05,71.25,-0.322995,0.894878,15.1022,-0.387017,0.0350198,0.00280899,0.00624193,0,4.79119,1.23224,0.341478,11,drone1
0.242594,0.343894,1.3022e-05,71.4417,-0.372137,1.05117,15.0535,-0.208461,0.0547659,-0.0185246,0.00842253,0,3.75068,1.6867,0.634778,11,drone1
0.24124,0.339999,1.41515e-05,71.6479,-0.414439,1.19134,15.3908,-0.0817754,0.0503928,0.00529887,-0.00400665,0,3.3699,1.24172,0.253999,11,drone1
0.241315,0.340096,1.56291e-05,71.8515,-0.46308,1.35404,16.3921,0.046296,0.0427675,0.00784661,-0.00808563,0,2.66915,1.2564,0.228309,11,drone1
0.242088,0.342046,1.7418e-05,71.7407,-0.523017,1.52685,17.544,0.177939,0.0324168,0.00992507,-0.011157,0,1.36006,1.28547,0.264342,11,drone1
0.243024,0.344509,1.95069e-05,71.2193,-0.598054,1.7018,18.7411,0.314562,0.0187157,0.00883442,-0.0124764,0,0.100716,1.32708,0.313462,11,drone1
0.243919,0.346835,2.18846e-05,70.3841,-0.688022,1.87577,19.9382,0.456611,0.00186241,0.0065389,-0.0127203,0,-0.814941,1.37111,0.370963,11,drone1
0.244689,0.348755,2.51291e-05,69.3319,-0.792771,2.04589,21.1257,0.604077,-0.0176677,0.00411014,-0.0124344,0,-1.35291,1.41288,0.433565,11,drone1
0.245151,0.350091,1.442e-05,68.2724,-0.777769,1.95175,20.9729,0.749922,-0.0201785,0.00305176,-0.00584344,0,-1.53422,1.3633,0.518712,11,drone1
0.244991,0.34999,1.77528e-05,67.6544,-0.742201,1.77418,28.1801,0.818087,-0.224378,0.0201497,-0.0690418,0,-1.52589,1.11222,-0.723375,11,drone1
0.249128,0.358031,1.84258e-05,65.6833,-0.754571,1.62973,28.8645,0.939,-0.237413,-0.00110115,-0.0114267,0,-6.7761,1.04573,0.7089,11,drone1
0.249089,0.358437,1.75357e-05,62.849,-0.762246,1.44653,28.2097,1.04789,-0.224083,-0.000255813,-0.00459377,0,-6.55077,0.854611,0.686894,11,drone1
0.248671,0.358147,1.61005e-05,61.6762,-0.716976,1.29146,29.2851,1.11257,-0.241726,-0.010625,-0.00622974,0,-2.75769,0.57614,0.406016,11,drone1
0.248185,0.357074,1.471e-05,60.8778,-0.659279,1.14559,30.4533,1.15584,-0.258976,-0.00764849,-0.00788106,0,-1.96134,0.379573,0.326929,11,drone1
0.247961,0.356604,1.35302e-05,59.6515,-0.609807,1.00515,30.3738,1.17527,-0.256181,0.001177,-0.00509384,0,-0.795378,0.152588,0.12353,11,drone1
0.24772,0.356438,1.25042e-05,58.9096,-0.550682,0.877782,31.81,1.18904,-0.275707,-0.00611928,-0.0107191,0,-1.49937,0.115145,0.220215,11,drone1
0.247962,0.356604,1.16643e-05,58.1021,-0.493014,0.757544,33.141,1.18915,-0.293631,-0.00574231,-0.0103858,0,-1.92217,-0.00823046,0.156435,11,drone1
0.248066,0.356712,1.09776e-05,56.6858,-0.441126,0.637893,32.927,1.19384,-0.276588,-0.00536683,-0.00139553,0,-2.13696,-0.0566929,0.167374,11,drone1
0.247786,0.356499,1.03758e-05,55.8769,-0.378957,0.526728,32.8137,1.18724,-0.263113,-0.00530737,-0.00118085,0,-1.13018,-0.129261,0.0760849,11,drone1
0.247728,0.356459,9.89392e-06,55.7782,-0.310928,0.424793,32.9053,1.15529,-0.260294,-0.00465901,-0.00425225,0,0.916431,-0.284897,-0.147429,11,drone1
0.247721,0.356458,9.53131e-06,55.7705,-0.243785,0.325992,35.7392,1.1657,-0.332066,-0.032253,-0.00458954,0,0.863769,0.29474,-0.0103869,11,drone1
0.245346,0.352676,9.25173e-06,54.524,-0.170504,0.207806,35.572,1.13395,-0.320589,-0.0044689,-0.0011285,0,-1.67009,-0.323507,-0.096585,11,drone1
0.245004,0.352432,9.09563e-06,53.2496,-0.105512,0.110816,35.4626,1.08934,-0.316222,-0.00234316,-0.00408001,0,-1.09363,-0.38631,-0.227318,11,drone1
0.244917,0.352365,9.00388e-06,53.1226,-0.0373282,0.0194481,35.4443,1.04783,-0.31375,-7.30525e-05,-0.00339835,0,-0.183592,-0.352126,-0.221213,11,drone1
0.244911,0.352365,9.01448e-06,53.1187,0.0302079,-0.0705573,38.4909,0.913895,-0.383964,-0.00861374,-0.0231858,0,-0.240603,-0.856354,-0.79079,11,drone1
0.246226,0.353818,9.13205e-06,51.6852,0.0953731,-0.150165,38.26,0.870466,-0.385362,0.000632819,-0.00917001,0,-2.30967,-0.326049,-0.287189,11,drone1
0.245749,0.353407,9.28568e-06,50.2493,0.171766,-0.235014,38.1113,0.82646,-0.392058,0.000417748,-0.00960542,0,-1.48882,-0.300245,-0.328591,11,drone1
0.245666,0.353339,9.52175e-06,50.1392,0.243964,-0.320554,38.1019,0.788686,-0.402269,0.000143821,-0.00195316,0,-0.0960104,-0.233963,-0.313645,11,drone1
0.245662,0.35334,9.8531e-06,50.1411,0.315746,-0.406542,38.1905,0.742807,-0.421183,0.00100812,-0.00847376,0,0.88239,-0.247311,-0.430219,11,drone1
0.245661,0.353343,1.02705e-05,50.1422,0.388102,-0.493218,38.2774,0.697822,-0.444146,0.00158208,-0.00751374,0,0.86526,-0.214707,-0.457153,11,drone1
0.245659,0.353345,1.07766e-05,50.143,0.461288,-0.580885,38.3376,0.654133,-0.470714,0.00187392,-0.00922366,0,0.598049,-0.180652,-0.478344,11,drone1
0.245656,0.353348,1.13764e-05,50.144,0.53555,-0.669847,43.0778,0.546474,-0.617,-0.0224506,-0.0290712,0,0.191985,0.0586681,-1.15159,11,drone1
0.246469,0.35409,1.21112e-05,47.8893,0.636861,-0.731881,44.873,0.478944,-0.663681,-0.00166683,-0.022758,0,-4.87694,-0.121499,-0.48054,11,drone1
0.248153,0.355899,1.28013e-05,44.5689,0.754366,-0.768732,44.4281,0.444893,-0.687362,0.000152893,-0.0091751,0,-4.45074,-0.0599171,-0.410304,11,drone1
0.247666,0.355416,1.36721e-05,43.3515,0.861705,-0.838412,44.0871,0.410788,-0.66771,0.00686877,0.00442251,0,-3.40913,-0.378293,-0.108547,11,drone1
0.247615,0.355368,1.47065e-05,43.2931,0.954436,-0.924061,44.2158,0.369435,-0.714839,0.000437761,-0.00431166,0,1.28397,0.0245463,-0.626497,11,drone1
0.247613,0.355371,1.58761e-05,43.2986,1.04867,-1.013,43.2593,0.246007,-0.716722,0.0196323,-0.00784477,0,0.792305,-0.922814,-1.00697,11,drone1
0.250359,0.357955,1.69831e-05,43.8031,1.12313,-1.10208,43.5208,0.215691,-0.780399,0.00238779,-0.00531162,0,2.61337,0.201756,-0.675713,11,drone1
0.250443,0.358041,1.84717e-05,44.2954,1.21219,-1.20788,43.6929,0.184924,-0.850057,-0.000512987,-0.00725081,0,1.71952,0.246859,-0.720351,11,drone1
0.25047,0.358072,2.01193e-05,44.327,1.31366,-1.30824,43.8954,0.161199,-0.921131,-0.00210034,0.00303606,0,2.02523,0.308596,-0.68275,11,drone1
0.250467,0.358074,2.19684e-05,44.3279,1.41973,-1.41181,43.9992,0.116124,-0.98022,-0.00145642,0.00110559,0,1.0373,0.0788593,-0.738977,11,drone1
0.250464,0.358076,2.40411e-05,44.3305,1.52993,-1.51949,44.0948,0.0500955,-1.02469,-0.00186274,0.000492653,0,0.954393,-0.171868,-0.777316,11,drone1
0.250464,0.358077,2.1995e-05,44.3299,1.52096,-1.50555,44.1391,-0.0334593,-1.05451,-0.00203979,-0.00490573,0,0.439293,-0.395342,-0.794204,11,drone1
0.250461,0.358079,1.99543e-05,44.3267,1.40714,-1.39454,44.2433,-0.126,-1.07096,-0.00196316,0.00313061,0,1.03866,-0.555742,-0.758014,11,drone1
0.250459,0.358081,1.88201e-05,44.3242,1.29829,-1.29024,44.2652,-0.207603,-1.07949,-0.00201195,-0.00589044,0,0.216248,-0.526191,-0.62953,11,drone1
0.250457,0.358084,1.77264e-05,44.322,1.19516,-1.191,41.654,-0.154252,-1.01164,-0.00886592,0.036655,0,-0.342338,-0.499537,0.575433,11,drone1
0.245364,0.353036,1.69775e-05,45.3777,1.10057,-1.14044,38.2435,-0.00378822,-0.92266,-0.0382602,0.069259,0,-0.298517,0.0333411,1.32115,11,drone1
0.235602,0.342731,1.64824e-05,47.4656,1.01641,-1.13452,38.813,-0.0769932,-0.925887,0.0014998,-0.00804402,0,5.69259,-0.575565,-0.453027,11,drone1
0.236007,0.34308,1.63579e-05,48.9808,0.901586,-1.06723,39.8838,-0.150946,-0.917272,0.00944133,-0.0147429,0,3.55138,-0.542273,-0.317555,11,drone1
0.238514,0.345901,1.4186e-05,48.907,0.814591,-0.961709,40.0148,-0.207707,-0.899048,0.0142172,-0.011015,0,2.16239,-0.568189,-0.221512,11,drone1
0.24077,0.348504,1.30118e-05,48.6122,0.733718,-0.859653,39.8106,-0.245919,-0.879185,0.0138349,-0.00882546,0,0.702353,-0.460363,-0.111163,11,drone1
0.242864,0.350899,1.21772e-05,48.7598,0.649827,-0.768473,43.9626,-0.334324,-0.8299,0.00713051,-0.050672,0,-2.62444,-0.345252,0.0716288,11,drone1
0.248798,0.357453,1.12843e-05,47.2862,0.571117,-0.645038,46.8016,-0.389388,-0.78204,0.00299871,-0.0400412,0,-5.96553,-0.234307,0.14272,11,drone1
0.253001,0.361785,1.06531e-05,43.9874,0.514922,-0.522047,47.5138,-0.402118,-0.749179,0.000897629,-0.016468,0,-6.5214,-0.141811,0.197204,11,drone1
0.254435,0.363078,1.02344e-05,41.5884,0.45766,-0.430355,46.9845,-0.396206,-0.721137,-0.000661363,0.00170239,0,-5.29498,-0.176339,0.225776,11,drone1
0.254131,0.362758,9.92453e-06,40.8365,0.395118,-0.365498,46.8374,-0.38608,-0.694251,-0.00494559,0.0059791,0,-1.47305,-0.130459,0.255951,11,drone1
0.2541,0.362728,9.64904e-06,40.7955,0.328112,-0.307187,46.5547,-0.361329,-0.67728,-0.0067908,0.0126604,0,1.93426,-0.0131363,0.276656,11,drone1
0.251886,0.360796,9.46191e-06,41.0247,0.272126,-0.260881,45.3876,-0.324746,-0.655439,-0.00652261,0.024018,0,3.46381,-0.0893021,0.352658,11,drone1
0.24842,0.357703,9.33573e-06,41.9774,0.221537,-0.223832,40.735,-0.132529,-0.620762,-0.0200827,0.0757475,0,3.44633,0.545423,1.36689,11,drone1
0.240838,0.350664,9.31249e-06,44.7741,0.191054,-0.215309,41.505,-0.130403,-0.591352,-0.0041725,0.00453216,0,7.69982,-0.161059,0.246728,11,drone1
0.242063,0.35186,8.20715e-06,48.0572,0.121636,-0.159805,43.2909,-0.136701,-0.550931,0.00551996,-0.0204888,0,2.84193,-0.167397,0.339355,11,drone1
0.244986,0.35502,8.88779e-06,47.7825,0.0546331,-0.0868448,44.5045,-0.134875,-0.515806,0.00490553,-0.0199071,0,-2.16116,-0.109193,0.334726,11,drone1
0.247336,0.357552,9.09578e-06,46.3804,-0.00899488,-0.0172048,44.1888,-0.111713,-0.486422,0.00580011,-0.00782013,0,-3.15686,-0.0499838,0.370746,11,drone1
0.247038,0.357262,9.12166e-06,45.6564,-0.0615374,0.0366335,43.9773,-0.0836134,-0.45671,0.00167379,-0.0034105,0,-2.11545,-0.0124079,0.408743,11,drone1
0.247006,0.357236,9.12919e-06,45.6178,-0.114978,0.0913029,43.8804,-0.0539771,-0.43219,0.00076972,0.00102222,0,-0.970143,0.0400959,0.382544,11,drone1
0.247004,0.357238,9.18654e-06,45.6203,-0.168443,0.146045,43.1693,-0.010126,-0.405759,-0.00170783,0.0101456,0,0.765356,0.0878522,0.457846,11,drone1
0.245701,0.355913,9.29139e-06,46.0022,-0.214499,0.195889,43.2865,0.0272071,-0.381759,0.00149411,0.00858841,0,1.17086,0.112039,0.429437,11,drone1
0.24584,0.356055,9.43857e-06,46.3768,-0.266854,0.253624,43.8591,0.00464293,-0.384248,0.0226046,-0.027075,0,0.315681,-0.122932,-0.146064,11,drone1
0.250884,0.361329,9.73859e-06,46.1402,-0.34608,0.333905,43.9923,0.110104,-0.34085,-0.0101687,0.00666213,0,-1.55277,0.460561,1.06287,11,drone1
0.249037,0.359426,9.96006e-06,45.7411,-0.394621,0.378913,45.9985,0.121348,-0.358084,0.010048,-0.0324185,0,-0.94229,0.263848,0.0708377,11,drone1
0.25394,0.364396,1.03763e-05,44.8619,-0.480324,0.452431,45.7566,0.178588,-0.339838,-0.000632885,0.00699512,0,-2.42054,0.256095,0.54342,11,drone1
0.253589,0.364039,1.07589e-05,43.9151,-0.544888,0.499386,45.5876,0.238987,-0.323575,-0.00218191,0.00685814,0,-1.69101,0.297608,0.55014,11,drone1
0.253545,0.363997,1.11819e-05,43.8555,-0.605158,0.556207,45.5207,0.30285,-0.309184,-0.00448377,0.00855026,0,-0.669408,0.341198,0.558698,11,drone1
0.253542,0.363999,1.16594e-05,43.8591,-0.666625,0.615333,45.5083,0.368614,-0.296676,-0.00427372,0.00813453,0,-0.125193,0.370986,0.557231,11,drone1
0.25354,0.364002,1.21999e-05,43.8601,-0.729919,0.676166,52.7682,0.494616,-0.449058,-0.0775155,-0.0020811,0,-0.35286,1.93662,0.437445,11,drone1
0.245056,0.355952,1.23992e-05,42.8205,-0.768677,0.687577,52.0315,0.56075,-0.427618,-0.00302303,0.00858302,0,-7.36543,0.190985,0.66798,11,drone1
0.244945,0.355798,1.28526e-05,41.3059,-0.85827,0.730576,51.3679,0.625234,-0.40923,-0.00305584,0.00857222,0,-6.63584,0.218927,0.633407,11,drone1
0.244846,0.355692,1.36787e-05,41.165,-0.934395,0.793232,50.9826,0.691441,-0.39432,0.000384966,0.00189788,0,-3.85294,0.278233,0.618857,11,drone1
0.244842,0.355693,1.46109e-05,41.1682,-1.01175,0.860713,50.7375,0.760148,-0.379474,0.00489008,0.00618383,0,-2.45089,0.30506,0.633224,11,drone1
0.24484,0.355695,1.56158e-05,41.17,-1.09197,0.930752,50.4736,0.832847,-0.366516,0.00607357,0.000479073,0,-2.63872,0.346308,0.652133,11,drone1
0.244837,0.355697,1.67091e-05,41.1713,-1.17531,1.00357,50.2069,0.909728,-0.356034,0.00580248,-0.00317078,0,-2.66778,0.394517,0.668071,11,drone1
0.244835,0.355699,1.79153e-05,41.1728,-1.26203,1.0794,49.9571,0.990784,-0.347903,0.00543747,-0.00446087,0,-2.49942,0.442937,0.683612,11,drone1
0.244832,0.355701,1.92566e-05,41.1745,-1.35243,1.15847,49.7292,1.07609,-0.341923,0.00516309,-0.00489982,0,-2.28115,0.490545,0.700385,11,drone1
0.24483,0.355703,2.07534e-05,41.1764,-1.4468,1.24103,49.5371,1.16579,-0.338202,0.00438831,-0.00365176,0,-1.92394,0.540691,0.716729,11,drone1
0.244827,0.355706,2.24257e-05,41.1785,-1.54543,1.32733,49.3811,1.25989,-0.336145,0.0045202,-0.00147203,0,-1.56284,0.585992,0.736504,11,drone1
0.244825,0.355708,2.42943e-05,41.1809,-1.64864,1.41765,49.2468,1.35865,-0.335753,0.00455401,-0.000674713,0,-1.34727,0.631949,0.758885,11,drone1
0.244824,0.355708,1.8655e-05,41.1802,-1.60682,1.39445,49.1281,1.4623,-0.33699,0.00455801,-0.000371547,0,-1.19193,0.678717,0.783519,11,drone1
0.244822,0.35571,1.94295e-05,41.1778,-1.50512,1.29839,54.5967,1.59662,-0.540202,-0.0560808,-0.00138184,0,-1.01775,1.60433,0.914697,11,drone1
0.24,0.351765,1.89525e-05,38.9815,-1.43147,1.13693,53.9444,1.682,-0.527546,0.00452205,-0.000634437,0,-6.52132,0.351489,0.787907,11,drone1
0.239519,0.351108,1.80183e-05,36.5648,-1.37932,1.00116,53.4963,1.73765,-0.517526,0.0068119,0.000930096,0,-4.47884,0.228465,0.517073,11,drone1
0.239388,0.350947,1.70629e-05,36.3243,-1.29114,0.926817,52.6441,1.779,-0.489949,0.0100053,-0.00505381,0,-2.04898,0.143382,0.336143,11,drone1
0.240938,0.352047,1.61525e-05,36.6145,-1.20735,0.874435,52.1945,1.80308,-0.473443,0.0104855,-0.00810009,0,-0.102966,0.100838,0.17939,11,drone1
0.24301,0.353617,1.53485e-05,37.1228,-1.12838,0.831183,55.8214,1.82209,-0.660317,-0.0251828,-0.0141916,0,-0.518407,0.895052,-0.0203409,11,drone1
0.242835,0.35377,1.45961e-05,35.6423,-1.07145,0.74558,55.5018,1.82619,-0.643793,0.00810683,-0.00445191,0,-3.19081,-0.11671,0.123808,11,drone1
0.242433,0.353223,1.37353e-05,33.9008,-1.01672,0.6613,55.1632,1.82337,-0.631035,0.0066182,-0.00234816,0,-3.38209,-0.122299,0.045763,11,drone1
0.242337,0.353098,1.31037e-05,33.6821,-0.947776,0.609761,55.0898,1.80689,-0.626967,0.00687141,-0.00279771,0,-0.732637,-0.12685,-0.112748,11,drone1
0.242326,0.353088,1.254e-05,33.6628,-0.880767,0.56468,55.1239,1.78425,-0.627452,0.00724162,-0.00271829,0,0.340395,-0.126119,-0.188136,11,drone1
0.242323,0.353089,1.20417e-05,33.6604,-0.817203,0.522307,55.1672,1.75772,-0.631525,0.00731621,-0.00266258,0,0.431906,-0.119139,-0.240554,11,drone1
0.242321,0.35309,1.16039e-05,33.6594,-0.756968,0.482184,55.2076,1.72842,-0.638937,0.0073178,-0.00264134,0,0.401101,-0.107422,-0.282456,11,drone1
0.242318,0.353092,1.122e-05,33.6586,-0.699834,0.444132,54.801,1.67166,-0.642887,0.0140352,-0.0145186,0,0.0864701,-0.214978,-0.597891,11,drone1
0.245644,0.355282,1.09696e-05,33.8457,-0.660148,0.420805,54.8783,1.64187,-0.657396,0.00732621,-0.00259622,0,0.769139,-0.0551387,-0.326634,11,drone1
0.245621,0.355296,1.06824e-05,34.0387,-0.607334,0.388281,54.5559,1.52483,-0.651403,0.0260893,-0.0318566,0,0.622167,-0.662265,-1.01915,11,drone1
0.252706,0.3601,1.0566e-05,34.2236,-0.591108,0.380136,54.6391,1.50685,-0.669074,0.00503207,0.000667463,0,0.827636,0.038023,-0.249169,11,drone1
0.252607,0.360052,1.0347e-05,34.3996,-0.543154,0.349852,50.0314,1.43341,-0.534467,0.039624,0.00676134,0,0.47763,-0.797361,-0.940429,11,drone1
0.254935,0.361316,1.08377e-05,36.5345,-0.497234,0.344103,50.4648,1.4212,-0.564816,0.00386906,0.00263392,0,4.32654,0.144198,-0.293429,11,drone1
0.25544,0.361959,1.02558e-05,38.6825,-0.445249,0.332514,48.0992,1.42763,-0.538288,0.012935,0.0181987,0,4.04991,0.189909,-0.429605,11,drone1
0.254248,0.360887,9.82792e-06,40.1808,-0.392479,0.30757,48.4202,1.41904,-0.576259,2.25196e-05,0.00694735,0,3.20122,0.217066,-0.322988,11,drone1
0.254636,0.361323,9.67321e-06,41.4842,-0.351681,0.286662,42.6479,1.49103,-0.376691,0.00807538,0.0601438,0,1.3775,-0.240981,0.486778,11,drone1
0.247942,0.355195,9.37913e-06,43.4706,-0.278836,0.239404,41.9746,1.49015,-0.406398,-0.00118601,0.0147671,0,6.1839,0.333939,-0.545937,11,drone1
0.246826,0.354093,9.30423e-06,46.1295,-0.233146,0.216342,40.2866,1.49147,-0.409354,0.00382628,0.0195675,0,5.09876,0.279459,-0.551171,11,drone1
0.245374,0.352558,9.21112e-06,47.9384,-0.192706,0.186471,40.7305,1.48726,-0.474803,0.00529251,0.00647846,0,4.42387,0.372408,-0.539384,11,drone1
0.245761,0.352924,9.15993e-06,49.0186,-0.165494,0.162809,40.968,1.49125,-0.539989,0.00602608,0.00200647,0,2.35966,0.446645,-0.476105,11,drone1
0.245813,0.352974,9.11836e-06,49.0876,-0.141347,0.135342,41.0044,1.4965,-0.598145,0.0079504,-0.00832044,0,-1.02814,0.41,-0.365683,11,drone1
0.247368,0.354764,9.09195e-06,49.0198,-0.125458,0.116691,41.5395,1.50056,-0.670976,0.00647826,-0.0131575,0,-1.96634,0.44636,-0.321759,11,drone1
0.249246,0.356893,9.07156e-06,48.6034,-0.112232,0.0998092,42.0767,1.50465,-0.742612,0.00458441,-0.012226,0,-2.49938,0.444135,-0.284991,11,drone1
0.250788,0.35862,9.0532e-06,47.8747,-0.0981988,0.0814562,41.8797,1.52456,-0.79902,0.00411415,-0.000895548,0,-1.98446,0.53001,-0.276876,11,drone1
0.250618,0.358461,9.02604e-06,47.4796,-0.0755626,0.0554917,41.7734,1.54791,-0.859427,0.00224987,0.00256376,0,-1.07707,0.579411,-0.288838,11,drone1
0.250599,0.358448,9.00842e-06,47.457,-0.0533153,0.0312012,41.7415,1.56149,-0.911242,0.00144338,0.00420911,0,-0.331983,0.44708,-0.294665,11,drone1
0.250597,0.35845,8.99931e-06,47.4582,-0.0314243,0.0073486,40.0332,1.54541,-0.908878,0.019861,0.000132128,0,0.0180342,-0.0206148,-0.61675,11,drone1
0.252349,0.36043,8.99231e-06,48.2854,-0.0184477,-0.00661591,40.2037,1.53517,-0.942438,0.00142013,0.00499638,0,1.69634,0.133127,-0.32448,11,drone1
0.252558,0.360616,8.99089e-06,49.0985,0.00165415,-0.0296568,40.317,1.51638,-0.965162,0.000482777,0.00602967,0,1.12712,0.000474005,-0.294824,11,drone1
0.252603,0.360661,9.00573e-06,49.1542,0.0220662,-0.0533232,40.3376,1.4913,-0.977575,-0.000501088,0.00707123,0,0.203062,-0.111364,-0.256721,11,drone1
0.252601,0.360663,9.02116e-06,49.1527,0.0426407,-0.0771205,40.3168,1.46206,-0.98337,-0.000522359,0.00731001,0,-0.210292,-0.184935,-0.233687,11,drone1
0.252598,0.360666,9.04211e-06,49.1526,0.0632498,-0.100957,40.2918,1.42419,-0.982158,-0.000548894,0.00728286,0,-0.250071,-0.296166,-0.236402,11,drone1
0.252596,0.360668,9.06945e-06,49.1528,0.0839636,-0.124914,40.2695,1.38124,-0.97631,-0.000530699,0.00729685,0,-0.22289,-0.364987,-0.233777,11,drone1
0.252594,0.360671,9.10358e-06,49.1529,0.104855,-0.149077,40.2496,1.33628,-0.967418,-0.000507568,0.0073289,0,-0.197511,-0.400182,-0.22342,11,drone1
0.252592,0.360673,9.14487e-06,49.1531,0.125995,-0.173528,40.2316,1.2877,-0.955249,-0.00049053,0.00732016,0,-0.178354,-0.449075,-0.221667,11,drone1
0.25259,0.360676,9.19373e-06,49.1533,0.147456,-0.19835,40.1715,1.2335,-0.937109,0.00415976,0.00325148,0,-0.597278,-0.529932,-0.214099,11,drone1
0.252588,0.360678,9.25065e-06,49.1535,0.169311,-0.223629,40.1117,1.17912,-0.919608,-0.00167028,0.00120191,0,-0.596145,-0.52736,-0.219561,11,drone1
0.252586,0.360681,9.31626e-06,49.1537,0.191633,-0.249449,40.0602,1.12331,-0.90117,-0.00250697,0.00133012,0,-0.511653,-0.544697,-0.22076,11,drone1
0.252584,0.360683,9.39128e-06,49.1539,0.214497,-0.275895,40.0148,1.06619,-0.881703,-0.00223775,0.00148634,0,-0.451309,-0.56169,-0.220666,11,drone1
0.252582,0.360686,9.47656e-06,49.1541,0.237979,-0.303057,39.9741,1.0081,-0.861508,-0.00181731,0.00156794,0,-0.40499,-0.574036,-0.220706,11,drone1
0.25258,0.360688,9.57309e-06,49.1544,0.262157,-0.331023,39.9371,0.949384,-0.840933,-0.00145271,0.00158817,0,-0.367163,-0.581472,-0.22123,11,drone1
0.252578,0.360691,9.68199e-06,49.1547,0.287108,-0.359885,39.9498,0.891319,-0.820852,-0.000413673,0.00726052,0,0.128461,-0.574331,-0.218213,11,drone1
0.252576,0.360693,9.80453e-06,49.1549,0.312916,-0.389738,37.2813,0.83829,-0.704356,0.0364686,-0.00491319,0,-1.4309,-1.16661,0.00576566,11,drone1
0.256377,0.365248,9.84368e-06,50.2203,0.313707,-0.405197,37.4614,0.778794,-0.694112,-0.000508901,-0.00464786,0,1.80151,-0.539305,-0.271277,11,drone1
0.256648,0.365455,9.97365e-06,51.3851,0.331398,-0.44399,39.5203,0.7898,-0.753347,-0.0311017,0.00479426,0,1.17037,0.479992,-0.0557146,11,drone1
0.253501,0.361399,1.02506e-05,50.5616,0.381496,-0.492425,39.3428,0.728615,-0.732452,-0.00524465,0.00324661,0,-1.77295,-0.601677,-0.236576,11,drone1
0.25329,0.361242,1.04577e-05,49.6499,0.419499,-0.521883,39.1625,0.664187,-0.71291,-0.00149555,-0.00541181,0,-1.80244,-0.618413,-0.2661,11,drone1
0.253232,0.361195,1.06651e-05,49.5837,0.451393,-0.558111,39.11,0.599493,-0.696677,-0.00115565,-0.00336578,0,-0.524155,-0.602952,-0.285191,11,drone1
0.253229,0.361197,1.09044e-05,49.5855,0.483847,-0.59625,39.1206,0.536947,-0.682033,-0.000985369,0.00323467,0,0.105587,-0.577927,-0.280442,11,drone1
0.253227,0.3612,1.11733e-05,49.5863,0.517792,-0.636126,39.1402,0.475278,-0.668702,-0.000940186,0.00403228,0,0.195638,-0.562981,-0.284825,11,drone1
0.253225,0.361202,1.1474e-05,49.5868,0.553334,-0.677873,39.1635,0.414484,-0.656672,-0.000920225,0.00473133,0,0.233034,-0.547996,-0.289439,11,drone1
0.253223,0.361205,1.18101e-05,49.5874,0.59058,-0.721622,39.1894,0.354484,-0.645988,-0.00090283,0.0053184,0,0.258107,-0.533271,-0.295006,11,drone1
0.253221,0.361207,1.21856e-05,49.5881,0.629647,-0.767513,39.2167,0.29519,-0.636697,-0.000887444,0.00580505,0,0.272531,-0.518924,-0.30155,11,drone1
0.253219,0.36121,1.2605e-05,49.5887,0.670658,-0.815687,39.2446,0.2365,-0.62884,-0.000873893,0.00620365,0,0.278218,-0.505056,-0.309095,11,drone1
0.253217,0.361212,1.30735e-05,49.5895,0.713741,-0.866297,38.3414,0.161744,-0.572153,-0.0231007,0.0279718,0,0.0272223,-0.990219,-0.125997,11,drone1
0.248366,0.35554,1.38686e-05,50.0221,0.775206,-0.952737,38.4701,0.107212,-0.571719,-0.000966275,0.00778513,0,1.28576,-0.433754,-0.330513,11,drone1
0.248609,0.35578,1.44669e-05,50.4547,0.814013,-1.0143,38.5607,0.0493708,-0.573034,0.0020209,0.0050111,0,0.905145,-0.447294,-0.366962,11,drone1
0.248625,0.355797,1.51419e-05,50.4885,0.862758,-1.0746,38.5998,-0.00959062,-0.574714,0.00481851,0.00283921,0,0.389392,-0.451737,-0.379292,11,drone1
0.248624,0.3558,1.58936e-05,50.4893,0.91482,-1.13773,38.6123,-0.0681061,-0.577253,0.00470342,0.00300027,0,0.123142,-0.441846,-0.384481,11,drone1
0.248622,0.355802,1.6733e-05,50.4904,0.96972,-1.20432,38.6222,-0.126671,-0.581138,0.00469951,0.00305295,0,0.098156,-0.43368,-0.39549,11,drone1
0.24862,0.355805,1.76706e-05,50.4918,1.02762,-1.27456,38.6315,-0.185477,-0.586466,0.00470126,0.00308584,0,0.0910323,-0.426482,-0.408386,11,drone1
0.248618,0.355807,1.87179e-05,50.4934,1.08871,-1.34867,38.64,-0.244699,-0.593301,0.0047027,0.0031087,0,0.0835755,-0.420234,-0.422853,11,drone1
0.248616,0.35581,1.98879e-05,50.4951,1.15318,-1.42688,38.6477,-0.304513,-0.601708,0.0047034,0.00312395,0,0.0760802,-0.414966,-0.438906,11,drone1
0.248614,0.355813,2.11948e-05,50.4969,1.22122,-1.50943,38.6554,-0.362936,-0.609821,0.00469372,0.00321438,0,0.0756955,-0.405869,-0.427991,11,drone1
0.248612,0.355815,2.26547e-05,50.499,1.29303,-1.59657,38.6615,-0.424691,-0.621753,0.00470269,0.00313777,0,0.0609211,-0.407955,-0.478731,11,drone1
0.24861,0.355818,2.42855e-05,50.5013,1.36885,-1.68858,38.667,-0.487566,-0.635431,0.00470127,0.00313833,0,0.054136,-0.405734,-0.499423,11,drone1
0.24861,0.355818,1.94757e-05,50.5006,1.35054,-1.65282,38.6718,-0.551756,-0.650923,0.00469908,0.00313589,0,0.047634,-0.404598,-0.521864,11,drone1
0.248608,0.355821,2.0064e-05,50.4984,1.27,-1.56212,41.2415,-0.711938,-0.699179,0.0113053,-0.0346385,0,0.0275526,-0.567647,-1.39686,11,drone1
0.253003,0.360967,1.93729e-05,49.2671,1.20656,-1.42577,40.9888,-0.73107,-0.718084,0.00482527,0.00289548,0,-2.52485,-0.013914,-0.268568,11,drone1
0.252517,0.360527,1.87702e-05,48.0448,1.167,-1.32407,40.8231,-0.740855,-0.737696,0.00222349,0.00527317,0,-1.65489,0.0575199,-0.211476,11,drone1
0.252455,0.360477,1.78989e-05,47.9631,1.10298,-1.25001,40.7965,-0.733844,-0.762119,-0.000277714,0.00728955,0,-0.262581,0.212982,-0.138535,11,drone1
0.252453,0.360479,1.70102e-05,47.965,1.0415,-1.18216,40.8377,-0.713969,-0.789913,-0.000168153,0.00695391,0,0.415779,0.331781,-0.081616,11,drone1
0.252451,0.360482,1.61836e-05,47.9643,0.984351,-1.11883,40.8788,-0.688672,-0.813298,-0.000187575,0.00692439,0,0.414427,0.344256,-0.0126137,11,drone1
0.252449,0.360484,1.54413e-05,47.9634,0.931191,-1.05987,40.9158,-0.651486,-0.839685,-0.000206888,0.00692369,0,0.372584,0.453964,0.0425447,11,drone1
0.252447,0.360487,1.47841e-05,47.9627,0.881777,-1.00506,40.9492,-0.603057,-0.869233,-0.00022731,0.00692301,0,0.336434,0.559728,0.0924315,11,drone1
0.252444,0.360489,1.42051e-05,47.962,0.835898,-0.954165,42.5959,-0.473814,-0.924558,-0.0495357,0.0261566,0,0.125942,1.6396,0.455848,11,drone1
0.246937,0.354179,1.51146e-05,49.0206,0.804118,-0.956609,47.3025,-0.36411,-1.01461,-0.0740873,0.0182752,0,-0.0830258,2.24935,0.275071,11,drone1
0.23904,0.345009,1.47495e-05,48.1979,0.81897,-0.945171,46.6447,-0.303116,-1.04825,0.00334759,0.00387092,0,-6.57761,0.648264,0.253838,11,drone1
0.239426,0.345458,1.36683e-05,46.2966,0.813532,-0.877545,45.9998,-0.234619,-1.08671,0.00619749,0.000811255,0,-6.449,0.736724,0.271521,11,drone1
0.239152,0.345201,1.31688e-05,45.7352,0.791768,-0.83795,47.8,-0.312502,-1.13358,0.0214506,-0.0482716,0,-5.24542,0.199827,-0.630995,11,drone1
0.246788,0.353004,1.25218e-05,45.3244,0.732667,-0.766483,46.5837,-0.240333,-1.16217,0.0144804,-0.00720696,0,-4.59961,0.556851,0.277777,11,drone1
0.248568,0.354796,1.22539e-05,45.1053,0.701287,-0.729421,45.5254,-0.175992,-1.18054,0.011039,-0.0029617,0,-2.8966,0.440307,0.258541,11,drone1
0.249885,0.356132,1.2023e-05,45.7935,0.66381,-0.708423,45.3732,-0.133849,-1.1878,0.00638362,0.00209151,0,-1.52262,0.344072,0.253945,11,drone1
0.249986,0.356231,1.18553e-05,46.1811,0.638936,-0.69202,44.7051,-0.0163956,-1.16044,-0.0220356,0.0280139,0,-1.55332,0.535806,0.966806,11,drone1
0.244921,0.350945,1.19284e-05,46.4489,0.64279,-0.702489,44.5772,0.00745165,-1.1582,0.00418151,0.00436975,0,-1.28003,0.151884,0.185201,11,drone1
0.245108,0.351135,1.17924e-05,46.6927,0.62436,-0.688849,44.4099,0.0254683,-1.14884,0.00671879,0.00187337,0,-1.67267,0.0600832,0.193936,11,drone1
0.24511,0.351141,1.16863e-05,46.7076,0.611875,-0.675956,44.2338,0.0379791,-1.13535,0.00924427,-0.000611155,0,-1.76098,-0.00760057,0.183848,11,drone1
0.245109,0.351144,1.16011e-05,46.7068,0.601877,-0.665328,44.0624,0.0470872,-1.1188,0.00915956,-0.000505866,0,-1.71394,-0.0525763,0.181359,11,drone1
0.245106,0.351147,1.15358e-05,46.7067,0.594112,-0.657084,43.9074,0.0528932,-1.10013,0.0091682,-0.000475613,0,-1.54938,-0.090269,0.173482,11,drone1
0.245104,0.351149,1.14894e-05,46.7067,0.588538,-0.651169,43.768,0.0557629,-1.07992,0.00917794,-0.000449412,0,-1.39378,-0.121284,0.164187,11,drone1
0.245102,0.351151,1.14611e-05,46.7067,0.585119,-0.647541,43.6425,0.0560355,-1.05868,0.0091872,-0.000426444,0,-1.25417,-0.146467,0.153822,11,drone1
0.245099,0.351154,1.14505e-05,46.7068,0.583826,-0.64617,43.5296,0.0540097,-1.03685,0.00919563,-0.000406119,0,-1.12861,-0.16656,0.142492,11,drone1
0.245097,0.351156,1.14572e-05,46.7068,0.584639,-0.647033,43.428,0.0499477,-1.01482,0.00920324,-0.00038827,0,-1.01566,-0.182222,0.130296,11,drone1
0.245095,0.351159,1.14811e-05,46.7069,0.587542,-0.650116,43.3366,0.0440785,-0.992921,0.00921004,-0.0003727,0,-0.91405,-0.194036,0.117325,11,drone1
0.245093,0.351161,1.15225e-05,46.707,0.592529,-0.655411,43.2543,0.0366012,-0.971435,0.00921601,-0.000359229,0,-0.82265,-0.202513,0.103654,11,drone1
0.245091,0.351163,1.15819e-05,46.7071,0.599601,-0.66292,43.1802,0.0276878,-0.950615,0.00922116,-0.00034769,0,-0.740434,-0.208107,0.0893494,11,drone1
