2.37923,-0.342744,5.53539e-06,0,0,-0.0111886,0,0,0,0,0,0,0,0,0,-1,pipuck5
2.37923,-0.342744,7.91351e-06,0,0,-0.0159945,0,0,0,0,0,0,0,0,0,-1,pipuck5
2.37923,-0.342744,8.88486e-06,0,0,-0.0179578,0,0,0,0,0,0,0,0,0,-1,pipuck5
2.37923,-0.342744,9.26229e-06,0,0,-0.0187206,0,0,0,0,0,0,0,0,0,-1,pipuck5
2.37923,-0.342744,9.40043e-06,0,0,-0.0189998,0,0,0,0,0,0,0,0,0,-1,pipuck5
2.37923,-0.342744,9.44705e-06,0,0,-0.019094,0,0,0,0,0,0,0,0,0,-1,pipuck5
2.37923,-0.342744,9.46085e-06,0,0,-0.0191219,0,0,0,0,0,0,0,0,0,-1,pipuck5
2.37923,-0.342744,9.46391e-06,0,0,-0.0191281,0,0,0,0,0,0,0,0,0,-1,pipuck5
2.37923,-0.342744,9.46396e-06,0,0,-0.0191282,0,0,0,0,0,0,0,0,0,-1,pipuck5
2.37923,-0.342744,9.46346e-06,0,0,-0.0191272,0,0,0,0,0,0,0,0,0,-1,pipuck5
2.37923,-0.342744,9.46303e-06,0,0,-0.0191263,0,0,0,0,0,0,0,0,0,-1,pipuck5
2.37923,-0.342744,9.46276e-06,0,0,-0.0191258,0,0,0,0,0,0,0,0,0,-1,pipuck5
2.37923,-0.342744,9.46262e-06,0,0,-0.0191255,0,0,0,0,0,0,0,0,0,-1,pipuck5
2.37923,-0.342744,9.46255e-06,0,0,-0.0191254,0,0,0,0,0,0,0,0,0,-1,pipuck5
2.37923,-0.342744,9.46252e-06,0,0,-0.0191253,0,0,0,0,0,0,0,0,0,-1,pipuck5
2.37923,-0.342744,9.46251e-06,0,0,-0.0191253,0,0,0,0,0,0,0,0,0,-1,pipuck5
2.37923,-0.342744,9.4625e-06,0,0,-0.0191253,0,0,0,0,0,0,0,0,0,-1,pipuck5
2.37923,-0.342744,9.4625e-06,0,0,-0.0191253,0,0,0,0,0,0,0,0,0,-1,pipuck5
2.37923,-0.342744,9.4625e-06,0,0,-0.0191253,0,0,0,0,0,0,0,0,0,-1,pipuck5
2.37923,-0.342744,9.4625e-06,0,0,-0.0191253,0,0,0,0,0,0,0,0,0,-1,pipuck5
2.37923,-0.342744,9.4625e-06,0,0,-0.0191253,0,0,0,0,0,0,0,0,0,-1,pipuck5
2.37923,-0.342744,9.4625e-06,0,0,-0.0191252,0,0,0,0,0,0,0,0,0,-1,pipuck5
2.37923,-0.342744,9.4625e-06,0,0,-0.0191252,0,0,0,0,0,0,0,0,0,-1,pipuck5
2.37923,-0.342744,9.4625e-06,0,0,-0.0191252,0,0,0,0,0,0,0,0,0,-1,pipuck5
2.37923,-0.342744,9.4625e-06,0,0,-0.0191252,0,0,0,0,0,0,0,0,0,-1,pipuck5
2.37923,-0.342744,9.4625e-06,0,0,-0.0191252,0,0,0,0,0,0,0,0,0,-1,pipuck5
2.37923,-0.342744,9.4625e-06,0,0,-0.0191252,0,0,0,0,0,0,0,0,0,-1,pipuck5
2.37923,-0.342744,9.4625e-06,0,0,-0.0191252,0,0,0,0,0,0,0,0,0,-1,pipuck5
2.37923,-0.342744,9.4625e-06,0,0,-0.0191252,0,0,0,0,0,0,0,0,0,-1,pipuck5
2.37923,-0.342744,9.4625e-06,0,0,-0.0191252,0,0,0,0,0,0,0,0,0,-1,pipuck5
2.37923,-0.342744,9.4625e-06,0,0,-0.0191252,0,0,0,0,0,0,0,0,0,-1,pipuck5
2.37923,-0.342744,9.4625e-06,0,0,-0.0191252,0,0,0,0,0,0,0,0,0,-1,pipuck5
2.37923,-0.342744,9.4625e-06,0,0,-0.0191252,0,0,0,0,0,0,0,0,0,-1,pipuck5
2.37923,-0.342744,9.4625e-06,0,0,-0.0191252,0,0,0,0,0,0,0,0,0,-1,pipuck5
2.37923,-0.342744,9.4625e-06,0,0,-0.0191252,0,0,0,0,0,0,0,0,0,-1,pipuck5
2.37923,-0.342744,9.4625e-06,0,0,-0.0191252,0,0,0,0,0,0,0,0,0,-1,pipuck5
2.37923,-0.342744,9.4625e-06,0,0,-0.0191252,0,0,0,0,0,0,0,0,0,-1,pipuck5
2.37923,-0.342744,9.4625e-06,0,0,-0.0191252,0,0,0,0,0,0,0,0,0,-1,pipuck5
2.37923,-0.342744,9.4625e-06,0,0,-0.0191252,0,0,0,0,0,0,0,0,0,-1,pipuck5
2.37923,-0.342744,9.4625e-06,0,0,-0.0191252,0,0,0,0,0,0,0,0,0,-1,pipuck5
2.37923,-0.342744,9.4625e-06,0,0,-0.0191252,0,0,0,0,0,0,0,0,0,-1,pipuck3
2.37923,-0.342744,9.4625e-06,0,0,-0.0191252,0,0,0,0,0,0,0,0,0,-1,pipuck3
2.37923,-0.342744,9.4625e-06,0,0,-0.0191252,-9,0,0,0.32139,0.568561,0,-6.36111e-15,-4.02539e-15,2.88238e-15,-1,pipuck3
2.38873,-0.342738,9.21372e-06,0.898586,-0.0457481,-0.0178983,-18,0,0,0.311548,0.55115,0,-6.36111e-15,-4.02539e-15,2.88238e-15,-1,pipuck3
2.4009,-0.342537,9.12308e-06,3.30796,-0.104452,-0.0123742,-25.2899,0.00455851,0.000564393,0.130908,0.635133,0,17.1014,0.0433646,-0.0146256,-1,pipuck3
2.41044,-0.342217,9.11324e-06,7.14697,-0.150103,0.000389656,-32.0917,0.0143856,0.00287925,0.0651696,0.639217,0,21.9819,0.089969,-0.0439211,-1,pipuck3
2.4204,-0.341227,9.13495e-06,12.6525,-0.196058,0.0253284,-38.5972,0.0274666,0.00745421,0.0235253,0.637413,0,24.9448,0.114153,-0.0757961,-1,pipuck3
2.43105,-0.338772,9.18333e-06,20.0142,-0.240669,0.0683116,-45.0027,0.0434574,0.0144865,0.00386554,0.632469,0,25.9449,0.130733,-0.114441,-1,pipuck3
2.44251,-0.33386,9.28458e-06,28.858,-0.28036,0.133746,-51.5039,0.0622446,0.0239898,0.0058,0.62558,0,24.9889,0.140232,-0.160432,-1,pipuck3
2.45466,-0.325784,9.45778e-06,37.9553,-0.31201,0.220279,-56.8411,0.0847122,0.0344966,0.0226686,0.615854,0,22.6465,0.142363,-0.215251,-1,pipuck3
2.46696,-0.314646,9.68911e-06,46.1313,-0.334568,0.321755,-60.7226,0.112211,0.0444269,0.0541242,0.601449,0,18.8867,0.142507,-0.275461,-1,pipuck3
2.47867,-0.301017,9.98169e-06,52.8383,-0.34957,0.431022,-60.7226,0.112211,0.0444269,0,0,0,0,0,0,-1,drone1
2.47826,-0.30155,1.04836e-05,58.1488,-0.310336,0.463201,-60.7226,0.112211,0.0444269,0,0,0,0,0,0,-1,drone1
2.47906,-0.30098,9.91153e-06,59.9423,-0.299859,0.482362,-58.8268,0.0663625,0.129191,-2.3398,0.455257,0,108.96,0.654903,0.13719,11,drone1
2.47584,-0.305459,8.42199e-06,63.1921,-0.262165,0.485481,-58.3841,0.0925879,0.15745,-2.25362,0.623344,0,94.4273,0.0614141,-0.426257,11,drone1
2.47274,-0.310555,9.43098e-06,71.1364,-0.188929,0.499771,-58.4048,0.118501,0.190494,-2.95101,-0.300207,0,89.7937,0.080105,-0.463201,9,drone1
2.46966,-0.322188,9.66788e-06,80.8247,-0.0954483,0.478157,-59.0904,0.13961,0.220471,-2.95453,0.0644849,0,83.1453,0.0397775,-0.46132,9,drone1
2.46878,-0.33205,9.68304e-06,90.6309,-0.013246,0.452492,-60.6753,0.151808,0.243567,-2.90028,0.524052,0,74.1507,-0.0233,-0.424849,9,drone1
2.46955,-0.338892,9.65381e-06,100.616,0.0618714,0.429313,-63.0018,0.155589,0.269735,-2.78933,0.887901,-0.000796952,66.7357,0.00385101,-0.388166,9,drone1
2.47092,-0.342686,9.63528e-06,111.221,0.138494,0.407129,-66.3,0.156806,0.275871,-2.61684,1.33806,0,57.0165,-0.174158,-0.417051,9,drone1
2.47107,-0.342566,9.6763e-06,122.906,0.227355,0.384967,-70.3834,0.157267,0.278582,-2.41531,1.67883,0,49.164,-0.203701,-0.428349,9,drone1
2.46849,-0.339376,9.79373e-06,135.23,0.330924,0.354038,-75.2533,0.158584,0.28033,-2.17031,1.99065,0,41.2987,-0.21364,-0.44619,9,drone1
2.46396,-0.335777,1.11142e-05,146.768,0.436746,0.308443,-80.8367,0.160781,0.285843,-1.90769,2.24216,0,34.1643,-0.187669,-0.457653,9,drone1
2.45348,-0.330117,1.02038e-05,157.108,0.560345,0.256408,-86.8811,0.165546,0.292279,-1.65203,2.44186,0,27.5998,-0.195655,-0.478305,9,drone1
2.43934,-0.325267,1.06113e-05,166.863,0.691387,0.180023,-91.4524,0.183387,0.295881,-1.42899,2.58045,0,22.1236,-0.213187,-0.503183,9,drone1
2.42236,-0.322384,1.12135e-05,175.735,0.822253,0.079643,-94.6214,0.210342,0.294417,-1.25821,2.63672,0,18.9066,-0.261923,-0.492268,9,drone1
2.40439,-0.322315,1.19095e-05,-176.109,0.94306,-0.045787,-96.5029,0.25275,0.237987,-1.0524,2.72418,0,16.1435,-0.799161,-0.447042,9,drone1
2.38712,-0.324421,5.10922e-06,-168.554,1.04346,-0.214213,-97.3536,0.308006,0.226255,-0.684274,2.8033,0,7.16567,-0.2879,-0.577001,9,drone1
2.36956,-0.328504,1.07665e-05,-162.286,1.13399,-0.375212,-102.445,0.354797,0.227444,-0.300518,2.86446,0,-0.778177,-0.329122,-0.642429,9,drone1
2.35507,-0.33381,1.36497e-05,-157.089,1.20466,-0.526746,-111.706,0.390988,0.252066,-0.2096,2.86017,0,-2.61951,-0.422779,-0.694519,9,drone1
2.34551,-0.339008,1.52179e-05,-150.665,1.22669,-0.709502,-102.429,0.512747,0.160412,0.639399,2.11956,0,2.7648,-0.591584,-0.699116,11,drone1
2.35208,-0.334114,1.55634e-05,-146.176,1.18307,-0.814222,-112.625,0.538787,0.254978,0.312127,2.84521,0,-11.9538,0.0960318,-0.60603,9,drone1
2.34551,-0.339286,1.66338e-05,-142.353,1.2079,-0.954523,-122.555,0.57503,0.297324,0.123771,2.85863,0,-9.30685,-0.626036,-0.676585,9,drone1
2.33638,-0.347392,1.80815e-05,-135.298,1.17215,-1.1856,-131.894,0.612464,0.348625,-0.168633,2.85041,0,-3.39653,-0.768839,-0.60558,9,drone1
2.32724,-0.357898,1.95924e-05,-126.668,1.06565,-1.4614,-140.953,0.650408,0.403674,-0.295613,2.84094,0,-0.590211,-0.937181,-0.506481,9,drone1
2.31905,-0.370972,1.3923e-05,-117.357,0.899608,-1.74447,-148.542,0.705596,0.438279,-0.267608,2.83836,0,-1.18294,-1.16948,-0.364536,9,drone1
2.31166,-0.387013,2.01269e-05,-108.53,0.686255,-2.01108,-154.153,0.784891,0.450394,-0.127892,2.83481,0,-4.02341,-1.29678,-0.254952,9,drone1
2.30686,-0.403929,3.59415e-05,-101.007,0.418936,-2.18534,-158.096,0.886036,0.440719,0.0413907,2.83046,0,-7.07861,-1.37825,-0.160088,9,drone1
2.30418,-0.422227,1.79926e-05,-94.3231,0.164676,-2.06894,-160.541,1.00263,0.401766,1.12729,1.88549,0,-10.8015,-1.40749,-0.0418563,11,drone1
2.30363,-0.442144,1.39154e-05,-88.5577,-0.0453957,-1.94033,-159.118,1.1196,0.297528,1.26526,1.78682,0,-14.2236,-1.10797,0.0667705,11,drone1
2.30457,-0.459028,1.66517e-05,-83.5562,-0.214847,-1.7911,-152.181,1.23226,0.0731309,1.4866,1.61597,0,-20.6581,-0.866118,0.0354039,11,drone1
2.30431,-0.466006,1.71386e-05,-80.7671,-0.27843,-1.60445,-146.411,1.29143,-0.150125,1.78607,1.27583,0,-32.3261,-0.576167,-0.12952,11,drone1
2.3016,-0.456992,1.52544e-05,-81.2806,-0.227555,-1.36241,-141.504,1.30332,-0.351427,1.96654,0.977772,0,-40.9573,-0.212858,-0.291888,11,drone1
2.29943,-0.446748,1.32227e-05,-84.5044,-0.126841,-1.12714,-136.143,1.30584,-0.380077,1.80142,1.0394,0,-36.3542,1.06345,-1.47924,11,drone1
2.29863,-0.439249,1.16037e-05,-89.4151,-0.0273148,-0.906059,-131.804,1.20994,-0.504571,2.04457,0.788185,0,-46.616,0.862075,-0.00901843,11,drone1
2.2991,-0.430646,1.03452e-05,-95.3954,0.0459809,-0.676963,-127.472,1.11848,-0.63665,2.03998,0.79187,0,-46.6863,0.57204,-0.0835752,11,drone1
2.30072,-0.423581,9.46e-06,-102.529,0.0828543,-0.454448,-122.495,1.0746,-0.93842,2.00383,0.955257,0,-40.2677,-1.36113,-0.118791,11,drone1
2.30262,-0.419474,8.89254e-06,-111.47,0.079701,-0.250437,-117.832,0.904542,-0.997371,1.9666,0.939613,0,-43.3537,1.08838,-0.0272363,11,drone1
2.3041,-0.417246,8.62636e-06,-122.484,0.0255996,-0.0725444,-112.806,0.720822,-1.02248,1.90342,1.07252,0,-39.712,1.15774,0.0546619,11,drone1
2.30375,-0.417791,8.62684e-06,-134.757,-0.0783627,0.0543917,-107.235,0.526769,-1.01763,1.79349,1.25838,0,-34.2739,1.16289,0.162586,11,drone1
2.29951,-0.421411,1.5272e-05,-147.23,-0.178191,0.151134,-101.411,0.263062,-0.856687,1.68229,1.36862,0,-31.7553,2.41716,0.885879,11,drone1
2.29324,-0.424553,1.06216e-05,-159.422,-0.329318,0.14578,-94.7518,0.100945,-0.791752,1.50041,1.61006,0,-23.3914,1.0081,0.244977,11,drone1
2.28232,-0.427323,9.73159e-06,-170.854,-0.457033,0.092147,-87.7099,-0.0688657,-0.707514,1.3279,1.75579,0,-15.3166,0.913864,0.541583,11,drone1
2.26732,-0.428385,2.65904e-06,178.316,-0.560468,-0.0197802,-82.4887,-0.177566,-0.62085,1.2015,1.83705,0,-12.9786,0.711294,0.3895,11,drone1
2.25005,-0.426099,7.04823e-06,168.249,-0.627789,-0.142363,-78.8597,-0.258361,-0.542445,1.01821,1.92507,0,-6.6293,0.564952,0.456988,11,drone1
2.23218,-0.420337,1.10661e-05,159.756,-0.669207,-0.267008,-76.6624,-0.314791,-0.48005,0.815425,1.99146,0,-1.89262,0.430497,0.439348,11,drone1
2.21527,-0.412501,1.081e-05,153.508,-0.705989,-0.371606,-75.683,-0.359339,-0.431262,0.597375,2.04871,0,3.34377,0.361828,0.476144,11,drone1
2.1987,-0.403108,1.11851e-05,149.141,-0.74061,-0.463024,-75.5298,-0.398875,-0.39776,0.397883,2.0784,0,9.20748,0.297407,0.512828,11,drone1
2.18286,-0.392875,1.17469e-05,146.32,-0.781027,-0.541872,-75.8396,-0.437363,-0.373676,0.294537,2.06665,0,10.7637,0.252516,0.529464,11,drone1
2.16749,-0.382158,1.23406e-05,144.823,-0.830868,-0.607603,-76.4977,-0.509947,-0.388932,0.165788,2.0705,0,14.0767,-0.110834,0.850196,11,drone1
2.15243,-0.371321,1.29625e-05,144.455,-0.892839,-0.660148,-77.2603,-0.546616,-0.383199,0.0679473,2.05709,0,17.2493,0.224526,0.556954,11,drone1
2.13811,-0.361162,1.15345e-05,144.915,-0.989405,-0.677909,-74.1524,-0.615748,-0.342578,0.0225597,2.02739,0,18.0349,0.227187,0.627392,11,drone1
2.1254,-0.352412,1.22622e-05,145.227,-1.07473,-0.729313,-66.3005,-0.709083,-0.242845,0.139278,2.00324,0,14.4586,0.17772,0.643378,11,drone1
2.1166,-0.346444,1.43453e-05,143.552,-1.15306,-0.831835,-56.6454,-0.798901,-0.104316,0.413123,1.95464,0,6.54028,0.00777922,0.664154,11,drone1
2.1072,-0.339052,1.63113e-05,139.428,-1.18286,-0.989677,-47.5634,-0.869587,0.0324597,0.634258,1.88234,0,0.809976,-0.262524,0.597161,11,drone1
2.0962,-0.328725,2.92863e-05,133.43,-1.10851,-1.23078,-39.0626,-0.917275,0.172058,0.800265,1.81063,0,-5.00334,-0.410754,0.469541,11,drone1
2.08601,-0.317011,1.76107e-05,126.919,-1.07615,-1.4067,-34.2476,-0.972032,0.233784,0.815948,1.78536,0,-5.17093,-0.729673,0.258317,11,drone1
2.07644,-0.302796,1.86452e-05,120.925,-0.979074,-1.6054,-33.8591,-1.04706,0.221903,0.785573,1.79733,0,-4.52842,-0.803049,0.196794,11,drone1
2.06801,-0.286929,2.0754e-05,116.356,-0.898158,-1.77593,-40.8382,-1.14758,0.0675713,0.60966,1.84497,0,1.14281,-0.799531,0.263545,11,drone1
2.06309,-0.275166,2.316e-05,114.25,-0.890908,-1.93517,-47.0406,-1.20938,-0.218456,0.596442,1.80185,0,3.11082,-1.49517,-0.741735,11,drone1
2.05749,-0.261851,3.93434e-05,114.633,-0.933577,-2.02639,-53.7691,-1.26077,-0.403059,-0.134875,1.92846,0,22.7392,-0.468503,0.797497,11,drone1
2.05162,-0.249109,1.95057e-05,116.826,-0.959571,-1.87351,-59.6304,-1.29903,-0.583807,-0.402888,1.89642,0,31.4087,-0.252111,1.02951,11,drone1
2.0446,-0.237161,1.68436e-05,120.199,-0.991462,-1.71947,-65.3059,-1.30042,-0.755508,-0.496906,1.869,0,33.2582,0.0330107,1.00291,11,drone1
2.03783,-0.226509,1.91541e-05,125.149,-1.06651,-1.54161,-70.3784,-1.27462,-0.899222,-0.543436,1.82685,0,34.0519,0.313568,0.937334,11,drone1
2.02871,-0.214941,1.88553e-05,131.772,-1.15985,-1.32492,-74.6198,-1.23692,-1.01409,-0.623701,1.80439,0,37.938,0.581702,0.900816,11,drone1
2.01725,-0.203442,1.88772e-05,139.089,-1.26162,-1.06611,-77.852,-1.19582,-1.07147,-0.483779,1.82738,0,31.3984,0.774853,0.72579,11,drone1
2.00353,-0.192716,1.53707e-05,145.804,-1.26691,-0.880078,-80.0886,-1.16613,-1.08708,-0.406506,1.82814,0,29.5623,0.936473,0.641352,11,drone1
1.98959,-0.184251,2.40099e-05,152.157,-1.29034,-0.641842,-81.4311,-1.14754,-1.07119,-0.28342,1.84283,0,25.9908,0.977809,0.518448,11,drone1
1.97314,-0.176211,2.53949e-05,158.013,-1.25604,-0.464028,-81.9172,-1.14286,-1.01232,-0.0747392,1.84649,0,18.5279,1.05637,0.387864,11,drone1
1.95604,-0.169875,1.88431e-05,163.355,-1.19833,-0.328985,-81.8098,-1.14589,-0.938061,0.054273,1.82446,0,14.996,1.01446,0.295636,11,drone1
1.93804,-0.16487,2.13882e-05,167.549,-1.11234,-0.280528,-80.9999,-1.1571,-0.837651,0.265088,1.78561,0,7.54958,0.980393,0.186179,11,drone1
1.91792,-0.160945,8.37024e-06,171.301,-1.03426,-0.16819,-79.7231,-1.16963,-0.734213,0.427278,1.73404,0,2.16766,0.814154,0.0879123,11,drone1
1.89958,-0.158814,1.11875e-05,174.54,-0.953045,-0.107758,-81.3923,-1.1346,-0.689821,0.572796,1.67567,0,-2.71563,0.744771,-0.0181495,11,drone1
1.88042,-0.157502,1.21689e-05,177.29,-0.867429,-0.0607202,-84.4103,-1.08078,-0.678437,0.58296,1.65186,0,-2.03974,0.682635,-0.0718224,11,drone1
1.86177,-0.157012,5.10655e-06,179.887,-0.787147,0.00473512,-87.4177,-1.02722,-0.666524,0.574534,1.64232,0,-1.85226,0.658807,-0.113629,11,drone1
1.84304,-0.157364,7.33235e-06,-177.532,-0.705887,0.0419985,-88.6893,-0.968391,-0.727647,0.650341,1.5736,0,-2.54895,-0.399226,-0.494648,11,drone1
1.82341,-0.158685,8.74047e-06,-175.104,-0.620994,0.0683715,-88.9824,-0.944664,-0.657421,0.574058,1.60145,0,-1.08922,0.739723,-0.190475,11,drone1
1.80346,-0.160907,9.33294e-06,-173.064,-0.535763,0.0822552,-87.5287,-0.936898,-0.561041,0.631257,1.55218,0,-3.06914,0.682528,-0.248231,11,drone1
1.7846,-0.163736,9.47626e-06,-171.635,-0.457583,0.0852227,-83.2289,-0.941487,-0.42135,0.72064,1.4684,0,-6.78527,0.605209,-0.358528,11,drone1
1.76782,-0.16677,9.4303e-06,-171.169,-0.391647,0.0790817,-81.9137,-0.913435,-0.212551,0.663171,1.45027,0,-5.83207,1.81902,-0.122383,11,drone1
1.74958,-0.16977,9.32608e-06,-171.502,-0.320416,0.0662303,-77.9828,-0.877598,-0.108728,0.880477,1.39451,0,-11.4425,0.339182,-0.460549,11,drone1
1.73246,-0.172228,2.06861e-05,-172.468,-0.263903,-0.00637343,-74.1561,-0.822746,-0.0177718,1.00821,1.22344,0,-19.5494,0.248769,-0.590774,11,drone1
1.71601,-0.174296,9.61903e-06,-173.884,-0.196786,0.0404121,-70.7771,-0.765811,0.0532653,1.06428,1.18353,0,-21.1498,0.175636,-0.552464,11,drone1
1.69904,-0.176053,8.59226e-06,-175.986,-0.134226,0.0266933,-67.8382,-0.700732,0.108795,1.08884,1.0874,0,-24.906,0.154887,-0.596587,11,drone1
1.68159,-0.177014,8.58345e-06,-178.644,-0.069003,0.018952,-65.3649,-0.633396,0.147892,1.12114,1.07622,0,-25.7678,0.13175,-0.601439,11,drone1
1.66387,-0.176992,3.8935e-06,178.32,-0.00190683,0.00781337,-63.3846,-0.563847,0.17615,1.08906,1.06528,0,-24.4331,0.170435,-0.590129,11,drone1
1.646,-0.175927,6.77583e-06,175.063,0.0661283,0.0194304,-61.8394,-0.491214,0.182383,1.07029,1.03706,0,-25.252,0.103862,-0.67987,11,drone1
1.62807,-0.173798,8.20927e-06,171.656,0.134361,0.036359,-61.453,-0.42284,0.171697,1.02599,1.05081,0,-23.5866,0.107346,-0.678553,11,drone1
1.60972,-0.170655,8.87161e-06,168.317,0.204573,0.0603054,-62.0134,-0.360599,0.151436,0.981217,1.0791,0,-22.2519,0.102664,-0.649587,11,drone1
1.59135,-0.166478,1.31873e-05,165.405,0.286171,0.0473264,-63.5034,-0.300004,0.124962,0.906644,1.11443,0,-19.4113,0.119883,-0.649228,11,drone1
1.57332,-0.161043,1.24497e-05,162.956,0.354433,0.0832282,-65.3689,-0.1937,0.0331143,0.832008,1.07651,0,-16.4161,-0.156939,-1.38699,11,drone1
1.55538,-0.154918,1.14528e-05,161.461,0.425748,0.119701,-67.2676,-9.68766e-05,-0.129397,0.812422,0.941717,0,-18.4251,-0.308834,-2.49687,11,drone1
1.5381,-0.148791,1.07574e-05,160.781,0.497187,0.152172,-73.1806,0.34799,-0.269137,0.730689,0.855823,0,-16.5705,0.487327,-3.61922,11,drone1
1.52334,-0.143279,1.04347e-05,161.194,0.561657,0.171362,-83.5531,0.797826,-0.285511,0.660233,0.857941,0,-13.6994,0.9218,-4.08924,11,drone1
1.51283,-0.139462,1.03137e-05,163.783,0.616155,0.160219,-93.7878,1.22666,-0.130861,0.626693,0.843584,0,-12.2942,1.07199,-3.82099,11,drone1
1.4992,-0.135536,1.05967e-05,168.425,0.691546,0.12307,-100.92,1.18463,0.0631201,0.0202679,1.3087,0,18.6947,0.120093,0.521064,11,drone1
1.48862,-0.133775,6.86308e-06,174.364,0.745328,0.0838067,-107.935,1.12136,0.232671,-0.00299315,1.31331,0,19.8699,0.00552866,0.476463,11,drone1
1.47662,-0.13335,8.32505e-06,-178.822,0.805432,-0.00394486,-115.039,1.04807,0.381503,0.00710746,1.27748,0,18.9612,-0.0975743,0.369192,11,drone1
1.46388,-0.134155,9.96353e-06,-171.008,0.858904,-0.12047,-122.125,0.966405,0.505134,0.0100107,1.2703,0,19.1533,-0.234911,0.329114,11,drone1
1.44985,-0.137148,1.11868e-05,-162.364,0.900411,-0.268514,-128.309,0.835166,0.633888,0.0213349,1.25679,0,19.0701,0.319909,0.445998,11,drone1
1.43463,-0.143398,2.16839e-05,-153.659,0.903287,-0.488495,-131.996,0.790178,0.659788,0.0818381,1.24593,0,17.1224,-0.473115,0.25963,11,drone1
1.42087,-0.151356,1.77381e-05,-145.872,0.910231,-0.650277,-132.347,0.803837,0.6145,0.210302,1.23668,0,12.0996,-0.683399,0.279729,11,drone1
1.40717,-0.161573,1.60031e-05,-140.136,0.921603,-0.798965,-129.252,0.866349,0.515295,0.367698,1.19621,0,5.48194,-0.700349,0.183434,11,drone1
1.39528,-0.172127,1.52812e-05,-136.684,0.945923,-0.918582,-122.35,0.957174,0.347013,0.542263,1.1247,0,-2.70172,-0.645709,0.0893307,11,drone1
1.386,-0.18104,1.55422e-05,-135.884,0.997052,-0.992349,-114.499,1.03111,0.156642,0.724781,1.01645,0,-11.5138,-0.459891,-0.0820894,11,drone1
1.37873,-0.188048,8.52103e-06,-137.108,1.08672,-1.00547,-107.428,1.07784,-0.0320669,0.866031,0.89983,0,-19.3074,-0.3283,-0.211513,11,drone1
1.37341,-0.192866,1.26536e-05,-140.91,1.20492,-0.965856,-100.163,1.08803,-0.227261,0.821433,0.914092,-0.000284679,-17.3766,-0.298905,-0.185523,11,drone1
1.36798,-0.197051,1.59457e-05,-148.747,1.38711,-0.823905,-93.9675,1.09427,-0.380135,0.990584,0.743584,0,-28.0526,0.185595,-0.457155,11,drone1
1.36411,-0.199215,1.76227e-05,-159.728,1.57951,-0.564978,-87.7308,1.08392,-0.524725,0.99974,0.73274,0,-27.6413,0.326814,-0.496851,11,drone1
1.35683,-0.201028,1.88675e-05,-171.363,1.74489,-0.246974,-80.7581,1.19923,-0.820428,0.937749,0.777395,0,-20.3362,-0.856987,-2.25283,11,drone1
1.34276,-0.201581,2.03921e-05,177.461,1.88123,0.101419,-75.1524,1.33849,-1.10032,0.944746,0.666697,0,-22.6633,-0.263344,-2.79619,11,drone1
1.3276,-0.199688,2.20801e-05,167.001,1.9612,0.471111,-71.7291,1.47281,-1.18346,0.818989,0.745638,0,-17.1763,1.2246,-2.0246,11,drone1
1.31079,-0.193642,1.68483e-05,157.549,1.99819,0.821629,-68.2184,1.44216,-1.1615,0.675588,1.03182,0,-5.41347,1.35584,-0.0833465,11,drone1
1.29422,-0.185176,3.46899e-05,149.7,1.87164,1.13856,-64.4866,1.44188,-1.11716,0.479648,1.13829,0,4.78091,1.39632,-0.231144,11,drone1
1.27944,-0.175061,1.9527e-05,142.533,1.7069,1.29586,-59.6115,1.41781,-1.10156,0.465032,1.10553,0,5.21121,1.37187,-0.129671,11,drone1
1.26704,-0.164368,1.72203e-05,136.251,1.4355,1.38596,-55.4641,1.42253,-1.06793,0.380689,1.11817,0,8.33792,1.32973,-0.137483,11,drone1
1.25468,-0.151494,1.38394e-05,131.815,1.23924,1.39279,-52.4928,1.4374,-1.00551,0.341082,1.12736,0,10.1938,1.21259,0.0881395,11,drone1
1.24219,-0.136715,1.55423e-05,128.53,1.0968,1.35862,-50.6186,1.46092,-0.915525,0.289128,1.12437,0,12.4872,1.07751,0.259415,11,drone1
1.23024,-0.12118,1.7084e-05,126.348,0.984862,1.30942,-58.048,1.6074,-0.585374,0.222276,1.14442,0,15.7506,0.868873,0.375545,11,drone1
1.23572,-0.128369,2.54869e-05,126.474,0.804252,1.15252,-64.6872,1.68399,-0.273187,0.0191812,1.13127,0,23.6557,0.502939,0.257915,11,drone1
1.24395,-0.139103,1.60704e-05,128.385,0.699546,0.921585,-70.4064,1.69176,0.0142807,-0.125653,1.14926,0,32.8524,0.163018,0.326043,11,drone1
1.25201,-0.148789,1.20991e-05,132.348,0.603101,0.689767,-58.4209,1.73976,-0.267556,0.0381275,1.12881,0,29.8076,-0.0938225,-0.809315,11,drone1
1.25743,-0.154363,2.32966e-05,135.696,0.538456,0.464217,-64.7909,1.87097,0.031869,0.0705294,1.13163,0,26.3586,0.562395,-0.831986,11,drone1
1.26815,-0.164493,1.5898e-05,138.404,0.337663,0.340606,-71.5245,1.94337,0.402787,0.211994,1.10803,0,22.7486,0.972612,-0.653401,11,drone1
1.27788,-0.172462,1.13523e-05,142.751,0.190129,0.173092,-60.4187,2.0254,0.23582,0.300345,1.10884,0,21.0568,1.49165,-0.310579,11,drone1
1.2862,-0.179022,1.80235e-05,147.018,0.0687144,0.000476356,-67.7461,2.08504,0.698021,0.313174,1.0835,0,16.8481,1.77105,-0.49094,11,drone1
1.2961,-0.184669,1.1008e-05,150.927,-0.114912,-0.089245,-57.3184,2.25629,0.534606,0.395346,1.04357,0,14.2865,1.92492,-0.450582,11,drone1
1.3026,-0.18875,9.33195e-06,153.33,-0.280901,-0.161568,-57.3184,2.25629,0.534606,0,0,0,0,0,0,-1,pipuck5
1.30249,-0.188676,1.00304e-05,152.882,-0.404704,-0.22845,-57.3184,2.25629,0.534606,0,0,0,0,0,0,-1,pipuck5
1.30245,-0.1886,1.02398e-05,152.701,-0.529779,-0.294015,-57.3184,2.25629,0.534606,0,0,0,0,0,0,-1,pipuck5
1.30244,-0.188583,1.07949e-05,152.661,-0.656193,-0.359678,-57.3184,2.25629,0.534606,0,0,0,0,0,0,-1,pipuck5
1.30244,-0.188578,1.63432e-05,152.65,-0.779565,-0.43454,-57.3184,2.25629,0.534606,0,0,0,0,0,0,-1,pipuck5
1.30244,-0.188576,1.40551e-05,152.646,-0.912151,-0.495904,-57.3184,2.25629,0.534606,0,0,0,0,0,0,-1,pipuck5
1.30244,-0.188574,1.39546e-05,152.645,-1.04506,-0.562019,-57.3184,2.25629,0.534606,0,0,0,0,0,0,-1,pipuck5
1.30244,-0.188573,1.48346e-05,152.644,-1.17985,-0.630949,-57.3184,2.25629,0.534606,0,0,0,0,0,0,-1,pipuck5
1.30244,-0.188572,8.84501e-06,152.642,-1.32427,-0.68882,-57.3184,2.25629,0.534606,0,0,0,0,0,0,-1,pipuck5
1.30244,-0.188572,1.39881e-05,152.641,-1.47191,-0.749756,-57.3184,2.25629,0.534606,0,0,0,0,0,0,-1,pipuck5
1.30243,-0.188569,1.96082e-05,152.64,-1.62236,-0.81904,-57.3184,2.25629,0.534606,0,0,0,0,0,0,-1,pipuck5
1.30242,-0.188562,2.27423e-05,152.639,-1.77801,-0.897324,-57.3184,2.25629,0.534606,0,0,0,0,0,0,-1,pipuck5
1.30239,-0.188553,2.53414e-05,152.638,-1.94281,-0.98234,-57.3184,2.25629,0.534606,0,0,0,0,0,0,-1,pipuck5
1.30361,-0.18939,2.22874e-05,152.615,-1.93835,-0.987856,-57.3184,2.25629,0.534606,0,0,0,0,0,0,-1,pipuck5
1.30361,-0.189391,1.99208e-05,152.598,-1.74349,-0.920495,-57.3184,2.25629,0.534606,0,0,0,0,0,0,-1,pipuck5
1.30361,-0.189394,3.25994e-05,152.582,-1.59708,-0.777338,-59.8663,2.23032,0.634357,0,0,0,0,0,0,-1,drone1
1.31919,-0.197757,2.21445e-05,152.853,-1.50061,-0.7396,-50.8595,2.30208,0.277474,0.0847432,0.0859701,0,0,0,0,-1,drone1
1.3307,-0.203253,1.75685e-05,152.065,-1.38193,-0.710345,-61.0641,1.82568,0.644106,0.0722939,1.07626,0,-11.9357,-2.69861,2.90779,4,drone1
1.33133,-0.204608,1.52872e-05,153.458,-1.24822,-0.602881,-70.1653,1.36523,0.860883,-0.128364,1.08235,0,-0.961009,-2.18046,2.63742,4,drone1
1.32928,-0.204165,2.27093e-05,160.472,-1.12751,-0.438649,-78.4933,0.94744,0.966152,-0.27099,1.05656,0,6.73482,-1.72791,2.28381,4,drone1
1.31606,-0.200309,2.1526e-05,168.894,-0.973763,-0.152878,-83.2586,0.643186,0.940624,-0.295251,1.04816,0,8.04219,-1.41521,1.89474,4,drone1
1.29875,-0.197912,1.32054e-05,177.024,-0.750251,-0.0158272,-86.5515,0.423154,0.884788,-0.230618,1.05146,0,4.38026,-1.08928,1.49199,4,drone1
1.28014,-0.198116,1.01624e-05,-175.572,-0.511194,0.0585704,-88.7328,0.28711,0.65863,-0.151292,1.00804,0,3.84458,-2.47206,0.887604,4,drone1
1.26113,-0.201063,9.12693e-06,-169.115,-0.270454,0.0703766,-98.0306,-0.0678393,0.62145,-0.0694715,1.08609,0,-5.49768,-0.883883,2.45778,4,drone1
1.24667,-0.204556,8.6699e-06,-163.071,-0.0670726,0.00214994,-107.315,-0.184694,0.543168,-0.0984649,1.01733,0,-2.85118,-0.567052,0.274181,4,drone1
1.23445,-0.209042,3.56254e-07,-156.723,0.123157,-0.0522305,-116.277,-0.253425,0.45218,-0.152171,0.995678,0,0.387254,-0.571049,0.0332798,4,drone1
1.22784,-0.211729,6.62284e-06,-148.646,0.265576,-0.146707,-124.977,-0.279761,0.363892,-0.19226,0.975685,0,2.99966,-0.577253,-0.166411,4,drone1
1.21915,-0.21815,2.21478e-05,-138.292,0.337269,-0.358345,-133.581,-0.278236,0.314646,-0.23574,0.94801,0,3.95284,-0.342066,-0.435067,4,drone1
1.21161,-0.226221,1.47198e-05,-127.48,0.393866,-0.557484,-142.394,-0.245412,0.234046,-0.163337,0.964235,0,1.87125,-0.789539,-0.329152,4,drone1
1.20367,-0.238904,2.66417e-06,-116.222,0.391182,-0.793232,-150.372,-0.181581,0.173128,-0.121502,0.961768,0,-0.128125,-0.893812,-0.378583,4,drone1
1.19734,-0.254377,8.86932e-06,-105.908,0.31053,-1.05223,-155,-0.0869244,0.14057,-0.0540297,0.958473,0,-3.409,-1.01087,-0.396027,4,drone1
1.193,-0.272383,1.31743e-05,-97.531,0.188359,-1.30754,-155.29,0.0325249,0.121852,0.0555175,0.950435,0,-9.09523,-1.1251,-0.401171,4,drone1
1.19135,-0.291573,1.63988e-05,-90.6391,0.0348134,-1.55183,-150.36,0.173757,0.0915506,0.204623,0.923728,0,-17.183,-1.20931,-0.460181,4,drone1
1.19226,-0.307476,1.91484e-05,-85.2164,-0.129652,-1.7668,-144.26,0.32183,0.0270258,0.405571,0.85147,0,-29.0085,-1.22532,-0.63414,4,drone1
1.19465,-0.319747,2.16974e-05,-81.9601,-0.258825,-1.96228,-137.856,0.51959,-0.040262,0.383635,0.81505,0,-25.9844,-1.43106,-1.31373,4,drone1
1.19673,-0.323948,2.39785e-05,-81.9973,-0.282199,-2.13629,-133.874,0.655953,-0.172237,0.706529,0.627817,0,-50.1967,-1.02823,-1.03512,4,drone1
1.19686,-0.319505,2.24522e-05,-85.2473,-0.179868,-2.19449,-130.285,0.780968,-0.319863,0.752218,0.575519,0,-54.1397,-0.886091,-1.2236,4,drone1
1.19683,-0.31159,2.00735e-05,-90.1712,0.0195456,-2.03876,-126.73,0.881593,-0.472115,0.753086,0.574769,0,-54.4706,-0.657234,-1.3035,4,drone1
1.19674,-0.303568,2.00164e-05,-97.0396,0.24823,-1.86825,-123.037,0.940298,-0.612269,0.734228,0.598948,0,-53.0901,-0.287825,-1.22923,4,drone1
1.19656,-0.298249,1.90448e-05,-106.304,0.509829,-1.67663,-119.027,0.961335,-0.736133,0.694517,0.644829,0,-49.904,0.0273117,-1.14706,4,drone1
1.19591,-0.296859,1.80784e-05,-119.233,0.82147,-1.42885,-114.491,0.949657,-0.84055,0.628459,0.709363,0,-44.6418,0.289139,-1.07134,4,drone1
1.19459,-0.297777,1.72469e-05,-136.391,1.14605,-1.06536,-109.117,0.90958,-0.922279,0.516472,0.793817,0,-36.2418,0.503526,-1.00723,4,drone1
1.18889,-0.301596,1.67473e-05,-156.204,1.39449,-0.5942,-102.564,0.844366,-0.978225,0.343596,0.880968,0,-24.4564,0.68235,-0.944613,4,drone1
1.17695,-0.303794,1.64768e-05,-174.819,1.49459,-0.116796,-95.7579,0.84983,-1.01808,0.284012,0.841262,0,-21.9117,0.780274,-1.67046,4,drone1
1.1652,-0.303002,1.63747e-05,167.906,1.44938,0.329615,-92.5439,0.858803,-0.95912,-0.0559788,0.926038,0,0.606421,0.965768,-0.76927,4,drone1
1.15145,-0.299085,1.63469e-05,153.105,1.32272,0.691516,-96.5327,1.00138,-0.771016,-0.277033,0.873201,0,14.6596,0.943795,-0.688947,4,drone1
1.14251,-0.294032,1.61744e-05,143.22,1.17846,0.90365,-102.192,1.14839,-0.521614,-0.539172,0.723901,0,33.4402,0.717676,-0.593756,4,drone1
1.14151,-0.293744,1.54871e-05,137.64,1.05853,0.975906,-106.297,1.24467,-0.277863,-0.710002,0.543323,0,48.9767,0.442031,-0.455511,4,drone1
1.13983,-0.292034,8.00527e-06,134.525,0.979217,0.990407,-108.65,1.23059,0.0594787,-0.65432,0.584904,0,43.9702,1.79391,-0.711472,4,drone1
1.12968,-0.281361,3.33472e-05,132.451,0.918243,1.08398,-111.241,1.24779,0.25467,-0.825762,0.336053,0,64.1146,-0.128728,-0.141825,4,drone1
1.13165,-0.283276,2.84075e-05,131.414,0.874546,1.0595,-113.365,1.24452,0.442539,-0.844758,0.254201,0,68.7757,-0.266828,-0.0944295,4,drone1
1.13465,-0.286262,2.2179e-05,132.415,0.871356,1.00306,-115.173,1.22061,0.611831,-0.858743,0.209731,0,71.9333,-0.433907,0.0336271,4,drone1
1.13262,-0.284204,1.81745e-05,135.256,0.917495,0.944958,-116.9,1.1791,0.76146,-0.86356,0.201422,0,72.738,-0.587466,0.142859,4,drone1
1.13084,-0.282778,1.6984e-05,140.782,0.998697,0.844803,-118.738,1.12467,0.892784,-0.858157,0.215647,0,71.6213,-0.736748,0.204004,4,drone1
1.13458,-0.285823,1.4872e-05,150.758,1.09676,0.636344,-120.945,1.05739,1.00492,-0.841339,0.26846,0,67.9318,-0.868189,0.250117,4,drone1
1.14352,-0.290165,2.4373e-05,162.553,1.16951,0.32602,-123.927,0.972731,1.09306,-0.799011,0.384289,0,60.1628,-0.969798,0.316448,4,drone1
1.14984,-0.291038,1.6777e-05,174.728,1.1815,0.0841577,-127.791,0.873754,1.14985,-0.734946,0.511167,0,51.3539,-1.08901,0.420245,4,drone1
1.15086,-0.29114,1.4222e-05,-172.581,1.17369,-0.172527,-132.484,0.764641,1.18392,-0.657024,0.617268,0,43.0454,-1.13146,0.460184,4,drone1
1.14663,-0.292567,1.3649e-05,-159.412,1.13439,-0.445172,-137.977,0.653035,1.19545,-0.565275,0.703574,0,35.0514,-1.18311,0.486059,4,drone1
1.13948,-0.29676,2.69621e-05,-145.165,1.06582,-0.687958,-144.237,0.54593,1.18567,-0.463043,0.769679,0,27.3788,-1.24102,0.505607,4,drone1
1.1306,-0.304861,1.99696e-05,-130.508,0.886851,-0.99354,-151.296,0.44674,1.16191,-0.345304,0.821197,0,19.3946,-1.25923,0.486199,4,drone1
1.12169,-0.317746,1.73824e-05,-117.204,0.667762,-1.25054,-157.277,0.399236,1.10835,-0.22397,0.852637,0,11.7998,-1.32407,0.549995,4,drone1
1.11459,-0.33365,1.70131e-05,-106.855,0.458812,-1.44728,-157.821,0.48646,1.01199,-0.0999268,0.86637,0,4.4781,-1.36027,0.589372,4,drone1
1.10981,-0.351815,1.77669e-05,-98.8943,0.270703,-1.60936,-150.186,0.725638,0.832202,0.0642951,0.862204,0,-5.32991,-1.32825,0.510454,4,drone1
1.10778,-0.363224,1.85932e-05,-93.4963,0.12305,-1.71344,-143.278,0.928443,0.61917,0.309067,0.802227,0,-20.9306,-1.18391,0.237259,4,drone1
1.10775,-0.356042,1.33067e-05,-90.5005,0.0226522,-1.71421,-137.726,1.08365,0.396014,0.481432,0.709986,0,-33.2384,-0.981367,-0.00656445,4,drone1
1.10773,-0.341566,1.68235e-05,-89.1726,-0.00880945,-1.68248,-132.902,1.19372,0.169089,0.576249,0.635354,0,-41.7836,-0.715066,-0.151314,4,drone1
1.10759,-0.327051,1.77233e-05,-89.1396,-0.00699955,-1.65647,-128.692,1.26288,-0.0494795,0.631284,0.580728,0,-47.931,-0.430956,-0.266299,4,drone1
1.10759,-0.320222,1.81515e-05,-90.572,0.035091,-1.67276,-124.906,1.29848,-0.255772,0.663459,0.54387,0,-52.1678,-0.178332,-0.360965,4,drone1
1.10714,-0.32831,1.91877e-05,-93.3329,0.121107,-1.76335,-124.819,1.32771,-0.370714,0.681204,0.521777,0,-54.5145,0.0259826,-0.475082,4,drone1
1.10545,-0.345672,2.08253e-05,-96.7944,0.244471,-1.8972,-127.98,1.37667,-0.397701,0.660713,0.546364,0,-51.8356,0.0832201,-0.59486,4,drone1
1.10278,-0.364408,2.28575e-05,-100.209,0.385207,-2.03574,-132.137,1.44212,-0.384015,0.604284,0.605397,0,-45.2095,0.0112804,-0.691905,4,drone1
1.09852,-0.383534,3.92112e-05,-103.174,0.508747,-2.17201,-134.292,1.50757,-0.4028,0.532425,0.66617,0,-37.6358,-0.112759,-0.751716,4,drone1
1.09508,-0.396222,2.3843e-05,-105.84,0.565138,-2.0583,-131.703,1.54956,-0.533948,0.48465,0.697141,0,-32.5125,-0.20659,-0.81495,4,drone1
1.09535,-0.396828,2.03528e-05,-109.134,0.625703,-1.85201,-125.944,1.53195,-0.737979,0.492487,0.688114,0,-32.4298,0.0058149,-0.795556,4,drone1
1.09922,-0.388983,1.78554e-05,-114.896,0.717626,-1.58449,-120.432,1.4742,-0.915806,0.522143,0.666215,0,-34.8873,0.346739,-0.781566,4,drone1
1.10346,-0.382155,1.59272e-05,-124.014,0.844889,-1.28161,-114.896,1.37808,-1.06233,0.514842,0.676177,0,-34.6323,0.651727,-0.699921,4,drone1
1.0994,-0.387348,1.54374e-05,-133.992,0.966319,-1.02697,-120.362,1.45984,-0.902351,-0.218786,0.252315,0,-31.0486,0.891808,-0.598906,3,drone1
1.08767,-0.397906,1.50723e-05,-142.011,1.04157,-0.8372,-124.753,1.50794,-0.738281,-0.274195,0.179651,0,-15.6122,0.792952,-0.42233,3,drone1
1.07563,-0.406716,1.43768e-05,-146.645,1.04721,-0.711685,-133.425,1.58403,-0.437517,-0.296535,0.104242,0,-3.20907,0.68992,-0.288092,3,drone1
1.06914,-0.411513,1.36578e-05,-147.096,0.969818,-0.649718,-123.414,1.45829,-0.637925,-0.088589,0.822612,0,10.0875,0.519337,-0.0756743,4,drone1
1.06439,-0.413975,1.2933e-05,-147.803,0.885033,-0.579454,-115.591,1.33072,-0.766304,0.054047,0.819473,0,0.531065,0.676883,-0.117126,4,drone1
1.05186,-0.421064,1.2244e-05,-151.76,0.86621,-0.485971,-107.25,1.17502,-0.88956,0.157017,0.80148,0,-6.58447,0.794165,-0.0956543,4,drone1
1.04619,-0.4229,1.13134e-05,-158.467,0.822839,-0.343632,-99.3486,1.01587,-0.976065,0.222372,0.773489,0,-10.9686,0.889553,-0.103438,4,drone1
1.04068,-0.423612,1.07367e-05,-168.568,0.771823,-0.174016,-91.5671,0.852452,-1.02913,0.239039,0.762763,0,-12.165,0.969811,-0.0518073,4,drone1
1.0321,-0.424108,1.0342e-05,179.664,0.708779,-0.0134524,-83.5542,0.686683,-1.05104,0.20775,0.766277,0,-9.84897,1.01605,0.0148046,4,drone1
1.01943,-0.422745,2.2356e-05,167.512,0.629318,0.183171,-75.1663,0.523907,-1.04428,0.156732,0.769661,0,-6.09799,1.03139,0.0750256,4,drone1
1.00641,-0.418504,1.50636e-05,155.704,0.546461,0.277427,-76.834,0.59193,-0.975293,0.126328,0.745224,0,-5.28092,0.6959,-0.281214,4,drone1
0.993308,-0.411739,1.17335e-05,146.347,0.470167,0.338872,-70.4204,0.49339,-0.924342,-0.0789131,0.755263,0,11.1371,0.9779,0.189923,4,drone1
0.979803,-0.401744,1.04909e-05,139.922,0.415016,0.374251,-66.6914,0.454871,-0.848315,-0.120959,0.735874,0,14.079,0.91533,0.217536,4,drone1
0.966644,-0.389752,1.00642e-05,135.362,0.375167,0.396299,-72.5716,0.564909,-0.697662,-0.161107,0.713564,0,16.774,0.832245,0.229681,4,drone1
0.958508,-0.38135,9.79182e-06,133.562,0.33518,0.378726,-76.1168,0.625107,-0.566177,-0.292389,0.655373,0,27.2134,0.668669,0.215987,4,drone1
0.948417,-0.370817,9.68009e-06,134.462,0.324099,0.356003,-81.4133,0.682802,-0.418262,-0.354873,0.613916,0,32.5579,0.5283,0.240181,4,drone1
0.937881,-0.360543,1.93404e-05,137.27,0.362331,0.283373,-86.619,0.715652,-0.275722,-0.403237,0.570522,0,36.9535,0.389899,0.249213,4,drone1
0.927771,-0.35187,1.26594e-05,141.25,0.353889,0.252758,-91.6847,0.727212,-0.148664,-0.427994,0.53851,0,39.3498,0.210421,0.255919,4,drone1
0.918864,-0.345167,1.02515e-05,146.856,0.346666,0.202863,-94.8119,0.717663,-0.0716354,-0.366724,0.559546,0,35.3808,0.0108403,0.276794,4,drone1
0.904362,-0.336856,9.60188e-06,153.576,0.365111,0.160916,-100.028,0.642834,0.11059,-0.433192,0.517564,0,37.8444,0.942633,0.517944,4,drone1
0.895223,-0.332461,9.43452e-06,161.586,0.353848,0.0986147,-105.384,0.605772,0.191284,-0.399328,0.518459,0,36.4505,-0.0956374,0.247468,4,drone1
0.883046,-0.329086,9.45266e-06,171.33,0.349487,0.0347708,-111.004,0.55803,0.258788,-0.373445,0.526369,0,33.7957,-0.149038,0.269869,4,drone1
0.868757,-0.328096,9.49524e-06,-178.377,0.34492,-0.028193,-117.037,0.503096,0.313321,-0.331525,0.539614,0,29.6727,-0.193601,0.27608,4,drone1
0.853717,-0.329806,9.50888e-06,-168.167,0.335498,-0.0891211,-114.137,0.56224,0.303081,-0.254345,0.520737,0,26.763,-0.425696,-0.394982,4,drone1
0.837724,-0.333759,5.16935e-06,-159.368,0.330442,-0.134765,-117.651,0.519655,0.315574,-0.14833,0.585482,0,12.3023,-0.208953,0.309447,4,drone1
0.821551,-0.34111,2.84483e-05,-151.835,0.299737,-0.225223,-119.483,0.492724,0.30583,-0.0878835,0.581269,0,7.01722,-0.214422,0.276221,4,drone1
0.808116,-0.349267,1.84621e-05,-144.818,0.289645,-0.248799,-114.527,0.513951,0.326345,-0.0852904,0.537574,0,6.42983,0.495041,-0.314437,4,drone1
0.797718,-0.357139,1.31617e-05,-139.733,0.272508,-0.26446,-111.467,0.522025,0.254872,0.102522,0.548553,0,-10.6562,-0.270427,0.253694,4,drone1
0.786427,-0.367059,1.08058e-05,-137.485,0.272115,-0.277762,-106.481,0.47786,0.203647,0.0627392,0.526407,0,-9.634,0.23889,0.644425,4,drone1
0.775758,-0.376826,9.87747e-06,-137.565,0.279779,-0.281442,-100.084,0.495493,0.108356,0.250803,0.47443,0,-26.0351,-0.18083,0.132708,4,drone1
0.766121,-0.385256,9.53787e-06,-139.99,0.291319,-0.268363,-94.3185,0.49949,0.0212644,0.304024,0.429715,0,-32.3518,-0.0970588,0.10413,4,drone1
0.757566,-0.391744,9.39621e-06,-144.824,0.304511,-0.236661,-88.8873,0.492041,-0.0572263,0.329764,0.39853,0,-35.6917,-0.0196845,0.0915063,4,drone1
0.748004,-0.397342,9.34615e-06,-152.205,0.32588,-0.192072,-83.5159,0.474394,-0.126685,0.334056,0.384342,0,-36.2883,0.0492862,0.0927434,4,drone1
0.735478,-0.402503,9.36262e-06,-161.139,0.357234,-0.141006,-77.9435,0.448485,-0.186965,0.319597,0.384774,0,-34.2778,0.108883,0.0930748,4,drone1
0.720282,-0.40633,9.41991e-06,-170.553,0.392803,-0.0836042,-73.8647,0.424278,-0.224366,0.294464,0.389457,0,-30.9159,0.16272,0.0830055,4,drone1
0.703383,-0.407955,9.50843e-06,-179.6,0.427119,-0.0210241,-72.9982,0.347022,-0.230287,0.264858,0.402988,0,-27.6952,-0.116244,0.652564,4,drone1
0.684687,-0.406502,9.6197e-06,172.133,0.462326,0.0456508,-73.0712,0.35329,-0.220553,0.190874,0.415226,0,-17.4011,0.233819,-0.0323959,4,drone1
0.666003,-0.402142,9.76644e-06,165.258,0.493582,0.111169,-74.0803,0.368108,-0.200684,0.124239,0.420283,0,-9.06152,0.231003,-0.0657388,4,drone1
0.648001,-0.395964,9.922e-06,160.074,0.522349,0.170106,-75.8465,0.389531,-0.172154,0.0606599,0.414757,0,-1.17737,0.21597,-0.101236,4,drone1
0.631308,-0.388807,1.01032e-05,156.599,0.549851,0.218191,-78.1144,0.41494,-0.136893,0.00568061,0.400513,0,5.77268,0.18903,-0.1363,4,drone1
0.615431,-0.38118,1.02929e-05,154.784,0.581353,0.253692,-80.5733,0.45751,-0.0349436,-0.0144752,0.363729,0,5.56998,0.847179,-0.222088,4,drone1
0.599428,-0.373222,1.04946e-05,154.391,0.622369,0.278166,-83.2826,0.479078,0.00289666,-0.0694301,0.360025,0,15.787,0.0435025,-0.190707,4,drone1
0.583914,-0.365622,1.07309e-05,155.232,0.669929,0.289065,-85.9857,0.500941,0.0419937,-0.0911594,0.338017,0,18.8888,0.000184602,-0.222788,4,drone1
0.567905,-0.358409,1.4708e-05,157.105,0.710483,0.328105,-88.5613,0.522974,0.0802945,-0.103697,0.317672,0,20.7497,-0.0467375,-0.251541,4,drone1
0.553382,-0.352939,1.4015e-05,159.566,0.76763,0.31143,-89.6008,0.500847,0.0394689,-0.0710625,0.325323,0,18.9228,-0.645632,0.262895,4,drone1
0.535699,-0.346858,1.33043e-05,162.431,0.844535,0.290131,-91.791,0.532622,0.0798873,-0.101152,0.285908,0,20.03,-0.0145915,-0.347207,4,drone1
0.518418,-0.342074,1.28016e-05,165.576,0.922216,0.257718,-93.7022,0.565913,0.11568,-0.0976371,0.268376,0,19.3538,-0.0696918,-0.378272,4,drone1
0.500599,-0.338122,1.27559e-05,169.046,1.00483,0.213717,-94.2522,0.51727,0.0721201,-0.075934,0.294899,0,17.5593,-0.559123,0.564567,4,drone1
0.481771,-0.334911,1.30755e-05,172.359,1.09276,0.16522,-95.6449,0.567012,0.0999041,-0.0771382,0.238565,0,15.1995,-0.0878457,-0.525155,4,drone1
0.463155,-0.332907,1.35817e-05,175.456,1.18037,0.11213,-96.7529,0.619233,0.122407,-0.0678823,0.221948,0,13.2788,-0.129117,-0.548191,4,drone1
0.444217,-0.331877,1.42379e-05,178.44,1.27082,0.0528267,-97.5925,0.674409,0.139428,-0.0584353,0.205519,0,11.2885,-0.163129,-0.571006,4,drone1
0.425022,-0.331835,1.5017e-05,-178.735,1.36405,-0.011913,-98.1741,0.733194,0.150555,-0.048689,0.188696,0,9.14357,-0.189946,-0.596967,4,drone1
0.405621,-0.332762,1.59167e-05,-176.117,1.46031,-0.0808769,-98.5023,0.796102,0.155335,-0.0389775,0.171394,0,6.89975,-0.209053,-0.626239,4,drone1
0.386045,-0.334608,1.69479e-05,-173.775,1.56026,-0.151864,-99.4241,0.96814,0.173021,-0.0332489,0.118899,0,6.25919,-0.383236,-1.72029,4,drone1
0.366846,-0.337133,1.81022e-05,-171.676,1.66199,-0.224747,-99.1463,1.02999,0.161803,-0.0228132,0.134793,0,3.1886,-0.233755,-0.586066,4,drone1
0.34702,-0.340577,1.94375e-05,-169.942,1.77189,-0.295763,-98.5974,1.09763,0.141783,-0.0143782,0.116462,0,0.811689,-0.224158,-0.635413,4,drone1
0.327568,-0.34448,2.09341e-05,-168.769,1.8877,-0.356211,-97.7398,1.17122,0.112004,-0.00676409,0.0970344,0,-1.47073,-0.202563,-0.690881,4,drone1
0.308553,-0.348614,2.26044e-05,-168.185,2.01111,-0.40204,-96.8217,1.2497,0.0776044,-0.000584562,0.0775595,0,-3.49993,-0.165956,-0.7477,4,drone1
0.293477,-0.351977,2.42721e-05,-168.171,2.12645,-0.426675,-95.9295,1.3327,0.0414792,0.00394105,0.0582477,0,-5.00215,-0.122051,-0.804774,4,drone1
0.28226,-0.354454,2.1244e-05,-168.605,2.10646,-0.411357,-95.0964,1.41844,0.00589594,0.00668504,0.042845,0,-5.9074,-0.0729967,-0.844608,4,drone1
0.274048,-0.356143,2.07908e-05,-169.369,1.99792,-0.359607,-94.3129,1.4926,-0.0278283,0.00824306,0.0314157,0,-6.307,-0.0163495,-0.740156,4,drone1
0.268061,-0.357266,2.01034e-05,-170.335,1.887,-0.304328,-93.5613,1.54708,-0.0575563,0.00905687,0.023126,0,-6.32916,0.049207,-0.553106,4,drone1
0.263675,-0.357995,1.91229e-05,-171.419,1.77538,-0.250017,-92.8197,1.58372,-0.0831035,0.00948163,0.0171519,0,-6.11759,0.104504,-0.381683,4,drone1
0.260435,-0.358461,1.801e-05,-172.569,1.66447,-0.198868,-92.071,1.60439,-0.104647,0.00970095,0.0128417,0,-5.77804,0.150273,-0.226936,4,drone1
0.258017,-0.358752,1.68949e-05,-173.754,1.55535,-0.151906,-91.3035,1.61095,-0.122462,0.00981398,0.00971755,0,-5.38031,0.187893,-0.0890145,4,drone1
0.256188,-0.358929,1.5847e-05,-174.957,1.44877,-0.109543,-90.5099,1.60519,-0.136813,0.00987394,0.00743853,0,-4.96709,0.218662,0.0325927,4,drone1
0.254782,-0.359032,1.48939e-05,-176.166,1.34523,-0.0718596,-89.6862,1.5888,-0.147926,0.00990988,0.00576343,0,-4.56327,0.24369,0.138803,4,drone1
0.25368,-0.359087,1.40417e-05,-177.378,1.24504,-0.0387593,-88.8307,1.56332,-0.155975,0.00993804,0.00452147,0,-4.18273,0.263928,0.230754,4,drone1
0.252795,-0.359111,1.32865e-05,-178.589,1.14835,-0.0100486,-83.8904,1.56056,-0.357949,0.0412989,-0.00720759,0,-3.88482,-0.56385,-0.203839,4,drone1
0.253973,-0.359125,1.25681e-05,179.86,1.04596,0.0208156,-83.3752,1.51608,-0.33996,0.0101898,0.00217177,0,-7.56472,0.458434,0.447743,4,drone1
0.253358,-0.359111,1.19875e-05,178.075,0.956005,0.0503948,-82.7558,1.46607,-0.321126,0.0104024,0.00365713,0,-6.53655,0.447198,0.505689,4,drone1
0.252446,-0.359075,1.1492e-05,176.39,0.871015,0.0732296,-82.0274,1.41262,-0.301216,0.0103718,0.00340458,0,-5.37956,0.43781,0.544016,4,drone1
0.251567,-0.35902,1.10607e-05,174.795,0.789393,0.0902186,-81.206,1.35683,-0.280156,0.0103392,0.0028382,0,-4.43322,0.429387,0.573221,4,drone1
0.250774,-0.358953,1.06849e-05,173.281,0.710797,0.102091,-80.3058,1.29952,-0.257819,0.010338,0.00229103,0,-3.67065,0.42209,0.596063,4,drone1
0.250058,-0.358873,1.0359e-05,171.838,0.63514,0.109505,-84.1018,1.21086,-0.0142887,-0.0222779,0.0284716,0,-3.55429,1.41964,1.31624,4,drone1
0.245455,-0.35867,1.0118e-05,171.118,0.582253,0.109362,-82.6062,1.1587,-0.0120664,0.0102541,0.00229793,0,2.15367,0.247431,0.537617,4,drone1
0.244812,-0.358452,9.89157e-06,170.845,0.513973,0.101267,-81.11,1.10763,-0.00660458,0.0103902,-0.00217369,0,1.3635,0.267772,0.539302,4,drone1
0.244947,-0.35837,9.67938e-06,170.28,0.444062,0.0945485,-79.7299,1.05611,0.00395139,0.0103456,-0.00273772,0,0.124842,0.287164,0.561148,4,drone1
0.245144,-0.358324,9.49484e-06,169.486,0.375907,0.0882951,-81.6769,0.979608,0.129555,-0.0136319,0.010203,0,0.118834,0.74657,0.904347,4,drone1
0.243796,-0.358407,9.33472e-06,169.088,0.317584,0.0797285,-80.0829,0.93245,0.13793,0.0107586,-0.00134353,0,2.01182,0.255189,0.536752,4,drone1
0.243698,-0.358222,9.22844e-06,168.877,0.255427,0.0687662,-78.5405,0.886193,0.151618,0.0111181,-0.00251627,0,0.794954,0.28812,0.549901,4,drone1
0.24376,-0.358102,9.14338e-06,168.265,0.193721,0.058849,-77.1253,0.840502,0.171843,0.0111856,-0.00245084,0,-0.559295,0.321185,0.57021,4,drone1
0.243768,-0.358011,9.07682e-06,167.362,0.13356,0.0486195,-75.7797,0.796073,0.198193,0.0113696,-0.00210334,0,-1.38653,0.354833,0.585503,4,drone1
0.243664,-0.357922,9.03363e-06,166.255,0.0752354,0.0371591,-74.4642,0.753651,0.230359,0.0116148,-0.00172543,0,-1.85502,0.389348,0.595657,4,drone1
0.243437,-0.35782,9.01354e-06,165.005,0.018775,0.0238904,-74.6404,0.695471,0.286615,0.0054537,0.00521793,0,-1.75722,0.376276,0.716441,4,drone1
0.243559,-0.358042,9.00641e-06,164.017,-0.0383367,0.00794992,-73.1765,0.660673,0.327812,0.0121348,-0.000865245,0,-0.688932,0.462605,0.568466,4,drone1
0.243052,-0.357779,9.03069e-06,163.115,-0.091314,-0.0086938,-71.7218,0.629106,0.374278,0.0126733,-0.000406254,0,-1.18953,0.497268,0.578296,4,drone1
0.242407,-0.357503,9.07952e-06,161.902,-0.142699,-0.0274682,-70.3253,0.601125,0.426289,0.0126859,-0.000628688,0,-1.76445,0.531386,0.586558,4,drone1
0.241773,-0.357251,9.14109e-06,160.512,-0.193152,-0.0490208,-69.6825,0.64801,0.507424,-0.00362297,-0.0284947,0,-1.50895,0.981662,-0.0732062,4,drone1
0.247231,-0.359358,9.26701e-06,159.271,-0.272333,-0.0835932,-68.2414,0.622154,0.563872,0.0125587,-0.00116096,0,-1.23654,0.553474,0.633941,4,drone1
0.246495,-0.358997,9.38197e-06,158.065,-0.320972,-0.109618,-66.8191,0.598518,0.624828,0.0149108,0.0044468,0,-1.44956,0.574219,0.657278,4,drone1
0.244695,-0.358216,9.5022e-06,156.647,-0.363576,-0.137123,-65.6103,0.533596,0.665455,0.0231387,0.0261762,0,-1.99564,0.179448,0.958079,4,drone1
0.23859,-0.3555,9.57709e-06,155.205,-0.385001,-0.157774,-64.248,0.525792,0.7382,0.0139562,0.00231374,0,-1.47709,0.681363,0.596643,4,drone1
0.23727,-0.354873,9.72107e-06,153.763,-0.428948,-0.191101,-62.8926,0.526626,0.813524,0.0112023,-0.00357821,0,-1.40452,0.718253,0.560538,4,drone1
0.23702,-0.354751,9.91897e-06,152.295,-0.477337,-0.230081,-61.5346,0.533521,0.891004,0.0105996,-0.0047578,0,-1.32473,0.743583,0.549997,4,drone1
0.236942,-0.354716,1.0148e-05,150.825,-0.525916,-0.272742,-60.1713,0.546092,0.970337,0.0105002,-0.00489429,0,-1.21897,0.766531,0.543872,4,drone1
0.236843,-0.354667,1.04072e-05,149.36,-0.573796,-0.318698,-60.9219,0.493613,1.09575,0.00372537,0.0167047,0,-0.975381,0.821583,0.958572,4,drone1
0.234261,-0.353349,1.06378e-05,148.815,-0.615499,-0.351234,-59.3499,0.512844,1.15773,0.010556,-0.00444425,0,1.09716,0.617535,0.433907,4,drone1
0.233904,-0.352967,1.09322e-05,148.353,-0.66901,-0.390975,-57.8615,0.522551,1.19932,0.00916208,-0.00716481,0,0.0681075,0.373155,0.453982,4,drone1
0.234125,-0.35307,1.13286e-05,147.06,-0.720084,-0.444818,-56.4952,0.520342,1.2245,0.008648,-0.0076352,0,-0.958715,0.151526,0.484515,4,drone1
0.234451,-0.353295,1.17597e-05,145.628,-0.770246,-0.504732,-55.1377,0.508507,1.23435,0.00875832,-0.00737301,0,-1.03367,-0.0452203,0.486979,4,drone1
0.234682,-0.35347,1.22359e-05,144.187,-0.819408,-0.568729,-53.7696,0.487527,1.23118,0.00902339,-0.00698852,0,-0.959108,-0.219583,0.486345,4,drone1
0.234788,-0.353563,1.27642e-05,142.745,-0.867458,-0.636786,-52.3913,0.45762,1.21732,0.00924805,-0.0067026,0,-0.887171,-0.373955,0.485754,4,drone1
0.234792,-0.353582,1.3351e-05,141.3,-0.914443,-0.709177,-51.0044,0.419048,1.1948,0.00939673,-0.00654547,0,-0.823735,-0.510846,0.484894,4,drone1
0.23472,-0.35354,1.40035e-05,139.852,-0.960435,-0.786201,-49.61,0.372091,1.16542,0.00947583,-0.00649491,0,-0.765603,-0.632675,0.483638,4,drone1
0.234593,-0.35345,1.47296e-05,138.401,-1.00547,-0.868158,-48.2091,0.31702,1.13073,0.00949793,-0.00652396,0,-0.712056,-0.741647,0.482001,4,drone1
0.234428,-0.353322,1.55382e-05,136.949,-1.04954,-0.955353,-41.8857,0.380566,0.952105,0.0341203,-0.0364029,0,-0.626047,-1.41708,-0.467068,4,drone1
0.234327,-0.353249,1.65163e-05,133.119,-1.04865,-1.09272,-33.4974,0.474563,0.701879,0.0370271,-0.0550172,0,-0.532063,-1.5354,-1.09949,4,drone1
0.235084,-0.354421,1.76402e-05,125.983,-0.966747,-1.29958,-33.0311,0.361212,0.69375,0.00815488,-0.00838096,0,-10.0942,-1.12971,0.67087,4,drone1
0.235581,-0.354505,1.89802e-05,120.324,-0.887239,-1.47895,-31.9381,0.248589,0.669011,0.0103728,-0.006589,0,-3.42886,-1.18934,0.545951,4,drone1
0.235519,-0.353949,2.01382e-05,117.911,-0.87432,-1.60994,-30.5138,0.133617,0.634715,0.0110475,-0.00514164,0,1.13197,-1.25118,0.458948,4,drone1
0.235007,-0.352863,2.13669e-05,116.358,-0.879046,-1.7317,-29.0583,0.0138299,0.599541,0.0107151,-0.0049261,0,2.11517,-1.30628,0.42345,4,drone1
0.234453,-0.351707,2.27865e-05,115.032,-0.887507,-1.85629,-36.2996,-0.241114,0.715014,-0.0315955,0.0489063,0,2.25506,-0.937426,1.91154,4,drone1
0.235587,-0.352372,2.2933e-05,116.016,-0.974092,-1.96067,-34.0409,-0.350225,0.662688,0.00962634,-0.00435044,0,10.766,-1.30617,0.387134,4,drone1
0.235164,-0.351597,1.51633e-05,118.721,-1.02378,-1.86515,-32.2,-0.470206,0.618556,0.0100296,-0.00346571,0,7.51235,-1.36019,0.405235,4,drone1
0.234385,-0.350609,1.93161e-05,120.333,-1.02659,-1.72888,-30.7893,-0.579384,0.585219,0.00915948,-0.00449556,0,2.95326,-1.24527,0.317609,4,drone1
0.233531,-0.349492,1.996e-05,119.926,-0.962526,-1.63808,-21.5229,-0.570882,0.401179,0.0642973,-0.067861,0,2.6598,-2.18242,-1.78491,4,drone1
0.230898,-0.346208,1.75118e-05,116.48,-0.808668,-1.59025,-22.419,-0.668555,0.388874,0.00619499,-0.00720317,0,-8.95825,-0.967577,0.176047,4,drone1
0.231998,-0.34696,1.76767e-05,112.388,-0.663126,-1.5652,-22.8823,-0.746087,0.369945,0.00350339,-0.00887107,0,-4.62967,-0.792557,0.091934,4,drone1
0.23244,-0.347228,1.7342e-05,111.034,-0.598387,-1.50592,-22.8915,-0.808107,0.346832,0.00516675,-0.007199,0,-0.0890494,-0.661281,0.0277837,4,drone1
0.232592,-0.34732,1.67302e-05,110.538,-0.55967,-1.44173,-22.7659,-0.857536,0.323998,0.00580412,-0.00634609,0,1.25954,-0.544309,-0.0126778,4,drone1
0.232649,-0.347356,1.60895e-05,110.348,-0.531215,-1.37968,-25.7131,-0.874839,0.386689,-0.0225987,0.0165483,0,1.36013,0.424376,1.00687,4,drone1
0.234273,-0.350381,1.56615e-05,111.239,-0.535884,-1.3282,-25.2398,-0.905524,0.357685,0.00666594,-0.00515892,0,4.73754,-0.406668,-0.113077,4,drone1
0.233944,-0.350146,1.51399e-05,112.442,-0.541507,-1.26299,-24.005,-0.924292,0.346259,0.00963457,-0.00319362,0,3.35751,-0.334449,-0.117587,4,drone1
0.233059,-0.348601,1.45901e-05,112.556,-0.520934,-1.20657,-22.991,-0.936904,0.337483,0.00945638,-0.00365798,0,0.904075,-0.264621,-0.139317,4,drone1
0.232398,-0.347232,1.4127e-05,111.998,-0.48889,-1.16146,-24.4657,-0.952281,0.347984,-0.00671341,0.00934842,0,-0.321908,0.0665348,0.343099,4,drone1
0.232997,-0.347941,1.38233e-05,111.997,-0.474704,-1.12642,-24.288,-0.956929,0.323736,0.00702017,-0.00465887,0,1.7814,-0.145511,-0.199402,4,drone1
0.232892,-0.347872,1.35501e-05,112.428,-0.468876,-1.08815,-24.1291,-0.957445,0.30196,0.00785196,-0.0038166,0,1.59175,-0.0967037,-0.195131,4,drone1
0.232841,-0.347844,1.32927e-05,112.578,-0.459077,-1.05657,-24.0304,-0.954209,0.28266,0.00789643,-0.00378486,0,0.990384,-0.0508262,-0.188955,4,drone1
0.232824,-0.347836,1.3081e-05,112.627,-0.449028,-1.02989,-23.9576,-0.94778,0.265505,0.00799046,-0.00367172,0,0.730689,-0.0121866,-0.182768,4,drone1
0.232817,-0.347835,1.29063e-05,112.643,-0.439967,-1.00736,-23.898,-0.938736,0.250293,0.00809822,-0.0035278,0,0.598438,0.0200646,-0.175817,4,drone1
0.232815,-0.347836,1.2764e-05,112.648,-0.432269,-0.988669,-23.8468,-0.927618,0.236865,0.00820079,-0.00338689,0,0.514007,0.0465789,-0.167982,4,drone1
0.232814,-0.347838,1.26515e-05,112.649,-0.426026,-0.973651,-23.802,-0.914926,0.22508,0.00829168,-0.00326059,0,0.450244,0.0678836,-0.159322,4,drone1
0.232813,-0.34784,1.25667e-05,112.649,-0.421248,-0.962203,-26.6168,-0.803989,0.29252,-0.0471446,0.00355182,0,0.461555,1.56743,0.543321,4,drone1
0.236701,-0.356075,1.27766e-05,113.303,-0.445816,-0.989111,-26.2963,-0.798781,0.275965,0.00856421,-0.00263674,0,3.20785,-0.0319085,-0.170556,4,drone1
0.236359,-0.355767,1.27568e-05,114.341,-0.460959,-0.974752,-25.3149,-0.793128,0.272265,0.0165931,0.00161646,0,2.22915,-0.0485074,-0.13515,4,drone1
0.234783,-0.352735,1.26302e-05,114.381,-0.454358,-0.958404,-24.4816,-0.786593,0.270637,0.01638,0.000752612,0,0.205809,-0.0317474,-0.127181,4,drone1
0.233452,-0.349939,1.25439e-05,113.843,-0.440227,-0.951056,-23.7155,-0.777848,0.26989,0.0133956,-0.00102358,0,-0.670198,-0.00657202,-0.130347,4,drone1
0.232488,-0.347793,1.25104e-05,113.113,-0.425924,-0.951503,-22.9792,-0.767416,0.26925,0.0106219,-0.00235749,0,-0.901004,0.0126296,-0.134342,4,drone1
0.231806,-0.3462,1.25201e-05,112.324,-0.413176,-0.958227,-23.0704,-0.759906,0.257642,0.00849872,-0.00328219,0,-0.909907,0.0247992,-0.136003,4,drone1
0.231969,-0.346321,1.26111e-05,111.797,-0.409444,-0.974794,-23.0737,-0.751511,0.247393,0.00698446,-0.00382564,0,-0.0315566,0.0371116,-0.127168,4,drone1
0.232029,-0.346359,1.27329e-05,111.608,-0.412508,-0.991924,-23.024,-0.743576,0.238528,0.00715386,-0.00357019,0,0.498091,0.0378211,-0.112802,4,drone1
0.23205,-0.346374,1.28769e-05,111.541,-0.418869,-1.01149,-22.9606,-0.736367,0.231138,0.0072114,-0.00347115,0,0.635188,0.0369654,-0.0963927,4,drone1
0.232057,-0.346381,1.30491e-05,111.516,-0.427288,-1.03413,-22.8968,-0.730075,0.225192,0.0072353,-0.00343215,0,0.638256,0.0343442,-0.079452,4,drone1
0.23206,-0.346385,1.32529e-05,111.506,-0.437334,-1.06013,-24.256,-0.6434,0.264662,-0.0338053,-0.00219813,0,0.703727,1.07398,0.16779,4,drone1
0.234738,-0.352568,1.37348e-05,111.97,-0.469866,-1.11599,-24.0594,-0.647421,0.256921,0.00731959,-0.00322643,0,1.96669,-0.0692819,-0.0529818,4,drone1
0.234531,-0.352369,1.402e-05,112.559,-0.494648,-1.14313,-23.1817,-0.651978,0.259663,0.013367,-0.000398075,0,1.30583,-0.0961839,-0.0182495,4,drone1
0.233378,-0.349999,1.42425e-05,112.506,-0.504005,-1.1687,-22.4213,-0.657264,0.264154,0.0131558,-0.000939162,0,-0.161409,-0.0984856,-0.00497338,4,drone1
0.232405,-0.347801,1.45095e-05,111.991,-0.505538,-1.20303,-21.7136,-0.662064,0.269573,0.0107708,-0.00224405,0,-0.869252,-0.0927004,-0.00214986,4,drone1
0.231704,-0.34612,1.48469e-05,111.307,-0.50536,-1.24542,-21.8199,-0.67042,0.266029,0.00855917,-0.00323702,0,-1.06227,-0.0907155,-0.00276684,4,drone1
0.231851,-0.346233,1.53115e-05,110.817,-0.513485,-1.29916,-21.8471,-0.678672,0.263297,0.00692723,-0.00383257,0,-0.272225,-0.0867714,0.00512634,4,drone1
0.231907,-0.346268,1.58404e-05,110.629,-0.529329,-1.3542,-21.8226,-0.6881,0.261521,0.00706766,-0.00361961,0,0.245169,-0.0940838,0.0187829,4,drone1
0.231929,-0.346283,1.64315e-05,110.556,-0.549239,-1.41253,-21.7818,-0.698926,0.260993,0.00710732,-0.00354063,0,0.408238,-0.102346,0.0356726,4,drone1
0.231937,-0.34629,1.70958e-05,110.527,-0.571806,-1.47495,-21.7378,-0.711306,0.261793,0.00711677,-0.00351442,0,0.439969,-0.111814,0.0537535,4,drone1
0.231939,-0.346294,1.78422e-05,110.515,-0.59652,-1.5419,-21.6953,-0.725369,0.263921,0.00711405,-0.00350826,0,0.424652,-0.122504,0.0722593,4,drone1
0.23194,-0.346297,1.86803e-05,110.509,-0.62322,-1.61368,-21.6559,-0.741227,0.267354,0.00710575,-0.00350983,0,0.394003,-0.134382,0.0909312,4,drone1
0.23194,-0.346299,1.96203e-05,110.506,-0.651891,-1.69054,-21.6199,-0.75899,0.272061,0.00709429,-0.00351444,0,0.359943,-0.14741,0.109711,4,drone1
0.23194,-0.346302,2.06738e-05,110.504,-0.68258,-1.77274,-21.5871,-0.778763,0.278016,0.00708045,-0.0035203,0,0.32683,-0.161551,0.128623,4,drone1
0.231939,-0.346304,2.18539e-05,110.502,-0.715362,-1.8605,-21.5574,-0.800652,0.285198,0.0070644,-0.00352677,0,0.296128,-0.176776,0.147721,4,drone1
0.231939,-0.346306,2.31752e-05,110.5,-0.75033,-1.95412,-19.327,-0.692803,0.31721,-0.023743,-0.027894,0,0.179967,0.89937,-0.342621,4,drone1
0.233836,-0.352268,3.10871e-05,109.806,-0.775742,-2.06116,-17.9543,-0.779113,0.251217,0.0419278,0.00170475,0,-2.03777,-1.17188,-0.505378,4,drone1
0.230732,-0.344201,2.52203e-05,108.696,-0.678036,-1.92906,-17.4392,-0.8112,0.278607,0.0128152,-0.00221768,0,-2.64019,-0.291646,0.263351,4,drone1
0.230116,-0.342173,2.22846e-05,107.629,-0.601704,-1.82378,-17.9207,-0.823849,0.277114,0.0194194,0.00810708,0,-2.35587,-0.104458,0.0515027,4,drone1
0.229066,-0.338255,2.00024e-05,106.999,-0.543336,-1.7105,-17.9699,-0.813322,0.289549,0.0028464,-0.00547957,0,-0.494357,0.138079,0.0864547,4,drone1
0.229159,-0.338365,1.85337e-05,106.75,-0.506855,-1.61899,-21.8828,-0.875163,0.319074,0.00370039,0.0329037,0,-0.381245,-0.160228,0.945875,4,drone1
0.229036,-0.336005,1.73109e-05,107.64,-0.50047,-1.51277,-21.4478,-0.823094,0.331443,-0.000362536,-0.00647423,0,4.3487,0.526127,-0.0973109,4,drone1
0.228758,-0.335877,1.63957e-05,108.966,-0.507251,-1.41944,-21.1452,-0.759027,0.346874,-0.0028622,-0.0067383,0,3.02367,0.650313,-0.106108,4,drone1
0.228592,-0.335782,1.55936e-05,109.55,-0.494834,-1.33884,-21.0055,-0.685833,0.366115,-0.0031811,-0.00693467,0,1.39574,0.751072,-0.0928394,4,drone1
0.228521,-0.335743,1.49185e-05,109.794,-0.475405,-1.26701,-15.2006,-0.555671,0.344154,0.0212118,-0.0390788,0,1.40676,0.517615,-1.14965,4,drone1
0.227085,-0.334162,1.42302e-05,108.19,-0.415304,-1.20567,-15.7381,-0.469798,0.367792,-0.00417694,-0.00675662,0,-5.37759,0.889426,0.0405336,4,drone1
0.227582,-0.334467,1.37185e-05,105.929,-0.350275,-1.16114,-16.0615,-0.374259,0.388825,-0.00557338,-0.00826114,0,-3.23493,0.977618,-0.031871,4,drone1
0.227851,-0.33462,1.33078e-05,104.766,-0.311903,-1.11184,-16.1265,-0.270332,0.40568,-0.00490948,-0.00799023,0,-0.650214,1.04596,-0.12023,4,drone1
0.22799,-0.334701,1.29214e-05,104.127,-0.286351,-1.0631,-16.0689,-0.159415,0.421037,-0.00461496,-0.00781183,0,0.577625,1.10744,-0.165583,4,drone1
0.228067,-0.334746,1.25757e-05,103.761,-0.26776,-1.01673,-15.9531,-0.0423991,0.436174,-0.00449082,-0.00771129,0,1.15961,1.16464,-0.189057,4,drone1
0.228111,-0.334772,1.22713e-05,103.548,-0.253294,-0.973429,-15.8123,0.0626721,0.448115,-0.00448133,-0.00766233,0,1.40921,1.04105,-0.185516,4,drone1
0.228136,-0.334788,1.20049e-05,103.422,-0.241468,-0.933428,-15.6644,0.150787,0.454489,-0.00450562,-0.00763054,0,1.48127,0.863016,-0.188828,4,drone1
0.228151,-0.334798,1.17723e-05,103.347,-0.231469,-0.896773,-15.5186,0.223846,0.456675,-0.004535,-0.00761287,0,1.45898,0.707268,-0.184328,4,drone1
0.22816,-0.334805,1.15696e-05,103.302,-0.222834,-0.863425,-15.3799,0.283613,0.455629,-0.00456263,-0.007603,0,1.38807,0.571187,-0.176217,4,drone1
0.228165,-0.334809,1.13935e-05,103.274,-0.21529,-0.833304,-15.2505,0.331701,0.452047,-0.00458562,-0.00759755,0,1.29424,0.452474,-0.166686,4,drone1
0.228168,-0.334812,1.12412e-05,103.258,-0.208673,-0.806313,-15.1313,0.369561,0.446458,-0.00460314,-0.00759468,0,1.192,0.349107,-0.156776,4,drone1
0.22817,-0.334815,1.11103e-05,103.247,-0.202878,-0.782354,-15.0224,0.39849,0.439288,-0.00461531,-0.00759338,0,1.08939,0.259298,-0.146947,4,drone1
0.228171,-0.334817,1.09988e-05,103.241,-0.197836,-0.761329,-14.9232,0.419643,0.430888,-0.00462272,-0.00759307,0,0.990717,0.181464,-0.137378,4,drone1
0.228171,-0.334819,1.09048e-05,103.237,-0.193499,-0.743148,-13.0409,0.401243,0.368283,0.0190664,-0.00938111,0,0.860731,-0.435494,-0.391099,4,drone1
0.227159,-0.331537,1.07386e-05,102.864,-0.181442,-0.712845,-11.3483,0.29513,0.279966,0.0496487,-0.00140272,0,0.76523,-1.30947,-0.47835,4,drone1
0.22491,-0.322,1.0458e-05,101.992,-0.15797,-0.656258,-10.741,0.319261,0.277109,-0.00825644,-0.00830182,0,-2.29918,0.199912,-0.0214484,4,drone1
0.225378,-0.324139,1.04711e-05,101.004,-0.146549,-0.658296,-10.0599,0.342253,0.270894,-0.0177904,-0.0103794,0,-2.03439,0.182422,-0.0444729,4,drone1
0.226107,-0.328018,1.05159e-05,100.067,-0.137573,-0.670802,-9.31151,0.358565,0.2618,-0.0155896,-0.0100447,0,-1.72739,0.11252,-0.0545612,4,drone1
0.226678,-0.331407,1.056e-05,99.1496,-0.12846,-0.68318,-8.51314,0.368057,0.250537,-0.0116682,-0.00942105,0,-1.53866,0.0432474,-0.0599512,4,drone1
0.227065,-0.333992,1.05997e-05,98.2354,-0.118822,-0.69398,-7.67876,0.371694,0.237687,-0.00825045,-0.008916,0,-1.41934,-0.014862,-0.0640964,4,drone1
0.227313,-0.335878,1.06366e-05,97.3171,-0.108702,-0.703731,-6.81816,0.370504,0.223718,-0.00564392,-0.00856916,0,-1.3395,-0.0615686,-0.0678474,4,drone1
0.227465,-0.337227,1.06736e-05,96.3914,-0.098197,-0.713222,0.0825739,0.375328,0.0685498,0.0064123,-0.0543899,0,-1.38541,-0.314617,-1.05359,4,drone1
0.226981,-0.336977,1.0668e-05,94.7732,-0.0781794,-0.718083,-0.64304,0.362684,0.0745657,-0.0032281,-0.00796194,0,-7.2557,-0.129645,0.0526378,4,drone1
0.227092,-0.337118,1.07222e-05,92.8131,-0.053944,-0.726934,-1.13425,0.348508,0.0768113,-0.00317516,-0.00854597,0,-4.91194,-0.142277,0.0185638,4,drone1
0.227137,-0.33723,1.07677e-05,91.2059,-0.0337294,-0.737243,-1.38032,0.332953,0.0752209,-0.00265471,-0.00856321,0,-2.46078,-0.155551,-0.0158295,4,drone1
0.227143,-0.337322,1.08211e-05,89.8694,-0.0164925,-0.749414,-1.44104,0.316246,0.0709161,-0.00225646,-0.0085969,0,-0.60753,-0.167868,-0.0398113,4,drone1
0.227125,-0.337399,1.08881e-05,88.754,-0.00158891,-0.763707,-1.36202,0.29856,0.0647253,-0.00194762,-0.00864086,0,0.78973,-0.178716,-0.0563325,4,drone1
0.227096,-0.337463,1.09702e-05,87.8255,0.0114232,-0.7803,-1.17936,0.280031,0.0572766,-0.00170779,-0.00868964,0,1.8262,-0.187979,-0.0673681,4,drone1
0.22706,-0.337516,1.10682e-05,87.0572,0.0228773,-0.799333,-0.922091,0.260777,0.0490514,-0.00152366,-0.00873923,0,2.57214,-0.195724,-0.0743262,4,drone1
0.227024,-0.337561,1.11829e-05,86.4262,0.0330463,-0.820918,-0.613709,0.240896,0.0404165,-0.00138552,-0.00878678,0,3.08331,-0.202106,-0.0782568,4,drone1
0.22699,-0.337597,1.13156e-05,85.9122,0.0421663,-0.845155,-0.273059,0.220475,0.0316476,-0.00128559,-0.00883042,0,3.406,-0.207316,-0.0799672,4,drone1
0.226959,-0.337627,1.14679e-05,85.4968,0.0504462,-0.872137,0.0849361,0.199591,0.0229462,-0.00121719,-0.00886911,0,3.57949,-0.211554,-0.0800884,4,drone1
0.226932,-0.337651,1.16416e-05,85.1632,0.0580723,-0.901955,0.448692,0.178308,0.0144538,-0.00117449,-0.00890247,0,3.63714,-0.215016,-0.079116,4,drone1
0.226909,-0.337671,1.18389e-05,84.8972,0.06521,-0.934701,0.809434,0.15668,0.00626376,-0.00115239,-0.00893056,0,3.60704,-0.217881,-0.0774374,4,drone1
0.22689,-0.337686,1.20623e-05,84.6861,0.0720045,-0.970471,0.852081,0.083795,0.02202,-0.0159523,0.0029217,0,3.89265,-0.725832,0.160019,4,drone1
0.226542,-0.340952,1.2416e-05,84.5565,0.0794292,-1.0251,1.22022,0.0667716,0.0123066,-0.00109038,-0.00897221,0,3.68109,-0.171552,-0.0947188,4,drone1
0.226542,-0.340903,1.27065e-05,84.4872,0.0847307,-1.06713,1.56452,0.0473941,0.00321023,0.00215018,-0.00907828,0,3.44277,-0.194265,-0.0898356,4,drone1
0.226537,-0.340906,1.30316e-05,84.4328,0.0902091,-1.11284,1.88133,0.0274812,-0.00520486,0.00205281,-0.00909607,0,3.16792,-0.198899,-0.084623,4,drone1
0.226533,-0.340909,1.33972e-05,84.3902,0.0958827,-1.16209,2.17191,0.00703387,-0.0130133,0.00200959,-0.00911463,0,2.90564,-0.203659,-0.0801195,4,drone1
0.22653,-0.340911,1.3808e-05,84.3569,0.101796,-1.21501,2.4377,-0.0139302,-0.0202863,0.00196631,-0.00913134,0,2.65779,-0.208353,-0.076284,4,drone1
0.226527,-0.340912,1.42689e-05,84.3309,0.107988,-1.27178,2.68025,-0.0354047,-0.0270929,0.00192327,-0.00914637,0,2.42543,-0.213071,-0.0730869,4,drone1
0.226525,-0.340913,1.47858e-05,84.3108,0.114497,-1.33255,2.90116,-0.0573933,-0.0334987,0.00188057,-0.0091599,0,2.20897,-0.217893,-0.0704965,4,drone1
0.226523,-0.340914,1.53649e-05,84.2951,0.121357,-1.39751,3.102,-0.079909,-0.0395661,0.00183819,-0.0091721,0,2.00839,-0.222894,-0.0684813,4,drone1
0.226522,-0.340914,1.60135e-05,84.2831,0.128599,-1.46685,3.28434,-0.102973,-0.0453538,0.00179602,-0.0091831,0,1.82332,-0.228143,-0.0670101,4,drone1
0.226521,-0.340914,1.67395e-05,84.2738,0.136255,-1.54077,3.44966,-0.126614,-0.0509171,0.00175385,-0.00919302,0,1.65319,-0.233704,-0.0660538,4,drone1
0.22652,-0.340914,1.7552e-05,84.2668,0.144357,-1.6195,3.59939,-0.150868,-0.0563075,0.0017114,-0.00920198,0,1.49727,-0.239637,-0.0655851,4,drone1
0.22652,-0.340914,1.84611e-05,84.2614,0.152933,-1.70328,3.73486,-0.175777,-0.0615736,0.00166836,-0.00921006,0,1.35474,-0.245997,-0.0655792,4,drone1
0.226519,-0.340914,1.94779e-05,84.2575,0.162016,-1.79235,3.85733,-0.201389,-0.0667607,0.00162431,-0.00921734,0,1.22473,-0.252839,-0.066014,4,drone1
0.226519,-0.340914,2.06151e-05,84.2547,0.171637,-1.88699,3.96796,-0.227758,-0.0719114,0.00157885,-0.00922388,0,1.10636,-0.260215,-0.06687,4,drone1
0.226518,-0.340913,2.18867e-05,84.2527,0.181828,-1.98748,4.06783,-0.254943,-0.0770659,0.00153147,-0.00922973,0,0.99875,-0.268175,-0.0681303,4,drone1
0.226518,-0.340913,2.33084e-05,84.2514,0.192623,-2.09413,4.15793,-0.283009,-0.0822619,0.00148166,-0.00923493,0,0.901051,-0.276767,-0.0697808,4,drone1
0.226518,-0.340912,2.92077e-05,84.2502,0.193079,-2.19032,4.23917,-0.312026,-0.0875354,0.00142882,-0.0092395,0,0.812447,-0.286041,-0.0718099,4,drone1
0.226518,-0.340912,2.41909e-05,84.2495,0.189765,-2.08538,4.3124,-0.340277,-0.0919875,0.00137807,-0.0092467,0,0.732485,-0.278811,-0.0636785,4,drone1
0.226518,-0.340912,2.26063e-05,84.2489,0.178994,-1.97569,4.37838,-0.347275,-0.0972814,0.00139269,-0.00925298,0,0.66001,-0.0661085,-0.0577083,4,drone1
0.226518,-0.340911,2.09474e-05,84.2485,0.169499,-1.87375,4.43781,-0.334077,-0.102713,0.00140608,-0.00926168,0,0.594718,0.135538,-0.0447147,4,drone1
0.226518,-0.34091,1.95555e-05,84.2483,0.160514,-1.77922,4.49134,-0.302932,-0.108395,0.00141357,-0.00926968,0,0.53569,0.314769,-0.0338747,4,drone1
0.226518,-0.34091,1.8426e-05,84.2483,0.151973,-1.69171,4.53954,-0.255798,-0.114351,0.00141515,-0.00927729,0,0.482377,0.474468,-0.0242668,4,drone1
0.226518,-0.340909,1.74933e-05,84.2484,0.143943,-1.61085,4.58293,-0.194367,-0.120598,0.00141075,-0.00928459,0,0.434251,0.617272,-0.0157548,4,drone1
0.226518,-0.340909,1.6704e-05,84.2486,0.136469,-1.53629,4.62199,-0.120097,-0.127159,0.00140021,-0.00929154,0,0.390823,0.745547,-0.00834125,4,drone1
0.226518,-0.340908,1.60238e-05,84.2489,0.129566,-1.46771,4.65716,-0.0495616,-0.131939,0.00137448,-0.0093,0,0.35173,0.706934,0.00724001,4,drone1
0.226518,-0.340907,1.54322e-05,84.2492,0.123224,-1.40482,4.68877,0.00975362,-0.135772,0.00135384,-0.0093,0,0.316123,0.594329,0.00848097,4,drone1
0.226518,-0.340907,1.49157e-05,84.2497,0.117424,-1.34736,4.71719,0.0592142,-0.138597,0.00134106,-0.009301,0,0.284097,0.495285,0.0111707,4,drone1
0.226518,-0.340906,1.44648e-05,84.2501,0.112146,-1.29508,4.74272,0.100026,-0.140443,0.00133441,-0.00930238,0,0.255278,0.408285,0.0143463,4,drone1
0.226518,-0.340906,1.40721e-05,84.2506,0.107368,-1.24775,4.76566,0.133255,-0.141401,0.0013325,-0.00930379,0,0.229331,0.331971,0.0173234,4,drone1
0.226518,-0.340905,1.37313e-05,84.2511,0.103068,-1.20518,4.78627,0.159841,-0.141589,0.00133417,-0.0093051,0,0.205964,0.265135,0.0197864,4,drone1
0.226518,-0.340904,1.3437e-05,84.2517,0.0992275,-1.16716,4.80476,0.180618,-0.141126,0.00133845,-0.0093063,0,0.184917,0.206693,0.0216469,4,drone1
0.226518,-0.340904,1.31845e-05,84.2523,0.0958302,-1.13354,4.82136,0.196323,-0.140126,0.00134455,-0.00930741,0,0.165959,0.155683,0.0229229,4,drone1
0.226518,-0.340903,1.29699e-05,84.2529,0.0928599,-1.10415,4.83624,0.207605,-0.138689,0.00135181,-0.00930848,0,0.148883,0.111241,0.023671,4,drone1
0.226518,-0.340902,1.27897e-05,84.2535,0.090303,-1.07887,4.84959,0.215039,-0.136906,0.00135974,-0.00930953,0,0.133501,0.0725975,0.0239561,4,drone1
0.226518,-0.340902,1.26412e-05,84.2541,0.088147,-1.05756,4.86154,0.219131,-0.134857,0.00136792,-0.00931059,0,0.119646,0.0390658,0.023839,4,drone1
0.226518,-0.340901,1.25218e-05,84.2547,0.0863811,-1.04014,4.87225,0.220327,-0.132612,0.00137605,-0.00931168,0,0.107166,0.0100324,0.0233739,4,drone1
0.226518,-0.340901,1.24298e-05,84.2554,0.084996,-1.02649,4.88183,0.219017,-0.130233,0.00138389,-0.00931281,0,0.0959249,-0.0150497,0.0226076,4,drone1
0.226518,-0.3409,1.23635e-05,84.256,0.0839837,-1.01654,4.8904,0.215546,-0.127773,0.00139123,-0.009314,0,0.0857994,-0.0366685,0.0215805,4,drone1
0.226518,-0.340899,1.23218e-05,84.2567,0.0833375,-1.01024,4.89806,0.210212,-0.125279,0.00139795,-0.00931525,0,0.0766787,-0.055259,0.0203271,4,drone1
0.226518,-0.340899,1.23039e-05,84.2573,0.0830523,-1.00752,4.9049,0.203277,-0.122794,0.00140393,-0.00931657,0,0.0684626,-0.0712092,0.0188771,4,drone1
0.226518,-0.340898,1.23093e-05,84.258,0.0831241,-1.00835,4.91099,0.194968,-0.120353,0.00140908,-0.00931794,0,0.0610614,-0.0848647,0.0172555,4,drone1
0.226518,-0.340897,1.2338e-05,84.2587,0.0835501,-1.0127,4.91642,0.185481,-0.117988,0.00141333,-0.00931938,0,0.0543936,-0.0965335,0.0154839,4,drone1
