2.16419,0.15847,5.53539e-06,0,0,-0.0111886,0,0,0,0,0,0,0,0,0,-1,pipuck7
2.16419,0.15847,7.91351e-06,0,0,-0.0159945,0,0,0,0,0,0,0,0,0,-1,pipuck7
2.16419,0.15847,8.88486e-06,0,0,-0.0179578,0,0,0,0,0,0,0,0,0,-1,pipuck7
2.16419,0.15847,9.26229e-06,0,0,-0.0187206,0,0,0,0,0,0,0,0,0,-1,pipuck7
2.16419,0.15847,9.40043e-06,0,0,-0.0189998,0,0,0,0,0,0,0,0,0,-1,pipuck7
2.16419,0.15847,9.44705e-06,0,0,-0.019094,0,0,0,0,0,0,0,0,0,-1,pipuck7
2.16419,0.15847,9.46085e-06,0,0,-0.0191219,0,0,0,0,0,0,0,0,0,-1,pipuck7
2.16419,0.15847,9.46391e-06,0,0,-0.0191281,0,0,0,0,0,0,0,0,0,-1,pipuck7
2.16419,0.15847,9.46396e-06,0,0,-0.0191282,0,0,0,0,0,0,0,0,0,-1,pipuck7
2.16419,0.15847,9.46346e-06,0,0,-0.0191272,0,0,0,0,0,0,0,0,0,-1,pipuck7
2.16419,0.15847,9.46303e-06,0,0,-0.0191263,0,0,0,0,0,0,0,0,0,-1,pipuck7
2.16419,0.15847,9.46276e-06,0,0,-0.0191258,0,0,0,0,0,0,0,0,0,-1,pipuck7
2.16419,0.15847,9.46262e-06,0,0,-0.0191255,0,0,0,0,0,0,0,0,0,-1,pipuck7
2.16419,0.15847,9.46255e-06,0,0,-0.0191254,0,0,0,0,0,0,0,0,0,-1,pipuck7
2.16419,0.15847,9.46252e-06,0,0,-0.0191253,0,0,0,0,0,0,0,0,0,-1,pipuck7
2.16419,0.15847,9.46251e-06,0,0,-0.0191253,0,0,0,0,0,0,0,0,0,-1,pipuck7
2.16419,0.15847,9.4625e-06,0,0,-0.0191253,0,0,0,0,0,0,0,0,0,-1,pipuck7
2.16419,0.15847,9.4625e-06,0,0,-0.0191253,0,0,0,0,0,0,0,0,0,-1,pipuck7
2.16419,0.15847,9.4625e-06,0,0,-0.0191253,0,0,0,0,0,0,0,0,0,-1,pipuck7
2.16419,0.15847,9.4625e-06,0,0,-0.0191253,0,0,0,0,0,0,0,0,0,-1,pipuck7
2.16419,0.15847,9.4625e-06,0,0,-0.0191253,0,0,0,0,0,0,0,0,0,-1,pipuck7
2.16419,0.15847,9.4625e-06,0,0,-0.0191252,0,0,0,0,0,0,0,0,0,-1,pipuck7
2.16419,0.15847,9.4625e-06,0,0,-0.0191252,0,0,0,0,0,0,0,0,0,-1,pipuck7
2.16419,0.15847,9.4625e-06,0,0,-0.0191252,0,0,0,0,0,0,0,0,0,-1,pipuck7
2.16419,0.15847,9.4625e-06,0,0,-0.0191252,0,0,0,0,0,0,0,0,0,-1,pipuck7
2.16419,0.15847,9.4625e-06,0,0,-0.0191252,0,0,0,0,0,0,0,0,0,-1,pipuck7
2.16419,0.15847,9.4625e-06,0,0,-0.0191252,0,0,0,0,0,0,0,0,0,-1,pipuck7
2.16419,0.15847,9.4625e-06,0,0,-0.0191252,0,0,0,0,0,0,0,0,0,-1,pipuck7
2.16419,0.15847,9.4625e-06,0,0,-0.0191252,0,0,0,0,0,0,0,0,0,-1,pipuck7
2.16419,0.15847,9.4625e-06,0,0,-0.0191252,0,0,0,0,0,0,0,0,0,-1,pipuck7
2.16419,0.15847,9.4625e-06,0,0,-0.0191252,0,0,0,0,0,0,0,0,0,-1,pipuck7
2.16419,0.15847,9.4625e-06,0,0,-0.0191252,0,0,0,0,0,0,0,0,0,-1,pipuck7
2.16419,0.15847,9.4625e-06,0,0,-0.0191252,0,0,0,0,0,0,0,0,0,-1,pipuck7
2.16419,0.15847,9.4625e-06,0,0,-0.0191252,0,0,0,0,0,0,0,0,0,-1,pipuck7
2.16419,0.15847,9.4625e-06,0,0,-0.0191252,0,0,0,0,0,0,0,0,0,-1,pipuck7
2.16419,0.15847,9.4625e-06,0,0,-0.0191252,0,0,0,0,0,0,0,0,0,-1,pipuck7
2.16419,0.15847,9.4625e-06,0,0,-0.0191252,0,0,0,0,0,0,0,0,0,-1,pipuck7
2.16419,0.15847,9.4625e-06,0,0,-0.0191252,0,0,0,0,0,0,0,0,0,-1,drone2
2.16419,0.15847,9.4625e-06,0,0,-0.0191252,0,0,0,0,0,0,0,0,0,-1,drone2
2.16419,0.15847,9.4625e-06,0,0,-0.0191252,0,0,0,0,0,0,0,0,0,2,drone2
2.16419,0.15847,9.4625e-06,0,0,-0.0191252,0,0,0,0,0,0,0,0,0,2,drone2
2.16419,0.15847,9.4625e-06,0,0,-0.0191252,0,0,0,0,0,0,0,0,0,2,drone2
2.16419,0.15847,9.4625e-06,0,0,-0.0191252,-3.52285,0,0,0,0,0,0,0,0,2,drone1
2.16673,0.15847,9.05127e-06,0.285422,-0.0113165,-0.0182375,-7.01042,0,0,-0.00262915,-0.00548244,0,0,0,0,2,drone1
2.16476,0.158438,9.59862e-06,1.06508,-0.000354497,-0.0193964,-0.784442,-0.00370195,-0.00385243,-1.89553,-0.0160944,0,94.1566,-0.0475933,0.00269396,11,drone1
2.14624,0.157876,9.30843e-06,2.21072,0.09209,-0.0223235,6.44826,-0.00823405,-0.00798615,-1.88927,0.209261,0,87.9853,-0.0554584,-0.000607711,11,drone1
2.127,0.156908,9.22618e-06,3.53456,0.188608,-0.0300932,13.0173,-0.0192638,-0.0150892,-1.84745,0.453448,0,81.6336,-0.12069,-0.00233097,11,drone1
2.10781,0.155487,9.3043e-06,4.89083,0.285639,-0.0427673,17.9198,-0.0364697,-0.0234733,-1.78878,0.659054,0,76.3206,-0.179073,-0.00377092,11,drone1
2.08916,0.153557,9.49098e-06,6.40195,0.380977,-0.0610682,20.0669,-0.0617346,-0.0395823,-1.76197,0.744846,0,74.8213,-0.275069,-0.0437677,11,drone1
2.07206,0.15107,9.71824e-06,8.39987,0.46936,-0.0877429,18.5,-0.0925876,-0.0628943,-1.63493,0.907288,0,68.1074,-0.359916,-0.0673943,11,drone1
2.05935,0.148482,1.00007e-05,11.6438,0.536637,-0.129182,16.247,-0.127663,-0.0930831,-1.60494,0.918317,0,67.4697,-0.439433,-0.0551015,11,drone1
2.0453,0.144534,1.03085e-05,16.4108,0.603943,-0.196833,13.4578,-0.160021,-0.125368,-1.50475,1.02447,0,62.1091,-0.455112,-0.0207211,11,drone1
2.03162,0.139786,2.18757e-05,22.3298,0.679553,-0.235039,10.6574,-0.194022,-0.161102,-1.45432,1.07223,0,60.1316,-0.51188,0.0195572,11,drone1
2.01767,0.133194,1.50657e-05,28.9282,0.718562,-0.367121,10.8923,-0.252441,-0.133929,-2.1228,1.66738,0,73.4078,-0.476101,0.725929,8,drone1
2.00345,0.124167,1.27659e-05,35.9607,0.74455,-0.514819,7.46429,-0.300567,-0.192959,-1.7148,1.97833,0,55.7221,-0.682383,-0.0162705,8,drone1
1.9947,0.116839,6.65741e-06,43.3813,0.70999,-0.680713,3.58177,-0.337833,-0.251632,-2.37102,2.25864,0,51.1777,-0.653744,0.0697898,12,drone1
1.99285,0.114803,9.30734e-06,52.8305,0.609458,-0.823511,-0.526962,-0.370943,-0.308657,-2.26748,2.35856,0,48.9158,-0.676345,0.187103,12,drone1
1.99247,0.115193,1.11158e-05,66.6649,0.404457,-0.975741,-5.16883,-0.396476,-0.361979,-2.04101,2.54893,0,43.5843,-0.66328,0.292819,12,drone1
1.99289,0.116629,1.2139e-05,82.7264,0.120909,-1.07993,-10.7053,-0.414516,-0.413783,-1.62344,2.80949,0,34.6379,-0.6669,0.351469,12,drone1
1.993,0.117148,1.28018e-05,98.3214,-0.180217,-1.11043,-17.4445,-0.421108,-0.455019,-0.396353,2.52697,0,22.6093,-0.611943,0.45911,8,drone1
1.99134,0.122501,1.30698e-05,112.999,-0.462724,-1.04425,-25.1241,-0.418699,-0.487744,0.0157958,2.55228,0,13.2046,-0.548406,0.555588,8,drone1
1.98596,0.131726,1.30701e-05,126.074,-0.685038,-0.909704,-33.5299,-0.407788,-0.510679,0.327702,2.52773,0,5.94078,-0.443927,0.656617,8,drone1
1.97808,0.140669,1.30362e-05,137.323,-0.844593,-0.754206,-42.3706,-0.390474,-0.521045,0.507204,2.49433,0,1.58961,-0.290842,0.771034,8,drone1
1.96648,0.149958,1.29543e-05,146.889,-0.943009,-0.593399,-49.5879,-0.390176,-0.511669,0.623573,2.45903,0,-1.42939,-0.144751,0.843677,8,drone1
1.95161,0.158581,1.27343e-05,154.963,-0.992732,-0.443776,-55.2265,-0.404272,-0.356183,0.673835,2.43642,0,-3.93804,0.976591,1.73184,8,drone1
1.93502,0.165639,1.2537e-05,161.572,-1.01023,-0.317596,-59.3313,-0.450203,-0.336554,0.774352,2.39004,0,-5.42277,-0.0685706,0.814977,8,drone1
1.91711,0.171134,1.2377e-05,166.896,-1.00662,-0.215742,-60.8331,-0.527439,-0.350011,0.814932,2.42625,0,-4.98803,-0.499971,0.667899,8,drone1
1.89857,0.175239,1.22076e-05,171.035,-0.99146,-0.138051,-59.8945,-0.594934,-0.286415,1.01251,2.26416,0,-11.5128,0.0577469,0.700843,8,drone1
1.88094,0.178043,1.20995e-05,173.955,-0.976423,-0.0851173,-57.3375,-0.660008,-0.202864,1.24332,2.12313,0,-17.8295,0.0318086,0.578204,8,drone1
1.86428,0.179962,1.20175e-05,175.658,-0.964978,-0.0549974,-56.3872,-0.707,-0.134491,1.43866,2.78966,0,-23.9701,-0.0205872,0.454455,12,drone1
1.84573,0.181463,7.46934e-06,176.432,-0.944852,-0.049529,-55.2199,-0.744608,-0.0670413,1.51462,2.74909,0,-25.3026,-0.0452285,0.353035,12,drone1
1.82792,0.182503,3.09234e-05,176.813,-0.933335,0.0049498,-51.6569,-0.76483,0.0775759,1.55718,1.9031,0,-26.2645,0.338843,0.555166,8,drone1
1.81277,0.183449,1.97199e-05,176.937,-0.933816,-0.0157557,-50.7256,-0.782705,0.136597,1.8392,2.4828,0,-33.2644,-0.165196,0.148817,12,drone1
1.79465,0.184627,1.22213e-05,176.398,-0.922418,-0.0388971,-50.6834,-0.796165,0.181627,1.88255,2.43003,0,-34.5143,-0.180476,0.0921595,12,drone1
1.77667,0.18587,2.74394e-05,175.537,-0.917034,-0.0213035,-50.0667,-0.733545,0.322751,1.5859,1.72752,0,-30.9436,0.939691,0.399845,8,drone1
1.75924,0.187425,1.38897e-05,174.571,-0.912298,-0.0637297,-52.1984,-0.75596,0.318956,1.85303,2.42035,0,-34.272,-0.350305,-0.00604616,12,drone1
1.73989,0.189465,2.0685e-05,173.505,-0.895852,-0.138659,-55.0162,-0.779086,0.301047,1.74674,2.45704,0,-32.2919,-0.337743,-0.0316639,12,drone1
1.72089,0.191839,1.61129e-05,172.466,-0.888713,-0.145072,-58.6389,-0.804426,0.262583,1.56097,2.56119,0,-28.2456,-0.341922,-0.0555527,12,drone1
1.70098,0.194709,3.88285e-05,171.464,-0.894381,-0.0597948,-62.0246,-0.826956,0.223503,1.34225,2.66379,0,-23.7246,-0.305445,-0.0266074,12,drone1
1.68203,0.197806,1.49716e-05,170.485,-0.874884,-0.172081,-65.2578,-0.842926,0.195211,1.08931,2.74622,0,-18.5177,-0.132928,0.0440769,12,drone1
1.663,0.201356,1.24971e-05,169.856,-0.873743,-0.176699,-68.3488,-0.858874,0.1518,0.845868,2.81428,0,-13.5516,-0.207751,0.00412892,12,drone1
1.64414,0.204985,1.1727e-05,169.816,-0.876218,-0.17618,-71.2984,-0.874031,0.10746,0.627285,2.8499,0,-9.56423,-0.17611,0.0353567,12,drone1
1.62534,0.208507,1.1576e-05,170.309,-0.882113,-0.169013,-73.7282,-0.583768,0.0545356,0.553893,2.67773,0,-9.02631,0.857947,-2.80833,12,drone1
1.60623,0.211693,1.53525e-05,171.151,-0.896309,-0.113368,-81.5142,-0.619274,-0.0258251,-0.74974,2.18994,0,-3.8295,-0.149045,0.307444,9,drone1
1.59043,0.214202,2.65055e-05,172.195,-0.912179,-0.173481,-83.0993,-0.613155,-0.00399663,-0.0141893,2.87007,0,3.09443,0.425888,0.0022511,12,drone1
1.57155,0.216655,1.74278e-05,173.33,-0.928209,-0.138211,-82.4722,-0.644695,-0.00403971,-0.00413634,2.84747,0,2.98916,-0.0659155,0.310494,12,drone1
1.55243,0.218604,1.33234e-05,174.346,-0.942931,-0.114475,-90.7259,-0.664603,-0.104205,-1.00032,2.035,0,3.10794,-0.0703951,0.265749,9,drone1
1.54616,0.219639,1.25603e-05,176.043,-1.02189,-0.0892372,-80.9266,-0.698142,0.00285498,-0.268569,2.79353,0,7.98625,0.0371883,0.266618,12,drone1
1.53231,0.220029,1.25874e-05,177.59,-1.06589,-0.0628693,-72.3401,-0.719483,0.106389,0.32899,2.77962,0,-4.14205,-0.112209,0.279667,12,drone1
1.51955,0.220243,1.29343e-05,177.557,-1.11614,-0.0655907,-64.8214,-0.730833,0.205919,0.83812,2.65721,0,-14.8173,-0.251666,0.25795,12,drone1
1.50805,0.220594,1.98421e-05,176.148,-1.17304,-0.110117,-58.1309,-0.733961,0.298517,1.21507,2.49882,0,-23.0994,-0.397778,0.201541,12,drone1
1.50132,0.220705,7.21919e-06,173.431,-1.25601,-0.140016,-52.1351,-0.727928,0.389636,1.48965,2.32661,0,-30.0448,-0.466555,0.143685,12,drone1
1.49318,0.222111,1.00898e-05,169.266,-1.3239,-0.242228,-46.212,-0.734232,0.491827,1.55296,2.28535,0,-30.7713,-0.609139,0.348886,12,drone1
1.48621,0.223324,1.11473e-05,163.948,-1.38231,-0.406988,-40.6704,-0.724925,0.572934,1.67032,2.19316,0,-34.5851,-0.75691,0.0742531,12,drone1
1.4794,0.224718,1.34252e-05,156.909,-1.41366,-0.615207,-35.0772,-0.718076,0.647233,1.65752,2.18643,0,-34.0668,-0.917984,0.0234596,12,drone1
1.47265,0.228308,1.55206e-05,147.411,-1.38905,-0.871209,-29.51,-0.710507,0.711979,1.64264,2.1709,0,-34.3251,-1.04387,-0.10903,12,drone1
1.46547,0.233921,1.69661e-05,136.193,-1.26083,-1.18871,-23.6556,-0.702316,0.774212,1.51368,2.25346,0,-31.4537,-1.13258,-0.166053,12,drone1
1.45716,0.243574,2.82345e-05,123.464,-0.970602,-1.53283,-17.2057,-0.692805,0.825265,1.27161,2.39146,0,-25.4969,-1.23627,-0.290667,12,drone1
1.45024,0.256242,2.42582e-05,110.765,-0.648732,-1.78247,-10.3938,-0.683126,0.860902,1.09314,2.44276,0,-21.8764,-1.30964,-0.509894,12,drone1
1.44603,0.271005,3.68806e-05,98.4078,-0.337399,-1.94558,-5.09952,-0.751423,0.870467,0.813053,2.55251,0,-15.8008,-1.77232,-0.586841,12,drone1
1.44512,0.287737,2.74016e-05,86.6208,0.0927876,-2.04626,-1.57771,-0.811763,0.846827,0.437875,2.63983,0,-7.71752,-1.28968,-0.746625,12,drone1
1.44809,0.305829,1.66306e-05,75.5564,0.535002,-2.0603,-0.0639909,-0.913261,0.785202,0.0414708,2.66113,0,0.212406,-1.26199,-0.788194,12,drone1
1.45457,0.322756,2.58004e-05,66.4826,0.894406,-2.0025,-0.99109,-1.05495,0.665205,-0.423684,2.62761,0,9.7635,-1.22082,-0.803182,12,drone1
1.46269,0.337775,2.33173e-05,60.1507,1.06609,-1.82088,5.87363,-1.09283,0.666191,-1.6319,1.45121,0,20.0145,-1.13534,-0.647531,9,drone1
1.45326,0.323296,2.54079e-05,55.299,1.26228,-1.78692,12.6507,-1.1234,0.666021,-1.69125,1.41624,0,21.7314,-0.956942,-0.766829,9,drone1
1.44266,0.309292,2.87557e-05,50.7392,1.39519,-1.66309,21.9278,-1.11548,0.71361,-1.60789,1.4921,0,18.9511,-0.845567,-0.939393,9,drone1
1.43273,0.298178,1.51364e-05,45.6226,1.41503,-1.43996,32.5845,-1.08495,0.786131,-1.53715,1.56478,0,16.5699,-0.7379,-1.11149,9,drone1
1.42176,0.288102,3.79543e-05,39.7064,1.47674,-1.15606,42.5814,-1.03923,0.853625,-1.32176,1.72702,0,9.97782,-0.398728,-1.23336,9,drone1
1.41016,0.279446,1.87574e-05,33.7648,1.43225,-0.979252,52.1763,-0.972041,0.906999,-1.167,1.79726,0,5.96406,0.00387776,-1.26238,9,drone1
1.39851,0.272313,1.69913e-05,27.0916,1.43545,-0.71441,61.9229,-1.04898,0.966085,-1.13646,1.74369,0,7.46122,-0.930597,-2.2744,9,drone1
1.38865,0.2682,2.32382e-05,18.6143,1.37604,-0.498359,71.0194,-0.942753,1.01723,-1.00913,1.89825,0,0.989539,0.607962,-0.991275,9,drone1
1.3815,0.267044,1.58656e-05,8.619,1.2943,-0.21718,80.3442,-0.812037,0.99512,-1.01531,1.87828,0,3.29015,1.31946,-0.927525,9,drone1
1.37747,0.267202,6.83042e-06,-3.36005,1.15724,0.0731001,89.4967,-0.699196,1.01725,-1.01404,1.89277,0,1.55096,0.811287,-0.68826,9,drone1
1.37802,0.268419,9.34306e-06,-17.202,0.945216,0.305824,98.781,-0.578732,1.01683,-0.0522555,2.64235,0,2.86837,0.948763,-0.507397,12,drone1
1.38258,0.266995,1.02417e-05,-33.8328,0.666364,0.466596,108.897,-0.441691,0.991236,-1.3131,1.69871,0,11.1872,1.01959,-0.239726,9,drone1
1.39162,0.258874,1.01141e-05,-51.4333,0.362542,0.484026,119.249,-0.310987,0.944158,-1.3955,1.62228,0,13.5406,1.04312,-0.0810083,9,drone1
1.39955,0.246328,1.33331e-05,-67.0363,0.174718,0.34558,129.699,-0.175748,1.01231,-1.29365,1.59282,0,14.5082,-0.25564,-0.292692,9,drone1
1.40262,0.234781,1.35974e-05,-81.2742,-4.65697e-05,0.180642,140.094,-0.0647862,1.11185,-1.18316,1.57809,0,13.9581,-0.462281,-0.901065,9,drone1
1.40297,0.22264,1.19199e-05,-95.2858,-0.0225209,-0.0201542,151.687,0.111935,0.990226,-1.79487,1.18536,0,30.4658,0.810657,0.734024,9,drone1
1.39887,0.20633,1.06905e-05,-108.418,0.0536695,-0.229028,163.598,0.174461,0.722095,-1.72198,1.24631,0,29.0994,2.17212,1.12762,9,drone1
1.3925,0.192492,1.03902e-05,-119.89,0.202837,-0.392769,173.22,0.271696,0.62759,-1.83651,1.08088,0,33.936,0.16583,0.671036,9,drone1
1.38362,0.17976,2.56493e-06,-130.55,0.427238,-0.49571,179.751,0.33634,0.555186,-1.84403,1.03638,0,35.4041,-0.0914617,0.62948,9,drone1
1.37204,0.168146,8.11737e-06,-138.992,0.666306,-0.564231,174.719,0.297096,0.566425,-1.90217,0.903476,0,39.6752,-0.326571,0.526796,9,drone1
1.3642,0.162247,1.14263e-05,-143.576,0.86128,-0.61591,171.258,0.288493,0.587031,-2.05424,0.368758,0,55.3951,-0.526513,0.61393,9,drone1
1.35338,0.154288,1.9359e-05,-145.218,1.04959,-0.693256,168.594,0.297795,0.61721,-2.08221,0.0852418,0,63.3594,-0.652166,0.711079,9,drone1
1.34298,0.147291,1.05556e-05,-146.187,1.21497,-0.804434,166.298,0.322727,0.664458,-2.05984,-0.0384907,0,67.0404,-0.827411,0.773962,9,drone1
1.333,0.140805,1.74757e-05,-145.832,1.38041,-0.915789,164.556,0.358907,0.721045,-2.03991,-0.234085,0,72.5947,-0.896335,0.92689,9,drone1
1.32205,0.133225,2.08237e-05,-143.085,1.50383,-1.10524,167.098,0.454759,0.76484,-1.63055,1.06047,0,74.1357,-1.00404,1.03258,8,drone1
1.30843,0.122228,2.38139e-05,-138.928,1.59673,-1.36542,171.713,0.515045,0.790781,-1.38492,1.28117,0,66.2821,-0.641195,0.496786,8,drone1
1.29497,0.109533,3.87556e-05,-135.14,1.57542,-1.57857,174.329,0.652564,0.83277,-1.28821,1.42465,0,60.4043,-1.46055,0.949876,8,drone1
1.28235,0.0961428,1.77171e-05,-131.625,1.3186,-1.46785,179.162,0.823521,0.835078,-1.19405,1.53782,0,56.3005,-1.45717,0.962778,8,drone1
1.27002,0.0815155,3.13871e-05,-128.764,1.0372,-1.36229,-167.494,1.077,0.653658,-0.773545,1.71509,0,43.4326,-1.20268,0.796651,8,drone1
1.26202,0.0711425,1.58246e-05,-126.881,0.871942,-1.13072,-166.638,1.03858,0.646506,-0.692957,1.73321,0,40.0847,0.112905,0.657384,8,drone1
1.2728,0.0857815,1.11959e-05,-125.466,0.595147,-0.807756,-157.731,1.15433,0.470384,-0.130649,1.84861,0,23.9481,-0.56168,0.486497,8,drone1
1.28061,0.0972632,9.45061e-06,-125.05,0.361172,-0.485736,-147.369,1.20247,0.238498,0.19045,1.87957,0,13.5995,-0.057367,0.441749,8,drone1
1.28766,0.107335,4.11316e-06,-127.167,0.139562,-0.170734,-153.194,1.20654,0.281311,0.207405,1.8488,0,13.235,-0.827819,0.765955,8,drone1
1.2953,0.117211,6.9732e-06,-128.682,-0.0908078,0.135804,-143.875,1.14361,0.0740511,0.276355,1.84312,0,10.0364,0.700095,0.604067,8,drone1
1.30317,0.127099,9.28676e-06,-129.83,-0.335374,0.428453,-134.654,1.01957,-0.109522,0.510749,1.79189,0,2.18729,0.966687,0.726346,8,drone1
1.30384,0.12808,1.21799e-05,-134.735,-0.594707,0.628431,-126.41,0.845238,-0.245045,0.790544,1.69562,0,-7.57368,1.1396,0.950929,8,drone1
1.2924,0.117863,1.46487e-05,-142.848,-0.894853,0.6505,-124.597,0.672657,-0.246495,0.910085,1.62765,0,-11.9715,1.18718,1.14364,8,drone1
1.27795,0.108044,2.51865e-05,-150.481,-1.14585,0.694631,-122.341,0.582962,-0.211759,0.84361,1.58143,0,-9.69568,1.00433,0.286288,8,drone1
1.28057,0.109735,2.17515e-05,-156.726,-1.52221,0.682812,-119.255,0.6121,-0.130532,0.879729,1.42632,0,-12.3384,0.906891,-0.970143,8,drone1
1.29756,0.116352,2.40894e-05,-161.444,-1.95841,0.679077,-112.94,0.733621,0.0474579,0.777977,1.36565,0,-11.046,1.75051,-2.34555,8,drone1
1.30971,0.119312,4.92001e-05,-166.252,-2.18264,0.536729,-104.818,0.945665,0.247272,0.623486,1.41113,0,-8.69359,2.28659,-3.02821,8,drone1
1.31037,0.118437,1.69958e-05,-172.257,-1.8786,0.266255,-96.6062,1.21323,0.407936,0.538592,1.39246,0,-7.77504,2.58196,-2.94752,8,drone1
1.3165,0.118106,1.42907e-05,179.195,-1.58271,-0.0350849,-88.0348,1.41435,0.455759,0.366307,1.48561,0,-4.22392,2.29008,-1.70142,8,drone1
1.31993,0.118066,7.5802e-06,169.61,-1.24509,-0.223381,-79.4107,1.17007,0.191151,0.665156,1.74988,0,-3.76826,-0.571348,2.96563,8,drone1
1.31551,0.120259,8.8004e-06,157.732,-0.854164,-0.336549,-70.8901,0.948192,-0.00257313,0.680231,1.71537,0,-4.79466,-0.609536,2.31108,8,drone1
1.30541,0.125938,8.51959e-06,143.798,-0.450372,-0.310816,-62.0441,0.754618,-0.147435,0.583917,1.74968,0,-1.53842,-0.583546,1.72315,8,drone1
1.2953,0.13514,8.3105e-06,130.844,-0.125787,-0.120214,-53.006,0.59581,-0.17777,0.402824,1.78835,0,4.19444,0.166566,1.4992,8,drone1
1.28558,0.148614,1.19342e-05,119.571,0.0779937,0.185841,-48.0627,0.506266,-0.099302,0.269947,1.75941,0,4.54341,0.599072,1.31438,8,drone1
1.27896,0.163188,1.9383e-05,109.018,0.222115,0.528631,-42.4307,0.465295,-0.127946,0.0636901,1.82662,0,14.9416,-0.121142,0.299509,8,drone1
1.27484,0.179667,4.99368e-06,99.4389,0.151096,0.934295,-39.326,0.471604,-0.127742,-0.128662,1.8209,0,20.6796,0.121913,-0.0178828,8,drone1
1.27334,0.199318,1.02699e-05,90.7277,0.0077966,1.33151,-43.8858,0.529566,-0.0418281,-0.37411,1.78617,0,27.8007,0.457339,-0.176514,8,drone1
1.27362,0.211706,1.57229e-05,83.8676,-0.192936,1.67132,-44.4331,0.727029,0.0738398,-0.386685,1.73726,0,26.7543,1.78595,-1.11999,8,drone1
1.27667,0.229688,2.04729e-05,78.6227,-0.419897,2.01527,-45.808,0.813662,0.194654,-1.07701,1.48963,0,50.8753,0.689388,-0.68007,8,drone1
1.27249,0.213028,4.39024e-05,73.9465,-0.608799,2.15456,-45.8892,0.882496,0.298498,-0.880558,1.58849,-0.00067959,45.7872,0.651103,-0.587619,8,drone1
1.2679,0.197157,1.85816e-05,70.1998,-0.681282,1.92212,-46.3394,0.641324,0.273929,-0.957407,1.54262,0,53.4671,-1.7523,1.56637,8,drone1
1.26331,0.183427,1.86623e-05,68.7262,-0.6481,1.70782,-50.6552,0.0723892,0.00236009,-0.560746,1.72147,0,47.0149,-5.30593,3.34613,8,drone1
1.26276,0.179465,1.21055e-05,70.7291,-0.558845,1.57738,-54.9956,-0.49225,-0.541098,-0.461229,1.72327,0,46.8967,-6.84606,3.5304,8,drone1
1.26366,0.181542,4.05552e-05,74.4372,-0.354807,1.51998,-56.2412,-0.869228,-1.13137,-0.113758,1.7404,0,37.7516,-6.38935,2.29732,8,drone1
1.2678,0.19781,1.24015e-05,78.2464,-0.300906,1.49334,-53.8074,-1.08055,-1.51827,-0.151442,1.69101,0,37.1419,-4.11966,1.15661,8,drone1
1.27145,0.217063,1.13826e-05,81.7339,-0.224587,1.48862,-52.6809,-1.1729,-1.614,-0.0349561,1.67134,0,30.167,-1.06871,1.06553,8,drone1
1.27382,0.236087,3.03404e-05,84.7387,-0.0906229,1.49151,-52.6809,-1.1729,-1.614,0,0,0,0,0,0,-1,pipuck7
1.27384,0.236556,2.02194e-05,87.4657,-0.0899217,1.39678,-52.6809,-1.1729,-1.614,0,0,0,0,0,0,-1,pipuck7
1.2738,0.235693,7.62074e-06,90.0636,0.00560801,1.31269,-52.6809,-1.1729,-1.614,0,0,0,0,0,0,-1,pipuck7
1.27379,0.235829,2.32301e-05,92.5332,0.0915086,1.22938,-52.6809,-1.1729,-1.614,0,0,0,0,0,0,-1,pipuck7
1.2737,0.236499,5.2945e-06,94.8553,0.0956276,1.14929,-52.6809,-1.1729,-1.614,0,0,0,0,0,0,-1,pipuck7
1.27373,0.235857,1.15946e-05,96.9824,0.11478,1.06779,-52.6809,-1.1729,-1.614,0,0,0,0,0,0,-1,pipuck7
1.27352,0.235994,1.07928e-05,98.628,0.135711,0.995677,-52.6809,-1.1729,-1.614,0,0,0,0,0,0,-1,pipuck7
1.27334,0.236099,1.09278e-05,99.8207,0.144243,0.928817,-52.6809,-1.1729,-1.614,0,0,0,0,0,0,-1,pipuck7
1.2732,0.236175,1.10355e-05,100.65,0.145441,0.86672,-52.6809,-1.1729,-1.614,0,0,0,0,0,0,-1,pipuck7
1.27315,0.236184,1.65544e-05,101.252,0.131709,0.810825,-52.6809,-1.1729,-1.614,0,0,0,0,0,0,-1,pipuck7
1.27307,0.236226,1.38773e-05,101.688,0.131627,0.755705,-52.6809,-1.1729,-1.614,0,0,0,0,0,0,-1,pipuck7
1.27303,0.236353,2.26292e-05,101.983,0.18997,0.6919,-52.6809,-1.1729,-1.614,0,0,0,0,0,0,-1,pipuck7
1.27303,0.236469,1.62432e-05,102.346,0.172453,0.64804,-52.6809,-1.1729,-1.614,0,0,0,0,0,0,-1,pipuck7
1.27301,0.236522,1.21164e-05,102.68,0.159652,0.609814,-52.6809,-1.1729,-1.614,0,0,0,0,0,0,-1,pipuck7
1.27299,0.236578,1.09601e-05,102.966,0.152544,0.574061,-52.6809,-1.1729,-1.614,0,0,0,0,0,0,-1,pipuck7
1.27297,0.236516,1.16947e-06,103.203,0.127298,0.540982,-43.6818,-1.41092,-1.41069,0,0,0,0,0,0,-1,drone1
1.27132,0.246537,8.39643e-06,102.516,0.137773,0.552032,-34.6809,-1.61422,-1.17261,-0.0410126,0.00470657,0,0,0,0,-1,drone1
1.27441,0.236334,9.90427e-06,99.5342,0.0982845,0.473573,-23.4602,-1.57043,-0.748465,-0.37166,-0.668308,0,22.1607,2.44666,-0.307698,6,drone1
1.27494,0.236281,1.01181e-05,94.3171,0.0148775,0.452434,-13.937,-1.45767,-0.423398,-0.974234,0.0411195,0,13.9223,2.16997,-0.166478,3,drone1
1.27545,0.219827,7.64293e-06,88.7318,-0.0223281,0.343567,-3.97202,-1.31442,-0.132604,-0.498472,-0.566336,0,9.61708,1.95712,-0.0492367,6,drone1
1.27649,0.220343,8.02813e-06,81.4106,-0.0631146,0.313589,5.55407,-1.1519,0.0943473,-0.52396,-0.524608,0,5.23908,1.66287,0.0130667,6,drone1
1.27852,0.22306,8.5804e-06,70.4773,-0.11897,0.285473,14.8588,-0.974944,0.266973,-0.544347,-0.503054,0,3.03573,1.4711,0.0449043,6,drone1
1.28297,0.231034,1.47638e-06,56.6085,-0.182688,0.273044,24.3258,-0.791295,0.393625,-0.532734,-0.516529,0,4.66504,1.30345,0.0682608,6,drone1
1.2917,0.241229,1.31991e-05,42.2864,-0.284259,0.223396,34.2324,-0.604443,0.478648,-0.500125,-0.552751,0,9.06701,1.17859,0.0857612,6,drone1
1.30389,0.250252,1.8847e-05,29.2126,-0.334511,0.230683,41.8956,-0.446939,0.504562,-0.46807,-0.583485,0,13.4815,1.04804,0.150049,6,drone1
1.31949,0.257592,1.54336e-05,18.2093,-0.425507,0.171487,47.7206,-0.319167,0.490417,-0.423476,-0.616398,0,18.8917,0.98999,0.146585,6,drone1
1.33703,0.262324,1.53676e-05,9.09364,-0.507397,0.110938,53.3904,-0.204995,0.468869,-0.379206,-0.640835,0,24.0687,0.899882,0.207334,6,drone1
1.35584,0.264408,1.16545e-05,1.375,-0.584823,0.0353905,64.6083,-0.052268,0.456319,-0.352326,-0.64907,0,27.5135,0.822583,0.266747,6,drone1
1.36581,0.264037,1.04655e-05,-5.91158,-0.610501,-0.0443945,74.261,0.0760616,0.421212,-0.400855,-0.609995,0,24.0127,0.697203,0.353895,6,drone1
1.38157,0.261402,4.12142e-06,-13.1789,-0.653529,-0.158583,85.4257,0.19901,0.367063,-0.429032,-0.583502,0,21.646,0.561691,0.378593,6,drone1
1.37911,0.261238,7.23275e-06,-21.435,-0.599242,-0.248036,96.2007,0.303057,0.300551,-0.469989,-0.537151,0,17.7482,0.392406,0.424912,6,drone1
1.37615,0.262269,2.28143e-05,-32.8105,-0.544943,-0.299192,106.724,0.380958,0.224184,-0.492318,-0.518314,0,15.2298,0.244619,0.356088,6,drone1
1.3765,0.262072,1.60561e-05,-45.044,-0.449653,-0.407796,113.962,0.369642,-0.00158476,-0.534658,-0.542857,0,13.7854,1.87358,0.0309806,6,drone1
1.38656,0.25,5.8599e-06,-57.1905,-0.374093,-0.562148,125.071,0.385098,-0.0569588,-0.436728,-0.568538,0,21.0799,-0.0769714,0.209962,6,drone1
1.39319,0.237245,4.46717e-06,-68.817,-0.259082,-0.683812,134.022,0.400651,-0.0902364,-0.418917,-0.562492,0,22.1188,-0.212461,0.192599,6,drone1
1.39875,0.220499,7.32299e-06,-79.4099,-0.158794,-0.791466,138.582,0.426273,-0.0870139,-0.38337,-0.570077,0,24.7945,-0.306606,0.153798,6,drone1
1.4013,0.201443,1.07387e-05,-88.2505,-0.0438516,-0.894803,138.736,0.466103,-0.0468491,-0.309765,-0.593869,0,30.8278,-0.345967,0.178276,6,drone1
1.40092,0.183746,4.91645e-06,-95.9637,0.105853,-0.978655,137.181,0.575784,-0.145491,-0.247327,-0.598036,0,39.6808,0.682659,1.59868,6,drone1
1.39921,0.168565,9.56436e-06,-102.1,0.23505,-1.03954,133.943,0.630306,-0.0324137,-0.0889191,-0.63138,0,48.7862,-0.415391,0.155767,6,drone1
1.39724,0.156703,1.19435e-05,-105.508,0.318688,-1.08961,130.758,0.675925,0.0924891,0.0245986,-0.625438,0,58.1606,-0.350294,0.272679,6,drone1
1.39466,0.145094,1.3287e-05,-106.074,0.350662,-1.15417,128.232,0.710847,0.217471,0.103097,-0.608582,0,64.753,-0.258957,0.38981,6,drone1
1.39218,0.133839,1.56756e-05,-104.241,0.334689,-1.23308,126.049,0.703836,0.34557,0.147344,-0.625036,0,68.1742,-0.170568,0.192054,6,drone1
1.39105,0.124325,1.59241e-05,-99.9308,0.251667,-1.31874,123.867,0.723457,0.461526,0.152605,-0.581909,0,68.1903,-0.0930143,0.647676,6,drone1
1.38983,0.114005,1.754e-05,-94.3226,0.129142,-1.4118,121.472,0.734499,0.571501,0.135741,-0.578909,0,66.0587,0.00377048,0.751918,6,drone1
1.38964,0.102855,8.13107e-06,-88.5396,-0.0361684,-1.49608,119.036,0.741187,0.671056,0.108813,-0.576946,0,62.8407,0.0946053,0.860481,6,drone1
1.39079,0.0885106,1.97006e-05,-82.5996,-0.228737,-1.58091,117.949,0.714556,0.713391,0.030359,-0.580433,0,56.8266,0.43439,0.498002,6,drone1
1.3939,0.0717895,9.61115e-06,-76.6064,-0.397312,-1.6671,114.412,0.718639,0.797671,0.0392348,-0.565113,0,54.6309,0.221085,1.11379,6,drone1
1.39738,0.0588114,1.6251e-05,-69.9709,-0.612568,-1.7127,110.63,0.721079,0.878892,0.0226969,-0.551112,0,52.1682,0.299815,1.22418,6,drone1
1.40261,0.0465029,1.99803e-05,-62.0228,-0.891097,-1.71128,106.561,0.721313,0.954484,0.000956237,-0.539397,0,49.308,0.410267,1.32064,6,drone1
1.41016,0.0345197,2.23748e-05,-52.9844,-1.21983,-1.64697,102.105,0.719974,1.02218,-0.0307577,-0.525734,0,45.4195,0.540965,1.41194,6,drone1
1.42068,0.0228486,2.46117e-05,-43.4882,-1.57089,-1.51531,99.5851,0.762935,1.05334,-0.0686659,-0.508001,0,40.8285,0.69004,1.49606,6,drone1
1.43442,0.0116127,1.75687e-05,-35.0954,-1.7308,-1.22332,99.7834,0.870522,1.03513,-0.126162,-0.480619,0,33.8449,0.772426,1.55625,6,drone1
1.45003,0.00163219,1.93901e-05,-28.8718,-1.73532,-0.971795,103.157,1.02723,0.945465,-0.192297,-0.439228,0,25.257,0.79295,1.38842,6,drone1
1.46678,-0.00685203,3.49518e-05,-23.9189,-1.69095,-0.802087,108.486,1.19053,0.794249,-0.257435,-0.383399,0,15.6688,0.683056,1.13018,6,drone1
1.48231,-0.0135773,2.49076e-05,-19.8027,-1.63785,-0.621858,114.175,1.32532,0.612637,-0.31485,-0.313897,0,5.3963,0.490001,0.862895,6,drone1
1.49621,-0.0186367,1.98395e-05,-17.6711,-1.54842,-0.517082,120.441,1.42782,0.395236,-0.355806,-0.240798,0,-4.39868,0.357848,0.608301,6,drone1
1.5105,-0.0236456,1.71531e-05,-17.5299,-1.44549,-0.477219,126.521,1.48569,0.171646,-0.379147,-0.17388,0,-12.7881,0.221638,0.346319,6,drone1
1.52374,-0.0282459,1.53029e-05,-19.3293,-1.32878,-0.485938,132.219,1.50152,-0.0406287,-0.386365,-0.119951,0,-19.0013,0.106607,0.101539,6,drone1
1.53509,-0.0327583,1.47492e-05,-23.1122,-1.19592,-0.530606,137.41,1.48206,-0.227912,-0.384238,-0.0830656,0,-22.8937,0.0217882,-0.121815,6,drone1
1.54733,-0.0388208,1.39794e-05,-29.0028,-1.05439,-0.605756,141.923,1.43713,-0.378073,-0.377377,-0.0651664,0,-24.2973,-0.0309444,-0.316546,6,drone1
1.56143,-0.0477943,1.33991e-05,-35.6422,-0.91843,-0.681338,145.514,1.38041,-0.480628,-0.365344,-0.0653557,0,-22.9171,-0.0629863,-0.466264,6,drone1
1.57463,-0.0583898,1.29054e-05,-41.9564,-0.789382,-0.734503,148.245,1.32301,-0.539402,-0.348113,-0.0745227,0,-19.867,-0.0807696,-0.563545,6,drone1
1.58701,-0.0706303,1.2478e-05,-47.2306,-0.67946,-0.761615,150.224,1.27032,-0.562477,-0.328898,-0.0864641,0,-16.2827,-0.0799886,-0.621548,6,drone1
1.5985,-0.0840368,1.93644e-05,-51.6093,-0.62606,-0.736938,151.601,1.22388,-0.559805,-0.308672,-0.095938,0,-12.9864,-0.0673376,-0.646816,6,drone1
1.6099,-0.0992928,1.34474e-05,-55.2207,-0.544528,-0.746154,152.489,1.18283,-0.543961,-0.288037,-0.102988,0,-9.98516,-0.0207448,-0.604602,6,drone1
1.62069,-0.115417,1.15976e-05,-57.7329,-0.489321,-0.740705,152.985,1.14735,-0.513927,-0.266245,-0.107186,0,-7.26261,-0.00882653,-0.601995,6,drone1
1.631,-0.132149,1.11303e-05,-59.4404,-0.451432,-0.729729,153.212,1.11576,-0.476744,-0.245268,-0.10723,0,-5.24632,0.00806774,-0.578543,6,drone1
1.64098,-0.149289,1.10482e-05,-60.5515,-0.425468,-0.717375,153.262,1.08689,-0.436735,-0.225045,-0.104344,0,-3.76636,0.0245547,-0.545038,6,drone1
1.65072,-0.166663,1.10324e-05,-61.24,-0.407806,-0.705661,153.201,1.05998,-0.396626,-0.205485,-0.0993434,0,-2.70539,0.0383765,-0.507047,6,drone1
1.66059,-0.184335,2.03615e-05,-61.6715,-0.347182,-0.722339,153.078,1.03465,-0.358053,-0.186476,-0.0928841,0,-1.95717,0.0487536,-0.467602,6,drone1
1.66959,-0.201351,1.38651e-05,-61.9202,-0.349569,-0.706131,152.931,1.01083,-0.316467,-0.167658,-0.0852613,0,-1.40272,0.03022,-0.477464,6,drone1
1.67897,-0.218988,1.15774e-05,-62.0062,-0.34981,-0.699374,152.756,0.988291,-0.279248,-0.149897,-0.0777118,0,-1.00771,0.0442357,-0.423841,6,drone1
1.68833,-0.236617,1.09479e-05,-61.9945,-0.350202,-0.6971,152.575,0.967435,-0.24574,-0.131786,-0.0692521,0,-0.747248,0.0471759,-0.379174,6,drone1
1.69771,-0.254231,1.08641e-05,-61.9228,-0.352268,-0.698489,152.396,0.948425,-0.215539,-0.11386,-0.0604567,0,-0.578457,0.0451041,-0.339706,6,drone1
1.70712,-0.271826,1.09248e-05,-61.8195,-0.356395,-0.70333,152.223,0.931452,-0.188358,-0.0960561,-0.0514358,0,-0.472034,0.0393794,-0.303098,6,drone1
1.71656,-0.289403,1.10143e-05,-61.7015,-0.36261,-0.711607,153.706,0.930357,-0.191594,-0.0778378,-0.0273736,0,-0.665818,-0.139263,-0.174349,6,drone1
1.72435,-0.303718,1.10563e-05,-61.9563,-0.35755,-0.709916,153.413,0.91692,-0.167222,-0.0615835,-0.0312322,0,-2.00392,0.0260397,-0.265512,6,drone1
1.73061,-0.315877,1.10159e-05,-62.3744,-0.346652,-0.701707,153.154,0.90435,-0.145029,-0.0467751,-0.0243963,0,-1.45656,0.0268324,-0.239646,6,drone1
1.73541,-0.325143,1.08773e-05,-62.3964,-0.335173,-0.680327,152.901,0.891819,-0.124157,-0.0342415,-0.0188613,0,-0.779626,0.0352929,-0.219852,6,drone1
1.73899,-0.332007,1.07027e-05,-62.2896,-0.320687,-0.64966,154.831,0.879714,-0.159638,-0.0374076,-0.00154316,0,-0.835548,0.0835934,0.00508083,6,drone1
1.74252,-0.338254,1.05805e-05,-63.0053,-0.297294,-0.623822,154.399,0.86415,-0.137099,-0.0183297,-0.0101445,0,-2.54069,0.0659088,-0.246157,6,drone1
1.74406,-0.341767,1.03294e-05,-63.8412,-0.26797,-0.586746,154.087,0.846538,-0.117056,-0.0117972,-0.00714108,0,-1.39272,0.0896698,-0.234128,6,drone1
1.74515,-0.344146,1.01432e-05,-63.927,-0.245353,-0.542777,153.842,0.82599,-0.0985297,-0.00814015,-0.00585594,0,-0.244867,0.122465,-0.228907,6,drone1
1.74598,-0.345884,9.22316e-06,-63.8021,-0.225682,-0.496497,153.85,0.802078,-0.0851561,-0.00573707,-0.00481079,0,0.0854009,0.155521,-0.225544,6,drone1
1.7458,-0.345849,3.29247e-06,-63.5958,-0.212816,-0.440192,153.845,0.775543,-0.0732443,-0.00401871,-0.00397349,0,-0.0477671,0.185788,-0.223793,6,drone1
1.74577,-0.34585,5.15824e-06,-63.3981,-0.202635,-0.384082,153.82,0.746047,-0.0636345,-0.00408017,-0.00414224,0,-0.249132,0.222823,-0.215831,6,drone1
1.74591,-0.346124,4.82242e-06,-63.3029,-0.169692,-0.343323,153.778,0.714025,-0.056374,-0.00410257,-0.00416112,0,-0.42187,0.256022,-0.205581,6,drone1
1.74588,-0.346029,5.85948e-06,-63.1797,-0.139789,-0.301139,153.73,0.680087,-0.0486366,-0.00383934,-0.00402717,0,-0.474565,0.271084,-0.218352,6,drone1
1.74588,-0.346019,7.77049e-06,-63.1067,-0.114558,-0.259432,153.675,0.64443,-0.0407996,-0.00394833,-0.00406156,0,-0.55005,0.286048,-0.226856,6,drone1
1.74587,-0.346001,8.73523e-06,-63.0527,-0.0922684,-0.219643,153.618,0.607472,-0.033331,-0.00396852,-0.00406484,0,-0.567807,0.299152,-0.229494,6,drone1
1.74586,-0.345983,9.17749e-06,-63.0042,-0.0723288,-0.182293,153.562,0.569648,-0.0263966,-0.00399408,-0.00407719,0,-0.564829,0.309055,-0.22882,6,drone1
1.74585,-0.345966,9.36055e-06,-62.9591,-0.0542649,-0.147576,153.506,0.531367,-0.0200557,-0.00401902,-0.00408995,0,-0.556736,0.315532,-0.225838,6,drone1
1.74584,-0.34595,9.42601e-06,-62.9168,-0.0378073,-0.115573,153.451,0.492995,-0.0143065,-0.0040425,-0.00410214,0,-0.546106,0.318729,-0.221268,6,drone1
1.74584,-0.345934,9.44305e-06,-62.8772,-0.022824,-0.0863132,153.398,0.454856,-0.00911797,-0.00406446,-0.00411365,0,-0.533654,0.318894,-0.215546,6,drone1
1.74583,-0.345919,9.44288e-06,-62.8399,-0.0092616,-0.059815,153.346,0.417237,-0.00444749,-0.00408502,-0.00412454,0,-0.519865,0.3163,-0.208922,6,drone1
1.74582,-0.345905,9.43836e-06,-62.8046,0.00288927,-0.0361036,153.295,0.380399,-0.000249491,-0.00410431,-0.00413483,0,-0.505151,0.311203,-0.201543,6,drone1
1.74582,-0.345891,9.43399e-06,-62.7712,0.0136115,-0.0152204,153.246,0.344576,0.00352025,-0.00412243,-0.00414454,0,-0.489864,0.303828,-0.193497,6,drone1
1.74581,-0.345876,4.21743e-06,-62.7392,-0.00177556,0.0153517,154.923,0.305123,-0.0500525,-0.0229422,0.00354189,0,-0.568654,0.545211,0.210291,6,drone1
1.74726,-0.34893,7.92775e-06,-62.9241,-0.00631106,0.0228585,154.705,0.272551,-0.04365,-0.00428265,-0.00403099,0,-2.1834,0.27119,-0.191408,6,drone1
1.74731,-0.348926,9.58915e-06,-63.3551,-2.53478e-06,0.0431892,154.527,0.242737,-0.0387689,-0.00115832,-0.00271159,0,-1.78029,0.251059,-0.168018,6,drone1
1.74736,-0.348957,9.64142e-06,-63.4652,0.00912509,0.0618422,153.002,0.222805,0.00144168,-0.00160639,-0.0126341,0,-1.47554,0.0444261,-0.399101,6,drone1
1.74825,-0.350361,9.38979e-06,-62.9561,0.0160634,0.0731334,153.048,0.193725,0.000953741,-0.00103291,-0.00265699,0,0.463503,0.26085,-0.12861,6,drone1
1.74806,-0.350224,9.22193e-06,-62.348,0.0272711,0.0920872,153.039,0.166233,0.000684106,0.000344289,-0.00175628,0,-0.0919715,0.246375,-0.122025,6,drone1
1.74799,-0.350188,9.1183e-06,-62.2087,0.0377034,0.110877,150.318,0.13574,0.0597143,0.0107137,-0.01842,0,0.136361,0.0375049,-0.592762,6,drone1
1.74836,-0.35026,9.0688e-06,-61.0795,0.0498001,0.127795,150.507,0.109793,0.0532102,0.000232494,-0.00200961,0,1.89048,0.25653,-0.0757953,6,drone1
1.74799,-0.350009,9.11148e-06,-59.8494,0.0640789,0.146655,150.565,0.0843104,0.0476226,0.000251417,-0.00164606,0,0.572235,0.248962,-0.0779363,6,drone1
1.74788,-0.349937,9.1081e-06,-59.6211,0.0761158,0.165821,150.493,0.0589814,0.0428254,-4.52949e-05,-0.00202678,0,-0.715083,0.244627,-0.0813247,6,drone1
1.74786,-0.349928,9.13057e-06,-59.5869,0.087689,0.185299,150.406,0.0339199,0.0385384,-0.000128634,-0.00213842,0,-0.871915,0.239806,-0.084484,6,drone1
1.74786,-0.349929,9.16264e-06,-59.5822,0.0994126,0.205233,150.324,0.00910201,0.0346678,-0.000140059,-0.00215881,0,-0.818933,0.235483,-0.0873935,6,drone1
1.74777,-0.349792,9.91466e-06,-59.5834,0.144393,0.207126,149.191,-0.0041092,0.0551927,0.0106219,-0.00340671,0,-0.77103,0.00984392,-0.239108,6,drone1
1.7468,-0.348285,7.47732e-06,-59.4525,0.156889,0.237142,151.029,-0.0395426,-0.0363158,-0.0215187,0.00356732,0,0.277032,0.789831,0.594686,6,drone1
1.74896,-0.351496,8.11843e-06,-59.8931,0.158966,0.242533,150.871,-0.0648917,-0.0292751,-0.00185147,-0.00318006,0,-1.57655,0.18993,-0.182036,6,drone1
1.74869,-0.351279,8.70969e-06,-60.6776,0.169306,0.266802,150.773,-0.0882911,-0.0229395,0.00142776,-0.00109981,0,-0.978421,0.174853,-0.167905,6,drone1
1.74862,-0.351229,9.1149e-06,-60.8319,0.181885,0.289634,150.764,-0.111972,-0.0172788,0.00122206,-0.00134478,0,-0.0960913,0.17915,-0.164893,6,drone1
1.74861,-0.351218,9.34004e-06,-60.8592,0.195084,0.312961,150.771,-0.135893,-0.0121434,0.00117178,-0.00141268,0,0.0677889,0.183572,-0.161743,6,drone1
1.74861,-0.351214,9.47513e-06,-60.8644,0.208724,0.337224,150.779,-0.160105,-0.00749433,0.00115664,-0.00142574,0,0.08821,0.188479,-0.158931,6,drone1
1.74861,-0.351212,9.57537e-06,-60.8658,0.222873,0.362532,150.788,-0.184683,-0.00329871,0.0011475,-0.00142917,0,0.0845441,0.193917,-0.156729,6,drone1
1.74861,-0.351209,9.66821e-06,-60.8665,0.237609,0.388953,150.498,-0.294231,0.00931103,-0.0235663,-0.0159271,0,0.191869,0.888955,-0.654834,6,drone1
1.75138,-0.356217,9.67283e-06,-60.7379,0.240447,0.391956,154.695,-0.396959,-0.149069,-0.0699435,-0.00206981,0,0.00882121,1.7928,1.05237,6,drone1
1.75676,-0.365676,9.64314e-06,-62.1656,0.220689,0.378772,158.678,-0.556132,-0.326132,-0.0908054,-0.00861508,0,-0.0486248,2.2299,1.2143,6,drone1
1.76453,-0.380997,9.49977e-06,-64.998,0.180899,0.34481,157.854,-0.542434,-0.292273,0.0162563,0.00490539,0,-6.5166,-0.232408,-0.296813,6,drone1
1.76293,-0.377909,1.09493e-05,-67.3721,0.189781,0.401086,157.577,-0.52728,-0.259771,0.0316066,0.0129365,0,-2.85997,-0.25743,-0.248783,6,drone1
1.76003,-0.371343,1.02629e-05,-68.2518,0.209234,0.473212,157.711,-0.520345,-0.22857,0.0278691,0.0127972,0,-0.209003,-0.183742,-0.246465,6,drone1
1.75771,-0.365606,1.01997e-05,-68.6132,0.231505,0.540776,157.946,-0.521653,-0.200429,0.0211472,0.0101919,0,0.537105,-0.0960685,-0.246949,6,drone1
1.756,-0.361244,1.03755e-05,-68.8493,0.252744,0.602873,155.685,-0.397267,-0.11068,0.0740668,0.010541,0,0.555809,-1.49213,-0.584381,6,drone1
1.75064,-0.347396,1.04938e-05,-68.7347,0.295684,0.710211,156.2,-0.424435,-0.0953378,0.0107714,0.00656369,0,3.16146,0.180705,-0.242079,6,drone1
1.74988,-0.345192,1.11771e-05,-68.7081,0.317031,0.763524,156.676,-0.484096,-0.130756,-0.0146076,-0.00456015,0,2.54866,0.693957,0.0858759,6,drone1
1.75105,-0.348126,1.13284e-05,-68.8531,0.327266,0.795961,156.879,-0.519459,-0.114711,-0.00496016,-0.000344929,0,2.02818,0.256583,-0.291455,6,drone1
1.751,-0.348054,1.1652e-05,-68.9737,0.344335,0.845268,157.085,-0.617125,-0.106181,-0.0195271,-0.00833599,0,2.05662,0.857111,-0.47583,6,drone1
1.75254,-0.35208,1.18719e-05,-69.0189,0.355789,0.877039,157.273,-0.647772,-0.0925008,-0.00215574,0.000872164,0,1.88464,0.225347,-0.248677,6,drone1
1.7525,-0.352004,1.22541e-05,-69.0376,0.376214,0.931104,157.447,-0.678722,-0.0801659,0.00181579,0.00254198,0,1.74101,0.2346,-0.236559,6,drone1
1.7525,-0.352001,1.26623e-05,-69.0454,0.397724,0.987616,157.606,-0.712358,-0.0690693,0.00173506,0.00249437,0,1.58524,0.265171,-0.234789,6,drone1
1.7525,-0.351998,1.31161e-05,-69.049,0.420453,1.04714,157.749,-0.748688,-0.0590869,0.00172529,0.00248663,0,1.43404,0.295255,-0.234033,6,drone1
1.7525,-0.351996,1.36218e-05,-69.0511,0.444435,1.10987,157.879,-0.787779,-0.0501072,0.00171472,0.00248071,0,1.29377,0.325425,-0.234436,6,drone1
1.7525,-0.351994,1.41861e-05,-69.0527,0.469731,1.17601,157.996,-0.829707,-0.0420311,0.0017029,0.00247594,0,1.16596,0.355864,-0.235963,6,drone1
1.7525,-0.351992,1.48163e-05,-69.0542,0.496413,1.24577,158.101,-0.874566,-0.0347702,0.00168961,0.00247205,0,1.05032,0.38675,-0.238585,6,drone1
1.7525,-0.35199,1.55202e-05,-69.0556,0.524561,1.31936,158.195,-0.92246,-0.0282458,0.00167471,0.00246896,0,0.946008,0.418255,-0.242276,6,drone1
1.7525,-0.351988,1.63065e-05,-69.057,0.554261,1.39702,158.28,-0.973507,-0.0223874,0.00165815,0.00246667,0,0.852026,0.450544,-0.247016,6,drone1
1.7525,-0.351986,1.71849e-05,-69.0586,0.585604,1.47897,158.357,-1.02784,-0.0171324,0.00163984,0.00246521,0,0.76739,0.48378,-0.252793,6,drone1
1.7525,-0.351984,1.81661e-05,-69.0602,0.618686,1.56548,158.426,-1.0856,-0.0124251,0.0016197,0.00246464,0,0.691179,0.518124,-0.259596,6,drone1
1.7525,-0.351981,1.92622e-05,-69.0619,0.653608,1.65681,158.488,-1.14695,-0.0082161,0.00159766,0.00246504,0,0.622555,0.553734,-0.267425,6,drone1
1.7525,-0.351979,2.04866e-05,-69.0637,0.690478,1.75325,158.544,-1.21206,-0.00446154,0.00157358,0.00246651,0,0.560755,0.59077,-0.27628,6,drone1
1.75251,-0.351977,2.18544e-05,-69.0657,0.729408,1.85508,158.595,-1.28112,-0.0011229,0.00154735,0.00246918,0,0.505093,0.629393,-0.28617,6,drone1
1.75251,-0.351975,2.33824e-05,-69.0678,0.770517,1.96263,158.64,-1.35433,0.0018336,0.00151882,0.00247319,0,0.454949,0.669765,-0.297107,6,drone1
1.75251,-0.351974,3.12411e-05,-69.0701,0.814734,2.04088,157.784,-1.3593,0.0753438,0.0250305,0.00234158,0,0.327073,-0.299243,-0.898417,6,drone1
1.75056,-0.347327,2.54503e-05,-68.7822,0.777388,1.93821,157.91,-1.44543,0.0712502,0.00142342,0.00250791,0,1.26853,0.809953,-0.295876,6,drone1
1.75069,-0.347462,2.26208e-05,-68.4151,0.738305,1.80908,157.995,-1.5123,0.0670069,-0.00316981,0.000509003,0,0.853529,0.634041,-0.216387,6,drone1
1.75074,-0.347486,2.03834e-05,-68.2799,0.694643,1.69096,163.266,-1.42164,0.128779,0.015632,0.0497947,0,0.912613,-0.439054,0.986811,6,drone1
1.74919,-0.341574,1.89765e-05,-69.8418,0.616529,1.62501,162.766,-1.46584,0.12035,-0.00290566,0.00104792,0,-5.00396,0.448941,-0.0289587,6,drone1
1.74875,-0.341386,1.75873e-05,-71.9812,0.520577,1.541,162.471,-1.49679,0.111632,-0.00892933,-0.000254722,0,-2.94187,0.321422,-0.00100446,6,drone1
1.74849,-0.341238,1.65054e-05,-72.9529,0.463617,1.44951,162.42,-1.51368,0.103105,-0.00910855,-0.00102641,0,-0.508356,0.186644,0.031148,6,drone1
1.74838,-0.341169,1.55544e-05,-73.4222,0.423501,1.35857,162.471,-1.51879,0.095263,-0.0092429,-0.00139766,0,0.513306,0.0726719,0.058986,6,drone1
1.74832,-0.341135,1.47209e-05,-73.6565,0.39171,1.27092,162.564,-1.51402,0.0881376,-0.00931174,-0.00153549,0,0.929838,-0.0235134,0.0824879,6,drone1
1.74829,-0.341117,1.39892e-05,-73.7755,0.364531,1.18745,162.671,-1.50099,0.0816419,-0.00935842,-0.0015646,0,1.06935,-0.103922,0.101843,6,drone1
1.74828,-0.341107,1.33461e-05,-73.8365,0.340222,1.10837,162.779,-1.48118,0.0756663,-0.00939826,-0.00153853,0,1.07914,-0.170352,0.117486,6,drone1
1.74827,-0.341101,1.27805e-05,-73.8681,0.317924,1.0336,162.881,-1.45586,0.0701058,-0.00943798,-0.00148194,0,1.02951,-0.224394,0.12989,6,drone1
1.74826,-0.341097,1.2283e-05,-73.8845,0.297186,0.962967,162.977,-1.42615,0.0648666,-0.0094811,-0.00140634,0,0.954865,-0.267448,0.139506,6,drone1
1.74826,-0.341094,1.18455e-05,-73.8933,0.277754,0.896245,163.064,-1.39306,0.0598656,-0.0095298,-0.00131682,0,0.872053,-0.300742,0.146735,6,drone1
1.74826,-0.341092,1.14608e-05,-73.898,0.259467,0.833194,163.143,-1.35748,0.0550279,-0.00958565,-0.00121522,0,0.789178,-0.32535,0.151934,6,drone1
1.74826,-0.34109,1.11228e-05,-73.9008,0.242213,0.773577,163.213,-1.3202,0.0502843,-0.00965,-0.00110164,0,0.709942,-0.342201,0.155415,6,drone1
1.74826,-0.341088,1.08259e-05,-73.9025,0.225904,0.717162,163.277,-1.28192,0.0455691,-0.00972413,-0.000975226,0,0.635832,-0.352094,0.157448,6,drone1
1.74826,-0.341086,1.05654e-05,-73.9037,0.210466,0.66373,163.333,-1.24327,0.0408179,-0.00980936,-0.000834559,0,0.567239,-0.355708,0.15827,6,drone1
1.74826,-0.341084,1.03368e-05,-73.9047,0.195834,0.61307,163.384,-1.20484,0.0359663,-0.00990708,-0.000677836,0,0.50402,-0.353614,0.158086,6,drone1
1.74826,-0.341083,1.01364e-05,-73.9055,0.181948,0.564983,163.734,-1.16694,0.0373886,-0.0100188,-0.000502989,0,0.44579,-0.346281,0.157073,6,drone1
1.74887,-0.343008,9.92426e-06,-73.9823,0.165376,0.510165,164.077,-1.13026,0.0382053,-0.0101474,-0.000253963,0,0.085859,-0.332908,0.159721,6,drone1
1.74944,-0.344904,9.74334e-06,-74.1735,0.148699,0.457898,164.058,-1.09457,0.0312778,-0.0083615,0.000605022,0,-0.191071,-0.324486,0.164043,6,drone1
1.74939,-0.344848,9.61828e-06,-74.3483,0.1357,0.416925,164.058,-1.06011,0.0242701,-0.00662823,0.00138839,0,0.00653765,-0.312065,0.16203,6,drone1
1.74937,-0.344835,9.50724e-06,-74.4412,0.123939,0.37733,164.075,-1.02837,0.01707,-0.00687023,0.00158405,0,0.166396,-0.285251,0.156783,6,drone1
1.74935,-0.344827,9.41039e-06,-74.4909,0.113015,0.339254,164.097,-0.999687,0.00950893,-0.00709072,0.00184898,0,0.226687,-0.254803,0.151853,6,drone1
1.74935,-0.344822,9.32688e-06,-74.5178,0.102694,0.302622,164.12,-0.974424,0.00145004,-0.00732817,0.00216182,0,0.235964,-0.220614,0.147127,6,drone1
1.74935,-0.344818,9.25543e-06,-74.5325,0.0928424,0.267327,164.142,-0.952929,-0.00722767,-0.00758637,0.00251578,0,0.219643,-0.182757,0.142582,6,drone1
1.74934,-0.344816,9.19478e-06,-74.5407,0.0833764,0.233253,164.161,-0.935543,-0.0166368,-0.00786694,0.00290647,0,0.191017,-0.141331,0.138218,6,drone1
1.74934,-0.344814,9.14383e-06,-74.5455,0.0742382,0.200277,164.177,-0.922588,-0.0268841,-0.00816972,0.00332971,0,0.157112,-0.0965008,0.134047,6,drone1
1.74934,-0.344812,9.10166e-06,-74.5484,0.0653824,0.168281,164.189,-0.914362,-0.0380699,-0.00849267,0.00378007,0,0.12171,-0.0485247,0.130083,6,drone1
1.74934,-0.34481,9.06748e-06,-74.5503,0.0567708,0.137145,164.197,-0.911123,-0.0502852,-0.00883179,0.00424998,0,0.0869579,0.00220746,0.126339,6,drone1
1.74934,-0.344808,9.04064e-06,-74.5517,0.0483686,0.106755,165.109,-0.913759,-0.0491922,-0.00918085,0.00472902,0,0.0542006,0.0551466,0.122823,6,drone1
1.7499,-0.346349,9.01207e-06,-74.7697,0.0377736,0.0695541,165.997,-0.92182,-0.0494916,-0.00944708,0.00534979,0,-0.881542,0.110714,0.135357,6,drone1
1.75039,-0.347878,8.99516e-06,-75.3106,0.0274184,0.0329398,166.896,-0.934677,-0.0505172,-0.00815887,0.00644233,0,-1.57637,0.158783,0.147808,6,drone1
1.75077,-0.349116,8.99055e-06,-76.0535,0.0182141,-0.00204399,167.823,-0.952475,-0.0517628,-0.00688236,0.00736898,0,-1.95739,0.206831,0.155402,6,drone1
1.75105,-0.35009,8.99424e-06,-76.9328,0.0103648,-0.0357109,168.783,-0.975355,-0.0527649,-0.00588124,0.00809602,0,-2.16112,0.255201,0.159077,6,drone1
1.75125,-0.350868,9.00508e-06,-77.9084,0.00390232,-0.0685276,169.777,-1.00337,-0.053098,-0.00512103,0.00865841,0,-2.25847,0.303408,0.159761,6,drone1
1.75141,-0.351507,9.02269e-06,-78.9546,-0.00117844,-0.100878,170.802,-1.03654,-0.0523535,-0.00453635,0.00909932,0,-2.29005,0.351373,0.158153,6,drone1
1.75153,-0.35205,9.047e-06,-80.0536,-0.00488574,-0.133057,174.686,-1.02857,-0.0223386,-0.00368932,0.0320686,0,-2.5986,-0.0300504,0.45888,6,drone1
1.75183,-0.351871,9.06005e-06,-81.6343,-0.00555332,-0.16244,175.482,-1.07668,-0.0210106,-0.00318027,0.00988973,0,-5.0748,0.487425,0.195129,6,drone1
1.75182,-0.352255,9.10949e-06,-83.4984,-0.00393705,-0.194955,175.093,-1.05227,0.00197623,0.0321056,0.00304038,0,-4.53245,-0.253593,-0.206881,6,drone1
1.75102,-0.345601,9.11975e-06,-85.078,0.00156051,-0.193874,176.245,-1.11704,0.0082685,-0.00371276,0.0102749,0,-2.05227,0.661582,0.140552,6,drone1
1.75107,-0.346247,9.15776e-06,-86.475,0.00414536,-0.228211,177.414,-1.18914,0.0188163,-0.0105651,0.00969484,0,-1.62953,0.732354,0.115765,6,drone1
1.75116,-0.348215,9.22313e-06,-87.8489,0.00806058,-0.269394,178.588,-1.2647,0.0335095,-0.0100761,0.00978219,0,-1.40648,0.766166,0.0997482,6,drone1
1.75121,-0.350104,9.3013e-06,-89.2012,0.0138359,-0.310767,-178.427,-1.29898,0.0556793,-0.00121667,0.0240668,0,-1.10496,0.385302,0.454801,6,drone1
1.75121,-0.350234,9.37178e-06,-90.6837,0.0222738,-0.344277,-177.431,-1.33433,0.0787225,-0.0061382,0.0101307,0,-2.844,0.364354,0.0778926,6,drone1
1.75118,-0.351486,9.46582e-06,-92.2507,0.0332625,-0.383869,-176.403,-1.34874,0.104723,-0.00613729,0.0101211,0,-2.35897,0.160936,0.0445628,6,drone1
1.75112,-0.352754,9.57498e-06,-93.7538,0.0460364,-0.424243,-175.337,-1.34424,0.132482,-0.00500217,0.0100442,0,-1.82203,-0.0210642,0.0144671,6,drone1
1.75104,-0.353828,9.69608e-06,-95.198,0.0604929,-0.464472,-174.24,-1.32323,0.160747,-0.00381173,0.00995735,0,-1.38627,-0.178964,-0.00949216,6,drone1
1.75096,-0.3547,9.82942e-06,-96.5877,0.0765626,-0.50462,-173.117,-1.28795,0.188536,-0.00278384,0.00987318,0,-1.04047,-0.314595,-0.0292019,6,drone1
1.75088,-0.355405,9.97633e-06,-97.9281,0.0942321,-0.54495,-173.194,-1.24465,0.187674,-0.00193087,0.00979396,0,-0.774521,-0.430618,-0.0459612,6,drone1
1.75103,-0.355296,1.01227e-05,-99.0563,0.111269,-0.582701,-173.13,-1.19094,0.189305,-0.00143089,0.00970185,0,0.641989,-0.531789,-0.0771587,6,drone1
1.75115,-0.355223,1.02928e-05,-99.8619,0.126656,-0.622476,-172.959,-1.12871,0.192377,-0.00168256,0.00983464,0,1.70497,-0.615463,-0.0966961,6,drone1
1.75123,-0.355171,1.04831e-05,-100.421,0.140671,-0.664406,-171.486,-1.05471,0.220073,-0.00182302,0.00993888,0,2.33928,-0.687482,-0.105804,6,drone1
1.75102,-0.355808,1.07124e-05,-101.008,0.156918,-0.711412,-170.098,-0.974356,0.242625,-0.00166936,0.0100483,0,1.42462,-0.745948,-0.10003,6,drone1
1.75082,-0.35644,1.09626e-05,-101.803,0.177332,-0.759671,-170.036,-0.893895,0.239121,-0.000839418,0.00987089,0,0.623501,-0.799144,-0.0999443,6,drone1
1.75095,-0.356358,1.12207e-05,-102.511,0.19759,-0.80652,-168.311,-0.917866,0.21364,-0.0402343,0.0201514,0,0.689692,0.222571,0.557262,6,drone1
1.74883,-0.364958,1.17718e-05,-103.282,0.230449,-0.89698,-168.277,-0.817746,0.212142,-0.000208855,0.00990393,0,0.333546,-0.983954,-0.185606,6,drone1
1.74902,-0.36473,1.20994e-05,-104.041,0.255586,-0.947035,-166.935,-0.7065,0.228527,0.00831259,0.00809581,0,1.06655,-1.04637,-0.195836,6,drone1
1.74925,-0.363479,1.24429e-05,-104.754,0.280809,-0.994877,-165.611,-0.594222,0.240331,0.00814184,0.00830414,0,0.475969,-1.0518,-0.200276,6,drone1
1.74949,-0.362323,1.2833e-05,-105.694,0.312376,-1.04451,-164.336,-0.482005,0.247454,0.00693119,0.00857748,0,-0.14302,-1.04832,-0.206343,6,drone1
1.7497,-0.361444,1.32747e-05,-106.78,0.349786,-1.09694,-163.077,-0.370023,0.250793,0.00575627,0.00895048,0,-0.487819,-1.04244,-0.217634,6,drone1
1.74985,-0.360838,1.3778e-05,-107.958,0.392613,-1.1523,-161.816,-0.258335,0.250914,0.00481323,0.00934141,0,-0.671022,-1.03526,-0.233037,6,drone1
1.74995,-0.360465,1.43502e-05,-109.196,0.440707,-1.21044,-160.542,-0.146979,0.248186,0.00411156,0.00971239,0,-0.767095,-1.02697,-0.251868,6,drone1
1.74999,-0.360282,1.49978e-05,-110.476,0.49412,-1.27119,-159.251,-0.0359797,0.242884,0.00361864,0.0100488,0,-0.817027,-1.01763,-0.273787,6,drone1
1.74998,-0.360248,1.57282e-05,-111.789,0.553037,-1.33434,-157.941,0.0746585,0.235243,0.00329615,0.0103456,0,-0.842159,-1.00729,-0.298646,6,drone1
1.74993,-0.360332,1.65498e-05,-113.129,0.617725,-1.39969,-156.613,0.184961,0.225482,0.00310969,0.0106018,0,-0.853085,-0.996049,-0.326402,6,drone1
1.74983,-0.360508,1.74722e-05,-114.494,0.688499,-1.46706,-154.293,0.253659,0.172836,0.0170184,0.012831,0,-0.617108,-0.724492,0.17136,6,drone1
1.75056,-0.358629,1.8364e-05,-116.235,0.770245,-1.52162,-153.028,0.36665,0.163768,0.00322121,0.0109458,0,-1.82455,-0.984108,-0.461974,6,drone1
1.75048,-0.358888,1.95385e-05,-118.052,0.865766,-1.58568,-151.726,0.478329,0.153408,0.0010944,0.0120037,0,-1.36375,-0.959357,-0.48869,6,drone1
1.75008,-0.35962,2.08465e-05,-119.559,0.961075,-1.65732,-150.366,0.590158,0.141941,0.00107672,0.0121962,0,-0.863384,-0.945359,-0.524155,6,drone1
1.7496,-0.360417,2.23166e-05,-120.993,1.0617,-1.73165,-148.989,0.702522,0.129117,0.0016095,0.0120602,0,-0.729289,-0.933117,-0.5627,6,drone1
1.74912,-0.361159,2.39562e-05,-122.417,1.16948,-1.80707,-147.188,0.767837,0.0798167,-0.0146254,0.0258241,0,-0.763404,-0.661131,-0.0956313,6,drone1
1.74614,-0.365529,2.37847e-05,-124.036,1.21731,-1.76954,-145.844,0.886017,0.0690694,0.00289345,0.01157,0,-1.07252,-0.924802,-0.711697,6,drone1
1.74582,-0.366,2.05961e-05,-125.671,1.16702,-1.59774,-144.478,0.992077,0.0573636,0.00704298,0.00882055,0,-0.808813,-0.801058,-0.680558,6,drone1
1.74595,-0.365802,1.88739e-05,-127.124,1.10817,-1.43599,-143.071,1.07061,0.0447199,0.0073101,0.00875434,0,-0.551305,-0.553654,-0.555127,6,drone1
1.74607,-0.365636,1.74932e-05,-128.56,1.04668,-1.2848,-141.652,1.12465,0.0320654,0.00695107,0.0090954,0,-0.516277,-0.334466,-0.439802,6,drone1
1.74608,-0.365595,1.62062e-05,-130.006,0.983499,-1.14378,-140.227,1.15735,0.0201758,0.00664142,0.00939134,0,-0.510549,-0.145313,-0.334543,6,drone1
1.74601,-0.365662,1.5006e-05,-131.46,0.918721,-1.01235,-138.799,1.17159,0.00964257,0.00646998,0.00957445,0,-0.498842,0.0163132,-0.238483,6,drone1
1.74587,-0.365806,1.39198e-05,-132.918,0.852408,-0.889875,-137.371,1.16994,0.00091427,0.00641995,0.00964921,0,-0.481232,0.153539,-0.150759,6,drone1
1.74567,-0.366,1.2962e-05,-134.375,0.784606,-0.775739,-135.944,1.15465,-0.00567837,0.00646177,0.00963328,0,-0.459655,0.269317,-0.0705871,6,drone1
1.74544,-0.366224,1.21327e-05,-135.831,0.715351,-0.669403,-134.519,1.12771,-0.00990089,0.00656824,0.00954561,0,-0.435664,0.366376,0.00278628,6,drone1
1.74518,-0.366462,1.14243e-05,-137.282,0.644669,-0.570376,-133.097,1.09085,-0.0115971,0.00671646,0.00940465,0,-0.410584,0.447156,0.0700464,6,drone1
1.7449,-0.366705,1.08265e-05,-138.728,0.572583,-0.478218,-131.68,1.04558,-0.0106737,0.00688966,0.00922503,0,-0.385451,0.513798,0.131819,6,drone1
1.74462,-0.366945,1.03289e-05,-140.168,0.499106,-0.392525,-130.266,0.993203,-0.00708668,0.00707618,0.00901787,0,-0.361006,0.56818,0.188673,6,drone1
1.74433,-0.367179,9.92245e-06,-141.602,0.424242,-0.312932,-128.857,0.934855,-0.00082897,0.00726805,0.00879144,0,-0.337731,0.611954,0.241121,6,drone1
1.74403,-0.367404,9.59908e-06,-143.029,0.347982,-0.239104,-127.453,0.871515,0.00807946,0.00745994,0.00855185,0,-0.315921,0.646574,0.289636,6,drone1
1.74374,-0.367619,9.35223e-06,-144.449,0.270298,-0.170738,-126.053,0.804022,0.0195999,0.00764834,0.00830355,0,-0.295735,0.67332,0.334652,6,drone1
1.74345,-0.367823,9.17653e-06,-145.862,0.191149,-0.10756,-124.659,0.733096,0.0336816,0.00783106,0.00804974,0,-0.277238,0.693317,0.37657,6,drone1
1.74316,-0.368016,9.06772e-06,-147.268,0.110476,-0.0493242,-123.269,0.659348,0.0502671,0.00800676,0.0077927,0,-0.260431,0.707553,0.415765,6,drone1
1.74288,-0.368197,9.02259e-06,-148.668,0.0282045,0.00418628,-123.282,0.576533,0.125399,-0.00900657,0.00207749,0,-0.122014,1.08218,0.281338,6,drone1
1.74308,-0.367925,9.00839e-06,-149.455,-0.0579128,0.0552725,-121.763,0.50028,0.140488,0.00814683,0.00747187,0,1.16594,0.683156,0.494736,6,drone1
1.74265,-0.368299,9.12637e-06,-150.184,-0.141426,0.102088,-120.338,0.421572,0.158823,0.00794545,0.00757931,0,0.434141,0.69192,0.534127,6,drone1
1.74225,-0.368564,9.25471e-06,-151.436,-0.22736,0.144545,-118.974,0.341165,0.180007,0.00839644,0.00707876,0,-0.261789,0.695361,0.568727,6,drone1
1.74194,-0.36874,9.45041e-06,-152.781,-0.316029,0.183062,-122.647,0.25486,0.30959,-0.0209103,-0.0207873,0,-0.280027,1.30609,0.127233,6,drone1
1.74396,-0.367049,9.64476e-06,-152.164,-0.411863,0.237851,-120.8,0.174331,0.322125,0.00821228,0.00712371,0,4.64443,0.655307,0.614647,6,drone1
1.74323,-0.367878,1.00995e-05,-151.291,-0.491422,0.289993,-119.268,0.089202,0.339495,0.00670557,0.00870354,0,2.18079,0.669437,0.672725,6,drone1
1.74241,-0.368456,1.04554e-05,-152.155,-0.580242,0.327129,-117.922,0.00191963,0.361093,0.00788802,0.00770183,0,-0.222705,0.672791,0.716623,6,drone1
1.74191,-0.368757,1.09102e-05,-153.386,-0.675425,0.35882,-116.614,-0.0862396,0.386339,0.00851692,0.00682614,0,-0.70359,0.673711,0.740544,6,drone1
1.74157,-0.368943,1.14465e-05,-154.71,-0.775242,0.38645,-115.315,-0.175164,0.415014,0.00881254,0.00631924,0,-0.779236,0.67411,0.762705,6,drone1
1.74129,-0.369086,1.20654e-05,-156.056,-0.879064,0.410293,-114.018,-0.264838,0.446988,0.00898146,0.00598977,0,-0.752777,0.673578,0.785666,6,drone1
1.74104,-0.36921,1.27719e-05,-157.406,-0.986796,0.430386,-112.719,-0.355265,0.482175,0.00910382,0.005726,0,-0.702369,0.671998,0.80987,6,drone1
1.74079,-0.369324,1.35735e-05,-158.753,-1.09856,0.446691,-111.42,-0.446464,0.520514,0.00920777,0.00548308,0,-0.649318,0.669437,0.835446,6,drone1
1.74054,-0.369431,1.44791e-05,-160.095,-1.21454,0.459132,-110.12,-0.538473,0.561967,0.00930228,0.00524528,0,-0.599284,0.666021,0.862487,6,drone1
1.7403,-0.369533,1.54991e-05,-161.434,-1.33498,0.467603,-108.82,-0.63135,0.606511,0.00938994,0.00500748,0,-0.553634,0.661872,0.891087,6,drone1
1.74005,-0.369629,1.66453e-05,-162.767,-1.46013,0.47197,-109.183,-0.760118,0.660438,-0.00739149,0.0144039,0,-0.630688,0.942132,1.00871,6,drone1
1.73709,-0.370296,1.77693e-05,-163.662,-1.57389,0.48028,-107.719,-0.851713,0.70989,0.00940548,0.00481241,0,1.18732,0.661727,0.9031,6,drone1
1.73682,-0.370488,1.92149e-05,-164.384,-1.70411,0.495188,-102.064,-0.797772,0.762206,0.0428901,0.00892432,0,0.55551,-0.199854,0.269373,6,drone1
1.73743,-0.371018,2.08931e-05,-166.386,-1.85411,0.4678,-101.166,-0.906607,0.819526,0.0104525,0.00054675,0,-4.30721,0.605306,1.17743,6,drone1
1.7379,-0.370757,2.27122e-05,-168.977,-2.0134,0.41076,-98.9228,-0.985643,0.89691,0.01763,0.0148493,0,-3.50903,0.559035,1.08979,6,drone1
1.73572,-0.371204,2.50376e-05,-171.327,-2.16109,0.349087,-97.8126,-1.09369,0.959571,0.0106825,0.00187143,0,-2.84589,0.557859,1.23699,6,drone1
1.73584,-0.371132,1.78233e-05,-173.529,-2.09435,0.244476,-96.0851,-1.25791,1.00107,0.0100459,0.0399168,0,-2.50921,0.271676,1.95971,6,drone1
1.72816,-0.371895,1.90196e-05,-175.584,-1.91917,0.162414,-94.6656,-1.45822,1.05896,0.00682863,0.055662,0,-2.15599,0.426767,2.26313,6,drone1
1.71727,-0.37256,1.81524e-05,-177.569,-1.73375,0.0905656,-93.2944,-1.48976,1.13863,0.0116748,-0.00721512,0,-0.496238,0.482072,0.546132,6,drone1
1.71918,-0.372512,1.73009e-05,-179.459,-1.6149,0.0331523,-91.8054,-1.49151,1.22118,0.0125456,-0.0179014,0,0.11599,0.463162,0.289262,6,drone1
1.72299,-0.372553,1.63576e-05,178.74,-1.51034,-0.0150872,-90.2078,-1.47251,1.30627,0.0125377,-0.0158563,0,0.515245,0.458306,0.128736,6,drone1
1.72627,-0.372696,1.5419e-05,177.001,-1.40843,-0.0555786,-88.5362,-1.43615,1.39305,0.0124917,-0.0119574,0,0.718268,0.462542,0.00271494,6,drone1
1.7287,-0.372879,1.45405e-05,175.308,-1.30749,-0.0890778,-86.8219,-1.38436,1.48077,0.0125136,-0.00861162,0,0.783736,0.475677,-0.104931,6,drone1
1.73038,-0.373057,1.37412e-05,173.647,-1.20797,-0.116239,-85.0878,-1.31861,1.56887,0.0125802,-0.00614836,0,0.761145,0.497819,-0.198654,6,drone1
1.73148,-0.373208,1.30242e-05,172.005,-1.11054,-0.13766,-83.3494,-1.24015,1.65701,0.0126584,-0.00444468,0,0.68735,0.528761,-0.280124,6,drone1
1.73217,-0.373322,1.23862e-05,170.375,-1.01575,-0.153868,-81.6171,-1.15006,1.74498,0.0127244,-0.00331839,0,0.589051,0.567753,-0.350676,6,drone1
1.73256,-0.373399,1.18221e-05,168.75,-0.923981,-0.165305,-79.8959,-1.05287,1.81527,0.0127735,-0.00264008,0,0.485231,0.436349,-0.399549,6,drone1
1.73273,-0.373441,1.13264e-05,167.126,-0.835454,-0.172336,-78.1867,-0.950135,1.86291,0.0128086,-0.0022707,0,0.386139,0.259948,-0.455429,6,drone1
1.73276,-0.373451,1.08934e-05,165.502,-0.750282,-0.175266,-76.4881,-0.844254,1.89079,0.0128358,-0.00212122,0,0.297344,0.1137,-0.499281,6,drone1
1.73268,-0.373433,1.05177e-05,163.877,-0.668491,-0.174355,-74.7984,-0.737044,1.90155,0.0128508,-0.00212546,0,0.219322,-0.00615815,-0.533895,6,drone1
1.73253,-0.37339,1.0194e-05,162.25,-0.590048,-0.169829,-73.116,-0.629903,1.89759,0.0128512,-0.00223666,0,0.151572,-0.102947,-0.561074,6,drone1
1.73233,-0.373325,9.91745e-06,160.62,-0.514885,-0.161883,-74.3946,-0.624563,1.90857,-0.0103497,0.000804387,0,0.22775,0.386019,-0.388052,6,drone1
1.73304,-0.374021,9.72852e-06,159.89,-0.450452,-0.145553,-75.0351,-0.625343,1.90646,-0.00248284,0.0106198,0,0.327759,0.109159,-0.194089,6,drone1
1.73126,-0.373479,9.50156e-06,160.161,-0.378786,-0.117335,-72.8795,-0.500795,1.87418,0.0136324,-0.00085343,0,4.3678,-0.334066,-0.763747,6,drone1
1.73059,-0.372925,9.3198e-06,159.938,-0.312677,-0.0948778,-68.1267,-0.295633,1.78915,0.0353662,-0.000622462,0,3.90043,-0.963869,-0.895983,6,drone1
1.72843,-0.37157,9.16097e-06,158.014,-0.23826,-0.0766714,-60.597,-0.0520106,1.60875,0.0633737,0.00778273,0,3.50288,-1.83301,-0.864601,6,drone1
1.72236,-0.368264,9.00465e-06,153.601,-0.144934,-0.0518026,-59.7533,0.0195531,1.56646,0.0101835,-0.00832048,0,-8.20107,-0.231027,-0.446777,6,drone1
1.7234,-0.369325,9.04513e-06,149.479,-0.0923604,-0.0333031,-58.565,0.0996005,1.51754,0.00702384,-0.0134888,0,-4.63572,-0.219527,-0.551685,6,drone1
1.72499,-0.370435,8.98673e-06,147.375,-0.0472046,-0.00866903,-56.959,0.185319,1.46301,0.00882103,-0.0120861,0,-1.70334,-0.224043,-0.598547,6,drone1
1.72597,-0.371089,8.97309e-06,145.633,-0.00175196,0.0207695,-55.2629,0.268373,1.40516,0.0100744,-0.0104514,0,-1.20734,-0.224374,-0.590092,6,drone1
1.72652,-0.371473,8.98848e-06,143.868,0.0433538,0.0541058,-53.5476,0.347633,1.34513,0.0107671,-0.00949207,0,-1.16252,-0.216025,-0.574853,6,drone1
1.72681,-0.371688,9.02603e-06,142.073,0.0872618,0.0909927,-51.8191,0.423433,1.28363,0.0111853,-0.0089592,0,-1.11317,-0.200435,-0.560898,6,drone1
1.72692,-0.371777,9.08559e-06,140.265,0.129551,0.131278,-45.9507,0.642061,1.10163,0.0163908,-0.0545206,0,-1.1826,-0.479062,-1.49865,6,drone1
1.73136,-0.375521,9.19984e-06,136.55,0.144607,0.162171,-44.6107,0.692709,1.046,0.0108998,-0.00944713,0,-5.10748,-0.128911,-0.355569,6,drone1
1.73175,-0.375902,9.24966e-06,132.808,0.174524,0.215183,-43.0852,0.742318,0.989016,0.0151921,-0.0046767,0,-2.73319,-0.115914,-0.370409,6,drone1
1.73087,-0.374895,9.36586e-06,130.889,0.212034,0.272598,-41.407,0.793203,0.93133,0.0157588,-0.00369332,0,-0.517422,-0.0805098,-0.400762,6,drone1
1.72974,-0.373554,9.53447e-06,129.152,0.248438,0.333856,-39.7408,0.844204,0.874868,0.0147889,-0.00453196,0,-0.276519,-0.036296,-0.402296,6,drone1
1.72877,-0.372322,9.74159e-06,127.462,0.281599,0.397302,-38.0945,0.895676,0.819875,0.0134771,-0.00566253,0,-0.206189,0.0111896,-0.399923,6,drone1
1.728,-0.371277,9.98144e-06,125.804,0.311347,0.462633,-36.4654,0.947823,0.766427,0.0122685,-0.00664837,0,-0.162594,0.0594785,-0.394357,6,drone1
1.72739,-0.370403,1.02542e-05,124.169,0.337867,0.530015,-34.851,1.00082,0.714559,0.0112425,-0.00743902,0,-0.133092,0.108104,-0.385921,6,drone1
1.72691,-0.369665,1.05623e-05,122.554,0.361354,0.599717,-33.2491,1.05485,0.664272,0.0103826,-0.00806417,0,-0.113153,0.15714,-0.375137,6,drone1
1.72653,-0.369033,1.09091e-05,120.956,0.38194,0.672007,-31.6583,1.11014,0.615546,0.00965554,-0.00856206,0,-0.100177,0.206766,-0.362458,6,drone1
1.72621,-0.368481,1.12987e-05,119.37,0.399695,0.747143,-22.702,1.29998,0.25116,0.0311589,-0.0627783,0,-0.179884,-0.0471073,-2.12791,6,drone1
1.72551,-0.368827,1.16984e-05,114.916,0.371654,0.842928,-21.8562,1.33803,0.231644,0.00722012,-0.0104027,0,-7.45641,0.348269,0.0535048,6,drone1
1.72628,-0.368887,1.21107e-05,109.829,0.321362,0.944097,-20.5819,1.38208,0.206329,0.0081624,-0.0106354,0,-3.84822,0.399686,-0.00290945,6,drone1
1.72647,-0.368439,1.27235e-05,106.87,0.29558,1.03702,-20.5478,1.37042,0.217423,0.00468169,0.00352344,0,0.343068,-0.0697021,0.144984,6,drone1
1.72692,-0.368686,1.33294e-05,105.026,0.282791,1.12342,-22.7362,1.40037,0.390699,-0.00391537,0.016586,0,-0.129644,0.792196,1.00038,6,drone1
1.72738,-0.368529,1.40189e-05,104.529,0.294312,1.20812,-20.6816,1.47277,0.346247,0.00965042,-0.0074512,0,6.9183,0.527185,-0.376816,6,drone1
1.72684,-0.367251,1.47912e-05,104.381,0.314735,1.30053,-24.4018,1.50738,0.585684,-0.0279665,0.0254802,0,6.16169,1.09735,0.927036,6,drone1
1.72847,-0.370979,1.54752e-05,104.995,0.347436,1.36745,-22.1697,1.59664,0.52251,0.00850696,-0.007328,0,9.22168,0.538725,-0.615672,6,drone1
1.72773,-0.369775,1.64163e-05,105.882,0.396613,1.46022,-20.2912,1.68337,0.465626,0.0116189,-0.00568737,0,6.376,0.596511,-0.522146,6,drone1
1.72699,-0.367987,1.7503e-05,105.761,0.423438,1.56677,-18.6198,1.77256,0.41126,0.0101802,-0.00710252,0,3.61085,0.676376,-0.44121,6,drone1
1.72648,-0.366574,1.87243e-05,105.104,0.4349,1.68054,-17.0741,1.86553,0.359217,0.00822997,-0.00822175,0,2.06113,0.756556,-0.379644,6,drone1
1.72615,-0.365562,2.00707e-05,104.155,0.43543,1.80012,-15.6068,1.96285,0.309159,0.00670003,-0.00892638,0,1.17306,0.834633,-0.327677,6,drone1
1.72594,-0.364833,2.15576e-05,103.049,0.427799,1.92534,-14.1891,2.06491,0.260697,0.0056091,-0.00935258,0,0.655523,0.91158,-0.281042,6,drone1
1.72581,-0.364286,2.32057e-05,101.86,0.413516,2.0564,-12.804,2.17212,0.213453,0.00482697,-0.00961492,0,0.344133,0.988653,-0.237319,6,drone1
1.72572,-0.36386,3.09094e-05,100.629,0.375894,2.16901,-11.4416,2.28486,0.167067,0.00424182,-0.00978288,0,0.149438,1.0668,-0.195064,6,drone1
1.72566,-0.363496,2.5056e-05,99.3867,0.316508,2.0516,-15.4429,2.34566,0.437325,-0.00167071,0.0314318,0,0.0753997,0.985574,0.932841,6,drone1
1.72613,-0.362876,2.25722e-05,98.9245,0.281909,1.92849,-13.5933,2.45515,0.366526,0.00424402,-0.0095057,0,5.25452,0.906459,-0.46344,6,drone1
1.72591,-0.3625,2.04382e-05,98.9142,0.264263,1.80969,-13.206,2.53736,0.355301,0.00329751,-0.00922658,0,3.87046,0.763109,-0.325525,6,drone1
1.72594,-0.36252,1.87631e-05,98.7367,0.241949,1.69709,-16.1929,2.56581,0.532986,-0.00403362,0.025645,0,3.44688,0.585593,0.163726,6,drone1
1.72627,-0.362313,1.74497e-05,99.0896,0.235839,1.59001,-15.5268,2.62707,0.507219,0.0032903,-0.00923614,0,6.65138,0.493703,-0.444182,6,drone1
1.72617,-0.362264,1.63564e-05,99.7624,0.237503,1.48753,-14.9626,2.67785,0.485149,0.00282593,-0.00901735,0,5.63393,0.414248,-0.366884,6,drone1
1.72609,-0.362222,1.54379e-05,100.231,0.232839,1.39216,-14.522,2.72009,0.467647,0.00253493,-0.00920986,0,4.39842,0.35304,-0.290261,6,drone1
1.72604,-0.362193,1.46471e-05,100.551,0.224282,1.30317,-14.1723,2.75596,0.454242,0.00229673,-0.00935677,0,3.49101,0.307538,-0.22805,6,drone1
1.726,-0.362174,1.3955e-05,100.767,0.213519,1.21997,-13.8896,2.78734,0.444495,0.00210585,-0.00946314,0,2.82269,0.276533,-0.177386,6,drone1
1.72597,-0.362161,1.33457e-05,100.911,0.201661,1.14203,-13.6568,2.81586,0.438022,0.00194945,-0.00954049,0,2.32541,0.258817,-0.135948,6,drone1
1.72596,-0.362153,1.28087e-05,101.007,0.189408,1.06894,-13.4617,2.84292,0.434509,0.00181736,-0.0095975,0,1.9495,0.253212,-0.101897,6,drone1
1.72594,-0.362148,1.23354e-05,101.07,0.177193,1.0003,-13.2957,2.86981,0.433701,0.00170189,-0.00964037,0,1.65969,0.258617,-0.0737971,6,drone1
1.72594,-0.362145,1.19184e-05,101.111,0.165269,0.935794,-13.1527,2.89762,0.4354,0.00159739,-0.00967344,0,1.43138,0.274024,-0.0505349,6,drone1
1.72593,-0.362143,1.15512e-05,101.138,0.15378,0.875127,-13.028,2.9121,0.436918,0.00152233,-0.00970239,0,1.24771,0.144216,-0.019586,6,drone1
1.72593,-0.362143,1.12279e-05,101.156,0.142796,0.818035,-12.9183,2.90823,0.435482,0.00147549,-0.00971758,0,1.09631,-0.0409795,-0.00490586,6,drone1
1.72593,-0.362143,1.09434e-05,101.167,0.132349,0.764277,-12.8211,2.88894,0.431781,0.00145487,-0.00972935,0,0.969618,-0.196154,0.00858185,6,drone1
1.72592,-0.362143,1.0693e-05,101.174,0.122441,0.71363,-12.7347,2.85684,0.426345,0.00145379,-0.0097384,0,0.861902,-0.324969,0.0205059,6,drone1
1.72592,-0.362144,1.04727e-05,101.179,0.113062,0.665887,-12.6574,2.81419,0.419572,0.00146695,-0.00974526,0,0.769095,-0.430668,0.0306156,6,drone1
1.72592,-0.362145,1.02789e-05,101.181,0.104191,0.620853,-12.5882,2.76302,0.411774,0.00149027,-0.00975044,0,0.688278,-0.516129,0.0389214,6,drone1
1.72592,-0.362146,1.01085e-05,101.183,0.0958031,0.578348,-12.5261,2.70508,0.403207,0.00152063,-0.00975436,0,0.617314,-0.5839,0.0455862,6,drone1
1.72592,-0.362147,9.9587e-06,101.184,0.0878719,0.5382,-12.4703,2.64191,0.394084,0.00155562,-0.00975735,0,0.554601,-0.636237,0.0508257,6,drone1
1.72592,-0.362148,9.82707e-06,101.184,0.0803697,0.50025,-12.42,2.57484,0.384589,0.0015934,-0.00975967,0,0.498912,-0.675139,0.0548545,6,drone1
1.72592,-0.362149,9.71145e-06,101.184,0.0732691,0.464346,-12.3746,2.50504,0.374878,0.00163255,-0.00976152,0,0.449279,-0.702372,0.0578655,6,drone1
1.72592,-0.36215,9.60995e-06,101.183,0.0665435,0.430346,-12.3338,2.4335,0.365086,0.00167199,-0.00976303,0,0.404924,-0.719495,0.060025,6,drone1
1.72592,-0.362151,9.52091e-06,101.183,0.0601672,0.398115,-12.2969,2.36111,0.355327,0.00171091,-0.00976432,0,0.365206,-0.727884,0.0614742,6,drone1
1.72592,-0.362152,9.44287e-06,101.182,0.0541154,0.367526,-12.2636,2.2886,0.345701,0.00174871,-0.00976547,0,0.329587,-0.728748,0.0623329,6,drone1
1.72592,-0.362154,9.37455e-06,101.181,0.0483647,0.338458,-12.2335,2.21663,0.336293,0.00178493,-0.00976652,0,0.29761,-0.723151,0.0627028,6,drone1
1.72592,-0.362155,9.3148e-06,101.18,0.0428927,0.310798,-12.2063,2.14574,0.327174,0.00181928,-0.00976753,0,0.268879,-0.712025,0.0626704,6,drone1
1.72592,-0.362156,9.26266e-06,101.18,0.037678,0.284435,-12.1817,2.07639,0.318406,0.00185154,-0.00976852,0,0.24305,-0.696187,0.0623096,6,drone1
1.72592,-0.362157,9.21724e-06,101.179,0.0327004,0.259269,-12.1594,2.00899,0.310042,0.00188158,-0.00976951,0,0.21982,-0.676347,0.0616837,6,drone1
1.72592,-0.362159,9.17778e-06,101.178,0.0279404,0.235201,-12.1393,1.94387,0.302127,0.00190931,-0.00977053,0,0.198921,-0.653125,0.0608469,6,drone1
