-0.496899,-0.016751,5.53539e-06,0,0,-0.0111886,0,0,0,0,0,0,0,0,0,-1,pipuck2
-0.496899,-0.016751,7.91351e-06,0,0,-0.0159945,0,0,0,0,0,0,0,0,0,-1,pipuck2
-0.496899,-0.016751,8.88486e-06,0,0,-0.0179578,0,0,0,0,0,0,0,0,0,-1,pipuck2
-0.496899,-0.016751,9.26229e-06,0,0,-0.0187206,0,0,0,0,0,0,0,0,0,-1,pipuck2
-0.496899,-0.016751,9.40043e-06,0,0,-0.0189998,0,0,0,0,0,0,0,0,0,-1,pipuck2
-0.496899,-0.016751,9.44705e-06,0,0,-0.019094,0,0,0,0,0,0,0,0,0,-1,pipuck2
-0.496899,-0.016751,9.46085e-06,0,0,-0.0191219,0,0,0,0,0,0,0,0,0,-1,pipuck2
-0.496899,-0.016751,9.46391e-06,0,0,-0.0191281,0,0,0,0,0,0,0,0,0,-1,pipuck2
-0.496899,-0.016751,9.46396e-06,0,0,-0.0191282,0,0,0,0,0,0,0,0,0,-1,pipuck2
-0.496899,-0.016751,9.46346e-06,0,0,-0.0191272,0,0,0,0,0,0,0,0,0,-1,pipuck2
-0.496899,-0.016751,9.46303e-06,0,0,-0.0191263,0,0,0,0,0,0,0,0,0,-1,pipuck2
-0.496899,-0.016751,9.46276e-06,0,0,-0.0191258,0,0,0,0,0,0,0,0,0,-1,pipuck2
-0.496899,-0.016751,9.46262e-06,0,0,-0.0191255,0,0,0,0,0,0,0,0,0,-1,pipuck2
-0.496899,-0.016751,9.46255e-06,0,0,-0.0191254,0,0,0,0,0,0,0,0,0,-1,pipuck2
-0.496899,-0.016751,9.46252e-06,0,0,-0.0191253,0,0,0,0,0,0,0,0,0,-1,pipuck2
-0.496899,-0.016751,9.46251e-06,0,0,-0.0191253,0,0,0,0,0,0,0,0,0,-1,pipuck2
-0.496899,-0.016751,9.4625e-06,0,0,-0.0191253,0,0,0,0,0,0,0,0,0,-1,pipuck2
-0.496899,-0.016751,9.4625e-06,0,0,-0.0191253,0,0,0,0,0,0,0,0,0,-1,pipuck2
-0.496899,-0.016751,9.4625e-06,0,0,-0.0191253,0,0,0,0,0,0,0,0,0,-1,pipuck2
-0.496899,-0.016751,9.4625e-06,0,0,-0.0191253,0,0,0,0,0,0,0,0,0,-1,pipuck2
-0.496899,-0.016751,9.4625e-06,0,0,-0.0191253,0,0,0,0,0,0,0,0,0,-1,pipuck2
-0.496899,-0.016751,9.4625e-06,0,0,-0.0191252,0,0,0,0,0,0,0,0,0,-1,pipuck2
-0.496899,-0.016751,9.4625e-06,0,0,-0.0191252,0,0,0,0,0,0,0,0,0,-1,pipuck2
-0.496899,-0.016751,9.4625e-06,0,0,-0.0191252,0,0,0,0,0,0,0,0,0,-1,pipuck2
-0.496899,-0.016751,9.4625e-06,0,0,-0.0191252,0,0,0,0,0,0,0,0,0,-1,pipuck2
-0.496899,-0.016751,9.4625e-06,0,0,-0.0191252,0,0,0,0,0,0,0,0,0,-1,pipuck2
-0.496899,-0.016751,9.4625e-06,0,0,-0.0191252,0,0,0,0,0,0,0,0,0,-1,pipuck2
-0.496899,-0.016751,9.4625e-06,0,0,-0.0191252,0,0,0,0,0,0,0,0,0,-1,pipuck2
-0.496899,-0.016751,9.4625e-06,0,0,-0.0191252,0,0,0,0,0,0,0,0,0,-1,pipuck2
-0.496899,-0.016751,9.4625e-06,0,0,-0.0191252,0,0,0,0,0,0,0,0,0,-1,pipuck2
-0.496899,-0.016751,9.4625e-06,0,0,-0.0191252,0,0,0,0,0,0,0,0,0,-1,pipuck2
-0.496899,-0.016751,9.4625e-06,0,0,-0.0191252,0,0,0,0,0,0,0,0,0,-1,pipuck2
-0.496899,-0.016751,9.4625e-06,0,0,-0.0191252,0,0,0,0,0,0,0,0,0,-1,pipuck2
-0.496899,-0.016751,9.4625e-06,0,0,-0.0191252,0,0,0,0,0,0,0,0,0,-1,pipuck2
-0.496899,-0.016751,9.4625e-06,0,0,-0.0191252,0,0,0,0,0,0,0,0,0,-1,pipuck2
-0.496899,-0.016751,9.4625e-06,0,0,-0.0191252,0,0,0,0,0,0,0,0,0,-1,pipuck2
-0.496899,-0.016751,9.4625e-06,0,0,-0.0191252,0,0,0,0,0,0,0,0,0,-1,pipuck2
-0.496899,-0.016751,9.4625e-06,0,0,-0.0191252,0,0,0,0,0,0,0,0,0,-1,pipuck2
-0.496899,-0.016751,9.4625e-06,0,0,-0.0191252,0,0,0,0,0,0,0,0,0,-1,pipuck2
-0.496899,-0.016751,9.4625e-06,0,0,-0.0191252,0,0,0,0,0,0,0,0,0,-1,pipuck2
-0.496899,-0.016751,9.4625e-06,0,0,-0.0191252,0,0,0,0,0,0,0,0,0,-1,pipuck2
-0.496899,-0.016751,9.4625e-06,0,0,-0.0191252,0,0,0,0,0,0,0,0,0,-1,pipuck2
-0.496899,-0.016751,9.4625e-06,0,0,-0.0191252,0,0,0,0,0,0,0,0,0,-1,pipuck2
-0.496899,-0.016751,9.4625e-06,0,0,-0.0191252,0,0,0,0,0,0,0,0,0,-1,drone1
-0.496899,-0.016751,9.4625e-06,0,0,-0.0191252,0,0,0,0,0,0,0,0,0,-1,drone1
-0.496899,-0.016751,9.4625e-06,0,0,-0.0191252,14.057,-0.00299185,0.000235464,0.746903,-0.333245,0,90,-0.0191252,0.0191252,4,drone1
-0.479334,-0.0167899,9.21731e-06,-0.341614,-0.0845944,-0.0190855,26.7083,-0.00550374,0.00119839,0.643596,-0.504679,0,75.943,-0.0202384,0.0144055,4,drone1
-0.461744,-0.017069,9.16536e-06,-1.34119,-0.169963,-0.0223162,38.1638,0.000362762,0.00686802,0.505467,-0.622444,0,63.6333,0.0556374,0.047579,4,drone1
-0.444151,-0.0178023,9.23575e-06,-2.93004,-0.256105,-0.0313651,48.4723,0.0147511,0.0142301,0.370184,-0.693061,0,53.1773,0.111329,0.102643,4,drone1
-0.42653,-0.0191671,9.38565e-06,-5.05674,-0.343025,-0.0486247,57.6832,0.0371396,0.0211919,0.249024,-0.728084,0,44.4574,0.144462,0.170639,4,drone1
-0.408849,-0.021308,9.61453e-06,-7.67875,-0.430504,-0.0763876,65.8452,0.0667401,0.0265766,0.147708,-0.738387,0,37.373,0.156022,0.244201,4,drone1
-0.391161,-0.0243358,9.90403e-06,-10.7398,-0.517565,-0.116665,73.0059,0.102767,0.0300239,0.068218,-0.733025,0,31.8327,0.149023,0.318021,4,drone1
-0.373228,-0.0283721,2.08825e-05,-14.086,-0.616942,-0.113652,80.0602,0.186112,0.0971612,0.0441887,-0.792897,0,41.1391,-0.109966,1.06839,4,drone1
-0.355663,-0.0333647,1.43734e-05,-17.3943,-0.696852,-0.191402,85.2821,0.234467,0.0825668,-0.0400723,-0.700044,0,24.0237,0.203163,0.392211,4,drone1
-0.337892,-0.0395276,1.22225e-05,-20.4533,-0.779454,-0.269047,89.6893,0.285418,0.0714152,-0.0654077,-0.680137,0,22.1097,0.140776,0.459464,4,drone1
-0.320151,-0.0467692,1.19791e-05,-23.1403,-0.86364,-0.348893,93.37,0.340089,0.063402,-0.0819256,-0.659579,0,20.7611,0.0878296,0.520524,4,drone1
-0.302464,-0.0548843,1.24822e-05,-25.2724,-0.951125,-0.428965,96.4146,0.399097,0.05854,-0.0925355,-0.638887,0,19.7667,0.0405902,0.57697,4,drone1
-0.284836,-0.0636526,1.3297e-05,-26.8171,-1.04371,-0.507306,98.9289,0.46286,0.0566222,-0.100733,-0.617943,0,18.8535,-0.00196797,0.630554,4,drone1
-0.267239,-0.072872,1.42904e-05,-27.8339,-1.14283,-0.582853,101.019,0.531644,0.0571732,-0.108245,-0.59665,0,17.8829,-0.0403382,0.682393,4,drone1
-0.24966,-0.0823631,1.54218e-05,-28.4229,-1.24926,-0.655387,102.779,0.605616,0.0595308,-0.115665,-0.574975,0,16.8088,-0.0751856,0.733326,4,drone1
-0.232076,-0.0920024,1.6705e-05,-28.6993,-1.36323,-0.725505,104.289,0.684881,0.0629571,-0.122997,-0.552971,0,15.6363,-0.107458,0.783804,4,drone1
-0.214525,-0.101667,1.81626e-05,-28.7697,-1.48436,-0.794137,105.609,0.769525,0.0667581,-0.129916,-0.530731,0,14.4015,-0.138228,0.834162,4,drone1
-0.197016,-0.111294,1.98131e-05,-28.7192,-1.6123,-0.862502,106.783,0.859602,0.0703725,-0.136052,-0.508444,0,13.15,-0.168443,0.884307,4,drone1
-0.17951,-0.120874,2.16814e-05,-28.6098,-1.74698,-0.931931,107.84,0.95517,0.0734055,-0.141093,-0.486261,0,11.9237,-0.198924,0.934347,4,drone1
-0.161988,-0.130408,2.37924e-05,-28.4822,-1.88841,-1.00359,108.8,1.05633,0.0756255,-0.144828,-0.464262,0,10.7551,-0.230343,0.984682,4,drone1
-0.144555,-0.139964,2.75892e-05,-28.3508,-1.90968,-1.00133,110.205,1.17935,0.119725,-0.148854,-0.409499,0,11.4427,-0.763978,1.07592,4,drone1
-0.127108,-0.149333,2.20907e-05,-28.3797,-1.76228,-0.930591,110.949,1.27597,0.113674,-0.151999,-0.419808,0,8.12727,-0.203939,0.947752,4,drone1
-0.109498,-0.158884,1.95597e-05,-28.4447,-1.62629,-0.861015,111.613,1.34647,0.107164,-0.150191,-0.399437,0,7.41327,-0.135203,0.69773,4,drone1
-0.0919215,-0.168408,1.79738e-05,-28.4038,-1.50038,-0.791332,112.198,1.39457,0.100477,-0.146965,-0.37928,0,6.81606,-0.0683218,0.485716,4,drone1
-0.074345,-0.177906,1.66893e-05,-28.3265,-1.38229,-0.724779,112.723,1.42341,0.0932743,-0.143522,-0.359195,0,6.19272,-0.00680027,0.304774,4,drone1
-0.0567626,-0.187371,1.55554e-05,-28.2354,-1.27106,-0.662018,113.754,1.42266,0.0235267,-0.151238,-0.334477,0,6.71984,0.576537,0.193738,4,drone1
-0.0393257,-0.196679,1.45153e-05,-28.3186,-1.16337,-0.60629,114.361,1.53099,0.026185,-0.126638,-0.274913,0,3.88821,-0.480545,0.973483,4,drone1
-0.0218134,-0.206169,1.36231e-05,-28.553,-1.06097,-0.556622,114.668,1.50747,0.0242799,-0.132915,-0.298963,0,3.95106,0.129442,-0.200559,4,drone1
-0.00424601,-0.215814,8.41571e-06,-28.6528,-0.962036,-0.515111,114.908,1.47491,0.0238538,-0.125016,-0.280702,0,3.8793,0.166429,-0.282635,4,drone1
0.0128018,-0.225299,7.24332e-06,-28.6096,-0.862123,-0.479625,115.098,1.43489,0.025032,-0.117224,-0.262257,0,3.74037,0.190353,-0.35316,4,drone1
0.0302975,-0.234805,1.04293e-05,-28.47,-0.775371,-0.438521,115.253,1.38834,0.0278891,-0.109866,-0.244203,0,3.50861,0.204186,-0.418023,4,drone1
0.0478278,-0.244274,1.10176e-05,-28.2913,-0.695884,-0.395077,112.614,1.2849,0.202144,-0.0541391,-0.261802,0,2.56646,-0.5402,-1.34325,4,drone1
0.063643,-0.252475,1.07064e-05,-27.5462,-0.615847,-0.341939,117.484,1.24612,0.0853499,-0.3593,-0.992378,0,5.67298,0.354453,-0.395879,3,drone1
0.0785739,-0.260465,1.02576e-05,-27.1596,-0.532224,-0.29386,123.739,1.1921,-0.0566207,-0.446462,-0.936661,0,0.0605647,0.309496,-0.469013,3,drone1
0.092993,-0.268213,5.6708e-06,-28.3367,-0.446461,-0.251971,130.569,1.11668,-0.200187,-0.542123,-0.864852,0,-6.57808,0.264297,-0.54673,3,drone1
0.105855,-0.275496,5.00228e-06,-30.591,-0.359469,-0.202045,130.755,1.05218,-0.199869,-0.614038,-0.794823,0,-12.2289,0.237377,-0.614199,3,drone1
0.122431,-0.285959,8.30079e-06,-32.976,-0.292372,-0.170587,138.739,0.946932,-0.337513,-0.575518,-0.805105,0,-10.1601,0.276542,-0.628173,3,drone1
0.13305,-0.292932,9.02499e-06,-36.0542,-0.199591,-0.123188,145.732,0.831787,-0.435676,-0.636759,-0.732019,0,-15.7584,0.250819,-0.661573,3,drone1
0.144446,-0.301847,9.03575e-06,-41.0232,-0.117637,-0.0783189,150.885,0.669744,-0.495765,-0.684083,-0.674018,0,-19.5046,0.767616,-0.822778,3,drone1
0.156249,-0.313176,8.93368e-06,-47.0447,-0.0525384,-0.0299801,153.173,0.586283,-0.488457,-0.665059,-0.669355,0,-19.8567,0.236739,-0.692955,3,drone1
0.168229,-0.327233,8.90586e-06,-52.4942,-0.00648087,0.021116,152.056,0.550555,-0.497996,-0.615692,-0.652024,0,-18,0.291437,-0.0735421,3,drone1
0.179511,-0.34278,8.94566e-06,-56.3737,0.0277867,0.0743535,148.652,0.517229,-0.419936,-0.505698,-0.75825,0,-9.55755,0.275895,-0.706896,3,drone1
0.189182,-0.357605,9.01174e-06,-58.6185,0.0611305,0.135031,142.808,0.495873,-0.324289,-0.389521,-0.805594,0,-2.27509,0.299403,-0.671642,3,drone1
0.197512,-0.37109,9.12171e-06,-59.0339,0.0997535,0.201852,135.886,0.46793,-0.227899,-0.258533,-0.841279,0,5.81317,0.325189,-0.651604,3,drone1
0.203037,-0.379459,9.21886e-06,-56.6616,0.162949,0.280363,129.512,0.423359,-0.148595,-0.137741,-0.856245,0,13.1507,0.346819,-0.651031,3,drone1
0.2107,-0.390135,1.57265e-05,-51.6397,0.229429,0.339551,123.901,0.363161,-0.0895208,-0.071302,-0.856037,0,17.1517,0.368915,-0.677819,3,drone1
0.221101,-0.402126,1.29984e-05,-45.948,0.316597,0.362911,119.222,0.291191,-0.0749103,-0.0472409,-0.846132,0,17.9934,0.590522,-0.611125,3,drone1
0.232912,-0.413191,1.15016e-05,-39.746,0.410187,0.368783,115.947,0.270686,-0.0146329,-0.0863097,-0.791037,0,15.6228,-0.229027,-0.378322,3,drone1
0.246772,-0.42353,1.08548e-05,-34.1294,0.499353,0.361982,113.265,0.188079,-0.00395588,-0.0955983,-0.813386,0,13.8005,0.361008,-0.754693,3,drone1
0.26192,-0.432884,1.07418e-05,-29.6126,0.581939,0.35229,111.376,0.106398,-0.00166777,-0.12959,-0.79188,0,10.8646,0.328425,-0.751762,3,drone1
0.278177,-0.441322,1.08933e-05,-25.9579,0.658964,0.341328,110.107,0.0262898,-0.00373649,-0.158676,-0.768791,0,8.23649,0.299778,-0.745019,3,drone1
0.295296,-0.448976,1.11522e-05,-23.1432,0.730945,0.332371,109.332,-0.0520812,-0.00735585,-0.183806,-0.744503,0,5.85052,0.275958,-0.735322,3,drone1
0.313117,-0.456037,1.14499e-05,-21.0756,0.798638,0.327368,109.928,-0.128902,-0.00980617,-0.203685,-0.719919,0,3.81106,0.257597,-0.723793,3,drone1
0.331392,-0.4626,1.17943e-05,-19.7267,0.86303,0.328869,111.478,-0.173518,0.0241428,-0.234696,-0.686079,0,1.37996,-0.143528,-0.520956,3,drone1
0.348952,-0.469034,4.42814e-06,-18.9107,0.938477,0.318727,113.197,-0.249474,0.0273302,-0.257789,-0.661152,0,-1.75111,0.314605,-0.701385,3,drone1
0.366906,-0.475331,3.80006e-06,-18.6734,1.00184,0.338992,114.799,-0.324426,0.0368685,-0.279059,-0.632088,0,-4.28673,0.316266,-0.691029,3,drone1
0.383958,-0.481043,3.19036e-05,-18.9143,1.08826,0.312744,116.239,-0.398252,0.0489863,-0.291029,-0.605642,0,-6.12566,0.343394,-0.668994,3,drone1
0.401514,-0.487167,2.18741e-05,-19.273,1.14764,0.36442,117.319,-0.47158,0.0673145,-0.295802,-0.583253,0,-7.32504,0.319242,-0.6796,3,drone1
0.419507,-0.493753,1.73905e-05,-20.1287,1.20623,0.415953,118.086,-0.544822,0.082374,-0.294618,-0.562965,0,-8.04709,0.367529,-0.654388,3,drone1
0.437539,-0.500647,1.59187e-05,-21.3918,1.26397,0.473306,118.631,-0.618039,0.0946909,-0.284744,-0.546525,0,-7.95839,0.397762,-0.636525,3,drone1
0.455492,-0.507903,1.58574e-05,-22.7505,1.32215,0.534032,118.905,-0.691673,0.10299,-0.268774,-0.533043,0,-7.24058,0.418196,-0.625375,3,drone1
0.473393,-0.515562,1.63796e-05,-23.9668,1.38236,0.5944,117.766,-0.713365,0.115235,-0.246485,-0.487618,0,-6.75822,-0.0406063,-0.272053,3,drone1
0.491139,-0.523401,1.71412e-05,-24.6866,1.44968,0.646271,117.438,-0.794379,0.1094,-0.219076,-0.51344,0,-3.80117,0.455604,-0.674087,3,drone1
0.509253,-0.531718,1.80163e-05,-24.9169,1.5231,0.687415,116.615,-0.808313,0.0768827,-0.21696,-0.458482,0,-3.53735,0.29092,0.0115951,3,drone1
0.526682,-0.539977,1.16803e-05,-24.9941,1.59641,0.747761,115.518,-0.897469,0.05991,-0.182933,-0.485775,0,-1.70277,0.439475,-0.764025,3,drone1
0.544449,-0.548343,1.71638e-05,-24.7248,1.68124,0.787383,114.09,-0.986918,0.0332275,-0.164541,-0.472084,0,-0.529655,0.430001,-0.772836,3,drone1
0.562073,-0.556477,2.03086e-05,-23.9562,1.78052,0.808475,112.78,-1.07612,0.00539977,-0.146818,-0.45747,0,0.626543,0.396093,-0.794376,3,drone1
0.579844,-0.564263,2.24384e-05,-22.8224,1.891,0.814702,111.63,-1.16568,-0.0205631,-0.134728,-0.441068,0,1.16688,0.359788,-0.821483,3,drone1
0.59779,-0.571628,2.41818e-05,-21.5833,2.0089,0.814015,110.673,-1.25623,-0.0422342,-0.127203,-0.423196,0,1.18087,0.326132,-0.850529,3,drone1
0.615913,-0.578613,2.10047e-05,-20.3962,2.00578,0.758796,109.912,-1.34841,-0.0584334,-0.122215,-0.404525,0,0.897119,0.298875,-0.880139,3,drone1
0.634346,-0.585306,2.24819e-05,-19.3271,1.92676,0.656142,109.33,-1.42911,-0.0682553,-0.118373,-0.385439,0,0.471245,0.227662,-0.783222,3,drone1
0.653048,-0.591781,1.99538e-05,-18.4333,1.83818,0.595764,108.906,-1.49099,-0.0694802,-0.114925,-0.365991,0,-0.0155668,0.118953,-0.619794,3,drone1
0.671919,-0.59802,1.90304e-05,-17.747,1.75278,0.5436,108.613,-1.53658,-0.0665443,-0.111273,-0.346384,0,-0.484771,0.0623767,-0.464199,3,drone1
0.690087,-0.603802,1.19648e-05,-17.2142,1.66905,0.52155,108.42,-1.56806,-0.0602732,-0.107101,-0.326831,0,-0.876375,0.0169409,-0.328449,3,drone1
0.709149,-0.609582,1.49326e-05,-16.8487,1.58764,0.493382,104.26,-1.57951,-0.164177,-0.102861,-0.308138,0,-1.21511,0.004402,-0.208093,3,drone1
0.72589,-0.61492,1.60677e-05,-16.0344,1.52681,0.455214,95.515,-1.54593,-0.393951,-0.0773327,-0.294949,0,2.57711,-0.127745,-0.136962,3,drone1
0.739007,-0.618486,9.58729e-06,-14.3567,1.50131,0.388382,87.5635,-1.47933,-0.594705,-0.0337226,-0.285348,0,10.5023,-0.375158,-0.102147,3,drone1
0.751698,-0.622173,1.52373e-05,-11.6359,1.48149,0.321153,80.24,-1.3915,-0.763952,-0.00271808,-0.273727,0,16.772,-0.598473,-0.0646142,3,drone1
0.763319,-0.624928,1.64997e-05,-7.03169,1.47565,0.200977,73.3773,-1.28956,-0.905035,0.0180627,-0.259893,0,21.3724,-0.765139,-0.013657,3,drone1
0.776375,-0.625931,9.67846e-06,-1.28767,1.46525,0.0274066,66.7413,-1.17826,-1.01809,0.0261739,-0.247218,0,23.6302,-0.913679,0.0444989,3,drone1
0.790372,-0.625676,1.24042e-05,5.14939,1.43536,-0.140858,60.1952,-1.06172,-1.10174,0.0255472,-0.234469,0,24.5235,-1.06007,0.125891,3,drone1
0.805614,-0.623692,1.13869e-05,12.2033,1.3829,-0.309166,53.6607,-0.941767,-1.15926,0.0199639,-0.221777,0,24.6354,-1.15284,0.227313,3,drone1
0.813866,-0.620901,9.22898e-06,20.1713,1.33951,-0.486238,47.0747,-0.824732,-1.19406,0.00995549,-0.208825,0,24.1189,-1.22727,0.300632,3,drone1
0.824523,-0.61604,4.02e-05,29.5552,1.21664,-0.741847,40.351,-0.71459,-1.20991,-0.000804143,-0.20245,0,22.74,-1.28516,0.35505,3,drone1
0.837197,-0.607254,2.07411e-05,39.1902,1.08068,-0.918079,35.6311,-0.662302,-1.17817,-0.0183629,-0.193808,0,20.0843,-1.35963,0.479846,3,drone1
0.848212,-0.596977,9.68683e-06,48.676,0.92466,-1.06251,34.3355,-0.695444,-1.101,-0.0466562,-0.181548,0,15.1716,-1.32196,0.522483,3,drone1
0.859719,-0.582357,1.43298e-05,56.966,0.747808,-1.17968,37.0236,-0.809029,-0.967367,-0.0835552,-0.163318,0,6.98267,-1.21143,0.532513,3,drone1
0.868663,-0.567815,1.58427e-05,62.8574,0.618195,-1.24812,46.2523,-0.999354,-0.786204,-0.111894,-0.142948,0,6.05933,-0.728854,0.0777404,3,drone1
0.872831,-0.559022,1.62123e-05,65.5858,0.570935,-1.30507,53.3427,-1.14403,-0.540197,-0.167695,-0.080994,0,-19.1178,-0.845182,0.247733,3,drone1
0.872984,-0.559643,1.48515e-05,64.9914,0.625134,-1.37548,59.4521,-1.24001,-0.298701,-0.184723,-0.0433179,0,-28.9339,-0.605186,0.0890194,3,drone1
0.869804,-0.567155,1.78537e-05,60.9245,0.779174,-1.43928,65.0107,-1.30265,-0.06685,-0.187431,-0.0256276,0,-34.4437,-0.395838,-0.0911764,3,drone1
0.862328,-0.579206,1.98465e-05,54.4652,1.02784,-1.47169,70.4208,-1.34152,0.154097,-0.183826,-0.0277803,0,-35.9279,-0.206711,-0.282752,3,drone1
0.852699,-0.590996,2.18303e-05,46.9462,1.32663,-1.44738,75.9365,-1.36319,0.362209,-0.177692,-0.0442372,0,-34.8689,-0.0136962,-0.488416,3,drone1
0.84355,-0.599281,2.38629e-05,38.2327,1.65601,-1.32828,81.653,-1.37117,0.555762,-0.171383,-0.0649787,0,-32.8545,0.19737,-0.681609,3,drone1
0.83955,-0.601594,3.21179e-05,28.2677,1.90901,-1.06442,87.6694,-1.3666,0.732633,-0.165154,-0.0859714,0,-29.8466,0.431281,-0.83819,3,drone1
0.841703,-0.600562,3.17729e-05,18.3853,1.94273,-0.606299,93.9168,-1.34402,0.886632,-0.158559,-0.101775,0,-25.892,0.672925,-0.863871,3,drone1
0.847943,-0.598578,2.45489e-05,8.89802,1.85692,-0.263631,100.69,-1.28318,1.01216,-0.152007,-0.109207,0,-22.2597,0.975621,-0.644032,3,drone1
0.85334,-0.598105,2.05093e-05,-0.429519,1.72775,0.0349662,107.733,-1.1923,1.11224,-0.146509,-0.109699,0,-19.5511,1.13661,-0.407601,3,drone1
0.856219,-0.597983,1.80883e-05,-10.1246,1.57236,0.300936,115.003,-1.07953,1.18544,-0.140926,-0.110113,0,-17.2731,1.24881,-0.183438,3,drone1
0.859217,-0.597827,1.64846e-05,-21.4433,1.37139,0.559062,122.515,-0.952725,1.23143,-0.135574,-0.113116,0,-14.8548,1.31729,0.0181439,3,drone1
0.863599,-0.599447,1.52579e-05,-35.666,1.09369,0.808041,130.407,-0.816287,1.2499,-0.127401,-0.118843,0,-11.0543,1.34183,0.207678,3,drone1
0.870154,-0.605448,1.4091e-05,-52.0333,0.739255,0.977791,138.931,-0.672221,1.24027,-0.111607,-0.127871,0,-4.72882,1.31981,0.389283,3,drone1
0.877695,-0.617489,1.28587e-05,-67.7087,0.38974,0.999683,146.738,-0.557703,1.19072,-0.087535,-0.13496,0,3.11073,1.24332,0.566323,3,drone1
0.8834,-0.633817,1.17445e-05,-80.5257,0.131461,0.89982,156.829,-0.441607,1.08131,0.138472,0.654392,0,10.9369,1.71553,0.915462,4,drone1
0.882649,-0.627153,1.18109e-05,-92.8717,-0.0623612,0.863706,167.198,-0.301024,1.0201,0.12552,0.682489,0,13.7022,0.858081,0.808401,4,drone1
0.884034,-0.617104,4.01175e-06,-106.075,-0.227431,0.802357,177.764,-0.180423,0.941663,0.0956888,0.683912,0,15.6791,0.775792,0.869663,4,drone1
0.886191,-0.611406,1.87384e-05,-120.414,-0.427927,0.661095,-171.405,-0.0816334,0.852777,0.0541622,0.685767,0,18.3151,0.683644,0.893618,4,drone1
0.88695,-0.610354,1.30639e-05,-135.62,-0.538698,0.494993,-160.224,-0.0012388,0.751695,0.00601242,0.687706,0,21.8236,0.557538,0.964759,4,drone1
0.888082,-0.609368,1.99327e-05,-152.207,-0.578257,0.347172,-148.64,0.0605615,0.647582,-0.0435227,0.686686,0,25.8475,0.416495,0.958744,4,drone1
0.887887,-0.610388,1.35286e-05,-170.35,-0.589549,0.125548,-136.555,0.101902,0.546249,-0.104641,0.680775,0,30.8491,0.314905,0.912364,4,drone1
0.880529,-0.610586,3.12114e-06,169.986,-0.494919,-0.0826862,-123.865,0.130764,0.446811,-0.174946,0.666426,0,36.9072,0.154175,0.864554,4,drone1
0.868081,-0.606206,4.46292e-06,150.742,-0.344543,-0.18386,-125.904,0.036345,0.39814,-0.249276,0.635134,0,43.8798,-0.0219707,0.764045,4,drone1
0.859465,-0.599899,1.15566e-05,134.485,-0.210507,-0.181735,-123.618,-0.0101892,0.345111,-0.453343,0.492167,0,65.1634,-0.0801001,0.567847,4,drone1
0.853053,-0.591463,9.97867e-06,123.446,-0.109263,-0.129183,-124.705,-0.0656119,0.301183,-0.551457,0.360356,0,79.1339,-0.138185,0.397367,4,drone1
0.852978,-0.588859,1.14958e-05,117.057,-0.0570916,-0.0849036,-124.579,-0.0995716,0.263093,-0.608229,0.228185,0,91.2592,-0.191619,0.244704,4,drone1
0.853548,-0.588612,8.90103e-06,114.602,-0.0395622,-0.0427525,-123.826,-0.120586,0.230015,-0.629063,0.157887,0,97.5224,-0.224267,0.146524,4,drone1
0.857682,-0.596445,2.08616e-06,115.901,-0.0158683,-0.0434597,-122.904,-0.134103,0.201915,-0.633994,0.138781,0,99.2249,-0.231162,0.0667919,4,drone1
0.861756,-0.603317,1.47647e-05,118.72,-0.0414938,-0.0131649,-122.204,-0.142246,0.173062,-0.633192,0.170519,0,97.0038,-0.24031,0.0406298,4,drone1
0.86605,-0.610008,1.02679e-05,123.062,-0.0262998,-0.00196707,-121.855,-0.151628,0.149666,-0.626024,0.215678,0,93.4836,-0.176659,-0.0177185,4,drone1
0.869646,-0.614763,2.37741e-05,129.374,-0.0295268,0.0398467,-121.976,-0.15142,0.124994,-0.610429,0.272921,0,88.7934,-0.226182,-0.0482334,4,drone1
0.86897,-0.614141,1.04263e-05,136.259,0.0358685,0.0634675,-122.716,-0.150245,0.105942,-0.580395,0.342333,0,82.602,-0.180017,-0.101629,4,drone1
0.863901,-0.609936,1.25817e-05,144.29,0.111061,0.111018,-124.07,-0.140854,0.0887436,-0.539887,0.401728,0,76.4563,-0.213717,-0.144885,4,drone1
0.857765,-0.606781,1.12263e-05,155.258,0.209518,0.121199,-126.092,-0.123058,0.0777313,-0.486201,0.45606,0,69.7794,-0.238458,-0.216963,4,drone1
0.85467,-0.606849,1.03152e-05,169.412,0.297239,0.0762224,-129.009,-0.0971158,0.0712568,-0.405529,0.520358,0,60.8334,-0.276854,-0.271447,4,drone1
0.84711,-0.606748,1.00542e-05,-174.445,0.391735,-0.0185896,-133.049,-0.0659554,0.0674562,-0.293923,0.587452,0,49.5957,-0.308371,-0.294027,4,drone1
0.835114,-0.609584,1.00575e-05,-157.951,0.470711,-0.170343,-138.3,-0.028588,0.0665605,-0.159672,0.629959,0,37.493,-0.35927,-0.316983,4,drone1
0.821492,-0.617998,1.04164e-05,-143.563,0.515061,-0.357156,-142.172,0.018711,0.070524,-0.0259016,0.639498,0,26.2501,-0.435088,-0.333373,4,drone1
0.809035,-0.629255,2.22476e-05,-132.655,0.48564,-0.587843,-142.466,0.0789587,0.0748273,0.103074,0.622663,0,15.7344,-0.517115,-0.350168,4,drone1
0.799395,-0.641915,1.59323e-05,-123.458,0.472232,-0.763393,-138.485,0.153212,0.0624863,0.228363,0.58164,0,5.12026,-0.61352,-0.342857,4,drone1
0.792747,-0.654213,1.38088e-05,-117.444,0.454281,-0.920259,-130.291,0.236351,0.0257528,0.366154,0.502953,0,-8.05706,-0.613685,-0.445164,4,drone1
0.788549,-0.664134,1.35389e-05,-114.885,0.462332,-1.04144,-123.517,0.317522,-0.0283964,0.487286,0.386886,0,-22.2648,-0.539089,-0.589843,4,drone1
0.789771,-0.664421,1.37475e-05,-116.107,0.512068,-1.08654,-117.676,0.394027,-0.0961057,0.549843,0.293963,0,-31.5967,-0.435794,-0.706678,4,drone1
0.791742,-0.662539,1.41772e-05,-122.966,0.666371,-1.06116,-112.296,0.460275,-0.171699,0.572681,0.249542,0,-36.2135,-0.294674,-0.766191,4,drone1
0.794213,-0.659423,7.86215e-06,-132.776,0.885484,-0.96395,-106.769,0.51519,-0.248843,0.56559,0.266931,0,-34.7299,-0.148026,-0.807211,4,drone1
0.793223,-0.660164,1.37753e-05,-143.539,1.10568,-0.835968,-100.897,0.580284,-0.319428,0.530248,0.276646,0,-31.2838,0.0425914,-1.05083,4,drone1
0.789772,-0.661986,1.62044e-05,-155.766,1.34139,-0.624031,-98.6569,0.455023,-0.386249,0.472056,-0.452688,1.5554,-61.1285,-0.0468401,0.798311,-1,drone1
0.802748,-0.658009,2.061e-05,-167.107,1.44912,-0.359449,-95.1586,0.32305,-0.438149,0.499685,-0.387587,1.55627,-55.0158,-0.00382209,0.726336,-1,drone1
0.810595,-0.656793,1.47805e-05,-177.625,1.53637,-0.0781455,-91.1894,0.291946,-0.45946,0,0,0,0,0,0,-1,drone1
0.794968,-0.656181,1.19804e-05,172.347,1.69187,0.232457,-99.9929,0.358825,-0.409366,-0.00468182,-0.0168355,0,0,0,0,-1,drone1
0.783175,-0.654746,1.83902e-05,164.392,1.79117,0.515252,-90.993,0.290369,-0.460458,0.0107321,-0.0339785,0,0,0,0,-1,drone1
0.776469,-0.651952,1.31987e-05,157.344,1.847,0.771262,-84.3887,0.392203,-0.422051,0.878618,0.738334,0,12.5086,0.451119,-1.5254,11,drone1
0.760472,-0.643607,1.70379e-05,150.271,1.886,1.07242,-79.9909,0.520708,-0.383114,0.874661,0.742672,0,12.456,0.592521,-1.52464,11,drone1
0.744766,-0.633274,2.18152e-05,144.912,1.70249,1.176,-78.5829,0.674982,-0.324356,0.841183,0.765359,0,14.6232,0.67206,-1.49748,11,drone1
0.729541,-0.621625,2.07714e-05,141.308,1.53881,1.21049,-80.2621,0.827327,-0.228767,0.796886,0.795792,0,17.8949,0.622065,-1.28724,11,drone1
0.716556,-0.610696,1.97074e-05,139.422,1.41303,1.18675,-86.5785,0.969797,-0.0515213,-0.63396,1.07539,0,26.8589,0.413802,-1.11494,9,drone1
0.714927,-0.609289,1.76281e-05,140.833,1.30496,1.04034,-92.1182,1.06077,0.130857,0.508363,0.944573,0,34.6253,0.111677,-0.887103,11,drone1
0.705906,-0.602532,1.67374e-05,145.787,1.28763,0.85323,-97.2342,1.10262,0.302208,0.445248,0.977432,0,38.8573,-0.16407,-0.609913,11,drone1
0.692993,-0.59465,9.63241e-06,152.176,1.27025,0.677006,-102.231,1.10545,0.457562,0.422239,0.978819,0,40.0466,-0.369379,-0.386374,11,drone1
0.679207,-0.588306,2.83399e-05,159.08,1.27052,0.436718,-106.807,1.08126,0.588395,0.43812,0.964848,0,39.4176,-0.498984,-0.217997,11,drone1
0.664476,-0.583803,1.97209e-05,166.098,1.21163,0.330286,-111.813,1.03634,0.704081,-0.838324,0.847604,0,39.9456,-0.701353,-0.0963896,9,drone1
0.659714,-0.584185,1.45408e-05,174.904,1.11327,0.12053,-113.907,1.00463,0.743108,0.502745,0.904869,0,35.7467,-0.720963,0.104865,11,drone1
0.641537,-0.584005,1.76895e-05,-175.397,1.04967,-0.113181,-113.348,1.0053,0.714882,0.606944,0.836879,0,29.7813,-0.747421,0.187403,11,drone1
0.624623,-0.586242,1.58064e-05,-166.588,0.962046,-0.255601,-110.067,1.04042,0.612516,0.755261,0.701619,0,19.4703,-0.763097,0.248878,11,drone1
0.60869,-0.590415,1.37683e-05,-159.871,0.873415,-0.343643,-103.013,1.10046,0.421996,0.893908,0.506475,0,6.57125,-0.643567,0.277013,11,drone1
0.598264,-0.595006,5.73519e-06,-155.027,0.779235,-0.355016,-94.8419,1.13778,0.199069,1.01908,0.215542,0,-8.3109,-0.428361,0.249257,11,drone1
0.599287,-0.594872,3.67005e-06,-151.932,0.633473,-0.333201,-88.2379,1.13542,0.0128211,1.03888,-0.0576667,0,-23.9781,-0.093572,0.259997,11,drone1
0.600816,-0.594508,1.02542e-05,-151.135,0.50502,-0.276117,-82.5729,0.931658,-0.225375,1.02289,-0.193224,0,-33.3588,-1.14183,1.73786,11,drone1
0.602527,-0.59405,4.18225e-06,-152.668,0.390654,-0.193772,-76.5753,0.705997,-0.405841,1.01268,-0.130969,-0.000496257,-30.0242,-0.984348,1.5976,11,drone1
0.602535,-0.59474,6.09552e-06,-157.199,0.288657,-0.112759,-76.0916,0.668172,-0.410252,0.617686,0.901446,0,-39.3983,0.386639,0.327184,9,drone1
0.585881,-0.600676,7.06636e-06,-162.507,0.262625,-0.0682822,-76.1728,0.6277,-0.398031,0.544649,0.942202,0,-35.0026,0.368028,0.405043,9,drone1
0.568329,-0.605231,8.39787e-06,-167.043,0.234459,-0.0368629,-77.1694,0.606945,-0.33531,0.407394,0.975477,0,-29.0659,0.705166,0.448883,9,drone1
0.549752,-0.608566,8.94664e-06,-170.815,0.208272,-0.015638,-78.1449,0.579876,-0.299884,0.358576,1.00608,0,-24.5248,0.389943,0.377589,9,drone1
0.530765,-0.610922,9.11537e-06,-173.948,0.183533,-0.00114628,-79.3282,0.543918,-0.266651,0.270706,0.998885,0,-19.1393,0.267278,0.443301,9,drone1
0.511321,-0.612395,9.13944e-06,-176.607,0.161689,0.00875178,-80.9416,0.519427,-0.22763,0.169977,1.00093,0,-13.8308,0.277405,0.350167,9,drone1
0.491605,-0.613101,9.11877e-06,-178.812,0.142481,0.0153508,-82.8604,0.497045,-0.188657,0.0793076,0.997451,0,-9.28169,0.231057,0.322097,9,drone1
0.472237,-0.613192,9.0877e-06,179.455,0.123263,0.0194444,-84.3966,0.472209,-0.158317,0.0583935,0.985147,0,-7.10845,0.178218,0.31098,9,drone1
0.452747,-0.612819,9.06228e-06,178.15,0.106424,0.0216894,-86.9091,0.452432,-0.117077,-0.0975594,0.967155,0,-0.765926,0.182073,0.280892,9,drone1
0.434151,-0.612177,9.03393e-06,177.325,0.0871237,0.0223001,-88.3354,0.435672,-0.0911814,-0.0352607,0.982075,0,-2.99166,0.154448,0.201816,9,drone1
0.414765,-0.61126,9.02216e-06,176.92,0.0733353,0.0221718,-90.7831,0.412115,-0.0566941,-0.19905,0.926844,0,4.89366,0.123376,0.277256,9,drone1
0.396356,-0.610386,9.00124e-06,176.933,0.056517,0.0212248,-92.0482,0.384677,-0.0369754,-0.132886,0.925149,0,3.39446,0.0932372,0.285756,9,drone1
0.377161,-0.609464,8.99592e-06,177.318,0.044972,0.0202948,-94.2294,0.350197,-0.0149424,-0.254854,0.891533,0,7.80464,0.0561722,0.357437,9,drone1
0.358657,-0.608774,8.98356e-06,178.022,0.0315554,0.0192499,-96.2163,0.320727,0.00376867,-0.284983,0.842646,0,10.8841,0.0468374,0.297133,9,drone1
0.340161,-0.608337,8.97567e-06,179.097,0.0194324,0.0184464,-97.793,0.289186,0.0136446,-0.278444,0.842059,0,10.0809,0.0132785,0.315659,9,drone1
0.321386,-0.608252,8.97195e-06,-179.565,0.00994932,0.0180573,-99.654,0.250698,0.0619329,-0.313117,0.81235,0,9.72994,0.411277,0.296532,9,drone1
0.302732,-0.608607,8.96867e-06,-178.024,0.00120594,0.0180956,-99.6048,0.231732,0.0562436,-0.191047,0.831069,0,7.76014,-0.0449889,0.197297,9,drone1
0.283,-0.609584,8.9672e-06,-176.474,-0.00101146,0.018221,-99.0356,0.215358,0.0489735,-0.135438,0.825867,0,5.0388,-0.0347335,0.175197,9,drone1
0.262977,-0.611134,8.97129e-06,-175.16,-0.000383116,0.0182302,-99.6306,0.191314,0.0435472,-0.204847,0.779508,0,6.47991,-0.0511749,0.245637,9,drone1
0.243621,-0.612963,8.97793e-06,-173.985,-0.0015021,0.0184049,-97.6078,0.174926,0.0286852,0.00180015,0.806001,0,-0.789626,-0.0483633,0.188928,9,drone1
0.224771,-0.615343,8.97815e-06,-173.149,-0.00361493,0.0187119,-97.3206,0.15681,0.0228884,-0.0859489,0.760366,0,0.28822,-0.0250604,0.187512,9,drone1
0.204979,-0.617874,8.99027e-06,-172.717,0.000124494,0.0183035,-95.6837,0.145846,0.016347,0.0318388,0.748333,0,-4.64546,0.002917,0.117632,9,drone1
0.186109,-0.620524,8.99522e-06,-172.662,0.000735454,0.0182377,-94.813,0.128549,0.0102048,0.00793095,0.734749,0,-5.03047,-0.0158441,0.177983,9,drone1
0.166852,-0.623066,9.00357e-06,-173.013,0.00437094,0.0177991,-93.2418,0.118995,0.00705088,0.0732364,0.701028,0,-7.42857,0.0229288,0.0986603,9,drone1
0.14801,-0.625435,9.00915e-06,-173.709,0.00713555,0.0175332,-93.2518,0.102885,-0.00062104,-0.0141061,0.69511,0,-4.71627,-0.0639461,0.16295,9,drone1
0.128345,-0.627434,9.01492e-06,-174.541,0.0149373,0.0168749,-91.546,0.0936312,-0.00637605,0.100746,0.661103,0,-8.44725,-0.0126261,0.0917139,9,drone1
0.10958,-0.6292,9.01432e-06,-175.509,0.0195282,0.0167398,-89.9534,0.0850703,-0.0104849,0.115428,0.638081,0,-9.33904,-0.00364565,0.0823901,9,drone1
0.0907744,-0.63056,9.01845e-06,-176.765,0.0254178,0.0168159,-90.5963,0.0738964,-0.0159079,-0.00463078,0.632539,0,-5.38621,-0.0605302,0.109366,9,drone1
0.0709121,-0.63142,9.0221e-06,-177.992,0.0375883,0.0169191,-93.2028,0.00806616,0.0182472,-0.126516,0.60536,0,-2.0296,0.306706,0.665888,9,drone1
0.0522835,-0.631859,9.01868e-06,-178.809,0.0450865,0.0172819,-94.8265,0.0108141,0.0154597,-0.117094,0.56514,0,2.15095,-0.032736,-0.0310661,9,drone1
0.0332436,-0.632155,9.01386e-06,-179.165,0.0557991,0.0173873,-97.3819,0.0188422,0.0195166,-0.187859,0.520684,0,6.34503,0.0224767,-0.0927785,9,drone1
0.0149143,-0.632386,9.0092e-06,-179.069,0.0644127,0.0171383,-102.251,0.0206777,0.0182315,-0.198389,0.494677,0,9.36754,-0.0383611,-0.03166,9,drone1
-0.00184779,-0.632667,9.00188e-06,-178.329,0.0667873,0.0162251,-109.372,0.0240651,0.0228138,-0.200588,0.471429,0,13.0237,-0.00329978,-0.0641795,9,drone1
-0.0170574,-0.633107,8.99195e-06,-176.717,0.0629049,0.0145701,-116.373,0.0275275,0.0314339,-0.257523,0.424962,0,19.9864,0.00975565,-0.0867228,9,drone1
-0.0304466,-0.633751,8.97704e-06,-173.96,0.0514026,0.0127887,-122.939,0.0317786,0.0424453,-0.252963,0.419249,0,24.3437,-0.0019486,-0.11505,9,drone1
-0.0436939,-0.635052,8.94751e-06,-169.88,0.0404553,0.0111383,-128.865,0.0274493,0.0474884,-0.346043,0.330149,0,30.7346,-0.0161485,-0.0182162,9,drone1
-0.0571215,-0.637566,8.91595e-06,-164.464,0.0322185,0.00973978,-130.089,0.0305246,0.0546878,-0.284761,0.370053,0,30.5702,-0.02119,-0.0795268,9,drone1
-0.0744743,-0.643594,8.90461e-06,-158.927,0.0459836,0.00156236,-129.14,0.0314192,0.0600159,-0.31211,0.328088,0,28.8015,0.00383292,-0.0495957,9,drone1
-0.0919384,-0.651511,8.92345e-06,-154.671,0.0632243,-0.0100024,-127.425,0.0336253,0.069016,-0.288856,0.326553,0,22.3745,0.0358149,-0.0832228,9,drone1
-0.109173,-0.660519,8.96404e-06,-151.766,0.0820497,-0.0235504,-122.027,0.0459588,0.0726349,-0.127419,0.395884,0,12.6652,-0.0051253,-0.0978553,9,drone1
-0.123671,-0.668905,8.99768e-06,-150.409,0.0905415,-0.0305673,-117.516,0.058775,0.0715932,-0.0893415,0.379493,0,5.46027,-0.0254906,-0.0787265,9,drone1
-0.138627,-0.677618,9.02517e-06,-150.637,0.103729,-0.0375199,-112.682,0.073071,0.0668824,-0.0267156,0.37281,0,-0.921927,-0.0328124,-0.0770855,9,drone1
-0.153378,-0.685889,9.10118e-06,-152.134,0.117709,-0.0416245,-107.437,0.0880861,0.0640941,0.0349852,0.371755,0,-6.60156,0.0187143,-0.0962153,9,drone1
-0.1682,-0.693461,9.08459e-06,-154.772,0.133153,-0.0425795,-102.241,0.101991,0.056582,0.0780141,0.352753,0,-11.0855,0.00808757,-0.075469,9,drone1
-0.183426,-0.700105,9.12389e-06,-158.267,0.150738,-0.0404037,-97.3221,0.11461,0.0504542,0.108657,0.336722,0,-14.3267,0.0464295,-0.0718403,9,drone1
-0.19913,-0.70586,9.13399e-06,-162.389,0.171153,-0.0351667,-93.8317,0.134567,0.0345883,0.0907926,0.319405,0,-13.8814,-0.0631417,-0.156884,9,drone1
-0.216147,-0.710637,9.17478e-06,-166.857,0.198083,-0.0275017,-89.9999,0.141297,0.0275282,0.12209,0.298353,0,-16.5455,0.0607926,-0.0327514,9,drone1
-0.233195,-0.714034,9.20895e-06,-171.495,0.224951,-0.015157,-86.9061,0.156101,0.0216683,0.110785,0.283535,0,-14.007,0.0661018,-0.121256,9,drone1
-0.25087,-0.71595,9.25493e-06,-176.17,0.254643,0.00127655,-84.6432,0.172356,0.0192024,0.104452,0.287005,0,-13.1641,0.0953246,-0.136236,9,drone1
-0.269046,-0.716442,9.31199e-06,179.324,0.286638,0.021663,-83.2038,0.191264,0.0196997,0.0886653,0.285341,0,-11.0872,0.112609,-0.162906,9,drone1
-0.287669,-0.715612,9.37718e-06,175.109,0.320984,0.0457968,-82.1134,0.209967,0.020982,0.0668791,0.249037,0,-6.92335,0.102383,-0.165847,9,drone1
-0.306534,-0.713565,9.45654e-06,171.354,0.357173,0.0727656,-81.5847,0.23055,0.024925,0.0477449,0.227775,0,-3.41026,0.103512,-0.188262,9,drone1
-0.325639,-0.71044,9.56037e-06,168.3,0.396034,0.100635,-81.5973,0.253226,0.0319944,0.0299294,0.205483,0,0.161616,0.10172,-0.214399,9,drone1
-0.34469,-0.706382,9.68757e-06,166.056,0.437213,0.12733,-82.0869,0.271058,0.0348101,0.0149086,0.184139,0,3.41734,0.0133567,-0.182695,9,drone1
-0.363202,-0.70183,9.81985e-06,164.631,0.479255,0.150599,-82.9669,0.283279,0.0331742,0.0028844,0.164397,0,6.22377,-0.0753117,-0.138699,9,drone1
-0.381346,-0.697014,9.97913e-06,164.036,0.523773,0.168748,-86.7008,0.252276,0.17357,-0.0395197,0.165662,0,5.76555,1.16599,0.370459,9,drone1
-0.397678,-0.692816,1.01099e-05,164.491,0.564804,0.175565,-87.8685,0.279817,0.172221,-0.0174781,0.1199,0,13.1596,-0.138543,-0.343757,9,drone1
-0.415804,-0.688197,1.03295e-05,165.813,0.619534,0.175352,-89.1566,0.308408,0.173657,-0.0186829,0.101551,0,13.9492,-0.142575,-0.356164,9,drone1
-0.434032,-0.684037,1.05677e-05,167.625,0.678647,0.167497,-90.3434,0.338823,0.177094,-0.0186639,0.0861716,0,13.7466,-0.138369,-0.369366,9,drone1
-0.450869,-0.680731,1.08029e-05,169.717,0.734195,0.151661,-91.3423,0.380967,0.186807,-0.0184829,0.0657101,0,13.2589,-0.0942656,-0.484381,9,drone1
-0.463857,-0.678656,1.09575e-05,171.904,0.773581,0.12835,-91.9575,0.430916,0.121161,-0.0148686,0.0529797,0,11.3492,-0.829339,-0.464947,9,drone1
-0.474475,-0.677314,1.11068e-05,174.031,0.803497,0.102266,-92.7064,0.461553,0.121617,-0.01524,0.0417194,0,10.2535,-0.167224,-0.326124,9,drone1
-0.482915,-0.67657,1.12087e-05,176.058,0.824843,0.0750478,-93.3765,0.428505,0.0673569,-0.0151169,0.0571532,0,9.23519,-0.63009,0.374585,9,drone1
-0.494582,-0.675951,1.14139e-05,178.002,0.863832,0.0483202,-93.7666,0.466366,0.0683431,-0.010291,0.0257491,0,7.35198,-0.119337,-0.380008,9,drone1
-0.499813,-0.675851,1.14664e-05,179.83,0.874126,0.0207785,-94.1129,0.504603,0.0681387,-0.00817683,0.0151936,0,5.73948,-0.119936,-0.382115,9,drone1
-0.502991,-0.675904,1.1482e-05,-178.488,0.876925,-0.00495713,-94.6995,0.536453,0.0656046,-0.00882132,0.0138315,0,4.16578,-0.147508,-0.316837,9,drone1
-0.505933,-0.676048,1.15094e-05,-176.937,0.881134,-0.0289441,-95.0424,0.569633,0.0639338,-0.0057685,0.0083692,0,3.07768,-0.113142,-0.329093,9,drone1
-0.507742,-0.676217,1.15236e-05,-175.527,0.882594,-0.0507982,-98.4341,0.712158,0.133193,-0.0242253,-0.0484613,0,2.57704,0.169726,-1.50286,9,drone1
-0.498309,-0.675214,1.12654e-05,-173.976,0.832636,-0.069564,-96.4994,0.74814,0.0837141,0.00787994,0.029891,0,3.69066,-0.352221,-0.269742,9,drone1
-0.504358,-0.676233,1.13961e-05,-172.58,0.859461,-0.093629,-97.24,0.753279,0.0806385,-0.00846194,0.0230055,0,0.0523735,-0.134389,-0.0479552,9,drone1
-0.509099,-0.676926,1.15586e-05,-171.596,0.883303,-0.112114,-98.1304,0.758357,0.0760717,-0.00861157,0.0157825,0,-0.48271,-0.162895,-0.0439551,9,drone1
-0.51241,-0.677457,1.16935e-05,-170.671,0.903147,-0.129928,-100.782,0.689457,0.146804,-0.0217052,0.00862897,0,-0.461292,0.449106,0.590047,9,drone1
-0.51461,-0.677654,1.18202e-05,-169.504,0.919668,-0.15186,-100.618,0.713015,0.132065,-0.0079393,-0.00542363,0,1.6303,-0.191434,-0.201414,9,drone1
-0.514678,-0.677842,1.18859e-05,-168.351,0.928777,-0.172904,-102.358,0.731714,0.14134,-0.0119921,-0.0118939,0,0.566479,-0.171526,-0.202958,9,drone1
-0.512761,-0.677327,1.19268e-05,-167.268,0.931129,-0.191724,-104.831,0.780552,0.214648,-0.0130397,-0.0353818,0,1.37505,0.265219,-0.635314,9,drone1
-0.506439,-0.675636,1.1857e-05,-165.764,0.913263,-0.212907,-104.618,0.799146,0.193906,-0.00604088,-0.00318822,0,2.13412,-0.250156,-0.122472,9,drone1
-0.506699,-0.675967,1.19841e-05,-164.415,0.930261,-0.240585,-113.303,0.774883,0.299039,-0.0872379,-0.0151568,0,3.14848,-0.212342,-0.0974685,9,drone1
-0.50739,-0.674697,1.21773e-05,-160.836,0.938414,-0.30679,-121.317,0.742153,0.392167,-0.0743937,-0.016484,0,9.86134,-0.324433,-0.0726611,9,drone1
-0.509807,-0.675174,1.24681e-05,-153.61,0.92695,-0.439438,-124.039,0.835378,0.432114,-0.003891,-0.0549388,0,13.744,-0.841324,-0.887056,9,drone1
-0.502436,-0.671484,1.24253e-05,-147.102,0.862624,-0.536108,-131.86,0.785126,0.521459,-0.0640749,-0.0793353,0,11.7933,-0.448643,0.0446846,9,drone1
-0.497791,-0.667751,1.24273e-05,-139.819,0.791447,-0.644362,-138.945,0.732505,0.588985,0.000580297,-0.138911,0,14.4913,-0.528784,0.13527,9,drone1
-0.487349,-0.657565,1.22026e-05,-130.895,0.659121,-0.733019,-137.738,0.769613,0.534159,-0.016909,0.0189187,0,8.00346,-0.563146,0.192439,9,drone1
-0.491672,-0.66267,1.26103e-05,-125.139,0.622105,-0.852134,-133.612,0.829695,0.425924,-0.00627865,0.0525107,0,-3.25627,-0.474509,0.198038,9,drone1
-0.497192,-0.670045,1.27895e-05,-124.603,0.65969,-0.925016,-128.188,0.893683,0.290435,0.0173648,0.0587973,0,-14.0417,-0.378709,0.0782305,9,drone1
-0.501837,-0.675854,1.28318e-05,-128.004,0.759215,-0.944985,-128.236,0.922085,0.24163,-0.00372612,0.0272136,0,-18.3423,-0.276001,-0.0581924,9,drone1
-0.5045,-0.679096,1.39034e-05,-132.166,0.870186,-0.934724,-125.74,1.07793,0.107199,0.0429661,-0.00437177,0,-14.9635,-1.32312,-0.82171,9,drone1
-0.500113,-0.674474,1.46704e-05,-135.259,0.934021,-0.899227,-118.888,1.10566,-0.0741141,0.186429,0.00358772,0,-21.5028,-0.181579,-0.108864,9,drone1
-0.492353,-0.667299,1.45053e-05,-139.991,1.00925,-0.823237,-112.408,1.05259,-0.272033,0.167164,0.00573656,0,-25.2163,-0.129563,0.409783,9,drone1
-0.486094,-0.662909,1.45975e-05,-147.923,1.13391,-0.689366,-106.627,1.03922,-0.385214,0.0601171,0.0163241,0,-21.6137,0.241052,-0.348604,9,drone1
-0.484532,-0.661859,1.50524e-05,-156.83,1.27967,-0.528169,-99.8571,1.00619,-0.512263,0.123044,0.027231,0,-22.3108,0.292253,-0.372125,9,drone1
-0.483356,-0.662015,1.56722e-05,-166.453,1.41323,-0.322046,-92.8458,0.951455,-0.579985,0.11063,0.0443078,0,-19.8791,0.855357,-0.336935,9,drone1
-0.487425,-0.662736,1.65551e-05,-177.273,1.54362,-0.0556472,-85.5392,0.935322,-0.577674,0.0889315,0.0483385,0,-16.9085,1.52719,-0.693466,9,drone1
-0.495917,-0.662236,1.78031e-05,171.809,1.64562,0.254844,-81.0501,0.943639,-0.608648,0.106675,0.16064,0,-16.4699,0.808119,-0.56973,9,drone1
-0.512087,-0.658977,1.96727e-05,161.871,1.73267,0.585984,-77.9795,0.976141,-0.633556,0.0879199,0.163471,0,-10.0826,0.582197,-0.651497,9,drone1
-0.52787,-0.653083,2.1811e-05,154.263,1.79352,0.884263,-75.9329,1.03888,-0.627201,0.0527728,0.128704,0,-1.64232,0.619383,-0.760095,9,drone1
-0.543405,-0.644912,2.4312e-05,148.923,1.85703,1.13996,-81.1546,1.19303,-0.462452,-0.0244293,0.102543,0,5.58837,0.754005,-0.817623,9,drone1
-0.555011,-0.637301,1.64437e-05,145.379,1.73293,1.20119,-84.1504,1.32477,-0.302405,-0.0400234,-0.00543732,0,19.8204,0.557106,-0.92129,9,drone1
-0.554649,-0.637387,1.28009e-05,143.401,1.50138,1.11841,-84.246,1.41478,-0.196253,-0.0295963,-0.0664761,0,28.2049,0.298607,-0.764098,9,drone1
-0.54512,-0.64441,1.44229e-05,143.09,1.26392,0.965272,-83.4704,1.46757,-0.128386,-0.0253007,-0.0739764,0,30.5942,0.0559201,-0.437904,9,drone1
-0.533738,-0.652597,1.38753e-05,144.349,1.0527,0.775544,-83.255,1.37224,-0.0874088,-0.0233362,-0.00991263,0,30.5049,-0.179609,1.05618,9,drone1
-0.531603,-0.654198,1.25931e-05,146.534,0.895323,0.613058,-85.1447,1.37098,0.0299565,-0.0456659,-0.0604517,0,30.2761,0.00902804,0.0976904,9,drone1
-0.522395,-0.659867,1.09997e-05,150.527,0.710206,0.421748,-86.6579,1.34158,0.120895,-0.04182,-0.0720391,0,30.5911,-0.136586,0.306408,9,drone1
-0.5091,-0.666702,9.82867e-06,155.221,0.495657,0.248448,-85.0804,1.3722,0.0943486,-0.0150932,-0.0931377,0,28.144,-0.594745,-0.22465,9,drone1
-0.492455,-0.673373,9.15051e-06,158.973,0.247643,0.114475,-87.5724,1.28844,0.170444,-0.0427664,-0.0697498,0,22.1527,-0.295943,0.781883,9,drone1
-0.480274,-0.677635,8.85203e-06,162.784,0.0102722,0.0218943,-90.8476,1.17711,0.245175,-0.0438291,-0.0494511,0,20.8323,-0.336417,0.984168,9,drone1
-0.470466,-0.680437,8.99834e-06,167.254,-0.222007,-0.0319263,-91.7679,1.1881,0.224766,-0.0221771,-0.054035,0,20.3043,-0.834855,-0.0856,9,drone1
-0.4601,-0.68217,9.55595e-06,171.584,-0.461366,-0.0501756,-94.2857,1.03862,0.256772,-0.0317257,0.00857473,0,15.2365,-0.310338,1.38736,9,drone1
-0.46231,-0.681881,1.01997e-05,175.627,-0.641494,-0.0310932,-97.52,0.867537,0.295266,-0.0388362,0.0443825,0,13.1699,-0.164337,1.54348,9,drone1
-0.471931,-0.681462,1.08526e-05,179.668,-0.78496,0.0133508,-97.0579,0.723407,0.251504,-0.0128029,0.0620219,0,10.5042,-0.215269,1.48975,9,drone1
-0.484845,-0.681849,1.15682e-05,-176.59,-0.90995,0.0721749,-99.4558,0.557954,0.25535,-0.0289833,0.033945,0,7.62669,-0.0775467,1.54904,9,drone1
-0.492275,-0.682504,1.25723e-05,-173.184,-1.05803,0.144532,-104.225,0.349815,0.309351,-0.046647,0.024999,0,6.15842,0.410054,1.77518,9,drone1
-0.498634,-0.683224,1.37658e-05,-169.572,-1.20608,0.240174,-105.409,0.205867,0.280601,-0.0181905,0.0112085,0,7.27583,0.0165154,1.39446,9,drone1
-0.501782,-0.68412,1.53069e-05,-166.089,-1.36345,0.356147,-108.192,0.128887,0.345709,-0.0235818,-0.0150639,0,6.53015,0.69209,0.401523,9,drone1
-0.50017,-0.683603,1.73191e-05,-162.923,-1.5387,0.491389,-109.053,-0.0201088,0.309358,-0.0109479,0.00216606,0,3.88801,0.114549,1.46282,9,drone1
-0.501489,-0.684308,1.9515e-05,-160.268,-1.69743,0.627859,-108.916,-0.16779,0.277459,-0.00754222,0.00644597,0,1.36511,0.196656,1.49798,9,drone1
-0.501709,-0.684699,2.20867e-05,-158.825,-1.87144,0.744191,-109.083,-0.320915,0.253444,-0.0029541,0.00874736,0,-1.66506,0.24926,1.52975,9,drone1
-0.50182,-0.684846,2.906e-05,-158.278,-2.04674,0.842346,-108.916,-0.477503,0.237455,8.45555e-05,0.0111417,0,-3.11702,0.304051,1.56857,9,drone1
-0.502851,-0.684755,1.79096e-05,-157.971,-1.93383,0.790502,-108.301,-0.635558,0.222808,0.00218012,0.0176767,0,-3.87686,0.259283,1.61747,9,drone1
-0.505975,-0.68621,2.00862e-05,-158.182,-1.77807,0.729367,-108.797,-0.772815,0.218598,0.0019049,0.00666361,0,-4.95524,0.339437,1.33018,9,drone1
-0.505861,-0.686091,1.94519e-05,-158.565,-1.64959,0.667497,-109.192,-0.890762,0.220244,-0.000622509,0.00511239,0,-3.95974,0.36081,1.12281,9,drone1
-0.505832,-0.686048,1.80482e-05,-158.707,-1.52505,0.614445,-105.782,-0.974781,0.282841,0.0224981,0.0261199,0,-4.24456,0.330339,0.947448,9,drone1
-0.50943,-0.687992,1.63937e-05,-159.994,-1.39931,0.529085,-98.12,-1.10868,0.307186,0.0453709,0.0687224,0,-3.50268,-0.610692,2.03197,9,drone1
-0.519956,-0.69235,1.46174e-05,-163.57,-1.25954,0.390327,-99.4087,-1.14692,0.302548,0.00265376,0.00196027,0,-12.8853,-0.0307753,0.383243,9,drone1
-0.519347,-0.691545,1.36829e-05,-167.323,-1.17127,0.282058,-101.979,-1.15824,0.255176,-0.00989437,-0.0317296,0,-6.48807,-0.0832014,0.0321675,9,drone1
-0.513081,-0.68965,1.31176e-05,-169.226,-1.10125,0.228108,-100.724,-1.15996,0.286455,0.0119475,-0.00110317,0,-2.17472,0.031707,0.0808593,9,drone1
-0.512451,-0.689579,1.23658e-05,-170.425,-1.00427,0.187815,-100.85,-1.15999,0.287105,0.00670326,0.000905217,0,-1.25483,0.00644969,-0.000873098,9,drone1
-0.51237,-0.689441,1.17301e-05,-171.471,-0.907619,0.154478,-100.812,-1.15744,0.294232,0.00279825,0.00471287,0,0.378433,0.0650745,-0.038584,9,drone1
-0.512303,-0.689347,1.11851e-05,-172.227,-0.813551,0.129384,-98.9947,-1.13576,0.3386,0.0106017,0.0166594,0,0.763178,0.0683275,-0.137533,9,drone1
-0.515238,-0.689835,1.06341e-05,-173.014,-0.708232,0.105061,-101.207,-1.03304,0.323534,-0.0115586,-0.0458699,0,1.77324,0.123337,-1.19834,9,drone1
-0.506232,-0.688505,1.04505e-05,-173.54,-0.662687,0.0933414,-109.169,-0.975343,0.315489,-0.0557497,-0.0434694,0,1.51338,1.18634,-1.20434,9,drone1
-0.499567,-0.687023,1.02789e-05,-172.73,-0.607259,0.0959227,-107.914,-0.95718,0.336685,-0.00662807,-0.00358672,0,12.5482,0.115891,-0.253307,9,drone1
-0.499793,-0.687213,9.91301e-06,-171.27,-0.520786,0.0983918,-105.683,-0.987825,0.357539,-0.00301553,0.0391579,0,10.5112,0.159102,0.346291,9,drone1
-0.507618,-0.68875,9.52721e-06,-170.388,-0.401355,0.086388,-103.413,-0.947109,0.413049,0.00559028,0.0296176,0,5.48321,0.156909,-0.359146,9,drone1
-0.513038,-0.68994,9.28114e-06,-170.196,-0.296602,0.0696729,-103.2,-0.849545,0.399891,0.00376062,0.00498655,0,2.13458,-0.369635,-0.912397,9,drone1
-0.512938,-0.689907,9.16385e-06,-170.302,-0.22047,0.0561241,-102.93,-0.806918,0.431524,0.00266507,-0.00398155,0,2.69766,0.200224,-0.491533,9,drone1
-0.51293,-0.689896,9.07279e-06,-170.377,-0.145236,0.0430743,-100.696,-0.746597,0.495566,0.0141267,0.0102451,0,1.69052,0.238453,-0.512693,9,drone1
-0.514401,-0.690366,8.99702e-06,-170.748,-0.0639558,0.0288102,-98.2157,-0.686792,0.567389,0.0161314,0.0213259,0,-0.660593,0.317812,-0.435445,9,drone1
-0.518071,-0.691143,8.9744e-06,-171.664,0.0272502,0.014333,-98.4064,-0.639881,0.605464,0.00589968,-0.00251699,0,-1.90987,0.317513,-0.513966,9,drone1
-0.517928,-0.691011,9.02319e-06,-172.655,0.0998534,0.00545192,-98.9569,-0.589739,0.662174,-0.00120503,-0.0143948,0,-1.27066,0.534506,-0.624606,9,drone1
-0.515007,-0.690537,9.07992e-06,-173.346,0.15898,-0.000235037,-100.046,-0.469626,0.726823,1.56393e-06,-0.0497492,0,-0.934942,0.54664,-1.41194,9,drone1
-0.50503,-0.689277,9.11261e-06,-173.722,0.184181,-0.00195322,-101.603,-0.384888,0.796688,-0.0111827,-0.0155799,0,2.07405,0.626669,-1.21094,9,drone1
-0.502394,-0.688836,9.19803e-06,-173.706,0.244569,-0.00866042,-99.3326,-0.311505,0.865897,0.013477,0.00800271,0,3.67252,0.448166,-0.584585,9,drone1
-0.503576,-0.689138,9.32256e-06,-173.738,0.323631,-0.0172449,-96.8479,-0.242553,0.937182,0.0146494,0.0236088,0,1.35178,0.527103,-0.429064,9,drone1
-0.50788,-0.68976,9.54493e-06,-174.226,0.418614,-0.0240919,-93.4612,-0.176824,0.965579,0.0225123,0.0409975,0,-1.13477,0.142379,-0.0971229,9,drone1
-0.515618,-0.690677,9.88524e-06,-175.223,0.531518,-0.0262301,-92.0932,-0.110528,1.03912,0.0126779,0.0130241,0,-3.58892,0.672288,-0.393256,9,drone1
-0.517962,-0.690866,1.02238e-05,-176.516,0.620005,-0.0195708,-89.5798,-0.0386473,1.04917,0.0210163,0.0277132,0,-3.15036,0.0533024,-0.205514,9,drone1
-0.523421,-0.691185,1.0674e-05,-177.973,0.724957,-0.00750748,-88.9436,0.0316959,1.13873,0.00859532,-0.00625366,0,-4.73573,0.909568,-0.459966,9,drone1
-0.522016,-0.691135,1.10404e-05,-179.494,0.79846,0.0110898,-85.4258,0.10642,1.1683,0.0307464,0.0127773,0,-4.00983,0.336502,0.0475281,9,drone1
-0.524811,-0.691106,1.15589e-05,178.83,0.893608,0.0363832,-86.3682,0.161218,1.27927,-0.00490239,-0.0188781,0,-5.07351,1.17051,-0.500274,9,drone1
-0.520726,-0.691297,1.19489e-05,177.19,0.957323,0.0651407,-85.742,0.257477,1.3668,0.00672471,-0.0105512,0,-3.21025,0.965284,-0.668102,9,drone1
-0.518684,-0.691436,1.24546e-05,175.786,1.03274,0.0942674,-85.9605,0.335241,1.43506,0.00633109,-0.00737441,0,-2.17607,0.750707,-0.712054,9,drone1
-0.518629,-0.691517,1.30861e-05,174.577,1.12002,0.124544,-89.1442,0.327088,1.5688,-0.022973,0.00338054,0,-2.08499,1.23896,-0.562819,9,drone1
-0.518779,-0.691798,1.38042e-05,173.951,1.21194,0.146663,-88.7388,0.423832,1.58609,0.00398038,-0.00627017,0,4.05613,0.156509,-0.970028,9,drone1
-0.518757,-0.691818,1.46104e-05,173.755,1.30728,0.161333,-86.8863,0.510028,1.54861,0.0124417,0.0230225,0,3.20526,-0.254806,-0.43923,9,drone1
-0.523525,-0.69117,1.57164e-05,173.424,1.42903,0.183018,-86.3057,0.444638,1.53267,0.00656713,0.0707293,0,2.34052,-0.154736,0.742225,9,drone1
-0.537725,-0.689479,1.74183e-05,172.974,1.59987,0.215451,-83.3312,0.640586,1.4989,0.0223545,-0.00217437,0,0.913734,-0.0248533,-1.19785,9,drone1
-0.53744,-0.689295,1.85841e-05,172.229,1.70443,0.250875,-82.7252,0.777302,1.46786,0.00169874,-0.0284522,0,-0.365718,-0.0933175,-1.21927,9,drone1
-0.53175,-0.690147,1.95755e-05,171.267,1.78627,0.292702,-83.0921,0.884632,1.44486,-0.00759813,-0.0350819,0,0.284872,-0.135046,-1.20102,9,drone1
-0.52457,-0.691432,2.06006e-05,170.552,1.86653,0.328945,-83.9888,0.975468,1.41911,-0.0151173,-0.0483359,0,2.80718,-0.31692,-1.24362,9,drone1
-0.514595,-0.693314,2.15723e-05,170.282,1.94074,0.350726,-82.6817,1.12036,1.35504,0.00629691,-0.0148212,0,3.01239,-0.36692,-1.2363,9,drone1
-0.51199,-0.693647,2.31436e-05,170.098,2.0566,0.377395,-75.0536,1.44423,1.0875,0.0583024,-0.0191557,0,-1.19202,-0.829126,-1.64053,9,drone1
-0.510057,-0.693148,2.93716e-05,168.579,2.1529,0.463035,-70.7193,1.61951,0.923879,0.044168,0.00955172,0,-8.32977,-0.02837,-0.867201,9,drone1
-0.514362,-0.69178,2.29254e-05,165.638,2.01662,0.53471,-65.5576,1.78668,0.638874,0.0467465,-0.00411128,0,-6.88146,-0.771933,-1.17717,9,drone1
-0.516639,-0.690706,2.1878e-05,161.662,1.839,0.629999,-61.8139,1.89125,0.467721,0.0627681,0.0415449,0,-13.9032,0.172284,-0.485577,9,drone1
-0.527961,-0.686308,2.07155e-05,156.804,1.69922,0.749043,-59.9436,1.94635,0.368043,0.0437881,0.0298565,0,-12.7713,0.202629,-0.223943,9,drone1
-0.536155,-0.682598,1.94068e-05,152.447,1.55413,0.832038,-60.3226,1.97186,0.373581,-0.00376433,-0.0119174,0,-7.27283,0.272057,-0.0980525,9,drone1
-0.533188,-0.68475,1.84185e-05,149.709,1.38466,0.83208,-60.9826,1.97308,0.396764,-0.0220567,-0.0304144,0,-1.33169,0.0679613,-0.0156419,9,drone1
-0.526012,-0.689296,1.60671e-05,148.368,1.226,0.777137,-61.1987,1.95157,0.408212,-0.0206773,-0.0300472,0,2.33631,-0.121887,0.143515,9,drone1
-0.519711,-0.693411,1.44707e-05,147.795,1.08959,0.707735,-62.8446,1.84227,0.519459,-0.0020243,0.0252414,0,1.48048,-0.00737844,1.08172,9,drone1
-0.52327,-0.691382,1.36617e-05,148.641,1.02174,0.64377,-60.3175,1.82404,0.430318,0.0109478,-0.014632,0,4.15173,-0.340069,0.23319,9,drone1
-0.522236,-0.691632,1.2828e-05,148.591,0.926074,0.586618,-57.8571,1.79916,0.338409,0.00972991,-0.0202297,0,0.848246,-0.339656,0.279804,9,drone1
-0.520172,-0.692801,1.21351e-05,146.725,0.812529,0.554978,-55.1175,1.86371,0.207614,0.00837866,-0.0259226,0,0.521939,-0.12301,-0.674457,9,drone1
-0.517286,-0.694718,1.14813e-05,144.304,0.696664,0.522998,-53.503,1.79896,0.148006,0.0227051,0.00630754,0,-3.15953,-0.394279,0.591604,9,drone1
-0.52017,-0.692588,1.10862e-05,142.034,0.616395,0.504144,-52.3968,1.7297,0.112199,0.0205473,0.0104978,0,-2.14086,-0.394935,0.608744,9,drone1
-0.523256,-0.69014,1.07292e-05,140.388,0.548009,0.477205,-48.5017,1.60991,-0.0580985,0.0305792,-0.0106022,0,-0.52054,-1.1604,0.662709,9,drone1
-0.525109,-0.688435,1.04209e-05,137.808,0.471646,0.45221,-47.8317,1.53844,-0.0578058,-0.000881278,-0.011131,0,-1.92498,-0.293768,0.686181,9,drone1
-0.523298,-0.690183,1.00237e-05,135.493,0.386201,0.405157,-46.5306,1.46279,-0.0690667,0.00601236,-0.00905123,0,-0.519477,-0.313103,0.71456,9,drone1
-0.522934,-0.690549,9.75096e-06,134.316,0.320405,0.354225,-47.2461,1.36995,0.0280214,0.00310818,0.0110394,0,-0.272596,-0.0689948,1.22604,9,drone1
-0.524059,-0.689367,9.5244e-06,133.988,0.270196,0.306054,-45.6509,1.29759,0.00947622,0.00846746,-0.00655705,0,2.24372,-0.376505,0.635859,9,drone1
-0.524441,-0.688993,9.37647e-06,133.612,0.217675,0.254901,-45.5533,1.22723,0.0235791,0.00704909,-0.00361001,0,0.980644,-0.38636,0.604687,9,drone1
-0.524257,-0.689172,9.21425e-06,132.983,0.163994,0.202636,-43.904,1.15702,0.000750104,0.015462,-0.00160235,0,0.866985,-0.412565,0.579552,9,drone1
-0.525814,-0.687523,9.14522e-06,132.187,0.119985,0.159534,-42.8469,1.08684,-0.00574099,0.0143263,0.00210138,0,-0.247288,-0.398997,0.59532,9,drone1
-0.527322,-0.685815,9.07191e-06,130.924,0.0774782,0.117173,-41.5002,1.01817,-0.0157413,0.00741284,-0.00751676,0,-0.0910284,-0.393823,0.579022,9,drone1
-0.52735,-0.685794,9.03029e-06,129.708,0.0307166,0.0655155,-40.1356,0.950397,-0.0196783,0.00559139,-0.00939609,0,-0.156158,-0.366877,0.598378,9,drone1
-0.527084,-0.686132,9.01355e-06,128.368,-0.0146245,0.0108877,-38.7799,0.884176,-0.0256076,0.00581797,-0.00921884,0,-0.316837,-0.391869,0.551699,9,drone1
-0.52689,-0.68639,9.02885e-06,127.005,-0.0566662,-0.0449086,-39.7905,0.820221,0.00747978,0.0122612,0.0185558,0,-1.3799,-0.383626,0.551011,9,drone1
-0.529081,-0.683242,9.01637e-06,126.69,-0.0856757,-0.0846418,-39.6311,0.757892,0.0213443,0.00830938,0.00195039,0,1.59745,-0.383822,0.510259,9,drone1
-0.529112,-0.683243,9.11548e-06,127.032,-0.127115,-0.138279,-38.2984,0.696278,0.018591,-0.00152487,-0.0120748,0,2.62764,-0.393268,0.490314,9,drone1
-0.528233,-0.684532,9.24052e-06,126.569,-0.170943,-0.19984,-38.9795,0.51334,0.0574121,0.0330537,0.0346029,0,1.78044,-1.23804,1.37212,9,drone1
-0.533581,-0.677069,9.23112e-06,125.563,-0.180938,-0.221906,-37.3131,0.464572,0.0535256,0.0103626,-0.00692322,0,1.37261,-0.323212,0.395028,9,drone1
-0.534084,-0.676478,9.42157e-06,124.831,-0.215433,-0.277669,-35.702,0.419995,0.0517125,0.00396983,-0.0121381,0,0.61271,-0.297538,0.364999,9,drone1
-0.533645,-0.677179,9.59651e-06,123.411,-0.248788,-0.344042,-34.1638,0.375106,0.0518509,0.00336545,-0.012608,0,-0.298305,-0.307651,0.363227,9,drone1
-0.533142,-0.677985,9.81845e-06,121.884,-0.278931,-0.413885,-32.6657,0.32968,0.0534237,0.00152837,-0.0133229,0,-0.287755,-0.321987,0.357278,9,drone1
-0.532479,-0.679093,1.0088e-05,120.359,-0.3069,-0.487885,-31.1749,0.283345,0.0558527,0.000207365,-0.0137318,0,-0.0905293,-0.341363,0.350044,9,drone1
-0.531747,-0.680393,1.04066e-05,118.862,-0.332517,-0.565511,-29.6674,0.236086,0.0589136,0.000575301,-0.0133608,0,0.00292739,-0.36154,0.34187,9,drone1
-0.531136,-0.681557,1.07702e-05,117.378,-0.354772,-0.64539,-28.1449,0.187907,0.0625698,0.00161567,-0.0127038,0,0.0123204,-0.382239,0.332247,9,drone1
-0.530698,-0.682459,1.11777e-05,115.889,-0.373194,-0.727145,-29.9383,0.212238,0.145699,-0.0585367,-0.0154589,0,0.0327606,0.597271,0.556712,9,drone1
-0.526924,-0.690827,1.0503e-05,115.43,-0.417849,-0.842791,-28.0709,0.161529,0.159572,0.00411067,-0.0114667,0,3.27001,-0.362803,0.451791,9,drone1
-0.527211,-0.690815,1.17553e-05,115.127,-0.449179,-0.917757,-28.3121,0.100971,0.175256,0.0200907,0.0137728,0,1.05829,-0.453181,0.413964,9,drone1
-0.529068,-0.686473,1.25115e-05,114.645,-0.467719,-0.9771,-28.2848,0.0401193,0.188245,0.028323,0.0160491,0,1.17021,-0.468751,0.404589,9,drone1
-0.53176,-0.680552,1.31033e-05,114.653,-0.491661,-1.028,-26.6348,-0.0129748,0.197872,0.0136964,-0.00501989,0,2.48017,-0.450059,0.376239,9,drone1
-0.532792,-0.678728,1.38179e-05,114.171,-0.516265,-1.10569,-24.9849,-0.0616161,0.204925,0.0124079,-0.00769259,0,0.514096,-0.452592,0.305202,9,drone1
-0.533535,-0.677291,1.45392e-05,112.987,-0.527028,-1.19548,-22.2885,-0.107859,0.221772,-0.00518423,-0.0251012,0,0.540229,-0.443735,0.366419,9,drone1
-0.532576,-0.680124,1.55508e-05,111.182,-0.529609,-1.31582,-23.0944,-0.166364,0.237815,0.0184712,0.0118575,0,-2.96082,-0.467092,0.361139,9,drone1
-0.533669,-0.676227,1.62725e-05,109.871,-0.527138,-1.40475,-22.7772,-0.221106,0.246701,0.0128228,0.00297237,0,0.222235,-0.482817,0.29427,9,drone1
-0.534456,-0.673864,1.72413e-05,109.393,-0.546777,-1.49803,-21.1227,-0.268889,0.257088,-0.000691981,-0.0125673,0,1.99888,-0.476191,0.262043,9,drone1
-0.534256,-0.674896,1.84956e-05,108.681,-0.565352,-1.61462,-19.4059,-0.316029,0.269256,-0.00461799,-0.0153301,0,0.930189,-0.490228,0.243645,9,drone1
-0.533761,-0.676754,1.99296e-05,107.52,-0.570219,-1.74505,-17.7409,-0.364898,0.282439,-0.00402103,-0.0152064,0,-0.0635771,-0.522825,0.227126,9,drone1
-0.533321,-0.678452,2.15259e-05,106.119,-0.563375,-1.88297,-16.3055,-0.483253,0.297471,0.0379374,-0.000236129,0,-0.788548,-1.18544,0.428561,9,drone1
-0.535313,-0.671382,2.27141e-05,104.643,-0.537847,-1.98543,-14.6346,-0.529195,0.311978,-0.000664702,-0.0142272,0,-0.59954,-0.529774,0.152646,9,drone1
-0.535094,-0.672439,2.54396e-05,103.117,-0.517303,-2.13094,-12.9526,-0.569749,0.32193,-0.00778017,-0.0161999,0,-0.795998,-0.503402,0.0643022,9,drone1
-0.534622,-0.674712,1.84301e-05,101.541,-0.429485,-2.06118,-10.8637,-0.618344,0.341484,-0.00942951,-0.0194509,0,-0.754611,-0.60038,0.116409,9,drone1
-0.534203,-0.677392,1.99346e-05,99.8509,-0.351297,-1.93461,-7.69254,-0.710133,0.282967,0.0337016,-0.0197313,0,-1.35525,-1.27308,-0.721508,9,drone1
-0.535343,-0.671408,1.89829e-05,97.8657,-0.262606,-1.77355,-6.34642,-0.722602,0.30182,0.00787556,-0.0121818,0,-3.40923,-0.210716,0.00281097,9,drone1
-0.535449,-0.670336,1.77576e-05,95.7703,-0.184012,-1.64085,-1.34766,-0.683211,0.340805,-0.0176886,-0.0414805,0,-0.478276,0.0753154,-0.24378,9,drone1
-0.535289,-0.674775,1.6684e-05,93.427,-0.11037,-1.53905,3.51752,-0.632436,0.361038,-0.0137265,-0.0393712,0,-1.5117,0.180627,-0.385017,9,drone1
-0.535281,-0.677643,1.5618e-05,90.6329,-0.0339609,-1.43337,0.0991562,-0.66216,0.381662,-0.00150863,0.0213095,0,-6.97245,-0.195019,0.492959,9,drone1
-0.535358,-0.678457,1.46173e-05,88.1645,0.0241834,-1.32057,3.99304,-0.574594,0.39189,-0.0148363,-0.0306019,0,-0.415007,0.600108,-0.340424,9,drone1
-0.535452,-0.681422,1.38186e-05,85.9673,0.0680099,-1.22228,6.98165,-0.487203,0.379822,-0.0185502,-0.0232805,0,-1.61181,0.683965,-0.37615,9,drone1
-0.535725,-0.68481,1.31269e-05,83.5569,0.109361,-1.12961,12.2579,-0.368957,0.375467,-0.0213612,-0.0404056,0,-2.10747,0.858964,-0.37856,9,drone1
-0.535889,-0.687946,1.25159e-05,80.7124,0.151481,-1.0383,18.1837,-0.235719,0.355066,-0.0241505,-0.0457579,0,-4.78655,1.01363,-0.354563,9,drone1
-0.536028,-0.69055,1.19535e-05,77.0028,0.199548,-0.944744,19.5476,-0.135995,0.300129,0.00973286,-0.022514,0,-9.94091,1.03266,-0.268015,9,drone1
-0.535494,-0.687511,1.13271e-05,73.2237,0.230534,-0.827246,19.3102,-0.0400228,0.232083,0.0242373,-0.0136085,0,-8.42968,1.12657,-0.270296,9,drone1
-0.534301,-0.682552,1.07609e-05,70.6496,0.230182,-0.710048,19.1719,0.0603572,0.158611,0.0230927,-0.0106477,0,-4.48029,1.19109,-0.325923,9,drone1
-0.532885,-0.677979,1.0292e-05,69.2884,0.209091,-0.604237,19.8232,0.175636,0.0789524,0.0115843,-0.0103289,0,-1.13315,1.33106,-0.361239,9,drone1
-0.531922,-0.675379,9.9337e-06,68.4261,0.183529,-0.51346,19.7789,0.298088,0.000120193,0.0072327,-0.00666735,0,-0.442739,1.42042,-0.321423,9,drone1
-0.532105,-0.675515,9.69787e-06,67.8887,0.159224,-0.440159,18.3796,0.337514,-0.0405159,0.0350648,-0.00103911,0,-0.00154989,0.534003,-0.31715,9,drone1
-0.529859,-0.669379,9.43568e-06,68.1708,0.11715,-0.341473,18.0486,0.323383,-0.101624,0.0421453,-0.0110271,0,0.316121,0.0613407,-0.645698,9,drone1
-0.526586,-0.661205,9.19019e-06,68.8184,0.0714168,-0.234635,20.0471,0.429742,-0.164664,-0.00852379,-0.0111537,0,2.96076,1.20312,-0.197152,9,drone1
-0.526591,-0.662025,9.06904e-06,68.6171,0.0472957,-0.170504,23.0425,0.520492,-0.231603,-0.02188,-0.0162098,0,0.742574,1.0915,-0.0897325,9,drone1
-0.527344,-0.664662,9.01064e-06,67.0848,0.0291383,-0.115462,25.6794,0.596689,-0.294881,-0.0227968,-0.0143295,0,-2.04936,0.959357,0.0137012,9,drone1
-0.528474,-0.667439,8.98364e-06,64.692,0.00984105,-0.0632216,27.2128,0.666262,-0.34696,-0.0157561,-0.00867335,0,-3.4903,0.855451,0.0741803,9,drone1
-0.529552,-0.669415,8.98437e-06,62.3788,-0.0150778,-0.0103459,28.6913,0.721318,-0.396118,-0.0121214,-0.00905571,0,-2.69168,0.716861,0.0588243,9,drone1
-0.530268,-0.670648,8.98992e-06,60.4739,-0.0454371,0.0434085,30.2985,0.765785,-0.444241,-0.0100967,-0.0103711,0,-1.85353,0.623859,0.0578065,9,drone1
-0.530679,-0.671344,9.02482e-06,58.7011,-0.0804165,0.0973575,31.961,0.804329,-0.490398,-0.00888168,-0.0111879,0,-1.55126,0.567451,0.0836369,9,drone1
-0.530904,-0.67171,9.09229e-06,56.9253,-0.119651,0.150492,33.6426,0.836309,-0.533653,-0.00818471,-0.0116328,0,-1.43977,0.500002,0.108047,9,drone1
-0.531006,-0.671865,9.19116e-06,55.1343,-0.162975,0.202193,33.4647,0.877382,-0.544824,0.00266312,-0.00820321,0,-1.78059,0.401885,0.140183,9,drone1
-0.531341,-0.672126,9.35061e-06,54.1744,-0.205539,0.253617,33.4781,0.916745,-0.556611,-0.00197115,-0.00924752,0,0.131137,0.393486,0.118344,9,drone1
-0.531404,-0.672173,9.50037e-06,54.0767,-0.246186,0.308805,34.8498,0.941525,-0.586233,-0.00272958,-0.00995858,0,1.10417,0.365085,0.122419,9,drone1
-0.530804,-0.67148,9.68321e-06,53.4896,-0.293381,0.365848,36.0912,0.966192,-0.611349,-0.00277988,-0.00998304,0,-0.1587,0.33582,0.178398,9,drone1
-0.530365,-0.670922,9.9342e-06,52.312,-0.346391,0.418677,36.0103,1.00484,-0.612141,-0.00320734,-0.00930734,0,-0.809807,0.315542,0.223266,9,drone1
-0.530599,-0.671121,1.02229e-05,51.6674,-0.39512,0.470372,36.0551,1.04278,-0.612023,-0.0031948,-0.0088709,0,0.447691,0.307034,0.222964,9,drone1
-0.530637,-0.671149,1.0527e-05,51.6169,-0.441105,0.527564,38.0421,1.06155,-0.643844,-0.00782688,-0.0119735,0,1.50795,0.310871,0.235715,9,drone1
-0.530239,-0.670785,1.08594e-05,50.7485,-0.498337,0.581245,36.9715,1.11146,-0.62083,0.0132071,-0.00177598,0,-2.04543,0.270678,0.307158,9,drone1
-0.529158,-0.66934,1.13661e-05,50.2975,-0.558295,0.643839,37.0248,1.15293,-0.615862,0.00427673,-0.00531111,0,0.532722,0.302671,0.287846,9,drone1
-0.529114,-0.669303,1.18038e-05,50.6428,-0.605028,0.70898,36.256,1.20427,-0.594212,0.0109028,-0.00043256,0,0.304448,0.309635,0.301307,9,drone1
-0.528067,-0.66797,1.23939e-05,51.0566,-0.656821,0.783698,38.8981,1.22278,-0.64041,-0.00832483,-0.0172148,0,2.25026,0.343281,0.290959,9,drone1
-0.527121,-0.667015,1.29607e-05,50.2901,-0.725644,0.845355,38.7148,1.27378,-0.631138,0.00306313,-0.002588,0,-1.83264,0.333051,0.397249,9,drone1
-0.527464,-0.667329,1.36673e-05,49.1827,-0.798722,0.896829,41.6674,1.34902,-0.720035,-0.0455458,0.00593603,0,-1.13286,0.994057,0.532321,9,drone1
-0.532747,-0.673447,1.40613e-05,48.3051,-0.848114,0.924708,41.4647,1.40322,-0.704383,-0.00680788,-0.00549081,0,-2.02376,0.29318,0.481877,9,drone1
-0.532928,-0.673609,1.49026e-05,47.148,-0.931657,0.977373,42.689,1.43956,-0.722521,-0.00189053,-0.0119118,0,-0.839922,0.301291,0.454195,9,drone1
-0.53189,-0.672524,1.5847e-05,46.4329,-1.01773,1.04347,43.9967,1.47906,-0.743091,-0.00249536,-0.0124345,0,-0.846628,0.322393,0.49603,9,drone1
-0.53094,-0.671562,1.69314e-05,45.1428,-1.11937,1.09906,45.3237,1.52338,-0.76574,-0.00434448,-0.0116568,0,-1.387,0.348288,0.554234,9,drone1
-0.530235,-0.670886,1.81285e-05,43.7365,-1.22837,1.15003,46.7089,1.57204,-0.79064,-0.00584603,-0.0109411,0,-1.37965,0.372481,0.605947,9,drone1
-0.529706,-0.670409,1.94523e-05,42.2669,-1.34454,1.19725,48.8799,1.53719,-0.83223,0.0103233,-0.0370704,0,-1.31512,-0.167703,0.128015,9,drone1
-0.5244,-0.665722,2.13013e-05,40.3954,-1.49992,1.25224,49.7244,1.59168,-0.794498,-0.0257989,0.0168679,0,-2.24405,-0.0551607,0.964252,9,drone1
-0.528908,-0.669481,2.40092e-05,38.4128,-1.62047,1.25778,51.4428,1.66588,-0.832844,-0.0137602,-0.00547058,0,-0.85604,0.553344,0.839636,9,drone1
-0.529539,-0.669968,2.47895e-05,36.8644,-1.75556,1.2922,53.8402,1.72961,-0.891896,-0.0152312,-0.0113207,0,-0.406404,0.537775,0.857443,9,drone1
-0.52949,-0.669994,1.86184e-05,34.8352,-1.74831,1.20641,56.0617,1.79656,-0.948826,-0.0121185,-0.0143402,0,-1.24182,0.502555,0.928288,9,drone1
-0.528759,-0.669532,1.97077e-05,32.5144,-1.68848,1.05955,57.6887,1.85786,-0.990739,-0.00965536,-0.010588,0,-1.62642,0.386322,0.842306,9,drone1
-0.528282,-0.669326,1.95047e-05,30.4415,-1.61999,0.932568,59.3302,1.89781,-1.03194,-0.00987941,-0.00964847,0,-0.94604,0.248942,0.677971,9,drone1
-0.527832,-0.669111,1.87028e-05,28.6493,-1.54651,0.82455,61.0015,1.91887,-1.07376,-0.0101071,-0.00923167,0,-0.512851,0.140438,0.530883,9,drone1
-0.527373,-0.668891,1.77017e-05,26.9296,-1.47319,0.727888,62.6772,1.92403,-1.11617,-0.0103825,-0.00879093,0,-0.39103,0.0562661,0.404027,9,drone1
-0.526927,-0.668689,1.67014e-05,25.2313,-1.40123,0.64004,64.3515,1.91565,-1.15909,-0.0106654,-0.00832611,0,-0.34678,-0.00695218,0.292666,9,drone1
-0.526502,-0.668511,1.57794e-05,23.5432,-1.33102,0.55994,66.0372,1.89819,-1.20209,-0.0110211,-0.00791973,0,-0.316147,-0.0475433,0.223211,9,drone1
-0.526096,-0.668352,1.49564e-05,21.8576,-1.26278,0.48682,67.7034,1.86814,-1.24601,-0.0111582,-0.00743246,0,-0.321107,-0.0825137,0.106007,9,drone1
-0.525708,-0.668216,1.42294e-05,20.1773,-1.19656,0.420228,70.5189,1.75462,-1.38934,-0.0100708,-0.0335715,0,-0.227632,0.297427,-0.657207,9,drone1
-0.520423,-0.666204,1.37954e-05,18.1642,-1.15865,0.360894,72.0701,1.71373,-1.42249,-0.0117139,-0.00644146,0,-1.43556,-0.169853,0.0669058,9,drone1
-0.520183,-0.666239,1.32127e-05,16.0368,-1.0986,0.296775,73.6861,1.66414,-1.45934,-0.0136352,-0.00120439,0,-0.977583,-0.151159,-0.0191318,9,drone1
-0.520853,-0.666476,1.26752e-05,14.1345,-1.03469,0.241728,75.3581,1.60761,-1.49857,-0.0136304,-0.00106609,0,-0.467493,-0.130081,-0.0879335,9,drone1
-0.521447,-0.666646,1.22022e-05,12.3315,-0.972763,0.193979,71.8133,1.65324,-1.32751,0.0273657,0.00126138,0,-1.0075,-0.795833,-0.224297,9,drone1
-0.520647,-0.667145,1.18238e-05,11.548,-0.916159,0.168583,66.8984,1.73545,-1.08373,0.0350819,0.0135333,0,-0.860833,-1.02174,0.0827307,9,drone1
-0.521332,-0.667904,1.1441e-05,12.4903,-0.850364,0.169716,63.563,1.80063,-0.878754,0.0208614,0.0167179,0,-0.218999,-0.92547,0.453473,9,drone1
-0.522819,-0.668474,1.10696e-05,14.5406,-0.780871,0.183766,66.4124,1.71864,-0.992159,-0.0109977,-0.00460399,0,13.183,0.254499,-0.832493,9,drone1
-0.522634,-0.667864,1.08037e-05,15.9598,-0.725541,0.188601,68.7545,1.64065,-1.09532,-0.0106269,-0.00506376,0,8.28407,0.287698,-0.717317,9,drone1
-0.522386,-0.66747,1.05715e-05,16.0024,-0.678388,0.175661,70.8014,1.56613,-1.1943,-0.0116356,-0.00428245,0,4.52431,0.325828,-0.609071,9,drone1
-0.522354,-0.667285,1.03751e-05,15.2926,-0.635195,0.154832,72.6921,1.49404,-1.28859,-0.0122833,-0.00367416,0,2.43654,0.340168,-0.51982,9,drone1
-0.522439,-0.66721,1.01994e-05,14.1782,-0.594664,0.131464,74.4956,1.42149,-1.38233,-0.0126047,-0.00341495,0,1.25629,0.377364,-0.480146,9,drone1
-0.522534,-0.667177,1.00426e-05,12.8451,-0.556355,0.10819,77.7893,1.30911,-1.51551,-0.0228128,-0.0104345,0,1.09663,0.451642,-0.475801,9,drone1
-0.521673,-0.666768,9.91855e-06,11.1029,-0.525094,0.0844952,78.3909,1.26462,-1.59158,-0.0107935,0.0195632,0,-2.2148,0.518375,-0.334092,9,drone1
-0.526082,-0.667711,9.73605e-06,9.29157,-0.4696,0.0583636,80.1179,1.18298,-1.67115,-0.0134164,-0.00245713,0,-0.251812,0.343386,-0.400662,9,drone1
-0.526101,-0.667704,9.62713e-06,7.64858,-0.436181,0.0402023,80.0734,1.14424,-1.69725,-0.00888876,-0.0016925,0,-0.45004,0.192133,-0.425702,9,drone1
-0.526216,-0.667865,9.53874e-06,6.21551,-0.40334,0.0256029,80.2047,1.09658,-1.71094,-0.00559272,-0.00713393,0,1.31073,0.047596,-0.493609,9,drone1
-0.526301,-0.667969,9.45519e-06,5.1091,-0.371733,0.0149533,81.8279,1.00498,-1.74186,-0.00957757,-0.00640956,0,2.70699,-0.0410196,-0.509366,9,drone1
-0.525359,-0.667872,9.38873e-06,4.0931,-0.346358,0.00654348,83.7017,0.906148,-1.76325,-0.01183,-0.00765957,0,2.29914,-0.141599,-0.466623,9,drone1
-0.524177,-0.667772,9.33787e-06,2.99708,-0.323454,-0.00128296,86.2283,0.78591,-1.78475,-0.0168261,-0.0139007,0,1.82688,-0.195996,-0.451496,9,drone1
-0.521743,-0.667632,9.30652e-06,1.75515,-0.307807,-0.00876981,88.4308,0.67916,-1.78991,-0.016742,-0.00511874,0,0.142592,-0.260159,-0.363413,9,drone1
-0.520967,-0.667608,9.266e-06,0.360471,-0.285346,-0.0164032,90.1651,0.588622,-1.7787,-0.0140277,-0.00485843,0,-0.831131,-0.326246,-0.327612,9,drone1
-0.520091,-0.667617,9.23039e-06,-1.11394,-0.26443,-0.0233446,91.6523,0.508539,-1.75797,-0.0125922,-0.0018922,0,-1.28648,-0.36347,-0.301793,9,drone1
-0.519744,-0.667634,9.19433e-06,-2.61112,-0.241967,-0.0292527,93.1138,0.432301,-1.73149,-0.0124345,-0.000892378,0,-1.3085,-0.389541,-0.287437,9,drone1
-0.519528,-0.667652,9.16204e-06,-4.11149,-0.21983,-0.0340475,94.57,0.359234,-1.70054,-0.0123839,-0.000577892,0,-1.27385,-0.406371,-0.277292,9,drone1
-0.51931,-0.667677,9.13401e-06,-5.61314,-0.19861,-0.0378058,96.0208,0.289405,-1.66612,-0.0123291,-0.000389218,0,-1.23084,-0.415225,-0.268015,9,drone1
-0.519069,-0.667711,9.10983e-06,-7.11567,-0.178371,-0.0406058,97.4667,0.22286,-1.62909,-0.0122692,-0.000198427,0,-1.18121,-0.417192,-0.258916,9,drone1
-0.518806,-0.667754,9.08904e-06,-8.61851,-0.159059,-0.042513,98.908,0.159579,-1.59023,-0.0122029,1.58704e-05,0,-1.1256,-0.413222,-0.249923,9,drone1
-0.518528,-0.667806,9.07122e-06,-10.1208,-0.140605,-0.0435826,100.345,0.0994783,-1.55022,-0.01213,0.0002518,0,-1.06505,-0.404141,-0.24108,9,drone1
-0.518239,-0.667867,9.05603e-06,-11.6215,-0.122944,-0.0438619,101.779,0.0424206,-1.50968,-0.012051,0.000503664,0,-1.00096,-0.390663,-0.232432,9,drone1
-0.517945,-0.667936,9.04316e-06,-13.1192,-0.106018,-0.0433921,103.21,-0.0117717,-1.4691,-0.0119666,0.000766318,0,-0.935021,-0.37341,-0.22401,9,drone1
