0.0422706,0.356009,5.53539e-06,0,0,-0.0111886,0,0,0,0,0,0,0,0,0,-1,pipuck4
0.0422706,0.356009,7.91351e-06,0,0,-0.0159945,0,0,0,0,0,0,0,0,0,-1,pipuck4
0.0422706,0.356009,8.88486e-06,0,0,-0.0179578,0,0,0,0,0,0,0,0,0,-1,pipuck4
0.0422706,0.356009,9.26229e-06,0,0,-0.0187206,0,0,0,0,0,0,0,0,0,-1,pipuck4
0.0422706,0.356009,9.40043e-06,0,0,-0.0189998,0,0,0,0,0,0,0,0,0,-1,pipuck4
0.0422706,0.356009,9.44705e-06,0,0,-0.019094,0,0,0,0,0,0,0,0,0,-1,pipuck4
0.0422706,0.356009,9.46085e-06,0,0,-0.0191219,0,0,0,0,0,0,0,0,0,-1,pipuck4
0.0422706,0.356009,9.46391e-06,0,0,-0.0191281,0,0,0,0,0,0,0,0,0,-1,pipuck4
0.0422706,0.356009,9.46396e-06,0,0,-0.0191282,0,0,0,0,0,0,0,0,0,-1,pipuck4
0.0422706,0.356009,9.46346e-06,0,0,-0.0191272,0,0,0,0,0,0,0,0,0,-1,pipuck4
0.0422706,0.356009,9.46303e-06,0,0,-0.0191263,0,0,0,0,0,0,0,0,0,-1,pipuck4
0.0422706,0.356009,9.46276e-06,0,0,-0.0191258,0,0,0,0,0,0,0,0,0,-1,pipuck4
0.0422706,0.356009,9.46262e-06,0,0,-0.0191255,0,0,0,0,0,0,0,0,0,-1,pipuck4
0.0422706,0.356009,9.46255e-06,0,0,-0.0191254,0,0,0,0,0,0,0,0,0,-1,pipuck4
0.0422706,0.356009,9.46252e-06,0,0,-0.0191253,0,0,0,0,0,0,0,0,0,-1,pipuck4
0.0422706,0.356009,9.46251e-06,0,0,-0.0191253,0,0,0,0,0,0,0,0,0,-1,pipuck4
0.0422706,0.356009,9.4625e-06,0,0,-0.0191253,0,0,0,0,0,0,0,0,0,-1,pipuck4
0.0422706,0.356009,9.4625e-06,0,0,-0.0191253,0,0,0,0,0,0,0,0,0,-1,pipuck4
0.0422706,0.356009,9.4625e-06,0,0,-0.0191253,0,0,0,0,0,0,0,0,0,-1,pipuck4
0.0422706,0.356009,9.4625e-06,0,0,-0.0191253,0,0,0,0,0,0,0,0,0,-1,pipuck4
0.0422706,0.356009,9.4625e-06,0,0,-0.0191253,0,0,0,0,0,0,0,0,0,-1,pipuck4
0.0422706,0.356009,9.4625e-06,0,0,-0.0191252,0,0,0,0,0,0,0,0,0,-1,pipuck4
0.0422706,0.356009,9.4625e-06,0,0,-0.0191252,0,0,0,0,0,0,0,0,0,-1,pipuck4
0.0422706,0.356009,9.4625e-06,0,0,-0.0191252,0,0,0,0,0,0,0,0,0,-1,pipuck4
0.0422706,0.356009,9.4625e-06,0,0,-0.0191252,0,0,0,0,0,0,0,0,0,-1,pipuck4
0.0422706,0.356009,9.4625e-06,0,0,-0.0191252,0,0,0,0,0,0,0,0,0,-1,pipuck4
0.0422706,0.356009,9.4625e-06,0,0,-0.0191252,0,0,0,0,0,0,0,0,0,-1,pipuck4
0.0422706,0.356009,9.4625e-06,0,0,-0.0191252,0,0,0,0,0,0,0,0,0,-1,pipuck4
0.0422706,0.356009,9.4625e-06,0,0,-0.0191252,0,0,0,0,0,0,0,0,0,-1,pipuck4
0.0422706,0.356009,9.4625e-06,0,0,-0.0191252,0,0,0,0,0,0,0,0,0,-1,pipuck4
0.0422706,0.356009,9.4625e-06,0,0,-0.0191252,0,0,0,0,0,0,0,0,0,-1,pipuck4
0.0422706,0.356009,9.4625e-06,0,0,-0.0191252,0,0,0,0,0,0,0,0,0,-1,pipuck4
0.0422706,0.356009,9.4625e-06,0,0,-0.0191252,0,0,0,0,0,0,0,0,0,-1,pipuck4
0.0422706,0.356009,9.4625e-06,0,0,-0.0191252,0,0,0,0,0,0,0,0,0,-1,pipuck4
0.0422706,0.356009,9.4625e-06,0,0,-0.0191252,0,0,0,0,0,0,0,0,0,-1,pipuck4
0.0422706,0.356009,9.4625e-06,0,0,-0.0191252,0,0,0,0,0,0,0,0,0,-1,pipuck4
0.0422706,0.356009,9.4625e-06,0,0,-0.0191252,0,0,0,0,0,0,0,0,0,-1,drone1
0.0422706,0.356009,9.4625e-06,0,0,-0.0191252,0,0,0,0,0,0,0,0,0,-1,drone1
0.0422706,0.356009,9.4625e-06,0,0,-0.0191252,-9.07844,0.00107265,-0.141642,0.0683084,0.37308,0,-0.784169,0.0194504,-1.41632,4,drone1
0.0454482,0.355976,9.00325e-06,1.02334,-0.0137791,-0.0179542,-17.2421,0.00805582,-0.395009,-0.00966063,0.334617,0,8.34953,-0.713924,-2.44999,4,drone1
0.0476283,0.355743,9.01407e-06,3.88004,-0.0222397,-0.0167517,-24.6755,0.0361145,-0.655515,-0.0598312,0.308618,0,15.6398,-1.39316,-2.26928,4,drone1
0.0494725,0.355259,9.01503e-06,8.51935,-0.0288579,-0.0140993,-31.6383,0.0872007,-0.868512,-0.0859579,0.302803,0,20.3454,-1.66063,-1.55871,4,drone1
0.0522032,0.354931,8.99677e-06,15.2592,-0.0391593,-0.00816249,-11.3277,-0.134603,-0.786012,0.461301,-0.569797,0,113.117,0.395822,0.794327,4,drone1
0.0518617,0.356115,8.92176e-06,20.1858,-0.0382538,-0.00516363,6.27849,-0.291896,-0.658484,0.148954,-0.716763,0,86.0656,0.30578,0.753789,4,drone1
0.0511939,0.357222,8.93069e-06,18.9607,-0.0363664,-0.00660735,21.6319,-0.390023,-0.516609,-0.137338,-0.72036,0,63.5327,0.232937,0.699609,4,drone1
0.050244,0.358225,8.99257e-06,12.3494,-0.0330378,-0.011368,36.3589,-0.307375,-0.478294,0.174102,-1.41431,0,57.2832,1.42489,-0.452492,3,drone1
0.0597838,0.359924,9.03511e-06,3.74231,-0.0798072,-0.0130326,49.4881,-0.359522,-0.36129,-0.168398,-1.41184,0,41.2906,-0.0353849,0.585357,3,drone1
0.069534,0.359809,9.06423e-06,-5.26998,-0.1263,-0.0299319,62.2115,-0.37461,-0.161704,-0.251035,-1.34824,0,37.2324,-0.448363,1.29633,3,drone1
0.0818032,0.357619,9.11583e-06,-14.4511,-0.181063,-0.0654301,74.3556,-0.348837,-0.0707491,-0.380702,-1.35788,0,33.0577,0.0649648,0.512948,3,drone1
0.0953362,0.353049,9.21798e-06,-23.5269,-0.234956,-0.122104,84.6604,-0.303523,-0.00404158,-0.454635,-1.32466,0,30.095,0.0505326,0.527909,3,drone1
0.109604,0.345791,9.38483e-06,-31.7352,-0.284528,-0.19734,92.975,-0.247604,0.0400369,-0.485471,-1.30052,0,28.866,0.0214846,0.550543,3,drone1
0.123491,0.336232,9.60143e-06,-38.2677,-0.328227,-0.282063,99.6261,-0.186519,0.0679715,-0.488376,-1.2836,0,28.7597,-0.0181677,0.576959,3,drone1
0.13728,0.324313,2.07896e-05,-43.2097,-0.408779,-0.328771,94.8307,-0.072112,0.0891533,1.01812,-1.15825,0,42.0494,-0.290079,1.28539,5,drone1
0.144993,0.316611,1.24353e-05,-46.2788,-0.416963,-0.402786,100.124,-0.00964926,0.0970631,-0.267392,-1.31208,0,38.3771,0.066946,0.58894,3,drone1
0.158257,0.302407,1.09623e-05,-47.684,-0.471288,-0.489191,104.546,0.0509313,0.103136,-0.316441,-1.28993,0,36.1526,0.00333637,0.585413,3,drone1
0.17138,0.28771,1.09449e-05,-48.8011,-0.529252,-0.577041,108.369,0.114917,0.108082,-0.379243,-1.25259,0,33.1357,-0.0498401,0.622639,3,drone1
0.1844,0.272656,1.14618e-05,-49.523,-0.591957,-0.665914,111.681,0.182483,0.112217,-0.43194,-1.21449,0,30.429,-0.100387,0.657114,3,drone1
0.197325,0.257406,1.21802e-05,-49.9364,-0.659329,-0.755894,114.577,0.253817,0.115692,-0.479162,-1.17515,0,27.838,-0.149632,0.689388,3,drone1
0.210179,0.242071,1.30125e-05,-50.1449,-0.731078,-0.847405,117.133,0.329034,0.118521,-0.521373,-1.13504,0,25.3548,-0.198123,0.719524,3,drone1
0.223014,0.226678,1.39547e-05,-50.2244,-0.807145,-0.94111,119.408,0.408211,0.120664,-0.558352,-1.09486,0,23.006,-0.246174,0.74775,3,drone1
0.235821,0.211295,1.50214e-05,-50.2315,-0.887187,-1.03746,121.445,0.491433,0.122067,-0.590065,-1.05516,0,20.8095,-0.294151,0.774601,3,drone1
0.248624,0.195922,1.62314e-05,-50.2038,-0.971126,-1.13712,123.277,0.57877,0.122702,-0.616641,-1.01647,0,18.7782,-0.342212,0.800252,3,drone1
0.261429,0.180567,1.76056e-05,-50.1647,-1.05889,-1.24067,124.929,0.67032,0.122575,-0.638333,-0.979146,0,16.9171,-0.39065,0.82517,3,drone1
0.27425,0.165213,1.9167e-05,-50.1271,-1.15061,-1.34872,126.42,0.766207,0.121736,-0.655502,-0.943443,0,15.2247,-0.439665,0.849722,3,drone1
0.287082,0.149867,2.09381e-05,-50.0958,-1.24641,-1.46168,132.34,0.872412,0.0586277,-0.668567,-0.909469,0,13.6943,-0.489501,0.874373,3,drone1
0.296238,0.138616,2.25974e-05,-51.1417,-1.30014,-1.58408,142.291,1.00529,-0.03887,-0.721673,-0.794595,0,9.5204,-1.1538,0.831148,3,drone1
0.299146,0.134182,2.51268e-05,-55.4979,-1.22836,-1.74948,151.176,1.09036,-0.193105,-0.852304,-0.686179,0,-1.16261,-0.838023,0.603063,3,drone1
0.30149,0.130927,2.0411e-05,-62.4171,-0.99656,-1.9295,159.609,1.1528,-0.347607,-0.899036,-0.614397,0,-5.68918,-0.998404,0.335091,3,drone1
0.301938,0.131761,2.1362e-05,-72.1582,-0.629775,-2.00278,167.89,1.18947,-0.492792,-0.911329,-0.58874,0,-7.1983,-1.07723,0.000543639,3,drone1
0.30312,0.131501,2.18287e-05,-86.2053,-0.118483,-2.0403,176.318,1.19226,-0.625308,-0.896764,-0.611506,0,-5.73142,-0.99414,-0.32376,3,drone1
0.302264,0.128992,2.18218e-05,-102.877,0.465051,-1.95375,-174.579,1.11255,-0.750447,-0.828694,-0.696196,0,1.02766,-0.368826,-0.509396,3,drone1
0.298007,0.119084,2.21412e-05,-120.697,1.0472,-1.72787,-164.832,1.06461,-0.829659,-0.73065,-0.79981,0,7.47826,-0.821734,-0.868001,3,drone1
0.290106,0.109044,2.25843e-05,-135.939,1.48607,-1.41245,-158.198,1.07012,-0.820685,-0.600304,-0.896087,0,15.5608,-0.705919,-1.08628,3,drone1
0.278366,0.100124,2.32048e-05,-146.585,1.75925,-1.13858,-155.529,1.1484,-0.722085,-0.447019,-0.978992,0,24.1716,-0.606399,-1.15987,3,drone1
0.26378,0.0923623,2.40392e-05,-153.99,1.94544,-0.928768,-155.297,1.26322,-0.565497,-0.293087,-1.03679,0,32.1465,-0.565708,-1.0819,3,drone1
0.249538,0.0867964,2.78451e-05,-158.762,2.03773,-0.764571,-156.05,1.38229,-0.377923,-0.146163,-1.0717,0,39.3154,-0.579124,-0.917731,3,drone1
0.235166,0.0822171,2.46534e-05,-161.165,2.00686,-0.662584,-156.63,1.48345,-0.188834,-0.0284429,-1.08704,0,44.8337,-0.57552,-0.704185,3,drone1
0.220169,0.0777056,2.3062e-05,-161.626,1.96216,-0.631755,-146.187,1.49947,-0.286505,-0.27887,-0.330394,0,47.8115,-0.509294,-0.454848,4,drone1
0.204643,0.072145,2.22458e-05,-162.018,1.92777,-0.606349,-135.485,1.48955,-0.414075,-0.319162,-0.286133,0,37.8316,-0.308686,-0.581269,4,drone1
0.189461,0.0670901,2.17839e-05,-163.81,1.91309,-0.536369,-136.678,1.56413,-0.256857,-0.353106,-0.235603,0,27.5264,-0.084731,-0.697518,4,drone1
0.173467,0.0632367,2.15068e-05,-165.336,1.90479,-0.479485,-143.227,1.65641,0.0775567,-0.292661,-0.263755,0,24.5753,-0.0459365,-1.05694,4,drone1
0.172443,0.0640134,2.0316e-05,-164.404,1.80838,-0.485765,-145.182,1.68471,0.250201,-0.275062,-0.317714,0,38.568,-0.293879,-0.15168,4,drone1
0.156398,0.0593731,1.97804e-05,-161.336,1.77133,-0.580001,-147.895,1.68482,0.430966,-0.269329,-0.323815,0,39.5865,-0.298656,0.0684592,4,drone1
0.141179,0.0539601,1.9829e-05,-157.262,1.72228,-0.702688,-152.96,1.64365,0.713959,-0.268974,-0.337113,0,39.391,-0.229137,-0.253253,4,drone1
0.128295,0.0481571,1.9901e-05,-151.937,1.64421,-0.85628,-157.807,1.57599,0.907906,-0.237877,-0.344053,0,40.2135,-0.521607,0.507023,4,drone1
0.123044,0.0451822,1.94929e-05,-144.723,1.49252,-1.03376,-162.834,1.48746,1.07762,-0.228041,-0.348187,0,39.7327,-0.605568,0.70413,4,drone1
0.123361,0.04537,1.88262e-05,-136.024,1.27412,-1.20416,-168.079,1.37985,1.21686,-0.235595,-0.341506,0,37.5454,-0.637852,0.900064,4,drone1
0.125168,0.0471816,1.81074e-05,-126.273,1.01257,-1.3491,-173.669,1.25453,1.32409,-0.256089,-0.326439,0,34.0893,-0.623584,1.07958,4,drone1
0.12177,0.0414931,2.02873e-05,-116.164,0.757298,-1.48954,-179.674,1.1157,1.39893,-0.281594,-0.30624,0,29.926,-0.583326,1.23336,4,drone1
0.117443,0.0301346,1.90656e-05,-105.831,0.47978,-1.61849,173.933,0.974353,1.4434,-0.296203,-0.285796,0,25.8202,-0.571565,1.35526,4,drone1
0.114785,0.0164086,2.30698e-05,-95.8498,0.14861,-1.71754,168.742,0.880747,1.43704,-0.303005,-0.264461,0,21.8782,-0.566673,1.47267,4,drone1
0.114599,0.000312739,1.96368e-05,-86.2713,-0.134673,-1.77387,164.934,0.826432,1.37264,-0.306225,-0.235874,0,17.3398,-0.333268,1.66483,4,drone1
0.116725,-0.0165266,1.9576e-05,-77.4796,-0.416954,-1.79716,162.388,0.844782,1.29616,-0.316588,-0.201218,0,11.3111,-0.562147,1.57216,4,drone1
0.122248,-0.0334715,1.40986e-05,-69.7653,-0.658095,-1.79802,160.902,0.904146,1.19974,-0.320044,-0.161915,0,5.0617,-0.557837,1.53497,4,drone1
0.130138,-0.0504003,1.90218e-05,-63.7027,-0.873846,-1.7956,160.405,0.995451,1.08711,-0.318689,-0.121018,0,-1.16964,-0.563845,1.4404,4,drone1
0.139662,-0.0672377,2.37293e-05,-59.3516,-1.04898,-1.80769,160.727,1.108,0.958998,-0.311196,-0.0836523,0,-6.73785,-0.581099,1.32888,4,drone1
0.149819,-0.0829335,2.48801e-05,-56.5501,-1.18965,-1.83455,160.791,1.1929,0.913878,-0.26841,-0.0772614,0,-6.42819,-0.611322,0.508104,4,drone1
0.160792,-0.0987162,1.98619e-05,-54.9781,-1.21399,-1.74993,163.035,1.33896,0.738489,-0.28309,-0.0309977,0,-14.2801,-0.639303,1.15288,4,drone1
0.170568,-0.112362,2.09206e-05,-54.7054,-1.15533,-1.65844,166.552,1.51721,0.534503,-0.271036,0.00242138,0,-17.8597,-0.978143,0.951227,4,drone1
0.178555,-0.123649,1.33694e-05,-55.6077,-1.07931,-1.57038,169.971,1.60806,0.327241,-0.249722,0.014946,0,-21.8778,-0.362343,0.603838,4,drone1
0.186269,-0.13563,1.04973e-05,-57.8769,-0.957984,-1.52533,173.303,1.66204,0.128502,-0.235277,0.0284616,0,-24.3873,-0.227434,0.359712,4,drone1
0.19214,-0.146024,3.79523e-05,-60.8397,-0.877238,-1.45291,176.488,1.68444,-0.0513327,-0.220601,0.0345858,0,-25.4429,-0.114972,0.126532,4,drone1
0.198003,-0.157882,2.57163e-05,-63.9588,-0.735434,-1.42462,179.161,1.68005,-0.204325,-0.208578,0.0361991,0,-25.659,-0.00301382,-0.0099246,4,drone1
0.204327,-0.172329,1.97714e-05,-67.8346,-0.599228,-1.40513,-178.651,1.6589,-0.32228,-0.195649,0.0347803,0,-25.2061,0.0828699,-0.187482,4,drone1
0.209981,-0.188125,1.69495e-05,-72.233,-0.465923,-1.38741,-176.755,1.6276,-0.411543,-0.180836,0.0289966,0,-23.5128,0.146126,-0.311836,4,drone1
0.21467,-0.204851,1.56284e-05,-76.6265,-0.34408,-1.36658,-175.256,1.59219,-0.470501,-0.165171,0.0206522,0,-21.0059,0.192902,-0.399101,4,drone1
0.218262,-0.222492,7.73676e-06,-80.7888,-0.214701,-1.3476,-177.136,1.58075,-0.419161,-0.14866,0.011513,0,-18.1082,0.225715,-0.453261,4,drone1
0.220381,-0.240833,1.31772e-05,-84.5893,-0.110484,-1.32621,-176.87,1.55263,-0.413756,-0.131053,-0.00439945,0,-12.0656,0.240973,-0.430245,4,drone1
0.221571,-0.259882,2.50463e-05,-87.9328,-0.0865755,-1.30206,-179.835,1.54661,-0.309864,-0.112087,-0.013118,0,-8.53004,0.247778,-0.43489,4,drone1
0.221756,-0.27848,1.69203e-05,-90.8707,-0.00398763,-1.28163,177.727,1.53341,-0.220472,-0.0908926,-0.024904,0,-2.22511,0.243775,-0.288667,4,drone1
0.220973,-0.296849,1.44215e-05,-93.0533,0.0486176,-1.26253,173.413,1.47151,-0.0300497,-0.0961692,-0.0381527,0,-2.23876,0.714698,-0.820864,4,drone1
0.219545,-0.314644,1.38059e-05,-94.3882,0.0778908,-1.24629,170.287,1.45077,0.0764568,-0.0472875,-0.03749,0,9.6418,0.202312,-0.0539992,4,drone1
0.218395,-0.324977,1.34711e-05,-94.8019,0.0830657,-1.20075,167.445,1.42459,0.174284,-0.0266248,-0.0381089,0,14.1004,0.210493,0.0401365,4,drone1
0.217605,-0.331606,1.31342e-05,-94.3333,0.0686813,-1.14397,164.863,1.3912,0.261308,-0.0142224,-0.0375772,0,17.3529,0.251833,0.121096,4,drone1
0.217138,-0.336094,1.27554e-05,-93.1608,0.0416295,-1.08232,162.48,1.35082,0.336783,-0.00632759,-0.0366122,0,19.4642,0.303324,0.187446,4,drone1
0.216925,-0.339284,1.23584e-05,-91.4564,0.00769179,-1.01865,160.232,1.30429,0.400811,-0.00120296,-0.0355887,0,20.6735,0.35547,0.239859,4,drone1
0.2169,-0.341821,1.60656e-05,-89.3633,0.0160693,-0.955254,163.692,1.38663,0.29614,0.0152898,0.0186722,0,18.6412,-0.320877,0.938293,4,drone1
0.21678,-0.337928,1.74673e-05,-87.3879,-0.0698052,-0.862307,161.015,1.3238,0.368358,0.00124713,-0.0340337,0,15.6657,0.484723,0.118973,4,drone1
0.216951,-0.339733,1.36191e-05,-85.455,-0.0874464,-0.806519,158.458,1.25518,0.421312,-0.0020632,-0.0352154,0,16.3641,0.558538,0.209331,4,drone1
0.217373,-0.34244,1.17696e-05,-83.1163,-0.111579,-0.757691,156.028,1.18559,0.463272,-1.54873e-05,-0.0345445,0,16.9874,0.570835,0.232081,4,drone1
0.217912,-0.344997,1.0962e-05,-80.3735,-0.139212,-0.708553,153.691,1.11666,0.494949,0.00249249,-0.0333443,0,17.0779,0.574421,0.252621,4,drone1
0.218286,-0.347013,2.93364e-06,-77.4153,-0.144279,-0.659784,151.401,1.04895,0.517431,0.00453986,-0.0321088,0,16.6724,0.576047,0.267186,4,drone1
0.21872,-0.34902,6.77612e-06,-74.2786,-0.159916,-0.60905,149.108,0.981999,0.534395,0.00599042,-0.0312461,0,16.0044,0.568946,0.254501,4,drone1
0.219226,-0.35089,8.66624e-06,-70.856,-0.177649,-0.558291,146.789,0.916183,0.545332,0.00734232,-0.0303867,0,15.1612,0.566031,0.24967,4,drone1
0.219355,-0.351909,2.06031e-06,-67.2838,-0.211172,-0.498581,144.422,0.851867,0.550628,0.00843599,-0.0295768,0,14.0578,0.56216,0.243909,4,drone1
0.220069,-0.353466,6.15505e-06,-63.4836,-0.233832,-0.444453,141.98,0.789393,0.548781,0.00876484,-0.0293902,0,12.8532,0.570643,0.253939,4,drone1
0.220955,-0.355172,2.14424e-05,-59.7627,-0.197593,-0.422344,139.491,0.730607,0.539673,0.00943942,-0.0285743,0,11.4946,0.571943,0.268735,4,drone1
0.221969,-0.35643,1.91991e-05,-56.0991,-0.204429,-0.371611,136.957,0.673363,0.53361,0.0103395,-0.0276048,0,10.2652,0.523906,0.195755,4,drone1
0.223355,-0.358317,1.33669e-05,-52.4255,-0.212114,-0.318422,139.071,0.796059,0.421617,0.0185898,0.0302025,0,9.05582,-0.046479,1.48154,4,drone1
0.219191,-0.352917,1.0428e-05,-50.3633,-0.173722,-0.241849,136.04,0.728677,0.428547,0.00991853,-0.0260703,0,3.35018,0.571117,0.00941298,4,drone1
0.220132,-0.354137,7.23031e-06,-48.6413,-0.157876,-0.200807,133.183,0.660193,0.42899,0.00527281,-0.0304676,0,4.31979,0.592504,-0.0246344,4,drone1
0.220772,-0.35494,1.70468e-06,-45.7364,-0.147742,-0.156166,130.496,0.597967,0.42114,0.00699688,-0.0293006,0,5.45452,0.581602,0.00828781,4,drone1
0.223071,-0.357168,5.50244e-06,-42.5211,-0.141019,-0.114505,127.887,0.535149,0.412553,0.00761116,-0.0286307,0,5.2374,0.563236,-0.0559516,4,drone1
0.225545,-0.359317,8.13494e-06,-39.381,-0.125565,-0.0819777,125.333,0.477073,0.39843,0.00933671,-0.0262382,0,4.63165,0.549357,-0.045523,4,drone1
0.227831,-0.361092,8.93617e-06,-36.3445,-0.104042,-0.0542284,122.818,0.423029,0.38126,0.011031,-0.0237157,0,4.04635,0.526402,-0.0507728,4,drone1
0.229882,-0.362518,9.10235e-06,-33.4113,-0.0783432,-0.0296845,120.335,0.372442,0.36228,0.0124407,-0.0214286,0,3.52455,0.500653,-0.0627538,4,drone1
0.231719,-0.363662,9.09313e-06,-30.5663,-0.0495078,-0.00790342,117.877,0.324774,0.342231,0.0135819,-0.0194062,0,3.0752,0.474268,-0.0786734,4,drone1
0.233375,-0.364584,9.0594e-06,-27.7956,-0.0181324,0.0111473,115.44,0.279575,0.321574,0.0145034,-0.0176142,0,2.68893,0.447882,-0.0967581,4,drone1
0.23488,-0.36533,9.03965e-06,-25.0882,0.0153843,0.0273793,113.022,0.236473,0.300621,0.0152501,-0.0160123,0,2.35557,0.421578,-0.115955,4,drone1
0.236261,-0.365936,9.03828e-06,-22.4353,0.0507366,0.0406921,115.596,0.17548,0.176917,-0.0331652,-0.0309674,0,2.07935,1.32804,-0.250689,4,drone1
0.244274,-0.368668,9.07739e-06,-20.7951,0.055788,0.0407818,119.725,0.0405185,0.0304394,-0.0595263,-0.0533257,0,1.91541,1.83034,-0.77155,4,drone1
0.25743,-0.37317,8.99553e-06,-21.4585,0.0351899,0.0333566,116.328,0.0263431,0.0288456,0.0175422,-0.00856849,0,-8.92965,0.0984418,-0.0877788,4,drone1
0.257022,-0.373409,9.50156e-06,-22.2399,0.0782187,0.0526712,113.419,0.0160324,0.0262629,0.0237092,0.00542572,0,-4.86949,0.0753839,-0.062108,4,drone1
0.254293,-0.372625,9.02098e-06,-21.0287,0.134765,0.0711886,110.859,0.00225506,0.0232197,0.0235368,0.00651849,0,-1.17952,0.0851356,-0.100513,4,drone1
0.251437,-0.371697,9.03126e-06,-19.0723,0.193446,0.0858968,108.36,-0.0159058,0.0198291,0.0225979,0.00432806,0,0.169919,0.0932329,-0.14794,4,drone1
0.249128,-0.371012,9.16185e-06,-16.8414,0.251042,0.0948586,105.857,-0.03807,0.0158214,0.0216607,0.00166264,0,0.712339,0.0970572,-0.19228,4,drone1
0.247502,-0.370594,1.0467e-05,-14.4933,0.306219,0.100316,103.338,-0.0635325,0.0110426,0.0210051,-0.000565937,0,0.984901,0.0950184,-0.230814,4,drone1
0.246468,-0.370381,1.34422e-06,-12.0705,0.365248,0.0760658,100.812,-0.0916114,0.00517764,0.0206214,-0.00214911,0,1.15487,0.0898262,-0.262933,4,drone1
0.245923,-0.37023,5.81962e-06,-9.5964,0.417222,0.0597895,88.47,-0.392755,-0.0021417,0.466774,-0.797241,1.60235,-38.809,1.35193,-2.64087,-1,drone1
0.260473,-0.371954,9.0297e-06,-6.51128,0.394295,0.0276567,77.7063,-0.638925,-0.122115,0.586504,-0.715476,1.60821,-28.8188,1.14058,-2.32245,-1,drone1
0.275961,-0.37308,1.9202e-05,-2.49433,0.362958,0.0538218,68.236,-0.778976,-0.23333,0.66861,-0.618536,1.61646,-21.0976,0.230228,-1.64325,-1,drone1
0.292863,-0.373201,1.4106e-05,1.89815,0.329327,0.0169014,60.0393,-0.855468,-0.28017,0.716002,-0.535514,1.61655,-15.5655,-0.675235,-0.967459,-1,drone1
0.309713,-0.371878,1.13003e-05,6.65356,0.291862,-0.0116138,53.0393,-0.846837,-0.286606,0.733365,-0.463738,1.61557,-11.6345,-0.819823,0.091449,-1,drone1
0.326689,-0.369176,1.98218e-06,11.6112,0.249078,-0.0548478,49.4307,-0.766651,-0.345941,-0.083916,0.868201,0,30.3039,0.113196,0.58636,-1,drone1
0.310418,-0.37327,2.9879e-06,16.613,0.367519,-0.104179,49.4307,-0.766651,-0.345941,0,0,0,0,0,0,-1,drone1
0.310933,-0.373292,7.94166e-06,21.3121,0.401385,-0.140614,49.4307,-0.766651,-0.345941,0,0,0,0,0,0,-1,drone1
0.310473,-0.374098,9.42117e-06,23.7747,0.442008,-0.175514,49.4307,-0.766651,-0.345941,0,0,0,0,0,0,-1,drone1
0.310307,-0.374383,9.92252e-06,24.5498,0.485365,-0.201635,42.1956,-0.678732,-0.429934,0.185159,1.69252,0,17.6499,-0.0129982,0.435057,12,drone1
0.298914,-0.379302,1.03712e-05,26.2011,0.577376,-0.263659,35.4834,-0.595018,-0.486437,0.067284,1.71791,0,22.8755,-0.145607,0.463052,12,drone1
0.287947,-0.384942,7.42986e-06,30.1669,0.637063,-0.383777,28.9985,-0.713299,-0.518814,0.00850508,1.63988,0,25.1451,-2.02707,-0.275837,12,drone1
0.279144,-0.390434,2.97271e-05,35.0403,0.724402,-0.440242,23.0619,-0.643273,-0.57161,-0.137963,1.71319,0,30.6314,-0.283041,0.507338,12,drone1
0.27036,-0.397329,1.95047e-05,40.4506,0.743225,-0.589507,17.5613,-0.582379,-0.621205,-0.290876,1.67165,0,34.9904,-0.360774,0.447684,12,drone1
0.266249,-0.401165,3.75475e-06,46.5676,0.712583,-0.751689,11.7433,-0.526206,-0.660362,-0.149278,1.71328,0,31.8162,-0.455519,0.46821,12,drone1
0.260409,-0.40813,2.50503e-05,53.2365,0.712355,-0.88226,6.32104,-0.484295,-0.693092,0.396039,1.25648,0,35.774,-0.582402,0.519598,8,drone1
0.262917,-0.405328,1.56229e-05,60.3724,0.597062,-1.00363,0.406276,-0.451079,-0.713773,0.573147,1.24328,0,30.8486,-0.689588,0.615821,8,drone1
0.266497,-0.399232,1.58672e-05,68.9271,0.448433,-1.10005,-5.54716,-0.423167,-0.737662,0.550534,1.22869,0,30.4624,-0.725641,0.618684,8,drone1
0.269103,-0.391576,1.51064e-05,79.3255,0.243917,-1.18021,-11.7884,-0.396175,-0.751672,0.610126,1.21555,0,27.5845,-0.705637,0.737253,8,drone1
0.270223,-0.381179,1.45098e-05,89.9343,0.0210896,-1.21399,-18.3622,-0.368084,-0.754061,0.663483,1.16832,0,24.2573,-0.630229,0.860478,8,drone1
0.269244,-0.368249,1.41533e-05,100.31,-0.19874,-1.19827,-24.5891,-0.353769,-0.744468,0.676844,1.1437,0,22.0753,-0.579578,0.987066,8,drone1
0.265316,-0.353861,2.22762e-05,110.151,-0.451743,-1.12673,-29.2129,-0.365181,-0.720653,0.768647,1.06686,0,16.2228,-0.474299,1.00203,8,drone1
0.257551,-0.337782,1.75125e-05,119.021,-0.561826,-1.06631,-32.6143,-0.392435,-0.687128,0.796839,1.01561,0,13.6902,-0.351,1.01819,8,drone1
0.249338,-0.324932,1.66987e-05,126.848,-0.704664,-0.980576,-34.7986,-0.445513,-0.64525,0.87839,0.933767,0,8.25496,-0.3524,1.0288,8,drone1
0.238431,-0.311598,1.55627e-05,132.474,-0.796261,-0.902226,-35.8077,-0.51141,-0.586328,0.967008,0.82077,0,1.99562,-0.248187,1.01835,8,drone1
0.225755,-0.298599,1.45858e-05,136.196,-0.851105,-0.844021,-35.8157,-0.583126,-0.515712,1.0379,0.705224,0,-3.66125,-0.184393,0.939917,8,drone1
0.212088,-0.286037,1.40254e-05,138.476,-0.882363,-0.806612,-35.4796,-0.651311,-0.444663,1.05302,0.637144,0,-6.81362,-0.16764,0.829393,8,drone1
0.198081,-0.273926,1.37744e-05,139.519,-0.897546,-0.790304,-34.4575,-0.721928,-0.367041,1.10494,0.524048,0,-11.5178,-0.196506,0.726852,8,drone1
0.184315,-0.262245,1.36963e-05,139.394,-0.900504,-0.795951,-33.6477,-0.788646,-0.252512,1.07233,0.511554,0,-11.242,-0.0299992,1.05062,8,drone1
0.170189,-0.249987,1.3705e-05,138.348,-0.890646,-0.816424,-32.0194,-0.840897,-0.172323,1.13926,0.369943,0,-16.9485,-0.185872,0.4729,8,drone1
0.157014,-0.237971,1.37838e-05,136.471,-0.873415,-0.854537,-30.2943,-0.887159,-0.0931867,1.14816,0.303379,0,-19.1936,-0.22029,0.373722,8,drone1
0.144266,-0.225365,1.38987e-05,133.779,-0.843841,-0.9066,-29.1601,-0.925989,-0.0306045,1.09979,0.333473,0,-17.2931,-0.242685,0.297693,8,drone1
0.13159,-0.2115,1.40286e-05,130.82,-0.806305,-0.960974,-28.8964,-0.958277,0.00349735,1.04694,0.413367,0,-13.8851,-0.257379,0.189062,8,drone1
0.119087,-0.196501,1.41723e-05,128.47,-0.775762,-1.00527,-28.5348,-1.01155,0.102778,1.03341,0.390337,0,-14.1597,-0.223525,0.843847,8,drone1
0.107331,-0.181279,1.43359e-05,126.678,-0.75557,-1.04465,-28.8893,-1.03789,0.105143,0.979898,0.477328,0,-9.22534,-0.279574,0.0425392,8,drone1
0.0955925,-0.165246,1.45144e-05,125.316,-0.741781,-1.07825,-28.8243,-1.0623,0.114537,0.985062,0.447173,0,-9.18009,-0.271854,0.0326923,8,drone1
0.0843742,-0.149172,1.47235e-05,124.376,-0.73731,-1.10978,-28.8802,-1.08436,0.121295,0.959694,0.45434,-0.000494084,-8.26208,-0.244475,0.0313885,8,drone1
0.0733343,-0.132817,7.57042e-06,123.504,-0.747241,-1.13447,-27.5117,-1.11897,0.0385461,1.00765,0.326936,0,-9.71742,-0.887298,-0.989861,8,drone1
0.0630769,-0.11744,1.88686e-05,122.519,-0.728424,-1.1899,-27.048,-1.14387,0.0696798,0.988365,0.369755,0,-10.5907,-0.231908,0.112307,8,drone1
0.0526698,-0.10105,2.45269e-05,121.202,-0.772357,-1.20472,-26.6604,-1.17176,0.0961008,0.979072,0.364411,0,-10.5722,-0.281566,0.0891772,8,drone1
0.0431397,-0.0849493,2.14559e-05,119.968,-0.760351,-1.25994,-25.9924,-1.17525,0.108931,0.957936,0.328295,0,-10.1164,-0.138404,-0.175855,8,drone1
0.0340084,-0.0686771,2.14303e-05,118.712,-0.753211,-1.31594,-26.9745,-1.202,0.0937988,0.862157,0.452252,0,-6.07008,-0.269378,0.0349363,8,drone1
0.0249514,-0.0515657,1.83524e-05,117.811,-0.747159,-1.37074,-27.9868,-1.23191,0.0776193,0.831512,0.472794,0,-4.26158,-0.27996,0.088129,8,drone1
0.0160182,-0.0343005,1.76612e-05,117.622,-0.76312,-1.41754,-28.9514,-1.26477,0.0569505,0.801974,0.488391,0,-2.24368,-0.306974,0.10301,8,drone1
0.00742895,-0.0176738,1.13393e-05,117.804,-0.773217,-1.47609,-30.2435,-1.30117,0.0255593,0.752606,0.523831,0,-0.0616659,-0.324708,0.145179,8,drone1
-0.00171597,-0.00052138,1.49722e-05,118.195,-0.804516,-1.52347,-31.6399,-1.33868,-0.0121406,0.715003,0.548696,0,1.81174,-0.32815,0.175754,8,drone1
-0.01098,0.0163538,1.88134e-05,118.866,-0.846352,-1.57061,-33.5796,-1.3738,-0.0751189,0.632096,0.596454,0,5.67217,-0.325467,0.167616,8,drone1
-0.0202515,0.0325796,2.03568e-05,120.162,-0.914737,-1.61091,-34.5536,-1.38411,-0.0899027,0.648067,0.533204,0,3.07715,-0.0084278,0.200367,8,drone1
-0.029665,0.0485928,1.47127e-05,121.718,-1.01748,-1.63529,-35.7071,-1.43032,-0.128623,0.618629,0.561913,0,5.16965,-0.382533,0.307141,8,drone1
-0.0399502,0.0646722,1.65614e-05,123.217,-1.1032,-1.67088,-36.588,-1.48091,-0.155587,0.612143,0.549204,0,4.70677,-0.383006,0.382909,8,drone1
-0.050527,0.0804831,1.85284e-05,124.657,-1.1775,-1.71865,-36.8735,-1.4951,-0.240097,0.628473,0.463345,0,3.55828,-0.545119,-0.435639,8,drone1
-0.0603706,0.0945568,2.30829e-05,125.653,-1.2576,-1.77925,-39.2793,-1.54472,-0.284916,0.662668,0.449628,0,1.00294,-0.36517,0.534231,8,drone1
-0.066043,0.102037,2.0013e-05,126.868,-1.30629,-1.75636,-40.9003,-1.59114,-0.32922,0.704853,0.366701,0,-1.57638,-0.455622,0.299659,8,drone1
-0.070749,0.108198,3.74673e-05,128.155,-1.301,-1.57692,-45.137,-1.74989,-0.298812,0.652387,0.449009,0,0.469376,-0.438644,2.35204,8,drone1
-0.0747451,0.112984,1.90073e-05,129.495,-1.20817,-1.48819,-48.415,-1.90805,-0.279003,0.653467,0.440288,-0.00231817,0.421632,-0.395652,2.11667,8,drone1
-0.0780716,0.11695,1.93628e-05,130.943,-1.1719,-1.37764,-56.3939,-1.84426,-0.551825,0.0191873,1.20117,0,10.2491,0.198899,0.125466,12,drone1
-0.078954,0.117831,1.83159e-05,134.281,-1.19382,-1.24892,-63.6838,-1.74169,-0.786399,-0.131665,1.18929,0,17.1231,0.459716,0.201005,12,drone1
-0.084759,0.12334,8.81031e-06,140.023,-1.24545,-1.04325,-70.5217,-1.58286,-0.962455,-0.254039,1.15217,0,21.62,0.945685,0.0286662,12,drone1
-0.0954345,0.131573,1.17557e-05,146.516,-1.2441,-0.833705,-76.9538,-1.35828,-1.05434,-0.19988,1.13452,0,18.6451,1.42988,-0.493904,12,drone1
-0.108087,0.139049,1.32414e-05,154.193,-1.22725,-0.609463,-79.9326,-1.29249,-1.07273,-0.24,1.15791,0,22.2988,1.02037,0.360777,12,drone1
-0.123931,0.145232,1.32718e-05,161.141,-1.16518,-0.415723,-82.1193,-1.23123,-1.05771,-0.186328,1.16399,0,18.5994,1.05148,0.178487,12,drone1
-0.141037,0.1499,1.2751e-05,166.686,-1.07209,-0.27195,-83.5554,-1.18244,-1.01423,-0.111221,1.16307,0,14.1208,1.04291,0.0659981,12,drone1
-0.159155,0.153172,1.20354e-05,171.325,-0.962294,-0.165105,-83.6079,-1.1591,-0.932537,0.0507273,1.13715,0,8.06623,0.997427,-0.0330724,12,drone1
-0.178357,0.155181,1.1312e-05,175.174,-0.841611,-0.0892859,-84.3831,-1.11324,-0.866764,-0.00337337,1.15085,0,6.55764,0.958402,-0.167783,12,drone1
-0.197491,0.156185,1.06753e-05,178.445,-0.719386,-0.0377069,-83.1978,-1.1288,-0.800273,0.211763,1.08317,0,-0.0310768,0.432314,0.0208223,12,drone1
-0.216547,0.156245,1.01486e-05,-178.805,-0.597589,-0.00571082,-83.159,-1.08216,-0.716789,0.148016,1.10917,0,-1.37487,0.856919,-0.383392,12,drone1
-0.236298,0.155541,9.71738e-06,-176.597,-0.47361,0.00995733,-81.2296,-1.05828,-0.595954,0.361983,1.00133,0,-8.51207,0.775286,-0.445068,12,drone1
-0.254409,0.154434,9.40393e-06,-175.014,-0.359095,0.0130998,-81.3644,-0.95522,-0.527015,0.186203,1.03404,0,-4.52967,0.818922,-0.926573,12,drone1
-0.274099,0.15264,9.18093e-06,-173.965,-0.238459,0.00692696,-80.6618,-0.906726,-0.453778,0.298449,1.01856,0,-9.65265,0.58591,-0.519869,12,drone1
-0.293026,0.150726,9.04188e-06,-173.356,-0.122444,-0.00403708,-79.4351,-0.858438,-0.380354,0.375536,0.959313,0,-13.4882,0.496626,-0.57436,12,drone1
-0.311457,0.148786,8.9933e-06,-173.325,-0.00922359,-0.0172222,-78.5496,-0.798894,-0.321367,0.372569,0.942814,0,-14.737,0.44829,-0.648226,12,drone1
-0.33016,0.146837,9.03629e-06,-173.826,0.105587,-0.0297196,-75.8956,-0.735819,-0.242621,0.536316,0.814562,0,-19.5831,0.438666,-0.777394,12,drone1
-0.347542,0.145351,9.14779e-06,-174.912,0.214893,-0.0373939,-72.9951,-0.663638,-0.172084,0.597754,0.744229,0,-22.8658,0.41941,-0.832786,12,drone1
-0.364793,0.14425,9.34445e-06,-176.652,0.324783,-0.0372346,-72.0406,-0.58578,-0.141596,0.492668,0.806479,0,-21.1203,0.344141,-0.799862,12,drone1
-0.38337,0.143524,9.64208e-06,-178.759,0.442235,-0.0278092,-68.1583,-0.508493,-0.0870483,0.699935,0.606552,0,-26.8849,0.351237,-0.859414,12,drone1
-0.399991,0.143513,9.99556e-06,178.742,0.551379,-0.00612946,-67.2421,-0.351506,-0.193595,0.492474,0.691102,0,-19.8877,-0.307397,-2.05548,12,drone1
-0.418698,0.144368,8.2593e-06,175.965,0.670653,0.0335034,-64.5378,-0.272793,-0.16455,0.649074,0.578847,0,-26.6102,0.515267,-0.810497,12,drone1
-0.436208,0.146133,5.04604e-06,173.054,0.781857,0.101424,-63.273,-0.191379,-0.152582,0.587177,0.625286,0,-24.855,0.501148,-0.769578,12,drone1
-0.454236,0.148861,2.62895e-05,169.903,0.905681,0.112641,-61.3921,-0.100063,-0.142139,0.612984,0.564313,0,-24.6801,0.595248,-0.83153,12,drone1
-0.47173,0.152434,1.83714e-05,166.607,1.01207,0.209933,-62.0415,-0.00895842,-0.151838,0.474212,0.688507,0,-19.4772,0.476075,-0.818297,12,drone1
-0.490633,0.157818,1.55014e-05,163.63,1.12664,0.307532,-60.4771,0.0858012,-0.159167,0.564958,0.569361,0,-19.9693,0.560724,-0.875566,12,drone1
-0.50808,0.163239,1.50848e-05,160.883,1.23448,0.407246,-59.2446,0.185035,-0.168606,0.544934,0.563261,0,-18.5748,0.62158,-0.876242,12,drone1
-0.525513,0.169786,1.58273e-05,157.875,1.33896,0.524359,-61.186,0.29155,-0.1681,0.360004,0.68805,0,-12.4846,0.604414,-0.850656,12,drone1
-0.542974,0.177673,1.70945e-05,155.489,1.44819,0.640242,-64.9618,0.408036,-0.145708,0.172838,0.74166,0,-4.44864,0.593559,-0.895579,12,drone1
-0.557953,0.184833,2.81795e-05,154.326,1.53538,0.779706,-68.0732,0.531913,-0.112853,0.129463,0.719389,0,0.428212,0.581845,-1.01402,12,drone1
-0.573432,0.19228,2.32184e-05,153.988,1.6693,0.841197,-72.1281,0.664272,-0.0477128,-0.00505579,0.720849,0,6.45456,0.606243,-1.10626,12,drone1
-0.588298,0.199096,2.2843e-05,155.051,1.82282,0.869301,-75.7158,0.785332,0.0211334,-0.0540742,0.707152,0,10.9532,0.405805,-1.1192,12,drone1
-0.603916,0.205724,2.4431e-05,157.342,2.00373,0.856093,-78.1066,0.754597,0.113533,-0.0140485,0.733009,0,8.76343,0.416396,0.369857,12,drone1
-0.620104,0.212146,1.64183e-05,160.252,1.98595,0.717055,-80.4357,0.894734,0.169294,-0.0619051,0.67199,0,13.0356,0.234209,-1.45792,12,drone1
-0.637536,0.217749,1.81764e-05,163.419,1.86827,0.568458,-81.3147,1.02024,0.19914,0.00228706,0.664879,0,11.4218,0.0840319,-1.30936,12,drone1
-0.656094,0.222918,1.832e-05,166.393,1.75386,0.440525,-83.8929,1.10234,0.257435,-0.104032,0.653908,0,11.7167,-0.0256755,-0.960988,12,drone1
-0.673941,0.226623,1.75051e-05,169.288,1.63566,0.326841,-84.0513,1.17805,0.263222,0.0127227,0.638724,0,9.30981,-0.124925,-0.808398,12,drone1
-0.693353,0.230016,1.65226e-05,172.011,1.52556,0.232073,-85.8293,1.22217,0.302301,-0.0729327,0.632797,0,9.00006,-0.13976,-0.572761,12,drone1
-0.712017,0.232204,1.54379e-05,174.485,1.41347,0.154507,-87.8505,1.2485,0.345927,-0.0964945,0.602488,0,8.11405,-0.162355,-0.420291,12,drone1
-0.73069,0.233572,1.44445e-05,176.993,1.30482,0.0865745,-86.0561,1.28452,0.289714,0.0845151,0.559736,0,3.92372,-0.253217,-0.283065,12,drone1
-0.750098,0.234294,1.36286e-05,179.189,1.20322,0.035108,-85.0388,1.29906,0.245555,0.0785188,0.541826,0,0.723289,-0.222632,-0.113971,12,drone1
-0.769815,0.234272,1.29247e-05,-179.148,1.10784,0.00162162,-83.3479,1.30424,0.180357,0.128429,0.507961,0,-3.00203,-0.201495,0.00589696,12,drone1
-0.788982,0.233712,1.23049e-05,-177.987,1.01533,-0.0175471,-80.8075,1.30215,0.0967683,0.191925,0.472341,0,-7.42833,-0.105286,0.0955192,12,drone1
-0.807486,0.232834,1.09749e-05,-177.419,0.925312,-0.0250097,-77.7427,1.28528,-0.000328501,0.238905,0.424874,0,-11.8625,-0.0602261,0.216027,12,drone1
-0.824981,0.232101,4.20886e-06,-177.294,0.834693,-0.0433797,-74.3299,1.25492,-0.0994361,0.277693,0.379896,0,-16.1771,0.0332867,0.313984,12,drone1
-0.842161,0.23149,8.41167e-06,-177.77,0.748523,-0.0424862,-70.7413,1.20999,-0.196431,0.306945,0.336892,0,-20.2275,0.0925099,0.409986,12,drone1
-0.859135,0.231084,9.75508e-06,-178.943,0.666144,-0.0290975,-66.8894,1.14736,-0.29413,0.318618,0.276677,0,-24.2522,0.0992734,0.510912,12,drone1
-0.87584,0.231039,9.96042e-06,179.217,0.5863,-0.00986991,-64.4266,1.08872,-0.352225,0.309184,0.29128,0,-25.0268,0.152441,0.503213,12,drone1
-0.893459,0.231559,9.81802e-06,176.844,0.51395,0.0101998,-62.171,1.02643,-0.395863,0.313502,0.274322,0,-26.3509,0.192527,0.553598,12,drone1
-0.911093,0.232811,9.60076e-06,174.054,0.444573,0.0281021,-60.3041,0.964932,-0.422749,0.306923,0.263953,0,-26.5687,0.21854,0.579415,12,drone1
-0.928841,0.234995,9.40238e-06,170.894,0.378745,0.0424244,-58.9782,0.863647,-0.48451,0.284185,0.266561,0,-23.0306,-0.482962,0.567759,12,drone1
-0.9469,0.238385,9.24842e-06,167.537,0.317991,0.0518373,-58.252,0.809997,-0.469145,0.253982,0.254804,0,-22.3258,0.260929,0.612477,12,drone1
-0.965066,0.243007,9.14331e-06,164.258,0.262194,0.0551937,-58.0354,0.762024,-0.442185,0.226025,0.253323,0,-19.3499,0.237559,0.605581,12,drone1
-0.983345,0.248838,9.07988e-06,161.367,0.21217,0.0525024,-57.9274,0.731466,-0.440366,0.2008,0.234776,0,-17.4719,0.0983401,0.29727,12,drone1
-1.00147,0.255508,9.03416e-06,158.988,0.166597,0.0446404,-59.6344,0.649985,-0.330875,0.164017,0.267113,0,-15.9077,0.314827,1.31645,12,drone1
-1.01971,0.263088,9.00823e-06,157.264,0.126689,0.033468,-60.5271,0.616966,-0.292101,0.140833,0.240969,0,-8.79327,0.132262,0.490601,12,drone1
-1.038,0.271131,8.99747e-06,156.272,0.0909889,0.0201912,-61.543,0.575216,-0.258977,0.120306,0.229076,0,-6.23809,0.0108096,0.523298,12,drone1
-1.05606,0.279329,8.99424e-06,155.872,0.0571921,0.0057208,-62.6554,0.53453,-0.227135,0.10196,0.215699,0,-4.15376,-0.00675835,0.502702,12,drone1
-1.07404,0.287504,9.0104e-06,156.003,0.0249461,-0.00882599,-63.6257,0.493034,-0.198199,0.0902845,0.200675,0,-2.80905,-0.0141112,0.495232,12,drone1
-1.09208,0.29552,9.01126e-06,156.489,-0.00595229,-0.022449,-64.7322,0.462678,-0.167638,0.0755031,0.185255,0,-1.8321,0.0479047,0.4008,12,drone1
-1.11008,0.303302,9.02398e-06,157.183,-0.0362835,-0.0350362,-65.046,0.411485,-0.155547,0.0761689,0.166063,0,-1.73541,-0.128139,0.511659,12,drone1
-1.12846,0.310818,9.0175e-06,157.757,-0.0643738,-0.0459867,-65.6739,0.363518,-0.142519,0.0632929,0.149127,0,-1.93401,-0.124864,0.485286,12,drone1
-1.1468,0.318262,9.04659e-06,158.148,-0.0917069,-0.0563982,-66.2363,0.317451,-0.131378,0.0546966,0.131167,0,-1.86675,-0.120594,0.462456,12,drone1
-1.16463,0.325414,1.42962e-06,158.542,-0.129231,-0.0478172,-66.2154,0.272011,-0.124675,0.051572,0.112138,0,-1.87607,-0.115774,0.441502,12,drone1
-1.18319,0.332727,1.92634e-05,158.761,-0.138873,-0.0956915,-65.9135,0.22766,-0.117553,0.0461981,0.0938581,0,-2.34984,-0.0936451,0.432455,12,drone1
-1.20147,0.340018,1.39773e-05,158.796,-0.168838,-0.0955605,-65.6778,0.18077,-0.116136,0.0390903,0.0772986,0,-2.96403,-0.164676,0.428763,12,drone1
-1.21752,0.346216,1.15641e-05,158.539,-0.205618,-0.105596,-65.0939,0.140033,-0.112616,0.033361,0.0566803,0,-3.22776,-0.111681,0.377913,12,drone1
-1.22956,0.350917,1.02695e-05,157.999,-0.259692,-0.126723,-64.7514,0.0958913,-0.108936,0.0264945,0.0438885,0,-3.70396,-0.142679,0.406446,12,drone1
-1.23895,0.354767,9.77645e-06,157.299,-0.324611,-0.156292,-63.3159,0.0581397,-0.125978,0.0392385,0.0505999,0,-3.51745,-0.280555,0.242698,12,drone1
-1.25041,0.359512,9.64534e-06,156.226,-0.37753,-0.186341,-62.9454,0.00965953,-0.118793,0.0189499,0.0236478,0,-4.40581,-0.1537,0.448044,12,drone1
-1.25578,0.362012,9.8634e-06,155.038,-0.457487,-0.23304,-62.9277,-0.0428715,-0.112927,0.010356,0.013843,0,-3.58304,-0.196184,0.482457,12,drone1
-1.2589,0.363576,1.02263e-05,154.291,-0.548862,-0.284417,-64.5732,-0.127556,-0.025005,-0.00794877,0.00866135,0,-2.2985,0.37227,1.19066,12,drone1
-1.25981,0.364281,1.07736e-05,154.502,-0.655671,-0.332911,-64.5272,-0.176946,-0.0269072,-0.00143845,0.00185777,0,0.460872,-0.227654,0.438719,12,drone1
-1.2597,0.364128,1.13779e-05,155.052,-0.771773,-0.37905,-64.4804,-0.232794,-0.0283653,-0.00977766,0.0013919,0,0.46912,-0.251521,0.498852,12,drone1
-1.25966,0.36407,1.21395e-05,155.208,-0.887369,-0.429867,-65.1715,-0.236059,-0.0095147,-0.0143614,-0.0174287,0,0.0933492,0.180241,0.126083,12,drone1
-1.25568,0.362317,8.79153e-06,155.507,-1.02918,-0.479104,-67.5596,-0.433627,0.0086172,0.01069,0.0663783,0,-0.520375,-0.588165,1.91255,12,drone1
-1.26755,0.367807,3.27078e-05,156.176,-1.07855,-0.538217,-76.0783,-0.499814,-0.0647882,-0.113917,0.0323699,0,4.81858,-0.292045,0.633953,12,drone1
-1.26596,0.367407,2.20771e-05,157.173,-1.23202,-0.553692,-83.8745,-0.554049,-0.147923,-0.100788,0.00476259,0,12.044,-0.155141,0.672129,12,drone1
-1.26275,0.366834,1.98565e-05,159.888,-1.40689,-0.54202,-83.8891,-0.544565,-0.209116,-0.0185634,-0.0385354,0,18.2933,-0.43264,-0.0339827,12,drone1
-1.25476,0.363895,1.97774e-05,163.812,-1.62014,-0.492401,-91.0757,-0.603183,-0.288548,-0.119739,-0.0283693,0,18.1374,0.0777,0.947899,12,drone1
-1.24896,0.363673,2.10308e-05,168.92,-1.83129,-0.378632,-97.6423,-0.665086,-0.372795,-0.0676305,-0.0643081,0,22.782,0.283,1.05633,12,drone1
-1.23636,0.362243,2.34217e-05,175.803,-2.07671,-0.171474,-94.1845,-0.795182,-0.331575,0.011573,0.0110212,0,17.9468,0.529865,1.09429,12,drone1
-1.23792,0.362284,3.11755e-05,-177.935,-2.20578,0.0482986,-87.7324,-0.950055,-0.221453,0.0434065,0.025528,0,6.48003,0.430765,1.21901,12,drone1
-1.2408,0.362431,2.37605e-05,-172.872,-2.04904,0.235848,-79.9451,-1.09311,-0.0467087,0.066511,0.00840163,0,-7.12953,0.206688,1.21436,12,drone1
-1.2419,0.363466,2.21567e-05,-170.096,-1.89372,0.309561,-79.0116,-1.18548,0.0298511,0.0226313,0.00446228,0,-18.3123,-0.0549774,0.922701,12,drone1
-1.24328,0.3637,2.00878e-05,-169.605,-1.75686,0.302073,-72.6974,-1.19984,0.101435,0.0618639,-0.0293354,0,-22.0885,-1.05766,-0.137401,12,drone1
-1.23939,0.365339,1.85716e-05,-171.058,-1.66285,0.242297,-66.4915,-1.50774,0.329911,0.26331,-0.110919,0,-27.9545,-1.27595,3.02902,12,drone1
-1.23707,0.366517,1.73015e-05,-175.011,-1.57385,0.118585,-61.6694,-1.54536,0.554856,0.170247,-0.248974,0,-41.806,-0.679932,0.580951,12,drone1
-1.22625,0.36712,1.66901e-05,179.504,-1.52402,-0.0317385,-56.4009,-1.47109,0.746962,0.0791947,-0.09516,0,-37.3294,-0.452943,-0.231599,12,drone1
-1.21875,0.366332,1.60559e-05,173.104,-1.44845,-0.193812,-51.3966,-1.3834,0.904264,0.145113,-0.168212,0,-39.9623,-0.683725,-0.364672,12,drone1
-1.21336,0.364632,1.544e-05,165.424,-1.34587,-0.369056,-46.2234,-1.25996,1.07227,0.147675,-0.138608,0,-38.2709,-0.431853,-0.269174,12,drone1
-1.21178,0.363351,1.47592e-05,155.782,-1.19454,-0.557557,-40.7655,-1.05547,1.22622,0.138592,-0.116097,0,-35.4128,0.077159,-0.511263,12,drone1
-1.213,0.363669,1.40617e-05,144.223,-0.988822,-0.73535,-35.1977,-0.906366,1.28451,0.205004,-0.0742058,0,-34.3016,-0.84982,-0.72789,12,drone1
-1.22075,0.370374,1.31028e-05,132.87,-0.741266,-0.825671,-29.0356,-0.770959,1.28714,0.211785,-0.054125,0,-28.3555,-1.14713,-0.95767,12,drone1
-1.229,0.380705,1.57394e-05,122.837,-0.550627,-0.805654,-23.3031,-0.657565,1.24678,0.177421,-0.0276425,0,-21.5921,-1.09207,-1.10138,12,drone1
-1.23618,0.393927,1.40959e-05,113.609,-0.355284,-0.753028,-23.0168,-0.669982,1.14102,0.0923622,0.0241395,0,-15.6186,-0.85756,-1.07295,12,drone1
-1.24141,0.409976,1.22436e-05,106.303,-0.212813,-0.650382,-25.8572,-0.742044,0.992315,0.00333093,0.0228978,0,-2.99651,-0.641651,-1.01063,12,drone1
-1.24044,0.411399,1.13482e-05,101.302,-0.140891,-0.600588,-27.8603,-0.783735,0.850193,-0.0484656,0.00160174,0,9.00149,-0.447233,-0.941862,12,drone1
-1.23812,0.402337,1.01986e-05,98.7671,-0.110045,-0.593943,-28.81,-0.807005,0.720164,-0.0553223,-0.00653594,0,16.3229,-0.421524,-0.860753,12,drone1
-1.23618,0.391763,1.00074e-05,97.7111,-0.0983771,-0.593399,-35.278,-0.987,0.583064,-0.0437253,0.0513147,0,20.1896,-0.696856,0.370514,12,drone1
-1.2349,0.38875,9.94905e-06,98.3553,-0.0999649,-0.55658,-39.1286,-1.01106,0.414216,-0.0917142,-0.000615054,0,28.9492,-0.09871,-0.665095,12,drone1
-1.23244,0.376259,1.00429e-05,100.891,-0.127315,-0.565909,-42.5796,-1.01363,0.26161,-0.0980583,-0.0123153,0,32.7645,-0.00344743,-0.562475,12,drone1
-1.22865,0.360566,1.00432e-05,104.715,-0.173307,-0.587746,-46.3736,-1.00278,0.117925,-0.108304,-0.01595,0,34.3201,0.094146,-0.445501,12,drone1
-1.22436,0.34699,1.0368e-05,109.643,-0.232365,-0.597123,-47.925,-0.981206,0.0189026,-0.0721968,-0.0199678,0,33.9549,0.0453438,-0.346671,12,drone1
-1.21969,0.335599,1.04873e-05,115.179,-0.297919,-0.590588,-50.461,-0.956797,-0.0814087,-0.0628574,-0.004755,0,30.5147,0.0845174,-0.254039,12,drone1
-1.21546,0.327662,1.04847e-05,120.493,-0.355052,-0.566903,-50.1367,-0.858927,-0.229075,-0.0313558,-0.00831747,0,27.5289,-0.51177,-1.32563,12,drone1
-1.21309,0.323602,1.04551e-05,124.813,-0.390663,-0.529748,-51.6561,-0.836238,-0.268592,-0.00791332,0.0336827,0,20.3606,0.162633,-0.00428921,12,drone1
-1.21582,0.327249,1.04689e-05,128.502,-0.39209,-0.462736,-55.2414,-0.800709,-0.316381,-0.00700404,0.0578161,0,17.3052,0.29928,0.0683219,12,drone1
-1.22099,0.333403,9.96581e-06,132.911,-0.381093,-0.383121,-52.4059,-0.7957,-0.276199,0.0467457,0.0496022,0,15.3454,0.245213,-1.81081e-05,12,drone1
-1.22915,0.341621,1.02913e-05,136.674,-0.347566,-0.301071,-54.7626,-0.759542,-0.292062,0.00061648,0.0432636,0,9.72605,0.359092,0.0016974,12,drone1
-1.23426,0.346232,9.64871e-06,139.401,-0.317852,-0.248119,-59.0119,-0.705258,-0.27601,-0.0235981,0.0349642,0,8.19379,0.840131,0.205711,12,drone1
-1.23632,0.347779,9.44896e-06,143.436,-0.307226,-0.205185,-59.0021,-0.670737,-0.262744,0.00327737,0.0196264,0,9.47276,0.35686,-0.156944,12,drone1
-1.23995,0.350634,9.28605e-06,146.486,-0.283147,-0.165835,-58.7546,-0.634609,-0.24575,0.00622534,0.0145852,0,5.26992,0.344897,-0.208847,12,drone1
-1.24279,0.352617,9.24481e-06,147.385,-0.25588,-0.142211,-58.0304,-0.600288,-0.222507,0.00948799,0.00757833,0,1.86804,0.334085,-0.228042,12,drone1
-1.24483,0.354022,9.20208e-06,147.376,-0.230655,-0.1261,-56.6108,-0.568258,-0.193046,0.0145909,0.00255277,0,0.0254408,0.321111,-0.23987,12,drone1
-1.24661,0.35528,9.16182e-06,146.526,-0.205656,-0.114218,-54.5641,-0.537682,-0.159447,0.0198644,-0.00109805,0,-1.62535,0.307011,-0.246842,12,drone1
-1.24838,0.356566,9.1254e-06,144.843,-0.180133,-0.104655,-50.2202,-0.515913,-0.119587,0.0329734,-0.0140895,0,-1.58643,0.170459,-0.280984,12,drone1
-1.24989,0.357863,9.07918e-06,141.661,-0.154059,-0.0987227,-48.3088,-0.488982,-0.0986579,0.0241075,-0.00123242,0,-5.70872,0.203532,-0.245256,12,drone1
-1.25184,0.359427,9.0773e-06,138.295,-0.127322,-0.089096,-45.1595,-0.448871,-0.0590717,0.0242074,-0.0150421,0,-4.59577,0.377787,-0.269419,12,drone1
-1.25261,0.360151,9.04712e-06,135.239,-0.108418,-0.0819351,-43.2989,-0.406023,-0.0241508,0.0154531,-0.00950327,0,-4.08923,0.44444,-0.183916,12,drone1
-1.25295,0.360519,9.03497e-06,132.364,-0.0929685,-0.0749787,-38.3643,-0.365086,0.0352754,0.0508047,-0.00911166,0,-3.95524,0.455268,-0.114499,12,drone1
-1.25748,0.365621,9.01109e-06,128.62,-0.059035,-0.0447792,-35.2383,-0.318854,0.0601902,0.0318103,-0.0115119,0,-5.71223,0.360418,-0.242432,12,drone1
-1.2593,0.3682,8.98381e-06,124.241,-0.0391251,-0.0252382,-33.2732,-0.271706,0.0731653,0.0109192,-0.015194,0,-4.3941,0.369521,-0.246798,12,drone1
-1.25896,0.367908,8.98286e-06,121.087,-0.0319887,-0.0179084,-33.6495,-0.225842,0.0573456,-0.0235184,-0.0123458,0,-0.443576,0.310088,-0.371934,12,drone1
-1.25566,0.362784,8.96573e-06,119.626,-0.0396259,-0.0330417,-30.0946,-0.180036,0.0789142,0.0224569,-0.0172739,0,1.07729,0.39246,-0.168199,12,drone1
-1.25714,0.364798,9.00745e-06,118.02,-0.0276199,-0.0131605,-27.306,-0.137839,0.0937784,0.0200898,-0.0141056,0,-0.743874,0.359854,-0.137047,12,drone1
-1.2581,0.366618,8.98001e-06,115.237,-0.0174313,0.00558344,-26.0653,-0.0953252,0.110529,0.0101984,-0.00701593,0,-1.61712,0.419337,-0.0599794,12,drone1
-1.25828,0.367474,8.9785e-06,112.957,-0.0112735,0.0199048,-23.8526,-0.0494526,0.126371,0.0249612,-0.00756218,0,-0.697411,0.425571,-0.070629,12,drone1
-1.25979,0.371051,9.00076e-06,110.994,-0.00104738,0.0480062,-22.841,-0.0079893,0.121291,-0.00503287,-0.0104085,0,0.498018,0.335088,-0.214253,12,drone1
-1.25893,0.369162,9.00015e-06,109.27,-0.00183975,0.0498154,-23.7273,0.136369,0.158597,-0.0527602,-0.0144327,0,0.366303,1.4931,-0.227128,12,drone1
-1.25575,0.359975,9.479e-06,108.801,-0.0149439,0.0155511,-22.8738,0.173726,0.165877,-0.0120726,-0.00891361,0,4.29187,0.36211,-0.08186,12,drone1
-1.25494,0.357366,9.27283e-06,108.739,-0.0151958,0.0135446,-21.2161,0.209886,0.164411,0.0169641,-0.00424908,0,3.07172,0.305716,-0.108195,12,drone1
-1.25607,0.3602,9.12382e-06,108.214,-0.006936,0.03789,-19.2613,0.249965,0.168687,0.033679,-0.00240611,0,1.00372,0.365373,-0.0250393,12,drone1
-1.25813,0.366135,9.05856e-06,107.114,0.00476417,0.0775546,-15.2556,0.270388,0.09603,0.0269232,-0.0241198,0,-0.621487,-0.0915691,-0.544976,12,drone1
-1.25954,0.369609,9.04261e-06,105.075,0.0098223,0.106452,-13.7913,0.320834,0.0990874,0.00507933,-0.0124893,0,-2.55979,0.489392,-0.00743726,12,drone1
-1.25946,0.369756,9.03963e-06,102.667,0.00824467,0.119573,-11.2619,0.378562,0.0944349,0.0246567,-0.0164796,0,-2.82708,0.54329,-0.00607013,12,drone1
-1.26034,0.373721,9.0632e-06,100.342,0.00918894,0.151546,-9.77031,0.441598,0.100697,0.0289475,-0.00856264,0,-3.14099,0.624055,0.0765843,12,drone1
-1.26112,0.378933,9.10898e-06,98.0456,0.00849532,0.189951,-8.85956,0.520116,0.104402,-0.00752547,-0.00978458,0,-1.64306,0.776134,-0.00181997,12,drone1
-1.26076,0.376904,9.12104e-06,95.9923,0.0020584,0.19386,-7.07639,0.593459,0.0947188,-0.00310582,-0.0145165,0,0.0131471,0.705154,-0.0437991,12,drone1
-1.26065,0.375808,9.12619e-06,94.0938,-0.00372353,0.202609,-4.98641,0.670322,0.078612,0.00394465,-0.0158155,0,0.104621,0.739326,-0.0370605,12,drone1
-1.26068,0.376189,9.14571e-06,92.2079,-0.00974651,0.218883,-0.637628,0.778869,-0.0317007,-0.0111066,-0.0352607,0,-0.420709,0.99179,-0.672946,12,drone1
-1.26066,0.373361,9.14561e-06,90.1103,-0.017744,0.220107,2.95686,0.852998,-0.0827586,0.0190963,-0.0302612,0,-3.22012,0.777665,0.0318795,12,drone1
-1.26057,0.377236,9.19944e-06,87.7147,-0.0283132,0.253884,4.6578,0.932037,-0.101939,0.0244108,-0.018213,0,-4.75046,0.810087,0.20446,12,drone1
-1.26027,0.382241,9.26966e-06,85.2527,-0.0425827,0.29332,3.87958,0.979555,-0.0532043,0.0288006,0.000533149,0,-4.08887,0.417798,0.477494,12,drone1
-1.25991,0.387776,9.35555e-06,83.1473,-0.0586217,0.335685,5.37891,1.07533,-0.0787049,0.00678095,-0.012464,0,-0.401647,0.972423,0.0770091,12,drone1
-1.25975,0.389156,9.42233e-06,81.3797,-0.0727616,0.358743,7.05784,1.0766,-0.141726,0.0316262,-0.0162557,0,-0.209268,0.0701756,-0.306335,12,drone1
-1.25866,0.395715,9.5595e-06,79.6678,-0.0927352,0.407295,8.96946,1.19383,-0.181328,-0.00997888,-0.0131648,0,0.744815,1.22127,0.0918868,12,drone1
-1.259,0.393917,9.58654e-06,77.9529,-0.107422,0.416291,11.402,1.31421,-0.245162,-0.0135209,-0.0166908,0,0.419653,1.29679,0.056527,12,drone1
-1.25939,0.391814,9.62307e-06,76.1042,-0.123698,0.424319,13.2916,1.44172,-0.299561,-0.0384977,-0.00669645,0,0.673694,1.35924,0.136682,12,drone1
-1.26131,0.384633,9.5841e-06,74.1844,-0.134562,0.40838,14.8704,1.54578,-0.355436,-0.0161234,-0.00890191,0,-0.117623,1.13551,0.105107,12,drone1
-1.26212,0.382032,9.62227e-06,72.3911,-0.15088,0.415301,16.6362,1.62038,-0.417002,-0.0099249,-0.0113733,0,0.248011,0.870578,0.076453,12,drone1
-1.26254,0.380751,9.67779e-06,70.6807,-0.169756,0.429303,18.6566,1.67046,-0.484449,0.003316,-0.0175013,0,-0.138829,0.660336,0.0916235,12,drone1
-1.26191,0.382327,9.78844e-06,68.8856,-0.196029,0.457203,20.3734,1.69458,-0.540847,-0.0121621,-0.00982735,0,0.196185,0.394397,0.057039,12,drone1
-1.26261,0.380662,9.85445e-06,67.0782,-0.218343,0.469695,22.3054,1.69826,-0.606343,0.00500125,-0.0182538,0,-0.446432,0.243958,0.0129229,12,drone1
-1.26165,0.38273,9.99945e-06,65.2675,-0.250511,0.500412,18.5703,1.80719,-0.40457,0.00805228,0.0272722,0,-0.957796,0.32489,1.14166,12,drone1
-1.26296,0.38158,1.01463e-05,65.4472,-0.259319,0.523631,20.9517,1.79575,-0.48639,0.025999,-0.0247786,0,4.24505,0.0957404,-0.185018,12,drone1
-1.25954,0.388099,1.03157e-05,66.1686,-0.279986,0.589119,23.7197,1.76367,-0.572259,-0.00943631,-0.0169944,0,2.93515,-0.0550093,-0.114398,12,drone1
-1.25944,0.387681,1.04835e-05,64.9088,-0.3073,0.613544,26.6323,1.72652,-0.656432,-0.0329055,-0.0103289,0,-0.0360646,-0.0721546,0.0207636,12,drone1
-1.26157,0.383015,1.05514e-05,62.6353,-0.33756,0.612738,30.5281,1.658,-0.759306,-0.0580985,-0.00521804,0,-0.490326,-0.237907,0.040748,12,drone1
-1.26616,0.374337,1.05106e-05,59.49,-0.367152,0.587356,32.0301,1.6155,-0.788184,-0.0144972,-0.00820011,0,-3.51384,-0.277556,0.115105,12,drone1
-1.26729,0.372785,1.07093e-05,56.6532,-0.414215,0.596331,32.3512,1.58943,-0.780507,0.087774,-0.06391,0,-5.69742,-0.300367,0.191503,12,drone1
-1.2565,0.388708,1.14106e-05,54.9141,-0.511012,0.69579,32.962,1.55983,-0.772844,0.0684172,-0.0509802,0,-2.22388,-0.320787,0.15694,12,drone1
-1.24673,0.402387,1.21594e-05,53.8446,-0.599577,0.789732,32.6987,1.47855,-0.71801,0.0572549,-0.0359508,0,-1.38223,-0.975409,-0.0301818,12,drone1
-1.23892,0.413072,1.29513e-05,53.432,-0.673312,0.877066,28.412,1.5246,-0.573988,0.057556,0.00240273,0,-0.311847,-0.201116,0.254942,12,drone1
-1.23332,0.420945,1.37036e-05,54.4269,-0.715822,0.969412,26.206,1.55008,-0.480841,0.0189875,0.0139067,0,5.27857,-0.0952938,0.176294,12,drone1
-1.23241,0.422438,1.42166e-05,56.9547,-0.707542,1.05409,28.4991,1.5478,-0.509368,-0.0579855,0.0164413,0,8.99665,0.0634913,0.121085,12,drone1
-1.23801,0.412885,1.4228e-05,58.2257,-0.687288,1.07504,31.0404,1.53764,-0.539251,-0.0894852,0.0308235,0,5.38286,-0.0226447,0.252988,12,drone1
-1.24758,0.397397,1.40343e-05,57.5316,-0.687698,1.04683,29.7012,1.66965,-0.410773,-0.0964139,0.0797586,0,5.17246,0.630321,1.24063,12,drone1
-1.25781,0.381775,1.38956e-05,56.9415,-0.686678,1.0216,32.7746,1.63601,-0.475293,-0.0546972,0.00652587,0,3.19762,-0.173058,0.0782591,12,drone1
-1.26319,0.373346,1.40672e-05,56.146,-0.713903,1.03154,35.1048,1.60469,-0.512198,-0.00407838,-0.0194711,0,-0.575352,-0.253498,0.203369,12,drone1
-1.26208,0.374779,1.47812e-05,54.112,-0.799611,1.07399,37.216,1.57302,-0.545143,0.00439042,-0.0251067,0,-2.04323,-0.265579,0.197005,12,drone1
-1.2599,0.377641,1.56459e-05,51.8183,-0.902101,1.1176,37.8516,1.56349,-0.533393,0.00855647,-0.0148364,0,-2.17523,-0.22769,0.268115,12,drone1
-1.25818,0.379837,1.66042e-05,50.2278,-0.995309,1.16716,37.1023,1.57572,-0.479705,0.0219448,-0.0108498,0,-1.19236,-0.175486,0.326247,12,drone1
-1.25537,0.383283,1.77553e-05,50.0424,-1.06973,1.24813,36.6047,1.59239,-0.433963,0.0131731,-0.00379117,0,1.35697,-0.0764943,0.295699,12,drone1
-1.2538,0.385195,1.89015e-05,50.6148,-1.12385,1.33989,36.8651,1.54164,-0.353029,0.00670177,0.00207111,0,2.62844,-0.882436,0.365119,12,drone1
-1.25373,0.385259,2.00385e-05,50.9394,-1.17857,1.42302,38.4019,1.56938,-0.367128,-0.0257765,0.00681021,0,2.50303,0.174749,0.376944,12,drone1
-1.25669,0.381545,2.10058e-05,50.3519,-1.24504,1.47358,39.0175,1.61114,-0.358629,-0.0107625,0.00255012,0,0.138721,0.203648,0.479333,12,drone1
-1.25802,0.379974,2.23167e-05,49.4597,-1.33328,1.53039,38.9505,1.71324,-0.312151,-0.00144137,0.00371288,0,-0.661243,0.495582,1.00631,12,drone1
-1.25812,0.379892,2.38958e-05,49.1341,-1.41787,1.61041,39.043,1.76269,-0.294249,-0.00352013,-0.00445096,0,0.929761,0.275369,0.448037,12,drone1
-1.25813,0.379873,2.77015e-05,49.1145,-1.43601,1.61926,39.1596,1.81622,-0.279948,-0.00364072,-0.000191951,0,1.16852,0.329857,0.445217,12,drone1
-1.25814,0.379875,2.30608e-05,49.1113,-1.35178,1.53111,38.8821,1.86602,-0.256021,0.0103716,-0.00498251,0,0.679561,0.293432,0.403032,12,drone1
-1.2567,0.381557,2.10066e-05,49.2758,-1.27903,1.45792,38.4265,1.90144,-0.228754,0.0103196,-0.00290909,0,0.86247,0.198831,0.281032,12,drone1
-1.25547,0.383024,1.97628e-05,49.6977,-1.20554,1.3936,43.1709,1.95094,-0.429404,-0.0356759,-0.017656,0,1.13341,0.882249,0.0790686,12,drone1
-1.25691,0.3811,2.0751e-05,47.7918,-1.18168,1.26935,42.8125,1.96092,-0.402881,-0.00403469,-0.000630789,0,-3.57473,-0.115869,0.25841,12,drone1
-1.25749,0.380516,1.84518e-05,45.646,-1.16223,1.16036,42.6792,1.95462,-0.380754,-0.00166032,-0.00227158,0,-1.32533,-0.197726,0.117353,12,drone1
-1.2576,0.380407,1.70813e-05,45.5108,-1.10584,1.09894,40.5327,1.95367,-0.289617,0.0183861,0.00564894,0,-0.0958761,-0.22333,0.0389206,12,drone1
-1.25656,0.381515,1.62004e-05,46.552,-1.03777,1.06888,40.8109,1.93144,-0.283858,0.00683823,-0.000418222,0,2.78456,-0.208462,-0.0961512,12,drone1
-1.25628,0.381791,1.55184e-05,47.566,-0.971867,1.03597,41.7251,1.90082,-0.300577,-0.0131615,0.00436959,0,2.33837,-0.247237,-0.125325,12,drone1
-1.25789,0.380013,1.48368e-05,47.2998,-0.924701,0.975135,41.7227,1.8711,-0.292085,-0.000514228,-0.000566278,0,-0.0215835,-0.27831,-0.134533,12,drone1
-1.25795,0.379961,1.43264e-05,46.9747,-0.889281,0.926031,37.9888,1.83686,-0.103719,0.0322418,0.00947644,0,-0.635512,-0.818972,0.177987,12,drone1
-1.25611,0.382092,1.39641e-05,48.7259,-0.833302,0.921803,38.1068,1.80254,-0.109658,0.0117019,-0.0064422,0,3.90649,-0.194354,-0.324419,12,drone1
-1.25393,0.384556,1.36918e-05,50.6069,-0.780359,0.921569,35.496,1.66118,0.0109539,0.0578677,-0.0162854,0,3.32751,-1.33151,-0.641341,12,drone1
-1.2476,0.39239,1.37252e-05,50.8663,-0.77897,0.928524,35.7829,1.6404,-0.0161675,0.00306975,-0.00247762,0,2.86044,-0.0193953,-0.340969,12,drone1
-1.24787,0.392069,1.34083e-05,51.5439,-0.74006,0.902495,36.1965,1.62319,-0.0463651,-0.00956916,0.00531937,0,2.48357,0.00391807,-0.307025,12,drone1
-1.24916,0.390391,1.30178e-05,51.912,-0.702481,0.866745,36.5327,1.60446,-0.075154,-0.0106666,0.00597063,0,1.45154,-0.0149435,-0.298106,12,drone1
-1.25062,0.388515,1.26827e-05,51.7959,-0.674333,0.827316,36.8002,1.5838,-0.102165,-0.00939741,0.00512083,0,0.767756,-0.0366023,-0.29539,12,drone1
-1.25193,0.386857,1.23931e-05,51.6105,-0.650309,0.791435,39.4003,1.70148,-0.206357,-0.0668307,0.0255253,0,0.79782,1.20187,0.456269,12,drone1
-1.26017,0.376383,1.18078e-05,50.6987,-0.603797,0.708868,39.2221,1.68533,-0.213126,-0.0059972,0.00291112,0,-1.78396,-0.0796548,-0.155905,12,drone1
-1.26001,0.376587,1.22259e-05,49.1711,-0.608273,0.674379,37.1035,1.66438,-0.164894,0.0236853,0.000439337,0,-1.49845,-0.145165,-0.249159,12,drone1
-1.25809,0.378967,1.16216e-05,49.8745,-0.594984,0.677686,34.6818,1.64274,-0.106809,0.0376542,-0.0031829,0,1.71408,-0.119674,-0.303582,12,drone1
-1.25416,0.38387,1.1596e-05,52.0451,-0.575985,0.709136,34.664,1.61984,-0.119659,0.0132621,-0.0049456,0,4.28731,-0.0611273,-0.344324,12,drone1
-1.25219,0.38632,1.16054e-05,53.5731,-0.556814,0.724133,34.316,1.59975,-0.131645,0.0168238,-0.00660592,0,1.82733,-0.0254902,-0.342185,12,drone1
-1.25005,0.389232,1.16917e-05,54.155,-0.553047,0.734582,35.7429,1.58647,-0.187616,-0.0171798,2.73057e-05,0,1.84168,0.0347496,-0.232742,12,drone1
-1.25148,0.387066,1.15794e-05,53.8596,-0.544784,0.715204,32.8565,1.58966,-0.128035,0.0304374,0.00369762,0,-2.15416,0.0586512,-0.138078,12,drone1
-1.24931,0.390413,1.18715e-05,54.4495,-0.546146,0.732303,31.4573,1.58663,-0.112254,0.0170709,0.00341847,0,1.5982,0.0951796,-0.2651,12,drone1
-1.24785,0.392516,1.17814e-05,56.3391,-0.526938,0.758318,31.7771,1.58553,-0.143841,-0.0067369,0.0047487,0,3.19039,0.148441,-0.278853,12,drone1
-1.24756,0.392721,1.1755e-05,57.2334,-0.516361,0.768661,31.9628,1.58939,-0.174712,-0.0114737,0.00641246,0,1.08989,0.18404,-0.224716,12,drone1
-1.24893,0.390529,1.17162e-05,57.3179,-0.511035,0.762864,32.0158,1.59715,-0.203273,-0.0118696,0.00694596,0,0.0224915,0.210843,-0.188619,12,drone1
-1.25042,0.38822,1.16909e-05,57.2728,-0.508793,0.758015,27.9835,1.57693,-0.0655354,0.032962,0.0160669,0,-0.338131,-0.39547,0.0571568,12,drone1
-1.249,0.391146,1.24205e-05,59.0038,-0.500009,0.79465,28.3808,1.59395,-0.108554,-0.00767108,0.00366453,0,3.96195,0.342528,-0.310625,12,drone1
-1.24846,0.391495,1.20751e-05,60.9076,-0.479918,0.824481,28.6191,1.61691,-0.154221,-0.0105189,0.00520671,0,1.83447,0.408761,-0.284716,12,drone1
-1.24945,0.389525,1.2013e-05,61.2559,-0.477537,0.832611,28.8806,1.64362,-0.191862,-0.0157944,0.00620839,0,-0.11104,0.384608,-0.13118,12,drone1
-1.251,0.386604,1.20042e-05,61.1872,-0.480367,0.835509,26.689,1.56942,-0.180661,0.0277232,0.00348654,0,-0.797837,-0.456753,-0.823299,12,drone1
-1.24918,0.390452,1.23094e-05,61.9388,-0.489925,0.88017,22.4809,1.59621,0.000269488,0.0280836,0.0213766,0,-1.29142,-0.153947,0.695366,12,drone1
-1.24827,0.392957,1.25646e-05,64.5155,-0.466467,0.936135,24.2379,1.63777,-0.0910113,-0.043754,0.00890492,0,6.62418,0.600435,-0.432171,12,drone1
-1.25195,0.38433,1.23506e-05,67.1173,-0.417381,0.942483,25.6491,1.68703,-0.166606,-0.0300497,0.00254588,0,1.22685,0.630295,-0.14734,12,drone1
-1.25353,0.379447,1.24461e-05,67.7389,-0.410702,0.955497,25.5498,1.75912,-0.210195,-0.0441912,0.0231635,0,1.2517,0.859858,-0.151922,12,drone1
-1.25742,0.370117,1.24163e-05,67.6315,-0.408422,0.944609,25.7432,1.8119,-0.255009,-0.0256666,0.00804895,0,-2.96734,0.621186,-0.0188889,12,drone1
-1.25932,0.365319,1.25249e-05,67.4961,-0.416801,0.958471,26.915,2.00991,-0.374499,-0.0908074,0.0316974,0,-2.29772,2.16562,0.249753,12,drone1
-1.26652,0.347787,1.2189e-05,66.9127,-0.408009,0.910792,27.9443,2.04613,-0.445204,-0.0275395,0.00189972,0,-3.55959,0.506035,0.0224615,12,drone1
-1.2687,0.342985,1.23189e-05,65.7857,-0.435202,0.923541,29.5966,2.07925,-0.540559,-0.0169486,-0.00890906,0,-3.81605,0.545396,0.0466944,12,drone1
-1.26944,0.341125,1.25057e-05,64.2585,-0.477582,0.949207,29.2826,2.12893,-0.566548,0.0427729,-0.0271933,0,-6.4088,0.519742,0.163624,12,drone1
-1.26501,0.350288,1.33145e-05,62.9316,-0.546647,1.02997,28.3654,2.19305,-0.570504,0.0654781,-0.0333179,0,-5.39959,0.609729,0.164904,12,drone1
-1.25848,0.363264,1.43678e-05,62.5995,-0.611548,1.14028,27.4459,2.26727,-0.571267,0.0594069,-0.0267582,0,-3.22061,0.712284,0.134953,12,drone1
-1.25265,0.374729,1.54806e-05,62.8995,-0.662098,1.25376,26.4458,2.36154,-0.569306,0.0319502,-0.00897101,0,-1.33181,0.911185,0.117747,12,drone1
-1.24986,0.38039,1.64141e-05,63.5279,-0.69153,1.34762,25.3066,2.47204,-0.561366,0.0208653,-0.0010262,0,-0.648219,1.05969,0.125456,12,drone1
-1.24827,0.383771,1.73263e-05,64.4075,-0.709315,1.43846,25.3189,2.56796,-0.593498,0.0078226,0.00362894,0,0.10752,1.00445,0.118986,12,drone1
-1.24812,0.38383,1.8126e-05,65.0158,-0.726378,1.51542,24.6156,2.61646,-0.607662,0.0152945,-0.000804412,0,0.416912,0.573118,-0.257217,12,drone1
-1.24699,0.386418,1.9216e-05,65.4629,-0.754138,1.60761,24.5747,2.69544,-0.623107,-0.002487,0.00607382,0,-0.416908,0.78163,0.191264,12,drone1
-1.24691,0.386443,2.02255e-05,65.8414,-0.779236,1.69225,24.5683,2.76589,-0.634637,-0.0152704,0.00669875,0,-0.39255,0.684894,0.20559,12,drone1
-1.24825,0.383377,2.1173e-05,65.9433,-0.807606,1.76385,24.451,2.83131,-0.636741,-0.0162026,0.0077521,0,-0.760141,0.60649,0.236388,12,drone1
-1.24972,0.380099,2.22257e-05,65.9785,-0.839868,1.83907,24.3431,2.89263,-0.636602,-0.00433253,0.00645017,0,-1.07986,0.5554,0.259777,12,drone1
-1.24968,0.380165,2.36469e-05,66.005,-0.882072,1.93605,24.2363,2.94614,-0.632621,0.000499094,0.00492256,0,-1.06696,0.469024,0.260752,12,drone1
-1.24968,0.380169,3.14645e-05,66.0142,-0.918515,1.98391,24.1379,2.99808,-0.626034,0.000357079,0.00499399,0,-0.981804,0.444441,0.276612,12,drone1
-1.24968,0.380172,2.57113e-05,66.015,-0.865073,1.88493,24.0488,3.04664,-0.616042,0.000254744,0.00504629,0,-0.887136,0.400284,0.292422,12,drone1
-1.24968,0.380174,2.25567e-05,66.0148,-0.819194,1.79078,23.9681,3.0732,-0.605149,0.000252271,0.00504868,0,-0.801865,0.196993,0.20884,12,drone1
-1.24968,0.380176,2.06446e-05,66.0143,-0.778468,1.70282,22.9134,3.08706,-0.540599,0.0162707,0.000752064,0,-1.15992,-0.0178786,0.147318,12,drone1
-1.24865,0.3828,1.9499e-05,66.3506,-0.737478,1.63791,22.4207,3.08216,-0.506896,0.0119505,-0.00103463,0,-0.168264,-0.116854,0.038096,12,drone1
-1.24773,0.38491,1.86075e-05,66.9274,-0.692708,1.5794,22.4214,3.06188,-0.500021,0.00780126,9.61892e-05,0,0.0101471,-0.213628,-0.0138617,12,drone1
-1.24765,0.384936,1.77752e-05,67.2657,-0.654088,1.51367,22.365,3.03277,-0.490923,0.00569399,0.00107054,0,-0.559278,-0.303672,-0.0283936,12,drone1
-1.24762,0.384961,1.70626e-05,67.3777,-0.624489,1.45101,22.2803,2.99542,-0.48042,0.00604781,0.00120342,0,-0.841301,-0.385002,-0.0476617,12,drone1
-1.2476,0.384971,1.64346e-05,67.4147,-0.59926,1.39303,22.1925,2.95151,-0.469299,0.00644424,0.0012582,0,-0.872562,-0.447908,-0.0667564,12,drone1
-1.2476,0.384976,1.5884e-05,67.4271,-0.576904,1.34012,22.1556,2.90372,-0.458138,-0.00450468,0.00706805,0,-0.363918,-0.484366,-0.0786814,12,drone1
-1.2476,0.384979,1.54039e-05,67.4313,-0.55689,1.29227,19.1834,2.82924,-0.262813,0.0721543,-0.00600417,0,-1.8743,-1.06444,0.132487,12,drone1
-1.2428,0.397623,1.56013e-05,68.2774,-0.544703,1.31767,18.9574,2.77874,-0.250912,0.0209776,-0.00408318,0,1.63688,-0.472651,-0.235099,12,drone1
-1.24114,0.401551,1.53627e-05,69.5509,-0.507877,1.30988,18.9081,2.73113,-0.252502,0.0245104,-0.00768543,0,0.389369,-0.435464,-0.210184,12,drone1
-1.23921,0.406482,1.52867e-05,70.1897,-0.489749,1.30567,19.1847,2.68463,-0.26715,-0.0191473,0.00484823,0,0.686509,-0.416648,-0.190337,12,drone1
-1.24049,0.402692,1.48434e-05,70.4088,-0.468056,1.26066,19.059,2.64088,-0.267713,0.00271762,0.00124849,0,-1.25774,-0.40979,-0.153116,12,drone1
-1.24045,0.402768,1.46378e-05,70.4443,-0.458911,1.23735,18.9426,2.59564,-0.267861,0.00172749,0.00239327,0,-1.16476,-0.425755,-0.153036,12,drone1
-1.24044,0.402772,1.44604e-05,70.4589,-0.451701,1.21807,18.2367,2.55572,-0.238124,-0.0115524,0.00929373,0,-0.572487,-0.404825,-0.137406,12,drone1
-1.24151,0.400049,1.42085e-05,70.659,-0.437511,1.19138,17.6183,2.51702,-0.21238,-0.0143146,0.00995575,0,0.220074,-0.382847,-0.155155,12,drone1
-1.24266,0.396872,1.39813e-05,71.1082,-0.419181,1.16857,17.0277,2.47905,-0.188598,-0.013141,0.00955715,0,0.694922,-0.369072,-0.169728,12,drone1
-1.24367,0.39396,1.38085e-05,71.6648,-0.400923,1.15182,16.4263,2.4424,-0.16578,-0.0112331,0.00905022,0,0.884354,-0.351502,-0.178463,12,drone1
-1.24451,0.391431,1.36875e-05,72.28,-0.383792,1.14122,15.8026,2.40785,-0.143682,-0.00936763,0.00860411,0,0.969164,-0.327068,-0.18348,12,drone1
-1.24521,0.389271,1.36151e-05,72.9362,-0.367927,1.13651,15.1548,2.37611,-0.122296,-0.00769723,0.00823245,0,1.01056,-0.295964,-0.185938,12,drone1
-1.24578,0.387443,1.35881e-05,73.6255,-0.353222,1.13744,12.3541,2.30673,0.0175464,-0.0221886,0.0291872,0,0.778424,-0.754903,0.0116892,12,drone1
-1.24775,0.38166,1.34361e-05,74.8659,-0.323376,1.12585,11.8312,2.28652,0.028282,-0.00748285,0.00838806,0,3.24116,-0.151063,-0.267072,12,drone1
-1.24806,0.380059,1.34808e-05,76.3657,-0.295118,1.13935,11.2803,2.26885,0.037141,-0.00917916,0.0084553,0,2.70395,-0.124842,-0.266817,12,drone1
-1.24847,0.378034,1.35441e-05,77.5801,-0.272546,1.15276,11.4575,2.25482,0.0137266,-0.00458158,0.00603841,0,1.76239,-0.0953381,-0.255576,12,drone1
-1.2483,0.378165,1.37203e-05,78.4806,-0.258874,1.17885,11.4761,2.24566,-0.00517228,0.00254778,0.00594883,0,0.178348,-0.0525924,-0.203211,12,drone1
-1.2482,0.378225,1.39247e-05,79.0623,-0.251856,1.20712,11.4015,2.24259,-0.0209597,0.0028058,0.00612888,0,-0.751616,0.00228212,-0.160689,12,drone1
-1.24814,0.378265,1.41661e-05,79.4479,-0.249258,1.23851,6.37275,2.22336,0.234013,0.0206719,0.0351127,0,-0.739748,-0.246233,0.575045,12,drone1
-1.24824,0.380693,1.4536e-05,80.5259,-0.233403,1.28795,-0.555808,2.10842,0.605775,0.0459779,0.0485102,0,-0.667851,-0.82878,0.990705,12,drone1
-1.24762,0.388544,1.52004e-05,82.9855,-0.187179,1.37195,0.36892,2.14566,0.533834,-0.00107137,0.00625061,0,9.22276,0.311887,-0.746245,12,drone1
-1.24743,0.388613,1.56113e-05,85.6655,-0.126067,1.4215,0.181943,2.18257,0.504931,-0.00882515,0.00607775,0,5.84913,0.416754,-0.595258,12,drone1
-1.24748,0.386937,1.59765e-05,87.884,-0.0723685,1.46405,-0.321003,2.22256,0.483778,-0.00851606,0.00656111,0,3.35145,0.461827,-0.541658,12,drone1
-1.24751,0.385331,1.63955e-05,89.8478,-0.0222554,1.50957,-0.155675,2.27414,0.437004,-0.00669101,0.00683508,0,1.63706,0.507066,-0.476796,12,drone1
-1.24754,0.385476,1.69602e-05,91.5458,0.0240508,1.56676,5.03767,2.39532,0.0763713,-0.0185894,-0.0392719,0,1.42857,0.898938,-1.60055,12,drone1
-1.24761,0.381975,1.74046e-05,92.5191,0.0526733,1.61085,4.30089,2.44959,0.0719514,-0.00412583,0.00748123,0,-7.36994,0.543051,0.0351454,12,drone1
-1.24764,0.382069,1.81309e-05,92.9402,0.067965,1.67785,3.54045,2.50921,0.070296,-0.000675067,0.00702657,0,-7.60551,0.592521,0.0636815,12,drone1
-1.24766,0.382093,1.89357e-05,93.286,0.0822562,1.74984,2.29963,2.56483,0.0859468,0.0174534,0.00244801,0,-7.87937,0.565656,0.0283475,12,drone1
-1.24787,0.385598,2.00399e-05,93.6112,0.0981726,1.84405,0.822318,2.62967,0.117752,0.0147483,0.00547004,0,-6.98072,0.666203,0.0329236,12,drone1
-1.24804,0.388472,2.12398e-05,93.9868,0.117059,1.94083,-2.00188,2.69614,0.24116,-0.00558109,0.0175706,0,-5.73464,0.727711,0.247008,12,drone1
-1.24785,0.387173,2.23249e-05,94.5757,0.143666,2.02289,-3.18816,2.76861,0.267678,-0.00799364,0.00679466,0,-2.77539,0.76608,-0.171946,12,drone1
-1.24771,0.385632,2.35098e-05,95.3342,0.178711,2.10917,-3.40561,2.85448,0.251191,-0.00675698,0.00687157,0,-2.18121,0.851729,-0.197609,12,drone1
-1.24779,0.385704,2.9938e-05,96.0136,0.201155,2.18553,-3.67738,2.94957,0.239141,-0.00517635,0.00700875,0,-2.72249,0.945586,-0.156422,12,drone1
-1.24785,0.38574,2.52081e-05,96.5258,0.216167,2.08448,-3.99015,3.05029,0.234096,-0.00525202,0.00697024,0,-3.12968,1.00427,-0.0902094,12,drone1
-1.24789,0.38577,2.29915e-05,96.9192,0.220604,1.9861,-5.24596,3.20298,0.272779,-0.0313653,0.00525593,0,-3.0131,1.56533,-0.192677,12,drone1
-1.24706,0.379513,2.08963e-05,97.3363,0.220899,1.86523,-7.01325,3.27417,0.356517,-0.0224424,0.0102211,0,-1.93894,0.796282,-0.101341,12,drone1
-1.2464,0.375263,1.93779e-05,97.9572,0.22742,1.76053,-8.88937,3.33751,0.449672,0.0130293,0.0147605,0,-1.94461,0.747936,-0.107436,12,drone1
-1.24676,0.378266,1.85566e-05,98.8267,0.24501,1.69652,-8.8758,3.38588,0.436519,0.00462105,0.00823237,0,0.128806,0.457341,-0.204924,12,drone1
-1.24688,0.378286,1.77616e-05,99.6567,0.258108,1.62495,-9.7843,3.40746,0.472889,0.00897388,0.00773137,0,-1.03423,0.262003,-0.151337,12,drone1
-1.24723,0.380307,1.71973e-05,100.365,0.268711,1.56982,-6.53347,3.47044,0.21542,-0.000292156,-0.026493,0,-1.07471,0.310212,-0.631419,12,drone1
-1.24757,0.379554,1.65913e-05,100.4,0.258909,1.51093,-7.00709,3.45881,0.227413,0.00395889,0.00604175,0,-4.72884,-0.106716,0.128245,12,drone1
-1.24751,0.379531,1.61097e-05,99.9306,0.237798,1.4634,-7.42587,3.43304,0.238042,0.000939074,0.00686012,0,-4.18109,-0.247162,0.128678,12,drone1
-1.24746,0.379501,1.56918e-05,99.6061,0.222009,1.42053,-8.81475,3.3944,0.308137,-0.00913815,0.00741186,0,-2.90636,-0.324613,0.0791726,12,drone1
-1.24701,0.377799,1.52578e-05,99.5486,0.212662,1.37371,-9.63098,3.3764,0.347631,-0.0157137,0.0015655,0,-3.07143,-0.136305,0.112544,12,drone1
-1.24645,0.374745,1.48187e-05,99.7347,0.208818,1.32456,-9.68943,3.32495,0.338686,-0.000734567,0.00745937,0,-0.58973,-0.522219,-0.00437553,12,drone1
-1.2465,0.374813,1.45639e-05,99.9338,0.208441,1.29534,-9.77203,3.26777,0.33064,0.0052575,0.00804889,0,-0.83062,-0.577207,0.0132795,12,drone1
-1.24652,0.374825,1.43599e-05,100.071,0.207286,1.27088,-9.86702,3.20804,0.323111,0.00543148,0.0079907,0,-0.95404,-0.60164,0.0228071,12,drone1
-1.24653,0.374833,1.41987e-05,100.165,0.205904,1.25121,-9.96616,3.14701,0.315903,0.00543608,0.0079633,0,-0.995253,-0.613846,0.0288755,12,drone1
-1.24655,0.374837,1.40768e-05,100.229,0.204633,1.23618,-10.0647,3.0858,0.308928,0.00544419,0.00794732,0,-0.989496,-0.615136,0.0325462,12,drone1
-1.24655,0.37484,1.39922e-05,100.273,0.203695,1.22566,-10.1599,3.02539,0.302154,0.00545002,0.00793934,0,-0.954469,-0.606899,0.0344202,12,drone1
-1.24656,0.374842,1.39435e-05,100.303,0.203236,1.21957,-10.2498,2.96662,0.295584,0.00545335,0.00793656,0,-0.902372,-0.590352,0.0349115,12,drone1
-1.24656,0.374843,1.393e-05,100.322,0.203351,1.21783,-10.3336,2.91021,0.289243,0.00545466,0.00793704,0,-0.841385,-0.566559,0.0343077,12,drone1
-1.24656,0.374843,1.39511e-05,100.335,0.204105,1.22038,-10.411,2.85681,0.283166,0.00545428,0.00793947,0,-0.776865,-0.536439,0.032812,12,drone1
-1.24657,0.374843,1.4007e-05,100.344,0.205539,1.22719,-10.4819,2.80697,0.277395,0.00545238,0.00794296,0,-0.712231,-0.500793,0.0305713,12,drone1
