0.498764,-0.00189483,-0.00207479,-47.0572,-0.0682529,-0.054256,44.9999,0.0682529,0.054256,0,0,0,0,0,0,1,drone1
0.498957,-3.33028e-05,-0.00971905,-47.6732,0.0620199,0.186911,44.9998,-0.0620196,-0.186911,0,0,0,0,0,0,1,drone1
0.49672,0.000878858,-0.0138405,-47.3665,0.252191,0.349674,44.9985,-0.252186,-0.349677,0,0,0,0,0,0,1,drone1
0.498519,0.00394817,-0.0105832,-46.7467,0.411869,0.223948,44.9984,-0.411866,-0.223954,0,0,0,0,0,0,1,drone1
0.498244,0.0113714,-0.00560339,-46.0953,0.619342,0.19305,44.9979,-0.619338,-0.193061,0,0,0,0,0,0,1,drone1
0.490212,0.0194728,0.00246266,-45.5419,1.29576,-0.007929,45.0002,-1.29576,0.00793103,0,0,0,0,0,0,1,drone1
0.470231,0.0170755,0.0107369,-45.1582,2.02671,-0.854877,45.0303,-2.02648,0.855412,0,0,0,0,0,0,1,drone1
0.450994,0.0140759,0.0117786,-44.9697,2.23425,-1.58442,45.0618,-2.2334,1.58562,0,0,0,0,0,0,1,drone1
0.446251,0.0194659,0.00961901,-44.9378,2.37374,-1.54941,45.0642,-2.37287,1.55074,0,0,0,0,0,0,1,drone1
0.460356,0.0262094,0.00189634,-45.0785,1.83891,-0.463299,45.0149,-1.83885,0.463538,0,0,0,0,0,0,1,drone1
0.483005,0.0305317,-0.00801853,-45.1076,0.682481,0.895108,44.9893,-0.682398,-0.895171,0,0,0,0,0,0,1,drone1
0.505399,0.0281748,-0.0109882,-45.076,-0.922386,1.58371,45.0255,0.922033,-1.58391,0,0,0,0,0,0,1,drone1
0.521699,0.0339578,-0.00843468,-45.1796,-1.55812,1.99692,45.0543,1.55718,-1.99766,0,0,0,0,0,0,1,drone1
0.531605,0.0492714,-0.00967254,-45.2744,-0.963932,2.54176,45.0428,0.962984,-2.54212,0,0,0,0,0,0,1,drone1
0.535697,0.0617056,-0.0184482,-45.2188,-0.363872,2.48918,45.0158,0.363529,-2.48923,0,0,0,0,0,0,1,drone1
0.531105,0.073814,-0.0238675,-45.1231,0.234426,2.42339,44.9901,-0.234216,-2.42341,0,0,0,0,0,0,1,drone1
0.516824,0.0730982,-0.0240773,-45.0684,1.05073,1.47745,44.9729,-1.05038,-1.47769,0,0,0,0,0,0,1,drone1
0.500304,0.0604227,-0.0155254,-45.0451,1.40043,-0.0203803,45.0005,-1.40043,0.0203864,0,0,0,0,0,0,1,drone1
0.485861,0.0340272,-0.016228,-45.1007,1.3898,-1.70352,45.0413,-1.38919,1.70403,0,0,0,0,0,0,1,drone1
0.48446,0.000542289,-0.0157974,-45.1531,0.418908,-3.10484,45.0227,-0.418293,3.10493,0,0,0,0,0,0,1,drone1
0.48898,-0.0252878,-0.0095809,-45.1838,-0.675696,-3.73665,44.956,0.67426,3.73691,0,0,0,0,0,0,1,drone1
0.509955,-0.0452379,-0.0103755,-45.0919,-2.04256,-2.71044,44.9034,2.04028,2.71216,0,0,0,0,0,0,1,drone1
0.53102,-0.0487326,-0.00934951,-45.0631,-2.834,-1.12766,44.9442,2.83345,1.12904,0,0,0,0,0,0,1,drone1
0.541967,-0.0299345,-0.00321818,-45.0697,-2.23548,0.849872,45.0332,2.23524,-0.850519,0,0,0,0,0,0,1,drone1
0.545797,-0.00401757,-0.00579758,-45.1173,-0.994129,2.363,45.041,0.993284,-2.36336,0,0,0,0,0,0,1,drone1
0.543332,0.0293489,-0.00969141,-45.1037,0.766762,3.35784,44.9551,-0.765446,-3.35814,0,0,0,0,0,0,1,drone1
0.537471,0.0594254,0.0809852,-45.1101,2.3298,3.91755,44.8407,-2.32435,-3.92078,0,0,0,0,0,0,1,drone1
0.533594,0.0749712,0.284199,-45.1977,2.73501,3.70911,44.8229,-2.72927,-3.71333,0,0,0,0,0,0,1,drone1
0.526744,0.0793892,0.510523,-45.2983,2.1969,2.82028,44.8919,-2.19424,-2.82235,0,0,0,0,0,0,1,drone1
0.515976,0.075344,0.730645,-45.3274,1.54407,1.89751,44.9489,-1.54322,-1.89819,0,0,0,0,0,0,1,drone1
0.511356,0.0682416,0.938675,-45.3483,0.819645,1.36701,44.9804,-0.819412,-1.36715,0,0,0,0,0,0,1,drone1
0.497617,0.0555805,1.11536,-45.34,0.650653,0.633306,44.9928,-0.650613,-0.633347,0,0,0,0,0,0,1,drone1
0.474589,0.036927,1.26346,-45.3108,0.655958,-0.579125,45.0066,-0.655924,0.579163,0,0,0,0,0,0,1,drone1
0.461519,0.0127386,1.37957,-45.2417,0.195097,-1.548,45.0053,-0.195026,1.54801,0,0,0,0,0,0,1,drone1
0.458144,-0.00726508,1.46628,-45.0489,-0.521461,-2.0053,44.9818,0.521142,2.00538,0,0,0,0,0,0,1,drone1
0.462803,-0.0169874,1.52977,-44.8642,-1.01601,-1.96669,44.9651,1.01541,1.967,0,0,0,0,0,0,1,drone1
0.475644,-0.0119565,1.58673,-44.6074,-1.12235,-1.03156,44.9798,1.12217,1.03175,0,0,0,0,0,0,1,drone1
0.496168,-0.00228799,1.63151,-44.3015,-1.21075,0.514025,45.0109,1.2107,-0.51414,0,0,0,0,0,0,1,drone1
0.51159,0.0131888,1.65921,-44.035,-0.836467,1.99307,45.0291,0.835961,-1.99329,0,0,0,0,0,0,1,drone1
0.518351,0.0296098,1.67482,-43.7624,-0.134703,2.65282,45.0062,0.134558,-2.65283,0,0,0,0,0,0,1,drone1
0.520114,0.0415092,1.68675,-43.522,0.477145,2.53414,44.9789,-0.476678,-2.53423,0,0,0,0,0,0,1,drone1
0.519067,0.04088,1.69851,-43.445,0.652934,1.68203,44.9808,-0.652653,-1.68214,0,0,0,0,0,0,1,drone1
0.518414,0.0271387,1.71153,-43.3535,0.155429,0.727895,44.998,-0.155416,-0.727898,0.479262,-0.0408271,0,88.3496,-0.558345,-0.10802,1,drone1
0.516791,0.0123458,1.72976,-43.3069,-0.57168,-0.208977,53.8331,0.571676,0.208987,0.472584,-0.100064,0,79.4704,0.33642,-0.278424,1,drone1
0.51358,-0.00168129,1.75785,-43.3849,-1.07882,-0.827097,61.7666,1.07871,0.827244,0.461957,-0.15172,0,71.5936,0.963111,-0.222391,1,drone1
0.512546,-0.00632479,1.78562,-43.5533,-1.32068,-0.693029,68.926,1.32058,0.693213,0.442488,-0.203136,0,64.6008,1.0508,-0.297317,1,drone1
0.516091,0.00399206,1.80544,-43.7359,-0.596879,0.0165897,75.4028,0.596879,-0.0165906,0.409142,-0.257225,0,58.332,0.333961,-0.284236,1,drone1
0.518482,0.0204801,1.81834,-43.9274,0.371384,1.11409,81.2287,-0.371314,-1.11411,0.370362,-0.308095,0,52.6797,-0.679755,-0.586042,1,drone1
0.518533,0.0372149,1.81449,-44.0158,1.3646,1.83849,86.4611,-1.3639,-1.83901,0.32977,-0.352697,0,47.4681,-1.52986,-0.816333,1,drone1
0.517721,0.0515254,1.81209,-44.0514,2.03666,1.9695,91.1858,-2.03546,-1.97074,0.289647,-0.388933,0,42.7321,-1.96408,-0.853731,1,drone1
0.522571,0.0467553,1.81151,-44.1609,1.24015,1.63633,95.5002,-1.23964,-1.63671,0.261312,-0.402095,0,38.5895,-1.2556,-0.928766,1,drone1
0.524567,0.0292395,1.81642,-46.6581,0.0407049,0.713229,99.3981,-0.0407017,-0.713229,0.264259,-0.395882,0,37.2555,-0.178843,-0.555734,1,drone1
0.52707,0.00507138,1.81655,-47.2777,-1.06676,-0.801628,103.11,1.06665,0.801767,0.227979,-0.394871,0,33.53,-0.145104,-0.506833,1,drone1
0.533618,-0.0140062,1.80968,-47.6869,-2.04278,-1.80421,106.414,2.04177,1.80535,0.252066,-0.3907,0,31.1417,1.81398,1.21867,1,drone1
0.546335,-0.0269146,1.80085,-48.0471,-2.70464,-1.89779,109.512,2.70316,1.8999,0.238115,-0.385325,0,28.3476,2.30386,1.35436,1,drone1
0.563645,-0.0321161,1.79922,-48.2621,-3.10257,-1.18874,112.387,3.1019,1.19048,0.209192,-0.379227,0,25.5137,2.04667,1.27227,1,drone1
0.577215,-0.0280211,1.80231,-48.3858,-2.70351,-0.174838,115.008,2.70349,0.175033,0.192174,-0.376545,0,23.3189,2.20523,0.158403,1,drone1
0.583297,-0.0203043,1.79852,-48.61,-1.86264,0.547608,117.377,1.86256,-0.547898,0.16928,-0.380595,0,21.2321,1.54805,-0.385832,1,drone1
0.581776,-0.0127507,1.79156,-48.9464,-0.822266,1.02855,119.502,0.822134,-1.02866,0.151052,-0.389573,0,19.453,0.746814,-0.807273,1,drone1
0.571918,-0.0104105,1.77484,-49.3279,0.296303,0.476395,121.433,-0.296293,-0.476401,0.141177,-0.403502,0,17.8898,-0.204554,-0.442176,1,drone1
0.565315,-0.00487648,1.75982,-49.6496,0.920886,0.0687638,123.224,-0.920885,-0.0687727,0.126979,-0.414919,0,16.4176,-0.761897,-0.188466,1,drone1
0.564364,0.0122263,1.75166,-49.9752,1.40674,0.494184,124.857,-1.40668,-0.494333,0.109776,-0.399119,0,14.7758,-0.683652,-0.179542,1,drone1
0.565525,0.0251172,1.74019,-50.1984,1.10703,1.06134,126.328,-1.10684,-1.06153,0.0786732,-0.426315,0,13.8274,-0.74987,-1.08485,1,drone1
0.563313,0.0309537,1.73361,-50.3188,0.689594,1.24222,127.723,-0.689432,-1.24231,0.0643212,-0.431175,0,12.5639,-0.346279,-1.17715,1,drone1
0.557137,0.0223003,1.73034,-50.3371,0.246173,0.348856,128.999,-0.246169,-0.348859,0.0649257,-0.437671,0,11.335,-0.13613,-0.356929,1,drone1
0.557027,0.0100234,1.73347,-50.3864,-0.179884,-0.308014,130.134,0.179882,0.308015,0.0689367,-0.437374,0,10.2507,0.07695,0.274023,1,drone1
0.559067,0.00766474,1.74159,-50.4748,-0.485729,-0.0416631,131.16,0.485729,0.0416646,0.0640083,-0.435891,0,9.3127,0.385461,0.128928,1,drone1
0.558902,0.0071048,1.75109,-50.573,-0.836146,0.337458,132.097,0.836132,-0.337494,0.058394,-0.436693,0,8.47595,0.764312,-0.088309,1,drone1
0.562544,0.00787123,1.75113,-50.6693,-0.861658,0.980262,132.958,0.861532,-0.980373,0.0514958,-0.433568,0,7.71959,0.954068,-0.595331,1,drone1
0.558258,0.0130379,1.74864,-50.7655,-0.682905,1.20268,133.737,0.682754,-1.20276,0.0434916,-0.414369,0,6.94711,0.862375,-0.530072,1,drone1
0.556348,0.0216279,1.75564,-50.857,-0.347798,1.43551,134.433,0.347689,-1.43554,0.02847,-0.442009,0,6.42431,0.681606,-1.08727,1,drone1
0.555318,0.0311582,1.77114,-50.901,0.270388,1.88888,135.07,-0.270241,-1.8889,0.0139925,-0.4443,0,5.80202,0.324733,-1.62589,1,drone1
0.548059,0.0373854,1.78975,-50.924,1.02754,1.89016,135.648,-1.02698,-1.89046,0.00373131,-0.452682,0,5.20632,-0.268691,-1.84908,1,drone1
0.531242,0.0338146,1.81206,-50.8717,1.25186,0.865813,136.217,-1.25171,-0.86602,0.00425504,-0.469723,0,4.61324,-0.742517,-1.09615,1,drone1
0.503553,0.0302844,1.82981,-50.8363,1.49646,-0.571756,136.731,-1.49639,0.571951,0.00625791,-0.496752,0,4.10224,-1.37637,-0.028705,1,drone1
0.475993,0.029324,1.84027,-50.8726,1.93282,-1.80284,137.21,-1.93187,1.80387,0.00634473,-0.523417,0,3.69091,-2.11638,0.80407,1,drone1
0.459318,0.0285612,1.83977,-51.055,1.90553,-2.35488,137.659,-1.90392,2.35618,0.00591171,-0.539569,0,3.43655,-2.28518,1.24348,1,drone1
0.447885,0.0290274,1.82434,-51.2853,2.23987,-2.78406,138.118,-2.23723,2.78619,0.00372708,-0.551165,0,3.22307,-2.71046,1.46836,1,drone1
0.45476,0.0325044,1.78985,-51.5342,1.84832,-1.90456,138.515,-1.8473,1.90555,-0.00342859,-0.545509,0,3.04915,-2.12204,0.887489,1,drone1
0.47053,0.0368819,1.75158,-51.8326,1.29988,-0.626171,138.848,-1.2998,0.626332,-0.0100975,-0.530115,0,2.98492,-1.26058,0.0423342,1,drone1
0.482849,0.0374645,1.71162,-52.1014,0.814958,0.00537337,139.158,-0.814958,-0.00537391,-0.011824,-0.517407,0,2.93727,-0.657473,-0.304389,1,drone1
0.499905,0.0297249,1.67993,-52.3919,0.0254565,0.243843,139.46,-0.0254563,-0.243843,-0.00402086,-0.499969,0,2.93127,0.0634069,-0.225757,1,drone1
0.519539,0.0187445,1.65342,-52.6999,-0.760395,0.477027,139.761,0.760368,-0.477069,0.00784892,-0.481737,0,2.94016,0.789679,-0.0809598,1,drone1
0.536475,0.00905455,1.63311,-53.1013,-0.892049,0.385777,140.065,0.892029,-0.385823,0.0179048,-0.46419,0,3.03536,0.87022,0.0285431,1,drone1
0.552037,-0.00133551,1.62881,-53.4022,-0.944154,-0.0724409,140.373,0.944154,0.0724507,0.0270496,-0.44905,0,3.01828,0.752033,0.422026,1,drone1
0.571329,-0.0138213,1.62481,-53.6768,-1.29033,-0.238712,140.683,1.29032,0.238772,0.0388363,-0.429872,0,2.96978,0.979345,0.688221,1,drone1
0.594316,-0.0233438,1.60701,-53.8941,-1.49062,-0.105681,141.007,1.49062,0.105717,0.0473755,-0.406601,0,2.86175,1.1953,0.657776,1,drone1
0.61901,-0.0354374,1.59147,-54.151,-1.65849,-0.0258592,141.326,1.65849,0.0258701,0.0586969,-0.381572,0,2.79615,1.36751,0.660994,1,drone1
0.639797,-0.0488108,1.58152,-54.3402,-1.6224,-0.217631,141.64,1.62239,0.217718,0.0534334,-0.361839,0,2.51719,1.22933,0.597895,1,drone1
0.665409,-0.0588049,1.5701,-54.4884,-1.59547,-0.0901347,141.931,1.59547,0.0901697,0.0784101,-0.333975,0,2.52962,1.29213,0.676903,1,drone1
0.693508,-0.0589469,1.56748,-54.572,-1.19209,0.566153,142.238,1.19204,-0.566275,0.076012,-0.30335,0,2.33426,1.20926,-0.0240339,1,drone1
0.713768,-0.0554941,1.57056,-54.6686,-0.452446,0.6974,142.494,0.452413,-0.697422,0.0687688,-0.28181,0,2.17753,0.647642,-0.421399,1,drone1
0.719397,-0.0502527,1.56674,-54.7178,0.622761,0.257459,142.717,-0.622755,-0.257475,0.0583505,-0.276294,0,1.99323,-0.416531,-0.478304,1,drone1
0.724306,-0.0445255,1.55902,-54.801,1.3417,-0.504728,142.941,-1.34165,0.504867,0.0534831,-0.257103,0,1.79406,-0.374132,-0.431128,1,drone1
0.733713,-0.0322112,1.55297,-55.059,1.67856,-0.644412,143.136,-1.67845,0.644689,0.0342535,-0.263906,0,1.91613,-1.65714,-0.152738,1,drone1
0.744664,-0.0267412,1.55542,-55.2586,1.35051,-0.503566,143.383,-1.35046,0.503706,0.0296206,-0.253221,0,1.87065,-1.33162,-0.142832,1,drone1
0.755637,-0.0287281,1.55993,-55.5183,1.04985,-0.697631,143.614,-1.04977,0.697748,0.0322122,-0.24439,0,1.90741,-1.16283,0.173955,1,drone1
0.764695,-0.0372677,1.56601,-55.9536,0.585521,-1.15625,143.837,-0.585402,1.15631,0.0421823,-0.236311,0,2.12221,-0.96773,0.726911,1,drone1
0.782909,-0.0450861,1.56428,-56.4046,0.0206734,-1.32439,144.07,-0.0206679,1.32439,0.0516408,-0.218965,0,2.32818,-0.564353,1.10306,1,drone1
0.809004,-0.042995,1.55022,-56.6925,-0.507542,-0.474173,144.328,0.507524,0.474191,0.0517671,-0.191082,0,2.35547,0.235224,0.5988,1,drone1
0.834535,-0.0326916,1.55027,-56.8704,-0.524442,0.505097,144.581,0.524421,-0.505118,0.0420005,-0.162577,0,2.2914,0.659546,-0.229992,1,drone1
0.857539,-0.0202834,1.55874,-56.9963,-0.37113,1.03727,144.823,0.371069,-1.03729,0.0286868,-0.138067,0,2.1765,0.755585,-0.748907,1,drone1
0.873466,-0.0048359,1.55571,-57.0038,0.123032,0.963883,145.056,-0.123014,-0.963885,0.010344,-0.122135,0,1.94153,0.305614,-0.894287,1,drone1
0.878796,0.0110967,1.55308,-56.9995,1.01259,0.444788,145.266,-1.01256,-0.444857,-0.0102387,-0.117783,0,1.71213,-0.671757,-0.825223,1,drone1
0.880046,0.0185993,1.55488,-57.0319,1.36387,-0.273143,145.482,-1.36385,0.273221,-0.0205778,-0.119124,0,1.53832,-1.27863,-0.352586,1,drone1
0.879435,0.0241578,1.55813,-57.0461,1.65646,-0.732,145.7,-1.65632,0.732306,-0.0282485,-0.121135,0,1.34208,-1.72602,-0.0864817,1,drone1
0.882565,0.0318923,1.56372,-57.0358,2.02607,-0.63716,145.92,-2.02595,0.637559,-0.037476,-0.115344,0,1.09731,-1.99796,-0.392388,1,drone1
0.893489,0.0364132,1.5636,-56.9691,2.03653,0.0754465,146.127,-2.03652,-0.0754942,-0.0415499,-0.102306,0,0.794204,-1.68719,-0.994879,1,drone1
0.905625,0.0315253,1.56555,-56.8934,1.42346,0.26268,146.335,-1.42345,-0.262761,-0.0348461,-0.0923222,0,0.529202,-1.08095,-0.823965,1,drone1
0.92048,0.0137775,1.5728,-56.9047,0.366826,0.0282496,146.487,-0.366826,-0.0282502,-0.0143089,-0.0796166,0,0.415783,-0.295698,-0.165414,1,drone1
0.939679,-0.00621418,1.5757,-56.9544,-0.532368,0.121765,146.542,0.532367,-0.12177,0.00851713,-0.0613975,0,0.410313,0.502744,0.156146,1,drone1
0.955711,-0.0278212,1.58011,-57.0175,-1.3764,0.221342,146.613,1.37639,-0.221406,0.0326964,-0.0462591,0,0.390136,1.2585,0.451709,1,drone1
0.965121,-0.0411929,1.58105,-57.0339,-1.49559,-0.00401906,146.747,1.49559,0.00402043,0.0458895,-0.0370019,0,0.262793,1.25611,0.67484,1,drone1
0.965271,-0.054432,1.57049,-57.0901,-1.3821,-0.60637,146.878,1.38202,0.606547,0.0579037,-0.0384866,0,0.172284,0.887052,1.12497,1,drone1
0.972693,-0.0608375,1.56049,-57.0969,-1.23805,-0.745374,147.021,1.23795,0.745548,0.0636377,-0.0334235,0,0.0368253,0.700076,1.2367,1,drone1
0.987337,-0.0597621,1.54336,-57.1866,-1.21975,-0.0308151,147.178,1.21975,0.030822,0.0640761,-0.0161228,0,-0.00908634,1.01096,0.615452,1,drone1
0.989369,-0.0558176,1.5327,-57.281,-0.891541,0.0227825,147.298,0.89154,-0.0227852,0.0592026,-0.0131487,0,-0.0251995,0.760376,0.414909,1,drone1
0.986416,-0.057401,1.53806,-57.2908,-0.664072,-0.650574,147.203,0.664029,0.650618,0.0585562,-0.0159402,0,0.0718649,0.260844,0.810841,1,drone1
0.975414,-0.0615397,1.54647,-57.2539,-0.675643,-1.71833,147.276,0.675339,1.71845,0.0605728,-0.0327634,0,-0.0639074,-0.222108,1.77743,1,drone1
0.9689,-0.0716112,1.5483,-57.1442,-0.987474,-2.48701,147.074,0.986544,2.48738,0.0703103,-0.0424249,0,-0.0183476,-0.30763,2.56164,1,drone1
0.970015,-0.0884993,1.54121,-57.0276,-1.95943,-2.98718,147.273,1.95677,2.98892,0.0893843,-0.0451041,0,-0.448537,0.26003,3.39373,1,drone1
0.982659,-0.104328,1.53222,-56.9205,-3.13497,-2.66524,146.886,3.13158,2.66923,0.110499,-0.0336021,0,-0.279653,1.40556,3.64531,1,drone1
0.999951,-0.104136,1.53457,-56.7902,-3.03652,-1.49413,147.344,3.03549,1.49623,0.112203,-0.0124724,0,-0.758397,1.83342,2.62764,1,drone1
1.01069,-0.103024,1.53548,-56.7134,-2.71786,-0.653769,147.064,2.71768,0.654505,0.111723,0.00263113,0,-0.4685,1.96376,1.76862,1,drone1
1.01965,-0.100478,1.52859,-56.6407,-2.38952,-0.289324,146.815,2.38949,0.289576,0.108951,0.0138651,0,-0.249508,1.86039,1.3053,1,drone1
1.02279,-0.0897085,1.51564,-56.4722,-1.85471,-0.130612,146.594,1.8547,0.13068,0.0968167,0.0186743,0,-0.163302,1.48517,0.923847,1,drone1
1.02853,-0.0723251,1.5132,-56.2899,-1.2706,0.146683,146.426,1.2706,-0.146719,0.0777734,0.0267999,0,-0.149132,1.12111,0.427114,1,drone1
1.03636,-0.0554526,1.52946,-56.103,-0.696088,0.593909,146.309,0.69605,-0.593953,0.0593805,0.0375802,0,-0.203696,0.841151,-0.201208,1,drone1
1.04562,-0.0379564,1.5436,-56.1334,-0.327349,1.01888,146.219,0.327297,-1.01889,0.0411151,0.0491486,0,-0.0836088,0.723922,-0.719131,1,drone1
1.04624,-0.0151874,1.55598,-56.2457,0.444596,1.31118,146.101,-0.44448,-1.31122,0.015939,0.0520842,0,0.123233,0.210004,-1.30721,1,drone1
1.03333,0.00380295,1.56204,-56.323,1.56565,0.783181,146.223,-1.56551,-0.783474,-0.00760606,0.0392356,0,0.0452951,-0.955539,-1.36704,1,drone1
1.02302,0.021204,1.56229,-56.2664,2.17074,0.472094,146.393,-2.17067,-0.472433,-0.0273949,0.0290455,0,-0.199612,-1.59107,-1.38142,1,drone1
1.02146,0.0273375,1.56573,-56.1521,1.67468,0.484249,146.185,-1.67462,-0.484456,-0.0318691,0.0265322,0,-0.0814103,-1.17499,-1.16432,1,drone1
1.02492,0.0221463,1.5754,-55.9395,0.66332,0.60091,146.027,-0.663284,-0.60095,-0.0231562,0.0284936,0,-0.102126,-0.283796,-0.80921,1,drone1
1.02616,0.0140052,1.58697,-55.6908,-0.17496,0.513077,145.949,0.174953,-0.51308,-0.0125832,0.0280367,0,-0.257548,0.370034,-0.364927,1,drone1
1.02111,0.00648308,1.59845,-55.4384,-0.344148,0.185205,145.89,0.344146,-0.185208,-0.00510544,0.0217625,0,-0.451995,0.363716,-0.0198616,1,drone1
1.01617,0.00227668,1.60573,-55.2405,-0.317974,0.00708351,145.831,0.317974,-0.00708362,-0.00126462,0.0163637,0,-0.591721,0.26311,0.114463,1,drone1
1.00714,0.00341869,1.61124,-55.0825,0.0521186,-0.155783,145.766,-0.0521184,0.155783,-0.00366834,0.00745821,0,-0.683197,-0.110371,0.0850169,1,drone1
0.998534,0.011867,1.6056,-54.877,0.669299,-0.0693977,145.697,-0.669299,0.0694025,-0.0137087,5.38932e-05,0,-0.823494,-0.573299,-0.254835,1,drone1
0.991602,0.0212999,1.59205,-54.6963,1.10279,0.206395,145.588,-1.10278,-0.206434,-0.0241714,-0.00524813,0,-0.909917,-0.802453,-0.665727,1,drone1
0.9848,0.0219311,1.58456,-54.5015,1.08188,-0.096983,145.456,-1.08187,0.0970002,-0.0254279,-0.0128458,0,-0.96461,-0.914692,-0.409181,1,drone1
0.986055,0.0214377,1.57068,-54.3625,0.726945,-0.0290965,145.316,-0.726945,0.0290988,-0.023931,-0.0118872,0,-0.958495,-0.597864,-0.308878,1,drone1
0.991762,0.0166861,1.55377,-54.1963,0.0881904,0.00529628,145.199,-0.0881904,-0.00529628,-0.0170983,-0.00717584,0,-1.00236,-0.0682663,-0.0612223,1,drone1
0.9939,0.0150725,1.55203,-53.9232,-0.354402,-0.108456,145.097,0.354402,0.108458,-0.0142039,-0.00617562,0,-1.17603,0.237403,0.219151,1,drone1
0.998423,0.00941731,1.55682,-53.5441,-0.527159,-0.415588,144.972,0.527145,0.415605,-0.00846202,-0.00298555,0,-1.43609,0.242045,0.535265,1,drone1
0.999179,0.0117507,1.56442,-53.1667,0.0395592,-0.413514,144.821,-0.0395582,0.413514,-0.012559,-0.00109397,0,-1.65486,-0.205743,0.290179,1,drone1
0.999981,0.0209763,1.57149,-52.8248,0.853967,-0.386456,144.657,-0.853947,0.386499,-0.024096,0.00146284,0,-1.83358,-0.831339,-0.0757684,1,drone1
1.01184,0.0311712,1.57141,-52.4903,1.24769,0.255064,144.445,-1.24768,-0.255124,-0.0340005,0.0162229,0,-1.97684,-0.865057,-0.739519,1,drone1
1.03434,0.0385826,1.57276,-52.1604,0.746053,1.2468,144.206,-0.745877,-1.2469,-0.0375215,0.0411057,0,-2.07738,-0.0605693,-1.29503,1,drone1
1.05972,0.0402932,1.57459,-51.8877,0.0667232,2.32396,143.975,-0.0666683,-2.32396,-0.034661,0.0685478,0,-2.11251,0.905089,-1.84085,1,drone1
1.07512,0.0353182,1.5817,-51.4981,-0.620094,2.57714,143.71,0.619467,-2.57729,-0.0268574,0.0832373,0,-2.20868,1.52584,-1.74414,1,drone1
1.08579,0.0240701,1.5817,-51.0667,-1.22205,2.35781,143.411,1.22101,-2.35835,-0.0137554,0.0919929,0,-2.31965,1.88123,-1.32379,1,drone1
1.09207,0.0109878,1.57823,-50.5386,-1.6519,1.87141,143.086,1.65102,-1.87218,-0.0119686,0.0730592,0,-2.08956,1.69072,-1.1948,1,drone1
1.09029,-0.00718069,1.57932,-50.1169,-1.81249,0.968339,142.768,1.81223,-0.968824,0.0177202,0.0905081,0,-2.64757,1.74118,-0.0316324,1,drone1
1.08601,-0.0234773,1.57554,-49.7782,-1.9616,0.0918749,142.423,1.9616,-0.0919288,0.0330597,0.0828356,0,-2.67612,1.50035,0.675921,1,drone1
1.07257,-0.0354207,1.57444,-49.4269,-1.98555,-0.714741,142.082,1.9854,0.71517,0.0433258,0.0665688,0,-2.72232,1.19951,1.27545,1,drone1
1.05446,-0.0457468,1.58559,-49.0884,-2.00364,-1.5552,141.73,2.0029,1.55615,0.0514772,0.0460312,0,-2.75258,0.888838,1.89116,1,drone1
1.03445,-0.0520009,1.59915,-48.6949,-1.82853,-2.45099,141.361,1.82686,2.45224,0.0550491,0.0242251,0,-2.81504,0.421913,2.46562,1,drone1
1.01738,-0.0550703,1.60727,-48.3968,-1.46913,-2.6277,140.996,1.46758,2.62856,0.0561804,0.00753256,0,-2.72823,0.101093,2.44571,1,drone1
1.00819,-0.0511384,1.6028,-48.1266,-0.942476,-2.07725,140.663,0.941856,2.07753,0.0512491,0.00042543,0,-2.6035,-0.0718021,1.83917,1,drone1
1.00655,-0.0438473,1.60297,-47.9131,-0.732439,-0.927919,140.367,0.732343,0.927995,0.044754,0.00220999,0,-2.47599,0.198131,0.920342,1,drone1
1.00001,-0.0414627,1.60237,-47.7715,-0.668278,-0.316032,140.11,0.668268,0.316054,0.0426617,-0.00260724,0,-2.34715,0.373127,0.449646,1,drone1
0.99107,-0.0348715,1.59481,-47.6192,-0.787937,-0.112965,139.87,0.787936,0.112975,0.036311,-0.0109202,0,-2.25835,0.532144,0.342341,1,drone1
0.97955,-0.0182673,1.60091,-47.4346,-0.0987428,0.276126,139.638,0.0987417,-0.276127,0.0180423,-0.02,0,-2.20329,0.169275,-0.184172,1,drone1
0.970573,-0.00173059,1.59839,-47.3103,0.60004,0.50628,139.411,-0.600016,-0.506308,-0.000185455,-0.0269641,0,-2.1109,-0.256361,-0.594264,1,drone1
0.964894,0.0215964,1.58138,-47.1707,1.34769,0.844458,139.175,-1.34754,-0.844691,-0.0252727,-0.0298269,0,-2.04728,-0.679558,-1.09458,1,drone1
0.967316,0.0411657,1.55806,-47.1319,1.90285,1.0845,138.918,-1.90251,-1.08509,-0.0462131,-0.0249659,0,-1.86554,-1.0017,-1.45477,1,drone1
0.974302,0.0467347,1.53515,-47.0239,1.51986,0.603137,138.682,-1.51977,-0.603349,-0.0513982,-0.0195065,0,-1.69876,-0.891805,-0.970667,1,drone1
0.989594,0.0435725,1.5271,-47.032,0.71963,0.412422,138.478,-0.719612,-0.412454,-0.0455796,-0.00746676,0,-1.45747,-0.382178,-0.520333,1,drone1
1.01305,0.0339769,1.53546,-47.1004,-0.404334,0.479211,138.328,0.40432,-0.479223,-0.0316966,0.0141528,0,-1.22558,0.453451,-0.194406,1,drone1
1.0314,0.0183963,1.55079,-47.0983,-1.59244,0.628359,138.209,1.59234,-0.628602,-0.0121228,0.0308815,0,-1.11378,1.36538,0.0924181,1,drone1
1.03298,-0.00136919,1.56786,-47.0834,-2.30473,0.241762,138.025,2.30471,-0.241957,0.0086777,0.0301186,0,-0.976092,1.75472,0.605933,1,drone1
1.02522,-0.0253198,1.5649,-47.0763,-2.42543,-0.987396,137.765,2.42507,0.988281,0.00622309,0.0243338,0,-0.877616,1.57972,0.543976,1,drone1
1.0071,-0.0403601,1.55753,-47.0715,-1.86235,-2.11999,137.549,1.86107,2.12111,0.0431102,-0.00257995,0,-0.610108,0.666032,2.17081,1,drone1
0.996684,-0.0397832,1.55779,-47.0447,-0.961579,-2.16616,137.347,0.960892,2.16646,0.0397655,-0.0117813,0,-0.374358,0.00202819,1.91025,1,drone1
0.993425,-0.023599,1.56039,-47.0676,-0.160731,-1.22058,137.185,0.160695,1.22058,0.0224935,-0.0109839,0,-0.128289,-0.273596,0.963334,1,drone1
0.994671,-0.000523574,1.55078,-47.1978,0.251722,0.381587,137.086,-0.251717,-0.381591,0.00027313,-0.00442863,0,0.10874,-0.0630339,-0.341428,1,drone1
1.00074,0.0226879,1.53687,-47.477,0.444528,1.95538,137.109,-0.444269,-1.95544,-0.0213961,0.0088132,0,0.331531,0.296337,-1.62621,1,drone1
1.00511,0.0395955,1.53101,-47.7378,1.00173,3.0251,137.24,-1.00033,-3.02556,-0.0385997,0.0172069,0,0.38501,0.230006,-2.59403,1,drone1
1.00733,0.0479744,1.53419,-47.9271,1.32508,3.3932,137.477,-1.32275,-3.3941,-0.0474901,0.0208743,0,0.288687,0.117951,-2.97649,1,drone1
1.00452,0.0422651,1.53405,-48.1221,0.834136,2.63291,137.817,-0.833255,-2.63319,-0.0411991,0.014915,0,0.222491,0.244283,-2.2579,1,drone1
0.998799,0.0282799,1.53563,-48.2535,0.36363,1.50165,138.073,-0.363505,-1.50168,-0.0272766,0.0048095,0,0.157511,0.226833,-1.26173,1,drone1
1.00027,0.00920089,1.54155,-48.4033,-0.516206,0.434524,138.216,0.516191,-0.434542,-0.00691214,0.00149753,0,0.189053,0.53151,-0.172336,1,drone1
1.01411,-0.00639812,1.54316,-48.503,-1.61083,-0.0712947,138.269,1.61083,0.0713229,0.0114154,0.0121965,0,0.20915,1.18455,0.57321,1,drone1
1.02976,-0.0100157,1.54276,-48.5343,-2.23231,0.336015,138.418,2.23227,-0.336271,0.0176266,0.0282336,0,0.08933,1.78681,0.479887,1,drone1
1.04211,-0.00641063,1.54749,-48.5437,-2.18119,1.01354,138.628,2.18085,-1.01428,0.0147824,0.0427846,0,-0.0828467,1.97673,-0.0389565,1,drone1
1.04693,-0.0074039,1.53569,-48.6578,-1.80899,1.24644,138.431,1.80856,-1.24706,0.015052,0.0490041,0,0.240098,1.77934,-0.348326,1,drone1
1.04553,-0.0122637,1.51766,-48.7635,-1.28424,0.78398,138.592,1.28412,-0.784177,0.0179444,0.0469001,0,0.176119,1.23227,-0.174766,1,drone1
1.03952,-0.0239976,1.50584,-48.8576,-0.936125,-0.0996293,138.699,0.936123,0.0996425,0.0272063,0.0382423,0,0.149404,0.67188,0.374309,1,drone1
1.02499,-0.0377341,1.50412,-48.9315,-0.669205,-1.43665,138.762,0.668994,1.43674,0.037748,0.0191561,0,0.136159,0.0150427,1.29337,1,drone1
1.01211,-0.0576045,1.51076,-48.9126,-0.642909,-2.45679,138.881,0.642318,2.45695,0.0558757,0.00261653,0,-0.0322069,-0.357857,2.05231,1,drone1
1.00423,-0.0735694,1.52271,-48.8483,-0.76477,-2.64424,139.082,0.763955,2.64447,0.0720187,-0.00602981,0,-0.312095,-0.339321,2.23099,1,drone1
1.00143,-0.0818644,1.52925,-48.7591,-0.673594,-2.11796,138.864,0.673134,2.11811,0.0808751,-0.00645441,0,-0.159134,-0.219609,1.80206,1,drone1
1.00107,-0.0892465,1.53033,-48.59,-0.607187,-1.2634,138.694,0.607039,1.26347,0.0893636,-0.00373271,0,-0.130044,0.0252636,1.13393,1,drone1
1.00529,-0.092649,1.53466,-48.35,-0.878526,-0.642624,138.583,0.878471,0.6427,0.09461,0.00204886,0,-0.253302,0.437642,0.757568,1,drone1
1.01245,-0.0884609,1.55645,-48.0583,-1.25517,-0.156119,138.498,1.25517,0.156156,0.0921063,0.010163,0,-0.457669,0.877749,0.520122,1,drone1
1.02028,-0.0755088,1.58719,-47.6451,-1.29799,0.481694,138.401,1.29795,-0.481818,0.0796825,0.0195865,0,-0.757777,1.11553,0.0631148,1,drone1
1.03151,-0.0667113,1.60756,-47.2562,-1.44529,1.37882,138.29,1.44487,-1.37926,0.072027,0.0325425,0,-1.01714,1.51391,-0.54051,1,drone1
1.03247,-0.0629774,1.60971,-46.9201,-1.38585,1.80566,138.108,1.38516,-1.80618,0.0686098,0.0343931,0,-1.16506,1.60211,-0.866111,1,drone1
1.0251,-0.0676389,1.59434,-46.6122,-1.03913,1.33759,137.872,1.03885,-1.33781,0.0721918,0.026302,0,-1.2469,1.18795,-0.640083,1,drone1
0.999843,-0.0776902,1.58555,-46.213,-0.450971,0.138032,137.665,0.45097,-0.138036,0.0789747,-0.00170071,0,-1.45192,0.367449,0.0294529,1,drone1
0.966957,-0.0859582,1.58217,-45.8076,0.572894,-1.22158,137.526,-0.572764,1.22164,0.0820558,-0.0374557,0,-1.71308,-0.800815,0.659518,1,drone1
0.936564,-0.087042,1.57114,-45.4038,1.74139,-2.33303,137.384,-1.73994,2.33411,0.0773318,-0.069877,0,-1.9441,-1.97109,1.05677,1,drone1
0.913074,-0.084836,1.56949,-44.9874,2.3846,-2.74914,137.13,-2.38186,2.75151,0.0718829,-0.0938163,0,-2.08515,-2.53173,1.13428,1,drone1
0.901789,-0.0863464,1.58009,-44.5264,2.22067,-2.65768,136.77,-2.21828,2.65968,0.0738859,-0.105019,0,-2.19136,-2.36308,1.1169,1,drone1
0.897125,-0.0947973,1.59974,-44.0386,1.44471,-2.41914,136.385,-1.44342,2.41991,0.0848343,-0.110031,0,-2.31631,-1.73304,1.18693,1,drone1
0.906567,-0.102088,1.60704,-43.5256,0.178877,-1.88208,136.016,-0.17878,1.88209,0.0957011,-0.101886,0,-2.49891,-0.694506,1.22515,1,drone1
0.916625,-0.109669,1.59891,-43.1079,-0.935783,-1.13614,135.704,0.935599,1.13629,0.106651,-0.0921551,0,-2.63071,0.284824,1.05606,1,drone1
0.914317,-0.111536,1.58684,-42.7588,-1.28731,-1.12438,135.413,1.28706,1.12466,0.109236,-0.094191,0,-2.70185,0.523565,1.11187,1,drone1
0.912117,-0.117855,1.5846,-42.474,-1.43756,-1.74846,135.098,1.43689,1.74901,0.11516,-0.0983579,0,-2.70412,0.439342,1.56205,1,drone1
0.908385,-0.121189,1.59353,-42.2325,-1.21887,-2.33323,134.778,1.21786,2.33376,0.117305,-0.102913,0,-2.63734,0.128476,1.87388,1,drone1
0.903045,-0.119171,1.58899,-42.0268,-0.593255,-2.57517,134.477,0.592655,2.57531,0.113625,-0.107967,0,-2.51198,-0.345462,1.84437,1,drone1
0.900169,-0.112451,1.5839,-41.7769,-0.0337699,-2.27021,134.188,0.0337434,2.27021,0.105918,-0.10927,0,-2.43476,-0.617632,1.47723,1,drone1
0.900336,-0.101755,1.57845,-41.5364,0.545618,-1.42457,133.911,-0.545449,1.42464,0.0948043,-0.106052,0,-2.36971,-0.751913,0.758002,1,drone1
0.908015,-0.0944678,1.5801,-41.351,0.878563,-0.340737,133.642,-0.878547,0.340778,0.0883131,-0.0950201,0,-2.29161,-0.664314,-0.039544,1,drone1
0.922417,-0.0883444,1.58467,-41.1024,0.906553,0.443568,133.392,-0.906526,-0.443623,0.0835186,-0.0785664,0,-2.30427,-0.46482,-0.55318,1,drone1
0.93417,-0.0888018,1.57816,-40.9247,0.487544,0.164841,133.156,-0.487542,-0.164847,0.0851984,-0.0677714,0,-2.23471,-0.269271,-0.256944,1,drone1
0.945993,-0.0981387,1.5809,-40.8092,-0.185119,-0.539618,132.929,0.185111,0.53962,0.0960021,-0.0584475,0,-2.12332,-0.0242133,0.377905,1,drone1
0.961522,-0.103824,1.58749,-40.7291,-0.791975,-0.789406,132.704,0.7919,0.789482,0.103496,-0.0439803,0,-1.99491,0.301491,0.698594,1,drone1
0.98069,-0.109372,1.59458,-40.6533,-1.48164,-0.582154,132.487,1.48157,0.582349,0.111402,-0.0248287,0,-1.86791,0.801035,0.743925,1,drone1
1.00263,-0.122427,1.6053,-40.5448,-2.64957,-0.62673,132.257,2.64942,0.627401,0.127343,-0.00403731,0,-1.79711,1.53917,1.07191,1,drone1
1.0254,-0.132682,1.6134,-40.4613,-3.62961,-0.723082,131.981,3.62932,0.724535,0.139838,0.017967,0,-1.66864,2.1435,1.37793,1,drone1
1.04745,-0.13256,1.6137,-40.3007,-3.98007,-0.428593,131.694,3.97996,0.429629,0.141121,0.040672,0,-1.54005,2.43923,1.26509,1,drone1
1.06895,-0.121065,1.60316,-40.1667,-3.50082,0.380702,131.433,3.50074,-0.381413,0.130085,0.0647339,0,-1.32534,2.33333,0.613444,1,drone1
1.08177,-0.0921046,1.59356,-40.0508,-1.99002,1.56554,131.19,1.98928,-1.56648,0.0992866,0.0822642,0,-1.11277,1.65765,-0.527512,1,drone1
1.08859,-0.0562432,1.58799,-39.9454,-0.441446,2.51421,130.948,0.441021,-2.51428,0.0609324,0.0933591,0,-1.00772,0.896438,-1.51456,1,drone1
1.08569,-0.0246622,1.59059,-39.8792,0.961762,3.03172,130.674,-0.960416,-3.03214,0.0264334,0.0932995,0,-0.900291,0.121455,-2.18402,1,drone1
1.07095,-0.00646171,1.59917,-39.8471,2.00123,2.42363,130.404,-1.99943,-2.42511,0.00504616,0.0781047,0,-0.70923,-0.695713,-2.04379,1,drone1
1.0496,0.00264295,1.60384,-39.7976,2.70411,1.12577,130.209,-2.70358,-1.12702,-0.00687741,0.0545796,0,-0.529776,-1.45792,-1.37798,1,drone1
1.02767,-0.00019339,1.60356,-39.8959,2.51146,-0.433652,130.074,-2.51139,0.434069,-0.00522806,0.0292743,0,-0.200402,-1.71021,-0.331103,1,drone1
1.01509,-0.0010915,1.60431,-40.1317,1.93339,-1.16443,129.919,-1.93299,1.1651,-0.00385317,0.0147204,0,0.227117,-1.51877,0.28221,1,drone1
1.01305,-0.00631023,1.60243,-40.3859,1.08017,-1.27669,130.06,-1.07991,1.27692,0.00297885,0.0118087,0,0.33934,-1.00069,0.556533,1,drone1
1.01778,-0.0134935,1.60793,-40.6365,0.0425511,-1.14386,130.156,-0.0425426,1.14386,0.0124028,0.0161641,0,0.476065,-0.297541,0.718028,1,drone1
1.02677,-0.0141074,1.61801,-40.7834,-0.969081,-0.176714,130.243,0.969076,0.176739,0.0156183,0.0264677,0,0.530482,0.593142,0.326076,1,drone1
1.02967,-0.0184366,1.61267,-40.9716,-1.48241,-0.089975,130.33,1.48241,0.0900051,0.0210326,0.0292075,0,0.623905,0.954254,0.392465,1,drone1
1.03658,-0.0226585,1.6017,-41.0918,-1.60412,-0.0927793,130.45,1.60412,0.0928157,0.0256297,0.0359755,0,0.620641,1.03611,0.425598,1,drone1
1.04318,-0.0183052,1.60476,-41.2309,-1.33145,0.433432,130.591,1.33141,-0.433549,0.0209736,0.0438689,0,0.638774,0.985143,0.014295,1,drone1
1.04267,-0.00826405,1.61115,-41.2912,-0.591389,1.16745,130.71,0.591266,-1.16751,0.00990641,0.0453005,0,0.586953,0.67384,-0.649364,1,drone1
1.03683,-0.0008428,1.61993,-41.2736,-0.0899992,1.41781,130.811,0.0899716,-1.41781,0.00173375,0.0401257,0,0.456722,0.404066,-0.935231,1,drone1
1.02029,-0.00372883,1.61515,-41.1921,0.394169,0.539489,130.916,-0.394151,-0.539502,0.00324273,0.0222713,0,0.268851,-0.128306,-0.471366,1,drone1
1.00387,-0.00949934,1.59421,-41.2396,0.780635,-0.367787,130.981,-0.780619,0.367821,0.00742482,0.00433901,0,0.259519,-0.605667,0.0324425,1,drone1
0.996134,-0.010043,1.57038,-41.3028,0.728478,-0.863987,131.053,-0.728395,0.864057,0.00741481,-0.00471731,0,0.255771,-0.694053,0.372996,1,drone1
1.0005,-0.0157069,1.54616,-41.4373,0.120868,-1.0394,131.127,-0.120848,1.0394,0.0142767,-0.00160865,0,0.308212,-0.336702,0.640295,1,drone1
1.01565,-0.0270397,1.52906,-41.5938,-0.900693,-0.890181,131.189,0.900584,0.890291,0.0286471,0.0127311,0,0.378703,0.378852,0.796288,1,drone1
1.02821,-0.0333321,1.52688,-41.7797,-1.68597,-0.542215,131.283,1.68589,0.54245,0.0376255,0.0255063,0,0.455738,0.991624,0.762593,1,drone1
1.03325,-0.0303041,1.5273,-41.9516,-1.66216,-0.00871632,131.432,1.66216,0.00871999,0.0350744,0.0321928,0,0.499168,1.11241,0.402788,1,drone1
1.03268,-0.0173899,1.53153,-42.1215,-0.993363,0.81547,131.575,0.993262,-0.815593,0.0209854,0.0347811,0,0.55326,0.873758,-0.317931,1,drone1
1.03149,-0.00872545,1.53492,-42.2255,-0.324893,1.05592,131.675,0.324838,-1.05593,0.0105678,0.0349505,0,0.551913,0.486077,-0.649135,1,drone1
1.02917,0.00282953,1.5336,-42.3718,0.220792,0.945453,131.764,-0.220762,-0.94546,-0.00273695,0.0328292,0,0.599645,0.0906381,-0.714939,1,drone1
1.03273,0.0184619,1.52962,-42.4834,0.342175,1.03571,131.855,-0.342119,-1.03573,-0.0186734,0.0366868,0,0.615664,0.0320439,-0.8088,1,drone1
1.04063,0.0280689,1.53192,-42.5647,-0.227512,1.52113,131.969,0.227432,-1.52114,-0.0260544,0.0452955,0,0.592961,0.544322,-0.99373,1,drone1
1.04793,0.0329569,1.52844,-42.6083,-0.543885,1.71375,132.107,0.543641,-1.71383,-0.0296982,0.0528852,0,0.506482,0.811282,-1.04283,1,drone1
1.05695,0.0431436,1.53035,-42.7023,-0.546836,2.04518,132.251,0.546488,-2.04527,-0.0395251,0.062831,0,0.454476,0.902761,-1.26821,1,drone1
1.06343,0.0545489,1.54573,-42.804,-0.464817,2.60454,132.415,0.464337,-2.60462,-0.0507401,0.0706603,0,0.38385,0.997756,-1.67151,1,drone1
1.05387,0.0575745,1.5636,-42.9337,-0.08873,2.29588,132.595,0.0886588,-2.29589,-0.0552583,0.0602023,0,0.319982,0.666279,-1.56273,1,drone1
1.03709,0.0539252,1.56381,-43.1029,0.53393,1.25028,132.753,-0.533803,-1.25033,-0.0542707,0.0412816,0,0.327412,-0.0333928,-1.01728,1,drone1
1.02225,0.0487818,1.56048,-43.1238,1.11192,0.230912,132.867,-1.11191,-0.230956,-0.0516595,0.0244481,0,0.241981,-0.699756,-0.474269,1,drone1
1.01089,0.0518881,1.56484,-43.1047,1.62159,-0.0862981,132.962,-1.62159,0.0863327,-0.0563232,0.0128363,0,0.125705,-1.13221,-0.395118,1,drone1
1.00393,0.059373,1.56788,-43.0511,1.6096,-0.17744,133.085,-1.60959,0.17751,-0.0637716,0.00577204,0,-0.0477841,-1.14623,-0.332159,1,drone1
0.994604,0.0609803,1.57764,-42.8984,1.60007,-0.323993,132.969,-1.60004,0.324119,-0.0653006,-0.0039505,0,-0.0802645,-1.17541,-0.228004,1,drone1
0.990696,0.0616432,1.59176,-42.708,1.5256,-0.163352,132.845,-1.52559,0.16341,-0.0653548,-0.00753492,0,-0.149437,-1.07722,-0.315543,1,drone1
0.99656,0.0663689,1.60472,-42.5521,1.18516,0.636547,132.714,-1.18509,-0.636683,-0.0684008,-0.00024484,0,-0.190015,-0.631462,-0.763604,1,drone1
1.00168,0.0697755,1.60692,-42.3979,0.814127,1.42369,132.606,-0.813876,-1.42383,-0.0703108,0.00628742,0,-0.246084,-0.171797,-1.19253,1,drone1
1.00131,0.063831,1.61405,-42.2538,0.738812,1.46698,132.484,-0.73857,-1.4671,-0.0641591,0.00579151,0,-0.266602,-0.110349,-1.19785,1,drone1
0.999688,0.0424604,1.61636,-42.1075,0.26051,0.680752,132.377,-0.260491,-0.680759,-0.0424499,0.00206219,0,-0.275744,0.0035648,-0.542802,1,drone1
0.996924,0.0194219,1.61635,-41.9623,-0.483025,-0.379976,132.316,0.483014,0.37999,-0.0187685,-0.00349692,0,-0.359843,0.223223,0.36019,1,drone1
0.99566,0.00104314,1.61684,-41.9423,-0.842969,-0.998907,132.249,0.842841,0.999015,-0.000161061,-0.00638927,0,-0.3337,0.302528,0.866121,1,drone1
0.999244,-0.0121399,1.61484,-42.0037,-1.11079,-1.19002,132.143,1.11055,1.19024,0.0134528,-0.00347825,0,-0.181903,0.43437,1.06368,1,drone1
1.00269,-0.014892,1.60963,-42.0544,-1.09508,-0.844244,132.034,1.09496,0.844398,0.0165001,0.000644428,0,-0.0103291,0.516015,0.828256,1,drone1
1.00123,-0.0120435,1.59497,-42.1285,-0.785484,-0.278527,132.144,0.785475,0.278553,0.0135764,0.000507007,0,-0.0244999,0.454677,0.370797,1,drone1
0.990811,-0.00260879,1.57818,-42.1599,0.19199,0.212176,132.088,-0.191989,-0.212177,0.00234276,-0.00788424,0,0.0704517,-0.0743618,-0.211118,1,drone1
0.979914,0.0157932,1.55596,-42.1821,1.71601,0.840424,132.087,-1.71582,-0.840801,-0.0195793,-0.0154139,0,0.0399268,-0.935733,-1.02669,1,drone1
0.968736,0.025764,1.54533,-42.2069,2.66651,0.985436,132.205,-2.66612,-0.986504,-0.0323282,-0.0248794,0,-0.110343,-1.534,-1.37374,1,drone1
0.957805,0.0267377,1.53863,-42.1627,2.72059,0.42847,132.437,-2.72052,-0.428953,-0.0344415,-0.0370778,0,-0.354598,-1.7093,-1.01994,1,drone1
0.949592,0.0230397,1.54321,-41.9702,2.41781,-0.301427,132.268,-2.41777,0.301696,-0.0305604,-0.0478539,0,-0.326761,-1.69159,-0.446819,1,drone1
0.961086,0.0106339,1.55067,-41.7985,0.931203,-0.545717,132.087,-0.931161,0.545789,-0.0139868,-0.0387751,0,-0.285299,-0.760278,0.10382,1,drone1
0.98074,-0.00392211,1.55711,-41.4899,-0.629809,-0.438934,131.991,0.62979,0.43896,0.00497069,-0.0205216,0,-0.510244,0.302992,0.432383,1,drone1
1.0009,-0.016592,1.56035,-41.1697,-1.72787,-0.340388,131.912,1.72784,0.340543,0.0207562,-0.0013778,0,-0.776161,1.04433,0.645997,1,drone1
1.02855,-0.0220588,1.5686,-40.9537,-2.54142,0.280016,131.79,2.54139,-0.280291,0.0291037,0.0270341,0,-0.867436,1.72703,0.444946,1,drone1
1.05374,-0.0244387,1.57266,-40.766,-3.15455,0.943918,131.631,3.15412,-0.945351,0.0338418,0.0532625,0,-0.877964,2.28501,0.164228,1,drone1
1.068,-0.0280446,1.55341,-40.5337,-3.22645,1.11631,131.397,3.22583,-1.11808,0.0387315,0.0678227,0,-0.867392,2.36219,0.0648567,1,drone1
1.07577,-0.0226143,1.5336,-40.3896,-2.61861,1.31681,131.143,2.61792,-1.31819,0.0325157,0.0769707,0,-0.737041,2.01222,-0.222454,1,drone1
1.07363,-0.00686423,1.52835,-40.3417,-1.37722,1.50565,130.903,1.37674,-1.50608,0.0132438,0.0770291,0,-0.541175,1.25492,-0.65432,1,drone1
1.06566,0.0165059,1.5322,-40.3024,0.13512,1.67255,130.711,-0.135062,-1.67255,-0.0146145,0.0713318,0,-0.425196,0.317122,-1.13061,1,drone1
1.06182,0.0321236,1.542,-40.2112,0.931059,1.67144,130.563,-0.930663,-1.67166,-0.0325595,0.0682103,0,-0.401602,-0.198004,-1.31936,1,drone1
1.06298,0.040672,1.55846,-40.1684,0.796213,1.69164,130.427,-0.795866,-1.69181,-0.0407982,0.0689069,0,-0.303065,-0.108987,-1.29841,1,drone1
1.07364,0.0535603,1.5731,-40.1928,0.214961,2.26047,130.309,-0.214794,-2.26049,-0.0519021,0.0800188,0,-0.147578,0.3975,-1.52743,1,drone1
1.08152,0.0651633,1.57099,-40.213,-0.0561198,2.62678,130.161,0.0560608,-2.62679,-0.0627435,0.0884563,0,0.0257736,0.654556,-1.70174,1,drone1
1.08255,0.0790252,1.56,-40.3486,0.454681,2.42885,130.322,-0.454272,-2.42892,-0.0779039,0.0898461,0,-0.0220479,0.282104,-1.69932,1,drone1
1.06808,0.0806182,1.55347,-40.5398,1.32248,1.35285,130.482,-1.32211,-1.35321,-0.0828598,0.0735464,0,0.00110659,-0.536745,-1.21547,1,drone1
1.05125,0.0692035,1.54792,-40.7006,1.61167,-0.452283,130.659,-1.61161,0.452462,-0.0741505,0.0521891,0,0.0379296,-1.16207,-0.11315,1,drone1
1.03667,0.0485084,1.5502,-40.7608,1.36563,-1.87079,130.808,-1.3649,1.87132,-0.0541388,0.0335862,0,-0.021856,-1.34738,0.87032,1,drone1
1.03209,0.0347682,1.55864,-40.8024,0.713812,-2.0206,130.949,-0.713368,2.02076,-0.0386081,0.0281776,0,-0.136977,-0.962254,1.12528,1,drone1
1.0398,0.0227364,1.56078,-40.8135,-0.245411,-1.46627,130.768,0.24533,1.46628,-0.0236155,0.0363187,0,0.0290919,-0.198129,0.998918,1,drone1
1.04882,0.0113284,1.56623,-40.863,-1.5095,-1.14118,130.846,1.5092,1.14157,-0.00863627,0.0450712,0,-0.0393559,0.70601,1.09541,1,drone1
1.05103,0.00694612,1.56933,-40.9185,-1.95625,-0.731342,130.982,1.95609,0.731768,-0.00273171,0.0479534,0,-0.120712,1.09741,0.939604,1,drone1
1.04777,0.00628761,1.57611,-41.0636,-1.47605,-0.549286,130.848,1.47598,0.549468,-0.00346094,0.0456511,0,0.184057,0.832942,0.701904,1,drone1
1.0409,0.00532921,1.5744,-41.3016,-0.868817,-0.613206,130.963,0.868768,0.613277,-0.00411387,0.0391329,0,0.32229,0.419921,0.599301,1,drone1
1.03368,0.00902665,1.56175,-41.5645,-0.306253,-0.328118,131.051,0.306248,0.328123,-0.00900185,0.0330096,0,0.512531,0.118026,0.274634,1,drone1
1.03619,0.0214806,1.53641,-41.8636,0.0218182,0.845232,131.112,-0.0218158,-0.845232,-0.0212865,0.0389925,0,0.750911,0.187774,-0.59126,1,drone1
1.03694,0.0337793,1.52511,-42.0562,0.472175,1.64774,131.196,-0.47198,-1.6478,-0.0341105,0.0426423,0,0.83342,0.08325,-1.24566,1,drone1
1.02999,0.0427202,1.52332,-42.2208,0.961602,1.57698,131.333,-0.961238,-1.5772,-0.0445824,0.0359499,0,0.841563,-0.264206,-1.32428,1,drone1
1.0113,0.0493013,1.51704,-42.2964,1.36153,0.889951,131.497,-1.36136,-0.890202,-0.0530176,0.0156608,0,0.759761,-0.705956,-0.962911,1,drone1
0.997605,0.0532627,1.52362,-42.3163,1.4547,0.237049,131.654,-1.45469,-0.237126,-0.0578015,-1.03921e-05,0,0.642439,-0.933316,-0.547169,1,drone1
0.996053,0.0516414,1.53358,-42.3588,1.12669,0.23323,131.782,-1.12668,-0.233276,-0.0550701,-0.00194238,0,0.566022,-0.713729,-0.463322,1,drone1
0.996368,0.0410483,1.53742,-42.4311,0.356771,0.223567,131.887,-0.356768,-0.223571,-0.0422165,-0.00242576,0,0.545836,-0.197046,-0.261553,1,drone1
0.989062,0.0341531,1.53795,-42.4296,-0.118366,0.390667,131.953,0.118363,-0.390668,-0.0337234,-0.00967495,0,0.482235,0.165947,-0.253089,1,drone1
0.974308,0.0287002,1.54503,-42.4679,-0.105731,0.450551,132.01,0.105727,-0.450551,-0.02821,-0.024226,0,0.464277,0.171135,-0.296962,1,drone1
0.961663,0.0176849,1.5498,-42.5773,0.0981699,0.310537,132.067,-0.0981685,-0.310537,-0.0178701,-0.037008,0,0.517031,-0.00513384,-0.255071,1,drone1
0.945099,0.00879963,1.5587,-42.8174,0.600771,-0.157947,132.126,-0.600769,0.157955,-0.0106083,-0.0543279,0,0.698538,-0.472085,-0.0661747,1,drone1
0.93222,-0.000960808,1.55602,-43.0898,1.08668,-1.07183,132.23,-1.08649,1.07203,-0.00291793,-0.0691296,0,0.879891,-1.04856,0.43593,1,drone1
0.918029,-0.00990709,1.54062,-43.343,1.5878,-1.90797,132.406,-1.58692,1.9087,0.00353369,-0.085239,0,0.976416,-1.62202,0.884596,1,drone1
0.914253,-0.0215202,1.5314,-43.4712,1.32773,-2.10955,132.61,-1.32683,2.11012,0.0152532,-0.0899396,0,0.899009,-1.50565,1.09122,1,drone1
0.92088,-0.0290462,1.53132,-43.5183,0.616461,-1.86158,132.787,-0.616135,1.86168,0.0248172,-0.0833621,0,0.751102,-0.956815,1.10558,1,drone1
0.926984,-0.0360562,1.5307,-43.5127,-0.14797,-1.67418,132.927,0.147907,1.67418,0.0339606,-0.0776308,0,0.584363,-0.386187,1.17803,1,drone1
0.940192,-0.036544,1.53541,-43.4564,-0.882197,-1.13004,133.05,0.882026,1.13017,0.036836,-0.0636753,0,0.39198,0.258302,0.99811,1,drone1
0.966864,-0.0240069,1.54385,-43.3718,-1.25803,0.229742,133.183,1.25802,-0.229798,0.0264249,-0.0335009,0,0.203457,0.875425,0.163817,1,drone1
0.995975,-0.0103919,1.55998,-43.2466,-1.56041,1.61597,133.314,1.55979,-1.61657,0.0145235,-0.00101831,0,-0.0199049,1.44924,-0.701196,1,drone1
1.02168,0.00746044,1.56736,-43.2029,-1.22924,2.41796,133.482,1.22815,-2.41852,-0.0036986,0.0270428,0,-0.226839,1.43528,-1.33447,1,drone1
1.03737,0.0326294,1.56629,-43.1699,-0.35704,3.05353,133.252,0.356533,-3.05359,-0.0308194,0.0453325,0,-0.0698286,0.997135,-2.00932,1,drone1
1.03924,0.0506967,1.57011,-43.0538,0.476685,3.13925,133.432,-0.475969,-3.13936,-0.0510864,0.0484078,0,-0.418022,0.449856,-2.28631,1,drone1
1.03593,0.0576324,1.57372,-42.8846,0.670745,2.39469,133.193,-0.670159,-2.39486,-0.0597926,0.0431489,0,-0.329777,0.0957837,-1.82693,1,drone1
1.02884,0.0506598,1.5747,-42.6488,0.710551,1.27714,133.019,-0.710374,-1.27724,-0.0545129,0.0331529,0,-0.354529,-0.24883,-1.07383,1,drone1
1.01846,0.0256133,1.56712,-42.4535,0.0376286,-0.334482,132.919,-0.0376279,0.334482,-0.0299429,0.0178324,0,-0.414452,-0.242733,0.194947,1,drone1
1.00383,0.00776926,1.56641,-42.2466,-0.388669,-1.56953,132.857,0.388524,1.56956,-0.0129349,-0.000594069,0,-0.575704,-0.30444,1.13381,1,drone1
0.990332,0.00327857,1.56861,-41.9699,-0.245116,-1.79733,132.729,0.244996,1.79735,-0.00983513,-0.0145667,0,-0.715565,-0.479575,1.23935,1,drone1
0.979848,0.00368634,1.56956,-41.67,0.429144,-1.82668,132.599,-0.428925,1.82673,-0.012854,-0.0244604,0,-0.852737,-0.953289,1.07161,1,drone1
0.975064,0.00276871,1.58026,-41.3399,0.963796,-1.77151,132.448,-0.963336,1.77176,-0.0139382,-0.0284726,0,-1.00702,-1.30927,0.886237,1,drone1
0.969465,-0.000176228,1.58999,-40.916,1.40943,-1.73177,132.272,-1.40879,1.7323,-0.0128766,-0.0335456,0,-1.23621,-1.60692,0.733825,1,drone1
0.969766,-0.009721,1.58333,-40.4572,1.37026,-1.57488,132.051,-1.36975,1.57533,-0.00437172,-0.0333439,0,-1.46367,-1.55998,0.632989,1,drone1
0.987289,-0.0306999,1.56447,-39.937,0.138814,-1.23624,131.793,-0.138782,1.23624,0.0188068,-0.0172149,0,-1.73399,-0.715079,0.720032,1,drone1
1.00582,-0.0635234,1.54582,-39.5008,-1.54269,-1.531,131.547,1.54214,1.53155,0.0548644,-0.00288224,0,-1.97914,0.227547,1.31674,1,drone1
1.01876,-0.101857,1.53495,-39.1432,-2.89596,-2.40298,131.229,2.89341,2.40605,0.0949832,0.00422885,0,-2.1479,0.800713,2.17948,1,drone1
1.0312,-0.130562,1.52141,-38.8195,-3.72897,-2.84984,130.849,3.72435,2.85588,0.124597,0.0126616,0,-2.19288,1.14796,2.63545,1,drone1
1.04188,-0.138549,1.52037,-38.5878,-3.48517,-2.50731,130.522,3.48183,2.51195,0.130783,0.0244203,0,-2.01748,1.02431,2.34383,1,drone1
1.04712,-0.127241,1.53507,-38.4293,-2.39666,-1.34136,130.294,2.396,1.34253,0.11541,0.0351673,0,-1.75124,0.573206,1.35551,1,drone1
1.04895,-0.102089,1.54427,-38.2089,-1.09391,0.224843,130.127,1.0939,-0.224884,0.0860773,0.043156,0,-1.67161,0.0702767,0.0817707,1,drone1
1.05109,-0.0688824,1.53637,-38.0671,0.121771,2.2111,129.95,-0.121681,-2.2111,0.0494002,0.0524564,0,-1.63407,-0.288188,-1.41452,1,drone1
1.049,-0.0424613,1.53639,-38.0513,1.09812,3.27214,129.674,-1.09633,-3.27274,0.0186397,0.0546856,0,-1.44741,-0.72836,-2.28645,1,drone1
1.04185,-0.0320263,1.54261,-38.1221,1.39609,3.13192,129.381,-1.394,-3.13285,0.00399174,0.0472851,0,-1.07515,-1.04576,-2.26924,1,drone1
1.02659,-0.0308147,1.55268,-38.2586,1.87496,1.92858,129.123,-1.8739,-1.92961,-0.00297984,0.0289373,0,-0.62614,-1.72137,-1.6375,1,drone1
1.01466,-0.0445137,1.56606,-38.4265,1.62284,-0.0855529,128.944,-1.62284,0.0855873,0.00639014,0.0114571,0,-0.158346,-2.12601,-0.328947,1,drone1
1.01457,-0.069441,1.58479,-38.6316,-0.115417,-1.4396,128.723,0.11538,1.4396,0.0309459,0.00697523,0,0.289915,-1.4505,0.911415,1,drone1
1.01201,-0.0969779,1.58925,-38.9166,-1.32916,-2.41464,128.843,1.32798,2.41529,0.0569041,0.00148366,0,0.380826,-1.01432,1.80161,1,drone1
1.01407,-0.117718,1.57227,-39.2147,-2.23993,-2.88752,128.996,2.23708,2.88972,0.0759025,0.00114219,0,0.439763,-0.655812,2.31989,1,drone1
1.01291,-0.120961,1.55536,-39.4565,-2.10907,-2.23896,129.271,2.10746,2.24047,0.0760264,0.000791574,0,0.471051,-0.707357,1.89565,1,drone1
1.01286,-0.112162,1.53935,-39.743,-1.29344,-0.74766,129.544,1.29333,0.74785,0.0630276,0.0046977,0,0.608972,-1.00328,0.774231,1,drone1
1.01359,-0.0995199,1.52683,-40.0766,-0.480824,0.518845,129.706,0.480805,-0.518863,0.0456928,0.0094149,0,0.825136,-1.35451,-0.216421,1,drone1
1.01535,-0.0871432,1.53065,-40.5031,0.100569,0.946063,129.86,-0.100555,-0.946064,0.028095,0.0127527,0,1.09597,-1.76002,-0.621867,1,drone1
1.01544,-0.0784961,1.52838,-40.9058,0.435493,1.22515,130.07,-0.435393,-1.22519,0.0146217,0.0137386,0,1.28207,-2.04878,-0.880961,1,drone1
1.01758,-0.0777544,1.52857,-41.2904,0.337834,1.07594,130.33,-0.337775,-1.07596,0.00963421,0.0152715,0,1.41591,-2.15857,-0.759696,1,drone1
1.00803,-0.0818612,1.5278,-41.6396,0.32371,0.327066,130.605,-0.323704,-0.327071,0.0157294,0.00347087,0,1.50368,-2.24562,-0.248854,1,drone1
0.995298,-0.091167,1.53201,-41.9868,0.238297,-0.912563,130.882,-0.238267,0.912571,0.0286732,-0.0122085,0,1.57971,-2.34828,0.596432,1,drone1
0.983679,-0.112301,1.5415,-42.2397,-0.165894,-2.40431,131.16,0.165748,2.40432,0.0538124,-0.0275696,0,1.5219,-2.31272,1.69957,1,drone1
0.984798,-0.125195,1.54917,-42.3665,-0.656856,-2.8654,131.457,0.656035,2.86559,0.0713682,-0.0278585,0,1.30779,-1.97787,2.12681,1,drone1
1.00046,-0.125587,1.55596,-42.4645,-0.834885,-1.80587,131.781,0.83447,1.80606,0.0766605,-0.00970005,0,1.11088,-1.47753,1.44926,1,drone1
1.02892,-0.116691,1.56904,-42.5571,-1.46263,-0.16858,132.037,1.46263,0.168635,0.073939,0.0221636,0,0.978035,-0.521108,0.497667,1,drone1
1.05988,-0.106204,1.57818,-42.6163,-2.14468,1.32501,132.212,2.14411,-1.32594,0.0692947,0.0558454,0,0.90142,0.436244,-0.340753,1,drone1
1.07809,-0.0947797,1.5774,-42.6266,-2.471,1.75901,132.344,2.46983,-1.76065,0.0622243,0.0746174,0,0.794841,0.873269,-0.550616,1,drone1
1.07886,-0.0864742,1.56958,-42.6211,-2.04167,1.28355,132.444,2.04115,-1.28436,0.055938,0.0745999,0,0.674616,0.555709,-0.340112,1,drone1
1.07163,-0.0796773,1.57233,-42.669,-1.13603,0.798176,132.508,1.13592,-0.798333,0.0493901,0.0670254,0,0.649268,-0.0919499,-0.249142,1,drone1
1.06259,-0.0698964,1.56906,-42.5903,-0.256937,0.757274,132.565,0.256915,-0.757282,0.0403684,0.058643,0,0.507705,-0.611661,-0.45435,1,drone1
1.05542,-0.0632865,1.56287,-42.406,0.0892434,0.838697,132.652,-0.0892339,-0.838698,0.0358216,0.0519001,0,0.23134,-0.740517,-0.602859,1,drone1
1.05869,-0.0651359,1.55888,-42.1572,-0.190114,0.691568,132.754,0.1901,-0.691572,0.0409958,0.0542863,0,-0.112423,-0.513658,-0.431694,1,drone1
1.06799,-0.0664652,1.55583,-41.9578,-1.10212,0.68637,132.697,1.10204,-0.686497,0.0471861,0.0624876,0,-0.246931,0.162994,-0.18623,1,drone1
1.07044,-0.0611946,1.55568,-41.7972,-1.52644,0.916878,132.673,1.52625,-0.917203,0.0455103,0.0649983,0,-0.37499,0.568909,-0.226528,1,drone1
1.07142,-0.0486189,1.54903,-41.6698,-1.40993,1.35595,132.611,1.40954,-1.35636,0.0352263,0.0673549,0,-0.423795,0.665618,-0.546968,1,drone1
1.05956,-0.0402111,1.54648,-41.5816,-0.913631,1.13526,132.499,0.913451,-1.1354,0.0268364,0.0554993,0,-0.399523,0.333518,-0.531355,1,drone1
1.0398,-0.0348987,1.55072,-41.4814,-0.105347,0.491049,132.407,0.105343,-0.491049,0.0199018,0.0347948,0,-0.40802,-0.318381,-0.317785,1,drone1
1.01855,-0.0315913,1.55852,-41.3726,0.83037,-0.185236,132.349,-0.830365,0.185256,0.0145506,0.012607,0,-0.448628,-1.06397,-0.117054,1,drone1
0.995191,-0.0378064,1.57082,-41.3336,1.39465,-1.58668,132.268,-1.39412,1.58715,0.0190303,-0.0138926,0,-0.372241,-1.75692,0.657997,1,drone1
0.982547,-0.0471485,1.58553,-41.2889,1.11581,-2.28415,132.083,-1.11492,2.28458,0.0296844,-0.0284565,0,-0.217027,-1.71429,1.19189,1,drone1
0.9738,-0.050551,1.59701,-41.2639,0.770121,-2.23235,131.858,-0.769537,2.23255,0.0350958,-0.037259,0,-0.0140951,-1.43798,1.25141,1,drone1
0.968212,-0.0469103,1.60609,-41.266,0.704601,-1.85355,132.042,-0.704232,1.85369,0.0326883,-0.0421851,0,-0.18129,-1.27504,1.01545,1,drone1
0.969865,-0.0396175,1.60834,-41.2383,0.325989,-0.979721,131.86,-0.325941,0.979737,0.0277062,-0.0390557,0,-0.0188314,-0.777675,0.541459,1,drone1
0.974997,-0.034531,1.60059,-41.2258,-0.151499,-0.317055,131.759,0.151496,0.317056,0.0247881,-0.0330985,0,0.0825797,-0.276117,0.228731,1,drone1
0.98189,-0.0322301,1.59204,-41.2019,-0.797289,0.129025,131.799,0.797286,-0.129037,0.0247967,-0.0260093,0,0.034312,0.275929,0.100029,1,drone1
0.987101,-0.0349601,1.58059,-41.1993,-0.90468,0.288969,131.831,0.904668,-0.289005,0.0284364,-0.0207834,0,0.0166498,0.398728,0.0227211,1,drone1
0.988867,-0.0362237,1.574,-41.1488,-0.784317,0.255626,131.87,0.784309,-0.25565,0.0297068,-0.0192375,0,-0.0572759,0.319238,0.0142139,1,drone1
0.999411,-0.0429033,1.57531,-41.078,-1.24348,0.210782,131.838,1.24347,-0.210832,0.0377287,-0.00952144,0,-0.0873137,0.612829,0.160468,1,drone1
1.01389,-0.0549636,1.56258,-40.9721,-2.08813,-0.0393862,131.769,2.08813,0.0394123,0.0521565,0.00307503,0,-0.136123,1.10108,0.537626,1,drone1
1.02394,-0.0730211,1.55363,-40.903,-2.79741,-0.854122,131.605,2.7971,0.855141,0.0716099,0.00979792,0,-0.103912,1.35645,1.24469,1,drone1
1.03306,-0.084295,1.55974,-40.9202,-3.05286,-1.50488,131.751,3.0518,1.50702,0.0828706,0.0165631,0,-0.28303,1.3524,1.73763,1,drone1
1.03504,-0.0791133,1.56618,-40.9185,-2.19461,-1.42197,131.555,2.19393,1.42301,0.0753287,0.0200406,0,-0.0141996,0.818558,1.46206,1,drone1
1.02156,-0.0674857,1.56855,-40.9951,-0.498015,-1.44235,131.764,0.497857,1.44241,0.0591615,0.00813414,0,-0.0554376,-0.298857,1.04925,1,drone1
1.00715,-0.047818,1.57135,-41.0611,1.10163,-1.12588,131.689,-1.10141,1.12608,0.0355277,-0.00366843,0,0.131111,-1.26818,0.440098,1,drone1
0.990929,-0.0286249,1.56672,-41.2542,2.23997,-0.581,131.825,-2.23986,0.581445,0.0135453,-0.0173269,0,0.173732,-1.88844,-0.206398,1,drone1
0.982358,-0.0165309,1.55558,-41.4464,2.40661,0.0419438,131.991,-2.40661,-0.0419809,0.000992011,-0.0239904,0,0.172943,-1.85278,-0.663308,1,drone1
0.975082,-0.00806701,1.5386,-41.7444,1.96476,0.367852,132.178,-1.96472,-0.368068,-0.00662757,-0.0306007,0,0.290086,-1.49414,-0.770044,1,drone1
0.969324,-0.000224355,1.53703,-41.9994,1.02882,0.119699,132.359,-1.02882,-0.119718,-0.0123755,-0.0381023,0,0.402074,-0.950461,-0.364636,1,drone1
0.959723,-0.00379551,1.53871,-42.2242,0.39201,-0.931949,132.478,-0.391958,0.931971,-0.00843187,-0.051537,0,0.525686,-0.813007,0.506965,1,drone1
0.949343,-0.00955352,1.53978,-42.338,0.160585,-1.73735,132.585,-0.160511,1.73735,-0.00331771,-0.0645417,0,0.52489,-0.883001,1.11034,1,drone1
0.954839,-0.00984288,1.53723,-42.4028,0.20285,-1.4185,132.736,-0.202788,1.4185,-0.00326249,-0.0581624,0,0.445622,-0.842316,0.884812,1,drone1
0.966831,-0.00578808,1.54115,-42.3908,0.245099,-0.660747,132.864,-0.245083,0.660753,-0.00699978,-0.0438918,0,0.312366,-0.68381,0.362266,1,drone1
0.979831,-0.00646907,1.55269,-42.3517,0.264137,0.145714,132.944,-0.264137,-0.145715,-0.00583795,-0.0286248,0,0.192791,-0.495413,-0.185519,1,drone1
0.990518,-0.00575762,1.56122,-42.281,0.0479909,0.785121,133,-0.0479864,-0.785121,-0.00571662,-0.0165238,0,0.0652163,-0.194152,-0.556227,1,drone1
1.00369,-0.00566111,1.5651,-42.227,-0.40801,1.29298,133.069,0.407906,-1.29301,-0.00450965,-0.00257023,0,-0.0506133,0.231057,-0.772556,1,drone1
1.00853,-0.00993748,1.55987,-42.2593,-0.705608,1.03014,132.992,0.705494,-1.03022,-0.000172731,0.00126385,0,0.0643265,0.340667,-0.517625,1,drone1
1.01276,-0.0138122,1.55334,-42.2583,-0.669285,0.410288,133.046,0.669268,-0.410316,0.00247243,0.00386317,0,0.00456969,0.130744,-0.112476,1,drone1
1.0181,-0.0147503,1.55451,-42.2658,-0.616675,-0.161437,133.057,0.616673,0.161446,0.00207184,0.00770975,0,-0.00469542,-0.0790102,0.255807,1,drone1
1.02316,-0.00921514,1.55892,-42.1449,-0.324933,-0.450065,133.029,0.324923,0.450072,-0.00515705,0.012425,0,-0.0972672,-0.37448,0.368547,1,drone1
1.02725,0.00475626,1.56076,-41.9608,0.312736,-0.0665335,132.979,-0.312736,0.0665345,-0.0210032,0.0184363,0,-0.226104,-0.719228,-0.0598459,1,drone1
1.03594,0.0178796,1.55666,-41.6946,0.842145,0.74448,132.892,-0.842073,-0.744561,-0.035188,0.0301358,0,-0.425263,-0.875352,-0.738192,1,drone1
1.0423,0.025405,1.55003,-41.4194,1.01446,1.20606,132.76,-1.01423,-1.20625,-0.0433038,0.0382426,0,-0.586227,-0.88984,-1.08374,1,drone1
1.05314,0.0235625,1.55004,-41.2142,0.439737,1.80089,132.615,-0.43952,-1.80094,-0.0398921,0.0500016,0,-0.639449,-0.385525,-1.31561,1,drone1
1.06422,0.0119897,1.55529,-41.0831,-0.644558,1.67207,132.497,0.644283,-1.67217,-0.0263904,0.0592013,0,-0.61299,0.253663,-0.943854,1,drone1
1.07028,-0.00620352,1.56888,-40.9497,-1.52741,0.882889,132.386,1.52722,-0.883203,-0.00789584,0.0618504,0,-0.63508,0.585175,-0.199695,1,drone1
1.06839,-0.030664,1.58367,-40.8421,-2.17753,-0.428054,132.258,2.17747,0.428363,0.015425,0.0558138,0,-0.675531,0.628129,0.816913,1,drone1
1.06443,-0.0535603,1.59956,-40.6856,-2.58836,-1.65525,132.076,2.58727,1.65694,0.0365991,0.0486766,0,-0.743869,0.53552,1.70917,1,drone1
1.06193,-0.058794,1.61241,-40.6472,-2.10401,-1.97763,131.885,2.10276,1.97896,0.0389975,0.0463276,0,-0.577207,0.106178,1.78946,1,drone1
1.05629,-0.0458328,1.61081,-40.6079,-1.18846,-1.37448,131.741,1.18811,1.37478,0.0232405,0.0428899,0,-0.390611,-0.367664,1.16582,1,drone1
1.03629,-0.0210733,1.59945,-40.5653,0.374368,-0.725882,131.645,-0.374338,0.725897,-0.00586769,0.0257321,0,-0.284512,-1.25422,0.351835,1,drone1
1.01219,0.0134887,1.59191,-40.4784,2.22221,0.107988,131.503,-2.22221,-0.108069,-0.0455121,0.00546658,0,-0.271742,-2.28013,-0.649967,1,drone1
0.991762,0.0478169,1.59306,-40.3742,3.72713,0.785221,131.218,-3.72678,-0.786885,-0.0841702,-0.0118902,0,-0.211587,-3.12628,-1.45322,1,drone1
0.976817,0.0795221,1.6075,-40.4114,4.77435,1.63512,131.477,-4.77241,-1.64081,-0.118615,-0.0235716,0,-0.606829,-3.62748,-2.28405,1,drone1
0.965566,0.0931133,1.62415,-40.5662,4.65412,1.7906,131.036,-4.65184,-1.79652,-0.132693,-0.0363193,0,-0.0162065,-3.59568,-2.32912,1,drone1
0.9578,0.0922907,1.63254,-40.6479,3.88215,1.35947,131.518,-3.88106,-1.36259,-0.112479,-0.0316277,0,-0.00799548,-3.23617,-2.09584,1,drone1
0.958504,0.0813264,1.63015,-40.7784,2.49597,0.334346,131.981,-2.49592,-0.334663,-0.122205,-0.0464001,0,-0.472778,-2.6775,-0.88499,1,drone1
0.966326,0.0643476,1.62696,-40.8512,0.869758,-0.300575,131.715,-0.869746,0.30061,-0.104589,-0.0417073,0,-0.0713382,-1.85332,-0.0446227,1,drone1
0.977574,0.0428182,1.61743,-40.7894,-0.993196,-0.525058,131.516,0.993154,0.525137,-0.0819083,-0.0326227,0,0.0478779,-0.765922,0.573753,1,drone1
0.99279,0.0283241,1.61396,-40.6474,-1.80073,-0.0211248,131.62,1.80073,0.0211352,-0.0677037,-0.0169799,0,-0.203175,-0.191695,0.445187,1,drone1
1.01284,0.0187389,1.61987,-40.5407,-2.19959,0.789951,131.598,2.19938,-0.790534,-0.0590451,0.00415757,0,-0.265583,0.190645,0.0194903,1,drone1
1.0219,0.00857822,1.62323,-40.4647,-2.19979,0.791533,131.566,2.19958,-0.792117,-0.0513314,0.0130943,0,-0.308895,0.107708,0.017077,1,drone1
1.0236,-3.66851e-05,1.61121,-40.3508,-2.14968,0.261078,131.512,2.14965,-0.261261,-0.0454595,0.0137937,0,-0.389809,-0.147091,0.342918,1,drone1
1.0218,-0.00475631,1.60119,-40.2929,-1.61118,-0.169027,131.444,1.61117,0.169094,-0.0446634,0.0114441,0,-0.382112,-0.692028,0.482345,1,drone1
1.01587,-0.00635851,1.59556,-40.2402,-0.745279,-0.38073,131.351,0.745263,0.380762,-0.0478675,0.00567213,0,-0.328634,-1.39587,0.40147,1,drone1
1.00606,-0.0104062,1.59427,-40.2008,0.36678,-0.707595,131.211,-0.366752,0.707609,-0.0494703,-0.00409228,0,-0.216388,-2.29005,0.337634,1,drone1
1.00142,-0.0126206,1.58804,-40.1219,1.14619,-0.726804,130.989,-1.1461,0.726949,-0.0521628,-0.00836509,0,-0.0695159,-2.8988,0.164333,1,drone1
0.99736,-0.00978443,1.57681,-39.9925,1.65391,-0.555806,130.7,-1.65383,0.556038,-0.059546,-0.0118225,0,0.0828914,-3.29137,-0.0594189,1,drone1
1.00052,-0.0049831,1.56501,-39.8353,1.97477,0.105557,131.009,-1.97477,-0.10562,-0.0678149,-0.00603607,0,-0.414992,-3.4286,-0.595212,1,drone1
1.00668,0.00162495,1.56584,-39.7914,1.8667,0.94708,130.632,-1.86644,-0.947582,-0.0700156,0.00136313,0,-0.113328,-3.04937,-1.07742,1,drone1
1.01607,0.0130902,1.57341,-39.8151,2.03407,1.67344,130.28,-2.03321,-1.6745,-0.0775109,0.0120242,0,0.216701,-2.87424,-1.56359,1,drone1
1.03036,0.0231264,1.5834,-39.818,1.75556,1.94494,130.608,-1.75455,-1.94585,-0.0830306,0.0269735,0,-0.105647,-2.51453,-1.68452,1,drone1
1.04606,0.0311041,1.59134,-39.7711,1.04562,2.24256,130.929,-1.04482,-2.24293,-0.0857429,0.0431585,0,-0.443344,-1.8803,-1.71116,1,drone1
1.06071,0.0292806,1.57864,-39.7892,0.246121,2.06178,130.704,-0.245962,-2.0618,-0.0795081,0.0567339,0,-0.151473,-1.33004,-1.39362,1,drone1
1.07115,0.0259694,1.574,-39.8138,-0.336737,1.65358,130.529,0.336597,-1.65361,-0.0726402,0.0656066,0,0.0755097,-0.974335,-0.989214,1,drone1
1.07849,0.027239,1.57579,-39.7004,-0.372144,1.46099,130.668,0.372023,-1.46102,-0.0711058,0.0728152,0,-0.174735,-0.915922,-0.860343,1,drone1
1.07444,0.0300191,1.57957,-39.468,0.0175923,1.04258,130.532,-0.0175894,-1.04258,-0.0727244,0.0683099,0,-0.276871,-1.19096,-0.687458,1,drone1
1.06752,0.0381493,1.57194,-39.2093,0.812745,1.0648,130.377,-0.812605,-1.06491,-0.0804027,0.0624877,0,-0.402919,-1.61691,-0.889265,1,drone1
1.06804,0.0438549,1.56484,-38.9216,0.975973,1.29214,130.181,-0.975725,-1.29233,-0.0842178,0.0640074,0,-0.507434,-1.59992,-1.06503,1,drone1
1.06478,0.045673,1.58102,-38.6261,0.949139,1.23195,129.984,-0.94892,-1.23212,-0.0841015,0.0604662,0,-0.603284,-1.53728,-1.01526,1,drone1
1.06385,0.0460858,1.58633,-38.3319,0.569895,1.038,129.801,-0.569801,-1.03805,-0.082133,0.0588901,0,-0.696656,-1.29381,-0.802253,1,drone1
1.06019,0.0427779,1.58462,-37.9702,0.091754,0.612019,129.643,-0.0917487,-0.61202,-0.0765808,0.0541722,0,-0.884799,-1.04988,-0.429362,1,drone1
1.05174,0.0399303,1.59933,-37.5247,0.115051,0.519363,129.5,-0.115046,-0.519364,-0.072484,0.0457419,0,-1.1864,-1.04024,-0.379402,1,drone1
1.04232,0.0414566,1.60329,-37.0868,0.443815,0.540324,129.334,-0.443795,-0.540341,-0.0734752,0.0369343,0,-1.46428,-1.19021,-0.46648,1,drone1
1.03078,0.0444055,1.59983,-36.6608,0.927553,0.907444,129.13,-0.927437,-0.907563,-0.0762586,0.0268138,0,-1.7045,-1.35383,-0.789066,1,drone1
1.00819,0.043449,1.60489,-36.2846,1.90012,0.947909,128.882,-1.89986,-0.94843,-0.0768819,0.00501183,0,-1.87039,-1.87503,-1.02162,1,drone1
0.982027,0.0305506,1.59997,-35.9436,2.60435,-0.0096622,128.631,-2.60435,0.00967219,-0.0662818,-0.0228483,0,-1.94044,-2.45422,-0.612211,1,drone1
0.965474,0.0111994,1.58172,-35.6207,2.57457,-0.778806,128.348,-2.57433,0.779592,-0.0479015,-0.0416865,0,-1.94176,-2.56472,-0.155742,1,drone1
0.963786,-0.00653834,1.56774,-35.3859,1.53488,-0.886062,128.015,-1.5347,0.88638,-0.0277909,-0.045306,0,-1.83013,-1.96289,0.134201,1,drone1
0.973309,-0.026171,1.5611,-35.2075,0.171773,-0.94375,127.725,-0.171749,0.943754,-0.00432586,-0.0379401,0,-1.72825,-1.1763,0.455424,1,drone1
0.990136,-0.0413338,1.5534,-34.9977,-1.20668,-0.614216,127.495,1.20661,0.614352,0.015329,-0.0222497,0,-1.73194,-0.311338,0.550942,1,drone1
1.00285,-0.0617127,1.54929,-34.7794,-2.4575,-0.597175,127.298,2.45737,0.597724,0.0394644,-0.0114917,0,-1.79415,0.404467,0.791459,1,drone1
1.00907,-0.0888371,1.55463,-34.5821,-3.07868,-1.34475,127.051,3.07783,1.34669,0.0677474,-0.00852013,0,-1.82372,0.604395,1.32739,1,drone1
1.0109,-0.113445,1.55989,-34.3753,-3.32015,-2.24431,126.76,3.31761,2.24808,0.0922791,-0.00971163,0,-1.82686,0.560019,1.86404,1,drone1
1.00659,-0.120793,1.55596,-34.234,-2.34484,-2.23048,126.533,2.34306,2.23234,0.0975786,-0.0134328,0,-1.66416,0.0266073,1.65516,1,drone1
1.00386,-0.120297,1.54844,-34.1229,-1.24243,-2.00396,126.346,1.24167,2.00443,0.0948679,-0.0147416,0,-1.50762,-0.53648,1.31038,1,drone1
1.01277,-0.122878,1.54378,-34.045,-0.912752,-1.81404,126.153,0.912294,1.81427,0.0971679,-0.00511938,0,-1.36955,-0.681582,1.14021,1,drone1
1.02945,-0.124801,1.55158,-34.0022,-1.23404,-1.16854,125.966,1.23378,1.16881,0.100681,0.0130868,0,-1.21678,-0.383341,0.844747,1,drone1
1.04498,-0.127287,1.55295,-34.0126,-1.94044,-0.591393,125.818,1.94034,0.591733,0.105311,0.029572,0,-1.0613,0.110649,0.659815,1,drone1
1.0587,-0.128732,1.54784,-34.0141,-2.48072,-0.304962,125.699,2.48068,0.305248,0.108248,0.043639,0,-0.946233,0.453657,0.602086,1,drone1
1.05675,-0.119885,1.54927,-33.9932,-2.01715,-0.0532499,125.59,2.01715,0.0532829,0.0979541,0.0430681,0,-0.832565,0.230084,0.374763,1,drone1
1.04566,-0.107894,1.55547,-34.0607,-0.872233,0.193086,125.5,0.872228,-0.193109,0.0826284,0.0339772,0,-0.651736,-0.374331,0.0262208,1,drone1
1.03529,-0.101582,1.56675,-34.0666,-0.0266427,0.0369007,125.422,0.0266427,-0.0369007,0.0734618,0.024155,0,-0.566843,-0.893373,-0.0428288,1,drone1
1.02532,-0.0936543,1.57783,-34.0827,0.643737,-0.0204376,125.317,-0.643737,0.0204389,0.0632106,0.0148342,0,-0.447502,-1.30036,-0.132462,1,drone1
1.02177,-0.0884114,1.58577,-34.0297,0.556308,0.140113,125.177,-0.556306,-0.14012,0.057371,0.0117144,0,-0.362124,-1.24853,-0.203687,1,drone1
1.01585,-0.0835672,1.57823,-33.9621,0.469585,0.127187,125.046,-0.469584,-0.127191,0.0516107,0.00590574,0,-0.297784,-1.23205,-0.179041,1,drone1
1.00713,-0.0857552,1.57312,-33.9173,0.351194,-0.180033,124.92,-0.351192,0.180037,0.0526385,-0.00343814,0,-0.213923,-1.25444,0.01471,1,drone1
0.997079,-0.0902755,1.57391,-33.8962,0.0844767,-0.559465,124.792,-0.0844727,0.559465,0.0561746,-0.0143676,0,-0.108246,-1.21018,0.275193,1,drone1
0.982602,-0.0961041,1.57602,-33.8578,0.0307615,-1.21895,124.668,-0.0307546,1.21895,0.0602955,-0.0301308,0,-0.0269192,-1.33632,0.65191,1,drone1
0.967286,-0.104752,1.57197,-33.7943,0.152349,-1.82069,124.523,-0.152272,1.8207,0.0668271,-0.046613,0,0.0512795,-1.551,0.964556,1,drone1
0.943402,-0.11128,1.57332,-33.757,0.597685,-2.88106,124.731,-0.596929,2.88122,0.0697962,-0.072612,0,-0.187372,-2.03555,1.46349,1,drone1
0.92441,-0.120289,1.57014,-33.7215,0.72408,-3.73867,124.496,-0.722539,3.73897,0.0764083,-0.0931386,0,0.00735309,-2.29984,1.9205,1,drone1
0.919356,-0.122092,1.56234,-33.7134,0.355169,-3.37057,124.77,-0.354555,3.37064,0.0645349,-0.0769984,0,0.00314611,-2.06988,1.72833,1,drone1
0.922996,-0.121419,1.56446,-33.7516,-0.065212,-2.35341,125.016,0.065157,2.35341,0.0755748,-0.0931146,0,-0.502158,-1.74628,1.27976,1,drone1
0.927428,-0.11882,1.57654,-33.6932,-0.428734,-1.79429,124.782,0.428524,1.79434,0.0636654,-0.0770666,0,-0.453684,-1.57115,1.15243,1,drone1
0.925842,-0.114041,1.58508,-33.5261,-0.0270106,-1.82676,124.595,0.0269969,1.82676,0.0649548,-0.0883493,0,-0.295639,-1.79511,0.981827,1,drone1
0.925715,-0.103714,1.57759,-33.3426,0.524562,-1.52738,124.402,-0.524375,1.52744,0.0515855,-0.0874807,0,-0.267892,-2.11274,0.717556,1,drone1
0.931396,-0.0875032,1.55469,-33.1075,0.733253,-0.551905,124.171,-0.733219,0.55195,0.033111,-0.0796585,0,-0.272544,-2.12974,0.14734,1,drone1
0.944747,-0.0756844,1.54774,-32.9236,0.152775,0.398598,123.947,-0.152771,-0.3986,0.0208257,-0.0644971,0,-0.238754,-1.73323,-0.266827,1,drone1
0.965833,-0.0580456,1.56149,-32.6793,-0.542829,1.51064,123.786,0.54264,-1.51071,0.00281258,-0.0414462,0,-0.313793,-1.25996,-0.747366,1,drone1
0.980687,-0.0387468,1.58579,-32.4397,-0.742266,2.20265,123.65,0.741717,-2.20283,-0.0186799,-0.0254557,0,-0.413434,-1.13534,-1.08159,1,drone1
0.991794,-0.026184,1.60622,-32.2397,-0.774109,2.40535,123.492,0.773427,-2.40557,-0.0342348,-0.0141685,0,-0.455018,-1.18964,-1.18032,1,drone1
0.997834,-0.0228866,1.61413,-32.1274,-0.63542,1.74743,123.306,0.635124,-1.74754,-0.0412367,-0.0091186,0,-0.384141,-1.48122,-0.851613,1,drone1
0.993742,-0.0147605,1.60691,-32.0535,0.124366,1.20276,123.109,-0.124339,-1.20276,-0.0535808,-0.0132101,0,-0.277881,-2.06861,-0.69269,1,drone1
0.987928,-0.00146851,1.58587,-32.1163,0.828923,1.03979,122.877,-0.828787,-1.0399,-0.0649089,-0.0189825,0,0.000879184,-2.36805,-0.703295,1,drone1
0.981804,0.0159191,1.56939,-32.1527,1.63726,1.55857,123.094,-1.63666,-1.5592,-0.0803914,-0.0229729,0,-0.229819,-2.60074,-1.11881,1,drone1
0.976622,0.0219681,1.55981,-32.1134,1.97165,1.44715,122.805,-1.97103,-1.44801,-0.0841313,-0.0282513,0,0.00905599,-2.69951,-1.10014,1,drone1
0.97705,0.024657,1.56322,-31.9713,1.88698,1.09782,123.11,-1.88663,-1.09841,-0.0841586,-0.0279326,0,-0.417859,-2.60828,-0.915968,1,drone1
0.983917,0.0201355,1.55402,-31.8286,1.39404,0.71661,122.85,-1.39393,-0.716822,-0.0761963,-0.0222763,0,-0.267338,-2.32459,-0.625113,1,drone1
0.991426,0.00753598,1.54375,-31.6794,0.345044,0.0703475,122.625,-0.345044,-0.0703488,-0.0593592,-0.0169845,0,-0.160444,-1.79803,-0.113973,1,drone1
0.995227,-0.00751741,1.54216,-31.5949,-0.265654,-0.546912,122.442,0.265641,0.546917,-0.0410989,-0.0151571,0,-0.0651271,-1.50263,0.306757,1,drone1
0.994525,-0.0207927,1.54315,-31.584,-0.13066,-0.952714,122.289,0.130642,0.952716,-0.0262575,-0.0168741,0,0.0753868,-1.56815,0.501146,1,drone1
1.00239,-0.0386161,1.55196,-31.5855,-0.615904,-0.828392,122.447,0.615839,0.82844,-0.00542565,-0.00917511,0,-0.0898007,-1.23603,0.507651,1,drone1
1.0124,-0.0518686,1.56907,-31.6107,-1.02035,-0.328355,122.316,1.02033,0.328407,0.0106586,0.00149951,0,0.0684904,-0.890307,0.312954,1,drone1
1.02338,-0.0579397,1.58448,-31.5877,-1.45548,0.180658,122.421,1.45548,-0.180716,0.0193256,0.0131028,0,-0.0532171,-0.534686,0.113085,1,drone1
1.02823,-0.0660029,1.58739,-31.4764,-1.85332,0.231938,122.369,1.85331,-0.23206,0.0295311,0.017698,0,-0.1162,-0.277385,0.146451,1,drone1
1.02335,-0.073881,1.58989,-31.3728,-1.60635,-0.245428,122.321,1.60633,0.245525,0.0379103,0.0119975,0,-0.183817,-0.441952,0.35379,1,drone1
1.01268,-0.0724374,1.59376,-31.2918,-0.944501,-0.562325,122.259,0.944456,0.562401,0.0361192,0.00117011,0,-0.197874,-0.798863,0.414015,1,drone1
0.992492,-0.0645304,1.58178,-31.2296,0.5474,-0.485803,122.181,-0.54738,0.485825,0.0263919,-0.0180551,0,-0.163149,-1.52591,0.145147,1,drone1
