1.57932,1.15713,-0.00207398,-47.0353,-0.376238,0.0818304,45.0005,0.376237,-0.0818322,0,0,0,0,0,0,1,drone2
1.57669,1.15525,-0.00384809,-47.5828,-0.534447,0.0992942,45.0009,0.534447,-0.0992985,0,0,0,0,0,0,1,drone2
1.58153,1.15228,-0.00304693,-47.3035,-1.01968,0.587359,45.0105,1.01963,-0.587452,0,0,0,0,0,0,1,drone2
1.57692,1.14487,-0.00590562,-46.7314,-1.24526,0.273303,45.0059,1.24524,-0.273368,0,0,0,0,0,0,1,drone2
1.57164,1.13317,-0.00322362,-46.1905,-1.2541,-0.442723,44.9903,1.25406,0.442829,0,0,0,0,0,0,1,drone2
1.56835,1.12275,-0.00240614,-45.7064,-0.829465,-0.874858,44.9873,0.829368,0.87495,0,0,0,0,0,0,1,drone2
1.57055,1.11396,-0.00395041,-45.4262,-0.380688,-1.17416,44.9922,0.380608,1.17418,0,0,0,0,0,0,1,drone2
1.58192,1.11186,-0.0104265,-45.2119,-0.660768,-0.879253,44.9899,0.66069,0.879312,0,0,0,0,0,0,1,drone2
1.59705,1.12341,-0.0189537,-45.207,-0.957035,-0.193488,44.9968,0.957029,0.193515,0,0,0,0,0,0,1,drone2
1.61151,1.14181,-0.0220325,-45.3235,-0.573996,0.956492,45.0096,0.573916,-0.95654,0,0,0,0,0,0,1,drone2
1.61278,1.16117,-0.0144167,-45.3893,0.526975,1.60343,44.9853,-0.526769,-1.6035,0,0,0,0,0,0,1,drone2
1.61013,1.1762,-0.00350334,-45.2743,1.14031,1.56334,44.9689,-1.13989,-1.56365,0,0,0,0,0,0,1,drone2
1.60866,1.18225,-0.00194478,-45.1652,1.2595,1.59745,44.9649,-1.25901,-1.59784,0,0,0,0,0,0,1,drone2
1.60636,1.1796,-0.00537406,-45.1257,0.592257,1.48744,44.9846,-0.592057,-1.48752,0,0,0,0,0,0,1,drone2
1.59783,1.17757,-0.00833042,-45.0005,0.162669,0.893914,44.9975,-0.162649,-0.893918,0,0,0,0,0,0,1,drone2
1.60139,1.1769,-0.00851596,-44.9104,-0.541631,0.606259,45.0057,0.5416,-0.606286,0,0,0,0,0,0,1,drone2
1.60741,1.17953,-0.0109025,-44.9034,-0.982334,1.0232,45.0175,0.982177,-1.02335,0,0,0,0,0,0,1,drone2
1.60727,1.18451,-0.0102326,-44.825,-0.547954,1.24071,45.0119,0.547826,-1.24076,0,0,0,0,0,0,1,drone2
1.60314,1.18657,-0.0127797,-44.7454,-0.101057,0.878481,45.0015,0.101045,-0.878483,0,0,0,0,0,0,1,drone2
1.59222,1.18764,-0.0144672,-44.8133,0.255651,-0.0353263,45.0002,-0.255651,0.0353267,0,0,0,0,0,0,1,drone2
1.58625,1.18959,-0.00273768,-44.8607,0.232147,-0.49254,45.002,-0.232139,0.492544,0,0,0,0,0,0,1,drone2
1.5849,1.19895,0.00332144,-44.858,0.195905,-0.0753068,45.0003,-0.195905,0.0753072,0,0,0,0,0,0,1,drone2
1.57974,1.21102,0.00666771,-44.9198,0.395837,0.221617,44.9985,-0.395834,-0.221622,0,0,0,0,0,0,1,drone2
1.57813,1.2193,0.00948839,-45.1142,0.766803,0.265584,44.9964,-0.766794,-0.265608,0,0,0,0,0,0,1,drone2
1.57723,1.22796,0.00993104,-45.1924,1.03668,0.50155,44.9909,-1.03664,-0.501632,0,0,0,0,0,0,1,drone2
1.57587,1.23301,0.00278789,-45.3281,1.22339,0.717008,44.9847,-1.2233,-0.717172,0,0,0,0,0,0,1,drone2
1.58253,1.23614,0.0761597,-45.2434,0.657707,1.0157,44.9883,-0.657603,-1.01577,0,0,0,0,0,0,1,drone2
1.5942,1.22984,0.253525,-45.3045,-0.470673,1.37822,45.0113,0.470537,-1.37827,0,0,0,0,0,0,1,drone2
1.60805,1.2173,0.458285,-45.3849,-1.72276,1.28293,45.0386,1.72233,-1.28351,0,0,0,0,0,0,1,drone2
1.61951,1.20737,0.662721,-45.3408,-2.27598,1.10431,45.0439,2.27556,-1.10518,0,0,0,0,0,0,1,drone2
1.62056,1.19747,0.851329,-45.3563,-1.9455,0.50282,45.0171,1.94543,-0.50311,0,0,0,0,0,0,1,drone2
1.6183,1.18204,1.01534,-45.2817,-1.5838,-0.468866,44.987,1.58374,0.469045,0,0,0,0,0,0,1,drone2
1.61458,1.17087,1.15427,-45.2102,-1.23441,-0.909753,44.9804,1.23425,0.909964,0,0,0,0,0,0,1,drone2
1.60714,1.15593,1.25544,-45.1019,-0.814432,-1.12489,44.984,0.814275,1.12501,0,0,0,0,0,0,1,drone2
1.59669,1.14508,1.33585,-44.957,-0.270793,-1.01615,44.9952,0.27075,1.01616,0,0,0,0,0,0,1,drone2
1.59056,1.13977,1.40591,-44.7574,0.0933482,-0.802418,45.0013,-0.0933391,0.80242,0,0,0,0,0,0,1,drone2
1.59142,1.14243,1.4534,-44.527,0.261694,-0.150154,45.0007,-0.261693,0.150156,0,0,0,0,0,0,1,drone2
1.59396,1.15687,1.49511,-44.3876,0.764124,0.749776,44.99,-0.764058,-0.749842,0,0,0,0,0,0,1,drone2
1.60444,1.15857,1.54702,-44.1765,0.436859,1.28612,44.9902,-0.436749,-1.28616,0,0,0,0,0,0,1,drone2
1.613,1.14856,1.58499,-43.9427,-0.577423,1.3551,45.0137,0.577262,-1.35517,0,0,0,0,0,0,1,drone1
1.61027,1.13388,1.60567,-43.7038,-1.53073,0.399325,45.0107,1.5307,-0.399468,0,0,0,0,0,0,1,drone1
1.60406,1.12501,1.62396,-43.47,-1.78783,-0.333891,44.9896,1.7878,0.334053,-1.11084,0.447665,0,-0.036876,2.61539,-0.700716,7,drone1
1.60037,1.12736,1.63123,-43.2662,-1.35756,-0.521182,45.2585,1.3575,0.521329,-1.10631,0.45318,0,-0.439204,2.08741,-0.704407,7,drone1
1.59395,1.13699,1.64137,-43.164,-0.636219,-0.320892,45.0424,0.636209,0.320911,-2.1297,-1.06656,0,88.1163,0.383785,-0.335968,7,drone1
1.58239,1.15289,1.65971,-43.1013,0.411395,-0.061059,53.858,-0.411394,0.0610606,-2.23722,-0.786243,0,80.6626,-0.150401,0.27511,7,drone1
1.56861,1.17231,1.67201,-43.1092,1.5149,0.181935,61.919,-1.51489,-0.181998,-2.30841,-0.514765,0,73.4692,-0.849844,0.753252,7,drone1
1.55513,1.18157,1.66942,-43.2,2.17777,0.0537183,69.2689,-2.17776,-0.0537571,-2.33427,-0.218189,0,64.6001,-1.26148,1.02091,7,drone1
1.55196,1.19208,1.66624,-43.3341,2.26764,0.545065,75.7101,-2.26754,-0.545492,-2.33968,0.00932283,0,58.6723,-1.63778,0.624771,7,drone1
1.55394,1.20341,1.65893,-43.4543,1.92042,1.31662,81.5562,-1.91991,-1.31736,-2.32967,0.221645,0,53.1026,-1.7643,-0.15704,7,drone1
1.55629,1.20458,1.65012,-43.6167,1.49738,1.41542,86.8766,-1.49692,-1.41591,-2.3228,0.354763,0,52.0843,-1.49331,-0.488721,7,drone1
1.55984,1.18669,1.65233,-43.6407,0.622301,0.511396,92.1193,-0.622276,-0.511426,-2.2736,0.427016,0,51.233,-0.644325,-0.206199,7,drone1
1.56517,1.16174,1.66128,-38.1725,-0.383928,-0.787569,97.2434,0.383892,0.787587,-2.05726,1.17417,0,30.9183,0.341547,0.436181,7,drone1
1.56798,1.13805,1.67058,-33.9782,-1.20915,-1.78264,100.304,1.20856,1.78304,-1.86764,1.41593,0,24.5323,0.812998,0.980493,7,drone1
1.56494,1.11676,1.68647,-30.4619,-1.68682,-2.51656,102.724,1.6852,2.51765,-1.65975,1.68607,0,15.7069,0.211175,0.074955,7,drone1
1.56625,1.10846,1.6924,-27.3195,-1.92823,-2.44942,104.287,1.92647,2.45081,-1.52279,1.79718,0,12.7341,0.897464,1.16544,7,drone1
1.57563,1.10577,1.69027,-24.4404,-1.87883,-1.58614,105.6,1.87811,1.58699,-1.37125,1.91922,0,8.14754,0.752802,0.711748,7,drone1
1.58459,1.11152,1.6777,-21.9042,-1.66566,-0.532561,106.458,1.66559,0.532786,-1.22152,2.0283,0,3.54037,-0.011718,0.430436,7,drone1
1.59047,1.12265,1.66641,-19.617,-0.989149,0.498931,106.839,0.989111,-0.499005,-1.07785,2.09163,0,-0.750497,0.357568,-0.102278,7,drone1
1.58969,1.1351,1.66377,-17.5282,0.165134,0.954654,106.744,-0.165112,-0.954658,-1.03405,2.13042,0,-2.30474,-0.0177176,-0.333893,7,drone1
1.59024,1.14805,1.66586,-15.6648,0.874886,1.19391,106.495,-0.874696,-1.19405,-0.960084,2.17172,0,-4.73681,-0.194407,-0.394883,7,drone1
1.59109,1.16265,1.66414,-13.9958,1.01525,1.5151,106.011,-1.01489,-1.51534,-0.91647,2.20006,0,-6.64249,-0.182166,-0.381552,7,drone1
1.58696,1.17448,1.66541,-12.4887,1.23203,1.29178,105.345,-1.23172,-1.29208,-0.904484,2.18933,0,-6.791,-0.213977,-0.289633,7,drone1
1.58872,1.18067,1.66544,-11.1647,1.06508,1.04759,104.673,-1.06491,-1.04777,-0.844002,2.23568,0,-8.40276,0.0191633,0.281574,7,drone1
1.60038,1.18066,1.66669,-10.0613,0.480188,0.738698,103.846,-0.480148,-0.738724,-0.919692,2.20739,0,-6.64614,-0.0740991,-0.196213,7,drone1
1.61075,1.17495,1.67474,-9.05734,-0.367665,0.0566582,103.187,0.367664,-0.0566594,-0.883503,2.20635,0,-7.05044,0.0544736,-0.0164097,7,drone1
1.61666,1.16552,1.68572,-8.19028,-0.941704,-0.490466,102.474,0.94167,0.490532,-0.914897,2.20702,0,-6.08181,0.127195,0.0391669,7,drone1
1.61942,1.16585,1.69035,-7.39747,-1.36944,-0.356653,101.865,1.36941,0.356755,-0.840752,2.24594,0,-8.29173,0.169479,0.00723944,7,drone1
1.61892,1.17495,1.68274,-6.78914,-1.31659,0.498089,101.056,1.31654,-0.498221,-0.968766,2.18822,0,-4.70814,0.179245,-0.0536485,7,drone1
1.60862,1.17985,1.68287,-6.18718,-0.496962,0.988728,100.581,0.496888,-0.988765,-0.993015,2.18312,0,-4.48538,0.0722371,-0.133536,7,drone1
1.59139,1.18106,1.68788,-5.6008,0.631839,1.08646,100.112,-0.631725,-1.08652,-0.922489,2.20155,0,-6.14214,-0.0340819,-0.164789,7,drone1
1.57296,1.18523,1.69002,-4.98125,1.62422,0.889421,99.4844,-1.62403,-0.889779,-1.00494,2.16006,0,-4.32463,-0.198514,0.160451,7,drone1
1.55856,1.18829,1.68195,-4.39374,2.37685,0.44387,99.058,-2.37678,-0.444252,-0.939823,2.17195,0,-6.61401,-0.160809,-0.0649654,7,drone1
1.54906,1.18871,1.67085,-3.84995,2.31614,0.189473,98.4071,-2.31613,-0.189628,-1.02333,2.11783,0,-3.95811,-0.1543,-0.0397475,7,drone1
1.54444,1.18605,1.6626,-3.34627,2.02676,0.053419,98.0168,-2.02676,-0.0534525,-1.03384,2.10827,0,-3.63694,-0.113974,-0.0218213,7,drone1
1.54952,1.18962,1.66265,-2.84391,1.11086,0.0972243,97.6529,-1.11086,-0.0972426,-1.06423,2.08932,0,-2.73832,-0.0619247,-0.0143166,7,drone1
1.5628,1.19461,1.66508,-2.32446,0.0780857,0.681625,97.38,-0.0780802,-0.681626,-0.990156,2.16737,0,-5.6175,0.0157773,-0.0397464,7,drone1
1.57646,1.20216,1.66634,-1.70841,-0.992082,1.3123,96.8418,0.991822,-1.31249,-0.991234,2.18412,0,-5.77699,0.0455108,-0.0897116,7,drone1
1.58907,1.19559,1.66344,-1.05781,-3.03192,1.00593,96.2946,3.03145,-1.00734,-0.978387,2.19759,0,-5.93858,0.0711092,-0.0587419,7,drone1
1.58903,1.17431,1.65499,-0.399305,-4.31258,-0.111377,95.639,4.31257,0.111693,-1.01606,2.13408,0,-3.43888,0.0566733,0.010076,7,drone1
1.56948,1.14789,1.64743,0.203159,-4.07623,-1.32476,95.2091,4.07513,1.32812,-0.967233,2.12807,0,-4.33859,0.0103981,0.0106475,7,drone1
1.5279,1.11976,1.64384,0.738295,-2.30074,-2.62993,94.764,2.29831,2.63205,-0.951059,2.10265,0,-5.04949,0.00500287,-0.0525216,7,drone1
1.47651,1.09565,1.64117,1.1757,0.357584,-3.66582,94.3875,-0.356852,3.66589,-1.02785,2.01305,0,-2.01891,0.0393406,-0.0602383,7,drone1
1.42997,1.07909,1.62753,1.58986,2.43238,-4.26858,94.3438,-2.42563,4.27242,-0.999067,1.97777,0,-2.50789,0.108524,-0.0909965,7,drone1
1.39747,1.07722,1.61536,1.8696,2.73356,-4.02426,94.1034,-2.72682,4.02883,-0.914779,1.96404,0,-5.03409,0.137124,-0.0831795,7,drone1
1.3775,1.0931,1.60144,2.13119,1.80016,-2.70852,93.4928,-1.79815,2.70986,-0.870785,1.96211,0,-6.86877,0.130248,-0.0452488,7,drone1
1.37445,1.11641,1.59254,2.45237,0.251846,-0.99165,92.7251,-0.251808,0.99166,-0.954539,1.94809,0,-5.13757,0.0663807,-0.0102673,7,drone1
1.38319,1.14137,1.58548,2.72891,-1.19095,0.826554,92.2241,1.19082,-0.826733,-0.965343,1.95257,0,-5.58244,-0.0297882,0.0405859,7,drone1
1.38721,1.16346,1.57901,2.92653,-2.13292,2.40558,91.7382,2.13103,-2.40724,-0.984001,1.96648,0,-5.71833,-0.104561,0.123197,7,drone1
1.38337,1.17815,1.57651,3.11249,-2.05545,3.30446,91.1951,2.05203,-3.30658,-0.982477,1.96645,0,-6.2051,-0.129042,0.166159,7,drone1
1.3732,1.19184,1.57539,3.23487,-1.64381,4.19506,90.576,1.63941,-4.19678,-0.876005,1.97353,0,-10.6006,-0.0349901,0.0471437,7,drone1
1.35258,1.20076,1.5781,3.42348,-0.645532,3.90724,89.4396,0.644032,-3.90749,-0.957818,1.93732,0,-7.67789,0.0165461,0.278434,7,drone1
1.33254,1.20576,1.58425,3.66239,0.203687,3.59104,88.6146,-0.203287,-3.59106,-0.981203,1.92837,0,-7.29714,0.00924537,0.224528,7,drone1
1.31164,1.20163,1.59499,3.92718,0.70894,3.39511,87.8553,-0.707696,-3.39537,-0.970242,1.91575,0,-7.59177,0.0450868,0.229853,7,drone1
1.29461,1.18977,1.60762,4.10758,0.532267,2.77717,87.1119,-0.531642,-2.77729,-1.01317,1.8614,0,-5.44032,0.100644,0.277983,7,drone1
1.27871,1.1689,1.60665,4.31052,0.347704,1.61673,86.5831,-0.347565,-1.61676,-0.842537,1.90545,0,-9.4608,1.0241,0.0867093,7,drone1
1.26748,1.14127,1.6082,4.47183,-0.11925,-0.00393517,85.6414,0.11925,0.00393517,-1.01007,1.8189,0,-3.90664,-0.00180227,0.0310208,7,drone1
1.25065,1.11743,1.60279,4.48596,-0.0250991,-1.07668,85.2502,0.0250946,1.07668,-1.1031,1.76254,0,-0.6619,-0.0331824,-0.184143,7,drone1
1.23387,1.09528,1.58121,4.52061,0.292915,-1.91008,85.1917,-0.292753,1.91011,-1.01312,1.76216,0,-2.58408,0.0104828,-0.230069,7,drone1
1.21633,1.08002,1.56788,4.51457,0.582442,-1.98817,84.9427,-0.582091,1.98827,-0.99611,1.74377,0,-2.59041,0.0343484,-0.255967,7,drone1
1.19896,1.06964,1.55948,4.40979,0.943473,-1.21284,84.6821,-0.943261,1.21301,-0.982821,1.72479,0,-2.58406,0.0699297,-0.194858,7,drone1
1.1788,1.06479,1.55171,4.27525,1.35425,-0.398934,84.4123,-1.35422,0.399046,-1.04638,1.68685,0,-0.486572,0.102431,-0.128071,7,drone1
1.16202,1.06163,1.54487,4.10495,1.31838,0.324229,84.3441,-1.31836,-0.324315,-1.09244,1.64117,0,1.21527,0.0939497,-0.0798663,7,drone1
1.1468,1.05386,1.5353,3.83225,1.22061,0.643577,84.46,-1.22054,-0.643723,-1.09763,1.62234,0,1.29355,0.0438899,-0.045855,7,drone1
1.1429,1.03947,1.53789,3.50723,0.697185,0.46176,84.5976,-0.697162,-0.461795,-1.08109,1.61694,0,1.41272,0.00810266,-0.0334239,7,drone1
1.14443,1.02654,1.54253,3.23394,-0.762273,-0.116493,84.7429,0.762271,0.116503,-1.02265,1.61024,0,0.773981,-0.0510734,-0.102585,7,drone1
1.1465,1.02338,1.53671,2.99468,-2.07955,-1.11713,84.7822,2.07915,1.11787,-0.963259,1.63039,0,-0.835264,-0.114829,-0.130609,7,drone1
1.14342,1.0376,1.54471,2.70199,-2.88268,-1.18996,84.6775,2.88206,1.19146,-0.95252,1.63261,0,-1.49806,-0.143848,-0.130493,7,drone1
1.13323,1.05117,1.55531,2.37795,-3.03626,-1.08088,84.5291,3.03572,1.0824,-0.873831,1.66051,0,-5.2102,-0.115152,-0.152629,7,drone1
1.11302,1.07337,1.55269,1.99725,-2.49019,-1.07221,84.0184,2.48976,1.07322,-1.02258,1.56953,0,-0.69034,-0.115013,-0.100718,7,drone1
1.0841,1.10322,1.54314,1.59153,-1.23837,-0.187098,83.9903,1.23837,0.187141,-1.05809,1.52486,0,-0.531182,-0.0234091,-0.0202012,7,drone1
1.05722,1.1359,1.53273,1.27251,0.0564775,1.45743,83.9397,-0.0564593,-1.45743,-1.17411,1.47391,0,2.01268,-0.00352381,-0.0171565,7,drone1
1.03243,1.16623,1.51958,1.05036,1.19006,3.03805,84.0793,-1.18838,-3.0387,-1.21531,1.44392,0,2.44452,0.0893525,0.0869861,7,drone1
1.01177,1.19018,1.51668,0.804079,1.55473,3.88083,84.2819,-1.55116,-3.88225,-1.27031,1.41549,0,3.33801,0.12183,0.0942958,7,drone1
0.995447,1.19579,1.51763,0.535888,1.49206,3.85657,84.621,-1.48868,-3.85788,-1.38826,1.34232,0,6.62814,0.0368636,-0.00421789,7,drone1
0.979333,1.18358,1.51797,0.324235,1.1029,2.63699,85.3334,-1.10173,-2.63747,-1.33072,1.37493,0,5.35567,-0.0119777,0.0239316,7,drone1
0.965972,1.16309,1.51636,0.107788,0.649679,1.01173,85.9083,-0.649578,-1.01179,-1.40522,1.29485,0,7.99382,0.0250205,-0.00140855,7,drone1
0.9469,1.14469,1.52019,0.0343289,0.878523,-0.371401,86.7248,-0.878505,0.371445,-1.36453,1.30192,0,6.90236,0.0806338,0.0378401,7,drone1
0.928685,1.13796,1.52647,0.0548435,1.35316,-0.650005,87.4248,-1.35307,0.650186,-1.37022,1.29002,0,7.09718,-0.0206288,0.0372838,7,drone1
0.920749,1.1349,1.53261,0.122744,0.977757,-0.315479,88.1245,-0.977742,0.315525,-1.33153,1.31681,0,5.91309,-0.0748818,-0.0246781,7,drone1
0.917265,1.13379,1.5362,0.299996,0.21467,0.0660452,88.7103,-0.214669,-0.0660456,-1.24548,1.36772,0,3.30909,-0.00470222,0.0299143,7,drone1
0.90965,1.13366,1.54394,0.605351,-0.281373,0.266608,89.0428,0.28137,-0.266611,-1.30897,1.33291,0,5.08248,-0.0541405,0.0450309,7,drone1
0.903136,1.13457,1.5442,0.828571,-0.838308,0.487375,89.5569,0.838278,-0.487427,-1.32302,1.32657,0,5.4808,-0.0994615,0.026451,7,drone1
0.902219,1.13985,1.54207,0.981713,-1.33891,0.835243,90.1174,1.33877,-0.835472,-1.24176,1.37154,0,2.3735,-0.0321621,0.0608738,7,drone1
0.899453,1.1412,1.54745,1.21668,-1.84113,1.06785,90.3697,1.84081,-1.0684,-1.22043,1.39278,0,2.12136,-0.0964052,0.0372241,7,drone1
0.886054,1.13433,1.56442,1.56658,-1.92842,0.948143,90.5797,1.92815,-0.94868,-1.19349,1.39722,0,1.61618,-0.107105,-0.00433739,7,drone1
0.860781,1.13062,1.5765,1.83604,-1.25165,0.679405,90.7246,1.25156,-0.679568,-1.18601,1.38362,0,2.32698,-0.101819,0.0561661,7,drone1
0.830149,1.12542,1.57738,2.03215,-0.397923,0.386429,90.9454,0.397914,-0.386439,-1.0806,1.38319,0,-2.20204,-0.0208277,-0.0212699,7,drone1
0.794239,1.11483,1.57481,2.13958,0.5558,-0.296779,90.7254,-0.555792,0.296793,-1.1356,1.33333,0,0.308095,-0.0290872,0.0263795,7,drone1
0.756544,1.09881,1.57443,2.19754,1.72718,-1.05756,90.7854,-1.72689,1.05804,-1.00556,1.32743,0,-3.63872,0.0748745,-0.0827548,7,drone1
0.717809,1.08783,1.58395,2.32732,2.64581,-1.40746,90.4545,-2.64501,1.40896,-1.13267,1.24259,0,0.834607,0.0661884,-0.00525737,7,drone1
0.677254,1.0853,1.59319,2.31971,3.41297,-1.4258,90.5582,-3.41191,1.42834,-1.13874,1.20159,0,0.65651,0.103508,0.0152531,7,drone1
0.641619,1.09633,1.59843,2.37984,3.49212,-1.04131,90.6032,-3.49154,1.04325,-1.0628,1.19586,0,-2.0074,0.145933,0.00220241,7,drone1
0.625966,1.11601,1.60597,2.46022,2.26313,-0.344694,90.3521,-2.26309,0.344963,-1.06669,1.18165,0,-1.86952,0.096126,0.0652846,7,drone1
0.623683,1.13248,1.60096,2.57848,0.288651,0.32038,90.1495,-0.288646,-0.320384,-1.0986,1.17783,0,-1.93251,0.0358271,0.0847055,7,drone1
0.628341,1.14269,1.58394,2.79661,-1.45094,0.839172,89.9789,1.45078,-0.839441,-1.04185,1.20493,0,-3.86685,-0.0481853,0.011395,7,drone1
0.626068,1.14487,1.57074,3.00866,-2.02348,0.480973,89.5879,2.02341,-0.481273,-1.05821,1.18438,6.09286e-05,-3.48016,-0.0433335,0.0104021,7,drone1
0.623787,1.14226,1.56783,3.28726,-2.36962,0.0479972,89.2249,2.36962,-0.0480383,-1.06551,1.19552,0,-3.7221,-0.129633,-0.0560832,7,drone1
0.619041,1.12975,1.55777,3.47163,-2.27529,-0.94205,88.813,2.27498,0.942793,-1.18167,1.14409,0,-0.0270848,-0.0997901,-0.0756634,7,drone1
0.617323,1.11799,1.56013,3.73751,-2.26082,-2.01013,88.7583,2.25943,2.0117,-1.12452,1.16261,0,-1.65377,-0.0872923,-0.162145,7,drone1
0.612897,1.10914,1.57359,3.9343,-2.12717,-2.60535,88.5745,2.12497,2.60715,-1.12725,1.15364,0,-1.23259,-0.0607617,-0.177755,7,drone1
0.60325,1.10915,1.58236,4.04249,-1.52491,-2.19297,88.4882,1.52379,2.19375,-1.10093,1.15165,0,-1.90433,-0.0440785,-0.196596,7,drone1
0.580973,1.11678,1.59911,4.1204,-0.362868,-0.799948,88.35,0.362832,0.799964,-1.10636,1.12949,0,-1.83084,-0.028926,-0.10019,7,drone1
0.557491,1.13052,1.60656,4.2107,0.488438,0.186922,88.1701,-0.488435,-0.186929,-1.10656,1.10889,0,-2.03983,0.0306805,-0.0240816,7,drone1
0.536011,1.14919,1.60425,4.37237,0.864632,1.05275,87.9518,-0.864487,-1.05287,-1.16085,1.07925,0,-1.06311,0.0325763,0.0429039,7,drone1
0.519592,1.16983,1.60353,4.54397,0.665097,1.61611,87.8425,-0.664832,-1.61621,-1.1311,1.09286,0,-2.43361,0.0714691,0.0577791,7,drone1
0.511203,1.18451,1.6017,4.67378,-0.0872019,1.80045,87.6204,0.0871588,-1.80045,-1.17244,1.06257,0,-1.37424,-0.0620501,0.130647,7,drone1
0.494356,1.19105,1.604,4.72518,-0.389016,1.36298,87.4888,0.388905,-1.36301,-1.16822,1.04365,0,-1.28455,-0.113785,0.0694773,7,drone1
0.470151,1.19011,1.61138,4.71908,0.105851,0.54302,87.3493,-0.105847,-0.543021,-1.12669,1.03147,0,-2.55215,-0.048971,0.0329588,7,drone1
0.440934,1.18458,1.61105,4.69449,1.15841,-0.390248,87.103,-1.15839,0.390327,-1.1115,0.996506,0,-2.67483,0.0382835,-0.0244718,7,drone1
0.40903,1.18791,1.60555,4.74204,2.2024,-0.591208,86.8503,-2.20228,0.591645,-1.20786,0.929544,0,0.481261,0.166204,-0.0843251,7,drone1
0.371998,1.18689,1.60986,4.78048,3.47728,-0.335569,86.8995,-3.47722,0.336187,-1.18925,0.906505,0,-0.406805,0.279805,-0.0383156,7,drone1
0.346562,1.18382,1.60607,4.69378,3.56144,0.428775,86.8029,-3.56134,-0.429604,-1.18725,0.879969,0,-0.342896,0.27375,-1.43757e-05,7,drone1
0.32727,1.18416,1.59978,4.55067,3.37594,1.23658,86.7128,-3.37515,-1.23873,-1.18087,0.862387,0,-0.631654,0.249811,0.0953816,7,drone1
0.314404,1.1746,1.59332,4.42338,2.45234,1.50126,86.6529,-2.4515,-1.50263,-1.19584,0.825941,0,-0.114369,-0.136136,-0.296256,7,drone1
0.305559,1.15473,1.59206,4.32078,1.35346,0.683963,86.6665,-1.35336,-0.684154,-1.14822,0.835272,0,-0.754206,0.0973927,0.0384653,7,drone1
0.300359,1.13005,1.59037,4.16508,0.461977,-0.194565,86.608,-0.461974,0.194571,-1.12491,0.827337,0,-0.691537,0.0199556,-0.00972695,7,drone1
0.294952,1.10188,1.56972,3.95097,0.535427,-0.777015,86.5445,-0.535378,0.777049,-1.03542,0.834639,0,-2.24801,0.00789861,-0.107521,7,drone1
0.298454,1.07593,1.5553,3.70381,0.499295,-0.778162,86.319,-0.499249,0.778191,-1.0206,0.826922,0,-1.77091,0.00354287,-0.116859,7,drone1
0.305185,1.05428,1.5459,3.44261,-0.197095,-0.777118,86.1321,0.197077,0.777123,-1.07453,0.797413,0,1.62088,-0.0266344,-0.105533,7,drone1
0.310749,1.03142,1.54068,3.24213,-0.998727,-1.03483,86.2792,0.998564,1.03499,-1.02958,0.809755,0,0.307301,-0.0330122,-0.119066,7,drone1
0.315131,1.01239,1.52911,3.05078,-1.69281,-0.944342,86.3024,1.69258,0.944754,-1.02655,0.805601,0,1.06432,-0.0661205,-0.131308,7,drone1
0.319985,0.992914,1.53242,2.81679,-2.08096,-1.18203,86.3948,2.08051,1.18281,-1.0228,0.803954,0,1.84715,-0.0824778,-0.115785,7,drone1
0.320502,0.980111,1.54358,2.65324,-2.43048,-1.11526,86.5757,2.43002,1.11627,-1.02812,0.790069,0,2.71331,-0.126779,-0.0612686,7,drone1
0.306906,0.975006,1.54765,2.52345,-1.93682,-0.651805,86.8727,1.9367,0.652178,-1.02041,0.779301,0,2.53201,-0.0515774,-0.0116697,7,drone1
0.283508,0.972467,1.55769,2.54211,-0.773407,-0.229891,87.1449,0.773401,0.229912,-1.00981,0.765445,0,1.95383,-0.0232377,0.011917,7,drone1
0.258803,0.97401,1.57213,2.6017,0.622969,0.632137,87.3365,-0.622931,-0.632175,-1.02107,0.740721,0,2.34331,0.0297202,0.0702893,7,drone1
0.236988,0.970173,1.57782,2.64428,1.56218,1.24059,87.544,-1.56182,-1.24105,-0.993178,0.720213,0,1.63311,0.0595082,0.0361715,7,drone1
0.218905,0.9617,1.58095,2.66977,1.97238,1.24292,87.6985,-1.97192,-1.24365,-0.987152,0.719069,0,0.740779,0.118867,0.108734,7,drone1
0.217459,0.950121,1.5767,2.67582,1.46901,0.467017,87.8052,-1.46896,-0.46717,-0.98555,0.713781,0,0.667669,0.0965612,0.08604,7,drone1
0.225979,0.939381,1.56262,2.66192,0.544999,-0.02674,87.8854,-0.544999,0.0267412,-0.994832,0.719404,0,0.999863,0.0542696,0.0808827,7,drone1
0.23454,0.929061,1.54655,2.58595,-0.500848,-0.488429,87.9814,0.50083,0.488448,-0.973782,0.725948,0,0.377816,0.026478,0.0766575,7,drone1
0.239783,0.923879,1.53978,2.49634,-1.26836,-0.602948,88.0109,1.26829,0.603096,-0.89432,0.74474,0,-2.59808,-0.0288047,0.0187144,7,drone1
0.241028,0.919208,1.54753,2.38139,-2.04961,-0.442773,87.7486,2.04954,0.443056,-0.960573,0.723669,0,-0.232604,-0.0335494,0.0248196,7,drone1
0.235071,0.918887,1.54987,2.23168,-2.54352,-0.0941573,87.7366,2.54351,0.0942502,-0.956458,0.741377,0,-2.16413,0.14069,-0.956832,7,drone1
0.221723,0.91261,1.55107,2.19801,-2.28221,0.233572,87.513,2.28219,-0.233758,-0.903305,0.730013,0,-2.61454,-0.0115993,0.0494055,7,drone1
0.2009,0.896409,1.56067,2.10863,-1.45343,-0.385933,87.2324,1.45339,0.386058,-0.888426,0.70154,0,-2.41139,0.0161683,0.0516363,7,drone1
0.165417,0.878842,1.56237,1.966,0.509922,-1.05112,87.0103,-0.509836,1.05117,-0.868921,0.654363,0,-2.29447,0.0734128,0.0222683,7,drone1
0.121748,0.86088,1.55816,1.84502,3.14752,-1.40097,86.8484,-3.14658,1.40309,-0.730559,0.622989,0,-8.31395,0.0968464,0.0490282,7,drone1
0.0890919,0.851364,1.56552,1.81669,4.81327,-1.03463,86.027,-4.81249,1.03829,-0.787466,0.566529,0,-4.17063,0.143028,-0.026677,7,drone1
0.0717602,0.848938,1.57007,1.77675,4.75107,-0.334952,85.5504,-4.75099,0.336107,-0.801436,0.509981,0,-3.55946,0.149602,-0.0156157,7,drone1
0.0690695,0.844163,1.57301,1.73828,3.29628,0.237234,85.1527,-3.29625,-0.237627,-0.822245,0.518878,0,-0.861818,0.127419,-0.062883,7,drone1
0.0823773,0.840414,1.57249,1.78172,1.13621,0.574721,85.0676,-1.13615,-0.574834,-0.813842,0.51147,0,-0.554197,-0.638779,0.391743,7,drone1
0.102603,0.838696,1.57907,1.82187,-0.86251,0.971895,85.0003,0.862385,-0.972005,-0.772019,0.584301,0,-0.0419183,-0.135388,0.0669682,7,drone1
0.114722,0.832043,1.57976,1.84537,-1.36594,1.21124,84.9989,1.36563,-1.21158,-0.821354,0.563254,0,2.06714,-0.0889799,0.0280113,7,drone1
0.122123,0.819552,1.56957,1.90105,-1.15761,0.615357,85.1893,1.15754,-0.615482,-0.759523,0.598554,0,0.789665,-0.141364,0.0203237,7,drone1
0.123695,0.799707,1.55999,1.95157,-0.564021,-0.350269,85.2537,0.564011,0.350286,-0.837777,0.550152,0,3.44564,-0.01842,-0.0563473,7,drone1
0.125074,0.787363,1.57274,2.05901,-0.0635797,-0.435083,85.6013,0.0635779,0.435083,-0.748663,0.60076,0,1.94171,-0.0561925,-0.0593071,7,drone1
0.121553,0.774886,1.58661,2.11513,0.319171,-0.0383624,85.7963,-0.319171,0.038363,-0.680657,0.611558,0,0.505649,-0.0519479,-0.0657833,7,drone1
0.118362,0.764556,1.57985,2.08554,0.289305,0.312485,85.8458,-0.289301,-0.312489,-0.639259,0.632657,0,-1.24574,-0.0135801,-0.0255726,7,drone1
0.11928,0.757534,1.56748,1.98448,-0.206593,0.678495,85.7252,0.206579,-0.678499,-0.688582,0.611426,0,0.604583,0.000775599,-0.00477649,7,drone1
0.119909,0.754375,1.55857,1.83782,-0.390137,1.09221,85.7907,0.390066,-1.09224,-0.793717,0.582401,0,3.77734,0.0165532,0.0440124,7,drone1
0.12239,0.742058,1.55308,1.68149,-0.59528,1.10087,86.1724,0.59517,-1.10093,-0.667489,0.622081,0,-0.564913,0.0369279,0.0236332,7,drone1
0.116137,0.732339,1.54364,1.57945,-0.282164,1.32242,86.1108,0.282089,-1.32243,-0.703647,0.608523,0,0.616002,0.040435,0.0101948,7,drone1
0.108672,0.715408,1.54377,1.49239,-0.300814,1.11492,86.1719,0.300757,-1.11493,-0.709847,0.586852,0,1.4518,0.0600538,0.00641514,7,drone1
0.096291,0.694213,1.54891,1.43504,0.0374747,0.198796,86.3112,-0.0374745,-0.198796,-0.708473,0.58885,0,1.29795,0.00249548,-0.0539285,7,drone1
0.0761907,0.671045,1.55495,1.41495,0.88923,-0.693926,86.452,-0.889165,0.694009,-0.771317,0.526204,0,4.80346,0.0695618,-0.122602,7,drone1
0.0602912,0.655848,1.54982,1.3925,1.41123,-0.73447,86.9399,-1.41112,0.734693,-0.7493,0.509413,0,3.7822,0.0784674,-0.0835047,7,drone1
0.0486272,0.641289,1.53896,1.41606,1.85115,-0.619603,87.3202,-1.85104,0.619927,-0.630581,0.552368,0,-0.510554,0.057544,-0.016914,7,drone1
0.0544841,0.629547,1.53877,1.55333,1.35216,-0.51136,87.2609,-1.35211,0.511503,-0.736892,0.519274,0,3.78413,0.0350192,-0.0619001,7,drone1
0.0749265,0.624342,1.54371,1.62884,-0.0624332,0.0828419,87.6274,0.0624331,-0.0828419,-0.739964,0.538588,0,3.84652,-0.0168562,-0.0378906,7,drone1
0.100565,0.616049,1.55141,1.66339,-1.59381,0.503569,88.026,1.59375,-0.503764,-0.761341,0.550335,0,4.55558,-0.0592529,-0.0218866,7,drone1
0.11372,0.600729,1.54892,1.58212,-2.23766,0.266884,88.478,2.23764,-0.267087,-0.687783,0.58769,0,2.54417,-0.0941677,0.00309064,7,drone1
0.119537,0.581284,1.55063,1.37781,-2.14243,-0.539386,88.702,2.14234,0.539763,-0.646427,0.605159,0,2.02551,-0.0764731,-0.0303706,7,drone1
0.111317,0.56421,1.56015,1.22967,-1.75879,-1.50653,88.8786,1.75818,1.50724,-0.616233,0.598597,0,1.59344,-0.0584935,-0.0429177,7,drone1
0.103441,0.544008,1.56957,1.0919,-1.35777,-2.28999,89.0301,1.35669,2.29064,-0.585342,0.593293,0,1.14761,-0.0271127,-0.0629274,7,drone1
0.0939758,0.530156,1.57027,0.81811,-1.0307,-2.52965,89.1539,1.0297,2.53006,-0.569444,0.580059,0,1.20289,-0.0197278,-0.0529363,7,drone1
0.0830155,0.532563,1.56713,0.529959,-0.75354,-1.75353,89.2967,0.753187,1.75368,-0.571687,0.565733,0,1.30516,-0.0162786,-0.0255408,7,drone1
0.0680448,0.54499,1.56886,0.318881,-1.06959,-0.486898,89.4412,1.06955,0.486983,-0.566331,0.558487,0,0.125067,-0.0686706,0.00867617,7,drone1
0.0445463,0.560975,1.56313,0.15118,-0.723478,1.02004,89.4775,0.723364,-1.02012,-0.572335,0.526475,0,0.6428,-0.043623,-0.00766251,7,drone1
0.0193585,0.569717,1.56144,-0.0609329,0.513359,1.88369,89.5122,-0.513082,-1.88377,-0.54499,0.520884,0,-0.540054,-0.100844,-0.0235405,7,drone1
-0.000441555,0.565928,1.56657,-0.303799,1.33791,1.91317,89.4294,-1.33717,-1.91369,-0.513084,0.496665,0,-1.62148,-0.0239619,-0.0693399,7,drone1
-0.0122708,0.546244,1.57978,-0.604424,1.7527,0.732207,89.2893,-1.75255,-0.73255,-0.481205,0.482635,0,-1.61932,0.0627897,-0.0422178,7,drone1
-0.0231062,0.518892,1.58167,-0.95495,1.74083,-0.783988,89.1735,-1.74066,0.78435,-0.422917,0.473797,0,-2.28177,0.0588104,-0.0126641,7,drone1
-0.03521,0.49312,1.57694,-1.21694,1.61303,-2.10582,88.9807,-1.61194,2.10665,-0.505674,0.439839,0,1.80341,-0.00944785,0.0262503,7,drone1
-0.0414505,0.474416,1.57362,-1.41759,1.01394,-2.7324,89.1501,-1.01279,2.73283,-0.381852,0.454274,0,-2.39569,0.0276559,0.0776588,7,drone1
-0.0394188,0.461603,1.57665,-1.67869,-0.0740091,-2.76174,88.8585,0.0739231,2.76174,-0.388066,0.456561,0,-0.809945,0.0766768,0.0913304,7,drone1
-0.0311389,0.455785,1.57541,-1.97796,-1.22594,-2.41254,88.7286,1.22486,2.41309,-0.359253,0.476871,0,-1.28311,0.0474551,0.196112,7,drone1
-0.0196282,0.458871,1.56502,-2.19008,-2.18654,-1.70814,88.5851,2.18557,1.70938,-0.426678,0.473537,0,0.975866,0.0606317,0.0898466,7,drone1
-0.0177421,0.478776,1.56046,-2.30128,-2.32591,-0.206982,88.7401,2.32589,0.207153,-0.435527,0.482561,0,0.508788,0.0775661,0.0157605,7,drone1
-0.0194629,0.508118,1.55809,-2.30992,-2.10952,1.79645,88.8661,2.10848,-1.79767,-0.489449,0.469943,0,1.32928,0.0405408,-0.0451923,7,drone1
-0.035542,0.53178,1.55281,-2.33014,-0.945236,2.9851,88.9823,0.943953,-2.9855,-0.518754,0.450331,0,1.36522,0.00442735,-0.114109,7,drone1
-0.0586671,0.546132,1.53572,-2.3431,0.464641,2.99865,89.0457,-0.464005,-2.99875,-0.556128,0.417515,0,2.15777,-0.0467421,-0.126168,7,drone1
-0.0800167,0.554045,1.52899,-2.32106,1.62504,2.50656,89.2152,-1.62349,-2.50757,-0.588751,0.386812,0,2.85068,-0.0962555,-0.109947,7,drone1
-0.0912875,0.560492,1.5392,-2.29863,2.23594,2.46219,89.4756,-2.23387,-2.46406,-0.628773,0.361078,0,4.09323,-0.110545,-0.0842845,7,drone1
-0.0935884,0.553109,1.55622,-2.28441,2.3545,2.22095,89.89,-2.35273,-2.22283,-0.663642,0.350713,0,5.37287,-0.11257,-0.0795389,7,drone1
-0.0898144,0.534644,1.57145,-2.21448,1.60194,1.93289,90.4647,-1.60103,-1.93364,-0.531818,0.388919,0,0.575911,-0.0565149,-0.10317,7,drone1
-0.0814387,0.507738,1.59201,-2.17107,0.697142,1.07344,90.5645,-0.69702,-1.07352,-0.605603,0.397342,0,3.75324,-0.0408394,-0.0169906,7,drone1
-0.062886,0.48589,1.61274,-2.16585,-0.947501,0.22349,90.9566,0.947494,-0.22352,-0.567781,0.426752,0,3.30989,0.0249922,0.045564,7,drone1
-0.0519543,0.469214,1.61394,-2.19153,-2.16367,-0.318531,91.2719,2.16364,0.318758,-0.540729,0.423483,0,2.9348,0.0991062,0.0685922,7,drone1
-0.0501453,0.456305,1.59548,-2.30279,-3.1323,-0.301876,91.5611,3.13226,0.302328,-0.504164,0.436791,0,1.92137,0.148684,0.0416081,7,drone1
-0.0655275,0.442998,1.58181,-2.46378,-3.57421,-0.101063,91.7641,3.57421,0.10126,-0.45288,0.4248,0,1.5197,0.121042,-0.023728,7,drone1
-0.0968509,0.424383,1.57433,-2.59423,-2.84768,-0.367333,91.9046,2.84762,0.367787,-0.438367,0.389443,0,0.858445,0.0861319,-0.0198585,7,drone1
-0.139679,0.402543,1.56987,-2.64639,-0.689713,-0.863699,91.9988,0.689635,0.863762,-0.381511,0.346034,0,-0.165424,-0.0152153,-0.0228913,7,drone1
-0.184283,0.385635,1.55548,-2.69824,2.29051,-1.45826,92.0507,-2.28977,1.45943,-0.288576,0.319747,0,-3.80098,-0.192165,-0.0362098,7,drone1
-0.225396,0.366652,1.53313,-2.76961,4.95034,-1.82286,91.7697,-4.94783,1.82968,-0.194221,0.285314,0,-6.09589,-0.309158,-0.0261498,7,drone1
-0.25564,0.350705,1.51809,-2.92824,6.09968,-1.46515,91.158,-6.09768,1.47349,-0.114942,0.257274,0,-7.69125,-0.355318,-0.0545044,7,drone1
-0.266349,0.333757,1.51239,-3.13024,5.41137,-1.37831,90.362,-5.4098,1.38448,-0.0718355,0.250265,0,-7.75474,-0.30429,-0.0392667,7,drone1
-0.256572,0.320495,1.52341,-3.30396,3.22125,-1.26528,89.5266,-3.22047,1.26729,-0.0747681,0.260509,0,-6.33701,-0.177733,-0.0229602,7,drone1
-0.239619,0.308051,1.53397,-3.42623,0.841187,-1.38766,88.8418,-0.84094,1.38781,-0.118745,0.272455,0,-3.64866,-0.0309217,0.00480608,7,drone1
-0.220503,0.294686,1.54383,-3.65452,-1.01137,-1.55334,88.4292,1.011,1.55358,-0.166979,0.282972,0,-0.881553,0.093789,0.0309717,7,drone1
-0.207762,0.29112,1.56006,-3.91925,-1.6107,-0.90635,88.3424,1.6105,0.906708,-0.24425,0.28021,0,2.56004,0.130171,0.0129457,7,drone1
-0.200197,0.297462,1.56479,-4.06335,-1.60575,0.394564,88.6353,1.60571,-0.394719,-0.273084,0.282146,0,3.30918,0.130697,-0.0737472,7,drone1
-0.204791,0.307399,1.57234,-4.20012,-0.721193,1.75917,88.9776,0.720853,-1.75931,-0.307373,0.270439,0,4.08451,0.0687525,-0.172043,7,drone1
-0.210276,0.317007,1.57693,-4.33716,-0.19867,2.29997,89.3723,0.19851,-2.29998,-0.346469,0.254627,0,4.87152,0.0537812,-0.232616,7,drone1
-0.220198,0.322993,1.57366,-4.34387,0.166649,2.16713,89.8457,-0.16653,-2.16714,-0.331667,0.249774,0,3.52373,-0.0408161,-0.177624,7,drone1
-0.221348,0.324231,1.58506,-4.42118,-0.0307199,1.85304,90.2059,0.0307038,-1.85304,-0.398935,0.232379,0,6.08422,0.0386185,-0.214726,7,drone1
-0.219171,0.316091,1.58693,-4.44239,-0.0402289,1.10275,90.8145,0.0402215,-1.10275,-0.32133,0.255989,0,2.67868,-0.024688,-0.100713,7,drone1
-0.214616,0.307739,1.57338,-4.37686,0.29695,0.675664,91.0783,-0.29693,-0.675673,-0.408489,0.243003,0,6.47773,-0.0311417,-0.103297,7,drone1
-0.208728,0.295844,1.55738,-4.30274,0.28334,0.151716,91.7289,-0.283339,-0.151718,-0.411623,0.249911,0,6.3531,-0.0434882,-0.0727641,7,drone1
-0.208188,0.287684,1.54562,-4.19419,0.291055,0.123788,92.3644,-0.291054,-0.123789,-0.381912,0.261494,0,4.83727,-0.0492587,-0.0745549,7,drone1
-0.203395,0.284714,1.55444,-4.10455,-0.259132,0.628582,92.8517,0.259116,-0.628588,-0.34916,0.276854,0,3.30193,-0.00524427,-0.100178,7,drone1
-0.201083,0.27526,1.56228,-4.01727,-0.756951,0.795573,93.1897,0.756878,-0.795642,-0.268602,0.290303,0,-0.0732012,0.0175841,-0.0754756,7,drone1
-0.193985,0.255893,1.55941,-3.9445,-1.21804,0.173099,93.1722,1.21804,-0.173138,-0.318177,0.290538,0,2.80705,0.0446932,-0.0654995,7,drone1
-0.190325,0.233077,1.55548,-3.79838,-1.36323,-0.65653,93.4337,1.36314,0.656716,-0.30263,0.295404,0,2.54424,0.0231953,-0.0268072,7,drone1
-0.188136,0.210579,1.55543,-3.54804,-1.58608,-1.28797,93.6681,1.58568,1.28847,-0.235111,0.306522,0,0.333652,0.0184896,-0.0102689,7,drone1
-0.187102,0.194508,1.55148,-3.30493,-1.74974,-1.19226,93.7008,1.74936,1.19282,-0.168374,0.319016,0,-2.00615,0.0215872,-0.0235986,7,drone1
-0.190683,0.179198,1.55234,-3.12801,-1.782,-0.905465,93.5084,1.78178,0.905903,-0.115751,0.322634,0,-3.556,0.0203281,-0.0480952,7,drone1
-0.200665,0.159571,1.55045,-3.10818,-2.08162,-0.74321,93.1539,2.08144,0.7437,-0.139069,0.289795,0,-1.81548,0.0176773,-0.00621881,7,drone1
-0.214958,0.137511,1.55119,-3.10665,-2.31757,-0.563758,92.9765,2.31745,0.564219,-0.0400738,0.302276,0,-4.40953,0.169604,0.0403666,7,drone1
-0.234939,0.116825,1.56134,-3.12424,-2.22914,-0.636525,92.5333,2.22901,0.637007,-0.093577,0.252803,0,-1.13941,0.221558,0.0472976,7,drone1
-0.271689,0.103526,1.57378,-3.11658,-1.01851,-0.390936,92.435,1.01849,0.390998,0.0568783,0.26885,0,-6.39347,0.040969,0.120244,7,drone1
-0.31937,0.0992767,1.58522,-3.06893,0.465549,0.0947171,91.8017,-0.465549,-0.0947202,-0.0146117,0.194534,0,-2.92349,0.00536734,0.0454426,7,drone1
-0.371393,0.0984477,1.59378,-3.09951,1.9961,0.49416,91.4928,-1.99602,-0.49446,-0.018954,0.142081,0,-2.39906,-0.0851976,0.0202009,7,drone1
-0.411599,0.0920222,1.60403,-3.10126,2.9441,0.32305,91.2534,-2.94405,-0.323477,-0.0268644,0.100095,0,-1.47495,-0.143798,0.0260669,7,drone1
-0.442162,0.080726,1.60096,-3.14837,3.42613,-0.357502,91.1432,-3.42606,0.358142,-0.0345231,0.0654796,0,-0.38552,-0.176495,0.0571715,7,drone1
-0.463879,0.069467,1.58616,-3.2311,3.72211,-1.29356,91.1631,-3.72116,1.29629,-0.0435311,0.0383303,0,0.692171,-0.198934,0.102694,7,drone1
-0.467474,0.064275,1.57359,-3.249,3.3279,-1.31806,91.2283,-3.32702,1.32029,-0.0603142,0.0285732,0,1.68102,-0.178354,0.0977476,7,drone1
-0.450739,0.0642277,1.55754,-3.17119,1.81789,-0.69713,91.3431,-1.81776,0.697481,-0.0804899,0.0398643,0,2.41496,-0.0912286,0.0572011,7,drone1
-0.430021,0.0686592,1.54012,-2.9954,0.168293,0.360653,91.5617,-0.16829,-0.360655,-0.0999796,0.0569836,0,2.75937,1.43008e-05,-0.00212168,7,drone1
-0.414224,0.0758057,1.53992,-2.89194,-1.38682,1.61346,91.8777,1.38627,-1.61393,-0.116368,0.071033,0,2.87578,0.0784636,-0.0641101,7,drone1
-0.411937,0.0824775,1.54005,-2.91634,-1.91767,2.20789,92.2003,1.91625,-2.20913,-0.125402,0.0734557,0,2.76575,0.105821,-0.0934422,7,drone1
-0.418827,0.0867844,1.52972,-2.99043,-1.95906,2.50364,92.489,1.95719,-2.50511,-0.0657635,0.0710902,0,-0.99773,0.128196,-0.129619,7,drone1
-0.431493,0.0850578,1.51983,-3.12153,-1.56139,1.97932,92.3559,1.56046,-1.98005,-0.119691,0.0572906,0,2.38367,0.0926534,-0.0858763,7,drone1
-0.459669,0.0726964,1.51639,-3.25646,-0.346969,0.872146,92.5459,0.346929,-0.872162,-0.0521974,0.0301943,0,-0.846572,0.0362551,-0.0548583,7,drone1
-0.495695,0.0544036,1.52041,-3.40841,1.3125,-0.389927,92.4646,-1.31247,0.390029,-0.0798691,-0.00344877,0,2.02715,-0.070799,0.0403598,7,drone1
-0.531638,0.0354172,1.53032,-3.55498,2.83429,-1.16223,92.7161,-2.83371,1.16365,-0.0152449,-0.0416117,0,-0.653002,-0.168343,0.0583032,7,drone1
-0.55199,0.0218578,1.5375,-3.71356,3.29269,-1.33335,92.6676,-3.2918,1.33556,-0.0305397,-0.0539057,0,1.29215,-0.20732,0.0925172,7,drone1
-0.5529,0.00916627,1.53845,-3.87147,2.68261,-1.31088,92.7835,-2.68191,1.31231,-0.00844756,-0.0520838,0,0.805895,-0.177444,0.0876738,7,drone1
-0.54073,0.00312916,1.53238,-4.00759,1.6227,-1.05974,92.8351,-1.62242,1.06017,0.00502497,-0.0362998,0,0.437686,-0.110044,0.0762743,7,drone1
-0.519485,-0.00057632,1.52481,-4.10454,0.196339,-0.972881,92.8541,-0.196311,0.972887,0.0068003,0.00133686,0,0.662714,-0.00583372,0.093412,7,drone1
-0.487675,-0.00619144,1.51758,-4.24685,-1.40618,-0.96062,92.8942,1.40598,0.96091,0.0230999,0.0365147,0,0.100838,0.110801,0.0925724,7,drone1
-0.454195,-0.0173744,1.519,-4.35066,-2.87006,-0.86438,92.892,2.86973,0.865466,0.0436908,0.0737004,0,-0.399493,0.223277,0.0877955,7,drone1
-0.430867,-0.0309676,1.53295,-4.36346,-3.79819,-1.23755,92.8066,3.7973,1.24027,0.0496608,0.0848081,0,0.0889678,0.289113,0.0958127,7,drone1
-0.423884,-0.0382301,1.54526,-4.39337,-3.76195,-1.31646,92.8339,3.76095,1.31931,0.0599627,0.0918405,0,-0.0512209,0.281188,0.0936114,7,drone1
-0.435722,-0.0449178,1.54506,-4.42357,-2.6084,-1.27604,92.8323,2.60775,1.27736,0.0858652,0.0979858,0,-1.22844,0.201305,0.117155,7,drone1
-0.458782,-0.0449966,1.54708,-4.44901,-0.915437,-1.42345,92.7427,0.915155,1.42364,0.060083,0.0808611,0,-1.21696,0.238835,-0.686785,7,drone1
-0.48483,-0.039119,1.5553,-4.519,0.428677,-1.41772,92.6341,-0.428545,1.41776,0.0703021,0.0297152,0,-0.323273,-0.045721,0.0943651,7,drone1
-0.505467,-0.0324833,1.55204,-4.58707,1.23597,-1.3367,92.6184,-1.23564,1.33701,0.0507902,-0.0117992,0,0.544174,-0.121597,0.053388,7,drone1
-0.522328,-0.0247184,1.54075,-4.72317,1.84481,-1.2134,92.6846,-1.8444,1.21402,0.053638,-0.0088344,0,0.0533508,-0.166938,0.0771508,7,drone1
-0.536038,-0.012292,1.54802,-4.82216,2.21161,-0.93588,92.7008,-2.21132,0.936577,0.0406299,-0.028947,0,0.120057,-0.195983,0.0174777,7,drone1
-0.551029,0.00309525,1.55631,-4.80394,2.61182,-0.477621,92.7095,-2.61172,0.478118,0.0361076,-0.0241395,0,-0.460742,-0.220708,0.0207364,7,drone1
-0.56692,0.023743,1.55311,-4.87288,2.82768,-0.0822504,92.6407,-2.82768,0.0823506,0.00544002,-0.0605576,0,0.385389,-0.262963,-0.0635424,7,drone1
-0.560849,0.0392776,1.55028,-5.02305,2.09237,0.155914,92.678,-2.09236,-0.156018,-0.0136287,-0.0508617,0,0.648484,-0.197835,-0.0631867,7,drone1
-0.539475,0.0530306,1.54329,-5.14737,0.067716,0.842303,92.7508,-0.0677087,-0.842304,-0.0273723,-0.0323376,0,0.619691,-0.0152108,-0.135597,7,drone1
-0.522297,0.0661627,1.53495,-5.24679,-1.48925,1.42857,92.8524,1.48878,-1.42905,-0.041401,-0.0166736,0,0.698114,0.12819,-0.195785,7,drone1
-0.508792,0.0719242,1.53575,-5.19144,-2.45192,1.34248,92.9464,2.45125,-1.34371,-0.0492498,-0.00511309,0,0.691099,0.215676,-0.193842,7,drone1
-0.507123,0.077265,1.54589,-5.10246,-2.18831,1.16411,93.0083,2.18786,-1.16496,-0.0557145,-0.00454838,0,0.587089,0.189842,-0.182144,7,drone1
-0.523437,0.0800582,1.56749,-5.11973,-0.591847,0.762283,93.036,0.591795,-0.762324,-0.0588604,-0.0215785,0,0.561621,0.0489391,-0.153494,7,drone1
-0.552282,0.0809722,1.59064,-5.19967,1.6151,0.307751,93.0778,-1.61507,-0.307874,-0.0573017,-0.0421574,0,0.495482,-0.120726,-0.101493,7,drone1
-0.575347,0.0776337,1.60336,-5.31446,3.06711,-0.114392,93.1447,-3.0671,0.114556,-0.0551789,-0.0752347,0,0.638824,-0.272056,-0.0477035,7,drone1
-0.582275,0.0741288,1.59438,-5.35932,3.11099,-0.23136,93.2207,-3.11096,0.231702,-0.0522908,-0.0726789,0,0.758231,-0.26459,-0.0509385,7,drone1
-0.57253,0.0650821,1.59199,-5.33661,1.85078,-0.39478,93.3014,-1.85074,0.394986,-0.036553,-0.0771855,0,0.0933029,-0.15013,0.0342034,7,drone1
-0.555616,0.050094,1.58454,-5.21796,0.253507,-0.948523,93.3108,-0.253473,0.948532,-0.0292979,-0.0457074,0,0.586541,0.00632199,0.0134745,7,drone1
-0.536544,0.0327457,1.57613,-5.03597,-0.715645,-1.31752,93.3488,0.715456,1.31762,-0.00329244,-0.0410622,0,-0.470425,0.0814726,0.103112,7,drone1
-0.518067,0.0228903,1.56975,-4.80161,-1.48635,-1.19506,93.2854,1.48602,1.19546,0.00479418,-0.020943,0,-0.510656,0.138631,0.0882626,7,drone1
-0.508005,0.0152942,1.57274,-4.48828,-1.10853,-1.14462,93.2407,1.10831,1.14484,0.0146249,-0.0240385,0,-1.06453,0.0748903,0.132153,7,drone1
-0.491778,0.00749924,1.58721,-4.26408,-0.948274,-1.06283,93.1377,0.94811,1.06298,0.020616,0.00792019,0,-1.03037,0.0871534,0.0545931,7,drone1
-0.465755,-0.00146454,1.59282,-4.17192,-1.4183,-1.19234,93.0222,1.41799,1.1927,0.0308787,0.0355305,0,-1.17579,0.122075,0.0573596,7,drone1
-0.443964,-0.00444994,1.58273,-4.08992,-2.18915,-1.02429,92.8943,2.1888,1.02504,0.0328662,0.0582644,0,-1.03886,0.172473,0.0446848,7,drone1
-0.422615,-0.00432277,1.57184,-4.0124,-3.26686,-0.60221,92.7936,3.26668,0.60319,0.0319861,0.0919102,0,-0.85022,0.284069,-0.0358429,7,drone1
-0.413711,-0.00474172,1.57067,-3.96125,-3.87183,-0.394004,92.7116,3.87174,0.394906,0.0277855,0.0882311,0,-0.557059,0.282612,-0.00388642,7,drone1
-0.419094,-0.00109222,1.5733,-4.00979,-3.35642,-0.0738334,92.6715,3.35641,0.0739603,0.0200971,0.0819558,0,-0.114279,0.247388,-0.0276238,7,drone1
-0.439136,0.00650845,1.57888,-3.98571,-1.59543,0.0245846,92.6491,1.59543,-0.0245942,0.0114724,0.0715635,0,0.084464,0.170659,-0.0813447,7,drone1
-0.467028,0.0172374,1.58914,-3.96974,0.140923,0.468036,92.668,-0.140918,-0.468038,-0.000869975,0.0240795,0,-0.104166,-0.0435988,-0.0372393,7,drone1
-0.497479,0.0224195,1.60425,-3.87937,1.71845,0.574743,92.64,-1.71836,-0.575002,-0.00442902,0.0126059,0,0.0526358,-0.0533369,-0.121573,7,drone1
-0.528706,0.0225639,1.60411,-3.74314,3.07034,0.216297,92.6599,-3.07031,-0.216608,-0.00367913,-0.0253817,0,-0.376117,-0.205883,-0.0531884,7,drone1
-0.559843,0.0148317,1.58738,-3.62257,3.98558,-0.504468,92.6635,-3.98542,0.505691,-0.00121509,-0.0617198,0,-0.316566,-0.350136,0.0435171,7,drone1
-0.579512,0.00647959,1.57258,-3.48105,4.16839,-1.22726,92.6703,-4.16743,1.23052,0.00402749,-0.0823924,0,-0.162065,-0.360984,0.0789717,7,drone1
-0.58478,0.00298223,1.57108,-3.28302,3.49422,-1.30402,92.6202,-3.49331,1.30645,0.0101723,-0.0860259,0,-0.536909,-0.310858,0.0735308,7,drone1
-0.574821,0.00494617,1.56268,-3.26166,1.94784,-1.10165,92.5155,-1.94748,1.10228,0.0092645,-0.0752456,0,-0.567259,-0.225918,0.0580223,7,drone1
-0.55792,-0.000605307,1.55184,-3.34596,0.346326,-1.11868,92.4235,-0.34626,1.1187,0.0148839,-0.0579269,0,-0.421965,-0.140897,0.0575404,7,drone1
-0.535714,-0.0053153,1.55142,-3.44551,-1.07339,-0.896038,92.3551,1.07326,0.896195,0.0192152,-0.0353727,0,-0.262284,-0.0629702,0.0429547,7,drone1
-0.519253,-0.00464685,1.55272,-3.50268,-1.78381,-0.355537,92.3335,1.78378,0.355709,0.0179336,-0.0261365,0,-0.0546807,0.023095,-0.023688,7,drone1
-0.511559,-0.00137392,1.56158,-3.53646,-1.52422,0.364817,92.3479,1.52419,-0.364946,0.0137586,-0.0107799,0,-0.097723,-0.0512023,-0.0410997,7,drone1
-0.51059,0.00148292,1.56905,-3.67992,-0.776232,0.718885,92.3361,0.776171,-0.718951,0.0115625,-0.00889995,0,-0.0564513,-0.106004,-0.0694144,7,drone1
-0.513188,0.00020215,1.56147,-3.89625,-0.285806,0.685843,92.3159,0.285785,-0.685851,0.00967518,-0.0093509,0,0.403785,-0.152551,-0.0708186,7,drone1
-0.520046,-0.0077833,1.54297,-4.13607,0.13879,0.401859,92.3553,-0.138787,-0.40186,0.0119305,-0.014923,0,0.990418,-0.198888,-0.0555476,7,drone1
-0.522716,-0.0225684,1.5311,-4.36975,0.268004,-0.292647,92.4588,-0.268001,0.292651,0.0257706,-0.0202083,0,1.11813,-0.227121,-0.00938394,7,drone1
-0.515698,-0.0397019,1.52995,-4.49162,-0.381634,-0.595832,92.5676,0.381613,0.595846,0.0427176,-0.0157935,0,1.0888,-0.199427,0.012427,7,drone1
-0.505304,-0.0547761,1.53723,-4.67213,-0.996754,-0.861461,92.6672,0.996641,0.861591,0.0552174,-0.00641484,0,1.41628,-0.130977,0.00326545,7,drone1
-0.500346,-0.0651508,1.53084,-4.86049,-1.13649,-1.09308,92.8028,1.13628,1.0933,0.0594452,0.0036559,0,1.62078,-0.236397,0.0952223,7,drone1
-0.502835,-0.0811092,1.53456,-5.08942,-0.742957,-1.90202,92.9639,0.742548,1.90218,0.0724932,0.000127563,0,2.08691,-0.269657,0.138277,7,drone1
-0.511227,-0.0961069,1.5362,-5.27001,0.00631461,-2.93664,93.1997,-0.00630632,2.93664,0.0843988,-0.0117135,0,1.96747,-0.36031,0.230918,7,drone1
-0.523477,-0.0904195,1.52407,-5.46829,0.793268,-2.79286,93.4393,-0.792326,2.79313,0.0811517,-0.0257822,0,1.67697,-0.479559,0.223332,7,drone1
-0.535306,-0.0667945,1.52095,-5.67628,1.8289,-1.2499,93.6163,-1.82846,1.25054,0.0636129,-0.0429161,0,1.06685,-0.648567,0.120026,7,drone1
-0.544592,-0.0283217,1.53498,-5.79141,2.72768,1.14069,93.6474,-2.72714,-1.14198,0.0112257,-0.0480144,0,1.85671,-0.833222,-0.0759287,7,drone1
-0.54678,0.0176492,1.55393,-5.8509,2.84789,3.48533,93.7322,-2.84262,-3.48962,-0.0379996,-0.0478674,0,1.75292,-0.90482,-0.320332,7,drone1
-0.532314,0.0530629,1.55351,-5.91837,1.73907,4.97585,93.9546,-1.73252,-4.97814,-0.0720571,-0.0354448,0,1.33541,-0.859943,-0.484719,7,drone1
-0.508192,0.0749201,1.54406,-5.95299,0.174889,5.01218,94.2566,-0.17422,-5.0122,-0.0948903,-0.0142801,0,1.07402,-0.772847,-0.493721,7,drone1
-0.484323,0.0818743,1.53539,-5.92814,-1.19814,4.28009,94.5028,1.1948,-4.28102,-0.10587,0.00848341,0,0.99896,-0.713912,-0.415212,7,drone1
-0.464599,0.0762106,1.53626,-6.05639,-2.01878,2.79395,94.6416,2.01638,-2.79568,-0.107052,0.0295202,0,1.27604,-0.715936,-0.26078,7,drone1
-0.449758,0.0654821,1.54347,-6.21755,-2.4725,1.18848,94.7433,2.47196,-1.18959,-0.0983311,0.0489303,0,1.14127,-0.752382,-0.116246,7,drone1
-0.453193,0.0514195,1.55148,-6.2761,-1.88309,-0.486194,94.8132,1.88302,0.486457,-0.0875933,0.0447564,0,1.10447,-0.922168,0.065698,7,drone1
-0.466106,0.046659,1.54724,-6.37551,-0.713042,-0.884436,94.9622,0.712957,0.884504,-0.0887765,0.03041,0,1.24653,-1.15285,0.111772,7,drone1
-0.465836,0.0453026,1.53992,-6.50894,-0.31876,-0.356654,95.1413,0.318754,0.35666,-0.0928087,0.0298679,0,1.34814,-1.30015,0.0569697,7,drone1
-0.459219,0.0442335,1.54848,-6.69857,-0.366918,0.36315,95.3329,0.366911,-0.363157,-0.0961817,0.030981,0,1.40687,-1.39771,-0.00515181,7,drone1
-0.455479,0.0471205,1.55141,-6.91264,-0.357996,1.13403,95.536,0.357926,-1.13405,-0.103384,0.0354323,0,1.3952,-1.50127,-0.114389,7,drone1
-0.452531,0.0420325,1.55343,-7.03586,-0.407254,1.20824,95.7429,0.407163,-1.20827,-0.101579,0.0372504,0,1.16491,-1.60274,-0.132335,7,drone1
-0.456041,0.0292707,1.56893,-7.14825,-0.545545,0.888309,95.9414,0.54548,-0.888349,-0.0904899,0.0344343,0,1.03118,-1.71611,-0.0954563,7,drone1
-0.457605,0.0115161,1.58305,-7.13406,-0.66355,0.84574,96.1433,0.663478,-0.845796,-0.0990488,0.0295318,0,1.35745,-1.54294,-0.547997,7,drone1
-0.46416,-0.0103805,1.58213,-7.16774,-0.410741,0.545738,96.3505,0.410722,-0.545752,-0.0560953,0.0265694,0,0.337813,-1.98766,-0.0853697,7,drone1
-0.473858,-0.0328055,1.56918,-7.1874,-0.187215,-0.30963,96.5474,0.187212,0.309631,-0.0385803,0.0215769,0,0.249524,-2.16158,0.0285599,7,drone1
-0.48822,-0.0506887,1.56066,-7.09007,-0.019603,-1.45078,96.7656,0.0195967,1.45078,-0.0263348,0.00492823,0,0.746811,-2.10761,0.191674,7,drone1
-0.509939,-0.0658644,1.55752,-7.06971,0.806561,-2.12295,97.0202,-0.806008,2.12316,0.000411026,-0.0121299,0,-0.0711275,-2.08224,0.232889,7,drone1
-0.527398,-0.0645256,1.55657,-6.96518,1.6385,-1.73401,96.8303,-1.63775,1.73472,0.00178176,-0.0296913,0,0.0927433,-2.03844,0.177274,7,drone1
-0.544057,-0.0478568,1.55348,-6.73325,2.17919,-0.417104,97.0014,-2.17913,0.417406,-0.0126377,-0.0463032,0,-0.248268,-1.95639,-0.00175431,7,drone1
-0.558975,-0.0264256,1.54737,-6.59453,2.24392,1.04678,96.7473,-2.24354,-1.04758,-0.0313762,-0.0610335,0,-0.109501,-1.82572,-0.167916,7,drone1
-0.566145,-0.00226779,1.54272,-6.45882,1.97733,2.22474,96.5279,-1.97584,-2.22607,-0.0562773,-0.0699009,0,0.323634,-1.64985,-0.298092,7,drone1
-0.559731,0.00727576,1.5442,-6.27477,1.26966,2.35203,96.7234,-1.26859,-2.35261,-0.0568953,-0.060322,0,-0.54652,-1.49066,-0.297322,7,drone1
-0.542785,-0.000345301,1.53546,-6.02079,0.185125,1.6925,96.6086,-0.185044,-1.69251,-0.0400485,-0.0502802,0,-1.36726,-1.22745,-0.242159,7,drone1
-0.520935,-0.0149332,1.52824,-5.738,-0.970741,0.649864,96.44,0.970679,-0.649958,-0.0147329,-0.0300658,0,-1.62243,-1.04554,-0.124504,7,drone1
-0.508646,-0.0257238,1.52338,-5.6764,-1.19785,-0.2377,96.2307,1.19784,0.237752,-0.0123236,-0.0125641,0,-0.530109,-0.941327,-0.0141615,7,drone1
-0.498257,-0.0346403,1.5157,-5.64846,-1.03787,-0.786921,96.1133,1.03777,0.78705,0.000230263,-0.00082682,0,-0.48118,-0.873178,0.0377649,7,drone1
-0.481455,-0.0403164,1.51522,-5.53598,-1.42778,-0.87536,96.006,1.42761,0.875632,0.00916182,0.016359,0,-0.538688,-0.750849,0.0446134,7,drone1
-0.46352,-0.0433685,1.51399,-5.40387,-2.06045,-0.707997,95.9098,2.0603,0.708455,0.0140049,0.0339976,0,-0.516278,-0.611218,0.0291786,7,drone1
-0.447248,-0.0370179,1.51367,-5.32033,-2.72483,-0.108819,95.85,2.72483,0.108942,0.00795325,0.0501427,0,-0.419233,-0.467873,-0.0233184,7,drone1
-0.43674,-0.0299715,1.51029,-5.22932,-3.03926,0.463452,95.817,3.03916,-0.464105,0.00412023,0.0610854,0,-0.593972,-0.404881,-0.0521308,7,drone1
-0.433249,-0.0205458,1.50752,-5.21748,-2.89443,0.78991,95.7602,2.89416,-0.790919,-0.012001,0.0604109,0,-0.0104507,-0.409133,-0.0448092,7,drone1
-0.433816,-0.0167193,1.51578,-5.1874,-2.05219,0.713258,95.7047,2.05203,-0.713716,-0.00987902,0.0622796,0,-0.230926,-0.376081,-0.0747258,7,drone1
-0.436012,-0.0162242,1.53777,-5.20881,-1.36802,0.36474,95.6431,1.36799,-0.364844,-0.0125389,0.0580393,0,0.00856892,-0.419221,-0.0212614,7,drone1
-0.441121,-0.00966717,1.55131,-5.25766,-0.903933,0.24592,95.5963,0.903925,-0.245951,-0.0169498,0.0536645,0,0.0840656,-0.38326,-0.0353144,7,drone1
-0.446914,0.00387023,1.53645,-5.37203,-0.611529,0.709375,95.6394,0.611482,-0.709415,-0.0663957,0.0577174,0,2.67049,-0.406426,-0.0271856,7,drone1
-0.466649,0.0184304,1.52761,-5.48564,0.263209,1.35346,95.8957,-0.263135,-1.35347,-0.0618756,0.0340252,0,1.30632,-0.43051,-0.122916,7,drone1
-0.483604,0.0184085,1.52684,-5.58219,0.82638,1.47766,96.0188,-0.826105,-1.47781,-0.0499871,0.0115218,0,0.148272,-0.404462,-0.159504,7,drone1
-0.501769,0.00794618,1.52869,-5.68436,1.27838,0.830446,96.0675,-1.27825,-0.830653,-0.0355648,-0.00867259,0,0.223596,-0.471459,-0.0916618,7,drone1
-0.527392,-0.00106494,1.53664,-5.80824,2.56191,0.1728,96.1313,-2.5619,-0.172973,-0.0267757,-0.0346643,0,0.294413,-0.58202,-0.0359757,7,drone1
-0.546335,-0.00974468,1.54377,-5.90551,3.2999,-0.283773,96.2207,-3.29986,0.284244,-0.0183518,-0.0540851,0,0.308865,-0.658741,0.0134625,7,drone1
-0.556895,-0.0169334,1.55305,-6.08854,2.96264,-0.372969,96.2964,-2.96257,0.373469,-0.0107507,-0.0648211,0,0.436538,-0.61459,0.0219756,7,drone1
-0.560525,-0.0313768,1.55542,-6.319,2.10504,-0.740677,96.3797,-2.10486,0.741177,0.0149962,-0.065998,0,0.057578,-0.524834,0.0538718,7,drone1
-0.559904,-0.0523129,1.56001,-6.60948,0.968498,-1.29426,96.4275,-0.968251,1.29445,0.0440907,-0.0622943,0,-0.203416,-0.401038,0.123922,7,drone1
-0.557478,-0.0792464,1.56922,-6.92277,0.155871,-2.08899,96.3646,-0.155767,2.08899,0.0656887,-0.0595077,0,0.317427,-0.282081,0.237923,7,drone1
-0.555409,-0.102625,1.57907,-7.30474,-0.411698,-2.51885,96.3895,0.4113,2.51891,0.0660779,-0.0372384,0,0.197631,-0.540144,1.11723,7,drone1
-0.557024,-0.123572,1.5848,-7.69964,-0.357867,-2.86202,96.5153,0.35742,2.86207,0.108214,-0.0615956,0,1.2386,-0.220331,0.387674,7,drone1
-0.558885,-0.125009,1.58379,-8.10393,-0.0702762,-2.45556,96.6617,0.0702116,2.45557,0.0997792,-0.0686229,0,1.90766,-0.22621,0.341586,7,drone1
-0.563774,-0.113705,1.58285,-8.46388,0.395198,-1.16899,96.8678,-0.395116,1.16902,0.0835163,-0.0761821,0,2.69987,-0.304316,0.156403,7,drone1
-0.56964,-0.0964989,1.59523,-8.7864,0.892667,-0.118843,97.1337,-0.892665,0.118858,0.073456,-0.0794737,0,2.15624,-0.375732,-0.00490521,7,drone1
-0.570255,-0.076004,1.59994,-8.96914,1.56524,0.692262,97.3318,-1.56513,-0.69252,0.0381602,-0.0746615,0,2.05088,-0.126981,-1.5867,7,drone1
-0.566293,-0.0568077,1.59088,-9.11956,1.96373,1.65695,97.5537,-1.96291,-1.65792,0.0419642,-0.0673461,0,1.30157,-0.551394,-0.287053,7,drone1
-0.55376,-0.0400821,1.5854,-9.30358,1.85878,1.926,97.6924,-1.85773,-1.92701,0.00730557,-0.0485937,0,1.95177,-0.488607,-0.367968,7,drone1
-0.53744,-0.0272379,1.59484,-9.45154,1.19094,1.73078,97.9236,-1.1904,-1.73116,0.00619986,-0.0270819,0,1.64241,-0.441869,-0.313565,7,drone1
-0.519001,-0.0254963,1.59903,-9.68162,0.308849,1.03566,98.127,-0.308799,-1.03568,0.00458609,-0.0216064,0,1.84044,-0.318423,-0.191248,7,drone1
-0.502381,-0.0226843,1.5943,-9.94919,-0.86773,0.579638,98.3292,0.867686,-0.579704,0.000842591,-0.00972756,0,2.01615,-0.128159,-0.106018,7,drone1
-0.491994,-0.020543,1.5975,-10.1973,-1.90475,0.581599,98.5421,1.90465,-0.58192,0.000837369,3.68188e-05,0,2.00275,0.0573495,-0.120619,7,drone1
-0.48513,-0.019183,1.59236,-10.3542,-2.20657,0.662232,98.7489,2.20643,-0.662723,-0.00279275,0.00646488,0,2.0245,0.100946,-0.117441,7,drone1
-0.478726,-0.0277326,1.57966,-10.4235,-1.81516,-0.00311809,98.9264,1.81516,0.00311965,0.00877084,0.0152258,0,1.57105,-0.00096794,0.0191011,7,drone1
-0.476767,-0.0443482,1.5641,-10.4697,-1.15609,-1.1743,99.0599,1.15585,1.17454,0.0217472,0.0158796,0,1.62651,-0.12347,0.197542,7,drone1
-0.481317,-0.0551566,1.55208,-10.4625,-0.459278,-1.99666,99.2319,0.458999,1.99672,0.0257244,0.00936258,0,1.72634,-0.32467,0.386534,7,drone1
-0.491942,-0.0618961,1.54784,-10.6215,0.508096,-2.06319,99.4459,-0.507766,2.06327,0.0306918,-0.00185183,0,1.8569,-0.482604,0.382841,7,drone1
-0.503807,-0.0710433,1.54121,-10.8581,1.11951,-1.83933,99.659,-1.11893,1.83968,0.0364495,-0.0147328,0,2.00584,-0.65527,0.360173,7,drone1
-0.514084,-0.0793014,1.53892,-11.0686,1.17019,-1.68733,99.8714,-1.16968,1.68768,0.0454638,-0.0243082,0,2.01139,-0.644974,0.320258,7,drone1
-0.520679,-0.0774873,1.53657,-11.2988,1.03945,-1.22485,100.073,-1.03921,1.22505,0.0406829,-0.0283058,0,2.25753,-0.683221,0.260817,7,drone1
-0.524563,-0.0672564,1.53786,-11.5234,1.06972,-0.31611,100.294,-1.06971,0.316166,0.0242261,-0.0324987,0,2.46354,-0.724285,0.0825136,7,drone1
-0.526903,-0.0507675,1.55229,-11.7209,0.900264,0.794801,100.532,-0.900178,-0.794899,0.0143155,-0.0360646,0,1.97979,-0.660369,-0.153277,7,drone1
-0.521202,-0.0389848,1.55824,-12.057,0.411797,1.80043,100.741,-0.411594,-1.80047,0.00348609,-0.0297616,0,2.09016,-0.533864,-0.363185,7,drone1
-0.513511,-0.0356573,1.55416,-12.3315,-0.63746,1.78616,100.993,0.637151,-1.78627,-0.000870288,-0.0222518,0,2.14582,-0.366832,-0.347225,7,drone1
-0.507615,-0.0363485,1.54956,-12.5117,-1.321,1.14668,101.22,1.32073,-1.14698,-0.000538272,-0.0168943,0,2.10662,-0.252199,-0.201416,7,drone1
-0.499976,-0.031987,1.55518,-12.573,-1.65706,0.72897,101.428,1.65692,-0.729275,-0.00476042,-0.00990726,0,1.95452,-0.181254,-0.100269,7,drone1
-0.490919,-0.0291621,1.56652,-12.6105,-1.46563,0.481802,101.615,1.46558,-0.481959,-0.0098567,-0.000918261,0,1.79688,-0.285802,-0.0567881,7,drone1
-0.486037,-0.0353034,1.56796,-12.6482,-1.12917,0.279816,101.791,1.12915,-0.27987,-0.00504024,0.00394875,0,1.65439,-0.393241,-0.0206833,7,drone1
-0.484921,-0.0429284,1.56414,-12.6958,-0.727043,0.12283,101.957,0.727041,-0.12284,0.000350742,0.00551951,0,1.53329,-0.545315,-0.00991201,7,drone1
-0.496167,-0.053816,1.5615,-12.6705,0.188827,-0.401692,102.119,-0.188822,0.401694,0.0112362,-0.00693594,0,1.34645,-0.736386,0.113803,7,drone1
-0.514474,-0.0769356,1.55323,-12.7008,1.33667,-2.00157,102.318,-1.33586,2.00211,0.0321679,-0.0264773,0,1.21349,-1.06311,0.440516,7,drone1
-0.524654,-0.102427,1.54608,-12.7858,1.53138,-3.58632,102.534,-1.52838,3.58759,0.0182295,-0.0305903,0,3.41284,-1.2123,0.745527,7,drone1
-0.524009,-0.112984,1.56161,-12.8252,1.08619,-3.70788,102.878,-1.08391,3.70855,0.0531077,-0.0327667,0,1.40243,-1.18291,0.817343,7,drone1
-0.514613,-0.117637,1.58169,-12.8486,-0.0504393,-2.86108,103.005,0.0503764,2.86109,0.0618939,-0.0263939,0,0.931368,-0.953624,0.655426,7,drone1
-0.508852,-0.118029,1.58847,-13.0048,-0.746202,-2.39425,103.125,0.745551,2.39445,0.0648463,-0.0203073,0,0.770537,-0.846119,0.574827,7,drone1
-0.494956,-0.103559,1.58166,-13.2565,-1.31756,-1.1091,103.258,1.31731,1.10939,0.0524471,-0.00649402,0,0.745362,-0.732855,0.302143,7,drone1
-0.476479,-0.0843235,1.56795,-13.4509,-2.04607,0.494468,103.41,2.04599,-0.494783,0.044814,0.0261992,0,1.17239,-0.537809,-0.247723,7,drone1
-0.46541,-0.0639343,1.55695,-13.6073,-2.10405,1.83269,103.591,2.10297,-1.83393,0.0143368,0.0291745,0,0.850158,-0.553264,-0.351806,7,drone1
-0.459027,-0.0544696,1.5452,-13.7591,-2.05289,2.0081,103.704,2.05163,-2.00938,-0.00102354,0.0305606,0,1.0811,-0.604176,-0.415317,7,drone1
-0.458468,-0.0478047,1.54697,-13.8487,-1.7125,1.70415,103.813,1.71174,-1.70491,-0.0118933,0.0311461,0,1.10066,-0.746223,-0.350251,7,drone1
-0.455851,-0.0434713,1.56224,-14.0117,-1.52418,0.864628,103.923,1.524,-0.864934,-0.018964,0.0353228,0,0.96409,-0.954841,-0.191164,7,drone1
-0.455111,-0.0420809,1.57156,-14.2437,-1.35642,0.0250823,104.038,1.35642,-0.0250893,-0.0233307,0.0363974,0,1.01335,-1.11962,-0.0142739,7,drone1
-0.467137,-0.0350287,1.57485,-14.4135,-0.902353,-0.461481,104.181,0.902323,0.461539,-0.0329545,0.0239735,0,1.02086,-1.31891,0.0971118,7,drone1
-0.488874,-0.0240249,1.57199,-14.4134,0.237534,-0.223094,104.356,-0.237532,0.223096,-0.0488337,0.00107567,0,0.852495,-1.72754,0.0498046,7,drone1
-0.509107,-0.0271246,1.57109,-14.392,1.11099,-0.26226,104.553,-1.11098,0.26231,-0.0493408,-0.0193898,0,0.634866,-2.03754,0.0404108,7,drone1
-0.5299,-0.0361537,1.58481,-14.3518,1.65109,-0.530073,104.777,-1.65102,0.530294,-0.0437053,-0.0401219,0,0.377164,-2.27,0.07823,7,drone1
-0.543131,-0.0470991,1.59361,-14.3571,1.71199,-1.05829,105.023,-1.7117,1.05876,-0.036033,-0.0536266,0,0.15015,-2.39914,0.196556,7,drone1
-0.553351,-0.0544918,1.60309,-14.4061,1.33221,-1.15572,105.26,-1.33194,1.15603,-0.0317507,-0.0638549,0,-0.040309,-2.41203,0.225155,7,drone1
-0.562547,-0.0540824,1.61345,-14.4752,1.09778,-0.55252,105.486,-1.09773,0.552621,-0.0355406,-0.0724827,0,-0.210755,-2.44211,0.075326,7,drone1
-0.576185,-0.054506,1.613,-14.6153,1.42251,-0.445707,105.241,-1.42246,0.445845,-0.0305122,-0.0539064,0,-0.351087,-2.02518,-0.0592753,7,drone1
-0.582018,-0.0594464,1.60175,-14.7536,1.49127,-0.697806,105.042,-1.49116,0.698042,-0.0286141,-0.0940665,0,0.390885,-2.52928,0.114764,7,drone1
-0.587854,-0.0631193,1.5921,-14.9443,1.64991,-0.793969,105.303,-1.64975,0.794298,-0.02381,-0.100078,0,0.423241,-2.45055,0.146207,7,drone1
-0.597082,-0.0680346,1.59878,-15.2467,2.28065,-1.13941,105.575,-2.2802,1.14032,-0.0148473,-0.110636,0,0.555545,-2.53737,0.211729,7,drone1
-0.603885,-0.074155,1.60029,-15.547,2.60425,-1.32255,105.85,-2.60355,1.32391,-0.00132326,-0.1129,0,0.278291,-2.56061,0.223625,7,drone1
-0.612814,-0.076185,1.60107,-15.776,2.725,-1.35995,106.113,-2.72423,1.36149,0.0058129,-0.120677,0,0.0737718,-2.49069,0.238948,7,drone1
-0.605464,-0.0799058,1.59311,-15.9185,2.33851,-1.14962,106.346,-2.33804,1.15057,0.0134267,-0.111231,0,-0.205045,-2.3045,0.180734,7,drone1
-0.578953,-0.0796706,1.58003,-16.1901,0.652355,-0.210908,106.069,-0.65235,0.210921,0.0239072,-0.089119,0,0.217557,-1.71065,0.036699,7,drone1
-0.550312,-0.0776207,1.57266,-16.4895,-0.912366,0.758293,106.251,0.912286,-0.758389,0.0178756,-0.0607035,0,0.680765,-1.15065,-0.189677,7,drone1
-0.535135,-0.0707057,1.5707,-16.6864,-1.43059,1.15234,106.403,1.4303,-1.1527,-0.0171792,-0.0490443,0,2.47526,-0.880028,-0.222179,7,drone1
-0.529147,-0.0624369,1.5722,-16.7899,-1.31557,1.50165,106.672,1.31512,-1.50205,-0.0127833,-0.0427296,0,2.0485,-0.851535,-0.374608,7,drone1
-0.519826,-0.0595613,1.57416,-16.9288,-1.21398,1.4815,106.895,1.21358,-1.48183,-0.00401464,-0.0262175,0,1.26458,-0.820973,-0.383526,7,drone1
-0.518759,-0.0661088,1.5746,-17.0177,-0.983729,0.633304,107.03,0.983669,-0.633397,0.0114327,-0.0271339,0,0.699835,-0.87002,-0.163078,7,drone1
-0.532023,-0.0774948,1.57272,-17.0549,0.222179,-0.448033,107.134,-0.222172,0.448037,0.0244716,-0.0406955,0,0.51166,-1.21736,0.0950635,7,drone1
-0.544309,-0.0859187,1.5812,-17.1366,1.02256,-1.23642,107.286,-1.02232,1.23662,0.0297955,-0.0514933,0,0.601234,-1.44171,0.285973,7,drone1
-0.552808,-0.0875513,1.5889,-17.3103,1.16848,-1.06053,107.445,-1.16828,1.06075,0.0322397,-0.0593283,0,0.588594,-1.43705,0.226521,7,drone1
-0.560263,-0.0931113,1.59247,-17.4074,0.943199,-1.07871,107.598,-0.943032,1.07886,0.038493,-0.0675377,0,0.577543,-1.33136,0.244416,7,drone1
-0.569008,-0.0921687,1.59717,-17.6203,0.865346,-0.905551,107.74,-0.865237,0.905654,0.0379929,-0.077222,0,0.737292,-1.26889,0.201469,7,drone1
-0.580633,-0.0915587,1.60445,-17.9036,1.2767,-1.08237,107.899,-1.27648,1.08264,0.0377836,-0.0898215,0,0.881871,-1.3934,0.258592,7,drone1
-0.592254,-0.0912185,1.61457,-18.1176,1.63953,-0.977717,108.07,-1.63929,0.978117,0.038331,-0.100159,0,0.953218,-1.45521,0.180866,7,drone1
-0.605806,-0.0903954,1.62635,-18.2212,1.83169,-0.863369,108.244,-1.83148,0.86381,0.0383542,-0.115202,0,0.835872,-1.51808,0.169349,7,drone1
-0.617955,-0.0940462,1.62675,-18.3161,2.25814,-1.14891,108.436,-2.25769,1.14981,0.0418152,-0.128281,0,0.741657,-1.66548,0.253614,7,drone1
-0.624801,-0.0978734,1.62117,-18.3812,2.40696,-1.00666,108.617,-2.40659,1.00755,0.0445754,-0.133565,0,0.679643,-1.67765,0.170782,7,drone1
-0.620192,-0.0944908,1.61063,-18.4287,1.67439,-0.309939,108.765,-1.67437,0.310072,0.0441025,-0.130913,0,0.455294,-1.41411,0.0241409,7,drone1
-0.612931,-0.0970592,1.60359,-18.4278,0.700831,0.231213,108.902,-0.700825,-0.23123,0.0466339,-0.122744,0,0.344343,-1.07369,-0.106858,7,drone1
-0.608241,-0.107345,1.59107,-18.3928,-0.138332,-0.135555,109.018,0.138332,0.135555,0.0584676,-0.11888,0,0.182625,-0.807331,0.0490489,7,drone1
-0.614531,-0.117929,1.58087,-18.2697,0.113917,-0.738092,109.102,-0.113907,0.738093,0.0684188,-0.126178,0,-0.0280372,-0.913892,0.22025,7,drone1
-0.625361,-0.129288,1.5793,-18.2974,0.654395,-1.327,109.022,-0.65422,1.32709,0.079599,-0.137353,0,0.0930821,-1.09951,0.372338,7,drone1
-0.640497,-0.137165,1.58483,-18.3327,1.52515,-1.81423,109.171,-1.52438,1.81487,0.0869647,-0.153441,0,-0.0133741,-1.38634,0.481845,7,drone1
-0.654422,-0.141675,1.59767,-18.3611,2.26133,-1.86591,109.344,-2.26013,1.86736,0.08947,-0.167469,0,-0.139501,-1.64926,0.455126,7,drone1
-0.66222,-0.146003,1.61336,-18.375,2.51379,-1.4853,109.163,-2.51294,1.48673,0.0941496,-0.174479,0,0.0453825,-1.71148,0.325755,7,drone1
-0.665358,-0.138941,1.62671,-18.3848,2.43275,-0.74405,109.304,-2.43254,0.744721,0.0867013,-0.177043,0,-0.115384,-1.6535,0.0913095,7,drone1
-0.6613,-0.131631,1.63651,-18.2633,1.81791,0.0440474,109.105,-1.81791,-0.0440696,0.0796893,-0.17226,0,-0.0592373,-1.43048,-0.117488,7,drone1
-0.654273,-0.127484,1.6357,-18.1833,1.08973,0.39021,108.955,-1.0897,-0.39028,0.0760213,-0.164931,0,0.00898925,-1.19757,-0.182876,7,drone1
-0.642952,-0.138238,1.62918,-18.1588,-0.0593689,-0.275538,109.084,0.0593682,0.275538,0.0868136,-0.154668,0,-0.133451,-0.893804,0.0847117,7,drone1
-0.625973,-0.148263,1.61728,-18.1704,-0.831381,-0.998746,108.979,0.831255,0.998851,0.0972788,-0.138464,0,-0.036691,-0.713513,0.353621,7,drone1
-0.606964,-0.153668,1.61055,-18.2123,-1.5446,-1.09578,108.884,1.54432,1.09618,0.103246,-0.12006,0,0.0791544,-0.514388,0.44074,7,drone1
-0.599056,-0.157269,1.5998,-18.2016,-1.26026,-1.01829,108.959,1.26006,1.01854,0.107841,-0.113256,0,-0.190651,-0.629044,0.379884,7,drone1
-0.602103,-0.148575,1.60074,-18.1987,-0.291786,-0.636272,108.902,0.291768,0.63628,0.0978532,-0.115109,0,-0.107337,-0.942063,0.212534,7,drone1
-0.605368,-0.132358,1.60304,-18.2974,0.610502,-0.146621,108.81,-0.6105,0.14663,0.0800453,-0.115612,0,0.118515,-1.23285,0.0155234,7,drone1
-0.611454,-0.108047,1.60326,-18.4155,1.53867,0.41398,108.921,-1.53863,-0.414129,0.0656364,-0.11646,0,-0.668329,-1.49532,-0.207925,7,drone1
-0.615244,-0.076464,1.61249,-18.4884,2.32142,1.47652,108.708,-2.32065,-1.47773,0.0230191,-0.121313,0,0.183341,-1.7445,-0.601647,7,drone1
-0.61615,-0.0493489,1.62482,-18.5343,3.00484,2.14068,108.841,-3.00274,-2.14362,-0.0108215,-0.118542,0,-0.108345,-2.0148,-0.89371,7,drone1
-0.612102,-0.0266951,1.63492,-18.6221,3.05132,2.472,109.042,-3.04848,-2.4755,-0.0345912,-0.115778,0,-0.0822693,-2.03406,-0.975782,7,drone1
-0.599221,-0.0111458,1.62246,-18.7254,2.1181,2.50683,109.306,-2.11607,-2.50854,-0.0632099,-0.0780766,0,-0.440224,-1.75275,-0.995167,7,drone1
-0.588706,-0.00323133,1.60353,-18.8711,1.00113,2.14385,109.156,-1.00043,-2.14418,-0.0383505,-0.0898512,0,-1.34254,-1.5655,-0.823507,7,drone1
-0.573948,0.00184336,1.58432,-19.0402,0.0192678,1.53547,108.971,-0.0192609,-1.53547,-0.0627783,-0.0700245,0,-0.179388,-1.44542,-0.402072,7,drone1
-0.564622,0.00722739,1.57121,-19.1674,-0.340213,1.35557,108.829,0.340117,-1.35559,-0.0656706,-0.0733519,0,0.356098,-1.35457,-0.44256,7,drone1
-0.563948,0.00931474,1.55729,-19.3155,-0.0513066,1.01382,108.969,0.0512986,-1.01382,-0.0747828,-0.0622431,0,0.169486,-1.52208,-0.364356,7,drone1
-0.566686,0.0152732,1.54185,-19.4707,0.45159,0.648225,109.12,-0.451561,-0.648246,-0.0840184,-0.0717632,0,0.432203,-1.78742,-0.253268,7,drone1
-0.577428,0.0315127,1.54027,-19.6573,1.69628,1.31218,109.272,-1.69584,-1.31276,-0.104821,-0.0812024,0,0.595326,-2.24688,-0.531399,7,drone1
-0.591859,0.042513,1.54837,-19.8382,2.73282,1.66005,109.47,-2.73167,-1.66194,-0.12312,-0.0991522,0,1.00535,-2.68492,-0.716489,7,drone1
-0.601282,0.052482,1.55717,-20.1105,2.82504,1.70641,109.762,-2.82378,-1.70849,-0.136229,-0.108803,0,1.01299,-2.8112,-0.748547,7,drone1
-0.602991,0.0535142,1.55939,-20.3182,2.3297,1.47861,110.094,-2.32892,-1.47983,-0.13112,-0.0858286,0,0.725602,-2.92662,-0.517451,7,drone1
-0.604892,0.0473463,1.56471,-20.401,1.86265,1.10431,110.425,-1.86231,-1.10489,-0.132092,-0.111047,0,0.414041,-2.71841,-0.518739,7,drone1
-0.605165,0.0422786,1.57107,-20.5362,1.49641,0.814987,110.719,-1.49626,-0.815265,-0.133995,-0.106981,0,0.184539,-2.66342,-0.351902,7,drone1
-0.607871,0.0322603,1.57884,-20.795,1.17353,0.464122,111,-1.17349,-0.46422,-0.126066,-0.116009,0,0.690785,-2.49069,-0.221347,7,drone1
-0.612999,0.032601,1.58532,-21.1585,1.50128,0.357299,111.26,-1.50125,-0.357421,-0.117987,-0.119252,0,0.522761,-2.51842,-0.251985,7,drone1
-0.615014,0.0274028,1.57924,-21.4116,1.10468,-0.198237,111.532,-1.10467,0.198273,-0.109485,-0.124115,0,0.674821,-2.33536,-0.0239917,7,drone1
-0.614555,0.0177567,1.57521,-21.5879,0.811421,-0.691021,111.781,-0.811362,0.69109,-0.0961857,-0.124449,0,0.6005,-2.15241,0.18388,7,drone1
-0.615505,0.00218412,1.57505,-21.7443,0.730609,-1.15294,112.01,-0.730461,1.15304,-0.0781546,-0.124803,0,0.506928,-2.06911,0.335436,7,drone1
-0.608831,-0.0133456,1.58694,-21.8797,0.828444,-1.50559,112.233,-0.828158,1.50575,-0.0603177,-0.119049,0,0.453267,-2.05037,0.467364,7,drone1
-0.593515,-0.0243233,1.59281,-22.0026,0.555442,-1.36682,112.439,-0.555284,1.36689,-0.0466845,-0.103628,0,0.362044,-1.86583,0.436048,7,drone1
-0.571588,-0.0252336,1.59695,-22.1705,0.0899223,-0.790246,112.622,-0.0899138,0.790247,-0.0428076,-0.0811654,0,0.338322,-1.57985,0.257769,7,drone1
-0.548124,-0.0187148,1.58493,-22.2873,-0.166255,0.452968,112.786,0.16625,-0.45297,-0.0465974,-0.0562609,0,0.292153,-1.32317,-0.191981,7,drone1
-0.52398,-0.0171303,1.579,-22.3905,-0.846703,1.38037,112.941,0.846457,-1.38052,-0.0450554,-0.0310769,0,0.251588,-0.93234,-0.491585,7,drone1
-0.50735,-0.0129642,1.5739,-22.43,-1.30631,2.2128,113.08,1.30534,-2.21337,-0.046315,-0.0134646,0,0.169126,-0.63091,-0.77007,7,drone1
-0.499263,-0.00839328,1.56593,-22.5237,-1.48943,2.5665,113.197,1.48793,-2.56737,-0.0483297,-0.00397198,0,0.12999,-0.486801,-0.889853,7,drone1
-0.494667,-0.00992613,1.56227,-22.7258,-1.10552,2.26403,113.277,1.10466,-2.26445,-0.0454647,-0.000990203,0,0.216403,-0.60922,-0.815595,7,drone1
-0.490521,-0.0230075,1.56706,-22.865,-0.784966,0.983875,113.351,0.78485,-0.983968,-0.0324978,0.000919037,0,0.282623,-0.79555,-0.351157,7,drone1
