0.993312,1.20083,5.53539e-06,0,0,-0.0111886,0,0,0,0,0,0,0,0,0,-1,pipuck5
0.993312,1.20083,7.91351e-06,0,0,-0.0159945,0,0,0,0,0,0,0,0,0,-1,pipuck5
0.993312,1.20083,8.88486e-06,0,0,-0.0179578,0,0,0,0,0,0,0,0,0,-1,pipuck5
0.993312,1.20083,9.26229e-06,0,0,-0.0187206,0,0,0,0,0,0,0,0,0,-1,pipuck5
0.993312,1.20083,9.40043e-06,0,0,-0.0189998,0,0,0,0,0,0,0,0,0,-1,pipuck5
0.993312,1.20083,9.44705e-06,0,0,-0.019094,0,0,0,0,0,0,0,0,0,-1,pipuck5
0.993312,1.20083,9.46085e-06,0,0,-0.0191219,0,0,0,0,0,0,0,0,0,-1,pipuck5
0.993312,1.20083,9.46391e-06,0,0,-0.0191281,0,0,0,0,0,0,0,0,0,-1,pipuck5
0.993312,1.20083,9.46396e-06,0,0,-0.0191282,0,0,0,0,0,0,0,0,0,-1,pipuck5
0.993312,1.20083,9.46346e-06,0,0,-0.0191272,0,0,0,0,0,0,0,0,0,-1,pipuck5
0.993312,1.20083,9.46303e-06,0,0,-0.0191263,0,0,0,0,0,0,0,0,0,-1,pipuck5
0.993312,1.20083,9.46276e-06,0,0,-0.0191258,0,0,0,0,0,0,0,0,0,-1,pipuck5
0.993312,1.20083,9.46262e-06,0,0,-0.0191255,0,0,0,0,0,0,0,0,0,-1,pipuck5
0.993312,1.20083,9.46255e-06,0,0,-0.0191254,0,0,0,0,0,0,0,0,0,-1,pipuck5
0.993312,1.20083,9.46252e-06,0,0,-0.0191253,0,0,0,0,0,0,0,0,0,-1,pipuck5
0.993312,1.20083,9.46251e-06,0,0,-0.0191253,0,0,0,0,0,0,0,0,0,-1,pipuck5
0.993312,1.20083,9.4625e-06,0,0,-0.0191253,0,0,0,0,0,0,0,0,0,-1,pipuck5
0.993312,1.20083,9.4625e-06,0,0,-0.0191253,0,0,0,0,0,0,0,0,0,-1,pipuck5
0.993312,1.20083,9.4625e-06,0,0,-0.0191253,0,0,0,0,0,0,0,0,0,-1,pipuck5
0.993312,1.20083,9.4625e-06,0,0,-0.0191253,0,0,0,0,0,0,0,0,0,-1,pipuck5
0.993312,1.20083,9.4625e-06,0,0,-0.0191253,0,0,0,0,0,0,0,0,0,-1,pipuck5
0.993312,1.20083,9.4625e-06,0,0,-0.0191252,0,0,0,0,0,0,0,0,0,-1,pipuck5
0.993312,1.20083,9.4625e-06,0,0,-0.0191252,0,0,0,0,0,0,0,0,0,-1,pipuck5
0.993312,1.20083,9.4625e-06,0,0,-0.0191252,0,0,0,0,0,0,0,0,0,-1,pipuck5
0.993312,1.20083,9.4625e-06,0,0,-0.0191252,0,0,0,0,0,0,0,0,0,-1,pipuck5
0.993312,1.20083,9.4625e-06,0,0,-0.0191252,0,0,0,0,0,0,0,0,0,-1,pipuck5
0.993312,1.20083,9.4625e-06,0,0,-0.0191252,0,0,0,0,0,0,0,0,0,-1,pipuck5
0.993312,1.20083,9.4625e-06,0,0,-0.0191252,0,0,0,0,0,0,0,0,0,-1,pipuck5
0.993312,1.20083,9.4625e-06,0,0,-0.0191252,0,0,0,0,0,0,0,0,0,-1,pipuck5
0.993312,1.20083,9.4625e-06,0,0,-0.0191252,0,0,0,0,0,0,0,0,0,-1,pipuck5
0.993312,1.20083,9.4625e-06,0,0,-0.0191252,0,0,0,0,0,0,0,0,0,-1,pipuck5
0.993312,1.20083,9.4625e-06,0,0,-0.0191252,0,0,0,0,0,0,0,0,0,-1,pipuck5
0.993312,1.20083,9.4625e-06,0,0,-0.0191252,0,0,0,0,0,0,0,0,0,-1,pipuck5
0.993312,1.20083,9.4625e-06,0,0,-0.0191252,0,0,0,0,0,0,0,0,0,-1,pipuck5
0.993312,1.20083,9.4625e-06,0,0,-0.0191252,0,0,0,0,0,0,0,0,0,-1,pipuck5
0.993312,1.20083,9.4625e-06,0,0,-0.0191252,0,0,0,0,0,0,0,0,0,-1,pipuck5
0.993312,1.20083,9.4625e-06,0,0,-0.0191252,0,0,0,0,0,0,0,0,0,-1,pipuck5
0.993312,1.20083,9.4625e-06,0,0,-0.0191252,0,0,0,0,0,0,0,0,0,-1,pipuck5
0.993312,1.20083,9.4625e-06,0,0,-0.0191252,0,0,0,0,0,0,0,0,0,-1,pipuck5
0.993312,1.20083,9.4625e-06,0,0,-0.0191252,0,0,0,0,0,0,0,0,0,-1,pipuck5
0.993312,1.20083,9.4625e-06,0,0,-0.0191252,0,0,0,0,0,0,0,0,0,-1,pipuck7
0.993312,1.20083,9.4625e-06,0,0,-0.0191252,0,0,0,0,0,0,0,0,0,-1,pipuck7
0.993312,1.20083,9.4625e-06,0,0,-0.0191252,-9,0,0,0.13462,0.637844,0,0,2.48481e-17,0,-1,pipuck7
0.997029,1.2008,9.06759e-06,1.02296,-0.0166949,-0.0180321,-17.1,-7.75352e-18,-5.48979e-19,0.0331821,0.651051,0,9,-7.66943e-17,1.21472e-17,-1,pipuck7
1.00078,1.20063,9.04615e-06,3.86221,-0.0331816,-0.0160826,-24.4923,0.00167331,0.000132023,-0.0508654,0.649178,0,16.077,0.0157392,-0.00567374,-1,pipuck7
1.00482,1.20039,9.03211e-06,8.44699,-0.0507275,-0.0109133,-31.4293,0.00479568,0.000814054,-0.105808,0.641925,0,20.6301,0.0284043,-0.0139649,-1,pipuck7
1.00967,1.20052,9.01255e-06,15.062,-0.0711636,0.000307724,-38.1311,0.00927963,0.00225596,-0.135879,0.635682,0,22.9823,0.0389781,-0.0255605,-1,pipuck7
1.01576,1.20198,9.00195e-06,24.0033,-0.0949686,0.0224181,-44.8242,0.015302,0.00461698,-0.141259,0.633452,0,23.0691,0.0491659,-0.0418085,-1,pipuck7
1.02335,1.20599,9.0338e-06,34.6649,-0.120562,0.0612802,-51.7421,0.0233064,0.00804126,-0.121478,0.634972,0,20.8209,0.0598924,-0.0650745,-1,pipuck7
1.0323,1.21349,9.11157e-06,45.4909,-0.143964,0.120473,-59.0343,0.034037,0.0127074,-0.085837,0.635475,0,17.0773,0.0708892,-0.098943,-1,pipuck7
1.04145,1.22442,9.16792e-06,55.2132,-0.159297,0.197466,-65.2002,0.0488564,0.0180813,-0.0534614,0.630157,0,13.5437,0.07886,-0.146783,-1,pipuck7
1.05024,1.2388,9.34466e-06,63.5852,-0.164486,0.290201,-69.8337,0.068964,0.023468,-0.0213825,0.619891,0,9.98744,0.082413,-0.204169,-1,pipuck7
1.0575,1.25508,9.5406e-06,70.5296,-0.157,0.389563,-73.2274,0.0953736,0.0282677,0.0119125,0.604697,0,6.249,0.0840361,-0.268746,-1,pipuck7
1.06315,1.27272,9.85124e-06,76.1673,-0.140043,0.4925,-75.8563,0.119013,0.035069,0.0178946,0.58454,0.000271802,5.62408,0.0769576,-0.241478,-1,drone1
1.06714,1.29107,1.02041e-05,80.8853,-0.114239,0.596882,-77.8824,0.140084,0.0427292,0.022823,0.564352,0.00050889,5.06166,0.070333,-0.217004,-1,drone1
1.06964,1.30993,1.06302e-05,85.0164,-0.0795904,0.702675,-72.2221,0.354229,-0.254653,0.490155,-0.186572,1.69889,-33.4589,-1.47866,-3.06339,12,drone1
1.07002,1.3073,1.29848e-05,87.5301,-0.0532529,0.700322,-67.2714,0.514042,-0.565818,0.430603,-0.298193,1.7019,-40.5506,-0.873737,-3.06021,9,drone1
1.07022,1.30198,1.08322e-05,87.5466,-0.0481671,0.684566,-61.584,0.499684,-0.845654,0.466781,-0.270033,1.69671,-33.1659,-1.11132,-1.80528,12,drone1
1.07062,1.29995,1.03827e-05,85.4685,-0.0722531,0.685286,-57.2353,0.452967,-1.08229,0.445758,-0.380371,1.69198,-46.5313,-0.367351,-1.70916,12,drone1
1.07097,1.29613,1.03512e-05,81.3926,-0.120333,0.675704,-53.3176,0.26402,-1.12423,0.348497,-0.411414,1.66823,-50.8061,0.00991639,0.354907,12,drone1
1.07079,1.29067,1.0356e-05,75.1308,-0.191364,0.650869,-53.3176,0.26402,-1.12423,0,0,0,0,0,0,12,drone1
1.06953,1.29004,1.04869e-05,69.6315,-0.258598,0.644657,-53.3176,0.26402,-1.12423,0,0,0,0,0,0,12,drone1
1.06881,1.28962,1.05783e-05,67.3397,-0.291501,0.65133,-54.3949,0.399613,-0.964453,-2.69973,-0.697513,0,69.7929,1.20394,0.338344,10,drone1
1.06502,1.28018,1.03951e-05,67.7105,-0.276581,0.62701,-55.0766,0.52162,-0.753485,-2.69829,-0.797179,0,72.1943,1.5214,0.212161,10,drone1
1.061,1.26971,1.14037e-05,71.0969,-0.230688,0.610542,-55.1455,0.593151,-0.618883,-2.63584,-0.921131,0,74.5194,0.669891,0.309775,10,drone1
1.05663,1.25569,1.06311e-05,76.3434,-0.161526,0.583932,-56.2107,0.654786,-0.479688,-2.66027,-0.744158,0,71.1343,0.541616,0.317591,10,drone1
1.05345,1.2406,1.01874e-05,82.4694,-0.0914318,0.550044,-58.2785,0.703303,-0.343699,-2.70331,-0.601014,0,68.0837,0.34047,0.300505,10,drone1
1.05219,1.22624,9.93653e-06,89.1142,-0.0263045,0.514757,-61.0793,0.731077,-0.214913,-2.73717,-0.292131,0,61.9993,0.172036,0.29219,10,drone1
1.05268,1.21388,1.88777e-05,96.1307,0.0883799,0.478701,-63.9284,0.738935,-0.0909307,-2.74294,-0.267021,0,61.5162,0.0919167,0.279952,10,drone1
1.05416,1.20327,1.76514e-05,103.302,0.0737902,0.459906,-67.1591,0.731679,0.0152289,-2.76196,-0.0806403,0,57.6996,-0.0910567,0.230779,10,drone1
1.05731,1.19406,1.26417e-05,110.574,0.136311,0.433031,-70.9357,0.708654,0.117056,-2.74357,0.215105,0,52.2392,-0.123216,0.21481,10,drone1
1.06048,1.1884,9.81266e-06,119.283,0.208136,0.408892,-74.8796,0.648813,0.225508,-2.31563,0.837508,0,50.5664,-0.00174813,0.412955,12,drone1
1.06057,1.18857,9.44755e-06,130.737,0.310177,0.386982,-79.6009,0.629144,0.246216,-2.37681,-0.160479,0,42.7827,-0.800425,-0.100011,9,drone1
1.06514,1.18417,9.57382e-06,142.911,0.390065,0.317073,-84.654,0.584421,0.317531,-2.09855,1.2556,0,39.4707,-0.256429,0.0839223,12,drone1
1.0618,1.18602,8.12498e-06,154.032,0.504627,0.255844,-90.3764,0.533005,0.376684,-1.94122,1.49622,0,32.7762,-0.306859,0.0472682,12,drone1
1.05163,1.18975,8.54487e-06,164.267,0.636218,0.194233,-96.535,0.483043,0.422246,-1.82054,1.62821,0,28.4122,-0.376182,-0.0293659,12,drone1
1.03815,1.19241,1.03018e-05,174.37,0.774376,0.0933395,-103.293,0.328688,0.537764,-2.35626,0.741169,0,22.4232,0.645735,0.690369,9,drone1
1.02995,1.19244,1.12936e-05,-175.614,0.868631,-0.0486217,-110.344,0.0492403,0.68747,-2.33391,0.887322,0,19.4636,1.66097,1.39815,9,drone1
1.01864,1.19061,1.21111e-05,-165.537,0.951208,-0.226416,-117.663,-0.451911,0.718393,-2.28005,1.05768,0,16.7483,2.08298,3.32934,9,drone1
1.00494,1.18559,1.30107e-05,-155.802,1.01358,-0.435255,-124.202,-0.400488,0.600229,-2.20104,0.961764,0,14.9989,-1.25614,-0.943628,9,drone1
0.990928,1.17771,1.40447e-05,-147.028,1.04902,-0.658479,-122.47,-0.24135,0.561073,-1.2421,2.03265,0,11.1614,-1.29829,-0.906992,12,drone1
0.976708,1.16684,1.52739e-05,-140.165,1.07631,-0.873862,-127.772,0.0729188,0.429229,-2.00484,1.07083,0,8.90752,-3.0518,-2.38971,9,drone1
0.964106,1.15523,1.66814e-05,-134.555,1.09063,-1.08134,-124.346,0.226534,0.386008,-0.906598,2.2084,0,1.45082,-1.10278,-0.774164,12,drone1
0.953023,1.14305,1.82162e-05,-130.124,1.10069,-1.27729,-120.596,0.381577,0.323778,-0.526107,2.31476,0,-7.86371,-1.01303,-0.849854,12,drone1
0.94279,1.1305,1.99651e-05,-128.046,1.14926,-1.43852,-123.156,0.497138,0.279676,-1.30422,1.9485,0,-18.5406,-0.899835,-0.919989,9,drone1
0.930678,1.11482,2.22291e-05,-127.175,1.23604,-1.59918,-124.966,0.620063,0.232167,-1.2315,1.95177,0,-20.1297,-0.911002,-0.920981,9,drone1
0.918664,1.0989,2.62811e-05,-126.713,1.33516,-1.75929,-126.637,0.751034,0.192186,-1.30559,1.90167,0,-17.8198,-0.933499,-0.983487,9,drone1
0.906695,1.08294,3.0468e-05,-126.638,1.30556,-1.70205,-128.041,0.892527,0.152807,-1.30991,1.858,0,-17.2912,-0.98146,-1.05507,9,drone1
0.894774,1.06698,2.45402e-05,-126.765,1.19606,-1.55966,-120.685,1.03132,-0.0161591,-1.32018,1.82876,0,-16.4598,-0.857657,-0.903131,9,drone1
0.885749,1.05531,1.31109e-05,-128.368,1.09325,-1.39126,-114.138,1.11735,-0.192112,-0.403405,2.50901,0,-24.56,-0.448136,-0.834182,10,drone1
0.893541,1.06446,1.45046e-05,-131.124,0.94604,-1.10678,-108.576,1.16507,-0.350604,0.02241,2.47575,0,-34.3963,0.0381794,-0.814119,10,drone1
0.899682,1.07087,1.35482e-05,-137.022,0.837819,-0.805896,-102.492,1.28601,-0.49491,-0.343003,2.43836,0,-29.1676,0.193799,-1.81722,10,drone1
0.906315,1.07647,1.15911e-05,-146.256,0.718211,-0.50185,-97.0396,1.20679,-0.645393,0.0935443,2.53591,0,-35.4843,0.492366,0.0124281,10,drone1
0.911981,1.07985,1.94039e-05,-158.599,0.580142,-0.187662,-91.2863,1.08536,-0.76288,-0.037078,2.54893,0,-32.4658,0.660133,0.247414,10,drone1
0.911361,1.07871,1.41606e-05,-172.581,0.390499,-0.0228467,-86.5632,0.94673,-0.803502,-1.02387,1.98333,0,-24.3068,0.841047,0.553214,9,drone1
0.895351,1.07868,1.16094e-05,173.192,0.246405,0.0527645,-79.5062,0.778885,-0.755424,-0.593124,2.47278,0,-19.4134,1.78265,0.743609,10,drone1
0.88323,1.0817,3.65381e-06,159.753,0.0862614,0.0239946,-80.9743,0.737099,-0.663279,-1.55038,1.59457,0,-7.47679,0.674991,0.692308,9,drone1
0.869353,1.08817,5.97364e-06,147.617,-0.0481034,-0.0161166,-88.9452,0.772949,-0.486608,-1.99863,1.03867,0,10.297,0.500136,0.649752,9,drone1
0.863438,1.09196,6.58257e-06,139.677,-0.180339,-0.135963,-95.1013,0.760903,-0.335607,-2.19466,0.343969,0,28.4438,0.438018,0.76696,9,drone1
0.860274,1.09473,6.47587e-06,135.681,-0.306873,-0.282917,-99.8749,0.715168,-0.219007,-2.20849,-0.196243,0,42.2667,0.363648,0.885145,9,drone1
0.857702,1.0973,8.47221e-06,135.015,-0.444106,-0.423139,-103.807,0.643106,-0.133776,-2.15112,-0.518269,0,50.6759,0.344955,1.01551,9,drone1
0.855836,1.09905,1.31739e-05,137.943,-0.620915,-0.53019,-107.109,0.550744,-0.0786661,-2.10629,-0.758095,0,56.977,0.367987,1.13214,9,drone1
0.850692,1.10296,1.27969e-05,145.453,-0.838437,-0.553859,-110.226,0.442425,-0.0494388,-2.08733,-0.83335,0,58.8283,0.415608,1.22622,9,drone1
0.841297,1.10818,8.94377e-06,155.573,-1.07275,-0.477266,-113.789,0.319608,-0.0412792,-2.1482,-0.68319,0,54.3607,0.473612,1.31608,9,drone1
0.828925,1.11268,9.54822e-06,166.264,-1.28723,-0.322729,-118.016,0.187367,-0.046479,-2.20586,-0.435848,0,47.7271,0.58084,1.33208,9,drone1
0.814039,1.11498,1.50075e-05,176.759,-1.46858,-0.0994454,-122.966,0.0564517,-0.0612727,-2.19981,-0.164608,0,40.4922,0.6763,1.24786,9,drone1
0.798687,1.11465,1.77162e-05,-173.072,-1.60785,0.176418,-128.648,-0.0771487,-0.0860749,-2.17188,0.104882,0,33.1765,0.822703,1.19353,9,drone1
0.783548,1.11174,1.95893e-05,-163.276,-1.69614,0.48939,-133.774,-0.210387,-0.120588,-2.12938,0.300757,0,27.6493,0.969638,1.08997,9,drone1
0.768134,1.10561,2.51484e-05,-154.138,-1.71239,0.859687,-130.921,-0.360672,-0.134643,-1.34477,1.58159,0,21.0177,1.08515,1.02038,12,drone1
0.753048,1.09675,2.31039e-05,-146.629,-1.71634,1.15255,-132.569,-0.503492,-0.146267,-1.93437,0.872134,0,10.4298,1.10198,1.00475,9,drone1
0.737932,1.08563,2.80834e-05,-141.428,-1.70712,1.39295,-132.207,-0.65953,-0.133565,-1.82047,1.0524,0,4.25621,1.18898,1.0212,9,drone1
0.723302,1.07317,2.19023e-05,-137.936,-1.54107,1.41143,-131.49,-0.811304,-0.108686,-1.77367,1.16914,0,0.86874,1.14745,0.987554,9,drone1
0.709786,1.06049,1.47632e-05,-135.394,-1.39652,1.37033,-130.834,-0.947393,-0.0779114,-1.68578,1.27834,0,-2.92991,0.998989,0.914522,9,drone1
0.696833,1.04738,1.66224e-05,-133.927,-1.27781,1.30939,-130.537,-1.05893,-0.0495072,-1.63552,1.34498,0,-5.23574,0.802882,0.771541,9,drone1
0.683498,1.03342,3.13303e-05,-133.404,-1.14022,1.26989,-130.458,-1.13521,-0.0310973,-1.70739,1.30041,0,-3.64099,0.555926,0.52631,9,drone1
0.669848,1.01894,2.21702e-05,-133.171,-1.06471,1.17615,-130.031,-1.19166,-0.00479393,-1.63919,1.34497,0,-5.06485,0.407047,0.391255,9,drone1
0.656426,1.00469,1.76886e-05,-133.457,-0.996918,1.08329,-129.371,-1.23264,0.0206295,-1.73074,1.25738,0,-2.76678,0.302986,0.282021,9,drone1
0.642848,0.990517,1.5442e-05,-134.189,-0.93592,0.99002,-128.421,-1.26447,0.0518533,-1.70529,1.26601,0,-3.50664,0.224491,0.236373,9,drone1
0.62917,0.97666,1.41707e-05,-135.219,-0.879791,0.898763,-127.675,-1.27428,0.0672108,-1.71654,1.24,0,-2.81932,0.00696574,0.130569,9,drone1
0.615197,0.963043,1.3296e-05,-136.34,-0.824266,0.81155,-127.45,-1.26497,0.0701076,-1.6889,1.23223,0,-2.9431,-0.121284,-0.0188574,9,drone1
0.600982,0.94968,1.25948e-05,-137.22,-0.76517,0.732688,-127.862,-1.25608,0.0616202,-1.62558,1.24263,0,-3.88311,-0.116664,-0.0258231,9,drone1
0.586388,0.936313,1.1985e-05,-137.727,-0.701046,0.661788,-128.93,-1.2369,0.0275993,-1.72263,1.1277,0,-0.183126,-0.210016,-0.091421,9,drone1
0.572244,0.923473,1.14628e-05,-137.584,-0.633626,0.60349,-130.657,-1.20545,-0.0232432,-1.76988,1.03521,0,2.5199,-0.267134,-0.191587,9,drone1
0.558562,0.910834,1.10135e-05,-136.668,-0.562836,0.555947,-133.26,-1.17295,-0.0807547,-1.7187,1.03058,0,1.69616,-0.193619,-0.231096,9,drone1
0.545447,0.898149,1.06277e-05,-134.961,-0.48983,0.516214,-136.542,-1.12519,-0.149347,-1.72283,0.976327,0,3.60147,-0.246311,-0.329347,9,drone1
0.533096,0.885286,1.02973e-05,-132.471,-0.416204,0.481574,-139.297,-1.06886,-0.196823,-1.7294,0.920414,0,5.23041,-0.240666,-0.431786,9,drone1
0.520998,0.871391,1.0002e-05,-129.43,-0.341905,0.444397,-136.839,-1.02984,-0.146212,-1.4638,1.67644,0,6.63787,-0.246025,-0.405064,10,drone1
0.50964,0.857133,9.75117e-06,-127.096,-0.279524,0.399807,-131.034,-0.98996,-0.0185772,-0.440434,1.80221,0,-2.95978,-0.235773,-0.475582,12,drone1
0.500345,0.844811,9.57648e-06,-126.622,-0.241352,0.355278,-126.539,-0.937271,0.0681904,-0.258169,1.8525,0,-8.7002,-0.357451,-0.374675,12,drone1
0.490392,0.831685,9.40349e-06,-127.84,-0.210271,0.300356,-123.204,-0.877447,0.142887,0.0701214,1.81961,0,-17.5282,-0.324867,-0.419854,12,drone1
0.47973,0.818465,9.28199e-06,-130.202,-0.180467,0.24175,-121.311,-0.820052,0.170343,-0.0336145,1.84262,0,-15.4071,-0.439013,-0.324502,12,drone1
0.467659,0.804842,9.1765e-06,-133.125,-0.144055,0.180436,-120.79,-0.767331,0.170872,-0.0469578,1.82817,0,-15.0411,-0.453112,-0.307724,12,drone1
0.454502,0.791385,9.08383e-06,-135.639,-0.0990076,0.122275,-121.185,-0.715828,0.161846,0.00341902,1.7921,0,-15.1775,-0.415695,-0.34346,12,drone1
0.440566,0.77818,9.02071e-06,-137.38,-0.0471295,0.0680885,-120.876,-0.663417,0.156662,-0.0580846,1.77462,0,-12.2478,-0.427936,-0.328423,12,drone1
0.42638,0.765416,9.00433e-06,-138.731,0.0075241,0.0176033,-118.426,-0.603373,0.176639,-0.105231,1.75622,0,-10.9471,-0.405883,-0.356267,12,drone1
0.412695,0.753698,9.02706e-06,-140.493,0.0609258,-0.026646,-113.635,-0.523495,0.222313,0.0282635,1.73079,0,-13.9573,-0.395638,-0.47327,12,drone1
0.399998,0.74376,9.14234e-06,-143.168,0.111098,-0.0603776,-110.015,-0.452292,0.245052,-0.0137366,1.71097,0.00125679,-12.5614,-0.361405,-0.421772,12,drone1
0.385709,0.733617,9.13901e-06,-146.565,0.172504,-0.0920666,-106.584,-0.370307,0.258397,0.144602,1.69521,0,-18.0323,-0.39058,-0.518387,12,drone1
0.371005,0.72459,9.2483e-06,-150.517,0.238929,-0.114144,-104.656,-0.301415,0.253943,-0.0187488,1.7031,0,-14.5609,-0.350888,-0.480237,12,drone1
0.354835,0.716216,9.38683e-06,-154.328,0.31436,-0.130896,-103.045,-0.233611,0.246566,-0.0162464,1.67865,0,-13.9119,-0.307737,-0.503826,12,drone1
0.338001,0.708791,9.56539e-06,-157.666,0.393734,-0.142084,-102.062,-0.172156,0.235168,-0.0944954,1.66146,0,-11.2626,-0.270396,-0.490314,12,drone1
0.320336,0.702197,9.7848e-06,-160.479,0.477613,-0.150018,-101.331,-0.105628,0.22122,-0.122007,1.63559,0,-9.59291,-0.268678,-0.564262,12,drone1
0.302222,0.696333,1.0111e-05,-162.759,0.564259,-0.156055,-100.92,-0.037598,0.200199,-0.169597,1.61283,0,-7.54761,-0.31711,-0.596825,12,drone1
0.283743,0.691032,3.09378e-06,-164.587,0.649794,-0.17587,-100.678,0.0305388,0.179945,-0.198075,1.58886,0,-5.98029,-0.299189,-0.61526,12,drone1
0.265093,0.685995,7.73123e-06,-166.156,0.737021,-0.193826,-100.933,0.0989372,0.157976,-0.283443,1.56394,0,-3.46136,-0.32436,-0.637682,12,drone1
0.245576,0.681216,1.10458e-05,-167.318,0.834102,-0.205628,-100.939,0.172238,0.142082,-0.263745,1.55309,0,-2.94363,-0.272819,-0.689097,12,drone1
0.226106,0.676888,1.22349e-05,-168.109,0.934344,-0.215858,-101.281,0.242702,0.121315,-0.324897,1.5151,0,-0.829655,-0.342176,-0.659545,12,drone1
0.206568,0.672743,1.29087e-05,-168.615,1.03808,-0.228098,-101.578,0.319278,0.101528,-0.336778,1.48769,0,0.307762,-0.360575,-0.715523,12,drone1
0.187057,0.668769,1.35832e-05,-168.845,1.14488,-0.244588,-101.532,0.395804,0.083389,-0.292624,1.47207,0,-0.29049,-0.325301,-0.713563,12,drone1
0.167447,0.664913,1.43985e-05,-168.959,1.25617,-0.263757,-101.386,0.473588,0.065844,-0.2727,1.45003,0,-0.50958,-0.310614,-0.728236,12,drone1
0.147897,0.661128,1.53755e-05,-169.081,1.37202,-0.283235,-102.081,0.557131,0.0657691,-0.395353,1.41265,0,2.39208,-0.258735,-0.809656,12,drone1
0.128641,0.657275,1.65092e-05,-169.031,1.49088,-0.307473,-102.57,0.641626,0.0652283,-0.384421,1.39691,0,2.40576,-0.268695,-0.81361,12,drone1
0.109322,0.653411,1.78057e-05,-168.73,1.61416,-0.340174,-103.119,0.718774,0.135305,-0.38799,1.3495,0,2.17482,0.415028,-0.902753,12,drone1
0.0900566,0.649442,1.92811e-05,-168.282,1.74195,-0.379818,-103.359,0.811177,0.126067,-0.373178,1.35956,0,2.54396,-0.380223,-0.868744,12,drone1
0.0707171,0.645338,2.0959e-05,-167.779,1.8756,-0.424737,-103.695,0.953968,0.0984916,-0.377787,1.31043,0,2.65805,-0.71165,-1.30414,12,drone1
0.0514646,0.641059,2.28565e-05,-167.264,2.01494,-0.473955,-105.28,1.04884,0.117046,-0.340776,1.32263,0,1.72388,-0.348838,-0.924635,12,drone1
0.0327981,0.636529,2.91859e-05,-166.496,2.13878,-0.541431,-108.94,1.14087,0.175742,-0.355635,1.29868,0,2.62554,-0.412393,-0.943365,12,drone1
0.0160282,0.632074,2.28284e-05,-165.279,2.00082,-0.544442,-113.784,1.23376,0.260265,-0.325626,1.27486,0,3.6749,-0.57044,-0.991615,12,drone1
-0.000301814,0.627171,2.17909e-05,-163.249,1.83771,-0.57402,-111.043,1.35282,0.187788,-0.283339,1.26031,0,3.55768,-0.658444,-0.900869,12,drone1
-0.0171464,0.622191,1.99679e-05,-161.512,1.69056,-0.585656,-118.909,1.3768,0.366584,-0.399749,1.228,0,5.49174,-0.416478,-0.517858,12,drone1
-0.0275249,0.618549,1.80613e-05,-158.997,1.5173,-0.602831,-126.884,1.35527,0.548444,-0.48147,1.16881,0,10.2628,-0.522666,-0.240456,12,drone1
-0.0386819,0.613507,1.66454e-05,-153.932,1.33046,-0.672107,-134.253,1.29971,0.71003,-0.60398,1.10029,0,16.3179,-0.617501,0.0303609,12,drone1
-0.0517969,0.605956,1.53945e-05,-147.427,1.14327,-0.752755,-129.696,1.3626,0.584541,-0.660792,1.05946,0,19.276,-0.652842,0.306659,12,drone1
-0.0642204,0.597352,1.42427e-05,-141.99,0.977007,-0.787028,-135.906,1.28904,0.689885,-0.464222,1.14284,0,9.10464,-0.482074,0.368344,12,drone1
-0.0743771,0.588721,1.33636e-05,-136.992,0.820605,-0.790718,-140.734,1.21337,0.748743,-0.470074,1.12625,0,9.83844,-0.431903,0.542451,12,drone1
-0.0858864,0.576793,1.271e-05,-131.164,0.673843,-0.798835,-144.045,1.15201,0.759583,-0.448503,1.12311,0,9.36153,-0.414363,0.660205,12,drone1
-0.0968803,0.562955,1.21069e-05,-126.301,0.554392,-0.785781,-136.072,1.22761,0.525944,-0.407397,1.12933,0,7.48981,-0.365633,0.734658,12,drone1
-0.103502,0.552874,1.14131e-05,-123.829,0.461386,-0.721248,-136.236,1.20469,0.464588,-0.108722,1.16766,0,-5.77861,-0.196996,0.555369,12,drone1
-0.114761,0.536163,8.73218e-06,-123.073,0.44274,-0.654748,-134.543,1.18171,0.362074,-0.0476414,1.17398,0,-8.78981,-0.0651233,0.645805,12,drone1
-0.124533,0.52116,8.44603e-06,-122.954,0.403476,-0.597075,-130.594,1.16278,0.222068,0.00458059,1.15794,0,-11.228,0.0398977,0.59288,12,drone1
-0.133697,0.507199,2.86472e-06,-123.813,0.35784,-0.539728,-124.597,1.13174,0.0492187,0.0732438,1.14721,0,-14.9073,0.134883,0.558645,12,drone1
-0.142765,0.494259,3.65601e-06,-125.957,0.341451,-0.461566,-117.66,1.0726,-0.129618,0.19987,1.11092,0,-20.641,0.242668,0.537796,12,drone1
-0.150769,0.483604,6.06329e-06,-129.374,0.302517,-0.385456,-111.505,0.996167,-0.27369,0.400174,1.02052,0,-28.4598,0.355739,0.430383,12,drone1
-0.158779,0.474579,8.49947e-06,-134.778,0.272193,-0.297181,-105.938,0.90195,-0.380998,0.371105,1.02961,0,-29.207,0.455543,0.436234,12,drone1
-0.169668,0.464852,9.09709e-06,-141.794,0.248672,-0.218209,-101.243,0.878495,-0.384723,0.39257,0.988216,0,-31.4649,1.16456,-0.335733,12,drone1
-0.182793,0.455821,9.14036e-06,-149.346,0.220555,-0.151636,-96.9148,0.776063,-0.441952,0.428915,0.988773,0,-29.876,0.516596,0.534773,12,drone1
-0.197606,0.448219,9.03854e-06,-156.782,0.18576,-0.099242,-93.7362,0.680806,-0.463968,0.378927,0.991381,0,-26.7987,0.519421,0.541699,12,drone1
-0.213071,0.44264,1.7053e-05,-163.706,0.160366,-0.0106365,-91.5362,0.598772,-0.46045,0.312622,0.989386,0,-22.8083,0.508654,0.516131,12,drone1
-0.22995,0.438806,1.09801e-05,-169.969,0.112935,0.00249842,-88.4544,0.510083,-0.461872,0.420222,0.911852,0,-24.4577,0.477162,0.521955,12,drone1
-0.247074,0.436664,9.25518e-06,-175.732,0.068223,0.0136549,-87.1417,0.450882,-0.436766,0.275185,0.948467,0,-17.9966,0.462469,0.424388,12,drone1
-0.265387,0.436205,8.90899e-06,178.84,0.0298238,0.0186213,-86.6977,0.403531,-0.401136,0.180495,0.920517,0,-13.392,0.438412,0.410551,12,drone1
-0.284275,0.43722,8.91916e-06,173.978,-0.0040266,0.0177128,-88.3706,0.381874,-0.347196,0.0500787,0.949006,0,-6.10229,0.429817,0.33647,12,drone1
-0.302643,0.439391,8.97517e-06,170.012,-0.0376703,0.0117868,-92.8044,0.328765,-0.345633,-0.0330136,0.925211,0,0.696566,-0.312726,0.78531,12,drone1
-0.31793,0.441785,8.98769e-06,167.535,-0.083428,0.000123797,-99.4706,0.329523,-0.276989,-0.155592,0.940054,0,9.55677,0.278138,0.39768,12,drone1
-0.330302,0.443801,8.98413e-06,167.176,-0.14242,-0.0139358,-100.469,0.300398,-0.24168,-0.372912,0.839478,0,20.8165,0.308846,0.358905,12,drone1
-0.348198,0.447473,9.05616e-06,168.245,-0.174933,-0.0179117,-107.353,0.288331,-0.18511,-0.337459,0.856746,0,21.1589,0.236943,0.421686,12,drone1
-0.355528,0.447686,9.02195e-06,171.243,-0.260748,-0.0221728,-106.724,0.316876,-0.254546,-0.358446,0.787286,0,21.7764,-0.78791,0.143212,12,drone1
-0.374893,0.450254,9.155e-06,175.215,-0.289128,-0.00618241,-113.216,0.297421,-0.192895,-0.409979,0.797486,0,25.0816,0.361163,0.455673,12,drone1
-0.379736,0.450141,9.07785e-06,179.77,-0.387755,0.0158031,-119.574,0.271295,-0.141942,-0.37737,0.793204,0,26.4158,0.339711,0.425982,12,drone1
-0.383131,0.450295,9.42931e-06,-174.201,-0.48997,0.0672997,-125.925,0.227968,-0.0982304,-0.35999,0.813288,0,26.4886,0.424985,0.47384,12,drone1
-0.388507,0.450004,9.82238e-06,-166.794,-0.57217,0.152288,-132.081,0.171071,-0.0651401,-0.425693,0.76427,0,28.4355,0.509857,0.488593,12,drone1
-0.396519,0.447956,1.01872e-05,-158.023,-0.620368,0.269317,-127.83,0.05707,-0.0467695,-0.5145,0.713181,0,28.8276,1.03676,0.454694,12,drone1
-0.410442,0.441259,4.91094e-06,-149.424,-0.625751,0.361983,-131.922,-0.0142144,-0.0373825,-0.202233,0.836964,0,13.1293,0.549406,0.517861,12,drone1
-0.420799,0.434552,8.01968e-06,-142.595,-0.630313,0.466595,-135.909,-0.0826097,-0.0355301,-0.183449,0.828756,0,9.64481,0.537803,0.473214,12,drone1
-0.431793,0.425396,2.397e-05,-137.216,-0.58598,0.602116,-137.615,-0.154128,-0.0345287,-0.167244,0.814181,0,7.61471,0.583527,0.441392,12,drone1
-0.443496,0.413665,1.68214e-05,-132.416,-0.578351,0.675721,-137.155,-0.218945,-0.0242002,-0.123514,0.823028,0,3.87688,0.557413,0.344924,12,drone1
-0.45396,0.40167,1.38279e-05,-129.535,-0.582619,0.740709,-136.064,-0.283506,-0.00560297,-0.174823,0.798587,0,2.23213,0.580419,0.314635,12,drone1
-0.465188,0.38786,1.27657e-05,-128.296,-0.59642,0.786625,-133.033,-0.3487,0.0223263,-0.0991574,0.787271,0,-2.30286,0.545059,0.377848,12,drone1
-0.475549,0.374817,1.26339e-05,-128.559,-0.633301,0.824154,-127.505,-0.409222,0.0679692,0.127126,0.781023,0,-10.4634,0.445637,0.470625,12,drone1
-0.482108,0.366793,1.31411e-05,-131.138,-0.722428,0.85488,-122.778,-0.461005,0.113641,0.033861,0.783028,0,-11.3458,0.355457,0.484389,12,drone1
-0.492537,0.35557,1.35832e-05,-135.429,-0.828373,0.84176,-116.95,-0.507237,0.169245,0.0502057,0.7742,0,-12.9757,0.273356,0.56191,12,drone1
-0.50152,0.347354,1.42332e-05,-140.739,-0.961291,0.809535,-112.164,-0.552505,0.216227,0.0281946,0.761517,0,-13.3839,0.169689,0.629115,12,drone1
-0.515155,0.33737,1.47354e-05,-146.855,-1.09053,0.734137,-107.256,-0.59689,0.262611,0.103684,0.739116,0,-14.4943,0.0529843,0.712262,12,drone1
-0.529527,0.329002,7.62116e-06,-152.614,-1.22413,0.630356,-102.986,-0.640966,0.302752,0.122435,0.725548,0,-13.7535,-0.0392316,0.733656,12,drone1
-0.54501,0.321659,1.40856e-05,-158.212,-1.34689,0.522366,-99.5452,-0.689763,0.33018,0.124696,0.707337,0,-12.6401,-0.149959,0.770238,12,drone1
-0.561963,0.315552,1.65712e-05,-163.421,-1.45269,0.413064,-97.795,-0.749571,0.336805,0.116908,0.691287,0,-10.9059,-0.211819,0.782293,12,drone1
-0.579507,0.311088,1.1265e-05,-168.195,-1.54155,0.328875,-95.402,-0.806809,0.346663,0.0831381,0.676028,0,-7.55113,-0.250949,0.784297,12,drone1
-0.597579,0.308091,1.46019e-05,-172.41,-1.6287,0.228927,-98.3642,-0.897731,0.280335,0.0600573,0.658915,0,-5.23533,-0.274073,0.787665,12,drone1
-0.612878,0.306503,1.6965e-05,-175.948,-1.73166,0.108025,-91.3262,-0.931741,0.353555,0.0173106,0.645387,0,0.679341,-0.21946,0.789989,12,drone1
-0.622144,0.306202,1.82724e-05,-179.455,-1.85789,0.00333683,-83.0426,-0.949328,0.448751,0.0631143,0.622111,0,-2.4553,-0.39042,0.798949,12,drone1
-0.629703,0.306249,2.07076e-05,176.391,-1.98898,-0.141299,-82.0094,-1.02666,0.429797,0.171482,0.610176,0,-8.55972,-0.6658,0.81049,12,drone1
-0.648996,0.308295,2.24404e-05,172.191,-2.05672,-0.299254,-73.6912,-1.04194,0.544468,0.182039,0.595411,0,-6.81956,-0.586826,0.835476,12,drone1
-0.657415,0.30903,1.55321e-05,167.241,-2.09979,-0.476509,-65.831,-1.05043,0.663259,0.2379,0.558156,0,-11.3962,-0.743528,0.81668,12,drone1
-0.665079,0.310203,1.88956e-05,160.438,-1.89567,-0.685839,-65.6013,-1.20458,0.529035,0.31312,0.535645,0,-11.0818,-2.21012,0.704971,12,drone1
-0.681986,0.317893,1.87138e-05,153.553,-1.63601,-0.831344,-57.1332,-1.18941,0.662803,0.0995559,0.570412,0,-5.32088,-0.801588,0.499297,12,drone1
-0.693545,0.32422,2.92304e-05,147.043,-1.43692,-0.882825,-59.5966,-1.27284,0.577165,0.262348,0.522404,0,-11.1218,-0.871337,0.191247,12,drone1
-0.706488,0.333701,2.16111e-05,140.746,-1.20222,-0.945589,-52.1854,-1.22571,0.692343,0.14221,0.555241,0,-1.06654,-0.599797,0.0959003,12,drone1
-0.717901,0.343808,1.7127e-05,135.156,-0.994661,-0.957905,-47.4594,-1.20176,0.738961,0.183752,0.550171,0,-3.03242,-0.712024,-0.0525173,12,drone1
-0.729579,0.356527,1.45238e-05,129.674,-0.799287,-0.933026,-46.5256,-1.21108,0.687306,0.0806138,0.539289,0,-0.251387,-0.675275,-0.324927,12,drone1
-0.740521,0.370881,1.29187e-05,125.518,-0.641136,-0.866287,-48.9486,-1.24531,0.560323,0.0433128,0.536674,0,3.81583,-0.511894,-0.434479,12,drone1
-0.749565,0.384448,1.18831e-05,123.24,-0.530475,-0.776086,-55.9819,-1.29937,0.32604,-0.0642978,0.513949,0,11.2575,-0.333922,-0.444953,12,drone1
-0.757651,0.397004,2.85176e-06,123.052,-0.443022,-0.683827,-63.9595,-1.1576,0.0767536,-0.105504,0.432538,0,10.259,0.513881,-1.77923,12,drone1
-0.764422,0.407074,8.16785e-06,123.881,-0.406823,-0.582112,-69.9819,-1.13044,-0.106929,-0.267177,0.413482,0,29.7942,0.0574116,-0.335526,12,drone1
-0.768966,0.413992,1.02285e-05,127.539,-0.397383,-0.487406,-75.3914,-1.074,-0.263281,-0.337514,0.349351,0,35.9169,0.228193,-0.348001,12,drone1
-0.7734,0.419354,1.03892e-05,134.869,-0.406933,-0.381852,-80.4704,-0.998422,-0.391216,-0.392723,0.291334,0,39.218,0.37657,-0.339836,12,drone1
-0.778751,0.423809,1.01151e-05,145.317,-0.414197,-0.263607,-85.6037,-0.90634,-0.495137,-0.437254,0.258678,0,38.6696,0.467167,-0.351549,12,drone1
-0.785165,0.427344,9.78603e-06,156.941,-0.398362,-0.149304,-90.9918,-0.799716,-0.565085,-0.269209,0.37253,0,29.164,0.535847,-0.403633,12,drone1
-0.798612,0.431984,1.44514e-05,167.815,-0.310802,-0.0962473,-97.3708,-0.684585,-0.623237,-0.368168,0.354367,0,26.2055,0.5731,-0.357691,12,drone1
-0.812355,0.433594,9.75604e-06,178.04,-0.223776,-0.0270412,-102.296,-0.585345,-0.641885,-0.327854,0.379141,0,21.6488,0.550357,-0.37903,12,drone1
-0.8287,0.432923,8.62284e-06,-172.284,-0.115597,-0.00182302,-105.705,-0.505979,-0.62486,-0.277592,0.378692,0,16.2815,0.560331,-0.434212,12,drone1
-0.845514,0.429909,8.57666e-06,-163.739,-0.00617737,-0.0162415,-107.12,-0.449006,-0.580251,-0.199494,0.398852,0,9.18692,0.505222,-0.516069,12,drone1
-0.862096,0.42455,8.77657e-06,-157.143,0.0969745,-0.060028,-106.284,-0.407901,-0.520278,-0.10116,0.402816,0,1.68968,0.373643,-0.622915,12,drone1
-0.877987,0.417442,9.02758e-06,-152.578,0.192699,-0.120152,-104.742,-0.367987,-0.459633,-0.0416255,0.38656,0,-6.38266,0.299068,-0.68357,12,drone1
-0.892826,0.409561,9.30198e-06,-149.9,0.282811,-0.184807,-101.361,-0.333831,-0.392831,0.0479517,0.353115,0,-13.4814,0.245155,-0.759396,12,drone1
-0.906167,0.401966,9.60231e-06,-149.176,0.370263,-0.242043,-94.6849,-0.307432,-0.317569,0.203474,0.281306,0,-23.2407,0.19089,-0.857372,12,drone1
-0.916829,0.39596,1.35044e-05,-150.729,0.476036,-0.237325,-89.0228,-0.26198,-0.26213,0.332894,0.176254,0,-33.3777,0.226929,-0.903758,12,drone1
-0.922587,0.393311,2.39074e-06,-153.032,0.525819,-0.270382,-84.0073,-0.202602,-0.219005,0.417101,0.077262,0,-39.8434,0.333331,-0.92335,12,drone1
-0.926142,0.391881,7.52338e-06,-156.046,0.579602,-0.265627,-79.367,-0.140453,-0.192447,0.451355,0.0245326,0,-43.5939,0.360148,-0.871446,12,drone1
-0.928746,0.391863,7.88446e-06,-161.749,0.640326,-0.224786,-74.234,-0.307816,-0.222636,0.46785,0.119699,0,-38.6614,-1.08899,0.947894,12,drone1
-0.936872,0.390396,9.74418e-06,-170.474,0.734638,-0.139588,-69.4607,-0.232037,-0.184676,0.384104,0.080538,0,-42.2632,0.531879,-0.945788,12,drone1
-0.946242,0.389762,1.08406e-05,-179.971,0.823597,-0.0179423,-65.1062,-0.34844,-0.176604,0.341733,0.208595,0,-35.6784,-0.725399,0.5781,12,drone1
-0.96229,0.391166,1.17418e-05,170.67,0.924721,0.13358,-64.9206,-0.234593,-0.167652,0.189795,0.235448,0,-27.9054,0.673016,-1.02413,12,drone1
-0.980387,0.396244,1.26301e-05,162.593,1.01706,0.299728,-67.0807,-0.110934,-0.169666,0.112074,0.258915,0,-17.872,0.662382,-1.02487,12,drone1
-0.997534,0.403271,1.35994e-05,156.622,1.09821,0.454778,-71.7127,0.0234614,-0.166632,0.0189739,0.262007,0,-6.66534,0.625658,-1.05514,12,drone1
-1.01202,0.410752,1.45697e-05,152.932,1.17504,0.579952,-79.2865,0.237827,-0.112137,-0.0598887,0.22042,0,-4.81256,1.14758,-1.64214,12,drone1
-1.0254,0.418188,1.09954e-05,151.595,1.26241,0.67261,-85.3133,0.357796,-0.0603493,-0.0978615,0.206568,0,15.3881,0.267615,-1.04558,12,drone1
-1.03817,0.425257,1.2091e-05,151.734,1.36201,0.742372,-91.7557,0.478264,0.0252288,-0.224792,0.13617,0,25.5831,0.153897,-1.14622,12,drone1
-1.04358,0.427143,1.68205e-05,154.793,1.47238,0.711221,-97.5313,0.57961,0.117592,-0.143819,0.147639,0,29.0626,-0.0789052,-1.07404,12,drone1
-1.05657,0.432123,1.91096e-05,160.641,1.65598,0.601204,-102.941,0.670806,0.226954,-0.282636,0.0599095,0,35.9073,-0.270593,-1.07484,12,drone1
-1.06261,0.432899,2.03805e-05,168.579,1.81401,0.385518,-108.336,0.752178,0.339989,-0.300569,0.0340409,0,36.0624,-0.497168,-1.05892,12,drone1
-1.06927,0.433314,2.1587e-05,177.931,1.95306,0.0892671,-114.061,0.819502,0.451577,-0.271475,0.0566755,0,32.7448,-0.706845,-0.990018,12,drone1
-1.0795,0.432787,2.31578e-05,-172.42,2.06263,-0.255617,-120.245,0.872366,0.559307,-0.22924,0.0860346,0,28.1578,-0.903454,-0.900563,12,drone1
-1.09345,0.429543,3.03969e-05,-162.876,2.11632,-0.620803,-120.803,0.978215,0.565491,-0.115592,0.123813,0,21.7379,-1.11595,-0.77548,12,drone1
-1.11077,0.421808,2.33406e-05,-154.428,1.8838,-0.880287,-125.434,1.04971,0.630248,-0.195614,0.111917,0,15.6992,-1.13898,-0.825061,12,drone1
-1.12598,0.413148,2.17721e-05,-147.743,1.64845,-1.0171,-129.482,1.1077,0.671966,-0.187627,0.106564,0,12.0495,-1.17175,-0.545555,12,drone1
-1.14056,0.402704,1.99242e-05,-141.955,1.43446,-1.09825,-129.993,1.19155,0.635853,-0.106764,0.105474,0,7.71002,-1.11887,-0.307966,12,drone1
-1.15498,0.390299,1.8387e-05,-137.514,1.25925,-1.12804,-122.673,1.33637,0.41799,-0.00969199,0.101125,0,0.37235,-0.94832,-0.167535,12,drone1
-1.16484,0.380851,1.6943e-05,-135.377,1.12074,-1.08004,-114.966,1.43397,0.161377,0.0770874,0.0718916,0,-12.958,-0.585021,-0.194248,12,drone1
-1.16597,0.379748,1.37756e-05,-136.494,1.00654,-0.933828,-110.093,1.46875,-0.0355271,0.0348874,0.054294,0,-21.3913,-0.253142,-0.128898,12,drone1
-1.1717,0.374583,1.3871e-05,-141.178,0.964418,-0.752447,-103.882,1.44506,-0.255109,0.142652,0.0162869,0,-27.9185,0.119299,0.0964687,12,drone1
-1.16868,0.376329,1.28848e-05,-149.708,0.896723,-0.501488,-100.007,1.39244,-0.379424,0.0417825,0.0429273,0,-26.6317,0.404984,0.202732,12,drone1
-1.17464,0.373789,1.18864e-05,-159.474,0.836646,-0.292973,-93.7401,1.28982,-0.553348,0.239293,-0.00802451,0,-27.3423,0.407786,0.376964,12,drone1
-1.17058,0.374518,1.09807e-05,-169.091,0.690498,-0.113599,-86.8364,1.15837,-0.686627,0.131537,0.0265559,0,-20.9659,0.610469,0.422859,12,drone1
-1.17323,0.374082,1.03099e-05,-179.629,0.551436,0.015392,-79.6419,1.00174,-0.784542,0.123273,0.0397093,0,-18.0502,0.68859,0.548289,12,drone1
-1.18025,0.374772,9.89573e-06,169.658,0.418381,0.0955492,-72.0452,0.830142,-0.847955,0.0982947,0.0516605,0,-14.0244,0.715287,0.632602,12,drone1
-1.19192,0.377924,9.63491e-06,159.115,0.305533,0.136713,-67.5487,0.709891,-0.833465,0.0632572,0.0564379,0,-10.0148,0.706159,0.68653,12,drone1
-1.20447,0.38321,9.39889e-06,150.578,0.208997,0.139254,-68.0574,0.675056,-0.742868,0.020277,0.0533056,0,-3.01575,0.652479,0.701233,12,drone1
-1.21263,0.387711,9.10219e-06,146.056,0.11254,0.0977792,-72.5164,0.691751,-0.604383,-0.0276897,0.0388545,0,7.07127,0.559266,0.698987,12,drone1
-1.21584,0.389303,8.98155e-06,146.556,0.0036179,0.0241351,-79.6933,0.716394,-0.436689,-0.0673233,0.0162483,0,17.0291,0.443994,0.720998,12,drone1
-1.21433,0.387711,8.96221e-06,152.194,-0.135251,-0.0510218,-86.2474,0.701599,-0.288941,-0.0924434,-0.00471646,0,24.4648,0.336602,0.782454,12,drone1
-1.21017,0.385311,9.11153e-06,161.321,-0.305314,-0.0844978,-92.6601,0.6521,-0.163068,-0.106596,-0.0103284,0,25.8776,0.264797,0.875678,12,drone1
-1.20711,0.384245,9.46867e-06,172.015,-0.479358,-0.0494777,-99.3286,0.572933,-0.0587799,-0.110923,-0.00176899,0,23.3175,0.23825,0.97309,12,drone1
-1.20796,0.384267,9.97204e-06,-176.866,-0.625129,0.0518114,-96.5555,0.461031,-0.040596,0.00558017,0.0151233,0,17.5013,0.595313,0.967474,12,drone1
-1.21164,0.38265,1.06238e-05,-167.247,-0.735659,0.184647,-105.057,0.351221,0.0339605,-0.0916728,0.0366755,0,4.98722,0.189141,1.09478,12,drone1
-1.22071,0.380431,1.11654e-05,-158.731,-0.798113,0.329622,-103.458,0.24122,0.0239932,0.00714518,0.0191058,0,0.740194,0.288088,1.06958,12,drone1
-1.22446,0.377886,1.29125e-05,-151.609,-0.867264,0.490994,-111.111,0.123811,0.0583954,-0.0652586,0.039351,0,-6.73516,0.255603,1.09482,12,drone1
-1.23398,0.37245,1.32868e-05,-146.667,-0.909896,0.621068,-110.237,0.0140992,0.0597302,0.0128439,0.00465408,0,-8.82362,0.377236,1.04935,12,drone1
-1.23397,0.372292,1.55383e-05,-142.629,-0.990219,0.78261,-113.994,-0.101257,0.0676627,-0.0292383,0.0238383,0,-12.9167,0.352217,1.07129,12,drone1
-1.23943,0.367882,1.5767e-05,-140.52,-1.06341,0.900738,-115.959,-0.21851,0.0747676,-0.0136189,0.0192244,0,-13.7115,0.433667,1.08229,12,drone1
-1.24333,0.364512,1.68181e-05,-139.028,-1.14972,1.02278,-113.319,-0.434178,0.0612343,0.00626398,0.0565481,0,-12.656,0.49822,2.16654,12,drone1
-1.25178,0.357063,1.79663e-05,-139.158,-1.24348,1.09892,-113.128,-0.545139,0.08753,0.00667572,0.0241048,0,-18.2358,0.398914,1.05681,12,drone1
-1.25415,0.35508,2.12069e-05,-140.791,-1.39889,1.16832,-111.221,-0.653142,0.132897,0.0292079,0.00687534,0,-18.9304,0.374661,1.07319,12,drone1
-1.25346,0.355454,2.27314e-05,-143.558,-1.60558,1.20953,-107.694,-0.75935,0.202064,0.0467484,-0.00205895,0,-19.7829,0.318702,1.1508,12,drone1
-1.25046,0.357254,2.75604e-05,-147.995,-1.86005,1.19029,-106.191,-0.874097,0.250535,0.0310226,-0.00730028,0,-20.1032,0.208195,1.24571,12,drone1
-1.24905,0.357554,1.72907e-05,-152.984,-1.86508,0.957776,-103.761,-0.990055,0.309428,0.0351636,-0.0050441,0,-17.3032,0.15218,1.33227,12,drone1
-1.2463,0.358783,1.96196e-05,-157.767,-1.79799,0.750781,-96.3589,-1.04921,0.445407,0.0723562,-0.00060425,0,-15.9861,-0.0340179,1.16296,12,drone1
-1.24302,0.359301,1.95328e-05,-163.508,-1.72886,0.53061,-93.5351,-1.03494,0.53931,0.0380622,-0.0114551,0,-18.75,0.0732335,0.231295,12,drone1
-1.2397,0.360286,1.8253e-05,-169.839,-1.64724,0.31398,-92.9575,-0.981462,0.580418,0.021076,-0.0650581,0,-16.0901,0.0356679,-0.329883,12,drone1
-1.22618,0.362386,1.74182e-05,-175.229,-1.59538,0.151652,-90.5244,-1.01497,0.583623,0.0262741,-0.0111838,0,-8.63427,-0.538434,0.66756,12,drone1
-1.22367,0.36249,1.61238e-05,179.991,-1.48199,0.0179689,-85.3402,-1.01097,0.629203,0.0450315,0.0193223,0,-6.24992,-0.571483,0.56923,12,drone1
-1.2275,0.362628,1.47408e-05,175.289,-1.33476,-0.0918488,-80.5915,-0.992391,0.662939,0.0434462,0.0142583,0,-6.66799,-0.649429,0.358845,12,drone1
-1.23094,0.363066,1.35861e-05,170.474,-1.18783,-0.181059,-73.9774,-0.937505,0.72267,0.0622745,0.0264425,0,-7.25575,-0.69199,0.217224,12,drone1
-1.23814,0.36487,1.24748e-05,165.207,-1.0214,-0.251133,-70.0675,-0.900193,0.726433,0.0404419,0.00709455,0,-8.33013,-0.761806,-0.0130226,12,drone1
-1.24133,0.365702,1.16767e-05,159.795,-0.875797,-0.303146,-67.1314,-0.867814,0.70968,0.0326645,0.00748129,0,-6.81807,-0.725627,-0.149481,12,drone1
-1.24444,0.366734,1.10219e-05,155.203,-0.73946,-0.32177,-63.8818,-0.823683,0.692626,0.03214,0.0022456,0,-4.43229,-0.664172,-0.275089,12,drone1
-1.24691,0.367884,1.04739e-05,151.309,-0.616382,-0.316784,-60.7241,-0.774819,0.670432,0.029465,-0.00111547,0,-3.04633,-0.602267,-0.378533,12,drone1
-1.24886,0.368977,1.00405e-05,147.719,-0.504425,-0.297297,-57.9074,-0.725091,0.641289,0.0246723,-0.00429977,0,-2.18607,-0.53221,-0.464316,12,drone1
-1.25012,0.369758,9.70439e-06,144.474,-0.404811,-0.266814,-55.201,-0.672576,0.609484,0.0219105,-0.00669543,0,-1.35534,-0.456646,-0.529716,12,drone1
-1.25098,0.370376,9.43788e-06,141.546,-0.315493,-0.227445,-52.4975,-0.616906,0.577066,0.0205888,-0.00833531,0,-0.799588,-0.380743,-0.577859,12,drone1
-1.25168,0.370941,9.23437e-06,138.764,-0.23425,-0.181274,-50.2086,-0.562822,0.543673,0.0224697,-0.000824454,0,-0.661424,-0.277422,-0.593287,12,drone1
-1.25353,0.372611,9.08587e-06,136.226,-0.154816,-0.123253,-47.4607,-0.504234,0.514966,0.0193676,-0.0102644,0,-0.0826287,-0.219885,-0.597378,12,drone1
-1.25416,0.373234,8.99229e-06,133.698,-0.0875697,-0.0654523,-45.8725,-0.452005,0.476475,0.0147247,-0.00240675,0,-0.148282,-0.130972,-0.631658,12,drone1
-1.25507,0.374247,8.96904e-06,131.55,-0.0251046,-0.00100278,-41.5517,-0.37889,0.464793,0.0285334,-0.0186259,0,0.224642,-0.0668377,-0.566913,12,drone1
-1.25629,0.375558,8.96329e-06,128.642,0.0320791,0.0690696,-44.0872,-0.510304,0.479439,0.0381904,0.0609444,0,0.701008,-0.608338,0.979237,12,drone1
-1.26336,0.385167,9.14224e-06,126.501,0.112898,0.183123,-38.9473,-0.40604,0.476025,0.0317452,-0.0213542,0,3.30863,0.118046,-0.752766,12,drone1
-1.2635,0.38535,1.11672e-05,125.362,0.153989,0.254978,-34.6161,-0.305013,0.459334,0.0180678,-0.0282818,0,0.455191,0.210182,-0.760132,12,drone1
-1.26264,0.38409,1.01503e-05,123.392,0.186912,0.319198,-28.6711,-0.19742,0.44767,0.0231484,-0.0431063,0,-3.03292,0.235321,-0.661327,12,drone1
-1.26275,0.383588,9.83997e-06,119.193,0.201711,0.399092,-24.9219,-0.105173,0.414939,0.0186886,-0.0291178,0,-6.85807,0.312466,-0.671265,12,drone1
-1.26274,0.383842,9.88384e-06,114.097,0.199294,0.490014,-20.9286,-0.0149259,0.378204,0.0230557,-0.0291887,0,-6.56535,0.356688,-0.621134,12,drone1
-1.26331,0.385352,1.01719e-05,109.459,0.188839,0.588673,-17.2294,0.0686635,0.338099,0.0214802,-0.0270718,0,-5.36076,0.398829,-0.559861,12,drone1
-1.26382,0.387215,1.05571e-05,104.992,0.16625,0.69046,-15.1148,0.145369,0.29511,0.0171263,-0.0153865,0,-4.25791,0.490671,-0.546127,12,drone1
-1.26404,0.389309,1.10343e-05,101.051,0.136427,0.792748,-11.9206,0.220959,0.254776,0.0090845,-0.024623,0,-1.64982,0.489043,-0.449016,12,drone1
-1.26404,0.389643,1.15173e-05,97.5008,0.0984835,0.886369,-9.02783,0.294,0.215939,-0.000771767,-0.023625,0,-0.573047,0.534808,-0.387508,12,drone1
-1.26384,0.38839,1.20127e-05,94.0871,0.0513671,0.972413,-7.32495,0.367148,0.180529,-0.00586778,-0.0141326,0,0.274886,0.618623,-0.370289,12,drone1
-1.26369,0.386635,1.25561e-05,90.9154,-0.00121781,1.05581,1.68454,0.505874,-0.0764789,-0.0235033,-0.109818,0,0.0937891,0.887705,-2.10463,12,drone1
-1.26366,0.380191,1.29773e-05,87.1404,-0.0738081,1.11559,3.02474,0.56501,-0.0918657,-0.00565945,-0.0131973,0,-3.76592,0.614515,0.0337842,12,drone1
-1.2639,0.379014,1.36383e-05,83.0041,-0.165114,1.19753,5.44684,0.615067,-0.110551,0.00748708,-0.0205188,0,-1.60544,0.541436,0.102536,12,drone1
-1.26376,0.380595,1.45266e-05,79.3533,-0.260898,1.29003,8.384,0.658397,-0.126153,0.00484929,-0.023225,0,0.249474,0.480977,0.200593,12,drone1
-1.26353,0.381845,1.55052e-05,76.0185,-0.361943,1.3787,11.4621,0.706145,-0.14235,-0.00269427,-0.0228575,0,1.21406,0.522887,0.249433,12,drone1
-1.26354,0.381852,1.65337e-05,72.8833,-0.468359,1.45916,14.3718,0.759427,-0.157109,0.00168893,-0.022449,0,1.2521,0.563416,0.305628,12,drone1
-1.26319,0.382931,1.77397e-05,69.923,-0.583222,1.54269,17.1576,0.817309,-0.170804,0.00367619,-0.0221904,0,1.40342,0.591094,0.362436,12,drone1
-1.26257,0.384536,1.91165e-05,67.146,-0.705575,1.62707,19.8795,0.880089,-0.18418,0.00262611,-0.0216905,0,1.57784,0.619085,0.422491,12,drone1
-1.26187,0.386078,2.06515e-05,64.5194,-0.834999,1.70957,15.0875,1.04046,0.0275319,-0.00636785,0.0431716,0,1.48958,0.948744,1.76283,12,drone1
-1.26513,0.381227,2.14864e-05,63.9094,-0.896722,1.79144,19.5597,1.11561,-0.0331099,-0.000569455,-0.0284739,0,9.19272,0.742681,0.183089,12,drone1
-1.26359,0.383063,2.36053e-05,63.7396,-0.966599,1.91875,22.6881,1.18681,-0.071258,0.00423855,-0.0230005,0,5.24888,0.672869,0.338664,12,drone1
-1.2623,0.385129,2.47332e-05,61.488,-1.04416,1.87992,25.2853,1.26339,-0.105752,0.00375458,-0.021633,0,2.1783,0.695825,0.43519,12,drone1
-1.26114,0.387112,2.12101e-05,59.0769,-1.04217,1.70655,27.7281,1.33005,-0.135591,-0.004276,-0.0172219,0,2.06454,0.57539,0.472949,12,drone1
-1.26082,0.387599,1.94048e-05,56.7827,-1.02728,1.53754,30.4733,1.37134,-0.170454,-0.0168406,-0.0131477,0,2.42354,0.332078,0.424487,12,drone1
-1.2618,0.386085,1.79411e-05,54.4459,-1.00001,1.36874,33.5826,1.38873,-0.212672,-0.0177583,-0.0158445,0,1.9678,0.109702,0.375099,12,drone1
-1.2626,0.384931,1.66472e-05,51.8039,-0.972919,1.20726,36.9214,1.38377,-0.257466,-0.0153518,-0.01991,0,1.15812,-0.101229,0.326921,12,drone1
-1.26276,0.384666,1.54957e-05,48.8048,-0.947671,1.0549,40.8018,1.35889,-0.314205,-0.0207946,-0.0214433,0,0.719441,-0.243173,0.250176,12,drone1
-1.2632,0.384137,1.44345e-05,45.3559,-0.919653,0.904961,44.1898,1.31822,-0.339622,-0.0249736,-0.0132795,0,-0.00306521,-0.5045,0.282597,12,drone1
-1.26479,0.382584,1.3418e-05,41.8208,-0.877405,0.760383,48.404,1.26023,-0.378525,-0.0325096,-0.0136394,0,0.459152,-0.602892,0.196434,12,drone1
-1.26685,0.380852,1.25418e-05,38.0936,-0.825659,0.623847,50.4342,1.10026,-0.330864,0.0144186,-0.0394227,0,0.527117,-1.6519,-0.482325,12,drone1
-1.26027,0.38561,1.20789e-05,34.4016,-0.806589,0.530054,54.8646,1.03589,-0.350234,-0.0226085,-0.0254249,0,1.0995,-0.711284,0.125751,12,drone1
-1.25942,0.386242,1.15244e-05,30.9541,-0.751764,0.429389,57.9876,0.980361,-0.332365,-0.0112649,-0.0266139,0,-0.284803,-0.807915,0.141797,12,drone1
-1.25687,0.387556,1.10111e-05,27.3255,-0.700715,0.341446,62.7025,0.911292,-0.326329,-0.0331854,-0.0149085,0,0.841946,-0.918322,0.121748,12,drone1
-1.25777,0.387271,1.05688e-05,23.5389,-0.629213,0.254043,67.3694,0.841696,-0.309115,-0.0366904,-0.00843975,0,-0.194683,-0.988183,0.0593501,12,drone1
-1.25956,0.386628,1.01427e-05,19.2017,-0.550435,0.172258,71.3375,0.775562,-0.271617,-0.0293585,-0.0125815,0,-1.35475,-1.05667,-0.0255628,12,drone1
-1.25959,0.386559,9.82338e-06,14.8776,-0.475068,0.107238,75.0755,0.711833,-0.221166,-0.0254928,-0.0181665,0,-1.11977,-1.10542,-0.098774,12,drone1
-1.25791,0.386881,9.59523e-06,10.7613,-0.404173,0.0581615,79.0981,0.650581,-0.164889,-0.0277424,-0.018834,0,-0.449289,-1.13875,-0.153714,12,drone1
-1.25581,0.3872,9.41597e-06,6.74942,-0.333331,0.0209966,83.892,0.593178,-0.108276,-0.0354635,-0.0134871,0,-0.0848286,-1.16314,-0.19753,12,drone1
-1.25458,0.387345,9.26792e-06,2.69059,-0.25744,-0.00624402,88.093,0.54418,-0.0381153,-0.0328644,-0.00760799,0,-1.0186,-1.17691,-0.278276,12,drone1
-1.25387,0.387349,9.15823e-06,-1.40753,-0.17907,-0.0227266,92.3089,0.504662,0.0392911,-0.0334858,-0.00649127,0,-1.12261,-1.192,-0.322633,12,drone1
-1.25288,0.387277,9.0893e-06,-5.49484,-0.102885,-0.0283016,97.121,0.47586,0.116951,-0.0385321,-0.00573483,0,-1.05648,-1.19444,-0.362376,12,drone1
-1.25148,0.387018,9.06104e-06,-9.65658,-0.0303719,-0.0237584,102.278,0.460442,0.195849,-0.0422627,-0.0042588,0,-1.64422,-1.19014,-0.410052,12,drone1
-1.24965,0.386502,9.06524e-06,-14.0586,0.0374186,-0.00953207,107.365,0.461086,0.276961,-0.0440754,-0.0069145,0,-2.58285,-1.17686,-0.443648,12,drone1
-1.24658,0.38549,9.09351e-06,-18.7839,0.0955055,0.0131096,112.262,0.474393,0.359104,-0.0441066,-0.00475577,0,-3.29386,-1.15127,-0.501349,12,drone1
-1.24334,0.384191,9.1412e-06,-23.7429,0.14789,0.0450131,116.583,0.500133,0.443182,-0.041099,-0.00422666,0,-3.61369,-1.12287,-0.52183,12,drone1
-1.23997,0.382595,9.20714e-06,-28.6095,0.193875,0.084858,120.417,0.538216,0.528243,-0.03677,-0.0015385,0,-3.02244,-1.11261,-0.508493,12,drone1
-1.23707,0.380948,9.29137e-06,-33.0413,0.236375,0.131891,127.747,0.564929,0.568492,-0.0744821,-0.0119713,0,-1.44253,-0.78739,-0.913519,12,drone1
-1.22875,0.374803,9.33678e-06,-38.3803,0.243601,0.169581,130.134,0.621846,0.657159,-0.0271767,0.00184145,0,-5.18772,-1.08466,-0.539691,12,drone1
-1.22708,0.373478,9.45713e-06,-43.4434,0.27556,0.235807,133.313,0.702556,0.72808,-0.0224912,0.0143027,0,-2.14219,-1.10044,-0.392639,12,drone1
-1.22671,0.373122,9.65339e-06,-46.7624,0.31323,0.306436,138.865,0.806614,0.738991,-0.0406609,0.0192292,0,0.555285,-0.853094,-0.282423,12,drone1
-1.22452,0.370754,9.88655e-06,-51.1026,0.328962,0.378474,134.546,0.787275,0.971257,0.0199123,-0.02716,0,-0.0559531,-1.43231,-1.05557,12,drone1
-1.22534,0.371343,3.81767e-06,-54.9827,0.338815,0.473951,139.444,0.866997,0.931603,-0.0272754,0.0194573,0,6.46883,-0.235798,-0.0681118,12,drone1
-1.22466,0.37048,7.65981e-06,-58.3221,0.35604,0.55282,143.653,0.785496,0.851876,-0.0708988,-0.0233896,0,5.71851,1.16107,-0.782573,12,drone1
-1.21776,0.358506,9.42392e-06,-62.0018,0.329789,0.585976,148.547,0.836624,0.788956,-0.0310647,0.0198371,0,4.75892,0.0870426,-0.0775071,12,drone1
-1.21658,0.356344,1.04918e-05,-65.905,0.319633,0.671546,153.91,0.876533,0.705469,-0.0292473,0.0274461,0,3.93177,0.248808,-0.0720861,12,drone1
-1.21565,0.354405,1.11415e-05,-70.3059,0.292746,0.763915,160.859,0.93578,0.520733,-0.0231102,0.0464165,0,2.84322,0.501438,0.617307,12,drone1
-1.21529,0.354333,1.17153e-05,-75.4612,0.244591,0.869863,162.901,0.892661,0.481199,0.00381042,0.0192235,0,-1.32352,0.602228,-0.16287,12,drone1
-1.21619,0.356636,1.23352e-05,-80.3151,0.186942,0.986041,164.827,0.837272,0.440104,0.0127772,0.0182801,0,1.63045,0.704312,-0.0861988,12,drone1
-1.21693,0.360377,1.30868e-05,-84.2326,0.13015,1.10558,169.326,0.785682,0.356712,-0.0154385,0.0276351,0,5.51784,0.829759,-0.0076765,12,drone1
-1.21677,0.358836,1.37252e-05,-87.8656,0.0630355,1.19856,173.811,0.715341,0.276974,-0.0177099,0.0282874,0,4.90552,0.957752,0.0266107,12,drone1
-1.21672,0.35646,1.44173e-05,-91.5143,-0.0156607,1.28634,-179.642,0.647218,0.155397,-0.00794532,0.0470543,0,4.24494,0.981835,0.299766,12,drone1
-1.21683,0.355911,1.5281e-05,-95.3703,-0.111336,1.38043,-175.696,0.543077,0.0990359,-0.0131966,0.0298731,0,1.17465,1.13019,0.12446,12,drone1
-1.2171,0.353319,1.61281e-05,-99.365,-0.22229,1.46036,-169.01,0.363055,-0.0175387,-0.0395052,0.0543151,0,1.05048,1.83668,0.661093,12,drone1
-1.21913,0.344623,1.6806e-05,-103.731,-0.348456,1.50329,-165.579,0.245034,-0.0444912,-0.00890079,0.0302285,0,-1.65027,1.12982,0.277706,12,drone1
-1.21964,0.342106,1.78216e-05,-108.214,-0.496402,1.56698,-162.573,0.128739,-0.0687567,-0.0143725,0.0279979,0,-0.192602,1.07132,0.394956,12,drone1
-1.22079,0.338336,1.88896e-05,-112.01,-0.636101,1.6221,-163.396,0.0362367,0.0238992,-0.0118332,-0.00264564,0,-0.423661,1.16555,-0.583593,12,drone1
-1.22076,0.336902,2.02014e-05,-113.967,-0.738548,1.70575,-160.038,-0.0892502,-0.0055989,-0.00951068,0.0253542,0,5.84199,1.16096,0.574335,12,drone1
-1.22246,0.333723,2.15756e-05,-115.329,-0.826707,1.78858,-156.81,-0.222459,-0.0212019,-0.00725574,0.025686,0,4.42638,1.20401,0.600181,12,drone1
-1.22395,0.330875,2.31763e-05,-117.671,-0.954244,1.85851,-154.43,-0.35635,-0.0387765,-0.0731229,0.0471753,0,5.07241,1.15693,0.708003,12,drone1
-1.23208,0.315884,2.39625e-05,-119.911,-1.05509,1.86996,-151.971,-0.49421,-0.0443841,-0.0360009,0.0351289,0,3.82995,1.17581,0.72249,12,drone1
-1.23689,0.307844,2.80402e-05,-121.912,-1.12517,1.85504,-149.672,-0.631235,-0.038932,0.00425724,0.0157888,0,2.49739,1.1558,0.723831,12,drone1
-1.23714,0.307391,2.43334e-05,-123.947,-1.16442,1.76479,-147.214,-0.756109,-0.028472,0.0171854,0.0100974,0,2.2203,1.01089,0.730763,12,drone1
-1.23597,0.309022,2.30095e-05,-126.053,-1.20913,1.69135,-150.151,-0.756787,0.00628704,0.0348049,-0.0515855,0,2.1413,0.429683,-0.631128,12,drone1
-1.231,0.315884,2.29555e-05,-126.063,-1.21482,1.69823,-147.169,-0.861346,0.0129474,0.0148887,0.0120765,0,6.83238,0.837288,0.687487,12,drone1
-1.23091,0.316452,2.25934e-05,-125.744,-1.19053,1.68407,-144.543,-0.958019,0.0263919,0.00773969,0.015724,0,3.87761,0.735558,0.678874,12,drone1
-1.23129,0.315983,2.23609e-05,-127.68,-1.23151,1.62351,-141.09,-1.04081,0.0665663,0.0255152,0.0144367,0,0.396583,0.605721,0.634571,12,drone1
-1.22984,0.317804,2.23487e-05,-130.431,-1.30577,1.55999,-136.711,-1.10895,0.129263,0.0400991,0.0130304,0,-1.62003,0.464219,0.637876,12,drone1
-1.22685,0.321069,2.25519e-05,-134.294,-1.41738,1.47827,-132.973,-1.17057,0.182823,0.0296638,0.0153044,0,-3.08166,0.347983,0.687458,12,drone1
-1.22512,0.322633,2.27053e-05,-138.495,-1.52962,1.37738,-125.914,-1.24159,0.221176,0.0222874,0.0605575,0,-3.41027,-0.148338,1.51044,12,drone1
-1.22995,0.318445,2.23338e-05,-144.021,-1.63567,1.20948,-123.09,-1.29359,0.257982,0.0190446,0.0184456,0,-5.48593,0.0659075,0.752726,12,drone1
-1.22992,0.318715,2.25466e-05,-149.319,-1.75239,1.06051,-121.902,-1.34791,0.250134,0.00564154,0.0116857,0,-2.39,-0.0158522,0.729389,12,drone1
-1.2307,0.318555,2.28029e-05,-152.136,-1.81788,0.981386,-121.749,-1.40366,0.204611,-0.00826765,0.0121099,0,2.34155,-0.0648215,0.702252,12,drone1
-1.23306,0.317597,2.30299e-05,-153.228,-1.85121,0.954102,-119.883,-1.44955,0.199029,0.00649446,0.0105762,0,4.40749,-0.0487902,0.653842,12,drone1
-1.2341,0.316944,2.34767e-05,-154.009,-1.89148,0.942227,-123.391,-1.4016,0.164044,-0.0161832,-0.0322072,0,3.57816,0.231689,-0.830031,12,drone1
-1.22993,0.319666,2.44314e-05,-153.236,-1.93837,0.997817,-124.302,-1.46189,0.189837,-0.0166052,0.0084532,0,2.72072,0.774691,0.15851,12,drone1
-1.23309,0.317897,2.28553e-05,-151.254,-1.88552,1.05188,-122.27,-1.51347,0.184325,-0.00537288,0.024919,0,7.97298,0.0554701,0.671559,12,drone1
-1.23758,0.315057,2.31781e-05,-150.906,-1.84558,1.0466,-118.349,-1.54723,0.237589,0.0151786,0.0277125,0,3.70347,-0.0603707,0.627311,12,drone1
-1.24055,0.313044,2.31758e-05,-152.767,-1.85847,0.976483,-111.985,-1.61641,0.262587,0.0216574,0.05808,0,3.72311,-0.651403,1.57143,12,drone1
-1.24832,0.308837,2.2738e-05,-156.692,-1.88365,0.831187,-110.194,-1.64039,0.279277,0.0182033,0.00219591,0,-4.83546,-0.32637,0.490954,12,drone1
-1.24693,0.309704,2.29349e-05,-160.728,-1.95268,0.701855,-107.83,-1.65356,0.304704,0.0244256,-0.00688432,0,-2.75764,-0.383005,0.421322,12,drone1
-1.24392,0.310742,2.33815e-05,-163.803,-2.01771,0.60495,-105.509,-1.66894,0.318417,0.0211645,-0.00419871,0,-1.01839,-0.445712,0.449757,12,drone1
-1.24179,0.311335,2.38451e-05,-166.576,-2.07775,0.514527,-102.007,-1.67978,0.360304,0.028725,0.000128462,0,-0.587829,-0.501684,0.486432,12,drone1
-1.24031,0.311499,2.44513e-05,-169.401,-2.13763,0.418618,-99.2612,-1.69543,0.379755,0.022463,0.00141153,0,-1.15038,-0.556218,0.475872,12,drone1
-1.2396,0.31158,2.25748e-05,-172.316,-2.13821,0.303682,-97.4254,-1.72449,0.362604,0.0143202,0.00487974,0,-0.797395,-0.661781,0.535254,12,drone1
-1.24,0.311575,2.30156e-05,-175.068,-2.11355,0.199451,-95.9821,-1.75365,0.333969,0.0102353,0.00587673,0,0.429962,-0.649541,0.476132,12,drone1
-1.24079,0.311551,2.29833e-05,-177.575,-2.0895,0.106315,-95.8003,-1.78788,0.259835,0.00735256,0.00555449,0,1.84343,-0.695117,0.427747,12,drone1
-1.24062,0.311571,2.28723e-05,-179.75,-2.07357,0.0271468,-95.6144,-1.82546,0.205842,0.00983575,-0.00143889,0,1.87799,-0.492531,0.435698,12,drone1
-1.2405,0.311529,2.27629e-05,178.438,-2.06231,-0.0380556,-94.9782,-1.84942,0.139583,0.00228055,0.00939199,0,6.38536,-0.619302,0.3346,12,drone1
-1.24039,0.311454,2.27206e-05,176.933,-2.05687,-0.0919803,-94.8295,-1.87248,0.0552454,-0.00569238,0.00919636,0,7.77468,-0.602013,0.3057,12,drone1
-1.24224,0.31146,2.26424e-05,175.758,-2.0488,-0.133698,-93.961,-1.89146,0.00110633,0.00609199,0.00602298,0,8.70332,-0.505473,0.269551,12,drone1
-1.24214,0.311378,2.27872e-05,174.862,-2.05729,-0.166674,-93.0633,-1.90887,-0.0463185,0.00667946,0.00412453,0,8.99412,-0.444653,0.238215,12,drone1
-1.24209,0.311306,2.30265e-05,174.151,-2.07284,-0.193994,-92.166,-1.92692,-0.0946116,0.0067649,0.00423257,0,8.98967,-0.45615,0.23859,12,drone1
-1.24205,0.311244,2.33649e-05,173.596,-2.09572,-0.216866,-91.2876,-1.94599,-0.140531,0.00684094,0.00427541,0,8.80107,-0.435529,0.238401,12,drone1
-1.24201,0.311193,2.38068e-05,173.167,-2.12601,-0.236357,-90.4414,-1.96712,-0.181442,0.00690649,0.00429254,0,8.47624,-0.38811,0.246593,12,drone1
-1.24199,0.311152,2.44355e-05,172.841,-2.16357,-0.2532,-89.6374,-1.98979,-0.224171,0.00700288,0.00428703,0,8.05636,-0.409543,0.256258,12,drone1
-1.24197,0.311121,2.23524e-05,172.6,-2.14136,-0.263191,-88.8812,-2.01501,-0.26566,0.00707991,0.00426802,0,7.577,-0.400352,0.273637,12,drone1
-1.24196,0.311097,2.28925e-05,172.421,-2.10375,-0.262815,-85.5715,-2.01401,-0.238343,0.0203744,-0.0023334,0,6.86659,-0.655784,-0.0768149,12,drone1
-1.24169,0.311286,2.29513e-05,171.944,-2.07336,-0.275456,-85.18,-2.03464,-0.281253,0.00739243,0.00382896,0,3.93015,-0.437851,0.18611,12,drone1
-1.24164,0.311196,2.28019e-05,171.289,-2.04833,-0.295491,-84.7801,-2.05166,-0.323247,0.00719078,0.00409475,0,4.01489,-0.427954,0.147944,12,drone1
-1.2416,0.311123,2.26529e-05,170.816,-2.03146,-0.309957,-83.2975,-2.06773,-0.498797,0.00783818,0.00972791,0,6.0047,-2.0757,0.0252305,12,drone1
-1.24371,0.311519,2.2434e-05,170.347,-2.01137,-0.323594,-84.6403,-2.06564,-0.593325,-0.0121627,0.0116423,0,3.86833,-0.333102,0.10621,12,drone1
-1.24557,0.311583,2.23028e-05,170.171,-2.00132,-0.328203,-84.1041,-2.07866,-0.620334,-0.00388597,0.00428699,0,5.37215,-0.276148,0.116162,12,drone1
-1.24555,0.31159,2.24006e-05,170.289,-2.00905,-0.325291,-83.6213,-2.09059,-0.650411,0.00237342,0.00178014,0,4.83891,-0.307581,0.0994933,12,drone1
-1.24556,0.311604,2.25891e-05,170.371,-2.02338,-0.324751,-83.2143,-2.10224,-0.682882,0.00767935,-0.000117446,0,4.08208,-0.332623,0.0903865,12,drone1
-1.24556,0.311613,2.28704e-05,170.429,-2.04456,-0.326229,-81.149,-2.11295,-0.655255,0.0141501,0.00876017,0,3.93555,-0.33306,-0.108437,12,drone1
-1.24773,0.312173,2.31158e-05,170.21,-2.06056,-0.336979,-79.6875,-2.14272,-0.647508,0.0108975,0.00345539,0,1.47071,-0.427247,0.0941778,12,drone1
-1.24876,0.312446,2.35237e-05,169.621,-2.0866,-0.363591,-79.6477,-2.15675,-0.694268,0.00345896,-0.00355038,0,0.41517,-0.484668,0.0560337,12,drone1
-1.24869,0.31234,2.41049e-05,169.033,-2.12464,-0.393093,-79.5477,-2.17481,-0.741677,0.000362532,-0.00375188,0,1.01887,-0.497726,0.0965083,12,drone1
-1.24866,0.312265,2.65768e-05,168.646,-2.13569,-0.405485,-79.4163,-2.19555,-0.799028,0.00484754,-0.00333487,0,1.33669,-0.600103,0.106261,12,drone1
-1.24864,0.312217,2.42899e-05,168.398,-2.08798,-0.408695,-79.2644,-2.2159,-0.860834,0.00618449,-0.00321541,0,1.54248,-0.643357,0.094426,12,drone1
-1.24862,0.312185,2.32315e-05,168.238,-2.04902,-0.407762,-79.1045,-2.23191,-0.923981,0.0065767,-0.00318391,0,1.62433,-0.649193,0.048063,12,drone1
-1.24861,0.312165,2.26853e-05,168.135,-2.01812,-0.405364,-78.9454,-2.25053,-0.992782,0.00675077,-0.00315851,0,1.61864,-0.709535,0.0619747,12,drone1
-1.24861,0.312152,2.23639e-05,168.07,-1.99484,-0.402865,-78.7923,-2.26793,-1.0633,0.00681624,-0.00316187,0,1.55854,-0.724373,0.0445596,12,drone1
-1.2486,0.312143,2.21665e-05,168.029,-1.97891,-0.400957,-74.4218,-2.31795,-1.00861,0.0262023,-0.0372051,0,1.37248,-1.09828,-0.428193,12,drone1
-1.24261,0.31137,2.24528e-05,167.196,-1.99255,-0.434078,-74.7111,-2.33154,-1.09524,0.00663168,-0.00370152,0,-2.85946,-0.867689,-0.121005,12,drone1
-1.2426,0.311157,2.24348e-05,165.973,-1.9812,-0.476114,-72.4384,-2.44306,-1.09073,0.0200996,-0.0011474,0,-2.54291,-1.13538,0.342653,12,drone1
-1.24351,0.311596,2.24408e-05,164.697,-1.97065,-0.520256,-72.7216,-2.458,-1.18783,0.00805473,0.0022228,0,-2.7922,-0.966397,-0.171393,12,drone1
-1.24336,0.311309,2.26182e-05,163.495,-1.9721,-0.565243,-73.4467,-2.43856,-1.253,0.00404678,0.0272662,0,-1.7587,-0.372215,-0.204733,12,drone1
-1.24854,0.31266,2.25317e-05,163.026,-1.96146,-0.579573,-73.394,-2.4596,-1.33007,0.00977742,-0.000834312,0,0.559983,-0.798079,-0.0141499,12,drone1
-1.24843,0.312588,2.28884e-05,162.921,-1.98654,-0.591194,-73.2892,-2.477,-1.38628,0.00465648,-0.00505755,0,1.07191,-0.587821,0.0112025,12,drone1
-1.24843,0.312574,2.33537e-05,162.871,-2.01841,-0.602893,-73.1756,-2.49228,-1.4273,0.00497888,-0.00570383,0,1.15419,-0.43617,0.0325192,12,drone1
-1.24843,0.312567,2.39199e-05,162.847,-2.05731,-0.615821,-71.2227,-2.54979,-1.3746,0.0141308,-0.00370262,0,0.776354,-0.31941,0.0333091,12,drone1
-1.24869,0.312906,2.66064e-05,162.335,-2.08865,-0.641305,-68.5556,-2.61346,-1.28321,0.0171376,-0.0122108,0,0.75803,-0.254154,-0.0394108,12,drone1
-1.24765,0.312785,2.43297e-05,160.931,-2.03139,-0.681764,-66.1686,-2.67691,-1.18113,0.0212697,-0.0044316,0,-3.65413,-0.241376,-0.0586639,12,drone1
-1.24842,0.313185,2.3557e-05,158.839,-1.95899,-0.737793,-62.9295,-2.7462,-1.02993,0.0275299,-0.0091346,0,-4.72829,-0.202239,-0.13136,12,drone1
-1.24902,0.313594,2.28212e-05,156.052,-1.88313,-0.815826,-61.334,-2.7702,-0.957377,0.0143768,-0.00859698,0,-5.5302,-0.20003,-0.270581,12,drone1
-1.24866,0.313244,2.23554e-05,153.257,-1.81599,-0.894224,-66.3386,-2.6675,-1.20602,-0.0398778,0.00396685,0,-2.6,-0.136946,-0.229628,12,drone1
-1.24538,0.310754,2.15078e-05,153.233,-1.81125,-0.894596,-68.5717,-2.60244,-1.32501,-0.0245652,-0.00321716,0,4.92263,0.0861046,-0.0287545,12,drone1
-1.24305,0.30959,2.18501e-05,155.881,-1.84836,-0.808105,-67.9229,-2.60057,-1.30162,-0.00328346,0.00404051,0,6.47666,0.227347,0.0564282,12,drone1
-1.24339,0.310151,2.1899e-05,157.61,-1.86213,-0.747559,-66.2924,-2.61907,-1.21635,0.0124394,0.00247978,0,2.68021,0.255099,-0.0243931,12,drone1
-1.24494,0.311134,2.18589e-05,157.732,-1.85425,-0.739521,-64.6741,-2.63341,-1.12081,0.0149309,0.00117338,0,-0.788383,0.244113,-0.116592,12,drone1
-1.24636,0.31189,2.18593e-05,156.782,-1.83925,-0.768998,-64.9114,-2.60778,-1.109,0.00853547,0.00240404,0,-2.37844,0.219567,-0.177099,12,drone1
-1.2462,0.311627,2.20406e-05,155.947,-1.83963,-0.800929,-65.0326,-2.58414,-1.09356,0.00758292,0.00136095,0,-1.21909,0.241354,-0.146399,12,drone1
-1.24614,0.311529,2.22783e-05,155.691,-1.8536,-0.817101,-65.0534,-2.56417,-1.07499,0.00645346,0.00136234,0,-0.215723,0.252628,-0.102316,12,drone1
-1.24613,0.3115,2.26182e-05,155.618,-1.87625,-0.830233,-65.0371,-2.54728,-1.05481,0.00450759,0.000920652,0,0.153882,0.25392,-0.0684241,12,drone1
-1.24613,0.311491,2.30588e-05,155.597,-1.90596,-0.84453,-65.0139,-2.5357,-1.03451,0.00451666,0.000568687,0,0.223218,0.232712,-0.0197798,12,drone1
-1.24613,0.311488,2.36036e-05,155.591,-1.94229,-0.861243,-64.9881,-2.52369,-1.0128,0.00359661,0.000855172,0,0.248186,0.247291,-0.0176979,12,drone1
-1.24613,0.311486,2.42588e-05,155.589,-1.98517,-0.88076,-64.969,-2.52027,-0.992285,0.0053986,7.26036e-05,0,0.182415,0.200275,0.0553157,12,drone1
-1.24613,0.311486,2.28151e-05,155.589,-1.97457,-0.878821,-64.9527,-2.52336,-0.972654,0.00580465,-9.51396e-05,0,0.154588,0.164731,0.110838,12,drone1
-1.24613,0.311485,2.26806e-05,155.59,-1.9319,-0.858273,-64.932,-2.52136,-0.953582,0.00347935,0.000960433,0,0.198365,0.181181,0.0622725,12,drone1
-1.24614,0.311484,2.25477e-05,155.591,-1.89623,-0.841159,-64.9233,-2.51834,-0.934919,0.00742903,-0.000868995,0,0.078297,0.181751,0.0514613,12,drone1
-1.24614,0.311483,2.23411e-05,155.592,-1.86732,-0.827522,-64.9123,-2.51066,-0.918051,0.00614336,-0.000286502,0,0.103158,0.185166,0.00174392,12,drone1
-1.24614,0.311483,2.2118e-05,155.593,-1.84506,-0.817173,-64.9037,-2.49939,-0.901001,0.00672421,-0.00057285,0,0.0778177,0.202048,-0.0300061,12,drone1
-1.24614,0.311482,2.19324e-05,155.594,-1.82938,-0.809943,-64.8964,-2.48653,-0.885114,0.00685714,-0.000642391,0,0.0663705,0.19824,-0.0492083,12,drone1
-1.24615,0.311481,2.18149e-05,155.595,-1.82019,-0.805718,-64.8895,-2.47211,-0.869622,0.00672603,-0.000591907,0,0.0626317,0.201298,-0.0650043,12,drone1
-1.24615,0.31148,2.17792e-05,155.595,-1.81742,-0.804431,-64.885,-2.45804,-0.854126,0.00741341,-0.000915542,0,0.038354,0.199886,-0.0617776,12,drone1
-1.24615,0.311479,2.18304e-05,155.596,-1.82102,-0.806041,-64.8812,-2.4463,-0.842577,0.00743665,-0.000919062,0,0.0335298,0.154308,-0.0574003,12,drone1
-1.24615,0.311479,2.1971e-05,155.596,-1.83095,-0.810526,-64.8778,-2.43619,-0.832662,0.00744304,-0.000920036,0,0.0294033,0.132584,-0.0494958,12,drone1
-1.24615,0.311478,2.22029e-05,155.597,-1.8472,-0.817878,-67.2934,-2.36453,-0.855397,-0.0216772,-0.0018446,0,0.0331593,0.864544,0.0260567,12,drone1
-1.2439,0.310136,2.27008e-05,156.474,-1.89376,-0.804407,-67.0487,-2.36677,-0.846519,0.00732841,-0.000521734,0,2.44342,0.0742255,0.053467,12,drone1
-1.24411,0.310461,2.3089e-05,157.547,-1.93692,-0.780592,-66.9164,-2.37185,-0.840423,0.00867452,0.00159893,0,1.32059,0.0370323,0.070099,12,drone1
-1.24418,0.310589,2.36312e-05,157.912,-1.97752,-0.782672,-66.9049,-2.37865,-0.837169,0.00840811,0.00121192,0,0.114171,0.00327907,0.0753737,12,drone1
-1.24421,0.310632,2.42725e-05,158.037,-2.02177,-0.795482,-66.9312,-2.38894,-0.836328,0.00831715,0.00108924,0,-0.263516,-0.0328274,0.0978646,12,drone1
-1.24421,0.310648,2.26816e-05,158.079,-2.01032,-0.792283,-66.9675,-2.40483,-0.836772,0.00827195,0.00107772,0,-0.363246,-0.0667519,0.144264,12,drone1
-1.24421,0.310652,2.26735e-05,158.094,-1.96817,-0.773367,-65.4075,-2.43986,-0.772856,0.0129157,-0.00175141,0,-0.562032,-0.0874023,0.0966407,12,drone1
-1.24501,0.311204,2.25073e-05,157.561,-1.92154,-0.774495,-63.9806,-2.46714,-0.716098,0.013289,-0.00161984,0,-2.12969,-0.145405,-0.00402281,12,drone1
-1.24581,0.311625,2.22657e-05,156.329,-1.8722,-0.800999,-62.8199,-2.48632,-0.674905,0.0122852,-0.000728628,0,-2.99085,-0.200067,-0.0876149,12,drone1
-1.24666,0.311997,2.19952e-05,154.901,-1.82617,-0.835233,-59.2874,-2.52606,-0.529241,0.0326228,-0.00290894,0,-3.69168,-0.209851,-0.13264,12,drone1
-1.24913,0.313502,2.16178e-05,152.545,-1.76333,-0.895562,-58.0125,-2.5377,-0.494432,0.0146673,-0.00260313,0,-5.15986,-0.347111,-0.277929,12,drone1
-1.24984,0.313695,2.14966e-05,149.92,-1.70893,-0.968554,-56.9323,-2.54657,-0.48329,0.0115521,-0.00356858,0,-4.20863,-0.439466,-0.339772,12,drone1
-1.25026,0.313839,2.14279e-05,148.113,-1.67352,-1.01946,-57.1846,-2.54883,-0.537333,0.00895817,-0.00340918,0,-2.50032,-0.459238,-0.284705,12,drone1
-1.25003,0.313513,2.15121e-05,147.246,-1.66309,-1.04799,-63.0035,-2.56556,-0.792871,-0.0131738,0.0596007,0,-2.36932,-0.544611,0.622181,12,drone1
-1.25766,0.318051,2.11214e-05,148.496,-1.66069,-0.996291,-56.1204,-2.64218,-0.538296,0.0527164,-0.00639515,0,4.70981,-0.36703,-0.0978527,12,drone1
-1.25972,0.319608,2.40623e-05,149.433,-1.68696,-0.96837,-53.7588,-2.68339,-0.485474,0.0216845,-0.00438419,0,-2.65236,-0.670376,-0.241633,12,drone1
-1.26133,0.320777,2.30889e-05,147.41,-1.6662,-1.03943,-50.9292,-2.71498,-0.408486,0.0168685,-0.0217166,0,-5.6916,-0.681563,-0.471893,12,drone1
-1.26013,0.320006,2.27562e-05,144.533,-1.64465,-1.14716,-49.0663,-2.74388,-0.381436,0.0138836,-0.0141675,0,-6.6864,-0.771829,-0.533988,12,drone1
-1.25966,0.319562,2.29027e-05,141.639,-1.61861,-1.25671,-45.8383,-2.77794,-0.358675,0.0122897,-0.0308383,0,-5.60171,-1.24514,-0.999903,12,drone1
-1.25742,0.317694,2.35436e-05,138.508,-1.59372,-1.38453,-44.3304,-2.82966,-0.356611,0.00864574,-0.0141776,0,-5.56774,-0.96164,-0.442187,12,drone1
-1.2566,0.316841,2.43026e-05,135.646,-1.56558,-1.50452,-43.384,-2.89065,-0.392902,0.00174302,-0.0123847,0,-3.45884,-1.07151,-0.37394,12,drone1
-1.2554,0.315556,2.21906e-05,133.942,-1.5068,-1.54211,-42.2736,-2.96347,-0.426245,0.00220587,-0.0114533,0,-1.51301,-1.13411,-0.275257,12,drone1
-1.25452,0.314596,2.20725e-05,132.667,-1.42864,-1.52581,-42.2257,-3.05298,-0.516814,0.0208472,0.0172043,0,-1.12182,-1.31762,-0.150037,12,drone1
-1.25806,0.318503,2.14531e-05,131.954,-1.35055,-1.47618,-40.1393,-3.12975,-0.498148,0.0132579,-0.0099026,0,0.00955168,-1.06803,-0.284346,12,drone1
-1.2587,0.319132,2.09663e-05,130.833,-1.28218,-1.45612,-40.2893,-3.18338,-0.589911,0.00484235,-0.00797282,0,-1.45295,-0.996533,-0.36606,12,drone1
-1.25838,0.318833,2.05097e-05,129.835,-1.22646,-1.44165,-39.7589,-3.22499,-0.637046,-0.00748242,-0.0114418,0,0.328614,-0.76426,-0.332691,12,drone1
-1.25671,0.316794,2.02135e-05,129.523,-1.20008,-1.42571,-38.3692,-3.25794,-0.625743,0.00177063,-0.0120695,0,0.526899,-0.558254,-0.369423,12,drone1
-1.25608,0.315943,1.98681e-05,128.65,-1.15947,-1.42038,-37.0741,-3.27937,-0.608632,0.00205376,-0.0116279,0,-0.396053,-0.425011,-0.416102,12,drone1
-1.25541,0.315047,1.95956e-05,127.363,-1.11318,-1.42758,-35.7905,-3.28929,-0.580953,0.00302256,-0.0110429,0,-0.824915,-0.272629,-0.429011,12,drone1
-1.25491,0.314342,1.93886e-05,126.032,-1.06919,-1.43858,-34.5099,-3.28911,-0.549199,0.0040845,-0.0101522,0,-0.843241,-0.16344,-0.457745,12,drone1
-1.25461,0.313885,1.92398e-05,124.687,-1.02775,-1.45262,-31.9238,-3.3202,-0.468966,0.0284916,-0.00539967,0,-0.590914,-0.481119,-0.545185,12,drone1
-1.25717,0.317463,1.89001e-05,122.765,-0.961993,-1.46069,-30.7514,-3.30392,-0.431389,0.00467164,-0.00967243,0,-1.99936,0.0132694,-0.498819,12,drone1
-1.25681,0.317019,1.88792e-05,120.805,-0.911116,-1.49222,-29.4681,-3.28228,-0.387683,0.00115281,-0.0120611,0,-1.24826,0.0824083,-0.483117,12,drone1
-1.25624,0.316047,1.8986e-05,119.338,-0.876787,-1.52245,-28.1019,-3.25873,-0.340285,0.00177647,-0.0117126,0,-0.570121,0.114319,-0.456354,12,drone1
-1.25584,0.315272,1.91416e-05,117.933,-0.845501,-1.55537,-26.7112,-3.23404,-0.29139,0.00280972,-0.0111753,0,-0.467751,0.131009,-0.44229,12,drone1
-1.2556,0.314747,1.93521e-05,116.526,-0.815174,-1.5919,-25.2968,-3.20861,-0.240827,0.00371667,-0.0108424,0,-0.454528,0.142618,-0.427923,12,drone1
-1.25547,0.314437,1.96225e-05,115.105,-0.785256,-1.63254,-23.9049,-3.18408,-0.192106,0.00530134,-0.00988932,0,-0.485993,0.132784,-0.4157,12,drone1
-1.25553,0.314508,1.9945e-05,113.681,-0.755376,-1.67648,-22.2864,-3.16074,-0.132245,0.0063526,-0.0113587,0,-0.474756,0.121479,-0.411401,12,drone1
