1.68368,1.74668,5.53539e-06,0,0,-0.0111886,0,0,0,0,0,0,0,0,0,-1,pipuck8
1.68368,1.74668,7.91351e-06,0,0,-0.0159945,0,0,0,0,0,0,0,0,0,-1,pipuck8
1.68368,1.74668,8.88486e-06,0,0,-0.0179578,0,0,0,0,0,0,0,0,0,-1,pipuck8
1.68368,1.74668,9.26229e-06,0,0,-0.0187206,0,0,0,0,0,0,0,0,0,-1,pipuck8
1.68368,1.74668,9.40043e-06,0,0,-0.0189998,0,0,0,0,0,0,0,0,0,-1,pipuck8
1.68368,1.74668,9.44705e-06,0,0,-0.019094,0,0,0,0,0,0,0,0,0,-1,pipuck8
1.68368,1.74668,9.46085e-06,0,0,-0.0191219,0,0,0,0,0,0,0,0,0,-1,pipuck8
1.68368,1.74668,9.46391e-06,0,0,-0.0191281,0,0,0,0,0,0,0,0,0,-1,pipuck8
1.68368,1.74668,9.46396e-06,0,0,-0.0191282,0,0,0,0,0,0,0,0,0,-1,pipuck8
1.68368,1.74668,9.46346e-06,0,0,-0.0191272,0,0,0,0,0,0,0,0,0,-1,pipuck8
1.68368,1.74668,9.46303e-06,0,0,-0.0191263,0,0,0,0,0,0,0,0,0,-1,pipuck8
1.68368,1.74668,9.46276e-06,0,0,-0.0191258,0,0,0,0,0,0,0,0,0,-1,pipuck8
1.68368,1.74668,9.46262e-06,0,0,-0.0191255,0,0,0,0,0,0,0,0,0,-1,pipuck8
1.68368,1.74668,9.46255e-06,0,0,-0.0191254,0,0,0,0,0,0,0,0,0,-1,pipuck8
1.68368,1.74668,9.46252e-06,0,0,-0.0191253,0,0,0,0,0,0,0,0,0,-1,pipuck8
1.68368,1.74668,9.46251e-06,0,0,-0.0191253,0,0,0,0,0,0,0,0,0,-1,pipuck8
1.68368,1.74668,9.4625e-06,0,0,-0.0191253,0,0,0,0,0,0,0,0,0,-1,pipuck8
1.68368,1.74668,9.4625e-06,0,0,-0.0191253,0,0,0,0,0,0,0,0,0,-1,pipuck8
1.68368,1.74668,9.4625e-06,0,0,-0.0191253,0,0,0,0,0,0,0,0,0,-1,pipuck8
1.68368,1.74668,9.4625e-06,0,0,-0.0191253,0,0,0,0,0,0,0,0,0,-1,pipuck8
1.68368,1.74668,9.4625e-06,0,0,-0.0191253,0,0,0,0,0,0,0,0,0,-1,pipuck8
1.68368,1.74668,9.4625e-06,0,0,-0.0191252,0,0,0,0,0,0,0,0,0,-1,pipuck8
1.68368,1.74668,9.4625e-06,0,0,-0.0191252,0,0,0,0,0,0,0,0,0,-1,pipuck8
1.68368,1.74668,9.4625e-06,0,0,-0.0191252,0,0,0,0,0,0,0,0,0,-1,pipuck8
1.68368,1.74668,9.4625e-06,0,0,-0.0191252,0,0,0,0,0,0,0,0,0,-1,pipuck8
1.68368,1.74668,9.4625e-06,0,0,-0.0191252,0,0,0,0,0,0,0,0,0,-1,pipuck8
1.68368,1.74668,9.4625e-06,0,0,-0.0191252,0,0,0,0,0,0,0,0,0,-1,pipuck8
1.68368,1.74668,9.4625e-06,0,0,-0.0191252,0,0,0,0,0,0,0,0,0,-1,pipuck8
1.68368,1.74668,9.4625e-06,0,0,-0.0191252,0,0,0,0,0,0,0,0,0,-1,pipuck8
1.68368,1.74668,9.4625e-06,0,0,-0.0191252,0,0,0,0,0,0,0,0,0,-1,pipuck8
1.68368,1.74668,9.4625e-06,0,0,-0.0191252,0,0,0,0,0,0,0,0,0,-1,pipuck8
1.68368,1.74668,9.4625e-06,0,0,-0.0191252,0,0,0,0,0,0,0,0,0,-1,pipuck8
1.68368,1.74668,9.4625e-06,0,0,-0.0191252,0,0,0,0,0,0,0,0,0,-1,pipuck8
1.68368,1.74668,9.4625e-06,0,0,-0.0191252,0,0,0,0,0,0,0,0,0,-1,pipuck8
1.68368,1.74668,9.4625e-06,0,0,-0.0191252,0,0,0,0,0,0,0,0,0,-1,pipuck8
1.68368,1.74668,9.4625e-06,0,0,-0.0191252,0,0,0,0,0,0,0,0,0,-1,pipuck8
1.68368,1.74668,9.4625e-06,0,0,-0.0191252,0,0,0,0,0,0,0,0,0,-1,pipuck8
1.68368,1.74668,9.4625e-06,0,0,-0.0191252,0,0,0,0,0,0,0,0,0,-1,pipuck8
1.68368,1.74668,9.4625e-06,0,0,-0.0191252,0,0,0,0,0,0,0,0,0,-1,pipuck8
1.68368,1.74668,9.4625e-06,0,0,-0.0191252,0,0,0,0,0,0,0,0,0,-1,pipuck8
1.68368,1.74668,9.4625e-06,0,0,-0.0191252,0,0,0,0,0,0,0,0,0,-1,pipuck9
1.68368,1.74668,9.4625e-06,0,0,-0.0191252,0,0,0,0,0,0,0,0,0,-1,pipuck9
1.68368,1.74668,9.4625e-06,0,0,-0.0191252,8.18999,0,0,0.40919,-0.338387,0,-1.31728e-31,-4.74598e-15,-3.18055e-15,-1,pipuck9
1.69904,1.74662,9.21477e-06,-0.556978,-0.0738541,-0.0193053,15.561,2.06537e-16,7.64218e-16,0.356812,-0.393227,0,-8.18999,4.48133e-16,7.89698e-15,-1,pipuck9
1.7144,1.74617,9.14817e-06,-2.18643,-0.14821,-0.0240132,22.3399,0.00734846,-0.0009243,0.292804,-0.428744,0,-15.004,0.0712896,0.0192937,-1,pipuck9
1.72966,1.74502,9.1911e-06,-4.80494,-0.222366,-0.0369984,28.5116,0.0211701,-0.00418559,0.238856,-0.447575,0,-20.1536,0.130303,0.0537142,-1,pipuck9
1.74488,1.74293,9.3009e-06,-8.38978,-0.295923,-0.0620382,33.325,0.0329214,-0.00997914,0.244418,-0.421596,0,-18.1382,0.118221,0.0463183,-1,pipuck9
1.76096,1.73973,9.41153e-06,-12.7732,-0.371943,-0.102936,38.2931,0.058018,-0.0185381,0.174423,-0.450118,0,-24.9356,0.217256,0.153925,-1,pipuck9
1.7757,1.73562,7.24117e-06,-17.7232,-0.443678,-0.127349,42.5463,0.0880163,-0.0300978,0.156667,-0.442041,0,-25.5206,0.242523,0.214474,-1,pipuck9
1.79142,1.72997,7.89848e-06,-23.1155,-0.507297,-0.201246,45.5881,0.113822,-0.0447212,0.168681,-0.416093,0,-22.9685,0.222866,0.188414,-1,pipuck9
1.80733,1.72221,9.12935e-06,-28.6368,-0.565903,-0.290962,48.3365,0.152143,-0.0608277,0.155505,-0.412395,0,-22.4739,0.287558,0.312194,-1,pipuck9
1.8226,1.7129,1.01699e-05,-33.8143,-0.615881,-0.391925,48.3365,0.152143,-0.0608277,0,0,0,0,0,0,-1,drone1
1.82257,1.71269,1.08333e-05,-37.6943,-0.596435,-0.437712,48.3365,0.152143,-0.0608277,0,0,0,0,0,0,-1,drone1
1.82289,1.71229,1.0699e-05,-38.3796,-0.602957,-0.454701,65.3644,0.188864,-0.0386786,-1.78344,-1.04545,0,80.2794,0.376498,0.490265,11,drone1
1.82068,1.71423,1.25893e-05,-40.1955,-0.594008,-0.473503,80.4729,0.0943394,0.023773,-2.00055,-0.476921,0,61.0918,-1.15534,0.194497,11,drone1
1.81787,1.71694,1.18137e-05,-46.5836,-0.538688,-0.540087,94.428,0.160604,0.030089,-2.43074,0.762441,0,49.5509,0.155022,0.645607,8,drone1
1.81191,1.72413,1.12351e-05,-56.7793,-0.421479,-0.60865,107.582,0.220853,0.0195874,-2.05944,0.288459,0,41.5383,-0.000276722,0.599491,11,drone1
1.81115,1.72505,1.10948e-05,-68.4882,-0.295555,-0.698884,120.313,0.320674,0.0387738,-2.01643,0.426753,0,37.3205,-0.543565,0.992325,11,drone1
1.81161,1.72287,1.11588e-05,-80.7402,-0.146167,-0.781814,132.777,0.365578,-0.00768979,-1.98664,0.464077,0,34.6397,-0.154942,0.426234,11,drone1
1.81193,1.71663,1.14301e-05,-92.8997,0.024801,-0.853103,145.265,0.397747,-0.0496671,-1.99384,0.469521,0,34.8788,-0.313907,0.296691,11,drone1
1.81067,1.70882,1.18113e-05,-104.846,0.21844,-0.895712,157.641,0.425268,-0.0913928,-1.97918,0.500625,0,33.7539,-0.421479,0.209544,11,drone1
1.80811,1.702,1.91543e-05,-116.802,0.47603,-0.870421,169.902,0.448348,-0.137864,-1.97005,0.525252,0,32.6163,-0.46996,0.135659,11,drone1
1.8045,1.6966,1.65545e-05,-129.006,0.69203,-0.81304,-177.797,0.464797,-0.176643,-1.94849,0.525402,0,33.004,-0.54063,-0.0529649,11,drone1
1.79681,1.68914,1.53024e-05,-142.482,0.937946,-0.692351,-165.603,0.439839,-0.247061,-1.95325,0.578234,0,31.9394,-0.114617,0.0434022,11,drone1
1.78516,1.68237,1.5043e-05,-155.834,1.17636,-0.50625,-154.059,0.465434,-0.253519,-1.95913,0.458234,0,35.2372,-0.680968,-0.475041,11,drone1
1.77038,1.67821,1.55929e-05,-167.107,1.37585,-0.295876,-147.164,0.522034,-0.227059,-1.93839,0.391301,0,36.9779,-0.627875,-0.610934,11,drone1
1.75284,1.67637,1.67438e-05,-176.208,1.54549,-0.0842217,-145.816,0.616432,-0.145069,-1.96867,0.208372,0,42.4852,-0.644975,-0.722489,11,drone1
1.73591,1.67645,1.81718e-05,176.287,1.68399,0.127368,-148.337,0.725538,-0.0129961,-1.96201,-0.0224845,0,48.2099,-0.730917,-0.69421,11,drone1
1.72225,1.67729,1.96541e-05,170.658,1.79193,0.313054,-151.179,0.819801,0.152888,-1.90464,-0.446067,0,61.5935,-0.811316,-0.55392,11,drone1
1.7106,1.67867,2.12164e-05,167.604,1.89522,0.435048,-153.14,0.902983,0.327838,-1.81388,-0.743579,0,70.4111,-0.972529,-0.377683,11,drone1
1.69969,1.68032,2.28058e-05,167.322,2.01643,0.472006,-154.752,0.975211,0.508405,-1.74772,-0.852572,0,73.9008,-1.11743,-0.216787,11,drone1
1.68921,1.68153,2.46588e-05,169.664,2.16147,0.412588,-155.992,1.00765,0.674739,-1.71031,-0.963438,0,77.6154,-0.957668,0.0787711,11,drone1
1.67792,1.68256,2.72644e-05,174.039,2.15282,0.249252,-157.556,1.05602,0.851891,-1.71828,-0.901584,0,74.3743,-1.36336,0.0967637,11,drone1
1.66562,1.68298,2.40514e-05,179.551,2.03451,0.0374604,-159.147,1.08022,1.01587,-1.7291,-0.86843,0,74.1028,-1.35229,0.339332,11,drone1
1.65255,1.68247,2.15311e-05,-174.281,1.90779,-0.171406,-161.047,1.07191,1.15572,-1.77204,-0.764569,0,70.6122,-1.25045,0.584217,11,drone1
1.63833,1.68042,1.97451e-05,-167.538,1.77245,-0.372749,-162.416,1.05444,1.2555,-1.79828,-0.659716,0,67.3824,-1.17271,0.806095,11,drone1
1.62329,1.67623,1.84802e-05,-160.287,1.62654,-0.563623,-163.02,1.04585,1.30451,-1.86694,-0.444753,0,59.3762,-1.09917,0.930635,11,drone1
1.60751,1.66924,1.76191e-05,-153.186,1.47842,-0.72714,-162.79,1.05701,1.31228,-1.8902,-0.229904,0,52.6264,-1.06141,0.994201,11,drone1
1.5919,1.65998,1.70062e-05,-147.177,1.34235,-0.844386,-161.864,1.08347,1.28318,-1.88744,0.00807662,0,45.2091,-0.974257,1.02194,11,drone1
1.57663,1.649,1.65214e-05,-142.612,1.23053,-0.917617,-160.489,1.11228,1.23227,-1.84148,0.176322,0,40.8393,-0.847483,1.03148,11,drone1
1.56187,1.6369,1.61353e-05,-139.298,1.14369,-0.959859,-158.776,1.14811,1.16019,-1.7962,0.369597,0,34.2575,-0.774522,1.00085,11,drone1
1.5474,1.62382,2.75798e-05,-136.889,1.03684,-1.02785,-156.982,1.18576,1.08111,-1.76308,0.517837,0,28.6194,-0.717778,0.908619,11,drone1
1.53387,1.61072,2.01638e-05,-135.166,0.995641,-1.02831,-155.672,1.45955,1.16844,-1.64018,0.47081,0,28.3641,-2.83996,-1.0641,11,drone1
1.52054,1.59716,1.69464e-05,-133.813,0.961228,-1.03241,-153.748,1.46622,1.06269,-1.68754,0.687832,0,24.0607,-0.429559,1.10576,11,drone1
1.50677,1.58258,1.1682e-05,-132.702,0.956002,-1.01976,-151.802,1.47284,0.950625,-1.58418,0.799901,0,18.2871,-0.37951,1.01831,11,drone1
1.49347,1.56795,1.0233e-05,-131.998,0.926265,-1.04059,-149.843,1.47775,0.839445,-1.48684,0.897662,0,13.1592,-0.308499,0.891203,11,drone1
1.48054,1.55353,1.32345e-05,-131.917,0.920039,-1.04568,-148.019,1.48006,0.73868,-1.45372,0.9459,0,11.8659,-0.292949,0.789551,11,drone1
1.4674,1.53899,1.462e-05,-132.312,0.929683,-1.04599,-146.385,1.48303,0.646119,-1.39079,0.980686,0,9.28031,-0.295037,0.681697,11,drone1
1.45407,1.5245,1.52428e-05,-132.916,0.948796,-1.04637,-143.118,1.50336,0.513753,-1.34657,1.01379,0,7.54244,-0.285155,0.602046,11,drone1
1.44155,1.51126,1.55068e-05,-134.035,0.977254,-1.0366,-133.713,1.55731,0.218233,-1.26498,1.07168,0,4.0075,-0.256694,0.473588,11,drone1
1.43249,1.50231,1.5442e-05,-136.864,1.02087,-0.981171,-135.092,1.51779,0.311472,-1.22003,1.04762,0,-1.43393,0.671297,-0.156933,11,drone1
1.41864,1.49,1.5692e-05,-139.901,1.08979,-0.941252,-126.379,1.53077,0.0393193,-1.10985,1.15572,0,-2.91009,-0.0971614,0.346219,11,drone1
1.41413,1.48687,1.58574e-05,-144.592,1.13545,-0.83049,-118.248,1.51277,-0.205856,-0.978497,1.26258,0,-8.72645,0.00582739,0.102326,11,drone1
1.41047,1.48536,1.50674e-05,-153.65,1.21923,-0.624108,-110.538,1.45896,-0.421653,-0.88479,1.32596,0,-12.9207,0.210883,0.00226018,11,drone1
1.40356,1.48356,1.4788e-05,-165.957,1.30693,-0.345357,-102.536,1.36362,-0.602391,-0.931655,1.28477,0,-9.99494,0.46225,0.0262572,11,drone1
1.3907,1.48214,1.49479e-05,-179.476,1.36588,-0.0305172,-94.5432,1.24815,-0.652727,-0.951934,1.24672,0,-10.0474,1.56854,-0.13931,11,drone1
1.37613,1.48348,1.10784e-05,167.288,1.36391,0.317474,-92.0108,1.22693,-0.642527,-1.1347,1.0922,0,0.241114,0.632908,-0.137565,11,drone1
1.35873,1.49017,1.21511e-05,155.591,1.32675,0.59017,-95.9649,1.30401,-0.464023,-1.37378,0.811135,0,13.8096,0.593789,-0.286251,11,drone1
1.34707,1.49711,1.46376e-05,147.35,1.25876,0.788598,-102.219,1.38298,-0.211535,-1.50528,0.418608,0,27.495,0.390795,-0.259381,11,drone1
1.34315,1.50001,1.53958e-05,143.441,1.20045,0.869163,-107.051,1.42795,0.0254283,-1.55572,0.0208037,0,41.7091,0.0996718,-0.208584,11,drone1
1.34125,1.50163,1.83958e-05,143.452,1.19502,0.856999,-111.045,1.44264,0.245658,-1.53646,-0.211845,0,50.0857,-0.13234,-0.100525,11,drone1
1.33922,1.50353,1.70788e-05,148.664,1.26038,0.743294,-114.471,1.43232,0.447338,-1.5359,-0.349605,0,55.7677,-0.335496,0.0165257,11,drone1
1.33633,1.50552,1.64538e-05,158.79,1.3744,0.512732,-132.61,1.24657,0.526548,-1.29579,-0.982482,1.54887,-91.4129,-1.22161,0.239454,5,drone1
1.34077,1.5043,1.15538e-05,170.436,1.41976,0.229218,-149.967,1.02999,0.53457,-1.12635,-1.16505,1.55434,-83.5852,-1.42285,0.973612,5,drone1
1.34174,1.50408,1.06305e-05,-177.841,1.42334,-0.0454405,-166.76,0.834349,0.529889,-0.990073,-1.25395,1.5495,-77.9486,-0.906092,1.22905,5,drone1
1.33862,1.50364,1.45385e-05,-166.116,1.39775,-0.329071,176.877,0.638404,0.566731,-0.85342,-1.29604,1.54548,-73.6463,0.0631539,1.06981,5,drone1
1.33205,1.50127,2.7608e-05,-154.369,1.31104,-0.675021,178.032,0.690218,0.649219,-1.26822,-0.847953,0,76.2165,-0.844245,0.57813,11,drone1
1.31905,1.49343,2.19598e-05,-143.55,1.23882,-0.950193,-179.602,0.76214,0.680573,-1.41432,-0.521309,0,62.274,-0.836849,0.684066,11,drone1
1.30673,1.48298,1.98462e-05,-135.776,1.17273,-1.17203,-176.345,0.855507,0.669086,-1.4676,-0.13443,0,44.9032,-0.884921,0.617516,11,drone1
1.29493,1.47022,1.97187e-05,-130.506,1.13201,-1.35476,-172.653,0.958849,0.631837,-1.47069,0.0875994,0,37.4919,-0.908574,0.598309,11,drone1
1.28357,1.45587,2.0623e-05,-127.037,1.11948,-1.51384,-168.762,1.06318,0.569161,-1.41998,0.307925,0,28.2159,-0.881934,0.521231,11,drone1
1.27306,1.44118,2.19938e-05,-125.019,1.13599,-1.65242,-164.896,1.17148,0.500354,-1.39439,0.464857,0,23.0278,-0.943251,0.373244,11,drone1
1.26282,1.42614,2.37356e-05,-124.305,1.18857,-1.77367,-154.138,1.31246,0.268253,-1.22459,1.42158,0,17.5554,-0.870831,0.299331,8,drone1
1.25641,1.41654,3.72727e-05,-125.687,1.28965,-1.81624,-158.092,1.36101,0.350472,-1.19211,0.844841,0,6.98004,-0.767321,-0.0651977,11,drone1
1.25189,1.41008,2.08575e-05,-126.997,1.27457,-1.71154,-162.661,1.41018,0.474073,-1.31893,0.679349,0,15.6713,-0.925703,-0.0282976,11,drone1
1.24454,1.4003,2.05323e-05,-126.15,1.2,-1.66579,-164.885,1.45563,0.54164,-1.35879,0.576311,0,20.7282,-0.851843,0.26272,11,drone1
1.23838,1.39163,2.10819e-05,-122.996,1.06235,-1.66721,-165.701,1.49336,0.584506,-1.41018,0.468862,0,25.0585,-0.699765,0.370338,11,drone1
1.23072,1.37845,2.09578e-05,-118.84,0.915044,-1.69856,-163.884,1.53906,0.543596,-1.38275,0.528243,0,22.353,-0.529669,0.478747,11,drone1
1.22307,1.36304,2.06919e-05,-116.115,0.81972,-1.71301,-161.816,1.58927,0.479558,-1.31996,0.658119,0,17.2846,-0.545533,0.472193,11,drone1
1.21572,1.34699,2.04419e-05,-114.897,0.774359,-1.71137,-161.639,1.62466,0.461352,-1.23091,0.7733,0,12.0856,-0.52857,0.360532,11,drone1
1.20858,1.33146,2.02549e-05,-114.19,0.746643,-1.70618,-151.748,1.701,0.151561,-0.925456,1.62181,0,8.85373,-0.394712,0.4051,8,drone1
1.20909,1.33022,1.87455e-05,-116.134,0.766247,-1.60055,-142.676,1.72267,-0.139295,-0.676798,1.75102,0,0.673956,-0.276694,0.111307,8,drone1
1.20957,1.32995,1.79599e-05,-123.531,0.91813,-1.4171,-147.76,1.7394,0.00393396,-0.901597,1.10968,0,-5.31591,-0.0566274,-0.12564,11,drone1
1.20097,1.319,1.7951e-05,-130.757,1.07932,-1.27945,-138.28,1.70957,-0.274903,-0.796508,1.6811,0,4.75491,0.0245196,0.0926059,8,drone1
1.19934,1.31739,1.78531e-05,-138.184,1.18877,-1.08888,-129.004,1.64342,-0.517989,-0.706565,1.71785,0,2.7301,0.140898,-0.152084,8,drone1
1.19781,1.31645,1.67965e-05,-148.096,1.30868,-0.835983,-120.582,1.55288,-0.702789,-0.642627,1.74338,0,0.944511,0.353868,-0.319093,8,drone1
1.19103,1.31304,1.47906e-05,-157.624,1.40897,-0.595733,-116.296,1.4986,-0.745846,-0.693289,1.74317,0,3.58016,0.528847,-0.311312,8,drone1
1.17545,1.30706,1.6549e-05,-165.038,1.50014,-0.419069,-115.442,1.49733,-0.681946,-0.753333,1.64629,0,4.72261,0.63117,-0.385278,8,drone1
1.15667,1.30254,1.74074e-05,-170.556,1.58061,-0.281474,-115.654,1.51344,-0.580006,-0.990039,1.54113,0,13.6743,0.533503,-0.292293,8,drone1
1.13807,1.29976,1.79893e-05,-174.771,1.64916,-0.169376,-116.187,1.5415,-0.466307,-1.01867,1.43628,0,15.5415,0.458648,-0.370331,8,drone1
1.11928,1.29837,1.85984e-05,-177.976,1.71551,-0.07894,-117.505,1.57224,-0.324067,-1.2474,1.29128,0,24.5224,0.330951,-0.239963,8,drone1
1.10126,1.29807,1.92745e-05,179.707,1.77979,-0.00914792,-119.142,1.60049,-0.171748,-1.34225,1.16642,0,28.9357,0.204898,-0.191937,8,drone1
1.08358,1.29849,2.00544e-05,178.273,1.84729,0.0374701,-120.633,1.62563,-0.0269759,-1.33614,1.09665,0,30.3469,0.0684355,-0.196505,8,drone1
1.06587,1.29928,2.09675e-05,177.666,1.9221,0.0601248,-122.039,1.64393,0.112363,-1.36785,1.02642,0,33.2873,-0.0621238,-0.131353,8,drone1
1.04821,1.30013,2.20154e-05,177.809,2.00478,0.0584738,-123.537,1.6601,0.252273,-1.4035,0.951764,0,35.1656,-0.197934,-0.125497,8,drone1
1.03064,1.30079,2.32064e-05,178.637,2.09522,0.0316588,-124.677,1.68604,0.371762,-1.36173,0.940496,0,34.6034,-0.415051,-0.175105,8,drone1
1.01275,1.30103,2.56781e-05,-179.958,2.19123,-0.0221102,-125.214,1.70421,0.467852,-1.28674,1.00863,0.0013021,31.1431,-0.36969,-0.169292,8,drone1
0.994471,1.3007,2.08469e-05,-178.152,2.11867,-0.0810833,-126.181,1.73756,0.565431,-1.3453,0.911191,0,33.9398,-0.709297,-0.165371,8,drone1
0.976498,1.29968,2.15926e-05,-176.003,2.01446,-0.157727,-127.398,1.74724,0.673109,-1.42155,0.842772,0,36.6078,-0.672556,-0.0039789,8,drone1
0.958838,1.29787,2.10533e-05,-173.426,1.91423,-0.238956,-128.185,1.7472,0.749247,-1.36377,0.873136,0,34.2985,-0.683853,0.143509,8,drone1
0.941,1.29519,2.02071e-05,-170.456,1.8191,-0.324594,-128.697,1.73502,0.803975,-1.33641,0.895531,0,32.9584,-0.645139,0.286522,8,drone1
0.923166,1.29157,1.93578e-05,-167.231,1.72778,-0.4105,-128.154,1.73518,0.807932,-1.26161,0.950702,0,29.8149,-0.681017,0.358482,8,drone1
0.904976,1.28704,1.86278e-05,-164.118,1.64421,-0.486875,-126.334,1.75008,0.752584,-1.18007,1.02186,0,26.0121,-0.697486,0.442228,8,drone1
0.887671,1.28203,1.79624e-05,-161.761,1.56884,-0.536166,-122.888,1.77879,0.633998,-1.0628,1.11097,0,20.7807,-0.619404,0.452004,8,drone1
0.872288,1.27722,1.72692e-05,-160.745,1.50351,-0.544369,-126.502,1.71927,0.726504,-0.968352,1.19098,0,15.9148,-0.524589,0.429302,8,drone1
0.863474,1.27395,1.65681e-05,-158.97,1.40954,-0.561662,-131.148,1.63749,0.844342,-0.970867,1.15908,0,17.2043,-0.532607,0.466714,8,drone1
0.853017,1.26905,1.59053e-05,-154.808,1.30425,-0.633787,-136.875,1.52157,0.97252,-1.0386,1.08738,0,21.0193,-0.627516,0.664054,8,drone1
0.844675,1.26446,1.1122e-05,-149.283,1.18791,-0.693952,-133.588,1.54957,0.786307,-0.961494,1.12778,0,18.8871,-0.886993,1.17904,8,drone1
0.829975,1.25466,1.19991e-05,-144.634,1.10366,-0.768051,-130.493,1.62891,0.557365,-0.838237,1.1319,0,15.5947,-1.64321,1.05803,8,drone1
0.815437,1.24357,1.31364e-05,-141.826,1.04912,-0.805473,-130.694,1.59882,0.514678,-0.628111,1.28857,0,4.23462,-0.284553,0.585117,8,drone1
0.802086,1.23269,1.38018e-05,-140.374,1.01354,-0.817326,-127.886,1.59576,0.398443,-0.646471,1.29903,0,4.56298,-0.216143,0.50335,8,drone1
0.788071,1.2209,1.41539e-05,-139.991,1.00148,-0.817438,-124.43,1.58879,0.261775,-0.52098,1.33305,0,-0.498498,-0.130348,0.459523,8,drone1
0.774513,1.20954,2.83342e-05,-140.393,1.01994,-0.783164,-121.225,1.57611,0.137356,-0.418256,1.35005,0,-4.40647,-0.0498086,0.350223,8,drone1
0.760788,1.19823,1.59899e-05,-141.021,1.01176,-0.790675,-118.305,1.55439,0.0267583,-0.332437,1.35356,0,-7.68147,0.0537074,0.29519,8,drone1
0.746906,1.18718,1.77696e-05,-141.904,0.998598,-0.814634,-115.845,1.57993,-0.069358,-0.285453,1.32424,0,-9.64769,-0.131485,-0.216457,8,drone1
0.731961,1.17546,1.05939e-05,-142.939,1.03225,-0.792638,-113.521,1.5473,-0.159189,-0.216871,1.33541,0,-11.9951,0.163511,0.231105,8,drone1
0.718303,1.16523,8.52105e-06,-144.213,1.06723,-0.761841,-111.485,1.51465,-0.234397,-0.176379,1.32256,0,-13.4499,0.220339,0.168249,8,drone1
0.703613,1.15495,1.21748e-05,-146.276,1.11529,-0.728772,-109.391,1.48788,-0.305573,-0.0902547,1.28768,0,-16.0491,0.283987,0.0431856,8,drone1
0.688353,1.14519,1.40695e-05,-148.918,1.17287,-0.687888,-107.722,1.466,-0.356456,-0.0881847,1.2691,0,-16.0733,0.342026,-0.0291308,8,drone1
0.67236,1.1361,8.59569e-06,-151.872,1.22723,-0.661797,-107.839,1.45835,-0.345031,-0.169551,1.27436,0,-12.1456,0.38881,-0.0728434,8,drone1
0.655803,1.12737,1.44025e-05,-154.495,1.2861,-0.630976,-111.534,1.47259,-0.237629,-0.211683,1.23281,0,-10.4272,0.379867,-0.099872,8,drone1
0.642741,1.12113,1.61842e-05,-155.54,1.31945,-0.62125,-118.295,1.4921,-0.0435211,-0.351994,1.18678,0,-3.51392,0.253502,-0.12619,8,drone1
0.633325,1.1167,2.0336e-05,-154.817,1.34049,-0.600309,-108.798,1.4659,-0.269147,-0.516863,1.11886,0,4.94298,0.0559652,-0.0443888,8,drone1
0.629695,1.11511,1.15788e-05,-154.029,1.30792,-0.626184,-100.235,1.41052,-0.46663,-0.324839,1.18256,0,-4.38326,0.268776,-0.113075,8,drone1
0.625727,1.11319,8.79182e-06,-153.78,1.28483,-0.637514,-108.919,1.46053,-0.232579,-0.128745,1.21669,0,-13.7685,0.490797,-0.100153,8,drone1
0.617546,1.10938,1.12905e-05,-153.158,1.29309,-0.644019,-113.698,1.46859,-0.101416,-0.299334,1.18108,0,-5.64436,0.232815,-0.0266731,8,drone1
0.606092,1.10348,1.45369e-05,-150.377,1.29169,-0.716972,-115.67,1.46492,-0.0437531,-0.393842,1.15283,0,-0.845853,0.109307,0.0198395,8,drone1
0.592864,1.09539,1.00608e-05,-147.219,1.28233,-0.831729,-115.281,1.46814,-0.0534456,-0.352133,1.13437,0,-2.08994,0.0353578,-0.057092,8,drone1
0.578322,1.08557,1.65198e-05,-145.178,1.31892,-0.896904,-113.881,1.499,-0.0715198,-0.347385,1.09365,0,-2.61924,0.0894957,-0.399708,8,drone1
0.5629,1.07451,1.42189e-05,-144.228,1.35229,-0.987062,-114.117,1.50149,-0.083681,-0.215256,1.14373,0,-9.76948,0.0572385,-0.054181,8,drone1
0.549849,1.06514,1.76307e-05,-143.816,1.40061,-1.04372,-112.091,1.44583,-0.243388,-0.218574,1.15684,0,-8.38306,-0.617418,0.769166,8,drone1
0.535665,1.05489,2.04437e-05,-144.089,1.47309,-1.09044,-104.423,1.41656,-0.448301,-0.15155,1.11616,0,-13.1246,0.122765,-0.257068,8,drone1
0.532066,1.05279,2.12893e-05,-146.628,1.54152,-1.03959,-97.775,1.38188,-0.632506,0.0590006,1.05994,0,-23.5394,0.320757,-0.458841,8,drone1
0.533539,1.05452,2.0729e-05,-154.466,1.67039,-0.81912,-91.3397,1.32903,-0.791764,0.0785617,1.08433,0,-25.6515,0.570575,-0.495806,8,drone1
0.533901,1.05501,2.05852e-05,-164.955,1.80473,-0.504307,-102.98,1.58277,-0.457831,0.0376543,1.06012,0,-26.3363,1.36941,-1.32259,8,drone1
0.527286,1.05279,2.06681e-05,-173.659,1.91038,-0.230052,-94.8096,1.5231,-0.642586,-0.30839,1.02385,0,-4.95686,0.436398,-0.340806,8,drone1
0.518617,1.05248,2.13901e-05,179.391,1.99038,0.00380135,-91.4229,1.51273,-0.676201,-0.313223,1.01076,0,-4.56828,0.656285,-0.385226,8,drone1
0.504401,1.05369,2.27866e-05,172.684,2.07516,0.24869,-95.2317,1.59532,-0.506527,-0.368667,0.971241,0,-1.27331,0.704609,-0.436016,8,drone1
0.487748,1.05746,2.76329e-05,167.301,2.15058,0.459613,-99.3419,1.66861,-0.332452,-0.410539,0.838449,0,2.85989,0.458019,-0.44043,8,drone1
0.471515,1.06248,2.23993e-05,163.815,2.02159,0.569565,-103.983,1.74724,-0.114498,-0.599657,0.746772,0,15.623,0.215699,-0.557369,8,drone1
0.456872,1.06763,2.19558e-05,162.327,1.89268,0.583413,-108.082,1.79971,0.172401,-0.582101,0.688549,0,14.2584,0.948862,-0.835891,8,drone1
0.441376,1.07307,2.06861e-05,162.542,1.79403,0.544424,-112.681,1.80224,0.404658,-0.784925,0.543604,0,31.7792,-0.248695,-0.180408,8,drone1
0.430351,1.07649,1.92819e-05,164.816,1.70037,0.441827,-116.615,1.73165,0.533452,-0.794085,0.481044,0,36.4286,-0.731457,0.803213,8,drone1
0.416827,1.07993,1.80926e-05,169.138,1.63246,0.294231,-119.487,1.68762,0.672688,-0.813856,0.500273,0,38.543,-0.569708,0.320334,8,drone1
0.400436,1.08248,1.72665e-05,174.263,1.57475,0.13951,-122.192,1.63276,0.795958,-0.835207,0.466009,0,39.2079,-0.633971,0.382989,8,drone1
0.383615,1.08341,1.65554e-05,179.666,1.51192,-0.00972825,-123.408,1.5896,0.84264,-0.772953,0.52395,0,35.7745,-0.748532,0.535348,8,drone1
0.366015,1.08268,1.59781e-05,-174.954,1.44655,-0.146276,-125.232,1.53437,0.904919,-0.802908,0.493798,0,34.3756,-0.698094,0.498787,8,drone1
0.348759,1.08034,1.54848e-05,-169.698,1.37578,-0.268813,-125.093,1.51139,0.885973,-0.708921,0.588603,0,29.7701,-0.774969,0.584188,8,drone1
0.330725,1.07658,1.50951e-05,-164.951,1.30965,-0.371106,-123.459,1.51543,0.809495,-0.590168,0.654418,0,23.1912,-0.760118,0.575212,8,drone1
0.31257,1.07147,1.47823e-05,-161.325,1.25307,-0.442827,-119.85,1.54136,0.667659,-0.47736,0.711549,0,15.0839,-0.639397,0.55704,8,drone1
0.296087,1.0659,1.44412e-05,-159.103,1.20375,-0.479049,-114.2,1.57495,0.470052,-0.429513,0.740964,0,9.47677,-0.487036,0.496245,8,drone1
0.281258,1.06055,1.41055e-05,-158.53,1.16556,-0.477852,-106.719,1.59088,0.226219,-0.427122,0.785037,0,4.69505,-0.303529,0.4629,8,drone1
0.267515,1.05576,1.37754e-05,-159.788,1.14142,-0.439432,-98.4623,1.57449,-0.0424565,-0.199508,0.791292,0,-7.47427,-0.085217,0.384436,8,drone1
0.254445,1.05184,1.34619e-05,-162.9,1.129,-0.366125,-90.8376,1.52085,-0.276576,-0.141251,0.811967,0,-13.4451,0.127166,0.329534,8,drone1
0.240173,1.0485,1.32463e-05,-167.521,1.12879,-0.268202,-94.5783,1.50293,-0.206044,-0.180262,0.775261,0,-11.2034,-0.015044,0.275204,8,drone1
0.22267,1.04475,1.32836e-05,-171.856,1.1397,-0.181403,-92.5583,1.46457,-0.259742,-0.233494,0.785916,0,-8.84977,0.22645,0.269047,8,drone1
0.204004,1.0426,1.33024e-05,-175.362,1.15262,-0.11168,-97.1867,1.55413,-0.198574,-0.299216,0.724015,0,-4.32963,-0.475845,-0.747775,8,drone1
0.186422,1.04138,1.33491e-05,-178.189,1.16038,-0.0548447,-101,1.68543,-0.151106,-0.280044,0.657358,0,-4.43814,-0.55248,-1.1848,8,drone1
0.168109,1.04107,1.34466e-05,179.904,1.17406,-0.0162009,-105.158,1.64079,0.00468345,-0.42389,0.622177,0,7.39766,0.242681,0.487172,8,drone1
0.150618,1.04133,1.35596e-05,178.832,1.18807,0.00604982,-110.358,1.59284,0.19625,-0.601194,0.538811,0,17.8392,0.087536,0.411385,8,drone1
0.134333,1.04182,1.36748e-05,178.703,1.2016,0.00899686,-115.356,1.53112,0.37307,-0.661262,0.448943,0,24.6245,-0.0885936,0.421875,8,drone1
0.117933,1.04215,1.412e-05,179.535,1.22046,0.0289195,-118.863,1.2992,0.495732,-0.681858,0.512712,0,23.2537,0.854302,1.73962,8,drone1
0.101297,1.04211,1.57093e-05,-179.089,1.24496,0.00182634,-123.051,1.23951,0.610561,-0.679028,0.332757,0,31.9105,-0.410311,0.310329,8,drone1
0.0857235,1.04168,5.93638e-06,-177.038,1.26766,-0.0671986,-126.569,1.18431,0.701237,-0.670184,0.300502,0,34.2528,-0.527006,0.314727,8,drone1
0.0686846,1.04028,1.29684e-05,-174.449,1.29795,-0.141226,-129.519,1.13527,0.767713,-0.656375,0.274679,0,35.3414,-0.638219,0.352527,8,drone1
0.0525977,1.038,1.5008e-05,-171.179,1.32577,-0.224573,-131.946,1.09692,0.815305,-0.637423,0.260212,0,35.2787,-0.723793,0.350973,8,drone1
0.0362016,1.03494,9.02281e-06,-167.429,1.35546,-0.296262,-133.877,1.07051,0.844351,-0.617826,0.256657,0,34.3322,-0.798935,0.361472,8,drone1
0.0193313,1.03074,1.24236e-05,-163.31,1.38249,-0.402375,-135.328,1.05647,0.858647,-0.595425,0.26287,0,32.4479,-0.836722,0.349225,8,drone1
0.00317795,1.02522,1.47689e-05,-158.917,1.39142,-0.552686,-136.188,1.06096,0.847166,-0.549927,0.281806,0,28.5217,-0.917795,0.372447,8,drone1
-0.0135043,1.01818,1.52232e-05,-154.92,1.41209,-0.67703,-136.411,1.08467,0.819595,-0.508713,0.304483,0,25.354,-0.953883,0.328164,8,drone1
-0.0299983,1.00995,1.66949e-05,-151.497,1.43577,-0.797816,-136.913,1.15778,0.917496,-0.450994,0.272334,0,21.6553,-0.653118,-0.998771,8,drone1
-0.0461447,1.00068,1.81132e-05,-148.629,1.46467,-0.912908,-135.53,1.22021,0.83724,-0.376608,0.340915,0,15.9493,-1.02541,0.298929,8,drone1
-0.0622893,0.990537,1.94709e-05,-146.535,1.50678,-1.01702,-133.734,1.2854,0.750544,-0.324204,0.354067,0,11.2386,-0.887508,0.203135,8,drone1
-0.0780064,0.980034,2.07886e-05,-145.522,1.56893,-1.09899,-131.25,1.36229,0.642422,-0.251388,0.357753,0,6.17585,-0.840277,0.107153,8,drone1
-0.0931556,0.96973,2.21856e-05,-145.527,1.6527,-1.1565,-130.48,1.42237,0.578844,-0.321401,0.37493,0,6.27814,-0.839142,-0.00189127,8,drone1
-0.109705,0.958448,2.36305e-05,-145.897,1.75698,-1.21106,-128.145,1.49969,0.468061,-0.198933,0.341477,0,1.29628,-0.788608,-0.0588489,8,drone1
-0.124988,0.948308,3.08851e-05,-146.587,1.80162,-1.22574,-126.059,1.57377,0.371014,-0.190436,0.348339,0,0.419583,-0.701735,-0.189667,8,drone1
-0.140843,0.938188,2.49926e-05,-147.975,1.7389,-1.11402,-123.344,1.64126,0.243444,-0.142688,0.344975,0,-1.82548,-0.68031,-0.137804,8,drone1
-0.156614,0.928829,2.2032e-05,-149.961,1.68558,-0.996907,-122.34,1.68707,0.180403,-0.183907,0.343045,0,-1.23421,-0.481716,-0.180554,8,drone1
-0.173786,0.919169,2.03458e-05,-151.85,1.6373,-0.89669,-121.322,1.71716,0.126176,-0.168769,0.326079,0,-0.732476,-0.33011,-0.11117,8,drone1
-0.191174,0.910069,1.92367e-05,-153.144,1.58323,-0.82179,-121.218,1.73183,0.106614,-0.187556,0.308415,0,1.00247,-0.242699,-0.0222305,8,drone1
-0.209073,0.901061,1.84238e-05,-153.993,1.52994,-0.766425,-121.562,1.73694,0.108766,-0.191297,0.285496,0,2.34168,-0.162557,0.0293806,8,drone1
-0.22679,0.892345,1.77556e-05,-154.241,1.47382,-0.73124,-120.296,1.73756,0.0693404,-0.212129,0.264221,0,4.44982,-0.117917,0.0849774,8,drone1
-0.244381,0.883998,1.71239e-05,-154.46,1.423,-0.699979,-116.133,1.7309,-0.0545774,-0.225039,0.25024,0,4.36344,-0.056344,0.113987,8,drone1
-0.260114,0.876909,1.64448e-05,-155.547,1.37884,-0.646761,-110.342,1.70204,-0.221701,-0.236162,0.251338,0,1.97317,0.0780039,0.125513,8,drone1
-0.27508,0.870758,1.58169e-05,-157.865,1.34688,-0.567222,-106.342,1.66441,-0.324253,-0.254408,0.266474,0,-1.02348,0.235516,0.102294,8,drone1
-0.29194,0.864609,1.53853e-05,-161.07,1.33223,-0.475884,-105.262,1.6381,-0.342351,-0.134882,0.21877,0,-6.89493,0.360811,0.0806218,8,drone1
-0.310425,0.858563,1.51156e-05,-164.064,1.32335,-0.396616,-111.428,1.64079,-0.138153,-0.235849,0.245749,0,-1.49431,0.355496,0.152357,8,drone1
-0.32546,0.853843,1.47572e-05,-165.623,1.29035,-0.349778,-117.163,1.61704,0.0557505,-0.251253,0.194959,0,7.59653,0.199794,0.252374,8,drone1
-0.340812,0.849368,1.44087e-05,-165.505,1.25387,-0.343151,-123.158,1.5686,0.254891,-0.255161,0.131584,0,14.8171,0.0895547,0.334783,8,drone1
-0.354873,0.845057,2.34451e-05,-163.842,1.22223,-0.315254,-128.451,1.50453,0.422621,-0.236456,0.0972543,0,19.8594,-0.0511237,0.394521,8,drone1
-0.36899,0.840898,1.67898e-05,-161.209,1.17059,-0.372832,-132.195,1.44501,0.536881,-0.19503,0.0820299,0,23.1184,-0.191762,0.414235,8,drone1
-0.384045,0.835192,6.05233e-06,-157.786,1.11783,-0.459355,-136.527,1.37298,0.647856,-0.186089,0.0538903,0,23.5865,-0.288185,0.486372,8,drone1
-0.39859,0.828624,1.00249e-05,-153.919,1.06749,-0.534653,-139.855,1.31128,0.71549,-0.137974,0.0408635,0,23.5013,-0.39621,0.545936,8,drone1
-0.412924,0.820962,1.20632e-05,-149.209,1.01154,-0.62046,-140.646,1.56521,0.83265,0.0412232,-0.0606826,0,17.5087,-2.0904,-2.01111,8,drone1
-0.400516,0.829066,1.9372e-05,-144.879,0.862868,-0.567383,-132.659,1.63162,0.554866,0.0483099,0.0280288,0,12.6002,-0.347215,0.810914,8,drone1
-0.399602,0.829099,2.19075e-05,-141.621,0.759926,-0.565708,-123.861,1.65174,0.245811,0.108048,0.00959145,0,-2.0706,-0.0355332,0.668453,8,drone1
-0.392074,0.835059,1.40966e-05,-140.557,0.654829,-0.507582,-116.373,1.61462,-0.0224031,0.133732,-0.0231327,0,-15.1581,0.216854,0.585,8,drone1
-0.382485,0.842585,1.19841e-05,-142.564,0.571382,-0.410949,-109.695,1.5329,-0.250495,0.115399,-0.0239905,0,-23.2465,0.425604,0.58704,8,drone1
-0.372572,0.849526,1.0678e-05,-146.894,0.500078,-0.302926,-103.292,1.41551,-0.440439,0.0692449,0.0151807,0,-25.9878,0.579728,0.620603,8,drone1
-0.371478,0.849736,1.01578e-05,-154.028,0.477367,-0.211639,-101.09,1.31107,-0.491535,0.0228815,0.0652589,0,-25.886,0.687044,0.655043,8,drone1
-0.381915,0.845899,9.96745e-06,-160.926,0.498612,-0.152966,-105.27,1.26064,-0.370781,-0.0480627,0.117472,0,-17.8661,0.682557,0.642685,8,drone1
-0.397804,0.841803,1.00291e-05,-165.775,0.535431,-0.116846,-111.16,1.2191,-0.207012,-0.08848,0.103768,0,-5.92833,0.594877,0.575259,8,drone1
-0.41268,0.839171,1.0098e-05,-168.571,0.562058,-0.0949697,-118.615,1.17257,-0.0116952,-0.126786,0.0736747,0,5.77937,0.474301,0.503674,8,drone1
-0.42597,0.837408,1.01417e-05,-169.327,0.57872,-0.0904925,-125.908,1.10846,0.173791,-0.163361,0.0307589,0,17.0878,0.348936,0.448086,8,drone1
-0.437184,0.836017,1.0064e-05,-167.902,0.583112,-0.106529,-132.482,1.02837,0.319946,-0.136963,-0.00243861,0,24.2666,0.155618,0.509313,8,drone1
-0.447204,0.834435,1.00953e-05,-164.001,0.577907,-0.146891,-138.257,0.943607,0.446806,-0.200738,-0.0419649,0,32.25,0.0770897,0.442698,8,drone1
-0.456122,0.832114,1.0091e-05,-157.504,0.558651,-0.211803,-144.127,0.849133,0.541184,-0.122102,-0.0353821,0,31.3038,-0.0559229,0.550267,8,drone1
-0.465376,0.827854,1.00938e-05,-148.636,0.526098,-0.299581,-149.646,0.756038,0.617783,-0.218752,-0.0624872,0,34.8083,-0.13371,0.529141,8,drone1
-0.475542,0.820427,1.017e-05,-138.711,0.4828,-0.400015,-155.44,0.662596,0.674716,-0.231292,-0.0613501,0,32.0565,-0.219524,0.547916,8,drone1
-0.485509,0.81012,1.03213e-05,-129.289,0.431363,-0.498696,-160.553,0.585176,0.701508,-0.204711,-0.0471329,0,27.1546,-0.29109,0.562296,8,drone1
-0.495039,0.796776,1.05576e-05,-121.039,0.378909,-0.594485,-164.846,0.528539,0.703492,-0.166716,-0.0332344,0,21.8841,-0.338114,0.575042,8,drone1
-0.503199,0.781427,1.08106e-05,-113.814,0.322793,-0.686463,-170.277,0.47119,0.69868,-0.0784109,-0.0346159,0,14.9709,-0.390008,0.604842,8,drone1
-0.507853,0.768862,1.10078e-05,-107.061,0.25093,-0.75584,-172.941,0.461252,0.673534,-0.137066,-0.0255491,0,16.1197,-0.449049,0.577448,8,drone1
-0.512655,0.751095,1.13876e-05,-100.943,0.181383,-0.842274,-174.95,0.470708,0.642972,-0.133977,-0.0191567,0,12.1942,-0.490179,0.548572,8,drone1
-0.515612,0.73255,1.18087e-05,-95.6943,0.110628,-0.925877,-178.047,0.479272,0.620411,-0.0723199,-0.0227865,0,6.3795,-0.530538,0.503293,8,drone1
-0.516464,0.718493,1.21268e-05,-90.8979,0.0336172,-0.984023,177.902,0.486732,0.603963,-0.00472534,-0.0330681,0,2.16474,-0.556814,0.496236,8,drone1
-0.516403,0.717894,1.21301e-05,-86.2855,-0.0448757,-0.97369,172.15,0.481374,0.600835,0.0460935,-0.0429837,0,-0.155333,-0.556965,0.507353,8,drone1
-0.517388,0.726867,1.17679e-05,-81.6407,-0.115933,-0.91428,166.099,0.472214,0.59866,0.00808321,-0.0483029,0,2.38878,-0.50644,0.601697,8,drone1
-0.517564,0.726969,1.17138e-05,-76.683,-0.192874,-0.893815,157.979,0.422924,0.601165,0.072187,-0.0480498,0,1.02167,-0.251406,0.673694,8,drone1
-0.521244,0.738436,1.13398e-05,-70.8975,-0.261996,-0.811916,152.682,0.401269,0.583356,0.00250402,-0.0493279,0,6.99375,-0.135766,0.720745,8,drone1
-0.520031,0.735548,1.29596e-05,-64.4367,-0.354629,-0.790675,143.797,0.355585,0.574311,0.128186,-0.0465044,0,1.14105,-0.143061,0.80855,8,drone1
-0.526693,0.747287,1.14334e-05,-57.4349,-0.41502,-0.684914,135.442,0.315634,0.565348,0.0602149,-0.0449943,0,6.44219,-0.0474027,0.792897,8,drone1
-0.52933,0.750761,1.0999e-05,-48.9674,-0.499201,-0.601353,127.379,0.278301,0.551861,0.0459847,-0.0515123,0,7.99858,0.0686333,0.771581,8,drone1
-0.528595,0.750093,1.09875e-05,-40.1077,-0.592722,-0.522935,119.167,0.187887,0.613111,0.0417378,-0.0993291,0,7.88098,-0.186685,-0.139247,8,drone1
-0.520595,0.744588,1.12808e-05,-30.6344,-0.7167,-0.445547,116.234,0.213633,0.566425,0.00733371,-0.0473221,0,8.52404,0.24285,0.849803,8,drone1
-0.51419,0.741192,1.30461e-05,-22.0203,-0.81608,-0.353238,116.215,0.276834,0.512067,-0.0142631,-0.0344491,0,2.93867,0.224399,0.835061,8,drone1
-0.506218,0.737824,1.30838e-05,-15.9903,-0.89847,-0.278719,119.046,0.366973,0.44261,-0.0370173,-0.0171907,0,-4.61368,0.176812,0.788409,8,drone1
-0.500072,0.735386,1.26857e-05,-12.5453,-0.957969,-0.232929,124.11,0.468795,0.351389,-0.0524144,0.00681001,0,-12.4965,0.0947681,0.726265,8,drone1
-0.495751,0.733371,1.23867e-05,-12.1913,-0.998803,-0.234348,130.492,0.564944,0.238167,-0.0587193,0.0299502,0,-20.244,-0.0134001,0.633028,8,drone1
-0.493761,0.731879,1.25187e-05,-14.6905,-1.01959,-0.285863,136.845,0.641585,0.115636,-0.0579021,0.0474311,0,-26.4812,-0.133273,0.511826,8,drone1
-0.493149,0.730789,1.27333e-05,-19.9936,-1.0175,-0.389309,142.828,0.697082,-0.00644044,-0.0538345,0.0548881,0,-30.1782,-0.241334,0.375185,8,drone1
-0.492675,0.730037,1.29882e-05,-27.7471,-0.985605,-0.538781,139.671,0.734826,-0.0200976,-0.0208525,-0.0130285,0,-34.4172,-0.306901,0.230093,8,drone1
-0.489313,0.728767,1.36175e-05,-33.3684,-0.969818,-0.660816,146.019,0.768312,-0.1315,-0.0534569,0.0401797,0,-20.3607,-0.322943,0.243806,8,drone1
-0.486344,0.726168,1.38052e-05,-38.4304,-0.949766,-0.776562,143.243,0.810334,-0.120352,-0.014909,-0.0133755,0,-24.215,-0.403042,0.10313,8,drone1
-0.483279,0.723528,1.46918e-05,-43.7043,-0.917948,-0.899903,148.751,0.83617,-0.209552,-0.0443645,0.0336966,0,-13.7402,-0.414043,0.157856,8,drone1
-0.480596,0.720751,1.42055e-05,-48.5306,-0.878729,-1.0196,146.378,0.884686,-0.182145,-0.00646667,-0.0104102,0,-16.5937,-0.490005,0.0316775,8,drone1
-0.479618,0.719195,1.5203e-05,-52.5869,-0.836349,-1.12268,150.154,0.915707,-0.235918,-0.0263896,0.0248996,0,-7.67486,-0.488669,0.0997028,8,drone1
-0.478277,0.717585,1.58772e-05,-55.3853,-0.813264,-1.21005,152.639,0.951076,-0.266149,-0.0161391,0.020129,0,-7.90821,-0.541591,0.0232821,8,drone1
-0.478035,0.717057,1.63972e-05,-59.0892,-0.762223,-1.30811,154.373,0.991183,-0.283511,-0.00736179,0.0184141,0,-8.01902,-0.576851,-0.0151475,8,drone1
-0.478466,0.71757,1.69387e-05,-62.085,-0.718417,-1.39444,158.539,1.01912,-0.339751,-0.00735456,0.037491,0,-5.87683,-0.59527,-0.0210113,8,drone1
-0.479022,0.719148,1.75013e-05,-65.5498,-0.655434,-1.485,166.962,1.07664,-0.627966,0.0174031,0.101262,0,-5.79142,-0.723409,1.64422,8,drone1
-0.481806,0.727631,1.76952e-05,-71.1915,-0.514555,-1.56617,168.362,1.10802,-0.622409,0.0128613,0.0247197,0,-13.2177,-0.676208,-0.485644,8,drone1
-0.483523,0.731437,1.82804e-05,-77.1365,-0.361634,-1.66393,169.82,1.14076,-0.606543,-0.00589092,0.0171581,0,-8.53997,-0.656905,-0.519545,8,drone1
-0.483858,0.731179,1.92242e-05,-81.6472,-0.241065,-1.76578,171.186,1.18012,-0.580205,-0.00773522,0.0127308,0,-4.18941,-0.668371,-0.526254,8,drone1
-0.483998,0.730303,2.02693e-05,-85.4398,-0.130656,-1.86521,172.644,1.22406,-0.557674,0.0109077,0.0149773,0,-2.28581,-0.68561,-0.482322,8,drone1
-0.484262,0.733134,2.11966e-05,-88.7897,-0.023,-1.94497,172.017,1.26918,-0.409487,-0.0189691,-0.00726833,0,-0.103346,-0.56086,-1.28922,8,drone1
-0.484301,0.729297,2.26652e-05,-91.6419,0.0770991,-2.05693,172.473,1.33618,-0.362518,-0.000733736,0.000679085,0,4.56428,-0.741309,-0.345541,8,drone1
-0.484227,0.729529,2.40297e-05,-93.9609,0.16721,-2.15166,171.741,1.41738,-0.279628,-0.00822486,-0.0128838,0,7.72789,-0.794342,-0.332398,8,drone1
-0.484183,0.727806,2.37717e-05,-95.6819,0.230954,-2.14112,172.761,1.49026,-0.241705,-0.000354491,0.00228344,0,10.2092,-0.793866,-0.207207,8,drone1
-0.484073,0.727936,2.14783e-05,-96.8936,0.260287,-2.01522,173.85,1.55504,-0.204074,0.00156429,-0.004867,0,10.8978,-0.71132,-0.231156,8,drone1
-0.483977,0.728012,2.02884e-05,-97.817,0.277837,-1.89853,176.291,1.59487,-0.213976,0.00852856,0.0118226,0,10.4817,-0.502805,-0.185525,8,drone1
-0.483762,0.729965,1.9218e-05,-98.692,0.290091,-1.78068,177.26,1.62785,-0.181533,0.000951466,-0.00246035,0,9.69119,-0.371656,-0.274465,8,drone1
-0.483665,0.730002,1.82793e-05,-99.492,0.29908,-1.6796,178.235,1.64554,-0.155456,-0.00596332,0.00338939,0,9.75466,-0.207636,-0.23641,8,drone1
-0.483584,0.730054,1.73813e-05,-100.054,0.29974,-1.58648,179.183,1.65151,-0.131748,-0.00547106,-0.000397513,0,9.49121,-0.084186,-0.229133,8,drone1
-0.483526,0.730091,1.65522e-05,-100.441,0.295101,-1.50079,-179.903,1.64799,-0.110555,-0.00629217,-0.00121686,0,9.14936,0.0168261,-0.213853,8,drone1
-0.483485,0.730115,1.58036e-05,-100.704,0.287321,-1.42184,-179.029,1.6365,-0.0912254,-0.0082296,-0.00186169,0,8.74581,0.101597,-0.200284,8,drone1
-0.483456,0.730131,1.51373e-05,-100.88,0.277864,-1.34907,-178.21,1.61847,-0.0735615,-0.00916851,-0.00229424,0,8.19187,0.171659,-0.184759,8,drone1
-0.483437,0.730142,1.45484e-05,-100.996,0.267682,-1.28197,-177.454,1.59508,-0.0573151,-0.00953575,-0.00266855,0,7.56612,0.229036,-0.168806,8,drone1
-0.483424,0.730149,1.403e-05,-101.074,0.257375,-1.22016,-176.133,1.56338,-0.061559,-0.00929164,0.00537241,0,6.84018,0.306041,-0.137446,8,drone1
-0.483878,0.728217,1.36538e-05,-101.236,0.251454,-1.17218,-176.022,1.53136,-0.0368534,-0.00976275,-0.00289978,0,5.68263,0.328482,-0.114958,8,drone1
-0.484157,0.726389,1.33108e-05,-101.36,0.24528,-1.12842,-174.572,1.49506,-0.0486894,-0.00998304,0.00742162,0,5.87742,0.355675,-0.103744,8,drone1
-0.484688,0.724285,1.30363e-05,-101.523,0.240895,-1.09035,-175.614,1.4596,-0.00512934,0.000279667,-0.0112789,0,3.98339,0.367691,-0.0365491,8,drone1
-0.484385,0.724693,1.26951e-05,-101.504,0.231244,-1.04498,-175.032,1.42307,0.0032156,-0.00686472,0.00725811,0,5.81597,0.3676,-0.0720741,8,drone1
-0.484422,0.724665,1.24282e-05,-101.259,0.218964,-1.00665,-176.412,1.38543,0.05029,0.00410471,-0.0145627,0,4.39909,0.37202,0.000440984,8,drone1
-0.483993,0.725817,1.21458e-05,-100.778,0.202599,-0.967087,-177.302,1.34729,0.0823132,0.00285411,-0.0115445,0,5.67892,0.366855,0.0388699,8,drone1
-0.483767,0.726536,1.19188e-05,-99.9301,0.182014,-0.934237,179.985,1.30603,0.147364,0.00697919,-0.0259682,0,5.79109,0.350617,0.122928,8,drone1
-0.483216,0.728266,1.16827e-05,-98.6236,0.154977,-0.900769,179.371,1.26632,0.166821,0.00251764,-0.0108543,0,7.80555,0.368289,0.100907,8,drone1
-0.483166,0.728697,1.15308e-05,-97.0549,0.126841,-0.876888,178.647,1.22598,0.184678,0.00225391,-0.0110219,0,6.957,0.36981,0.111077,8,drone1
-0.483126,0.729076,1.1396e-05,-95.5396,0.101259,-0.855663,179.269,1.19123,0.169547,0.000761076,-0.00906453,0,6.21358,0.357393,0.125677,8,drone1
-0.483224,0.728969,1.12985e-05,-94.209,0.0799952,-0.839081,-173.664,1.11378,-0.0755387,-0.0214283,0.0502936,0,5.65423,0.936892,1.03822,8,drone1
-0.483929,0.724404,1.13561e-05,-93.7682,0.0739892,-0.845746,-174.054,1.0857,-0.0617581,-0.00591547,-0.00426273,0,-3.89588,0.297329,-0.0968795,8,drone1
-0.483913,0.724486,1.12596e-05,-93.9502,0.0757345,-0.832651,-177.334,1.03058,0.065369,-0.0240731,-0.0206959,0,-3.12186,0.651416,-0.630192,8,drone1
-0.484046,0.720195,1.13093e-05,-93.8099,0.0744146,-0.843993,-176.278,1.00654,0.0500516,-0.00737799,0.0085447,0,0.032458,0.252056,-0.0246722,8,drone1
-0.484214,0.718623,1.13263e-05,-93.548,0.070643,-0.845341,-177.76,0.99249,0.071021,-0.00220479,-0.0103877,0,-1.31722,0.122945,0.0367399,8,drone1
-0.484171,0.718385,1.13094e-05,-93.2941,0.0667532,-0.843312,-177.746,0.972134,0.0740863,-0.00219893,0.00899375,0,0.140456,0.204577,-0.0228955,8,drone1
-0.484185,0.718367,1.13106e-05,-92.9771,0.0620699,-0.843214,173.221,0.978637,0.358266,0.0112157,-0.071111,0,-0.295554,-0.245833,-1.34135,8,drone1
-0.483728,0.721556,1.12301e-05,-91.899,0.0457383,-0.831225,174.066,0.977427,0.322195,-0.0015849,-0.0017344,0,8.44843,0.0780447,0.351993,8,drone1
-0.483751,0.721399,1.12724e-05,-90.3089,0.0227114,-0.837771,174.745,0.975265,0.290589,-0.00801553,-0.000161296,0,6.77497,0.0706474,0.308581,8,drone1
-0.483737,0.721308,1.13186e-05,-88.9828,0.00317054,-0.846337,175.174,0.973416,0.263134,-0.00508624,-0.000886252,0,4.28716,0.0526676,0.269979,8,drone1
-0.483704,0.721232,1.13794e-05,-87.878,-0.0135644,-0.857403,175.42,0.97255,0.239275,-0.00407116,-0.000936719,0,2.45631,0.0332602,0.236368,8,drone1
-0.483661,0.721169,1.14575e-05,-86.9636,-0.0279953,-0.871148,175.531,0.973133,0.218558,-0.00404377,-0.00064395,0,1.10371,0.0125234,0.206837,8,drone1
-0.483616,0.721116,1.1554e-05,-86.2135,-0.0405241,-0.887703,175.54,0.975547,0.200594,-0.00422501,-0.000290749,0,0.0944002,-0.00993839,0.180959,8,drone1
-0.483572,0.721072,1.16702e-05,-85.6043,-0.0514953,-0.907175,175.486,0.974918,0.187732,-0.00603761,-0.00712374,0,-0.541398,0.0157278,0.127791,8,drone1
-0.483533,0.721036,1.18071e-05,-85.1143,-0.061214,-0.929651,175.369,0.982434,0.17407,-0.00473063,0.000321798,0,-1.18024,-0.0654843,0.141487,8,drone1
-0.483499,0.721008,1.19666e-05,-84.7238,-0.0699518,-0.955212,175.202,0.992462,0.162403,-0.0035391,-0.000328898,0,-1.66692,-0.0921492,0.123173,8,drone1
-0.48347,0.720985,1.21506e-05,-84.4149,-0.0779487,-0.983937,175.036,1.00566,0.152281,-0.00600724,0.00463715,0,-1.66112,-0.124491,0.110264,8,drone1
-0.483446,0.720967,1.23613e-05,-84.1723,-0.0854139,-1.01591,176.382,1.02577,0.117605,-0.0111175,0.0106469,0,-1.41362,-0.157405,0.0975406,8,drone1
-0.483097,0.718832,1.26645e-05,-84.1495,-0.090536,-1.06174,177.184,1.04725,0.093378,-0.0114791,0.00786757,0,-3.00629,-0.191076,0.0524178,8,drone1
-0.482804,0.71661,1.30193e-05,-84.4001,-0.0907759,-1.11196,177.448,1.07233,0.0797474,-0.00897184,0.0046272,0,-3.86741,-0.239715,0.0218944,8,drone1
-0.48262,0.714873,1.34013e-05,-84.7743,-0.0881846,-1.16366,-178.609,1.12789,-0.0613719,0.0139545,0.0336978,0,-3.04852,-0.508888,0.625459,8,drone1
-0.482642,0.717878,1.36332e-05,-85.5782,-0.0743711,-1.19699,-177.355,1.1631,-0.0899726,-0.00853971,0.0154407,0,-7.02962,-0.365667,-0.128552,8,drone1
-0.482481,0.716009,1.41123e-05,-86.7954,-0.0522595,-1.25799,-177.403,1.28025,-0.0536349,0.0280305,0.00276118,0,-5.69009,-1.13121,-0.573846,8,drone1
-0.482784,0.721764,1.43422e-05,-87.9995,-0.0267357,-1.28582,178.708,1.50916,0.131663,0.0645159,-0.0292979,0,-5.01772,-2.18494,-1.28467,8,drone1
-0.48326,0.735205,1.43034e-05,-88.7493,-0.00974688,-1.28002,179.549,1.52851,0.102154,-0.0187734,0.00697412,0,-1.09532,-0.172582,0.0469815,8,drone1
-0.483178,0.7312,1.49882e-05,-89.2017,-0.000766476,-1.3605,178.69,1.5487,0.11431,-0.0244773,-0.00544626,0,-1.83115,-0.216004,0.0570952,8,drone1
-0.483141,0.726334,1.58038e-05,-89.5915,0.00787263,-1.44931,-179.885,1.58828,0.0655391,-0.031129,0.0101491,0,0.283129,-0.369891,0.119452,8,drone1
-0.483115,0.720099,1.67664e-05,-89.9847,0.0177802,-1.54916,-178.121,1.63784,0.00823401,-0.0272923,0.0143232,0,-0.698693,-0.482579,0.0607526,8,drone1
-0.48315,0.714606,1.78084e-05,-90.5667,0.0345094,-1.65021,-177.23,1.69809,-0.0250295,-0.0172979,0.00932235,0,-2.34643,-0.602468,-0.0197888,8,drone1
-0.483218,0.711119,1.88695e-05,-91.2792,0.0571898,-1.74654,-176.962,1.76984,-0.0396865,-0.0104824,0.00476894,0,-2.78612,-0.716938,-0.066082,8,drone1
-0.483281,0.709029,1.9979e-05,-92.0009,0.0825307,-1.84129,-177.187,1.85257,-0.0374099,-0.00840878,0.00470786,0,-2.25569,-0.823505,-0.0811696,8,drone1
-0.483264,0.709111,2.10906e-05,-92.6396,0.107252,-1.9311,-176.081,1.94416,-0.0753576,-0.010165,0.00991737,0,-1.03616,-0.925087,-0.0644848,8,drone1
-0.483408,0.706939,2.24781e-05,-93.2749,0.134831,-2.03741,-174.731,2.04307,-0.121218,-0.00904729,0.0124296,0,-1.65253,-1.00644,-0.137414,8,drone1
-0.483584,0.704953,2.40133e-05,-94.0318,0.169716,-2.14844,-173.459,2.15202,-0.167226,-0.00667435,0.0123689,0,-2.32619,-1.11093,-0.199592,8,drone1
-0.483762,0.703467,2.4703e-05,-94.9144,0.204256,-2.14636,-172.129,2.27007,-0.21787,-0.00714432,0.0133019,0,-2.65498,-1.20886,-0.257052,8,drone1
-0.483984,0.701744,2.19307e-05,-95.9154,0.227525,-2.02949,-170.78,2.38526,-0.271897,-0.00749001,0.0139469,0,-2.96175,-1.18686,-0.304446,8,drone1
-0.484255,0.699888,2.06175e-05,-97.037,0.254432,-1.92053,-170.078,2.48974,-0.303579,-0.00708503,0.00924008,0,-3.25047,-1.05522,-0.311504,8,drone1
-0.484474,0.698248,1.96431e-05,-98.1893,0.279471,-1.81783,-169.421,2.58365,-0.33206,-0.00624693,0.00853524,0,-2.85507,-0.947184,-0.314753,8,drone1
-0.484691,0.696781,1.87454e-05,-99.2859,0.299756,-1.72171,-169.671,2.67393,-0.320198,-0.00479484,0.00481339,0,-2.50638,-0.859887,-0.299197,8,drone1
-0.48456,0.696889,1.78076e-05,-100.182,0.310469,-1.62586,-169.792,2.75827,-0.31359,-0.00126052,0.00425616,0,-1.20705,-0.815786,-0.223896,8,drone1
-0.484465,0.696948,1.69512e-05,-100.797,0.31191,-1.53831,-170.516,2.84096,-0.24789,-0.011363,-0.00322622,0,-0.552983,-0.718618,-0.473523,8,drone1
-0.484722,0.694908,1.62737e-05,-101.092,0.306519,-1.46872,-170.431,2.91533,-0.254299,0.000752008,-0.000605829,0,0.845091,-0.744462,-0.0544755,8,drone1
-0.484695,0.694953,1.55825e-05,-101.185,0.294633,-1.39603,-170.316,2.9888,-0.264948,0.00204758,0.00540291,0,1.14856,-0.742286,-0.0105641,8,drone1
-0.484684,0.694958,1.49747e-05,-101.246,0.282894,-1.32923,-168.46,3.02955,-0.363203,-0.00655711,0.0142114,0,1.9396,-0.511771,0.0398671,8,drone1
-0.485261,0.693103,1.45295e-05,-101.581,0.280031,-1.27547,-167.018,3.04555,-0.439447,0.00166533,0.0114293,0,-0.420072,-0.253872,-0.073769,8,drone1
-0.485413,0.692962,1.40631e-05,-102.335,0.284743,-1.21661,-165.698,3.03924,-0.505668,0.00237877,0.0111531,0,-1.46357,-0.0282635,-0.126244,8,drone1
-0.485509,0.692913,1.36508e-05,-103.342,0.294106,-1.16095,-164.404,3.01312,-0.565588,0.00135435,0.0115923,0,-1.93213,0.167549,-0.149862,8,drone1
-0.485647,0.692608,1.33005e-05,-104.522,0.306433,-1.11021,-163.116,2.97033,-0.619407,0.000363184,0.0120231,0,-2.13558,0.332267,-0.162007,8,drone1
-0.485841,0.692059,1.30051e-05,-105.823,0.320584,-1.0643,-164.186,2.82188,-0.534471,-0.0619734,0.0114542,0,-1.67382,1.61796,0.114709,8,drone1
-0.489013,0.680173,1.31588e-05,-106.912,0.346816,-1.0779,-162.759,2.76885,-0.584805,0.00233428,0.0108768,0,-0.00670178,0.427714,-0.0844642,8,drone1
-0.489109,0.680199,1.28935e-05,-107.675,0.350658,-1.04043,-163.26,2.72751,-0.535808,0.0182224,-0.00883404,0,-1.07315,0.522217,-0.148174,8,drone1
-0.487609,0.684196,1.25499e-05,-108.267,0.345513,-0.988616,-163.678,2.67927,-0.490346,0.0262377,-0.0112864,0,0.0279246,0.572153,-0.0937103,8,drone1
-0.485686,0.689668,1.21842e-05,-108.321,0.329339,-0.93665,-162.107,2.60462,-0.534361,0.010398,0.00807494,0,1.99546,0.649948,-0.0273814,8,drone1
-0.485485,0.690943,1.20043e-05,-108.626,0.325039,-0.907347,-160.491,2.521,-0.577586,0.00595847,0.0109271,0,0.449462,0.732206,-0.0603789,8,drone1
-0.485509,0.691301,1.18838e-05,-109.565,0.332943,-0.882387,-159.042,2.43425,-0.60955,0.0051513,0.0108875,0,-0.90515,0.783438,-0.0947956,8,drone1
-0.485496,0.691518,1.1783e-05,-110.843,0.346676,-0.859331,-154.344,2.26341,-0.816343,-2.32808e-05,0.0398703,0,-0.907488,1.02065,0.460526,8,drone1
-0.487206,0.688547,1.17992e-05,-113.322,0.385201,-0.847486,-153.324,2.17928,-0.811024,0.00149769,0.0121206,0,-4.66088,0.852037,-0.274138,8,drone1
-0.487155,0.688132,1.17905e-05,-116.088,0.422925,-0.822211,-152.263,2.0994,-0.804942,0.00582849,0.0092475,0,-3.34842,0.805781,-0.238719,8,drone1
-0.486888,0.688467,1.17231e-05,-117.867,0.444883,-0.802413,-150.974,2.02201,-0.80471,-0.000782711,0.01274,0,-1.12319,0.746775,-0.182358,8,drone1
-0.487494,0.687332,1.17439e-05,-119.332,0.467284,-0.794438,-149.67,1.94256,-0.795968,0.00161321,0.0114868,0,-0.867692,0.800336,-0.21019,8,drone1
-0.487889,0.686653,1.17721e-05,-120.723,0.488976,-0.787147,-148.385,1.86864,-0.787086,0.000377212,0.0118623,0,-0.536798,0.747132,-0.187101,8,drone1
-0.488463,0.685715,1.18318e-05,-122.074,0.512567,-0.783638,-147.127,1.79716,-0.771374,0.00103548,0.0112822,0,-0.447758,0.757242,-0.213332,8,drone1
-0.488987,0.684903,1.19065e-05,-123.382,0.537111,-0.782014,-143.575,1.69941,-0.82443,-0.0341425,0.0529555,0,2.15461,0.684108,-0.163784,8,drone1
-0.495655,0.675343,1.22919e-05,-125.457,0.603961,-0.816793,-141.389,1.62424,-0.83143,-0.0140232,0.03273,0,-1.29338,0.691903,-0.2431,8,drone1
-0.499161,0.670629,1.26078e-05,-128.101,0.667626,-0.821932,-141.643,1.59228,-0.764401,0.00415033,0.00522943,0,-2.51792,0.674088,-0.31083,8,drone1
-0.498645,0.671103,1.27293e-05,-129.327,0.694524,-0.818948,-140.455,1.55057,-0.739609,0.0134534,0.000770681,0,0.396655,0.554254,-0.283796,8,drone1
-0.497464,0.672581,1.27988e-05,-129.963,0.711306,-0.820476,-139.252,1.51255,-0.715534,0.0126656,0.00125841,0,0.43733,0.526165,-0.283744,8,drone1
-0.496325,0.673933,1.29216e-05,-131.06,0.737764,-0.819166,-138.12,1.47933,-0.693117,0.0111769,0.00215722,0,-0.1445,0.484238,-0.276114,8,drone1
-0.495379,0.675005,1.30803e-05,-132.198,0.768571,-0.820547,-138.138,1.4641,-0.641663,0.00941626,0.00330294,0,-0.163346,0.45711,-0.280745,8,drone1
-0.495202,0.67517,1.33192e-05,-132.775,0.798034,-0.835696,-136.469,1.43348,-0.635278,0.0188225,0.000111288,0,0.453675,0.404638,-0.277176,8,drone1
-0.493485,0.677041,1.34822e-05,-133.593,0.826198,-0.841387,-134.605,1.40541,-0.636714,0.0257977,-0.00325448,0,-1.13862,0.370427,-0.305792,8,drone1
-0.490614,0.679993,1.3637e-05,-135.32,0.865627,-0.830395,-133.195,1.38442,-0.62671,0.0169902,0.000654545,0,-2.02174,0.375258,-0.321881,8,drone1
-0.48892,0.681635,1.38963e-05,-137.086,0.914811,-0.825626,-129.249,1.30221,-0.757786,0.0029723,0.044125,0,-2.16286,-0.0126368,0.463406,8,drone1
-0.493701,0.677333,1.45343e-05,-140.074,1.01736,-0.827692,-128.135,1.29448,-0.731909,0.0100695,0.00576845,0,-3.55713,0.395431,-0.455906,8,drone1
-0.492909,0.678141,1.49368e-05,-142.864,1.09371,-0.805402,-128.265,1.31173,-0.673264,0.00280355,0.000481353,0,-1.28863,0.359637,-0.494129,8,drone1
-0.492641,0.678485,1.54341e-05,-143.745,1.14929,-0.820202,-128.041,1.33139,-0.621524,-0.00286609,0.0054708,0,2.25275,0.275876,-0.479677,8,drone1
-0.492598,0.678535,1.60019e-05,-143.821,1.19834,-0.853729,-127.811,1.35454,-0.574919,0.00417385,0.000767989,0,2.31458,0.215731,-0.473364,8,drone1
-0.492593,0.678535,1.66292e-05,-143.823,1.2503,-0.891636,-132.979,1.521,-0.285724,-0.0217347,-0.0401812,0,2.10937,0.507608,-1.92224,8,drone1
-0.488859,0.681653,1.57703e-05,-141.622,1.25034,-0.97027,-130.778,1.52929,-0.314699,0.0137146,0.00284174,0,6.62234,-0.040952,-0.201721,8,drone1
-0.488352,0.681862,1.77585e-05,-138.997,1.26108,-1.07233,-129.861,1.54669,-0.311228,-0.00899408,0.0179766,0,2.8345,0.0100385,-0.292675,8,drone1
-0.49149,0.679095,1.87589e-05,-139.573,1.34951,-1.12611,-127.601,1.56267,-0.360016,0.00580802,0.0216409,0,-0.963538,-0.0779502,-0.323985,8,drone1
-0.493636,0.677261,2.00947e-05,-141.124,1.45818,-1.15214,-126.376,1.59239,-0.382861,0.0087788,0.00743074,0,-2.50795,-0.094343,-0.419424,8,drone1
-0.493572,0.677378,2.12831e-05,-142.973,1.56868,-1.16023,-126.584,1.63885,-0.364225,0.00931044,0.0020531,0,-2.08393,-0.117586,-0.486478,8,drone1
-0.493337,0.67768,2.25675e-05,-143.778,1.66339,-1.19551,-125.428,1.68319,-0.379318,0.0109742,0.000424993,0,-0.0803135,-0.16435,-0.526518,8,drone1
-0.492429,0.678278,2.3923e-05,-144.391,1.75726,-1.23575,-125.464,1.74019,-0.362344,0.00892033,0.00151115,0,-0.361925,-0.190542,-0.563319,8,drone1
-0.492335,0.678463,2.73949e-05,-144.943,1.78698,-1.22333,-124.029,1.79146,-0.394055,0.0125816,0.00162604,0,-0.0336982,-0.256702,-0.564951,8,drone1
-0.49149,0.678953,2.3187e-05,-145.666,1.70594,-1.14148,-118.934,1.93464,-0.603688,0.0575152,-0.0146466,0,0.182744,-1.47476,-1.23668,8,drone1
-0.483788,0.68389,2.07433e-05,-147.749,1.62478,-1.00357,-119.419,1.96836,-0.574835,0.00440517,0.00604989,0,-4.84159,0.105672,-0.430751,8,drone1
-0.48352,0.684406,1.94493e-05,-149.789,1.57887,-0.898618,-118.937,1.9751,-0.570314,-0.00237753,0.015224,0,-2.12718,0.183929,-0.256355,8,drone1
-0.486026,0.682994,1.87539e-05,-150.447,1.52789,-0.845478,-118.51,1.97393,-0.565059,-0.00467965,0.0160645,0,-0.464473,0.171657,-0.135097,8,drone1
-0.488846,0.68144,1.81246e-05,-151.027,1.48218,-0.799841,-118.098,1.96597,-0.5564,-0.00351792,0.0135668,0,-0.225788,0.225116,-0.0807096,8,drone1
-0.491202,0.680164,1.75367e-05,-151.502,1.43773,-0.759777,-117.433,1.95138,-0.562828,-0.00311864,0.0165409,0,0.166846,0.177598,-0.00256046,8,drone1
-0.494051,0.678611,1.70455e-05,-152.027,1.40129,-0.723524,-117.232,1.93892,-0.556649,-0.00680374,0.016177,0,0.191939,0.159103,0.0373019,8,drone1
-0.497095,0.677063,1.66172e-05,-152.455,1.36928,-0.693568,-117.223,1.92453,-0.543173,0.000403823,0.00576035,0,0.0908213,0.185638,0.0661566,8,drone1
-0.496998,0.677158,1.61002e-05,-152.62,1.32383,-0.665052,-117.174,1.90678,-0.530073,0.00205311,0.00248482,0,0.495801,0.198037,0.0972336,8,drone1
-0.496987,0.677173,1.56538e-05,-152.657,1.28221,-0.642449,-117.113,1.88787,-0.523444,0.00196111,0.00259026,0,0.60994,0.145958,0.137275,8,drone1
-0.496982,0.677175,1.52702e-05,-152.666,1.2451,-0.623026,-117.055,1.86734,-0.519673,0.00194108,0.00261077,0,0.585858,0.127858,0.164938,8,drone1
-0.496979,0.677175,1.49439e-05,-152.669,1.21256,-0.606145,-117.001,1.84405,-0.516204,0.00192544,0.00262667,0,0.535604,0.1376,0.191041,8,drone1
-0.496977,0.677174,1.46696e-05,-152.67,1.18449,-0.591613,-116.953,1.82277,-0.517992,0.00193915,0.00262881,0,0.483812,0.0814368,0.197399,8,drone1
-0.496974,0.677173,1.44429e-05,-152.671,1.16077,-0.579335,-116.909,1.80194,-0.522275,0.00194274,0.00263544,0,0.436089,0.0569774,0.204923,8,drone1
-0.496972,0.677172,1.42602e-05,-152.672,1.14128,-0.569247,-116.87,1.78466,-0.530847,0.00195712,0.00263468,0,0.392771,0.00238847,0.192836,8,drone1
-0.496969,0.677171,1.41184e-05,-152.672,1.12592,-0.561295,-115.746,1.85752,-0.575553,0.0265285,-0.0335866,0,0.33796,-0.475308,-0.6925,8,drone1
-0.489426,0.680951,1.37389e-05,-152.992,1.08167,-0.530771,-115.823,1.82845,-0.581482,0.00200416,0.00262091,0,-0.768338,0.0711279,0.28796,8,drone1
-0.48948,0.680999,1.3629e-05,-153.447,1.07868,-0.51868,-117.585,1.82247,-0.528809,-0.0388967,0.0454203,0,1.9257,0.0229895,0.267843,8,drone1
-0.498023,0.67709,1.40319e-05,-154.337,1.12632,-0.520833,-117.554,1.79831,-0.544778,-0.0135237,0.0222461,0,2.46049,-0.0744616,0.339046,8,drone1
-0.502586,0.674977,1.43602e-05,-154.355,1.14893,-0.530959,-117.252,1.77983,-0.570207,-0.00487427,0.0063469,0,3.01471,-0.133146,0.284595,8,drone1
-0.50251,0.675007,1.43468e-05,-154.284,1.15235,-0.534459,-116.995,1.76834,-0.598194,0.00134461,-0.000190207,0,2.56068,-0.191381,0.234127,8,drone1
-0.502513,0.674998,1.43599e-05,-154.265,1.16061,-0.53905,-116.786,1.7614,-0.627836,0.00454744,-0.00322993,0,2.0785,-0.229255,0.200067,8,drone1
-0.502512,0.674995,1.44382e-05,-154.261,1.17298,-0.545207,-114.311,1.74885,-0.716043,0.0157334,0.00776071,0,2.19643,-0.236558,-0.0311085,8,drone1
-0.502707,0.6746,1.45995e-05,-155.112,1.19904,-0.536122,-119.523,1.74415,-0.46611,-0.052052,0.0133682,0,1.79003,1.02342,0.234913,8,drone1
-0.508228,0.672902,1.50553e-05,-154.378,1.23628,-0.572545,-118.959,1.75169,-0.521786,0.00398859,-0.0028104,0,5.6212,-0.511477,0.23133,8,drone1
-0.508434,0.672445,1.53019e-05,-152.501,1.23973,-0.624596,-118.519,1.76611,-0.576333,0.00375975,-0.00731095,0,4.38258,-0.541679,0.156489,8,drone1
-0.508555,0.672248,1.55119e-05,-152.05,1.26133,-0.648556,-118.15,1.7922,-0.64032,0.00612457,-0.00837732,0,1.90156,-0.646666,0.0438519,8,drone1
-0.506747,0.67316,1.57273e-05,-152.03,1.28261,-0.660445,-117.805,1.82544,-0.707661,0.00684375,-0.00883628,0,1.03702,-0.69738,-0.0288916,8,drone1
-0.504811,0.674165,1.59937e-05,-152.189,1.30963,-0.670172,-117.737,1.86366,-0.767639,0.00606086,-0.0071445,0,0.6618,-0.708848,-0.0548106,8,drone1
-0.504819,0.674181,1.64162e-05,-152.312,1.34989,-0.687731,-117.66,1.90225,-0.835888,0.00516243,-0.0052071,0,0.751119,-0.783473,-0.0194768,8,drone1
-0.504809,0.674192,1.69069e-05,-152.339,1.39336,-0.709671,-117.577,1.94394,-0.906302,0.00519255,-0.00522327,0,0.798724,-0.817111,-0.0374923,8,drone1
-0.504805,0.674194,1.74626e-05,-152.345,1.44111,-0.734505,-117.5,1.99051,-0.977696,0.0052047,-0.00522843,0,0.747299,-0.848491,-0.0774761,8,drone1
-0.504802,0.674193,1.80927e-05,-152.346,1.49346,-0.761886,-117.43,2.04221,-1.05043,0.00522378,-0.00524063,0,0.67959,-0.88415,-0.118194,8,drone1
-0.5048,0.674192,1.88058e-05,-152.346,1.55058,-0.791803,-117.365,2.0993,-1.12491,0.005246,-0.00525459,0,0.614347,-0.92438,-0.159462,8,drone1
-0.504797,0.674191,1.96111e-05,-152.346,1.61265,-0.82432,-117.307,2.16207,-1.20152,0.00527063,-0.0052693,0,0.554889,-0.969266,-0.201386,8,drone1
-0.504795,0.67419,2.05188e-05,-152.345,1.67985,-0.859529,-116.953,2.20527,-1.23463,-0.00573964,0.0171084,0,-0.0197283,-0.407739,-0.359888,8,drone1
-0.508049,0.672438,2.1764e-05,-152.485,1.77036,-0.901457,-116.823,2.26942,-1.30258,0.005632,-0.00892122,0,0.0256727,-0.865579,-0.309545,8,drone1
-0.506072,0.673488,2.27825e-05,-152.697,1.84257,-0.930437,-116.865,2.33357,-1.34605,0.00488781,-0.010648,0,0.141082,-0.692045,-0.353537,8,drone1
-0.503959,0.674605,2.39174e-05,-152.768,1.91777,-0.966229,-116.727,2.39102,-1.38198,0.00528062,-0.00889158,0,0.485604,-0.558868,-0.382748,8,drone1
-0.502163,0.675542,2.85857e-05,-152.795,1.94501,-0.969287,-116.045,2.4353,-1.43015,0.00928608,-0.00683128,0,0.112107,-0.454259,-0.449456,8,drone1
-0.500397,0.676367,2.42896e-05,-153.093,1.86724,-0.924113,-115.282,2.46684,-1.47058,0.01007,-0.00579891,0,-0.712761,-0.274111,-0.451468,8,drone1
-0.498706,0.677174,2.22028e-05,-153.732,1.80369,-0.869146,-114.44,2.4789,-1.50692,0.0105967,-0.00461449,0,-1.35542,-0.105536,-0.362877,8,drone1
-0.497156,0.677902,2.10189e-05,-154.565,1.75022,-0.812113,-113.312,2.46411,-1.54685,0.0149322,-0.00847231,0,-1.65589,0.0652533,-0.243847,8,drone1
-0.494644,0.679029,2.01312e-05,-155.612,1.70067,-0.751021,-113.474,2.47427,-1.51993,0.00608749,-0.00404544,0,-1.61506,0.209318,-0.1971,8,drone1
-0.494558,0.679233,1.95279e-05,-156.353,1.6637,-0.708585,-115.577,2.52118,-1.39258,-0.0270246,0.018523,0,1.32559,0.316238,-0.0247751,8,drone1
-0.499464,0.677432,1.93152e-05,-155.789,1.63985,-0.717392,-116.36,2.52928,-1.31918,-0.0163435,0.0129826,0,3.89768,0.285618,0.079629,8,drone1
-0.502866,0.67583,1.91381e-05,-154.475,1.60563,-0.746436,-116.02,2.50601,-1.29886,-0.00404612,0.00692688,0,3.415,0.288243,0.11061,8,drone1
-0.50295,0.675613,1.88125e-05,-153.722,1.56884,-0.754188,-115.895,2.48512,-1.27355,0.00561228,-0.00404393,0,1.25695,0.319612,0.0736041,8,drone1
-0.502996,0.675533,1.85351e-05,-153.531,1.54503,-0.748826,-115.87,2.46293,-1.24493,0.00721049,-0.00509582,0,0.262976,0.354274,0.0740337,8,drone1
-0.503005,0.675513,1.83373e-05,-153.487,1.52856,-0.742101,-115.852,2.43923,-1.21453,0.0036664,-0.00132607,0,0.191152,0.376818,0.0801703,8,drone1
-0.503005,0.675508,1.82097e-05,-153.477,1.51795,-0.737139,-115.844,2.41458,-1.18301,0.00321144,-0.00134109,0,0.099486,0.390931,0.0842458,8,drone1
-0.503003,0.675506,1.81483e-05,-153.475,1.51282,-0.734639,-115.832,2.38917,-1.15099,0.00245739,-0.00134575,0,0.12687,0.398781,0.0888021,8,drone1
-0.503001,0.675505,1.81513e-05,-153.475,1.51304,-0.734745,-115.813,2.36404,-1.11912,0.00162643,-0.00130741,0,0.204959,0.396334,0.0868117,8,drone1
-0.502999,0.675504,1.82184e-05,-153.475,1.51853,-0.737473,-115.795,2.33925,-1.08979,0.00175599,-0.00161309,0,0.196226,0.371812,0.0949423,8,drone1
-0.502997,0.675503,1.83501e-05,-153.476,1.52928,-0.742822,-115.775,2.31801,-1.05742,0.00117502,-0.00116893,0,0.204568,0.383763,0.049899,8,drone1
-0.502994,0.675502,1.85479e-05,-153.476,1.54528,-0.750792,-115.763,2.2972,-1.03028,0.00237236,-0.00224369,0,0.139128,0.334771,0.0690618,8,drone1
-0.502992,0.675501,1.88138e-05,-153.476,1.56654,-0.761389,-115.752,2.27843,-1.00624,0.00264239,-0.0024821,0,0.11616,0.29795,0.0644566,8,drone1
-0.502989,0.6755,1.91512e-05,-153.476,1.5931,-0.774631,-116.422,2.28122,-0.929043,-0.000291949,-0.0117541,0,0.236599,0.486467,-0.133701,8,drone1
-0.501011,0.67658,1.94371e-05,-153.209,1.61161,-0.793237,-116.349,2.26709,-0.913103,0.00377235,-0.00344812,0,0.731798,0.20583,0.0545009,8,drone1
-0.5011,0.676463,1.99384e-05,-152.899,1.64483,-0.821114,-116.307,2.25789,-0.89777,0.00182861,-0.000696487,0,0.424529,0.178135,0.0137624,8,drone1
-0.501117,0.676431,2.05106e-05,-152.825,1.68635,-0.845108,-116.302,2.2536,-0.881689,0.00233177,-0.00117173,0,0.058766,0.163049,-0.0328133,8,drone1
-0.501119,0.676423,2.11785e-05,-152.808,1.73416,-0.870268,-116.305,2.25438,-0.866647,0.00245563,-0.00128197,0,-0.0235069,0.131299,-0.0735669,8,drone1
-0.501117,0.67642,2.19483e-05,-152.805,1.78781,-0.897962,-116.309,2.26028,-0.851489,0.00237962,-0.00121691,0,-0.0328844,0.109684,-0.119942,8,drone1
-0.501115,0.676419,2.28291e-05,-152.803,1.84731,-0.92856,-116.314,2.27046,-0.836822,0.00284348,-0.00165331,0,-0.049325,0.0863104,-0.1562,8,drone1
-0.501113,0.676418,2.38316e-05,-152.803,1.91279,-0.96221,-116.319,2.28742,-0.82608,0.00286688,-0.00166548,0,-0.0441601,0.0210875,-0.199606,8,drone1
-0.501112,0.676417,2.94814e-05,-152.802,1.95475,-0.972262,-116.323,2.31038,-0.81677,0.00287767,-0.00167685,0,-0.0385333,-0.0183212,-0.247002,8,drone1
-0.50111,0.676417,2.5335e-05,-152.804,1.88103,-0.941252,-116.327,2.33568,-0.807985,0.00288333,-0.00168476,0,-0.0337533,-0.0334592,-0.265733,8,drone1
-0.501107,0.676416,2.30798e-05,-152.805,1.81558,-0.910514,-116.33,2.3511,-0.802369,0.00277589,-0.00156289,0,-0.0271035,-0.0180512,-0.163081,8,drone1
-0.501105,0.676414,2.17325e-05,-152.807,1.7577,-0.881904,-116.333,2.35837,-0.798906,0.00279661,-0.00156544,0,-0.025767,-0.00123806,-0.0805429,8,drone1
-0.501103,0.676413,2.08408e-05,-152.808,1.70672,-0.85608,-116.335,2.35921,-0.797494,0.00281458,-0.00156604,0,-0.0242946,0.0089155,-0.0138034,8,drone1
-0.5011,0.676412,2.01833e-05,-152.809,1.66222,-0.8333,-116.337,2.35514,-0.798132,0.00283065,-0.00156522,0,-0.022762,0.012369,0.0393705,8,drone1
-0.501098,0.676411,1.96637e-05,-152.811,1.62392,-0.813613,-112.834,2.23797,-0.984349,0.0115201,0.0380813,0,-0.00245522,-0.108795,0.768513,8,drone1
-0.50674,0.673114,1.9647e-05,-154.183,1.63861,-0.772297,-113.205,2.23965,-0.970522,0.00461225,-0.0057912,0,-3.71061,0.122746,-0.0655687,8,drone1
-0.506365,0.673649,1.92241e-05,-155.799,1.63096,-0.712984,-112.976,2.2322,-0.978755,0.00829437,-0.0109052,0,-1.96418,0.0788267,-0.0299032,8,drone1
-0.503828,0.674851,1.88384e-05,-156.432,1.60544,-0.680367,-112.506,2.21925,-0.994263,0.0079475,-0.00827532,0,-0.549802,0.0602257,0.0173043,8,drone1
-0.501856,0.675706,1.85363e-05,-156.948,1.5867,-0.655315,-111.082,2.18416,-1.04761,0.017449,-0.0107697,0,-1.16182,0.0844762,0.0487332,8,drone1
-0.498853,0.676824,1.82567e-05,-157.815,1.57249,-0.621476,-111.226,2.18048,-1.04096,0.00734076,-0.0042403,0,-1.43818,0.0751812,0.0112743,8,drone1
-0.498785,0.677018,1.81836e-05,-158.594,1.57621,-0.598302,-111.282,2.17986,-1.04257,0.00306353,-0.000845615,0,-0.560049,-0.0128105,0.0115748,8,drone1
-0.498732,0.677113,1.82069e-05,-158.879,1.58018,-0.590803,-111.238,2.17484,-1.04797,0.0025258,0.000707749,0,0.43793,-0.0318527,0.0664699,8,drone1
-0.498711,0.677147,1.82867e-05,-158.985,1.58794,-0.590435,-111.58,2.18225,-1.03828,-0.0112166,0.0205421,0,0.430064,-0.0475439,0.0143738,8,drone1
-0.503077,0.675525,1.86754e-05,-158.9,1.62023,-0.605598,-109.402,2.1467,-1.14109,0.0251502,-0.0166598,0,-0.39366,-0.200825,0.0124622,8,drone1
-0.498508,0.676941,1.8647e-05,-159.471,1.62253,-0.588028,-108.291,2.12387,-1.21937,0.0112047,-0.00138765,0,-1.89381,-0.293481,0.0624661,8,drone1
-0.497617,0.677248,1.88528e-05,-160.738,1.65479,-0.558945,-107.511,2.11852,-1.27606,0.0113704,-0.00967364,0,-2.17284,-0.237323,-0.0937788,8,drone1
-0.495128,0.678147,1.90701e-05,-161.924,1.68365,-0.530336,-107.698,2.1374,-1.29615,0.00651138,-0.000632497,0,-1.87304,-0.246509,-0.123272,8,drone1
-0.495062,0.678338,1.94955e-05,-162.72,1.72578,-0.517723,-107.721,2.15402,-1.32318,0.00545356,-0.000623142,0,-0.236436,-0.307696,-0.0767804,8,drone1
-0.495007,0.678442,2.00055e-05,-163.102,1.76993,-0.518563,-107.643,2.17126,-1.35602,0.00453113,0.00243492,0,0.760258,-0.36539,-0.0622375,8,drone1
-0.49498,0.678493,2.05962e-05,-163.29,1.81837,-0.526795,-107.486,2.19315,-1.39565,0.00144598,0.00425692,0,1.55479,-0.444834,-0.0830833,8,drone1
-0.494966,0.678517,2.12804e-05,-163.383,1.87203,-0.539586,-107.322,2.21956,-1.43995,0.000972443,0.00452544,0,1.62251,-0.50294,-0.112489,8,drone1
-0.494958,0.678529,2.20677e-05,-163.43,1.93143,-0.555595,-104.235,2.16613,-1.62157,0.0142066,0.0314304,0,1.35261,-0.734595,-0.0127529,8,drone1
-0.500199,0.676575,2.33092e-05,-164.204,2.03016,-0.555347,-104.411,2.21206,-1.66308,0.00570514,0.00196096,0,-1.77076,-0.510144,-0.350263,8,drone1
-0.499993,0.676843,2.43977e-05,-165.28,2.11179,-0.535778,-104.5,2.25673,-1.70744,0.00210887,0.00185668,0,-0.909589,-0.538159,-0.326226,8,drone1
-0.499934,0.676986,2.07999e-05,-165.87,2.0828,-0.511876,-104.421,2.29958,-1.73918,-0.0033158,0.00224731,0,0.771931,-0.416353,-0.332895,8,drone1
-0.499895,0.677063,2.16099e-05,-166.205,2.01468,-0.478442,-104.319,2.33454,-1.75766,0.00194517,-0.000213947,0,1.01503,-0.268156,-0.290568,8,drone1
-0.499871,0.677107,2.15533e-05,-166.401,1.95237,-0.4544,-104.178,2.35533,-1.76624,0.00233295,-0.000371304,0,1.39895,-0.136423,-0.178663,8,drone1
-0.499857,0.677132,2.11216e-05,-166.517,1.89647,-0.436181,-100.331,2.23663,-1.96954,0.0272135,0.00995727,0,1.41583,-0.534505,0.134759,8,drone1
-0.500672,0.676464,2.06488e-05,-167.358,1.85723,-0.397896,-100.563,2.25098,-1.93725,0.00215587,-0.000380474,0,-2.3055,0.295204,-0.193706,8,drone1
-0.500548,0.676686,2.01392e-05,-168.554,1.8216,-0.350179,-100.685,2.25388,-1.90048,0.00275202,-0.00114694,0,-1.20783,0.356762,-0.0924889,8,drone1
-0.500472,0.67683,1.97031e-05,-169.329,1.78941,-0.318581,-100.676,2.24683,-1.8607,0.00255979,-0.000970687,0,0.104931,0.403675,-0.00480615,8,drone1
-0.500422,0.676921,1.93408e-05,-169.848,1.76206,-0.296979,-101.588,2.21407,-1.72799,-0.0140694,0.0351812,0,0.236548,1.05882,0.437229,8,drone1
-0.507785,0.675772,1.94738e-05,-170.051,1.77491,-0.292816,-101.361,2.19779,-1.69331,0.00236673,-0.000773271,0,2.29,0.373681,0.083138,8,drone1
-0.507655,0.675805,1.92644e-05,-170.061,1.75716,-0.289372,-101.136,2.18279,-1.65643,0.00370943,-0.00812098,0,2.26374,0.392045,0.0674829,8,drone1
-0.507654,0.675806,1.91324e-05,-170.069,1.74629,-0.287246,-100.933,2.1662,-1.61752,0.00371173,-0.00806944,0,2.04423,0.414951,0.0809821,8,drone1
-0.507652,0.675807,1.9077e-05,-170.074,1.74162,-0.286261,-100.752,2.14923,-1.57835,0.00435762,-0.00748587,0,1.82093,0.417715,0.0864731,8,drone1
-0.507651,0.675808,1.90939e-05,-170.078,1.74308,-0.286391,-100.2,2.1225,-1.55331,0.00485456,-0.00918073,0,1.62458,0.419844,0.0764925,8,drone1
