1.95397,0.34491,5.53539e-06,0,0,-0.0111886,0,0,0,0,0,0,0,0,0,-1,pipuck10
1.95397,0.34491,7.91351e-06,0,0,-0.0159945,0,0,0,0,0,0,0,0,0,-1,pipuck10
1.95397,0.34491,8.88486e-06,0,0,-0.0179578,0,0,0,0,0,0,0,0,0,-1,pipuck10
1.95397,0.34491,9.26229e-06,0,0,-0.0187206,0,0,0,0,0,0,0,0,0,-1,pipuck10
1.95397,0.34491,9.40043e-06,0,0,-0.0189998,0,0,0,0,0,0,0,0,0,-1,pipuck10
1.95397,0.34491,9.44705e-06,0,0,-0.019094,0,0,0,0,0,0,0,0,0,-1,pipuck10
1.95397,0.34491,9.46085e-06,0,0,-0.0191219,0,0,0,0,0,0,0,0,0,-1,pipuck10
1.95397,0.34491,9.46391e-06,0,0,-0.0191281,0,0,0,0,0,0,0,0,0,-1,pipuck10
1.95397,0.34491,9.46396e-06,0,0,-0.0191282,0,0,0,0,0,0,0,0,0,-1,pipuck10
1.95397,0.34491,9.46346e-06,0,0,-0.0191272,0,0,0,0,0,0,0,0,0,-1,pipuck10
1.95397,0.34491,9.46303e-06,0,0,-0.0191263,0,0,0,0,0,0,0,0,0,-1,pipuck10
1.95397,0.34491,9.46276e-06,0,0,-0.0191258,0,0,0,0,0,0,0,0,0,-1,pipuck10
1.95397,0.34491,9.46262e-06,0,0,-0.0191255,0,0,0,0,0,0,0,0,0,-1,pipuck10
1.95397,0.34491,9.46255e-06,0,0,-0.0191254,0,0,0,0,0,0,0,0,0,-1,pipuck10
1.95397,0.34491,9.46252e-06,0,0,-0.0191253,0,0,0,0,0,0,0,0,0,-1,pipuck10
1.95397,0.34491,9.46251e-06,0,0,-0.0191253,0,0,0,0,0,0,0,0,0,-1,pipuck10
1.95397,0.34491,9.4625e-06,0,0,-0.0191253,0,0,0,0,0,0,0,0,0,-1,pipuck10
1.95397,0.34491,9.4625e-06,0,0,-0.0191253,0,0,0,0,0,0,0,0,0,-1,pipuck10
1.95397,0.34491,9.4625e-06,0,0,-0.0191253,0,0,0,0,0,0,0,0,0,-1,pipuck10
1.95397,0.34491,9.4625e-06,0,0,-0.0191253,0,0,0,0,0,0,0,0,0,-1,pipuck10
1.95397,0.34491,9.4625e-06,0,0,-0.0191253,0,0,0,0,0,0,0,0,0,-1,pipuck10
1.95397,0.34491,9.4625e-06,0,0,-0.0191252,0,0,0,0,0,0,0,0,0,-1,pipuck10
1.95397,0.34491,9.4625e-06,0,0,-0.0191252,0,0,0,0,0,0,0,0,0,-1,pipuck10
1.95397,0.34491,9.4625e-06,0,0,-0.0191252,0,0,0,0,0,0,0,0,0,-1,pipuck10
1.95397,0.34491,9.4625e-06,0,0,-0.0191252,0,0,0,0,0,0,0,0,0,-1,pipuck10
1.95397,0.34491,9.4625e-06,0,0,-0.0191252,0,0,0,0,0,0,0,0,0,-1,pipuck10
1.95397,0.34491,9.4625e-06,0,0,-0.0191252,0,0,0,0,0,0,0,0,0,-1,pipuck10
1.95397,0.34491,9.4625e-06,0,0,-0.0191252,0,0,0,0,0,0,0,0,0,-1,pipuck10
1.95397,0.34491,9.4625e-06,0,0,-0.0191252,0,0,0,0,0,0,0,0,0,-1,pipuck10
1.95397,0.34491,9.4625e-06,0,0,-0.0191252,0,0,0,0,0,0,0,0,0,-1,pipuck10
1.95397,0.34491,9.4625e-06,0,0,-0.0191252,0,0,0,0,0,0,0,0,0,-1,pipuck10
1.95397,0.34491,9.4625e-06,0,0,-0.0191252,0,0,0,0,0,0,0,0,0,-1,pipuck10
1.95397,0.34491,9.4625e-06,0,0,-0.0191252,0,0,0,0,0,0,0,0,0,-1,pipuck10
1.95397,0.34491,9.4625e-06,0,0,-0.0191252,0,0,0,0,0,0,0,0,0,-1,pipuck10
1.95397,0.34491,9.4625e-06,0,0,-0.0191252,0,0,0,0,0,0,0,0,0,-1,pipuck10
1.95397,0.34491,9.4625e-06,0,0,-0.0191252,0,0,0,0,0,0,0,0,0,-1,pipuck10
1.95397,0.34491,9.4625e-06,0,0,-0.0191252,0,0,0,0,0,0,0,0,0,-1,pipuck10
1.95397,0.34491,9.4625e-06,0,0,-0.0191252,0,0,0,0,0,0,0,0,0,-1,pipuck10
1.95397,0.34491,9.4625e-06,0,0,-0.0191252,0,0,0,0,0,0,0,0,0,-1,pipuck10
1.95397,0.34491,9.4625e-06,0,0,-0.0191252,0,0,0,0,0,0,0,0,0,-1,pipuck10
1.95397,0.34491,9.4625e-06,0,0,-0.0191252,0,0,0,0,0,0,0,0,0,-1,drone1
1.95397,0.34491,9.4625e-06,0,0,-0.0191252,0,0,0,0,0,0,0,0,0,-1,drone1
1.95397,0.34491,9.4625e-06,0,0,-0.0191252,-4.45613,0.187115,0.040862,-1.16286,0.467198,0,1.51194,1.87583,0.386404,11,drone1
1.93615,0.344874,9.21774e-06,0.316695,0.0858237,-0.019055,-8.41341,0.298224,0.0600666,-1.17928,0.365112,0,6.03138,1.14395,-0.0994165,11,drone1
1.91827,0.344615,9.1678e-06,1.24224,0.172627,-0.0220787,1.28662,0.268725,0.0254741,-1.67,-0.2324,0,98.0967,-0.405022,0.0178609,11,drone1
1.89837,0.344018,9.25388e-06,2.34057,0.270156,-0.0292776,9.99621,0.229517,-0.0076297,-1.6438,0.0600074,0,88.8908,-0.468643,-0.0174879,11,drone1
1.87853,0.343076,9.44296e-06,3.27226,0.368693,-0.0392954,17.6492,0.181666,-0.0377338,-1.57883,0.32224,0,79.9554,-0.525334,-0.0664602,11,drone1
1.85876,0.34183,9.71315e-06,4.08064,0.468466,-0.0516455,24.0873,0.124239,-0.065452,-1.47941,0.540793,0,69.7668,-0.59496,-0.138689,11,drone1
1.8391,0.340313,1.00593e-05,4.81604,0.569691,-0.0662421,29.726,0.0610088,-0.089406,-1.37182,0.700336,0,62.9251,-0.625838,-0.19485,11,drone1
1.8195,0.338544,1.04835e-05,5.51866,0.672833,-0.0832728,34.6243,-0.00726858,-0.109242,-1.26096,0.826541,0,56.7404,-0.651576,-0.245554,11,drone1
1.79997,0.336531,1.09907e-05,6.21815,0.77816,-0.103073,39.3471,-0.0788541,-0.126109,-1.16172,0.916585,0,55.2684,-0.666025,-0.276811,11,drone1
1.78048,0.334276,1.15882e-05,6.93066,0.886098,-0.126022,43.8468,-0.109361,-0.00926674,-1.02637,0.973482,0,54.1021,-0.596505,1.01999,11,drone1
1.76107,0.33177,1.22865e-05,7.67049,0.996718,-0.152578,46.1371,-0.188204,-0.0348187,-0.955368,1.19536,0,39.2206,-0.597575,-0.53916,11,drone1
1.742,0.328971,1.30874e-05,8.54149,1.10872,-0.184899,46.2922,-0.266705,-0.0626639,-1.03849,2.03209,0,37.1159,-0.60927,-0.525457,8,drone1
1.72403,0.325825,1.39686e-05,9.82984,1.21758,-0.22941,52.7392,-0.495896,-0.0872267,-2.10267,1.29391,0,33.2272,-1.71053,-1.4959,9,drone1
1.70655,0.323022,1.49258e-05,10.8515,1.32824,-0.273059,55.9907,-0.572072,-0.0884475,-1.95976,2.36647,0,27.2614,-0.532552,-0.52995,10,drone1
1.6872,0.319373,1.61504e-05,11.1948,1.4553,-0.306513,58.4499,-0.652393,-0.0899625,-1.74938,2.50531,0,22.5421,-0.528878,-0.595677,10,drone1
1.66769,0.315537,1.75394e-05,11.3037,1.58951,-0.336221,60.0717,-0.747652,-0.0301595,-1.54926,2.62691,0,18.481,-1.08663,-0.331922,10,drone1
1.64817,0.311598,1.91156e-05,11.3832,1.72968,-0.36673,61.0642,-0.832982,-0.0418144,-1.40168,2.68153,0,15.0919,-0.470273,-0.712268,10,drone1
1.62879,0.30761,2.08967e-05,11.5634,1.87468,-0.402062,62.0672,-0.930577,-0.0533952,-1.36264,2.6818,0,14.4694,-0.524018,-0.824089,10,drone1
1.60939,0.303564,2.2909e-05,11.8433,2.02551,-0.443231,62.6668,-1.03303,-0.0668006,-1.26712,2.71802,0,12.4883,-0.543885,-0.871475,10,drone1
1.59017,0.2994,3.16388e-05,12.2165,2.15158,-0.498505,62.9448,-1.13457,-0.0817336,-1.19891,2.73805,0,10.899,-0.542615,-0.865615,10,drone1
1.57153,0.295194,2.4645e-05,12.6754,2.00227,-0.472914,65.9175,-1.24096,-0.0421981,-1.37005,1.9038,0,10.9404,-0.574682,-0.87756,9,drone1
1.5532,0.291295,2.20442e-05,12.8135,1.84711,-0.441533,68.0905,-1.26871,-0.0149938,-1.22536,2.03418,0,6.54176,-0.0738144,-0.270213,9,drone1
1.53444,0.287277,1.96373e-05,12.3607,1.70713,-0.394125,70.7645,-1.33673,0.0307903,-1.19817,1.96207,0,6.24657,-0.291362,-0.622874,9,drone1
1.51586,0.283536,1.76904e-05,11.4343,1.57641,-0.33793,73.1945,-1.33085,0.173704,-1.09113,2.02085,0,4.56704,-0.889707,0.386072,9,drone1
1.49712,0.280065,1.61634e-05,10.15,1.45434,-0.278953,76.1534,-1.35376,0.216365,-1.08383,1.95862,0,3.59141,0.0628837,-0.363803,9,drone1
1.4786,0.277143,1.4914e-05,8.56919,1.33753,-0.219855,78.5817,-1.36235,0.253264,-0.96004,2.03772,0,-0.107908,0.153935,-0.233611,9,drone1
1.4599,0.274692,1.38912e-05,6.75237,1.22684,-0.163426,82.5533,-1.3511,0.237356,-1.06511,1.92575,0,2.65881,0.99033,-0.307507,9,drone1
1.44176,0.273006,1.2994e-05,4.66689,1.11798,-0.109324,86.6781,-1.32277,0.309955,-0.975891,1.93991,0,0.602614,0.234178,0.049132,9,drone1
1.42371,0.271993,1.22307e-05,2.25556,1.01265,-0.0578848,90.4592,-1.28378,0.372434,-0.838428,2.01008,0,-2.95512,0.313692,0.130023,9,drone1
1.40561,0.271716,1.15846e-05,-0.406675,0.91097,-0.0115169,92.4788,-1.21618,0.392357,-0.482764,2.70696,0,-2.50348,0.292469,0.528876,10,drone1
1.38658,0.272312,1.10677e-05,-3.11085,0.817206,0.0263913,94.5169,-1.17053,0.403997,-0.424758,2.71273,0,-3.99317,0.376303,0.311098,10,drone1
1.3677,0.273783,1.06283e-05,-5.72919,0.726671,0.0548073,97.9681,-1.10939,0.436781,-0.565883,2.62739,0,-0.79055,0.355258,0.372931,10,drone1
1.34947,0.275954,1.02438e-05,-8.41361,0.637191,0.0760404,102.049,-1.03751,0.4745,-0.552111,2.60686,0,-1.19622,0.364943,0.429449,10,drone1
1.33169,0.278877,9.90991e-06,-11.3917,0.549578,0.0923733,106.911,-0.953392,0.518239,-0.537025,2.56831,0,-1.55771,0.356018,0.479212,10,drone1
1.31459,0.282607,9.62516e-06,-14.8551,0.462692,0.104122,111.459,-0.868279,0.549353,-0.352706,2.63934,0,-6.07521,0.379319,0.51295,10,drone1
1.29781,0.287467,9.38194e-06,-18.8798,0.378802,0.110583,116.634,-0.777354,0.582177,-0.303694,2.62958,0,-7.26475,0.363685,0.507837,10,drone1
1.28187,0.293398,9.18031e-06,-23.5093,0.296426,0.109425,122.585,-0.674452,0.61327,-0.254396,2.61996,0,-8.50376,0.348233,0.550203,10,drone1
1.26704,0.300454,9.0218e-06,-28.8538,0.216141,0.0986856,130.011,-0.550216,0.639752,-0.303362,2.54313,0,-7.26188,0.334698,0.631318,10,drone1
1.25433,0.308165,8.88545e-06,-35.1899,0.135811,0.0739741,138,-0.418723,0.652227,-0.195477,2.55196,0,-9.9874,0.297473,0.658751,10,drone1
1.24339,0.316859,8.77777e-06,-42.6662,0.0619149,0.0329898,145.774,-0.295855,0.645148,-0.133082,2.56513,0,-12.2516,0.260703,0.636801,10,drone1
1.23505,0.325762,8.73103e-06,-51.3837,-0.00155172,-0.0301909,153.94,-0.288986,0.874484,-0.285728,2.37586,0,-8.35439,-0.123436,-2.12376,10,drone1
1.23023,0.333258,8.76114e-06,-61.6826,-0.0468679,-0.124036,162.135,-0.263132,1.32392,-0.2704,2.24448,0,-8.0914,-0.52098,-4.24944,10,drone1
1.22781,0.339375,8.88605e-06,-72.9826,-0.0559558,-0.242744,170.161,-0.0261319,1.21397,-0.27016,2.53118,0,-9.71089,0.0591035,1.40717,10,drone1
1.22709,0.343527,9.13452e-06,-84.6411,-0.017671,-0.375932,178.307,0.178792,1.07893,-0.322044,2.5378,0,-8.51316,-0.0119377,1.27721,10,drone1
1.22706,0.344609,9.54683e-06,-96.3518,0.0746833,-0.512545,-173.057,0.356955,0.929065,-0.546832,2.49688,0,-3.6348,-0.112234,1.09669,10,drone1
1.22617,0.341136,1.01763e-05,-108.111,0.228435,-0.642098,-164.182,0.510258,0.770918,-0.649486,2.46691,0,-1.24312,-0.240201,0.888013,10,drone1
1.2232,0.33458,1.10854e-05,-119.894,0.444985,-0.738848,-155.068,0.640923,0.605999,-0.748431,2.45018,0,1.14082,-0.358404,0.683414,10,drone1
1.21712,0.32603,9.73457e-06,-131.12,0.687013,-0.806273,-148.24,0.730018,0.47063,-1.12635,1.66337,0,2.93525,-0.459275,0.434024,9,drone1
1.20352,0.312967,1.46316e-05,-141.18,0.990305,-0.820984,-142.837,0.810978,0.373243,-1.11857,1.67671,0,2.43652,-0.511652,0.0416172,9,drone1
1.1888,0.302431,1.75224e-05,-148.692,1.28459,-0.805175,-139.104,0.870601,0.298515,-1.27335,1.53773,0,9.15071,-0.545213,0.0521352,9,drone1
1.17245,0.293187,1.97535e-05,-153.944,1.56687,-0.788105,-136.501,0.944871,0.252979,-1.36213,1.45902,0,12.783,-0.700107,-0.185362,9,drone1
1.15498,0.285036,2.23936e-05,-157.566,1.84105,-0.780657,-134.637,1.03058,0.22832,-1.40103,1.41519,0,14.6735,-0.779246,-0.359756,9,drone1
1.13701,0.277818,3.6574e-05,-160.04,2.08172,-0.789083,-130.216,1.12837,0.171149,-1.34714,2.12391,0,18.006,-0.770422,-0.466507,10,drone1
1.11986,0.271778,2.01086e-05,-162.25,1.9391,-0.634649,-129.243,1.20127,0.257196,-1.30247,1.49386,0,11.6974,0.0526699,-1.09884,9,drone1
1.10102,0.265843,2.00057e-05,-164.105,1.76079,-0.520436,-125.856,1.29104,0.207149,-1.30739,2.1088,0,17.6994,-0.721799,-0.452667,10,drone1
1.08241,0.260821,1.81156e-05,-165.591,1.58305,-0.426308,-123.479,1.36014,0.183876,-1.3543,2.02919,0,19.035,-0.561546,-0.394541,10,drone1
1.0631,0.255951,1.61393e-05,-166.87,1.41224,-0.348671,-121.202,1.39962,0.153962,-1.232,2.09153,0,16.1861,-0.354024,-0.193464,10,drone1
1.04382,0.251573,1.44152e-05,-167.86,1.24471,-0.286618,-119.255,1.41728,0.129302,-1.17357,2.10423,0,14.9153,-0.209021,-0.0491803,10,drone1
1.02439,0.24748,1.30123e-05,-168.683,1.08243,-0.23524,-112.74,1.41691,-0.0113975,-1.11293,2.11798,0,13.6008,-0.0852067,0.0998855,10,drone1
1.00781,0.244735,1.17247e-05,-169.966,0.912502,-0.179763,-102.776,1.37187,-0.232601,-0.964601,2.16539,0,9.61601,0.100396,0.196528,10,drone1
0.995286,0.24349,1.05675e-05,-172.672,0.729004,-0.111687,-93.5327,1.28261,-0.421574,-0.684881,2.23436,0,2.41823,0.303181,0.286553,10,drone1
0.983809,0.242992,9.7096e-06,-177.047,0.542374,-0.0456798,-84.9508,1.15792,-0.578434,-0.432561,2.28589,0,-4.1905,0.404481,0.432256,10,drone1
0.971774,0.242982,9.14033e-06,177.254,0.358015,-0.00047174,-76.3025,0.965513,-0.720383,-0.493363,2.24841,0,-3.52016,0.222361,0.919098,10,drone1
0.958971,0.243916,8.77532e-06,170.481,0.1794,0.0123303,-68.5226,0.799853,-0.791096,-0.0826766,2.28401,0,-12.1942,0.553451,0.659046,10,drone1
0.945278,0.246733,8.60736e-06,162.692,0.0142158,-0.0137827,-61.0211,0.624246,-0.827768,0.0434873,2.28335,0,-14.975,0.509373,0.783373,10,drone1
0.945696,0.245201,8.64603e-06,151.717,-0.192883,-0.123188,-53.5954,0.445992,-0.834225,0.0790352,2.27634,0,-15.7312,0.427374,0.848022,10,drone1
0.939689,0.249159,8.91823e-06,137.091,-0.299556,-0.301386,-46.2338,0.265836,-0.812767,-0.43673,1.69207,0,-16.3714,0.29373,0.915231,9,drone1
0.930656,0.259815,9.49775e-06,122.192,-0.298181,-0.505368,-38.9975,0.0916272,-0.766435,-0.341753,2.24126,0,-5.49034,0.0779104,0.976328,10,drone1
0.92248,0.274745,1.029e-05,109.997,-0.233948,-0.693341,-36.3324,-0.00853331,-0.696369,-0.63922,2.16444,0,1.85534,-0.0448512,0.990653,10,drone1
0.916808,0.292202,1.11049e-05,100.959,-0.147737,-0.854995,-37.9767,-0.0495057,-0.641387,-1.09643,1.9676,0,13.5566,-0.197664,0.928724,10,drone1
0.914721,0.308444,4.83495e-06,93.5099,-0.0648499,-1.00491,-44.5114,-0.0375467,-0.593881,-1.47287,1.70755,0,24.6497,-0.19039,1.0026,10,drone1
0.914516,0.322023,1.02356e-05,87.5281,0.0382343,-1.16171,-49.5586,-0.0502299,-0.562976,-1.88245,1.25281,0,39.5253,-0.171116,1.08319,10,drone1
0.914534,0.32266,3.19976e-05,83.8463,0.200372,-1.37201,-49.0306,-0.128793,-0.565424,-2.13834,0.687582,0,53.9117,-0.299009,1.17829,10,drone1
0.912378,0.306145,2.47354e-05,81.2381,0.289637,-1.67451,-47.4592,-0.232802,-0.584549,-2.17926,0.631304,0,56.248,-0.441305,1.30652,10,drone1
0.910024,0.289432,2.53019e-05,79.7311,0.383899,-1.9806,-50.4357,-0.302729,-0.641267,-2.188,0.432544,0,60.244,-0.571754,1.4338,10,drone1
0.908952,0.279497,4.17802e-05,80.2176,0.420852,-2.19527,-53.0005,-0.387018,-0.715915,-2.21049,0.286083,0,64.3629,-0.541591,1.66747,10,drone1
0.90763,0.2703,2.3645e-05,81.3941,0.321506,-1.97989,-56.1208,-0.456001,-0.846574,-2.12716,0.483234,0,58.8183,-0.947337,1.57456,10,drone1
0.907604,0.264036,2.06993e-05,83.962,0.206376,-1.74478,-58.2342,-0.518897,-0.938932,-2.22081,0.135097,0,68.8721,-0.235553,1.80404,10,drone1
0.90735,0.254133,1.75073e-05,88.3147,0.0650965,-1.53225,-60.5761,-0.538537,-1.00462,-2.22319,0.2598,0,66.5746,0.151608,1.55382,10,drone1
0.907348,0.252396,1.45557e-05,93.9032,-0.068414,-1.27723,-62.8779,-0.534588,-1.05657,-2.20813,0.224008,0,66.9687,0.381544,1.41536,10,drone1
0.907555,0.250527,2.10418e-05,100.536,-0.224447,-1.01178,-65.3951,-0.502573,-1.09209,-2.19103,0.301637,0,64.8096,0.55624,1.22071,10,drone1
0.909014,0.247589,1.23509e-05,108.124,-0.269315,-0.755604,-68.8143,-0.459477,-1.03893,-2.12824,0.650242,0,55.7733,1.31039,1.20731,10,drone1
0.908696,0.250046,1.03336e-05,118.334,-0.276496,-0.472482,-72.3777,-0.381066,-1.03094,-2.10193,0.740264,0,54.3437,0.841431,0.756724,10,drone1
0.904175,0.257022,9.50742e-06,130.475,-0.189947,-0.193366,-76.5996,-0.276614,-1.00332,-2.00274,0.984047,0,47.7595,0.892243,0.494938,10,drone1
0.893496,0.267247,9.30754e-06,142.553,0.0138525,0.0345894,-81.4987,-0.157805,-0.949552,-1.6376,0.432438,0,40.9889,0.970369,0.296877,9,drone1
0.880251,0.275793,9.6312e-06,153.321,0.291493,0.167677,-83.8541,-0.0297071,-0.938948,-1.52004,0.606279,0,32.5928,0.225553,-0.37371,9,drone1
0.863839,0.283177,1.05931e-05,161.972,0.611105,0.218678,-90.4825,0.130867,-0.840101,-1.45597,0.867805,0,23.7062,0.960073,-0.207125,9,drone1
0.856003,0.284533,1.2039e-05,170.323,0.897185,0.172293,-89.6162,0.188311,-0.745953,-1.34845,1.01215,0,17.8309,0.845087,-0.569199,9,drone1
0.836748,0.286836,1.42032e-05,178.507,1.23183,0.0510434,-86.1503,0.218845,-0.672048,-1.27787,1.09153,0,12.8514,0.738112,-0.663265,9,drone1
0.818303,0.285985,1.70108e-05,-174.673,1.54463,-0.125107,-81.1031,0.253832,-0.621473,-1.04288,1.30777,0,1.10139,0.721717,-0.896118,9,drone1
0.802108,0.282928,2.03572e-05,-169.496,1.83195,-0.320656,-75.2185,0.306161,-0.599794,-0.660661,1.51504,0,-13.2968,0.824489,-1.14114,9,drone1
0.787975,0.278976,2.43764e-05,-166.466,2.10959,-0.488767,-69.5323,0.377737,-0.609013,-0.342921,1.59347,0,-24.3309,0.96314,-1.27357,9,drone1
0.775682,0.275358,2.05131e-05,-164.798,2.04507,-0.542754,-65.01,0.47855,-0.642197,-0.114495,1.62066,0,-33.1678,1.196,-1.38391,9,drone1
0.761614,0.270787,1.80656e-05,-164.398,1.80504,-0.489788,-62.2069,0.584544,-0.688789,0.134934,1.60394,0,-41.2677,1.32022,-1.21567,9,drone1
0.747915,0.266917,1.66604e-05,-165.895,1.58784,-0.382183,-60.9665,0.691114,-0.738323,-0.00954591,1.58836,0.00460673,-37.1415,1.1528,-1.14088,9,drone1
0.730981,0.262759,1.51938e-05,-168.445,1.39456,-0.267196,-61.2871,0.763244,-0.75055,0.191124,1.58071,0,-44.3274,1.15844,-0.496694,9,drone1
0.713222,0.25946,1.37754e-05,-171.515,1.20748,-0.161735,-63.0082,0.826569,-0.720825,-0.0477649,1.58412,0,-37.9567,1.02904,-0.197626,9,drone1
0.694428,0.257273,1.25082e-05,-174.568,1.02529,-0.0790081,-73.2214,0.961672,-0.54701,-0.136495,1.56314,0,-34.5453,0.901188,-0.00653774,9,drone1
0.679108,0.256562,1.13046e-05,-176.725,0.827094,-0.0289057,-77.3049,0.995484,-0.449135,-0.511774,1.46746,0,-20.8349,0.638044,0.129806,9,drone1
0.660285,0.255814,1.04151e-05,-177.948,0.648983,-0.00493475,-83.2042,1.01837,-0.316862,-0.641212,1.39648,0,-15.283,0.488857,0.241191,9,drone1
0.642868,0.255401,9.72646e-06,-178.499,0.468397,0.00596214,-92.0681,1.02006,-0.135553,-0.804148,1.28938,0,-8.20002,0.29054,0.36409,9,drone1
0.628088,0.255141,9.21869e-06,-178.083,0.27908,0.00879082,-100.072,0.977699,0.0238492,-0.98774,1.13208,0,0.910723,0.166508,0.508394,9,drone1
0.613161,0.254689,8.94499e-06,-176.575,0.0939477,0.0124265,-107.466,0.900465,0.156749,-1.15558,0.952176,0,9.43001,0.0771528,0.658391,9,drone1
0.598447,0.253855,8.89461e-06,-174.018,-0.0885014,0.0272868,-113.765,0.802105,0.256744,-1.20848,0.869274,0,14.0089,0.108309,0.738883,9,drone1
0.583005,0.252162,9.05005e-06,-170.483,-0.262124,0.0620024,-119.449,0.682319,0.319303,-1.26774,0.739076,0,18.6952,0.0840023,0.917209,9,drone1
0.567536,0.249372,9.41679e-06,-166.044,-0.426682,0.124302,-124.223,0.559308,0.347866,-1.27423,0.680876,0,20.8476,0.112866,0.967532,9,drone1
0.551586,0.244938,9.95963e-06,-160.84,-0.574302,0.218233,-127.745,0.433891,0.347675,-1.24235,0.706554,0,19.7822,0.233303,1.0265,9,drone1
0.535265,0.238433,1.07027e-05,-155.349,-0.700275,0.340771,-130.316,0.309373,0.327495,-1.19908,0.739333,0,17.696,0.330712,1.05821,9,drone1
0.519038,0.229979,1.16431e-05,-150.357,-0.807633,0.479993,-132.755,0.184938,0.304525,-1.2155,0.693676,0,17.7113,0.443302,1.00315,9,drone1
0.503541,0.22036,1.27146e-05,-145.979,-0.902175,0.630392,-134.311,0.0613603,0.272488,-1.16113,0.759623,0,14.3567,0.54159,1.01623,9,drone1
0.488183,0.209177,1.39799e-05,-142.338,-0.98565,0.783268,-135.256,-0.0586277,0.239313,-1.10859,0.804822,0,11.4635,0.605161,0.982823,9,drone1
0.473186,0.196988,1.53907e-05,-139.697,-1.06907,0.930151,-135.629,-0.180951,0.206544,-1.04834,0.856345,0,8.29296,0.677415,1.00699,9,drone1
0.458405,0.184016,1.696e-05,-137.904,-1.15698,1.06938,-135.947,-0.254672,0.181539,-1.00766,0.846359,0,6.3554,0.380208,0.630176,9,drone1
0.443909,0.17065,1.87009e-05,-136.74,-1.25205,1.20279,-135.688,-0.385463,0.160596,-0.955121,0.902332,0,4.10543,0.828899,1.02533,9,drone1
0.429405,0.156822,2.06385e-05,-136.048,-1.3544,1.33058,-135.279,-0.519235,0.143405,-0.916193,0.916541,0,2.51606,0.853856,1.05138,9,drone1
0.415014,0.142889,2.27938e-05,-135.87,-1.46967,1.45058,-134.261,-0.648712,0.142535,-0.819224,0.960933,0,-0.421607,0.862576,1.00743,9,drone1
0.401012,0.129344,3.18016e-05,-136.193,-1.57335,1.55336,-133.36,-0.781123,0.146428,-0.789383,0.96032,0,-1.61002,0.871983,1.03547,9,drone1
0.387267,0.116255,2.39202e-05,-136.885,-1.48372,1.41722,-133.1,-0.967877,0.103531,-0.835379,0.896256,0,1.74672,0.98627,1.64835,9,drone1
0.372732,0.102793,2.15944e-05,-137.425,-1.36579,1.28258,-132.896,-1.07308,0.105248,-0.808694,0.894282,0,-0.151967,0.706188,0.785392,9,drone1
0.358105,0.0894098,1.90971e-05,-137.661,-1.2451,1.16083,-132.925,-1.14891,0.101992,-0.813889,0.861392,0,0.781133,0.509077,0.559511,9,drone1
0.343383,0.0760307,1.6978e-05,-137.805,-1.12582,1.04595,-133.111,-1.20182,0.0917285,-0.817824,0.831437,0,1.69953,0.338552,0.399587,9,drone1
0.328803,0.0628193,1.52806e-05,-137.736,-1.00709,0.94008,-133.533,-1.23439,0.0687847,-0.825726,0.787952,0,2.91469,0.163052,0.280439,9,drone1
0.314364,0.0496372,1.38997e-05,-137.331,-0.88766,0.843016,-133.916,-1.25285,0.049678,-0.818115,0.770233,0,3.22647,0.0968747,0.152241,9,drone1
0.299942,0.0362125,1.27497e-05,-136.711,-0.76951,0.749842,-134.148,-1.25266,0.0345294,-0.799853,0.765162,0,2.89776,-0.0309003,0.0219648,9,drone1
0.285635,0.0225989,1.17909e-05,-136.128,-0.656452,0.656312,-133.387,-1.23748,0.040162,-0.793602,0.744594,0,3.15266,-0.134587,-0.074404,9,drone1
0.271368,0.0087961,1.09887e-05,-135.89,-0.550704,0.559154,-129.869,-1.18829,0.217282,-0.766998,0.688384,0,2.34786,0.44728,-1.06293,9,drone1
0.258507,-0.00359693,1.03683e-05,-136.532,-0.461709,0.462672,-123.517,-1.12155,0.331341,-0.682912,0.804992,0,-3.08484,-0.38906,-0.12824,9,drone1
0.246707,-0.0144566,6.52742e-06,-138.388,-0.406748,0.345714,-116.127,-1.0269,0.453611,-0.601067,0.850966,0,-8.78533,-0.503035,-0.148482,9,drone1
0.235109,-0.0243867,9.74203e-06,-141.229,-0.341065,0.250147,-108.52,-0.911492,0.556568,-0.530854,0.888241,0,-13.9313,-0.628132,-0.150772,9,drone1
0.223554,-0.0329129,1.03219e-05,-145.619,-0.273232,0.162431,-101.45,-0.789046,0.630445,-0.43886,0.9167,0,-19.2947,-0.687269,-0.171624,9,drone1
0.211095,-0.0404459,9.90171e-06,-151.436,-0.196661,0.0845667,-94.9511,-0.657176,0.677903,-0.302494,0.939074,0,-25.0041,-0.7235,-0.282102,9,drone1
0.197387,-0.0467044,9.45433e-06,-158.383,-0.107632,0.0221621,-90.2384,-0.546432,0.68374,-0.367272,0.917537,0,-23.6977,-0.702319,-0.323238,9,drone1
0.181349,-0.0520052,9.1948e-06,-165.64,-0.000527154,-0.0191038,-87.7618,-0.368582,0.6942,-0.393326,0.906653,0,-23.5769,-0.13271,-1.237,9,drone1
0.163658,-0.0557734,9.14592e-06,-172.288,0.118664,-0.0346753,-80.7138,-0.235711,0.677797,-0.400563,0.882373,0,-19.5128,-0.636461,-0.341698,9,drone1
0.148532,-0.056785,9.21755e-06,-178.885,0.226073,-0.0227474,-73.9348,-0.112291,0.641908,-0.39304,0.866406,0,-20.0602,-0.582072,-0.383167,9,drone1
0.132436,-0.0561666,1.68053e-05,174.2,0.332145,0.0671036,-68.5883,-0.0112858,0.589466,-0.388803,0.848041,0,-20.5104,-0.504802,-0.434407,9,drone1
0.116398,-0.0534966,1.13928e-05,167.248,0.435913,0.120882,-65.4102,0.282898,0.403481,-0.292518,0.744028,0,-24.6767,-0.303027,-2.9721,9,drone1
0.0999405,-0.0489506,1.01184e-05,160.627,0.533206,0.206884,-64.849,0.309546,0.351272,-0.399685,0.801868,0,-18.2618,-0.287503,-0.300379,9,drone1
0.0832488,-0.0425842,1.0309e-05,155.318,0.625814,0.307016,-69.5192,0.310122,0.333652,-0.50649,0.706412,0,-12.0486,-0.187226,-0.37437,9,drone1
0.0692217,-0.036045,1.0913e-05,152.139,0.709868,0.39529,-79.3696,0.161909,0.436229,-0.553751,0.700073,0,-8.50495,0.160769,1.07623,9,drone1
0.062611,-0.0332527,1.13951e-05,152.47,0.777973,0.425664,-89.1125,-0.264193,0.509428,-0.526979,0.737993,0,-7.42486,-0.332924,3.57923,9,drone1
0.0510456,-0.0280095,1.21278e-05,155.97,0.89387,0.418411,-95.7722,-0.225531,0.427552,-0.78299,0.308245,0,23.3976,-0.561136,-1.0831,9,drone1
0.0453593,-0.0267554,1.26562e-05,162.328,0.999997,0.337829,-101.904,-0.162213,0.372318,-0.821097,0.17203,0,28.6725,-0.578277,-1.15613,9,drone1
0.0395738,-0.0260314,1.31593e-05,171.432,1.11026,0.185834,-108.16,-0.0922891,0.325921,-0.791417,0.223815,0,27.4326,-0.691978,-1.07394,9,drone1
0.0300926,-0.0255461,1.38614e-05,-178.761,1.2162,-0.00788647,-114.416,0.0486641,0.204367,-0.763295,0.143409,0,27.4254,-1.86403,-1.10515,9,drone1
0.0203539,-0.0265481,1.46489e-05,-168.825,1.29016,-0.236076,-121.138,0.140844,0.209123,-0.77183,0.255644,0,22.7718,-0.716951,-1.00833,9,drone1
0.00703258,-0.0305327,1.56934e-05,-159.004,1.34195,-0.495242,-126.48,0.241519,0.220319,-0.709212,0.329201,0,18.3733,-0.848597,-0.944536,9,drone1
-0.00836369,-0.0382985,1.70468e-05,-150.332,1.37272,-0.760653,-129.621,0.349326,0.229207,-0.655645,0.423143,0,12.1665,-0.901512,-0.86554,9,drone1
-0.0236225,-0.0486396,1.86101e-05,-143.737,1.39703,-1.0019,-132.45,0.45947,0.240319,-0.650509,0.424125,0,8.26285,-0.937535,-0.834644,9,drone1
-0.0381459,-0.0604245,2.04258e-05,-139.108,1.43049,-1.21426,-135.795,0.566235,0.259624,-0.711202,0.379736,0,7.58563,-0.986299,-0.773176,9,drone1
-0.0514855,-0.0728319,2.2475e-05,-135.154,1.45798,-1.42386,-136.744,0.689293,0.253717,-0.583957,0.47069,0,2.18214,-1.05503,-0.752582,9,drone1
-0.0647702,-0.0868682,2.70057e-05,-131.9,1.48954,-1.62532,-137.768,0.817851,0.248036,-0.589942,0.469169,0,0.201624,-1.09683,-0.779081,9,drone1
-0.077719,-0.1018,1.86322e-05,-129.602,1.3339,-1.59707,-138.814,0.948557,0.243418,-0.581954,0.455097,0,-1.21622,-1.11054,-0.785314,9,drone1
-0.0901165,-0.117168,1.98541e-05,-128.076,1.19356,-1.49687,-139.532,1.06281,0.23016,-0.575691,0.467708,0,-2.53326,-1.00084,-0.628188,9,drone1
-0.102318,-0.132945,1.89654e-05,-127.218,1.07835,-1.38946,-141.682,1.1407,0.260481,-0.648233,0.379599,0,0.27335,-0.730042,-0.490209,9,drone1
-0.113363,-0.147822,1.74191e-05,-126.198,0.963036,-1.28455,-143.613,1.19282,0.28487,-0.639379,0.353006,0,1.00124,-0.58705,-0.255086,9,drone1
-0.124311,-0.163288,1.59542e-05,-124.558,0.844382,-1.19353,-143.225,1.23554,0.24611,-0.527519,0.427745,0,-1.97944,-0.477765,-0.0299496,9,drone1
-0.135217,-0.179373,1.47358e-05,-123.216,0.742885,-1.10108,-144.824,1.25339,0.26244,-0.61929,0.34668,0,0.371674,-0.316003,0.000177935,9,drone1
-0.1455,-0.195484,1.36424e-05,-122.101,0.653304,-1.00714,-146.394,1.25632,0.27745,-0.616897,0.319984,0,1.14429,-0.214942,0.115536,9,drone1
-0.155158,-0.211503,1.32935e-05,-120.607,0.531762,-0.937161,-148.368,1.24272,0.303045,-0.637021,0.272535,0,2.72534,-0.108952,0.209071,9,drone1
-0.164407,-0.227416,1.37037e-05,-119.078,0.446851,-0.848236,-149.111,1.22478,0.288915,-0.568641,0.296579,0,1.56565,-0.0607537,0.355708,9,drone1
-0.17363,-0.244576,1.28063e-05,-117.806,0.378517,-0.763073,-149.176,1.20078,0.260216,-0.52757,0.31029,0,0.311013,0.0447633,0.384588,9,drone1
-0.182601,-0.262125,1.1648e-05,-117.045,0.323649,-0.677624,-148.874,1.16984,0.223407,-0.491783,0.316451,0,-1.27334,0.135821,0.408648,9,drone1
-0.191376,-0.27964,1.07592e-05,-116.863,0.278531,-0.591833,-148.285,1.13173,0.183998,-0.458803,0.32193,0,-2.76066,0.233424,0.405407,9,drone1
-0.200124,-0.297012,1.01467e-05,-117.212,0.23988,-0.506875,-147.681,1.08767,0.147217,-0.434078,0.316773,0,-3.63504,0.296531,0.406601,9,drone1
-0.209098,-0.314323,9.74016e-06,-117.951,0.204735,-0.424746,-147.135,1.0381,0.114811,-0.414301,0.307685,0,-3.95524,0.348656,0.411692,9,drone1
-0.2184,-0.33155,9.46346e-06,-118.844,0.170234,-0.34671,-146.039,0.988825,0.070664,-0.376753,0.31865,0,-5.02224,0.340537,0.425082,9,drone1
-0.227732,-0.348272,9.24791e-06,-120,0.135222,-0.270413,-145.153,0.933941,0.0391644,-0.349831,0.296206,0,-4.8599,0.409976,0.396203,9,drone1
-0.237624,-0.364953,9.11751e-06,-121.373,0.100013,-0.198794,-143.092,0.881401,-0.0103836,-0.293069,0.317085,0,-5.92127,0.388246,0.377354,9,drone1
-0.247364,-0.380611,8.99739e-06,-123.098,0.0613435,-0.127188,-140.547,0.818798,-0.054451,-0.24403,0.319888,0,-7.98699,0.512707,0.341518,9,drone1
-0.257492,-0.395635,8.92416e-06,-125.52,0.0196049,-0.0584892,-137.877,0.742548,-0.0896027,-0.210995,0.31804,0,-9.26723,0.632531,0.379544,9,drone1
-0.268363,-0.410164,8.90098e-06,-128.552,-0.0265422,0.00445139,-134.372,0.661318,-0.128287,-0.15813,0.321981,0,-10.691,0.645431,0.392081,9,drone1
-0.279664,-0.423568,8.9116e-06,-132.196,-0.0806072,0.0621987,-134.991,0.593054,-0.111817,-0.254201,0.265479,0,-7.56752,0.581647,0.394546,9,drone1
-0.293108,-0.437539,9.01051e-06,-135.427,-0.133994,0.106717,-131.897,0.511687,-0.135183,-0.14993,0.296902,0,-7.52386,0.606324,0.437858,9,drone1
-0.306145,-0.449793,9.09245e-06,-138.315,-0.195446,0.149968,-129.854,0.431723,-0.139523,-0.15425,0.273877,0,-6.30208,0.613047,0.446824,9,drone1
-0.32062,-0.462073,9.23985e-06,-141.29,-0.25717,0.183014,-126.739,0.346261,-0.159562,-0.115394,0.283555,0,-6.31194,0.519329,0.556466,9,drone1
-0.334943,-0.472955,9.3918e-06,-144.275,-0.325701,0.212096,-126.843,0.279185,-0.148957,-0.166462,0.236242,0,-4.53333,0.480834,0.471003,9,drone1
-0.351046,-0.484116,7.36452e-06,-146.918,-0.387367,0.23619,-126.557,0.211506,-0.139148,-0.156398,0.22596,0,-1.92542,0.488465,0.466299,9,drone1
-0.366756,-0.494105,4.04136e-06,-148.78,-0.443044,0.276162,-128.03,0.148769,-0.126455,-0.17756,0.184252,0,1.29512,0.455525,0.489938,9,drone1
-0.382594,-0.503464,2.0242e-05,-149.723,-0.530859,0.26469,-130.156,0.0879289,-0.111699,-0.183571,0.152916,0,4.78027,0.489311,0.456801,9,drone1
-0.397689,-0.512327,1.56252e-05,-149.999,-0.592071,0.308671,-131.919,0.0264215,-0.106618,-0.201857,0.104501,0,8.76621,0.470302,0.471072,9,drone1
-0.408572,-0.518733,1.33374e-05,-148.83,-0.665698,0.375474,-132.955,-0.0368324,-0.105701,-0.216618,0.0577177,0,11.7364,0.492786,0.457632,9,drone1
-0.415864,-0.523321,1.25113e-05,-146.703,-0.748362,0.467308,-133.734,-0.106055,-0.108528,-0.237269,0.00825807,0,13.1541,0.539683,0.490602,9,drone1
-0.417345,-0.524299,1.28223e-05,-144.581,-0.854137,0.584142,-135.909,-0.176999,-0.11618,-0.269408,-0.032123,0,13.5097,0.584444,0.508999,9,drone1
-0.416875,-0.524026,1.38218e-05,-141.846,-0.955438,0.726952,-136.09,-0.259307,-0.11387,-0.174734,0.0587174,0,9.37316,0.68522,0.497157,9,drone1
-0.424312,-0.530177,1.47419e-05,-138.93,-1.00772,0.853631,-142.28,-0.338936,-0.146357,-0.266434,0.0162947,0,10.0968,0.732675,0.608892,9,drone1
-0.432821,-0.538013,1.58057e-05,-135.021,-1.02719,1.00007,-148.076,-0.421095,-0.190031,-0.247724,0.00537929,0,13.3083,0.853448,0.554544,9,drone1
-0.441999,-0.548024,1.68707e-05,-129.057,-0.9846,1.1836,-153.981,-0.502012,-0.241978,-0.227688,-0.0239268,0,15.1273,0.977794,0.441282,9,drone1
-0.450846,-0.559741,2.72913e-05,-122.132,-0.845156,1.41583,-154.807,-0.647548,-0.338492,-0.188578,0.0330745,0,12.8751,1.17676,1.26264,9,drone1
-0.45574,-0.568609,2.203e-05,-116.235,-0.766996,1.60996,-158.042,-0.720897,-0.350795,-0.147804,0.0162517,0,7.77319,1.03018,0.0601295,9,drone1
-0.463259,-0.584941,2.0969e-05,-111.84,-0.683764,1.7569,-160.424,-0.805066,-0.350604,-0.142303,0.0217773,0,4.47019,1.08039,0.0147102,9,drone1
-0.469994,-0.602678,2.16179e-05,-108.121,-0.601081,1.89348,-160.393,-0.906205,-0.312245,-0.0904493,0.0312124,0,1.46507,1.09311,-0.04812,9,drone1
-0.475877,-0.620827,2.29599e-05,-105.39,-0.538221,2.02144,-163.901,-0.807569,-0.0564593,0.0395348,-0.0412512,0,-2.22687,0.341498,-3.1529,9,drone1
-0.473241,-0.611341,3.652e-05,-103.072,-0.452323,2.13725,-155.693,-0.925912,0.094631,0.108759,0.122478,0,-7.94315,1.18826,0.169697,9,drone1
-0.472446,-0.604269,2.57873e-05,-101.691,-0.367623,1.91093,-148.774,-1.02176,0.265462,0.194944,0.120723,0,-20.8268,1.11169,0.426813,9,drone1
-0.471535,-0.594922,1.99123e-05,-102.825,-0.363001,1.68758,-142.788,-1.06678,0.434115,0.238895,0.0991686,0,-30.1633,0.702802,0.566485,9,drone1
-0.469694,-0.584659,1.65423e-05,-106.678,-0.41861,1.46073,-137.242,-1.06746,0.587492,0.224831,0.085741,0,-34.5523,0.328192,0.639514,9,drone1
-0.467105,-0.57551,1.4263e-05,-113.085,-0.500054,1.21761,-131.673,-1.02934,0.717764,0.157944,0.0891479,0,-34.3132,-0.000304493,0.663025,9,drone1
-0.465067,-0.570555,1.23638e-05,-122.459,-0.576256,0.9376,-125.803,-0.956898,0.821633,0.0814165,0.0976546,0,-31.2989,-0.27939,0.63646,9,drone1
-0.467103,-0.573125,1.07648e-05,-134.156,-0.579855,0.621553,-123.336,-0.914623,0.831677,-0.0208446,0.0953134,0,-24.705,-0.534643,0.557239,9,drone1
-0.478641,-0.582905,9.58984e-06,-144.441,-0.436112,0.333107,-125.569,-0.926845,0.741229,-0.0595356,0.0794681,0,-14.6187,-0.686264,0.362236,9,drone1
-0.492317,-0.591084,8.9552e-06,-151.449,-0.210746,0.134781,-132.608,-0.970421,0.555583,-0.0920494,0.0360692,0,-1.13685,-0.78218,0.0751629,9,drone1
-0.503214,-0.595828,8.9249e-06,-155.21,0.030663,0.00569242,-140.213,-0.970056,0.360473,-0.11338,-0.0278371,0,13.9625,-0.846413,-0.231231,9,drone1
-0.508838,-0.597416,9.30862e-06,-154.713,0.247698,-0.0966814,-146.984,-0.89955,0.189771,-0.0724876,-0.0200362,0,11.6932,-1.12885,-0.36338,9,drone1
-0.515899,-0.600416,9.99764e-06,-150.101,0.450701,-0.237691,-152.628,-0.805664,0.0701423,-0.108994,-0.128423,0,33.5618,-1.06662,-0.573769,9,drone1
-0.517029,-0.600644,1.10198e-05,-141.257,0.573254,-0.435551,-158.45,-0.680456,-0.0292748,-0.067699,-0.055708,0,31.7741,-1.22117,-0.559621,9,drone1
-0.520119,-0.60356,1.20447e-05,-131.292,0.638706,-0.698947,-164.161,-0.534106,-0.0909239,-0.121603,-0.158267,0,32.8845,-1.31439,-0.602717,9,drone1
-0.523045,-0.607668,1.49689e-05,-122.99,0.658226,-0.974629,-170.237,-0.36961,-0.124813,-0.139573,-0.167883,0,29.2301,-1.43891,-0.557736,9,drone1
-0.526545,-0.614895,1.60966e-05,-112.061,0.551524,-1.30862,-176.613,-0.193708,-0.130518,-0.129936,-0.143216,0,26.2348,-1.54823,-0.456896,9,drone1
-0.529695,-0.625503,1.84419e-05,-100.975,0.338567,-1.64548,176.46,-0.0107929,-0.113867,-0.113417,-0.107804,0,20.7234,-1.64187,-0.290753,9,drone1
-0.531125,-0.63943,2.16919e-05,-90.3505,0.0309876,-1.95649,173.239,0.169198,-0.0814375,-0.0541138,-0.0390697,0,13.6101,-1.73609,-0.0397804,9,drone1
-0.529849,-0.650828,3.10271e-05,-80.5732,-0.338831,-2.19059,167.644,0.358894,-0.0331619,-0.107634,-0.0829162,0,9.14585,-1.83208,0.0600857,9,drone1
-0.525375,-0.666133,1.4846e-05,-71.5446,-0.653444,-1.96333,163.42,0.551037,0.0183164,-0.110354,-0.0768693,0,5.12338,-1.89609,0.271384,9,drone1
-0.517792,-0.682892,1.72991e-05,-64.0718,-0.799859,-1.67313,160.736,0.705912,0.0506733,-0.0579638,-0.0379096,0,-1.39176,-1.52445,0.353453,9,drone1
-0.511026,-0.694741,1.6992e-05,-59.0541,-0.822171,-1.4037,159.819,0.823839,0.0523157,0.00966102,0.00261884,0,-8.24676,-1.13743,0.311279,9,drone1
-0.511752,-0.693089,1.48539e-05,-56.2966,-0.725177,-1.12016,158.601,0.906374,0.0498145,0.0651326,0.025381,0,-13.9212,-0.797077,0.197534,9,drone1
-0.5192,-0.681604,1.22399e-05,-55.3418,-0.549303,-0.826892,155.882,0.952859,0.0714364,0.0155778,-0.00487387,0,-14.0526,-0.468263,0.116889,9,drone1
-0.520734,-0.679502,1.07334e-05,-54.6232,-0.396862,-0.590641,152.817,0.981441,0.0494612,0.113675,0.035003,0,-15.425,-0.161052,0.542284,9,drone1
-0.532107,-0.663856,9.38547e-06,-53.4586,-0.195862,-0.294769,150.556,0.944477,0.0640394,0.000491163,-0.0108709,0,-9.89957,0.35236,-0.070021,9,drone1
-0.530763,-0.665468,8.98504e-06,-52.4421,-0.0473302,-0.091225,149.043,0.891188,0.0599088,0.144057,0.0798929,0,-14.1653,0.510022,-0.155251,9,drone1
-0.542879,-0.649904,9.07857e-06,-51.7029,0.170801,0.187377,147.3,0.81137,0.0668341,0.059293,0.0295446,0,-10.7894,0.722053,-0.316235,9,drone1
-0.549323,-0.641972,9.75706e-06,-50.1514,0.374207,0.420789,145.706,0.704685,0.07381,0.0365865,0.0176072,0,-9.58072,0.938748,-0.484521,9,drone1
-0.555099,-0.635426,1.12622e-05,-47.4987,0.595383,0.62319,144.339,0.578374,0.0785839,0.0118908,0.00358153,0,-8.85236,1.08871,-0.623461,9,drone1
-0.556347,-0.634079,1.308e-05,-46.1059,0.795069,0.800166,136.068,0.463748,0.244096,0.0144577,-0.0621065,0,-7.01996,0.344198,-1.28829,9,drone1
-0.553494,-0.63696,1.61345e-05,-43.08,1.01363,0.919899,136.178,0.306701,0.218546,-0.0379513,-0.0338323,0,-1.40828,1.31199,-0.913364,9,drone1
-0.547413,-0.642251,3.41469e-05,-39.1869,1.24633,0.99032,136.9,0.143673,0.195433,-0.0602927,-0.0462892,0,-3.50321,1.35352,-0.994842,9,drone1
-0.536595,-0.650813,1.91939e-05,-38.0497,1.4212,1.08928,138.501,-0.0220501,0.179892,-0.0801661,-0.050335,0,-7.14238,1.39306,-1.03826,9,drone1
-0.522214,-0.662134,2.13771e-05,-38.1741,1.56096,1.20421,140.452,-0.190085,0.175681,-0.0894177,-0.0476732,0,-9.12202,1.43681,-1.03257,9,drone1
-0.507917,-0.673592,2.39602e-05,-39.2544,1.68112,1.34998,142.676,-0.358283,0.183615,-0.0879133,-0.0394015,0,-10.4536,1.47771,-0.994534,9,drone1
-0.494197,-0.685248,2.1443e-05,-41.0058,1.6196,1.38974,146.909,-0.531071,0.156099,-0.0948697,-0.021561,0,-9.22611,1.9145,-0.54432,9,drone1
-0.482826,-0.695394,1.91913e-05,-43.3688,1.43504,1.3364,145.847,-0.692546,0.168851,0.00957722,0.0126234,0,-17.4908,1.44378,-0.749841,9,drone1
-0.485037,-0.693191,2.24585e-05,-45.6924,1.3279,1.34111,147.376,-0.811634,0.193955,-0.0405918,-0.00289305,0,-10.9184,1.13786,-0.562074,9,drone1
-0.47951,-0.698957,1.77097e-05,-47.6442,1.20508,1.2988,147.038,-0.919164,0.200628,0.0180185,0.0206593,0,-13.2525,1.01982,-0.429847,9,drone1
-0.483626,-0.694316,1.79809e-05,-49.7879,1.12915,1.30927,148.633,-0.996176,0.224708,-0.0259674,0.0056787,0,-8.3251,0.820203,-0.289114,9,drone1
-0.480977,-0.697431,1.74499e-05,-51.5854,1.03554,1.27726,148.878,-1.06744,0.232706,0.0180689,0.0227271,0,-10.3958,0.743951,-0.213286,9,drone1
-0.484596,-0.692773,1.73108e-05,-53.3906,0.976916,1.28458,150.719,-1.11546,0.260764,-0.00968979,0.0173558,0,-7.12223,0.61049,-0.104059,9,drone1
-0.484413,-0.692856,1.68337e-05,-55.2941,0.903506,1.27249,152.64,-1.15424,0.29131,-0.00443565,0.0214959,0,-7.67174,0.557909,-0.02956,9,drone1
-0.485105,-0.691711,1.64517e-05,-57.8018,0.825508,1.27668,154.913,-1.18027,0.327968,0.004205,0.0291929,0,-8.11252,0.49015,0.0602741,9,drone1
-0.486811,-0.68872,1.62213e-05,-60.6042,0.750085,1.29417,159.061,-1.18458,0.396976,0.00297942,0.0436586,0,-7.70364,0.444796,0.161401,9,drone1
-0.488433,-0.685082,1.60697e-05,-64.3416,0.657,1.32546,163.63,-1.17639,0.472587,0.0133477,0.051245,0,-9.68392,0.430019,0.263474,9,drone1
-0.490671,-0.679406,1.60459e-05,-69.1257,0.543695,1.3745,168.947,-1.15265,0.557706,0.0218163,0.0585324,0,-11.0957,0.421287,0.370715,9,drone1
-0.492785,-0.672254,1.61428e-05,-74.5824,0.413291,1.43008,172.78,-1.13951,0.605302,0.00583424,0.0404042,0,-11.192,0.42442,0.465511,9,drone1
-0.493438,-0.669518,1.6081e-05,-80.1092,0.272473,1.45673,176.917,-1.12178,0.650554,0.000965682,0.0401869,0,-9.70407,0.416223,0.526905,9,drone1
-0.49358,-0.668206,1.60135e-05,-85.4055,0.136174,1.46743,-175.14,-1.05105,0.756072,0.0211952,0.0704949,0,-9.55439,0.392491,0.628317,9,drone1
-0.493605,-0.663175,1.61575e-05,-90.9479,-0.00645506,1.48859,-169.052,-1.01612,0.896334,-0.010885,0.0580954,0,-12.336,0.678204,0.0204256,9,drone1
-0.493827,-0.666392,1.59757e-05,-96.8308,-0.15668,1.46052,-164.425,-0.975915,0.91583,0.0039749,0.0455842,0,-12.2,0.289749,0.932508,9,drone1
-0.493884,-0.667157,1.5949e-05,-102.759,-0.306113,1.43388,-163.809,-1.0032,0.863009,-0.0123739,0.0166546,0,-10.1754,0.222083,0.940551,9,drone1
-0.493993,-0.669948,1.58824e-05,-107.635,-0.424773,1.39592,-159.161,-0.969784,0.870405,-0.000520161,0.0422259,0,-5.43265,0.196865,0.916864,9,drone1
-0.494942,-0.672267,1.58738e-05,-111.861,-0.526326,1.36041,-160.182,-1.05111,0.834883,-0.0260591,0.005399,0,-4.78995,0.57129,0.527378,9,drone1
-0.496119,-0.676639,1.58745e-05,-114.707,-0.591088,1.32817,-152.305,-0.966334,0.892149,0.00967781,0.0620917,0,-0.505721,0.104959,0.888118,9,drone1
-0.498284,-0.679382,1.58568e-05,-118.372,-0.677838,1.29297,-154.658,-1.07961,0.82355,-0.0353648,-0.002428,0,0.348086,0.554549,0.600311,9,drone1
-0.499965,-0.68362,1.60224e-05,-121.366,-0.747263,1.26084,-150.717,-1.05614,0.816119,0.00248344,0.0315914,0,1.36859,-0.0161247,0.84166,9,drone1
-0.501656,-0.685844,1.61454e-05,-123.068,-0.796708,1.25667,-147.062,-1.03946,0.806106,0.00722642,0.0282621,0,0.333548,-0.0420042,0.835916,9,drone1
-0.502566,-0.687127,1.64978e-05,-126.427,-0.887995,1.23376,-143.92,-1.03316,0.791683,0.00949266,0.0244571,0,-1.57296,-0.0578811,0.839088,9,drone1
-0.5031,-0.687887,1.69033e-05,-129.83,-0.985304,1.20961,-141.296,-1.03879,0.76919,0.00866076,0.0201525,0,-1.23188,-0.066319,0.83791,9,drone1
-0.503575,-0.688501,1.73705e-05,-132.828,-1.07841,1.19003,-138.88,-1.0519,0.74408,0.00820665,0.0179195,0,-0.393524,-0.0668855,0.831672,9,drone1
-0.504123,-0.689114,1.79051e-05,-135.411,-1.16722,1.17597,-141.989,-1.00946,0.715544,0.0136172,-0.0436355,0,-0.354687,-0.41599,-0.750736,9,drone1
-0.497289,-0.682508,1.90118e-05,-136.267,-1.25968,1.23003,-138.086,-1.02444,0.706943,0.00750452,0.0269531,0,5.81266,0.0995385,0.873435,9,drone1
-0.499771,-0.684937,2.08138e-05,-136.598,-1.30071,1.25824,-135.59,-1.06536,0.680244,0.000918848,0.0222971,0,2.8527,0.0979572,0.947732,9,drone1
-0.501944,-0.686974,2.08144e-05,-138.82,-1.39117,1.2424,-132.75,-1.10235,0.671086,0.00307413,0.0270218,0,0.833437,0.0965383,0.921884,9,drone1
-0.504515,-0.6892,2.12253e-05,-141.29,-1.49004,1.21782,-129.941,-1.14567,0.661742,0.0122801,0.0193258,0,-0.350441,0.0619388,1.00179,9,drone1
-0.505364,-0.689906,2.20581e-05,-144.029,-1.60834,1.18972,-127.514,-1.1909,0.65258,0.00703062,0.0210935,0,-0.0600872,0.0383937,0.937364,9,drone1
-0.50718,-0.691178,2.30146e-05,-146.639,-1.72519,1.15747,-124.484,-1.23549,0.655207,0.0170828,0.0171935,0,-0.560919,0.0106055,1.01456,9,drone1
-0.507701,-0.691611,2.42697e-05,-149.349,-1.85621,1.12094,-121.661,-1.28511,0.656065,0.0172502,0.0148528,0,-0.83346,-0.0321461,1.04065,9,drone1
-0.508005,-0.691884,2.15278e-05,-152.249,-1.89606,1.01233,-119.034,-1.34418,0.651182,0.0212731,0.00629833,0,-1.23963,-0.0892879,1.12726,9,drone1
-0.506845,-0.691333,2.13305e-05,-155.055,-1.86616,0.884565,-115.852,-1.38455,0.666297,0.0192116,0.0177261,0,-0.816474,-0.14863,0.987582,9,drone1
-0.507987,-0.69195,2.09122e-05,-157.972,-1.82614,0.756714,-112.394,-1.40707,0.690717,0.0204639,0.0219064,0,-1.34962,-0.26834,0.86516,9,drone1
-0.509987,-0.692826,2.02477e-05,-161.184,-1.78484,0.626553,-109.134,-1.41907,0.710267,0.0206382,0.0201777,0,-1.7915,-0.38795,0.752776,9,drone1
-0.511969,-0.693499,1.95048e-05,-164.531,-1.74368,0.501034,-105.734,-1.55035,0.754542,0.00150882,0.0799383,0,-1.54219,0.159832,1.82076,9,drone1
-0.526237,-0.697041,1.81273e-05,-168.121,-1.64309,0.364077,-103.406,-1.5408,0.750055,0.0170691,0.0105002,0,-1.4741,-0.620993,0.419343,9,drone1
-0.526923,-0.697039,1.75369e-05,-171.559,-1.60537,0.256542,-104.21,-1.54081,0.706758,-0.00235169,-0.013862,0,-0.952775,-0.256131,-0.0344353,9,drone1
-0.524027,-0.696353,1.72084e-05,-174.287,-1.58263,0.1766,-101.982,-1.51714,0.692341,0.0147345,-0.00191082,0,4.54101,-0.593176,0.166008,9,drone1
-0.522882,-0.696251,1.68315e-05,-176.521,-1.55273,0.112587,-99.8344,-1.5,0.66486,0.0161895,-0.0140233,0,4.88607,-0.678068,0.211868,9,drone1
-0.519357,-0.696102,1.66459e-05,-178.641,-1.53752,0.0546455,-97.6549,-1.47545,0.650188,0.0129943,0.000668749,0,5.20703,-0.57232,0.0798634,9,drone1
-0.519033,-0.696119,1.63702e-05,179.334,-1.51051,0.000619986,-95.1712,-1.45168,0.637348,0.0153549,0.00246147,0,4.87148,-0.626706,0.111016,9,drone1
-0.519073,-0.696137,1.61385e-05,177.359,-1.48552,-0.0503398,-93.0607,-1.43711,0.60695,0.013203,-0.00282514,0,4.5518,-0.707449,0.137939,9,drone1
-0.518201,-0.696225,1.60031e-05,175.43,-1.46873,-0.0991491,-91.2833,-1.4261,0.569857,0.0106233,-0.00736815,0,4.6649,-0.69095,0.0979232,9,drone1
-0.516543,-0.696442,1.59553e-05,173.609,-1.45974,-0.145199,-89.163,-1.4118,0.544581,0.0129859,-0.00213147,0,4.59375,-0.659344,0.0701886,9,drone1
-0.516038,-0.696531,1.59083e-05,171.874,-1.44932,-0.188541,-88.936,-1.57669,0.509252,-0.000574848,0.0537187,0,4.01374,-0.282903,1.63691,9,drone1
-0.526699,-0.695061,1.54158e-05,170.421,-1.39044,-0.216157,-86.5951,-1.54623,0.496972,0.0138144,0.00218668,0,5.72153,-0.608624,-0.118951,9,drone1
-0.52701,-0.694963,1.54158e-05,169.138,-1.3861,-0.247418,-84.3343,-1.51418,0.484474,0.0133201,-0.00896597,0,4.84816,-0.59693,-0.167628,9,drone1
-0.525372,-0.69526,1.55581e-05,167.71,-1.39446,-0.285136,-82.1536,-1.48254,0.475812,0.0119965,-0.0195935,0,3.9935,-0.54213,-0.192122,9,drone1
-0.521758,-0.696073,1.58369e-05,166.169,-1.41542,-0.329681,-80.0867,-1.46051,0.460564,0.0125766,-0.00862727,0,3.157,-0.591437,-0.132449,9,drone1
-0.520456,-0.696403,1.60636e-05,164.555,-1.42832,-0.375691,-77.981,-1.44378,0.447534,0.0141451,-0.0029134,0,2.51487,-0.591505,-0.0999537,9,drone1
-0.520378,-0.696411,1.62812e-05,162.872,-1.43816,-0.424109,-76.2092,-1.43502,0.425993,0.0117624,-0.00258616,0,2.25229,-0.599625,-0.0758052,9,drone1
-0.520319,-0.696474,1.65506e-05,161.206,-1.45128,-0.474595,-75.9554,-1.4427,0.36611,0.00661652,-0.00645968,0,2.55331,-0.600883,-0.0560687,9,drone1
-0.520158,-0.696785,1.68828e-05,160.081,-1.47321,-0.514412,-69.9854,-1.41929,0.376458,0.0421119,-0.0150376,0,2.52598,-1.32718,-0.0900451,9,drone1
-0.519742,-0.696238,1.72741e-05,157.837,-1.48778,-0.586296,-68.7528,-1.42858,0.350672,0.00648497,-0.0123484,0,-0.923957,-0.612487,-0.0324998,9,drone1
-0.517743,-0.697451,1.7878e-05,154.971,-1.50492,-0.682398,-67.5301,-1.43885,0.324743,0.00314474,-0.0174562,0,0.344668,-0.582021,-0.0329646,9,drone1
-0.514864,-0.699014,1.85413e-05,153.258,-1.54072,-0.755782,-66.5108,-1.46752,0.283209,0.00253934,-0.0102737,0,2.14592,-0.696744,0.0850936,9,drone1
-0.513282,-0.69993,1.92437e-05,152.108,-1.58051,-0.815808,-65.248,-1.49702,0.248133,0.00161222,-0.0146476,0,3.24012,-0.676815,0.0979606,9,drone1
-0.511001,-0.70118,2.00866e-05,151.181,-1.63037,-0.876044,-64.0891,-1.53186,0.212671,6.61457e-05,-0.0157725,0,3.04014,-0.684275,0.127154,9,drone1
-0.508482,-0.702613,2.10634e-05,150.29,-1.6857,-0.940705,-62.6451,-1.57198,0.186471,0.00472571,-0.0115266,0,2.51836,-0.715489,0.165658,9,drone1
-0.507095,-0.703398,2.20807e-05,149.295,-1.73752,-1.01041,-60.6367,-1.62161,0.179097,0.0139023,-0.00492384,0,1.31834,-0.779889,0.24167,9,drone1
-0.507553,-0.703056,2.30891e-05,147.856,-1.77553,-1.09384,-60.528,-1.69045,0.115345,0.00381677,-0.00748811,0,1.10742,-0.890368,0.295237,9,drone1
-0.507319,-0.703395,2.42787e-05,146.896,-1.82941,-1.17063,-60.2816,-1.76337,0.0525519,0.00231807,-0.00555299,0,2.48578,-0.898582,0.343641,9,drone1
-0.507284,-0.703478,2.1142e-05,146.766,-1.80353,-1.16634,-59.9921,-1.84139,-0.010102,0.00626014,-0.00358825,0,2.91772,-0.921896,0.388384,9,drone1
-0.50728,-0.703488,2.1281e-05,146.754,-1.73189,-1.11677,-59.7321,-1.9131,-0.0733039,0.00784416,-0.00460273,0,2.62329,-0.899107,0.323692,9,drone1
-0.507282,-0.70349,2.10588e-05,146.754,-1.66654,-1.07199,-59.4884,-1.9733,-0.136642,0.00649426,-0.0066837,0,2.4603,-0.84605,0.217255,9,drone1
-0.507285,-0.703492,2.0554e-05,146.755,-1.6071,-1.03204,-59.242,-2.02455,-0.200561,0.00260054,-0.00818207,0,2.48696,-0.80804,0.133027,9,drone1
-0.507287,-0.703493,1.99384e-05,146.757,-1.55348,-0.996466,-54.3171,-2.21906,-0.212965,0.0593641,0.0281918,0,2.27518,-2.47468,0.723116,9,drone1
-0.516341,-0.697315,1.86802e-05,145.489,-1.44005,-0.968022,-54.5997,-2.24316,-0.284862,0.00308384,-0.00336312,0,-2.7995,-0.719013,-0.239073,9,drone1
-0.515563,-0.698073,1.74675e-05,143.581,-1.36847,-0.988718,-54.155,-2.26366,-0.335181,-0.00589385,-0.0157216,0,-1.06523,-0.687334,-0.277373,9,drone1
-0.512612,-0.700438,1.74296e-05,141.949,-1.31705,-1.0088,-53.4666,-2.28725,-0.383376,-0.00669546,-0.0177293,0,0.534073,-0.712986,-0.264204,9,drone1
-0.50967,-0.702809,1.73797e-05,141.224,-1.28692,-1.01103,-52.2522,-2.3191,-0.414704,-0.00507464,-0.0207371,0,1.53264,-0.746134,-0.227566,9,drone1
-0.506669,-0.705244,1.73547e-05,140.394,-1.26009,-1.01923,-51.1696,-2.3526,-0.453763,-0.00384053,-0.0174502,0,1.01632,-0.78985,-0.264781,9,drone1
-0.504201,-0.707337,1.73013e-05,139.4,-1.23244,-1.03234,-50.114,-2.39032,-0.495145,-0.00147038,-0.0141869,0,0.615002,-0.83222,-0.276631,9,drone1
-0.502402,-0.70892,1.72219e-05,138.422,-1.20633,-1.04577,-48.9127,-2.43554,-0.533324,0.00277554,-0.0106703,0,0.504014,-0.893092,-0.275684,9,drone1
-0.501485,-0.709762,1.71234e-05,137.364,-1.17881,-1.06043,-48.6578,-2.42466,-0.623621,-0.0274056,-0.033483,0,0.828078,-0.658965,-0.731822,9,drone1
-0.494573,-0.716282,1.74708e-05,136.344,-1.18406,-1.10446,-48.5835,-2.47481,-0.713453,0.00751206,-0.0055741,0,0.779821,-1.00639,-0.210147,9,drone1
-0.49462,-0.716251,1.74128e-05,136.105,-1.17488,-1.10496,-41.6671,-2.65278,-0.587443,0.0578707,-0.0148243,0,0.815931,-2.03936,-0.303268,9,drone1
-0.499604,-0.711348,1.5893e-05,133.697,-1.10347,-1.1318,-42.0753,-2.69721,-0.677016,0.00443253,-0.00629375,0,-4.04409,-0.914296,-0.402131,9,drone1
-0.498915,-0.712027,1.65729e-05,130.738,-1.05143,-1.19457,-42.2583,-2.72696,-0.745206,0.00763047,-0.000128536,0,-1.79944,-0.672801,-0.315778,9,drone1
-0.498717,-0.712211,1.70883e-05,130.442,-1.05492,-1.21015,-42.1206,-2.74953,-0.790734,0.00688638,-4.79701e-05,0,1.39759,-0.474861,-0.179573,9,drone1
-0.498714,-0.712218,1.74439e-05,130.444,-1.06721,-1.22402,-41.9573,-2.76213,-0.822403,0.00578978,-0.00157597,0,1.64817,-0.307532,-0.146134,9,drone1
-0.498717,-0.71222,1.77603e-05,130.444,-1.08293,-1.24222,-41.8019,-2.76618,-0.842783,0.00470804,-0.0030902,0,1.5633,-0.167707,-0.122261,9,drone1
-0.498719,-0.712222,1.80994e-05,130.444,-1.10218,-1.26475,-40.6466,-2.77571,-0.805397,-0.000172285,-0.0103302,0,1.79356,-0.0355482,-0.101677,9,drone1
-0.497957,-0.713182,1.8567e-05,129.975,-1.11828,-1.30523,-40.6348,-2.76872,-0.813416,0.0062669,-0.00082013,0,0.122036,0.000774143,-0.106321,9,drone1
-0.497837,-0.713294,1.90202e-05,129.511,-1.13409,-1.34629,-39.8445,-2.76504,-0.773639,0.0114148,0.00153273,0,-0.154966,0.11779,-0.0905961,9,drone1
-0.4992,-0.711689,1.94551e-05,129.093,-1.14738,-1.38299,-40.8355,-2.88524,-0.791155,0.0594254,0.0589751,0,-0.57517,-0.852023,1.05993,9,drone1
-0.50946,-0.698917,1.91183e-05,129.06,-1.12985,-1.36312,-40.6621,-2.85653,-0.779337,0.00639591,-0.00417748,0,1.7283,0.293028,-0.102412,9,drone1
-0.509548,-0.698833,1.94723e-05,129.636,-1.17944,-1.39606,-39.7004,-2.83167,-0.723094,-0.00528551,-0.0127797,0,1.55801,0.371367,-0.113887,9,drone1
-0.507939,-0.700775,2.04318e-05,129.931,-1.23323,-1.4453,-38.9834,-2.80559,-0.673028,-0.00542553,-0.0117545,0,-0.0221403,0.361279,-0.111454,9,drone1
-0.506603,-0.702438,2.15074e-05,129.44,-1.26911,-1.51411,-38.3554,-2.78207,-0.623361,-0.00484531,-0.0111578,0,-0.971227,0.337342,-0.0878463,9,drone1
-0.505251,-0.704123,2.26515e-05,128.734,-1.30184,-1.59353,-37.7663,-2.76164,-0.57493,-0.00584669,-0.0114477,0,-1.00519,0.310906,-0.0526666,9,drone1
-0.503792,-0.705981,2.39055e-05,128.035,-1.33763,-1.67982,-37.8689,-2.7433,-0.560088,-0.00219297,-0.0075193,0,-1.03352,0.235747,0.00676112,9,drone1
-0.503716,-0.706075,2.8786e-05,127.679,-1.35157,-1.70481,-36.7951,-2.7478,-0.492426,-0.00701184,-0.0157235,0,0.288853,0.149304,0.106429,9,drone1
-0.50199,-0.708415,2.47533e-05,127.158,-1.28787,-1.66377,-36.014,-2.74125,-0.435717,-0.00417197,-0.0113321,0,-0.661725,0.20461,0.0484488,9,drone1
-0.500791,-0.710047,2.2748e-05,126.268,-1.2199,-1.63015,-35.0725,-2.72876,-0.373753,-0.00424995,-0.0128427,0,-0.745652,0.238863,-0.00744011,9,drone1
-0.499527,-0.711837,2.16574e-05,125.349,-1.15874,-1.60154,-34.1348,-2.70249,-0.315012,-0.00258228,-0.0114795,0,-0.808872,0.32559,-0.101325,9,drone1
-0.498543,-0.71328,2.09123e-05,124.358,-1.10028,-1.57691,-33.4716,-2.67287,-0.281862,-0.0360657,-0.0290748,0,1.68746,0.320064,-0.103402,9,drone1
-0.493058,-0.721346,2.08191e-05,123.503,-1.07195,-1.58601,-32.5504,-2.63633,-0.234825,-0.0171615,-0.0191647,0,0.812401,0.378563,-0.159431,9,drone1
-0.490424,-0.72543,2.05273e-05,122.808,-1.0393,-1.5782,-32.5869,-2.59132,-0.228744,0.000591698,-0.00652889,0,-0.367435,0.412605,-0.189757,9,drone1
-0.49034,-0.725465,2.00393e-05,122.374,-1.00553,-1.55171,-31.2854,-2.55491,-0.165723,0.00964111,-0.00549052,0,0.383282,0.374649,-0.171375,9,drone1
-0.4911,-0.724457,1.95852e-05,121.758,-0.967723,-1.52836,-30.0884,-2.5146,-0.10951,0.00928091,-0.00568319,0,-0.476369,0.374975,-0.217804,9,drone1
-0.491661,-0.723607,1.92022e-05,120.618,-0.920529,-1.5193,-23.1525,-2.46736,0.105824,0.0274253,-0.046766,0,-0.339068,-0.0869509,-0.995442,9,drone1
-0.492749,-0.72298,1.89342e-05,117.001,-0.810832,-1.55063,-22.5877,-2.42305,0.13345,0.00610075,-0.00795909,0,-6.83875,0.305035,-0.38983,9,drone1
-0.492195,-0.723061,1.86829e-05,113.004,-0.694774,-1.58979,-22.0961,-2.3795,0.145194,0.0169001,-0.000757142,0,-4.32211,0.290777,-0.401624,9,drone1
-0.493018,-0.720417,1.8479e-05,111.019,-0.631349,-1.592,-22.2223,-2.3404,0.119493,0.0243668,0.00984058,0,-1.31506,0.268452,-0.384689,9,drone1
-0.494591,-0.71563,1.81928e-05,110.01,-0.59404,-1.57765,-22.3947,-2.30083,0.0883067,0.0143712,0.00811854,0,0.958387,0.292305,-0.341429,9,drone1
-0.495519,-0.712678,1.80774e-05,109.686,-0.581308,-1.57036,-29.2769,-2.31646,-0.148429,-0.00475925,0.0573426,0,1.68141,-0.0142169,0.509803,9,drone1
-0.49543,-0.71,1.80217e-05,111.785,-0.637522,-1.54583,-28.3105,-2.27638,-0.137438,0.00435041,-0.00120185,0,9.66044,0.394151,-0.130378,9,drone1
-0.496104,-0.709611,1.82411e-05,114.486,-0.715423,-1.52633,-26.5883,-2.23795,-0.0881757,-0.00825897,-0.0134831,0,6.98841,0.385919,-0.135598,9,drone1
-0.495425,-0.711848,1.85644e-05,114.933,-0.741027,-1.55037,-23.1651,-2.06097,0.0267195,-0.0545802,-0.0507382,0,7.30134,1.58444,-0.799273,9,drone1
-0.489862,-0.724736,1.9671e-05,113.893,-0.751118,-1.64992,-21.9394,-2.04629,0.0622454,-0.00572096,-0.0138967,0,-1.27399,0.0749167,-0.173423,9,drone1
-0.489066,-0.72659,2.01264e-05,112.217,-0.718498,-1.71048,-17.6615,-1.83111,0.0558587,-0.0761247,-0.070323,0,-0.990036,1.30928,-2.26278,9,drone1
-0.483003,-0.742831,2.16857e-05,110.208,-0.700543,-1.84966,-18.384,-1.85713,0.0342856,0.0200032,0.0083761,0,-4.76261,-0.285794,-0.0628803,9,drone1
-0.484059,-0.738843,2.18246e-05,108.227,-0.642964,-1.89438,-19.5398,-1.88709,-0.0111246,0.0169551,0.01394,0,-1.42047,-0.321346,-0.0290304,9,drone1
-0.484886,-0.73517,2.23777e-05,107.58,-0.631302,-1.9314,-21.0956,-1.92138,-0.0751711,0.0257687,0.0231855,0,1.45888,-0.359066,0.0465864,9,drone1
-0.486525,-0.729172,2.27386e-05,107.99,-0.653385,-1.9522,-20.7719,-1.95798,-0.0791631,0.0223651,0.00909122,0,3.79558,-0.34619,0.12253,9,drone1
-0.488157,-0.724541,2.32736e-05,108.611,-0.68726,-1.98286,-19.888,-1.99487,-0.0618165,0.0158234,0.00127404,0,3.15645,-0.343957,0.117876,9,drone1
-0.489304,-0.721595,2.40191e-05,108.738,-0.709359,-2.03346,-18.9758,-2.03131,-0.0415391,0.0131457,-0.00147063,0,1.59653,-0.356632,0.0707259,9,drone1
-0.490186,-0.719344,2.7841e-05,108.428,-0.712082,-2.05603,-18.9136,-2.07118,-0.0484917,0.0084273,-0.00361723,0,0.624462,-0.399296,0.0658953,9,drone1
-0.490093,-0.719431,2.47496e-05,108.092,-0.679274,-2.01215,-17.1098,-2.16644,-0.0448404,0.0409483,-0.000563055,0,0.304357,-1.09336,-0.262315,9,drone1
-0.492784,-0.711856,2.27536e-05,107.448,-0.629874,-1.94066,-17.1852,-2.19131,-0.0516886,0.00688122,-0.00125332,0,-0.751748,-0.257827,0.00623143,9,drone1
-0.492571,-0.712084,2.20246e-05,106.7,-0.593579,-1.91428,-17.1611,-2.21301,-0.0552782,-0.00518312,-0.00703233,0,0.242793,-0.217851,0.0302625,9,drone1
-0.492481,-0.712138,2.15923e-05,106.327,-0.572698,-1.88973,-11.0975,-2.20386,0.0813164,0.0019434,-0.0483128,0,0.564444,-0.260816,-0.917033,9,drone1
-0.49275,-0.714179,2.14067e-05,104.642,-0.513367,-1.89253,-10.4087,-2.22055,0.109381,-0.00917921,-0.0107965,0,-4.45892,-0.206191,-0.124716,9,drone1
-0.492014,-0.716503,2.13506e-05,102.14,-0.429247,-1.90841,-9.45905,-2.23074,0.141181,-0.00711743,-0.0115495,0,-3.45175,-0.155925,-0.161561,9,drone1
-0.491555,-0.718387,2.13746e-05,100.136,-0.36228,-1.92229,-8.36976,-2.24568,0.170861,-0.00549635,-0.0108253,0,-1.67054,-0.211271,-0.161949,9,drone1
-0.491265,-0.719882,2.14455e-05,98.3796,-0.303909,-1.93752,-7.06903,-2.17716,0.221633,-0.0430543,-0.0174001,0,-1.063,0.625564,-0.13032,9,drone1
-0.490034,-0.729011,2.20781e-05,96.7423,-0.254171,-1.99403,-6.91791,-2.00319,0.252335,-0.0769455,-0.0116612,0,-1.18632,1.74132,0.00656262,9,drone1
-0.488288,-0.74464,2.32398e-05,95.2988,-0.211947,-2.0869,-5.47276,-2.04479,0.270974,0.00860109,-0.00952084,0,0.972921,-0.51418,-0.220022,9,drone1
-0.488461,-0.742902,2.35615e-05,93.9847,-0.164964,-2.09898,-4.08692,-2.09662,0.287318,0.0242749,-0.00774382,0,0.972607,-0.612443,-0.233814,9,drone1
-0.488755,-0.738206,2.35462e-05,92.6754,-0.116852,-2.09936,-2.7679,-2.14659,0.302044,0.0225248,-0.00797325,0,0.902829,-0.58875,-0.256277,9,drone1
-0.488926,-0.733871,2.35489e-05,91.3874,-0.0696007,-2.10755,-1.50248,-2.191,0.316255,0.0178044,-0.00829789,0,0.895193,-0.52698,-0.268992,9,drone1
-0.488988,-0.730446,2.3715e-05,90.1257,-0.0230427,-2.12621,-0.273845,-2.2374,0.328838,0.0134894,-0.00849324,0,0.919174,-0.541786,-0.290204,9,drone1
-0.488984,-0.727842,2.40698e-05,88.8927,0.0233789,-2.15496,0.929906,-2.2839,0.341224,0.0100751,-0.00857593,0,0.95395,-0.537255,-0.301693,9,drone1
-0.488946,-0.725897,2.67344e-05,87.6893,0.0651181,-2.18105,2.11797,-2.33459,0.352482,0.00750414,-0.00860164,0,0.984623,-0.573875,-0.325946,9,drone1
-0.488891,-0.724416,2.48146e-05,86.5169,0.110413,-2.14305,3.29186,-2.38048,0.367911,0.00553961,-0.00856496,0,1.0019,-0.521443,-0.297787,9,drone1
-0.488832,-0.723284,2.39455e-05,85.3718,0.151893,-2.11191,3.39101,-2.42886,0.339708,0.00403848,-0.00853146,0,1.00216,-0.469219,-0.305403,9,drone1
-0.48893,-0.723378,2.34795e-05,84.3634,0.188112,-2.09399,8.04616,-2.44261,0.488374,-0.0325217,-0.0309592,0,4.34628,-0.459131,-0.300434,9,drone1
-0.489348,-0.72944,2.36689e-05,83.0938,0.237259,-2.1105,9.50935,-2.47909,0.518768,-0.00844963,-0.0110728,0,-0.974475,-0.447062,-0.430453,9,drone1
-0.489547,-0.730744,2.36956e-05,81.5031,0.296751,-2.10884,10.8343,-2.51823,0.545775,0.00192808,-0.0119357,0,-1.47064,-0.458342,-0.453518,9,drone1
-0.489456,-0.729982,2.37234e-05,79.9502,0.35442,-2.10323,11.829,-2.56237,0.559368,0.00715856,-0.0103382,0,-1.37366,-0.470318,-0.463524,9,drone1
-0.489197,-0.728255,2.38022e-05,78.4952,0.408936,-2.09941,12.6938,-2.60875,0.567566,0.00961014,-0.00965664,0,-0.968683,-0.473982,-0.458708,9,drone1
-0.488803,-0.726076,2.39572e-05,77.1971,0.45888,-2.10047,13.0302,-2.66276,0.530166,0.0195387,-0.00711561,0,-0.0329545,-0.443944,-0.642335,9,drone1
-0.487998,-0.722113,2.4093e-05,76.1669,0.498916,-2.10133,13.4316,-2.71486,0.520987,0.00927406,-0.00488537,0,0.586201,-0.484259,-0.367224,9,drone1
-0.48761,-0.720244,2.58114e-05,75.4255,0.528568,-2.1157,15.0571,-2.75603,0.56799,0.0010239,-0.0121189,0,1.40309,-0.492348,-0.349168,9,drone1
-0.487303,-0.719484,2.44096e-05,74.5996,0.55476,-2.08429,16.7079,-2.79791,0.620484,-0.00313667,-0.0119862,0,0.57854,-0.507555,-0.381012,9,drone1
-0.487224,-0.719453,2.40838e-05,73.4602,0.59178,-2.05753,16.6658,-2.86472,0.593673,-0.00189749,-0.00840696,0,-0.4098,-0.561427,-0.450343,9,drone1
-0.487457,-0.719569,2.38636e-05,72.5324,0.623084,-2.0407,17.6185,-3.02072,0.628049,0.023669,-0.0149483,0,-0.184313,-1.55334,-0.614257,9,drone1
-0.485737,-0.714336,2.34185e-05,71.8234,0.640046,-2.00724,17.6866,-3.07931,0.607905,-0.00097171,-0.00744479,0,0.68946,-0.499502,-0.366344,9,drone1
-0.485925,-0.714501,2.34894e-05,71.2598,0.662409,-2.00839,17.8188,-3.13981,0.600279,-0.0060725,-0.00564452,0,1.32522,-0.555866,-0.250568,9,drone1
-0.486,-0.714537,2.36761e-05,71.0107,0.675963,-2.0194,17.9944,-3.20277,0.599168,-0.00583688,-0.00582921,0,1.75548,-0.598751,-0.194986,9,drone1
-0.486033,-0.714552,2.39761e-05,70.9038,0.686939,-2.0389,18.1775,-3.2693,0.601676,-0.00577784,-0.00589966,0,1.82915,-0.642988,-0.172485,9,drone1
-0.486048,-0.714557,2.46886e-05,70.8587,0.697268,-2.0654,19.8203,-3.38129,0.70788,0.0229415,-0.0195855,0,1.65087,-1.29538,-0.173754,9,drone1
-0.483915,-0.709087,2.41415e-05,70.4052,0.708027,-2.04242,19.8367,-3.45342,0.707387,-0.00594959,-0.00584175,0,0.162902,-0.677212,-0.248343,9,drone1
-0.48411,-0.709257,2.45723e-05,69.8236,0.733839,-2.05023,20.8431,-3.51394,0.768674,-0.0113939,-0.00370896,0,0.600012,-0.699812,-0.201968,9,drone1
-0.484699,-0.711004,2.32006e-05,69.2959,0.750107,-2.0298,18.0495,-3.57178,0.571264,-0.0222565,0.0313667,0,-0.340938,-0.135741,-0.346507,9,drone1
-0.487605,-0.717356,2.3944e-05,69.6982,0.73658,-2.0409,19.3935,-3.61944,0.652006,-0.00890896,-0.00532244,0,3.36371,-0.613339,0.00730131,9,drone1
-0.487616,-0.718342,2.39343e-05,70.3413,0.708262,-2.03525,20.8594,-3.64558,0.740054,-0.00519581,-0.00882114,0,1.7211,-0.419005,-0.071427,9,drone1
-0.4875,-0.718577,2.38649e-05,69.944,0.718393,-2.01992,22.3097,-3.65466,0.826326,-0.00324228,-0.0110683,0,-0.296751,-0.246586,-0.176012,9,drone1
-0.48731,-0.71834,2.37991e-05,68.9704,0.750441,-2.00185,22.1428,-3.67497,0.805916,0.00204623,-0.0035365,0,-1.65554,-0.107123,-0.266944,9,drone1
-0.48754,-0.718462,2.38556e-05,68.1827,0.779292,-1.99485,22.0726,-3.68034,0.786842,0.00367225,0.000315559,0,-0.689871,0.0231265,-0.196406,9,drone1
-0.487639,-0.718513,2.39938e-05,67.8991,0.793303,-2.00108,22.0705,-3.67771,0.767584,0.00515795,0.00395725,0,-0.0087609,0.0965574,-0.168228,9,drone1
-0.487674,-0.71853,2.42452e-05,67.8017,0.803602,-2.0166,21.4764,-3.67398,0.710793,0.0104939,0.000873364,0,0.179565,0.174168,-0.118735,9,drone1
-0.487069,-0.716828,2.51767e-05,67.9739,0.797452,-2.0235,21.596,-3.65743,0.694648,0.00243372,-0.00475747,0,1.20632,0.212076,-0.0913734,9,drone1
-0.487018,-0.716821,2.44947e-05,68.2194,0.788064,-2.02179,26.5854,-3.56039,0.980485,-0.0304959,-0.0274174,0,2.64924,0.288868,-0.0264621,9,drone1
-0.487564,-0.7198,2.53765e-05,66.7342,0.841107,-2.00684,30.2702,-3.46748,1.17655,-0.0213824,-0.0238095,0,-2.83191,0.383113,-0.34359,9,drone1
-0.488097,-0.721219,2.44007e-05,63.4094,0.948152,-1.93569,31.2845,-3.42234,1.20483,-0.00775231,-0.00978631,0,-5.71738,0.468984,-0.502216,9,drone1
-0.488695,-0.721778,2.3923e-05,60.6059,1.03405,-1.87239,30.8894,-3.40465,1.13696,0.00187859,-0.00684205,0,-3.90802,0.517572,-0.471357,9,drone1
-0.489124,-0.72205,2.36935e-05,59.4604,1.06642,-1.84274,30.8029,-3.37831,1.07844,0.00427051,-0.00538594,0,-0.829004,0.528299,-0.362739,9,drone1
-0.489223,-0.722111,2.36075e-05,59.2661,1.07095,-1.83609,30.8541,-3.34807,1.02522,0.00107952,-0.00542808,0,0.544509,0.530503,-0.303729,9,drone1
-0.489239,-0.722118,2.3656e-05,59.2386,1.07372,-1.83874,30.9167,-3.3167,0.975113,0.000705939,-0.00483814,0,0.656617,0.524488,-0.271257,9,drone1
-0.489242,-0.722117,2.38133e-05,59.2353,1.07949,-1.8482,30.9805,-3.28511,0.928101,-7.40027e-07,-0.00601383,0,0.666004,0.510853,-0.243045,9,drone1
-0.489244,-0.722115,2.4074e-05,59.2355,1.08895,-1.86409,31.0475,-3.25472,0.884124,-0.000780034,-0.00824478,0,0.695731,0.485348,-0.222646,9,drone1
-0.489244,-0.722113,2.54052e-05,59.2361,1.09844,-1.88409,31.109,-3.22707,0.845174,-0.000624463,-0.00883401,0,0.638154,0.436442,-0.192786,9,drone1
-0.489245,-0.722112,2.41593e-05,59.2361,1.08834,-1.86349,31.1668,-3.20156,0.805029,-0.00117595,-0.00905697,0,0.601581,0.424561,-0.213349,9,drone1
-0.489247,-0.722109,2.39609e-05,59.2362,1.07826,-1.84687,31.2145,-3.175,0.771955,9.12187e-06,-0.00899188,0,0.495041,0.397584,-0.146675,9,drone1
-0.489248,-0.722107,2.37426e-05,59.2364,1.07231,-1.83669,31.2563,-3.14784,0.743525,0.000273062,-0.00897411,0,0.43489,0.378981,-0.103355,9,drone1
-0.489249,-0.722104,2.36306e-05,59.2368,1.07023,-1.83301,31.2997,-3.121,0.714014,-0.00127588,-0.0089933,0,0.449994,0.382008,-0.113942,9,drone1
-0.48925,-0.722102,2.36436e-05,59.2372,1.07194,-1.83578,31.3288,-3.09468,0.690763,0.0013614,-0.00894884,0,0.303767,0.345324,-0.0624967,9,drone1
-0.489252,-0.722099,2.37759e-05,59.2378,1.07741,-1.84495,31.3581,-3.07145,0.668833,0.000513317,-0.00895259,0,0.305608,0.312099,-0.0670405,9,drone1
-0.489253,-0.722097,2.40208e-05,59.2386,1.08666,-1.8605,31.383,-3.04995,0.647717,0.000911055,-0.00895413,0,0.259783,0.293217,-0.0687513,9,drone1
-0.489254,-0.722095,2.46354e-05,59.2394,1.09883,-1.88205,31.405,-3.03192,0.628392,0.00101259,-0.00895537,0,0.230106,0.25426,-0.071336,9,drone1
-0.489255,-0.722094,2.3231e-05,59.2395,1.09173,-1.86557,31.425,-3.01713,0.609799,0.000940246,-0.00896244,0,0.210147,0.222905,-0.0817394,9,drone1
-0.489256,-0.722091,2.35649e-05,59.2395,1.07958,-1.84768,31.4412,-3.0005,0.592575,0.00139183,-0.00895248,0,0.171121,0.231434,-0.0604248,9,drone1
-0.489257,-0.722089,2.35796e-05,59.2397,1.07209,-1.83595,31.4557,-2.98563,0.578688,0.00139875,-0.00893865,0,0.152976,0.199157,-0.0409976,9,drone1
-0.489258,-0.722086,2.35442e-05,59.24,1.06875,-1.83057,31.4688,-2.97133,0.56635,0.00139658,-0.00893268,0,0.13702,0.186272,-0.0306655,9,drone1
-0.48926,-0.722083,2.35649e-05,59.2404,1.06931,-1.83157,31.4805,-2.95854,0.555534,0.00139824,-0.00892935,0,0.122732,0.165472,-0.0255136,9,drone1
-0.489261,-0.722081,2.36782e-05,59.241,1.07369,-1.83894,31.4915,-2.94856,0.546895,0.00129734,-0.00892501,0,0.114048,0.130119,-0.0215927,9,drone1
-0.489262,-0.722078,2.38947e-05,59.2417,1.08186,-1.85267,31.5012,-2.94168,0.539918,0.00132705,-0.00892542,0,0.101402,0.095062,-0.0235468,9,drone1
-0.489264,-0.722076,2.42184e-05,59.2425,1.0938,-1.87277,31.51,-2.93857,0.534596,0.00135647,-0.00892803,0,0.09023,0.0542329,-0.0291179,9,drone1
-0.489264,-0.722075,2.50414e-05,59.2429,1.09423,-1.87658,31.5178,-2.93986,0.530929,0.00138626,-0.00893281,0,0.0803532,0.00817275,-0.0379414,9,drone1
-0.489265,-0.722073,2.4002e-05,59.2428,1.08232,-1.85388,31.525,-2.94215,0.530165,0.00138277,-0.00892018,0,0.0722346,-0.0155776,-0.0184827,9,drone1
-0.489266,-0.72207,2.36041e-05,59.243,1.07343,-1.83838,31.512,-2.94524,0.529151,0.00351114,-0.00814666,0,-0.129413,-0.020964,-0.0247736,9,drone1
-0.489268,-0.722068,2.34615e-05,59.2432,1.06817,-1.82958,31.5007,-2.94882,0.530148,0.00395846,-0.00767937,0,-0.113631,-0.0357101,-0.010262,9,drone1
-0.489269,-0.722065,2.34475e-05,59.2436,1.06672,-1.82725,31.4935,-2.95398,0.532877,0.00386333,-0.00636104,0,-0.0732528,-0.0583123,-0.00380182,9,drone1
-0.48927,-0.722063,2.353e-05,59.2441,1.06907,-1.83132,29.5963,-2.97326,0.441913,0.0146775,0.00753875,0,-0.840728,-0.0489492,0.00194523,9,drone1
-0.4887,-0.720768,2.36261e-05,60.0182,1.04688,-1.85027,29.7652,-2.98184,0.454727,0.00541553,-0.00305164,0,1.68208,-0.136866,0.0707154,9,drone1
-0.488449,-0.720622,2.38575e-05,60.867,1.02851,-1.88187,29.8267,-3.0004,0.466267,0.000757709,0.000795331,0,0.608626,-0.218247,0.00896396,9,drone1
-0.488371,-0.720569,2.42456e-05,61.0347,1.03581,-1.90807,29.8136,-3.01983,0.479353,0.000277999,-0.00152968,0,-0.136943,-0.233629,0.0164492,9,drone1
-0.488356,-0.720563,2.40162e-05,61.0637,1.03414,-1.9065,27.8413,-3.05842,0.386037,-0.0130021,0.0246229,0,-0.540065,-0.25082,-0.0525207,9,drone1
-0.491001,-0.724972,2.3896e-05,61.8549,1.00658,-1.91813,24.387,-3.10964,0.223671,0.0226447,0.0185209,0,0.126579,-0.4042,0.0496334,9,drone1
-0.49023,-0.723038,2.36038e-05,64.1287,0.916771,-1.93052,16.9231,-3.16791,-0.0265053,0.015584,0.057576,0,1.06411,-1.15806,1.25214,9,drone1
-0.491824,-0.725266,2.37398e-05,68.7571,0.758549,-2.0003,17.2545,-3.20924,0.00887041,0.0118776,0.00100913,0,8.97272,-0.550406,0.557984,9,drone1
-0.490055,-0.722576,2.34959e-05,73.098,0.599889,-2.03543,16.0015,-3.25346,-0.0291847,0.00848236,0.0106916,0,3.82326,-0.573678,0.396381,9,drone1
-0.489491,-0.721479,2.35338e-05,75.7216,0.505529,-2.05918,16.1037,-3.30136,0.021777,0.00627468,0.00288615,0,0.99485,-0.597831,0.361712,9,drone1
-0.489102,-0.721298,2.3685e-05,77.5399,0.442051,-2.08396,15.9507,-3.35238,0.0648663,0.00455268,0.00181581,0,-1.554,-0.61279,0.264282,9,drone1
-0.488877,-0.721183,2.39322e-05,78.6595,0.404681,-2.10943,15.6797,-3.4104,0.101155,0.000986018,-0.00787482,0,-2.73017,-0.66125,0.174704,9,drone1
-0.488741,-0.721112,2.42799e-05,79.387,0.382485,-2.13905,15.3272,-3.47363,0.132722,0.000308896,-0.00822803,0,-3.543,-0.697214,0.113106,9,drone1
-0.488655,-0.721069,2.35282e-05,79.8718,0.364748,-2.13662,11.5721,-3.55714,-0.0249562,0.0163988,0.0224504,0,-4.11896,-0.927161,0.185079,9,drone1
-0.488656,-0.719238,2.3294e-05,80.7354,0.326625,-2.10889,10.117,-3.66819,-0.00622317,0.0229923,0.00391722,0,-3.71636,-1.29298,0.579642,9,drone1
-0.487956,-0.714872,2.29969e-05,81.965,0.27549,-2.07774,10.0743,-3.73028,0.0355717,-0.00209628,0.0043583,0,-0.452578,-0.685667,0.299063,9,drone1
-0.487833,-0.714862,2.29965e-05,83.0025,0.236392,-2.07298,11.1178,-3.77328,0.141685,-0.0118818,-0.00699116,0,-1.12535,-0.492498,0.223022,9,drone1
-0.487886,-0.716859,2.31598e-05,83.6484,0.213707,-2.08298,10.7718,-3.80312,0.152934,-0.00661778,-0.00292927,0,-3.46762,-0.315728,0.0439958,9,drone1
-0.487837,-0.716793,2.32422e-05,84.0271,0.200394,-2.08911,10.4109,-3.82284,0.15979,-0.00446517,-0.00710713,0,-3.61386,-0.207279,0.0244708,9,drone1
-0.487806,-0.71677,2.34147e-05,84.322,0.19084,-2.10234,10.0471,-3.82987,0.164026,-0.00445464,-0.00689832,0,-3.64004,-0.0775157,0.0266603,9,drone1
-0.487782,-0.716753,2.36853e-05,84.5533,0.184204,-2.1226,9.68769,-3.82894,0.163398,-0.00457573,-0.00618736,0,-3.59408,0.0103643,-0.00425756,9,drone1
-0.487764,-0.716738,2.40591e-05,84.7358,0.179913,-2.14998,9.34391,-3.82164,0.162022,-0.00464164,-0.00686574,0,-3.43685,0.0742193,0.000744204,9,drone1
-0.48775,-0.716728,2.64074e-05,84.879,0.172608,-2.17449,9.01609,-3.81031,0.1595,-0.00459128,-0.00686371,0,-3.27657,0.116019,-0.00344405,9,drone1
-0.48774,-0.71672,2.47416e-05,84.9867,0.168138,-2.14244,8.70657,-3.7956,0.156584,-0.00453677,-0.00686223,0,-3.09319,0.149892,-0.00204958,9,drone1
-0.487732,-0.716714,2.39709e-05,85.0722,0.163511,-2.11655,6.13379,-3.65017,0.0121024,-0.0439712,0.02484,0,-2.67906,1.44306,0.335858,9,drone1
-0.488687,-0.726365,2.41232e-05,85.3711,0.155202,-2.14526,6.09294,-3.63342,0.0223911,-0.00414424,-0.00696416,0,-0.415173,0.155212,0.120501,9,drone1
-0.488633,-0.726172,2.38684e-05,85.8164,0.137847,-2.13472,3.61774,-3.51964,-0.0851706,-0.0315825,0.0224664,0,-0.338599,1.05544,0.590914,9,drone1
-0.489209,-0.733093,2.42399e-05,86.4131,0.117597,-2.16622,3.75106,-3.5078,-0.0669984,0.00636409,-0.00663193,0,1.32183,0.108645,0.187368,9,drone1
-0.489154,-0.73293,2.42866e-05,87.1028,0.0917052,-2.17129,4.79106,-3.49642,0.0071603,0.0137113,-0.00854175,0,0.573307,0.110788,0.147565,9,drone1
