2.03203,0.860604,5.53539e-06,0,0,-0.0111886,0,0,0,0,0,0,0,0,0,-1,pipuck2
2.03203,0.860604,7.91351e-06,0,0,-0.0159945,0,0,0,0,0,0,0,0,0,-1,pipuck2
2.03203,0.860604,8.88486e-06,0,0,-0.0179578,0,0,0,0,0,0,0,0,0,-1,pipuck2
2.03203,0.860604,9.26229e-06,0,0,-0.0187206,0,0,0,0,0,0,0,0,0,-1,pipuck2
2.03203,0.860604,9.40043e-06,0,0,-0.0189998,0,0,0,0,0,0,0,0,0,-1,pipuck2
2.03203,0.860604,9.44705e-06,0,0,-0.019094,0,0,0,0,0,0,0,0,0,-1,pipuck2
2.03203,0.860604,9.46085e-06,0,0,-0.0191219,0,0,0,0,0,0,0,0,0,-1,pipuck2
2.03203,0.860604,9.46391e-06,0,0,-0.0191281,0,0,0,0,0,0,0,0,0,-1,pipuck2
2.03203,0.860604,9.46396e-06,0,0,-0.0191282,0,0,0,0,0,0,0,0,0,-1,pipuck2
2.03203,0.860604,9.46346e-06,0,0,-0.0191272,0,0,0,0,0,0,0,0,0,-1,pipuck2
2.03203,0.860604,9.46303e-06,0,0,-0.0191263,0,0,0,0,0,0,0,0,0,-1,pipuck2
2.03203,0.860604,9.46276e-06,0,0,-0.0191258,0,0,0,0,0,0,0,0,0,-1,pipuck2
2.03203,0.860604,9.46262e-06,0,0,-0.0191255,0,0,0,0,0,0,0,0,0,-1,pipuck2
2.03203,0.860604,9.46255e-06,0,0,-0.0191254,0,0,0,0,0,0,0,0,0,-1,pipuck2
2.03203,0.860604,9.46252e-06,0,0,-0.0191253,0,0,0,0,0,0,0,0,0,-1,pipuck2
2.03203,0.860604,9.46251e-06,0,0,-0.0191253,0,0,0,0,0,0,0,0,0,-1,pipuck2
2.03203,0.860604,9.4625e-06,0,0,-0.0191253,0,0,0,0,0,0,0,0,0,-1,pipuck2
2.03203,0.860604,9.4625e-06,0,0,-0.0191253,0,0,0,0,0,0,0,0,0,-1,pipuck2
2.03203,0.860604,9.4625e-06,0,0,-0.0191253,0,0,0,0,0,0,0,0,0,-1,pipuck2
2.03203,0.860604,9.4625e-06,0,0,-0.0191253,0,0,0,0,0,0,0,0,0,-1,pipuck2
2.03203,0.860604,9.4625e-06,0,0,-0.0191253,0,0,0,0,0,0,0,0,0,-1,pipuck2
2.03203,0.860604,9.4625e-06,0,0,-0.0191252,0,0,0,0,0,0,0,0,0,-1,pipuck2
2.03203,0.860604,9.4625e-06,0,0,-0.0191252,0,0,0,0,0,0,0,0,0,-1,pipuck2
2.03203,0.860604,9.4625e-06,0,0,-0.0191252,0,0,0,0,0,0,0,0,0,-1,pipuck2
2.03203,0.860604,9.4625e-06,0,0,-0.0191252,0,0,0,0,0,0,0,0,0,-1,pipuck2
2.03203,0.860604,9.4625e-06,0,0,-0.0191252,0,0,0,0,0,0,0,0,0,-1,pipuck2
2.03203,0.860604,9.4625e-06,0,0,-0.0191252,0,0,0,0,0,0,0,0,0,-1,pipuck2
2.03203,0.860604,9.4625e-06,0,0,-0.0191252,0,0,0,0,0,0,0,0,0,-1,pipuck2
2.03203,0.860604,9.4625e-06,0,0,-0.0191252,0,0,0,0,0,0,0,0,0,-1,pipuck2
2.03203,0.860604,9.4625e-06,0,0,-0.0191252,0,0,0,0,0,0,0,0,0,-1,pipuck2
2.03203,0.860604,9.4625e-06,0,0,-0.0191252,0,0,0,0,0,0,0,0,0,-1,pipuck2
2.03203,0.860604,9.4625e-06,0,0,-0.0191252,0,0,0,0,0,0,0,0,0,-1,pipuck2
2.03203,0.860604,9.4625e-06,0,0,-0.0191252,0,0,0,0,0,0,0,0,0,-1,pipuck2
2.03203,0.860604,9.4625e-06,0,0,-0.0191252,0,0,0,0,0,0,0,0,0,-1,pipuck2
2.03203,0.860604,9.4625e-06,0,0,-0.0191252,0,0,0,0,0,0,0,0,0,-1,pipuck2
2.03203,0.860604,9.4625e-06,0,0,-0.0191252,0,0,0,0,0,0,0,0,0,-1,pipuck2
2.03203,0.860604,9.4625e-06,0,0,-0.0191252,0,0,0,0,0,0,0,0,0,-1,drone2
2.03203,0.860604,9.4625e-06,0,0,-0.0191252,0,0,0,0,0,0,0,0,0,-1,drone2
2.03203,0.860604,9.4625e-06,0,0,-0.0191252,0,0,0,0,0,0,0,0,0,2,drone2
2.03203,0.860604,9.4625e-06,0,0,-0.0191252,0,0,0,0,0,0,0,0,0,2,drone2
2.03203,0.860604,9.4625e-06,0,0,-0.0191252,0,0,0,0,0,0,0,0,0,2,drone1
2.03203,0.860604,9.4625e-06,0,0,-0.0191252,0,0,0,0,0,0,0,0,0,2,drone1
2.03203,0.860604,9.4625e-06,0,0,-0.0191252,-8.00029,0.211854,0.11558,-0.910771,0.743905,0,1.27493,2.13002,1.13467,8,drone1
2.01661,0.860541,9.21481e-06,0.55081,0.0741315,-0.0192998,-14.9478,0.307215,0.143884,-0.984753,0.567602,0,9.57585,1.10072,-0.240492,8,drone1
2.00095,0.860102,9.14912e-06,2.1373,0.149958,-0.0239492,-11.898,0.312909,0.176786,-1.25595,-1.17905,1.71474,-28.953,-0.0693867,0.643738,5,drone1
1.98477,0.859521,9.1767e-06,3.59701,0.229104,-0.0326352,-9.19775,0.219724,0.134167,-1.30084,-1.09107,1.73134,-32.1272,-1.09554,-0.151981,5,drone1
1.96843,0.858696,9.3059e-06,4.0036,0.310232,-0.0399277,-6.89161,0.0582203,0.0598227,-1.34225,-1.01204,1.75922,-35.4965,-1.65436,-0.712558,5,drone1
1.95185,0.857832,9.49994e-06,3.48103,0.394263,-0.0421954,-4.93616,-0.124901,0.027735,-1.36432,-0.961242,1.7883,-39.9798,-1.77254,-0.609006,5,drone1
1.93511,0.857154,9.74876e-06,2.16549,0.481001,-0.0363937,-2.85132,-0.210523,0.0685045,-1.34727,-0.921728,1.81037,-41.186,-0.903456,0.0554092,5,drone1
1.91834,0.856863,1.00518e-05,0.170651,0.569702,-0.0199029,-0.507733,-0.162844,0.194968,-1.32689,-0.889326,1.824,-41.9515,0.102085,1.07061,5,drone1
1.90166,0.857122,1.04106e-05,-2.43386,0.659203,0.00978396,2.66629,0.0153423,0.332788,-1.28947,-0.855547,1.81892,-38.2532,1.12034,1.54386,5,drone1
1.88525,0.858075,1.08261e-05,-5.64727,0.747524,0.0555976,7.14088,0.260854,0.405105,-1.19663,-0.850907,1.81372,-34.5393,1.63678,1.31473,5,drone1
1.86997,0.85974,1.12854e-05,-9.62603,0.828377,0.121981,9.71999,0.557818,0.529279,-1.45449,-0.741923,1.79585,-46.4137,1.39438,2.46315,5,drone1
1.85402,0.86282,1.182e-05,-14.4073,0.906992,0.214152,13.3803,0.528095,0.511139,-1.36801,-0.795297,1.80864,-45.8189,-1.19672,-0.007355,5,drone1
1.8397,0.866849,1.24095e-05,-20.1069,0.966907,0.334442,17.5799,0.318505,0.426833,-1.38322,-0.823932,1.81041,-47.5802,-2.30035,-1.62519,5,drone1
1.82689,0.87211,1.304e-05,-27.0083,0.999274,0.488748,22.0515,-0.0365355,0.378786,-1.33146,-0.892378,1.8081,-45.3701,-3.25253,-2.51805,5,drone1
1.8165,0.878144,1.36713e-05,-35.3802,0.985792,0.677507,40.485,-0.0398149,0.258601,-2.22476,-1.7292,0,94.3363,-0.86758,-0.737673,9,drone1
1.8154,0.87904,1.39727e-05,-46.104,0.86748,0.87501,57.7866,-0.0738505,0.22797,-2.51478,-1.25336,0,83.0161,-0.671731,-0.291003,9,drone1
1.81868,0.875135,1.40595e-05,-58.6679,0.660295,1.04914,74.264,-0.124884,0.143528,-2.64987,-0.913252,0,74.7755,-0.415036,-1.08755,9,drone1
1.82193,0.868459,1.40523e-05,-71.4417,0.411897,1.16902,90.3951,-0.19587,0.086291,-2.70855,-0.742886,0,71.3139,-0.22142,-1.10975,9,drone1
1.82352,0.861496,1.4104e-05,-83.8401,0.151842,1.23536,106.111,-0.270848,0.0552265,-2.76054,-0.543334,0,67.1621,0.0372531,-1.0471,9,drone1
1.82364,0.854881,1.42097e-05,-95.9318,-0.11153,1.2514,121.424,-0.341735,0.0410388,-2.7983,-0.357025,0,63.1379,0.327467,-0.921535,9,drone1
1.82222,0.847361,1.43029e-05,-107.774,-0.369211,1.21192,136.485,-0.409246,0.0433553,-2.10163,1.00679,0,60.612,0.526331,-0.762532,8,drone1
1.82146,0.845709,1.46523e-05,-119.733,-0.63343,1.14605,151.126,-0.486853,0.00978201,-2.05672,1.17628,0,56.4247,1.18709,-0.526394,8,drone1
1.8183,0.841124,1.49179e-05,-131.907,-0.879655,1.00767,165.702,-0.547883,0.0547943,-2.00086,1.18658,0,55.7618,0.662036,-0.420833,8,drone1
1.8112,0.834494,1.50116e-05,-143.413,-1.07269,0.819138,-179.969,-0.596941,0.102734,-1.9226,1.27772,0,53.2939,0.757794,-0.164183,8,drone1
1.80012,0.827745,1.49893e-05,-153.581,-1.20111,0.617174,-170.734,-0.64993,0.109724,-1.87736,1.33592,0,51.602,0.712837,0.0544084,8,drone1
1.78526,0.822213,1.49165e-05,-161.585,-1.2672,0.441218,-164.152,-0.703744,0.0947504,-1.85978,1.36324,0,50.5091,0.622826,0.169072,8,drone1
1.76882,0.818213,1.48283e-05,-167.173,-1.29566,0.313798,-158.05,-0.758723,0.0689543,-1.91986,1.21475,0,55.2914,0.587448,0.225074,8,drone1
1.75078,0.81521,1.47013e-05,-171.17,-1.30369,0.220988,-152.113,-0.806897,0.0471101,-1.90988,1.20952,0,55.1285,0.486392,0.239569,8,drone1
1.73192,0.81304,1.46059e-05,-174.179,-1.3034,0.151218,-146.255,-0.849103,0.0366867,-1.82833,1.32857,0,51.6687,0.405496,0.227443,8,drone1
1.71272,0.811591,1.45362e-05,-176.632,-1.30097,0.0948288,-147.082,-0.920574,-0.087766,-2.6802,0.270549,0,50.6397,0.544022,0.474081,9,drone1
1.69657,0.811102,1.46256e-05,-178.3,-1.31403,0.0572424,-141.374,-0.961089,-0.0829662,-1.8106,1.28224,0,51.7859,0.380099,0.10103,8,drone1
1.67685,0.810701,1.45935e-05,-179.395,-1.31238,0.0320726,-143.367,-0.990848,-0.205083,-2.63164,0.252271,0,50.2831,0.331363,0.137352,9,drone1
1.66113,0.810645,1.47514e-05,-179.879,-1.33283,0.0210029,-145.348,-1.00782,-0.325054,-2.62489,0.077851,0,53.7957,0.388463,0.00705584,9,drone1
1.64551,0.810594,1.49491e-05,-179.36,-1.35718,0.03332,-147.297,-1.01421,-0.444516,-2.59517,-0.091963,0,57.2941,0.45565,-0.0926023,9,drone1
1.63006,0.810365,1.51932e-05,-177.894,-1.3852,0.0690822,-142.101,-1.06398,-0.421797,-1.8452,1.1022,0,56.0886,0.535849,-0.223436,8,drone1
1.61016,0.809286,1.52868e-05,-176.13,-1.39405,0.112446,-137.241,-1.10668,-0.390756,-1.69027,1.30096,0,49.3219,0.487618,-0.18942,8,drone1
1.59014,0.807593,1.54216e-05,-174.659,-1.40499,0.149535,-132.856,-1.14524,-0.355847,-1.51268,1.47474,0,42.6104,0.466379,-0.142541,8,drone1
1.57021,0.805423,1.55962e-05,-173.503,-1.41951,0.179894,-128.359,-1.25935,-0.491564,-1.3698,1.59154,0,40.2613,0.267616,1.7769,8,drone1
1.55048,0.802905,1.5811e-05,-172.682,-1.43882,0.203065,-134.058,-1.21045,-0.640149,-2.35754,0.904694,0,33.0209,0.535409,-0.183297,9,drone1
1.53852,0.802007,1.64372e-05,-170.993,-1.49535,0.255387,-139.33,-1.14988,-0.768174,-1.32213,1.54464,0,37.2861,0.654012,-0.316372,8,drone1
1.5249,0.800086,1.69736e-05,-167.627,-1.53632,0.355437,-143.947,-1.09391,-0.8834,-2.48225,0.417187,0,43.8299,0.818588,-0.365551,9,drone1
1.51718,0.799129,1.78903e-05,-161.972,-1.58255,0.533819,-148.467,-1.03696,-0.983428,-2.48299,0.369432,0,44.8006,0.957336,-0.452924,9,drone1
1.50986,0.797013,1.89025e-05,-153.351,-1.57294,0.809049,-153.349,-0.980838,-1.0675,-1.39141,1.43125,0,41.1671,1.11778,-0.521252,8,drone1
1.49715,0.789463,1.96522e-05,-143.113,-1.45933,1.11697,-154.06,-1.01819,-1.05661,-1.23661,1.55577,0,35.3583,1.26562,-0.616585,8,drone1
1.48377,0.777682,2.04605e-05,-134.297,-1.31228,1.36999,-147.408,-1.1945,-0.891054,-0.993137,1.71383,0,27.2021,1.26799,-0.608848,8,drone1
1.47339,0.76613,2.14844e-05,-128.632,-1.21704,1.55124,-137.418,-1.39438,-0.607319,-0.46218,1.90122,0,11.053,1.11069,-0.390682,8,drone1
1.46902,0.760218,2.31526e-05,-127.067,-1.24092,1.67276,-128.923,-1.53063,-0.317249,0.0941366,1.95301,0,-5.09971,0.858834,-0.0631974,8,drone1
1.46117,0.750239,2.35665e-05,-129.37,-1.36463,1.68898,-121.521,-1.61771,-0.0346141,0.466874,1.89454,0,-16.0264,0.599961,0.209402,8,drone1
1.45381,0.741782,2.1579e-05,-133.91,-1.48102,1.55727,-115.118,-1.65686,0.252034,0.751776,1.76316,0,-26.0099,0.446468,0.283358,8,drone1
1.44574,0.734046,2.12488e-05,-140.555,-1.57713,1.31698,-108.695,-1.66917,0.499746,0.786614,1.76793,0,-25.8114,0.0352848,0.608993,8,drone1
1.43515,0.726241,2.07139e-05,-149.165,-1.6724,1.01763,-102.549,-1.63268,0.711025,0.790769,1.77574,0,-25.7285,-0.335308,0.514984,8,drone1
1.42237,0.719827,2.96599e-05,-158.147,-1.74347,0.658783,-97.5837,-1.58155,0.855902,0.740783,1.79641,0,-24.0211,-0.609827,0.464393,8,drone1
1.40629,0.714201,2.39361e-05,-166.654,-1.728,0.381136,-94.1292,-1.55043,0.920484,0.580795,1.8323,0,-18.4286,-0.80754,0.488375,8,drone1
1.3887,0.710797,2.02922e-05,-174.245,-1.67002,0.145494,-91.5654,-1.51926,1.04603,0.545642,1.85123,0,-17.7402,0.0600899,0.396223,8,drone1
1.37079,0.709949,1.2484e-05,178.782,-1.58557,-0.0249413,-83.3622,-1.36558,1.16822,0.251888,1.87977,0,-7.9493,-1.05826,0.217789,8,drone1
1.3835,0.708557,1.46771e-05,171.608,-1.6376,-0.253384,-74.9966,-1.18623,1.25147,0.189195,1.86381,0,-6.317,-1.19426,-0.017269,8,drone1
1.39682,0.705201,1.70442e-05,163.407,-1.66281,-0.510692,-66.9467,-1.02759,1.30023,0.29695,1.85735,0,-9.46806,-1.338,0.0495233,8,drone1
1.40732,0.700584,1.88666e-05,153.842,-1.62345,-0.815629,-68.1862,-1.10579,1.16551,0.306366,1.86956,0,-9.59312,-1.48009,0.0435333,8,drone1
1.39681,0.706956,1.92761e-05,145.68,-1.46678,-1.02259,-75.9432,-1.31599,0.881498,-0.032301,1.90591,0,0.849363,-1.36447,0.12355,8,drone1
1.38605,0.714842,1.88803e-05,141.225,-1.36009,-1.11534,-77.957,-1.4005,0.693064,-0.612738,1.80311,0,18.4647,-1.01333,0.151276,8,drone1
1.37403,0.724876,1.85475e-05,139.459,-1.2973,-1.13316,-66.3168,-1.27712,0.815644,-0.850179,1.68498,0,26.4091,-0.812731,0.115097,8,drone1
1.37009,0.728153,1.98479e-05,136.714,-1.25362,-1.20839,-55.6718,-1.1569,0.904664,-0.561995,1.78804,0,16.4639,-1.00285,0.0029255,8,drone1
1.37104,0.727155,2.01491e-05,128.475,-1.10446,-1.42079,-45.8245,-1.04838,0.969455,-0.3062,1.84637,0,8.48919,-1.13627,-0.0928732,8,drone1
1.37056,0.728603,2.03363e-05,115.021,-0.766537,-1.68589,-36.2156,-0.946332,1.00961,-0.203002,1.84291,0,6.10909,-1.24936,-0.247744,8,drone1
1.36794,0.736946,3.15593e-05,99.0816,-0.336204,-1.84337,-26.3993,-0.854837,1.02733,-0.267045,1.8335,0,8.18286,-1.35302,-0.372152,8,drone1
1.36749,0.749067,2.55916e-05,83.1818,0.194474,-1.86751,-16.3912,-0.77642,1.0237,-0.433818,1.79794,0,13.2671,-1.37648,-0.510245,8,drone1
1.37154,0.764259,2.16389e-05,68.4573,0.70956,-1.74038,-10.9798,-0.799388,0.948726,-0.529798,1.76852,0,14.9765,-1.36456,-0.758313,8,drone1
1.37965,0.778786,1.9665e-05,56.1059,1.0645,-1.55438,-9.90391,-0.916921,0.799605,-0.906444,1.5984,0,27.9162,-1.30108,-0.795848,8,drone1
1.38997,0.791609,1.97754e-05,47.4617,1.29347,-1.3849,-15.0179,-1.1091,0.543384,-1.21047,1.38275,0,38.88,-1.09566,-0.658545,8,drone1
1.39653,0.798188,2.08427e-05,43.5464,1.42437,-1.32963,-16.1623,-1.22854,0.326005,-1.57496,0.996358,0,54.8091,-0.947933,-0.360432,8,drone1
1.38593,0.788256,1.64055e-05,42.5553,1.55984,-1.43671,-14.6985,-1.30431,0.165514,-1.20041,0.165297,0,60.276,-0.725205,-0.164175,11,drone1
1.37334,0.77665,2.21756e-05,42.9139,1.53884,-1.45146,-17.6329,-1.39331,-0.0911047,-1.68017,0.832738,0,60.6945,-0.743761,-0.00668158,8,drone1
1.36467,0.768233,2.15015e-05,45.5766,1.35124,-1.40496,-19.0273,-1.46015,-0.320066,-1.74069,0.651064,0,66.621,-0.679433,0.283681,8,drone1
1.37505,0.779534,1.8742e-05,49.9879,1.05188,-1.28381,-17.2006,-1.5071,-0.431891,-1.72029,0.738626,0,64.5228,-0.353632,0.50098,8,drone1
1.38618,0.793817,1.56784e-05,54.8448,0.770161,-1.12741,-19.8469,-1.48178,-0.630325,-1.67774,0.806159,0,61.2337,-0.000511846,0.455672,8,drone1
1.3939,0.806079,1.3347e-05,60.2091,0.527471,-0.959882,-22.9825,-1.399,-0.795785,-1.66374,0.870476,0,58.6482,0.409678,0.532252,8,drone1
1.38774,0.794341,1.23869e-05,67.0411,0.359709,-0.89771,-26.6164,-1.31444,-1.00246,-1.51591,0.973379,0,53.6756,-0.13839,0.357978,8,drone1
1.38281,0.780784,1.16585e-05,75.1256,0.20015,-0.827131,-30.2437,-1.17865,-1.10256,-1.58755,1.02563,0,53.7074,0.698646,0.798429,8,drone1
1.38012,0.768418,1.10488e-05,84.2182,0.0549599,-0.730374,-25.3658,-1.19255,-0.976916,-1.13797,0.444745,0,47.4131,0.864229,0.829055,11,drone1
1.37984,0.749958,1.06165e-05,93.0025,-0.0526329,-0.645101,-16.8479,-1.25439,-0.752583,-1.01324,0.666002,0,35.8545,0.819973,0.765096,11,drone1
1.38194,0.733581,1.71053e-05,100.351,-0.0672517,-0.549421,-9.23051,-1.27855,-0.537097,-0.686769,1.75309,0,19.6869,0.72488,0.602469,8,drone1
1.38534,0.720714,1.09314e-05,106.066,-0.103869,-0.435765,-4.98351,-1.2427,-0.389935,-0.444197,1.11053,0,2.32039,0.788353,0.428366,11,drone1
1.39023,0.706042,1.28483e-05,109.739,-0.143758,-0.325969,-3.80054,-1.17992,-0.315522,-0.21427,1.183,0,-7.41767,0.765564,0.304262,11,drone1
1.39616,0.689627,9.42149e-06,112.086,-0.121752,-0.250716,-6.68491,-1.0887,-0.327327,-0.0894109,1.20083,0,-12.2157,0.800002,0.244322,11,drone1
1.40362,0.671932,8.72781e-06,113.679,-0.100911,-0.186899,-16.7388,-0.944119,-0.46271,-0.0715277,1.21123,0,-10.5359,0.777848,0.270241,11,drone1
1.40884,0.66149,8.92522e-06,116.75,-0.0663484,-0.0917099,-26.3558,-0.782606,-0.562844,-0.195145,1.18478,0,-6.17332,0.835783,0.213974,11,drone1
1.40778,0.663805,2.81452e-06,122.608,0.0265727,0.052101,-35.078,-0.625784,-0.618072,-0.34686,1.16369,0,2.7695,0.810393,0.261594,11,drone1
1.40654,0.665926,7.11257e-06,131.928,0.138996,0.175968,-43.8994,-0.451269,-0.648797,-0.346993,1.15556,0,1.77721,0.921367,0.0725411,11,drone1
1.40312,0.668836,9.16986e-06,145,0.314334,0.241676,-52.3466,-0.286683,-0.642432,-0.410987,1.13731,0,5.51707,0.907508,0.0618882,11,drone1
1.39625,0.672697,1.27168e-05,158.583,0.535927,0.235802,-61.2667,-0.122512,-0.611759,-0.33098,1.16155,0,0.791144,0.903722,-0.0683308,11,drone1
1.38431,0.676413,1.28459e-05,170.275,0.782042,0.15632,-70.9068,0.045061,-0.560503,-0.188013,1.18514,0,-6.40546,0.894051,-0.274061,11,drone1
1.37407,0.676765,1.32925e-05,-177.899,0.999066,-0.016122,-80.7504,0.203477,-0.490045,-0.131314,1.1816,0,-8.43565,0.786203,-0.443545,11,drone1
1.38651,0.67864,1.38098e-05,-165.533,1.06088,-0.252808,-90.8052,0.353784,-0.403498,-0.109076,1.17585,0,-10.5449,0.644178,-0.630499,11,drone1
1.39783,0.683041,1.42556e-05,-152.533,1.06083,-0.529205,-101.282,0.491835,-0.305442,-0.0186983,1.19203,0,-14.7648,0.441659,-0.765427,11,drone1
1.39846,0.68383,1.54102e-05,-136.696,0.985623,-0.901794,-104.826,0.568507,-0.240717,0.0127587,1.19381,0.00172086,-13.2886,0.388789,-0.694312,11,drone1
1.3882,0.671378,1.73751e-05,-121.489,0.835988,-1.32764,-105.555,0.646189,-0.252325,0.269793,1.17678,0,-29.6797,0.0858242,-0.856616,11,drone1
1.38071,0.65758,1.98207e-05,-110.944,0.662981,-1.67874,-118.237,0.76674,-0.149907,0.483582,1.09088,0,-40.6486,0.0537669,-0.950307,11,drone1
1.37605,0.642061,2.28565e-05,-102.489,0.461738,-1.99654,-131.226,0.875818,-0.0374909,0.469537,1.08537,0,-39.8927,-0.278298,-0.98123,11,drone1
1.37394,0.626652,5.47299e-05,-94.0088,0.161347,-2.25176,-142.6,0.974209,0.0599227,0.385815,1.10889,0,-34.9145,-0.662979,-0.871365,11,drone1
1.37416,0.611328,2.24922e-05,-85.5861,-0.141996,-2.06505,-151.36,1.07874,0.119666,0.358529,1.10962,0,-32.7157,-0.979562,-0.738135,11,drone1
1.37711,0.593762,1.91154e-05,-77.6629,-0.386522,-1.83925,-157.277,1.165,0.138244,0.371766,1.10195,0,-32.4193,-0.899995,-0.423638,11,drone1
1.38286,0.57571,1.74089e-05,-71.144,-0.535666,-1.61808,-158.237,1.24042,0.0596918,0.437961,1.07636,0,-34.729,-0.690093,-0.197557,11,drone1
1.3897,0.559847,1.59956e-05,-66.6878,-0.590272,-1.41245,-153.169,1.29504,-0.149928,0.539736,1.03245,0,-39.3533,-0.449737,-0.181668,11,drone1
1.3887,0.562882,1.62055e-05,-64.4212,-0.527483,-1.15243,-149.185,1.30068,-0.339487,0.753676,0.911479,0,-50.177,-0.0700384,-0.288566,11,drone1
1.38824,0.565305,1.42472e-05,-65.1973,-0.404015,-0.926993,-145.731,1.26962,-0.507516,0.829833,0.825764,0,-55.4755,0.194583,-0.347204,11,drone1
1.38805,0.568473,1.21174e-05,-71.0613,-0.226855,-0.725312,-142.545,1.20354,-0.643065,0.87209,0.775492,0,-58.1435,0.503051,-0.384231,11,drone1
1.38712,0.574692,1.06283e-05,-80.405,-0.0637461,-0.497172,-139.232,1.10089,-0.751329,0.853225,0.802576,0,-56.864,0.731739,-0.310992,11,drone1
1.38646,0.586286,9.7638e-06,-91.0259,0.0235999,-0.22216,-135.357,0.964434,-0.830052,0.764544,0.883313,0,-51.2363,0.914514,-0.229054,11,drone1
1.38722,0.596784,9.48717e-06,-102.507,0.0089987,0.0489178,-130.681,0.882967,-0.788423,0.561171,0.903632,0,-43.1994,1.48115,-1.25462,11,drone1
1.38629,0.595533,9.69911e-06,-115.363,-0.0908331,0.236849,-125.658,0.883615,-0.622233,0.43557,0.866095,0,-39.6889,2.26537,-2.2897,11,drone1
1.38198,0.588625,1.78996e-05,-128.755,-0.241429,0.356894,-120.24,0.920642,-0.43463,0.338708,0.848427,0,-35.727,2.55845,-2.34012,11,drone1
1.37659,0.583263,1.47275e-05,-141.157,-0.451601,0.398986,-114.5,0.986302,-0.24848,0.25763,0.832894,0,-32.5158,2.76381,-2.17595,11,drone1
1.36577,0.576076,8.86125e-06,-151.587,-0.668325,0.345422,-110.195,1.13082,-0.112382,0.190572,0.794858,0,-28.8116,2.16482,-2.2321,11,drone1
1.35206,0.570286,4.98599e-06,-161.246,-0.842039,0.291147,-105.369,1.25208,-0.161368,0.21684,0.784976,0,-26.616,0.768746,-1.50018,11,drone1
1.33666,0.566445,1.0548e-05,-169.757,-1.00716,0.196731,-101.999,1.02557,-0.221134,-0.158487,1.12519,0,-3.31509,0.714738,2.02695,11,drone1
1.31888,0.564723,1.30761e-05,-177.292,-1.15064,0.0722425,-111.001,0.848064,-0.0362205,-0.213169,1.09877,0,-0.0125692,0.627268,1.90603,11,drone1
1.32431,0.564441,1.93405e-05,177.243,-1.3842,-0.0400086,-118.348,0.654304,0.0748275,-0.513062,0.972122,0,16.5264,0.721055,1.79494,11,drone1
1.33389,0.562962,1.00051e-05,175.185,-1.63078,-0.134587,-125.538,0.383654,0.127122,-0.265383,1.16278,0,18.0708,1.10654,2.32919,11,drone1
1.34046,0.562825,1.77179e-05,174.981,-1.87042,-0.177021,-130.518,0.176763,0.115133,-0.862217,0.694775,0,40.1833,1.05224,1.65172,11,drone1
1.34917,0.562917,2.38953e-05,176.904,-2.13186,-0.133809,-134.921,-0.0265308,0.0610032,-0.928205,0.612714,0,45.9638,1.19675,1.56783,11,drone1
1.36034,0.562813,5.28831e-05,-179.84,-2.19076,0.0816057,-139.01,-0.229331,-0.0282381,-0.964239,0.574205,0,49.0966,1.40271,1.49219,11,drone1
1.36836,0.562901,3.2857e-05,-176.391,-2.00946,0.0866415,-142.927,-0.414353,-0.133799,-0.97921,0.558169,0,50.8212,1.53005,1.20883,11,drone1
1.37541,0.563393,3.2888e-05,-172.462,-1.80471,0.193566,-146.802,-0.552669,-0.252308,-0.991705,0.554867,0,51.2557,1.36384,0.871248,11,drone1
1.37083,0.562784,1.77232e-05,-168.09,-1.53493,0.343793,-139.775,-0.690102,-0.263963,-0.998625,0.562671,0,50.8999,1.19283,0.522799,11,drone1
1.35329,0.558109,1.83752e-05,-163.9,-1.21433,0.378155,-137.699,-0.780819,-0.290277,-0.868653,0.743209,0,40.1498,0.883606,0.386529,11,drone1
1.33605,0.552612,3.33362e-06,-160.241,-0.917709,0.33027,-143.132,-0.775548,-0.293571,-0.754612,0.732905,0,35.6626,0.888766,-0.861596,11,drone1
1.3285,0.548835,6.87731e-06,-155.532,-0.673799,0.295554,-148.681,-0.760674,-0.391943,-0.781908,0.788201,0,34.522,0.38708,-0.0864271,11,drone1
1.32252,0.544993,1.274e-05,-147.598,-0.420427,0.288373,-154.144,-0.712261,-0.474352,-0.792125,0.762379,0,35.3695,0.237052,-0.301284,11,drone1
1.31571,0.539756,1.26265e-05,-137.775,-0.197056,0.212709,-159.815,-0.63647,-0.535101,-0.764833,0.78364,0,33.2843,0.100891,-0.477388,11,drone1
1.3089,0.532237,1.1462e-05,-126.281,-0.0191503,0.065507,-165.961,-0.537844,-0.574731,-0.693718,0.829276,0,28.5346,-0.0429787,-0.582233,11,drone1
1.30192,0.520163,1.05349e-05,-113.798,0.0901271,-0.151615,-172.944,-0.411003,-0.590955,-0.568893,0.896048,0,20.1589,-0.272632,-0.664646,11,drone1
1.2965,0.504961,1.03275e-05,-102.181,0.108601,-0.408815,-177.54,-0.301211,-0.568129,-0.504037,0.926816,0,16.6495,-0.444633,-0.654846,11,drone1
1.29389,0.487567,1.09397e-05,-92.0643,0.0436486,-0.675501,-179.904,-0.210404,-0.422936,-0.395278,0.957205,0,7.51314,-0.622114,-1.60051,11,drone1
1.2949,0.468549,1.21524e-05,-83.1048,-0.0938041,-0.933569,-179.824,-0.130374,-0.382271,-0.200517,1.035,0,-0.94694,-0.809533,-0.407619,11,drone1
1.29907,0.449984,1.38755e-05,-75.6661,-0.279064,-1.16769,-176.403,-0.0565591,-0.346813,-0.0157219,1.04986,0,-10.1333,-1.00643,-0.331454,11,drone1
1.30369,0.434994,2.2875e-05,-70.1463,-0.523495,-1.35427,-169.529,0.0150767,-0.326928,0.20124,1.02411,0,-21.261,-1.19663,-0.369383,11,drone1
1.30553,0.428259,2.9293e-05,-66.5907,-0.672546,-1.52632,-163.065,0.160367,-0.0986977,0.220201,0.827255,0,-25.3819,-0.963658,-2.83361,11,drone1
1.30161,0.435179,2.21952e-05,-65.0031,-0.789456,-1.63776,-156.018,0.391063,0.240705,0.145138,0.716729,0,-19.5512,-0.644999,-4.33056,11,drone1
1.30048,0.435974,2.12428e-05,-67.1108,-0.797488,-1.84567,-148.763,0.689876,0.495896,0.0917925,0.643679,0,-17.4466,-0.562529,-4.08123,11,drone1
1.30094,0.432502,1.65444e-05,-72.9084,-0.645312,-2.09037,-141.1,0.977691,0.542902,0.0943762,0.679618,0,-13.3755,-0.753526,-2.571,11,drone1
1.30283,0.424237,2.13057e-05,-79.7053,-0.37487,-1.96925,-133.273,1.18761,0.259339,0.121337,0.71839,0,-11.7692,-1.83028,-0.0333496,11,drone1
1.30352,0.414493,1.80312e-05,-87.3443,-0.0989695,-1.81143,-130.296,1.30659,0.0031659,0.881667,0.58696,0,-60.2745,-0.845304,-0.484405,11,drone1
1.30381,0.425297,1.53455e-05,-95.8803,0.141653,-1.52725,-126.641,1.36257,-0.225217,0.802651,0.661849,0,-53.4813,-0.357503,-0.422824,11,drone1
1.30593,0.432147,1.3363e-05,-106.215,0.341864,-1.23354,-122.599,1.36335,-0.430409,0.772282,0.719488,0,-49.604,0.00144599,-0.344528,11,drone1
1.30719,0.432704,1.18307e-05,-120.223,0.521426,-0.927673,-117.787,1.43325,-0.624483,0.608524,0.72957,0,-41.9093,-0.136448,-1.36218,11,drone1
1.30777,0.433226,1.05246e-05,-138.675,0.632322,-0.577819,-112.024,1.31658,-0.7785,0.541761,0.910082,0,-32.3689,0.690847,-0.0229158,11,drone1
1.29819,0.427357,9.90398e-06,-158.625,0.657632,-0.275262,-105.111,1.16158,-0.89834,0.364253,0.99618,0,-20.8659,0.842888,0.0582223,11,drone1
1.28342,0.423129,9.52218e-06,-176.265,0.593863,-0.0556949,-99.0025,1.01062,-0.946125,0.14371,1.05553,0,-9.56138,0.948933,0.163856,11,drone1
1.266,0.424754,9.32786e-06,168.327,0.489945,0.083639,-99.4712,0.982957,-0.838764,-0.0974553,1.03714,0,3.59087,0.987635,0.234842,11,drone1
1.25027,0.430992,9.1872e-06,155.975,0.370988,0.146192,-107.827,1.04156,-0.540949,-0.157468,0.972226,0,6.4641,1.45201,0.319191,11,drone1
1.24527,0.433953,1.15611e-05,147.95,0.221689,0.111768,-112.915,1.04749,-0.340324,-0.688047,0.737767,0,39.1331,0.729637,0.411058,11,drone1
1.24729,0.43326,1.22489e-05,144.361,0.0631116,0.0148185,-116.59,1.01732,-0.175874,-0.853759,0.532555,0,53.2658,0.610841,0.560638,11,drone1
1.25095,0.431234,1.37476e-05,145.043,-0.0986557,-0.0893397,-119.456,0.95621,-0.0428791,-0.914273,0.405771,0,61.3367,0.577048,0.719595,11,drone1
1.25629,0.428343,8.9745e-06,150.362,-0.275888,-0.177134,-122.111,0.872036,0.054237,-0.950399,0.361374,0,63.4532,0.506507,0.906089,11,drone1
1.26227,0.426219,9.82146e-06,159.422,-0.4816,-0.200259,-124.67,0.772101,0.1288,-0.939067,0.361865,0,64.4036,0.51124,0.95947,11,drone1
1.26407,0.427135,1.07577e-05,172.115,-0.680067,-0.113164,-127.936,0.645869,0.183327,-0.890456,0.46101,0,57.3379,0.589795,1.07305,11,drone1
1.25923,0.427375,1.16278e-05,-172.728,-0.819575,0.0852208,-132.165,0.549816,0.264538,-0.694474,0.633114,0,47.706,0.466498,0.504697,11,drone1
1.25083,0.424791,1.22806e-05,-156.287,-0.867851,0.360228,-137.417,0.386111,0.283989,-0.68965,0.743359,0,37.4728,0.684787,1.17035,11,drone1
1.23992,0.418581,1.28654e-05,-140.72,-0.814835,0.641772,-143.736,0.219413,0.286448,-0.529941,0.851546,0,26.8033,0.741157,1.08903,11,drone1
1.23007,0.408747,1.28538e-05,-128.361,-0.687817,0.897491,-149.439,0.0637903,0.267229,-0.393299,0.901047,0,18.6861,0.8103,0.956532,11,drone1
1.21917,0.393463,1.53031e-05,-117.979,-0.551767,1.08381,-153.228,-0.0730243,0.236021,-0.242257,0.945798,0,10.394,0.868706,0.821588,11,drone1
1.2112,0.377136,1.57872e-05,-110.003,-0.425344,1.22916,-154.993,-0.19232,0.209266,-0.101679,0.964639,0,3.33372,0.898453,0.689239,11,drone1
1.20507,0.359221,1.58778e-05,-104.178,-0.319657,1.34502,-163.052,-0.327543,0.165583,0.0261873,0.958774,0,-3.25494,0.905133,0.626641,11,drone1
1.20204,0.343444,1.62779e-05,-98.819,-0.208599,1.46533,-154.196,-0.402775,0.203315,0.0106513,0.951267,0,-1.44447,0.966346,0.427637,11,drone1
1.20067,0.331131,1.03629e-05,-93.8984,-0.112819,1.5915,-146.772,-0.476281,0.261267,0.259628,0.908723,0,-15.7645,0.889767,0.617643,11,drone1
1.20093,0.328363,1.53744e-05,-90.9793,-0.0409138,1.76197,-140.588,-0.548122,0.334058,0.458003,0.822878,0,-28.1748,0.787302,0.822766,11,drone1
1.20094,0.327576,2.23115e-05,-90.6131,-0.000510338,1.94649,-135.441,-0.617592,0.419738,0.588527,0.737237,0,-38.5372,0.663238,1.00701,11,drone1
1.20089,0.329096,2.40748e-05,-92.7551,-0.0847552,2.14614,-130.808,-0.689068,0.523318,0.664483,0.662228,0,-43.6851,0.644044,1.18029,11,drone1
1.20156,0.333901,2.98074e-05,-97.5439,-0.290625,2.19538,-126.556,-0.755763,0.636065,0.715468,0.626661,0,-47.5009,0.518707,1.34583,11,drone1
1.20119,0.335869,1.87676e-05,-103.722,-0.459888,1.93361,-122.388,-0.816025,0.754669,0.705301,0.622702,0,-48.333,0.390132,1.49748,11,drone1
1.19953,0.334772,1.77953e-05,-113.466,-0.684523,1.61605,-118.066,-0.842815,0.862735,0.685842,0.643093,0,-46.7756,0.0829091,1.42004,11,drone1
1.19857,0.334165,1.59245e-05,-127.989,-0.930811,1.21884,-113.319,-0.828449,0.951059,0.635851,0.68999,0,-42.5225,-0.233961,1.23968,11,drone1
1.19277,0.328391,1.37488e-05,-145.539,-1.05069,0.741488,-107.235,-0.766608,1.00418,0.463196,0.818211,0,-29.1486,-0.548402,1.01273,11,drone1
1.18144,0.323191,1.18729e-05,-161.702,-0.968901,0.338346,-100.816,-0.68332,1.02889,0.339726,0.86629,0,-21.9048,-0.744025,0.814415,11,drone1
1.1665,0.320763,1.04605e-05,-174.932,-0.758218,0.0846047,-97.0016,-0.639593,0.994143,0.19243,0.908873,0,-11.0842,-0.86065,0.549934,11,drone1
1.14937,0.320856,9.45254e-06,173.534,-0.495432,-0.0385879,-95.0096,-0.6259,0.919972,0.0617807,0.925439,0,-2.52887,-0.954987,0.356,11,drone1
1.13235,0.323451,8.92876e-06,163.835,-0.230413,-0.0484073,-94.4841,-0.615373,0.824214,-0.123156,0.89772,0,8.92331,-0.931799,-0.0183916,11,drone1
1.11636,0.328602,8.81677e-06,156.558,0.0127016,0.0249021,-95.9599,-0.614274,0.713127,-0.25794,0.85557,0,17.6107,-0.84587,-0.300738,11,drone1
1.10265,0.334748,9.11298e-06,151.878,0.22694,0.141628,-102.238,-0.64914,0.554613,-0.391829,0.780792,0,27.2247,-0.781508,-0.514574,11,drone1
1.10118,0.334308,6.59201e-06,150.541,0.379895,0.228364,-107.405,-0.630901,0.424362,-0.531669,0.671613,0,38.3282,-0.736837,-0.757017,11,drone1
1.10755,0.330217,8.21496e-06,152.524,0.507587,0.280192,-111.83,-0.579283,0.322169,-0.609547,0.593774,0,45.7459,-0.734576,-0.888647,11,drone1
1.10959,0.328174,9.98193e-06,158.907,0.683754,0.281614,-115.918,-0.506866,0.244357,-0.643275,0.55984,0,49.1173,-0.743096,-0.949158,11,drone1
1.11014,0.326431,1.15603e-05,170.403,0.889196,0.168756,-120.08,-0.418888,0.188933,-0.628162,0.572096,0,48.3719,-0.754127,-1.00016,11,drone1
1.10103,0.32659,1.33613e-05,-175.489,1.11492,-0.068847,-124.805,-0.314957,0.149374,-0.567165,0.633988,0,42.7409,-0.820443,-1.04412,11,drone1
1.08697,0.323475,1.52973e-05,-161.352,1.28977,-0.415009,-130.381,-0.290068,0.0832279,-0.402497,0.730264,0,34.2442,-0.461594,-0.175487,11,drone1
1.07307,0.316444,1.76348e-05,-148.654,1.37623,-0.815794,-134.656,-0.136521,0.0714913,-0.342452,0.774437,0,23.8858,-1.11948,-1.18473,11,drone1
1.05924,0.305729,2.03997e-05,-138.716,1.40798,-1.21088,-133.118,0.0334771,0.0830146,-0.204371,0.813899,0,15.404,-1.2567,-1.14324,11,drone1
1.04639,0.292824,2.37466e-05,-131.757,1.4279,-1.57085,-123.731,0.22331,0.073096,-0.0205092,0.807132,0,3.86385,-1.27571,-1.23145,11,drone1
1.04097,0.286141,3.29631e-05,-127.965,1.36996,-1.69694,-116.06,0.417913,0.0119424,0.228534,0.764789,0,-13.3083,-1.08515,-1.51598,11,drone1
1.03314,0.275768,2.45493e-05,-126.534,1.19652,-1.57379,-109.571,0.596594,-0.086637,0.409762,0.679763,0,-25.1348,-0.768672,-1.63489,11,drone1
1.03328,0.276759,2.44315e-05,-128.812,1.09919,-1.31766,-103.939,0.724925,-0.206675,0.488488,0.604572,0,-33.6907,-0.371437,-1.39289,11,drone1
1.03218,0.275821,1.85429e-05,-135.436,1.06773,-1.0186,-98.7409,0.80263,-0.326899,0.534678,0.556067,0,-38.0346,-0.00660634,-1.09707,11,drone1
1.03138,0.274945,1.55244e-05,-147.803,1.06555,-0.645514,-93.7711,0.839995,-0.442617,0.541441,0.548068,0,-40.308,0.238316,-0.851227,11,drone1
1.03096,0.273936,1.34414e-05,-164.939,0.995321,-0.246525,-88.336,0.834112,-0.542728,0.498903,0.587685,0,-35.6502,0.431239,-0.568002,11,drone1
1.02241,0.272988,1.22661e-05,175.831,0.849475,0.0822305,-81.9676,0.788861,-0.622437,0.399494,0.658539,0,-26.3121,0.568029,-0.313527,11,drone1
1.01024,0.275315,1.13289e-05,157.505,0.64579,0.288852,-74.7084,0.714,-0.676734,0.257733,0.721239,0,-14.4918,0.648654,-0.0954474,11,drone1
0.998396,0.281463,1.05002e-05,143.021,0.445516,0.359486,-70.5923,0.67086,-0.663347,0.107364,0.748058,0,-2.96919,0.668962,0.0872698,11,drone1
0.987284,0.291472,9.93612e-06,132.873,0.291549,0.34173,-68.9085,0.654927,-0.607003,-0.058304,0.741434,0,9.32386,0.607591,0.237952,11,drone1
0.976914,0.304369,9.55502e-06,125.895,0.182039,0.283282,-69.119,0.655103,-0.524774,-0.199465,0.704205,0,19.9619,0.508967,0.349204,11,drone1
0.968367,0.317696,9.27051e-06,121.486,0.100652,0.199645,-74.0642,0.686636,-0.387767,-0.326986,0.645198,0,30.2376,0.389029,0.446818,11,drone1
0.962645,0.328237,9.04193e-06,119.974,0.0306417,0.0896055,-79.0196,0.693058,-0.255648,-0.440683,0.561363,0,40.4516,0.254587,0.515066,11,drone1
0.966887,0.321651,9.69519e-06,121.626,-0.0849345,-0.100521,-83.2312,0.670688,-0.143862,-0.512739,0.486628,0,47.8892,0.143191,0.596164,11,drone1
0.974038,0.311404,9.08672e-06,126.421,-0.235301,-0.289537,-87.0807,0.619322,-0.0547341,-0.542887,0.454735,0,51.508,0.0581855,0.740259,11,drone1
0.980764,0.303579,9.62854e-06,133.951,-0.432097,-0.42365,-91.5322,0.554572,0.00856274,-0.38094,0.525489,0,45.4877,-0.0990102,0.781504,11,drone1
0.985823,0.299091,1.05845e-05,144.685,-0.679179,-0.460351,-95.5873,0.451295,0.0526425,-0.524695,0.496658,0,49.4492,0.0201571,1.0783,11,drone1
0.972432,0.307069,1.13565e-05,156.138,-0.8567,-0.360044,-92.2491,0.30046,-0.0445924,-0.401492,0.548417,0,41.7105,-0.318125,1.7602,11,drone1
0.955594,0.313767,1.21239e-05,165.565,-0.997732,-0.238623,-96.5671,0.188321,-0.0302274,-0.319343,0.647439,0,29.2906,0.0829706,1.18103,11,drone1
0.939068,0.317056,1.2854e-05,173.434,-1.12288,-0.111483,-103.089,0.0772235,-0.0217655,-0.270011,0.651739,0,24.7779,0.145908,1.14922,11,drone1
0.924569,0.31769,1.3713e-05,-178.582,-1.24275,0.0483564,-109.823,-0.0331313,-0.0292808,-0.243657,0.643721,0,22.6593,0.264691,1.11157,11,drone1
0.909054,0.316403,1.46454e-05,-170.286,-1.33346,0.246053,-113.892,-0.144858,-0.0488264,-0.211504,0.639481,0,20.4474,0.414855,1.07708,11,drone1
0.892045,0.312037,1.56291e-05,-162.374,-1.38706,0.459119,-111.201,-0.318767,-0.0536243,-0.12412,0.629941,0,15.3583,0.817133,1.52143,11,drone1
0.8755,0.305161,1.67139e-05,-156.186,-1.42653,0.648855,-101.64,-0.430625,-0.00267376,-0.0332742,0.641283,0,5.60825,0.437421,0.985792,11,drone1
0.867429,0.301393,1.83118e-05,-153.421,-1.52649,0.783928,-93.6364,-0.531109,0.0719696,0.138761,0.609554,0,-9.97172,0.200616,1.02364,11,drone1
0.858737,0.296967,2.01439e-05,-154.796,-1.67859,0.810552,-86.8797,-0.623694,0.165588,0.267564,0.551415,0,-22.4395,-0.0133577,1.07004,11,drone1
0.848555,0.291874,2.23158e-05,-159.334,-1.87584,0.727376,-80.8669,-0.709537,0.271763,0.336396,0.50232,0,-29.8785,-0.237042,1.10969,11,drone1
0.83726,0.287626,2.43791e-05,-166.184,-2.09279,0.533926,-78.1976,-0.804966,0.348065,0.362132,0.472837,0,-32.923,-0.472467,1.12091,11,drone1
0.820645,0.284689,2.20068e-05,-173.51,-2.13183,0.256865,-71.9308,-0.881926,0.459971,0.300463,0.483773,0,-27.3344,-0.662541,1.17352,11,drone1
0.80558,0.283684,2.08657e-05,179.186,-2.03576,-0.0138594,-71.3065,-0.98959,0.504508,0.326047,0.470449,0,-29.0486,-0.777871,1.08958,11,drone1
0.787567,0.284725,2.00268e-05,172.115,-1.90163,-0.246753,-66.7738,-1.04084,0.592895,0.22691,0.488979,0,-19.5633,-0.706455,0.876084,11,drone1
0.771075,0.287841,1.92326e-05,165.547,-1.7595,-0.43547,-63.764,-1.09276,0.647793,0.273077,0.488719,0,-22.3915,-0.915797,0.66896,11,drone1
0.754534,0.292781,1.83235e-05,159.41,-1.60872,-0.585174,-62.3646,-1.14224,0.655913,0.197423,0.483495,0,-15.9598,-0.86532,0.42329,11,drone1
0.737834,0.299461,1.7367e-05,154.517,-1.46453,-0.677896,-64.816,-1.22254,0.573853,0.147767,0.483201,0,-11.0219,-0.813711,0.258505,11,drone1
0.722222,0.307114,1.64931e-05,151.364,-1.3468,-0.714629,-69.292,-1.30423,0.431707,0.072747,0.483392,0,-2.99655,-0.654813,0.160765,11,drone1
0.708463,0.31453,1.57781e-05,150.1,-1.26563,-0.70673,-75.3895,-1.36997,0.238447,-0.00514388,0.472275,0,5.52364,-0.449495,0.0946155,11,drone1
0.695862,0.321383,1.51937e-05,150.91,-1.22003,-0.657935,-81.7037,-1.40179,0.032511,-0.0771851,0.450616,0,13.8346,-0.216952,0.0463001,11,drone1
0.683062,0.327868,1.46792e-05,153.663,-1.19808,-0.572778,-87.3045,-1.40029,-0.153847,-0.130174,0.424214,0,20.3772,0.00410391,-0.000323232,11,drone1
0.669122,0.333933,1.41894e-05,157.927,-1.18423,-0.460616,-91.7856,-1.37641,-0.302312,-0.159045,0.400537,0,24.1983,0.190442,-0.0508261,11,drone1
0.653581,0.339272,1.37197e-05,163.177,-1.16538,-0.333398,-94.8438,-1.34378,-0.401148,-0.165779,0.383301,0,25.1738,0.331419,-0.103681,11,drone1
0.636594,0.343601,1.32665e-05,168.727,-1.13374,-0.207472,-96.2134,-1.31481,-0.44367,-0.1536,0.372516,0,23.4796,0.419896,-0.153742,11,drone1
0.618329,0.346641,1.28348e-05,173.928,-1.08749,-0.0974115,-97.0045,-1.28695,-0.457594,-0.126009,0.365581,0,19.455,0.453165,-0.196418,11,drone1
0.599444,0.348037,1.24257e-05,178.634,-1.03218,-0.00644623,-97.5854,-1.26655,-0.429202,-0.095454,0.328759,0,14.0267,0.69807,-0.215187,11,drone1
0.580163,0.347801,1.20409e-05,-177.102,-0.971481,0.0673518,-97.2709,-1.24363,-0.398513,-0.066349,0.344012,0,10.5108,0.421525,-0.271783,11,drone1
0.560337,0.345977,1.1676e-05,-173.398,-0.906772,0.12321,-94.5307,-1.10787,-0.415881,0.0109529,0.253729,0,6.43052,-0.885454,-1.35419,11,drone1
0.541945,0.342986,1.13864e-05,-170.575,-0.850135,0.159498,-93.4813,-1.09829,-0.349825,0.00393536,0.311525,0,-1.00213,0.423957,-0.208025,11,drone1
0.523047,0.339199,1.11235e-05,-168.686,-0.794226,0.177416,-89.8607,-0.936722,-0.299058,0.0525449,0.19269,0,-3.35338,-0.319991,-1.82513,11,drone1
0.506051,0.335157,1.09221e-05,-167.836,-0.751851,0.180644,-89.5135,-0.930474,-0.243862,0.0583391,0.267349,0,-11.2798,0.322387,-0.112012,11,drone1
0.487206,0.330853,1.07007e-05,-167.842,-0.704939,0.170475,-88.4633,-0.922419,-0.180759,0.0664184,0.247007,0,-12.9914,0.267701,-0.152356,11,drone1
0.468818,0.326721,1.05031e-05,-168.433,-0.663397,0.15435,-86.4697,-0.911509,-0.107375,0.0726301,0.226772,0,-14.4586,0.207477,-0.187169,11,drone1
0.450959,0.322959,1.03376e-05,-169.659,-0.627277,0.132957,-84.4879,-0.895932,-0.0405447,0.0825775,0.223331,0,-15.6884,0.141614,-0.196906,11,drone1
0.432922,0.319705,1.01892e-05,-171.469,-0.592513,0.107309,-82.467,-0.874313,0.0208004,0.0865217,0.202461,0,-17.0787,0.0843345,-0.226829,11,drone1
0.414819,0.317154,1.00516e-05,-173.73,-0.55876,0.0797341,-80.4505,-0.847733,0.075321,0.0874196,0.183083,0,-17.8724,0.0334303,-0.250036,11,drone1
0.396686,0.315444,9.92576e-06,-176.298,-0.525454,0.0522744,-78.4537,-0.815101,0.120904,0.0797266,0.155702,0,-17.1934,-0.00744594,-0.290456,11,drone1
0.378466,0.314638,9.81085e-06,-179.054,-0.49181,0.026366,-76.4064,-0.778784,0.159223,0.0763158,0.136851,0,-16.7603,-0.045427,-0.314026,11,drone1
0.360243,0.31477,9.7064e-06,178.065,-0.457914,0.00278841,-74.5478,-0.743799,0.190332,0.0766164,0.129879,0,-17.2937,-0.0730211,-0.295625,11,drone1
0.341995,0.315862,9.61002e-06,175.09,-0.423425,-0.0180614,-75.6639,-0.63435,0.182524,0.0328128,0.10207,0,-16.4153,0.282501,-1.0475,11,drone1
0.322502,0.317799,9.49073e-06,172.365,-0.382592,-0.0329041,-73.1404,-0.60104,0.203529,0.0519074,0.0838345,0,-11.6418,-0.114544,-0.264095,11,drone1
0.304488,0.320735,9.4292e-06,169.764,-0.348473,-0.0443804,-71.8217,-0.493434,0.192563,0.0219761,0.0113049,0,-9.62536,0.0342335,-1.05186,11,drone1
0.301452,0.321284,9.65285e-06,167.127,-0.385575,-0.0691215,-69.9679,-0.468965,0.196625,0.0394169,0.0489596,0,-9.96185,-0.131498,-0.214084,11,drone1
0.289926,0.324218,9.66752e-06,164.555,-0.381112,-0.0860596,-68.3575,-0.448095,0.196452,0.0353381,0.0394632,0,-9.19171,-0.140425,-0.195119,11,drone1
0.280595,0.326992,9.6306e-06,161.969,-0.386392,-0.106405,-67.1111,-0.434527,0.194172,0.0362409,0.0465406,0,-8.76825,-0.143058,-0.137567,11,drone1
0.269957,0.330628,9.59367e-06,159.56,-0.38495,-0.12391,-65.4106,-0.417974,0.189945,0.0290501,0.0213804,0,-6.70221,-0.16247,-0.171773,11,drone1
0.264315,0.332849,9.64083e-06,157.266,-0.406797,-0.150653,-64.2095,-0.407309,0.182622,0.0232161,0.0173589,0,-5.83636,-0.15915,-0.134434,11,drone1
0.259769,0.334767,9.73788e-06,155.156,-0.433471,-0.180588,-63.0163,-0.399945,0.175015,0.0188437,0.00901514,0,-4.83078,-0.162972,-0.108557,11,drone1
0.256924,0.336088,9.87401e-06,153.338,-0.468317,-0.21475,-61.7624,-0.396619,0.167505,0.0162644,0.0038023,0,-3.86946,-0.174453,-0.075391,11,drone1
0.255073,0.337027,1.00541e-05,151.661,-0.507661,-0.25308,-60.4429,-0.397614,0.160343,0.0144419,-4.10033e-05,0,-3.18112,-0.189449,-0.0402516,11,drone1
0.253928,0.337652,1.02749e-05,150.035,-0.549851,-0.295969,-59.0757,-0.403307,0.153672,0.013259,-0.00254936,0,-2.76547,-0.208133,-0.00299774,11,drone1
0.253217,0.338066,1.05351e-05,148.417,-0.593387,-0.343402,-57.6735,-0.41382,0.147585,0.0124749,-0.00417661,0,-2.48848,-0.229602,0.0339137,11,drone1
0.252766,0.338342,1.08351e-05,146.795,-0.637308,-0.395316,-56.789,-0.430749,0.141755,0.0125393,0.00351008,0,-2.35931,-0.225393,0.0892987,11,drone1
0.251226,0.33932,1.11395e-05,145.408,-0.677096,-0.444798,-55.2845,-0.453146,0.140311,0.0117075,-0.00567417,0,-1.53601,-0.263666,0.14385,11,drone1
0.25094,0.339544,1.15154e-05,144.024,-0.722446,-0.501888,-54.379,-0.479036,0.135255,0.0117791,0.00256658,0,-1.50888,-0.274433,0.155005,11,drone1
0.249587,0.340503,1.19066e-05,142.696,-0.762867,-0.558281,-52.4207,-0.512611,0.143501,0.010579,-0.0135334,0,-1.59733,-0.305784,0.257365,11,drone1
0.250276,0.340008,1.24211e-05,141.127,-0.809981,-0.629466,-51.5674,-0.545768,0.138755,0.0105434,0.000768547,0,-1.60092,-0.329849,0.195029,11,drone1
0.249304,0.340752,1.29251e-05,139.607,-0.848746,-0.698148,-49.4807,-0.585772,0.149516,0.00940043,-0.0164052,0,-1.70093,-0.372077,0.287894,11,drone1
0.250262,0.339936,1.35859e-05,137.972,-0.894236,-0.781321,-47.5151,-0.629201,0.159746,0.00923808,-0.0152757,0,-2.12183,-0.416993,0.291393,11,drone1
0.251078,0.339149,1.4318e-05,135.823,-0.92959,-0.877686,-44.6559,-0.645871,0.167636,0.0092251,-0.0257651,0,-2.51362,-0.368797,0.00932162,11,drone1
0.252768,0.337399,1.52008e-05,133.219,-0.957861,-0.992472,-42.924,-0.700074,0.177006,0.00999824,-0.0126869,0,-3.30782,-0.535802,0.313307,11,drone1
0.253143,0.336968,1.60668e-05,130.683,-0.975331,-1.10638,-41.1853,-0.758198,0.185977,0.011555,-0.0104863,0,-2.59222,-0.584233,0.315684,11,drone1
0.253015,0.337098,1.70203e-05,128.647,-0.995701,-1.21571,-39.4443,-0.820189,0.194186,0.0128578,-0.00850388,0,-1.69412,-0.631887,0.315112,11,drone1
0.252532,0.337689,1.80525e-05,126.716,-1.01301,-1.32741,-38.7866,-0.883281,0.18577,0.0132256,0.003005,0,-1.23601,-0.635105,0.260551,11,drone1
0.251291,0.339484,1.90996e-05,125.351,-1.03693,-1.4299,-37.0329,-0.952515,0.193576,0.0128769,-0.00686705,0,0.29389,-0.702784,0.32726,11,drone1
0.250522,0.340469,2.03862e-05,124.087,-1.06494,-1.54059,-35.3679,-1.02475,0.201028,0.0116395,-0.00722315,0,0.233875,-0.742546,0.314502,11,drone1
0.249964,0.341262,2.17948e-05,122.477,-1.08205,-1.66541,-34.7232,-1.09766,0.191104,0.0106602,0.00143235,0,0.0211968,-0.737378,0.261032,11,drone1
0.249129,0.342735,2.32973e-05,121.293,-1.1075,-1.78623,-32.1669,-1.1796,0.218116,0.00927398,-0.0169866,0,0.833893,-0.862733,0.359865,11,drone1
0.24905,0.342483,3.15925e-05,119.791,-1.12112,-1.89259,-32.198,-1.26222,0.194841,0.00888821,4.29443e-05,0,-0.303819,-0.823792,0.240902,11,drone1
0.249405,0.342194,2.55336e-05,118.573,-1.01264,-1.80954,-30.7915,-1.34957,0.203329,0.00841583,-0.00675989,0,0.953788,-0.886112,0.325761,11,drone1
0.248926,0.342886,2.25818e-05,117.793,-0.924671,-1.7088,-29.1655,-1.42509,0.217357,0.00792563,-0.00918566,0,0.907506,-0.811407,0.233579,11,drone1
0.248642,0.343276,2.03188e-05,116.529,-0.831148,-1.62107,-27.606,-1.48025,0.231107,0.00740105,-0.00948859,0,0.3132,-0.654556,0.0901385,11,drone1
0.248457,0.34358,1.86447e-05,115.079,-0.741125,-1.53933,-26.1148,-1.51767,0.244144,0.0067502,-0.00974165,0,-0.200837,-0.510168,-0.0266002,11,drone1
0.24833,0.343809,1.73549e-05,113.597,-0.658368,-1.46113,-24.6593,-1.54012,0.255735,0.00637134,-0.00976557,0,-0.3165,-0.384588,-0.121006,11,drone1
0.248219,0.344031,1.63031e-05,112.122,-0.583033,-1.38572,-23.2247,-1.55,0.265645,0.00608191,-0.00974193,0,-0.290263,-0.275551,-0.196925,11,drone1
0.248114,0.344263,1.54105e-05,110.664,-0.514691,-1.313,-21.8038,-1.54942,0.273836,0.00582342,-0.00973085,0,-0.232389,-0.181499,-0.257343,11,drone1
0.248011,0.344508,1.46361e-05,109.226,-0.452781,-1.24299,-19.4573,-1.52919,0.304169,0.00539582,-0.0175676,0,-0.0706316,-0.0513237,-0.335618,11,drone1
0.247949,0.344244,1.3972e-05,107.539,-0.391966,-1.17989,-18.1476,-1.51388,0.306317,0.00508366,-0.00989158,0,-1.06119,-0.0457519,-0.360357,11,drone1
0.247936,0.34446,1.33739e-05,105.77,-0.33449,-1.11755,-16.8139,-1.49308,0.307392,0.00506814,-0.00991626,0,-0.796799,0.0115806,-0.383801,11,drone1
0.247886,0.344734,1.2853e-05,104.187,-0.285785,-1.05633,-16.828,-1.47617,0.270984,0.00528466,-0.00647551,0,-0.131402,0.0570117,-0.397259,11,drone1
0.248122,0.344593,1.24163e-05,102.996,-0.249075,-0.998275,-16.6433,-1.45494,0.238253,0.00487138,-0.00297314,0,1.85613,0.103067,-0.376197,11,drone1
0.24826,0.344512,1.20255e-05,102.278,-0.223486,-0.941264,-16.3584,-1.43079,0.208403,0.00460614,-0.00578657,0,2.85699,0.137886,-0.358221,11,drone1
0.248342,0.344463,1.16756e-05,101.83,-0.20429,-0.886568,-14.7463,-1.39986,0.213127,0.00489501,-0.00900106,0,3.25273,0.160982,-0.33881,11,drone1
0.248125,0.344937,1.13427e-05,101.306,-0.185044,-0.832834,-16.0319,-1.41995,0.194252,0.0273174,0.0202379,0,3.35651,-0.0798873,0.239758,11,drone1
0.247186,0.351088,1.09311e-05,101.044,-0.165781,-0.754355,-15.6009,-1.39477,0.169993,0.00437361,-0.00199336,0,4.31626,0.164642,-0.308316,11,drone1
0.247207,0.350984,1.07046e-05,101.12,-0.157702,-0.707961,-15.1466,-1.36345,0.145277,0.000688703,-0.00311591,0,4.54975,0.223521,-0.330337,11,drone1
0.247198,0.350988,1.04956e-05,101.169,-0.149651,-0.663999,-14.7538,-1.33273,0.12156,-0.00257751,-0.0075424,0,3.93391,0.224797,-0.316149,11,drone1
0.247192,0.35099,1.03158e-05,101.202,-0.141879,-0.622789,-13.1393,-1.30171,0.1287,-0.00255403,-0.0110884,0,3.20342,0.202736,-0.297489,11,drone1
0.247224,0.350007,1.01696e-05,100.994,-0.13299,-0.589266,-10.7572,-1.27427,0.158881,-0.00310607,-0.0190316,0,0.911054,0.154839,-0.260986,11,drone1
0.247249,0.348649,1.00455e-05,100.261,-0.119972,-0.560801,-10.8036,-1.26277,0.136304,-0.0029958,-0.00776384,0,-0.459014,0.0717417,-0.242953,11,drone1
0.247364,0.348598,9.93354e-06,99.4199,-0.106093,-0.52839,-10.7669,-1.25524,0.115294,-0.00216935,-0.00447917,0,0.37132,0.0339991,-0.220554,11,drone1
0.247448,0.348544,9.82932e-06,98.8295,-0.0956932,-0.497531,-10.6776,-1.25182,0.0952838,-0.00203877,-0.00803003,0,0.89735,-0.00519864,-0.202887,11,drone1
0.247504,0.348506,9.73242e-06,98.4059,-0.0875833,-0.46826,-9.15004,-1.25016,0.106783,-0.00211405,-0.0114932,0,1.26572,-0.0481544,-0.184909,11,drone1
0.247517,0.3477,9.65009e-06,97.9035,-0.0800595,-0.44454,-7.68366,-1.25366,0.117057,-0.00257875,-0.0117784,0,0.247848,-0.0990742,-0.198082,11,drone1
0.247551,0.346847,9.58391e-06,97.1746,-0.0715554,-0.422969,-7.72854,-1.2664,0.0946945,-0.00228016,-0.00801559,0,-0.444099,-0.155462,-0.205067,11,drone1
0.247623,0.346804,9.52471e-06,96.4619,-0.0635011,-0.399074,-7.71113,-1.28388,0.0720381,-0.00228633,-0.00464436,0,0.178772,-0.203977,-0.200654,11,drone1
0.247676,0.346761,9.46718e-06,95.9138,-0.0572912,-0.376562,-7.62031,-1.3074,0.0516226,-0.00165782,-0.00477254,0,0.912414,-0.261644,-0.16883,11,drone1
0.247714,0.346727,9.41453e-06,95.4866,-0.052405,-0.35537,-7.46535,-1.33653,0.0333609,-0.0018027,-0.0048426,0,1.55341,-0.314649,-0.138492,11,drone1
0.247742,0.346701,9.3681e-06,95.1503,-0.0484965,-0.335477,-7.26946,-1.37123,0.0168947,-0.00192218,-0.00490631,0,1.96242,-0.367234,-0.11248,11,drone1
0.247763,0.34668,9.32747e-06,94.8836,-0.0453224,-0.316841,-7.24264,-1.34785,0.0128251,-0.0175277,-0.000870058,0,2.01002,0.232161,-0.0323537,11,drone1
0.248089,0.34311,9.32789e-06,94.6886,-0.0442077,-0.316515,-5.79049,-1.39829,0.0261241,-0.00325122,-0.00994254,0,2.37244,-0.528004,-0.0772266,11,drone1
0.248088,0.342302,9.29621e-06,94.4246,-0.0417669,-0.304194,-4.18354,-1.45409,0.0458164,-0.00173649,-0.0119865,0,0.967817,-0.585543,-0.108613,11,drone1
0.248063,0.341761,9.27133e-06,93.9558,-0.0383992,-0.291848,-2.70712,-1.51581,0.065447,0.000365922,-0.0118211,0,-0.422604,-0.645869,-0.14429,11,drone1
0.248019,0.341695,9.24687e-06,93.3019,-0.0342678,-0.278383,0.329559,-1.54691,0.0849613,-0.0242696,-0.0254916,0,-0.879437,-0.393008,-0.614922,11,drone1
0.248183,0.336606,9.26615e-06,92.3567,-0.0301352,-0.290238,1.85554,-1.62111,0.116397,-0.00157115,-0.0150618,0,-4.11153,-0.767179,-0.237593,11,drone1
0.248166,0.336396,9.24767e-06,91.1644,-0.0238654,-0.279667,2.62069,-1.70426,0.131763,0.00442136,-0.00967849,0,-4.59825,-0.841888,-0.250993,11,drone1
0.248155,0.337333,9.22198e-06,89.9255,-0.0178368,-0.26451,2.2847,-1.7722,0.117987,0.00727274,-0.00579526,0,-3.35681,-0.667583,-0.186256,11,drone1
0.248142,0.33724,9.20592e-06,88.8031,-0.0128536,-0.255191,2.04922,-1.81837,0.106627,0.00683044,-0.00506713,0,-2.35179,-0.454247,-0.140261,11,drone1
0.248115,0.337176,9.19196e-06,87.8686,-0.00901406,-0.246663,1.95547,-1.84484,0.0990808,0.00645309,-0.00491592,0,-0.93533,-0.261272,-0.0867664,11,drone1
0.248083,0.337122,9.18002e-06,87.0949,-0.00607703,-0.239007,1.9741,-1.85476,0.0946144,0.00656369,-0.00482434,0,0.187735,-0.0976191,-0.0478526,11,drone1
0.248049,0.337077,9.16986e-06,86.4594,-0.00384954,-0.232215,2.07642,-1.85059,0.0923374,0.00664309,-0.00476825,0,1.02397,0.0422395,-0.0216504,11,drone1
0.248017,0.33704,9.16125e-06,85.9413,-0.00217399,-0.226271,3.25134,-1.71154,0.144542,-0.052048,-0.00634126,0,1.17218,1.36421,0.217844,11,drone1
0.247249,0.326557,9.22664e-06,85.4211,0.00350414,-0.27137,3.32837,-1.69956,0.139716,0.00664707,-0.00487792,0,0.771758,0.122075,-0.042108,11,drone1
0.247228,0.326697,9.22425e-06,84.9141,0.00545337,-0.266367,5.51737,-1.6722,0.19569,0.0119607,-0.017375,0,0.482831,0.21279,-0.0625661,11,drone1
0.247597,0.329382,9.20499e-06,84.2831,0.00674159,-0.250019,7.68868,-1.63736,0.249856,0.0170362,-0.0196745,0,-1.35677,0.270087,-0.101811,11,drone1
0.248126,0.3332,9.17218e-06,83.3267,0.00846609,-0.228941,8.21719,-1.60129,0.253955,0.0153941,-0.00774765,0,-1.93555,0.349496,-0.114567,11,drone1
0.248491,0.336382,9.13864e-06,82.273,0.010377,-0.211678,8.55007,-1.55891,0.251075,0.0121402,-0.00558098,0,-1.53886,0.422709,-0.100604,11,drone1
0.248793,0.338858,9.11966e-06,81.343,0.0118526,-0.198595,8.46338,-1.51238,0.235393,0.00868968,-0.00485755,0,-0.862383,0.483978,-0.0825749,11,drone1
0.24868,0.338751,9.11856e-06,80.6112,0.0144394,-0.198726,8.48471,-1.46081,0.221783,0.00590875,-0.0043605,0,0.217141,0.530002,-0.0595754,11,drone1
0.248601,0.338705,9.12242e-06,80.0951,0.0163552,-0.199344,8.58733,-1.40619,0.209594,0.00472311,-0.00421555,0,1.02949,0.557892,-0.0444327,11,drone1
0.248544,0.338672,9.12617e-06,79.7381,0.0178495,-0.200654,8.71681,-1.35311,0.200934,0.00473044,-0.00429413,0,1.29696,0.537624,-0.0118315,11,drone1
0.248503,0.33865,9.12986e-06,79.4945,0.0190854,-0.202652,8.9214,-1.30397,0.19732,0.00479554,-0.00440258,0,2.04655,0.49174,0.0308555,11,drone1
0.248476,0.338635,9.13393e-06,79.3301,0.0201828,-0.20534,9.10631,-1.24957,0.188983,0.00462869,-0.00448492,0,1.85103,0.550344,-0.00597163,11,drone1
0.248457,0.338626,9.13872e-06,79.22,0.021228,-0.208718,9.30632,-1.19846,0.183713,0.00454545,-0.0045904,0,2.00119,0.51331,0.020794,11,drone1
0.248444,0.33862,9.14445e-06,79.1466,0.0222816,-0.212793,9.49569,-1.14556,0.175278,0.0043653,-0.00469321,0,1.89539,0.535661,-0.0056496,11,drone1
0.248435,0.338616,9.15125e-06,79.098,0.0233862,-0.217572,9.51879,-1.05213,0.123238,-0.025335,0.00746454,0,4.33516,0.996287,-0.310327,11,drone1
0.247362,0.333352,9.19417e-06,79.1359,0.0291823,-0.248485,9.82961,-1.00898,0.122648,0.00291556,0.0093548,0,3.10814,0.4279,0.0550871,11,drone1
0.247398,0.33345,9.21067e-06,79.2245,0.0299095,-0.254442,9.99398,-0.965778,0.118175,0.0037985,-0.00502305,0,1.64435,0.433685,0.024097,11,drone1
0.247408,0.333457,9.22202e-06,79.284,0.0310044,-0.261647,10.7173,-0.92778,0.124942,0.00881493,-0.00615347,0,1.4099,0.367276,0.0297397,11,drone1
0.247861,0.335443,9.22225e-06,79.2253,0.0309671,-0.260043,11.3762,-0.891767,0.12991,0.00846247,-0.00632021,0,0.630964,0.349255,0.0168082,11,drone1
0.248277,0.337329,9.22083e-06,78.9967,0.0319461,-0.259607,16.3236,-0.901364,0.133783,0.0279673,-0.0443755,0,0.658488,-0.0978116,-0.748036,11,drone1
0.250353,0.34477,9.1989e-06,77.8904,0.031177,-0.232227,19.7626,-0.927138,0.15362,0.0366885,-0.0379907,0,0.78439,-0.248646,-0.411882,11,drone1
0.252666,0.353805,9.14333e-06,75.7526,0.0312427,-0.197072,19.0068,-0.886883,0.142308,-0.000447714,-0.00469033,0,-7.55583,0.414296,0.0543152,11,drone1
0.252214,0.353435,9.13574e-06,73.9114,0.0411063,-0.208102,18.4904,-0.846152,0.133226,-0.00839908,-0.00171503,0,-5.16315,0.412299,0.0635386,11,drone1
0.251969,0.353306,9.14863e-06,72.9484,0.0482011,-0.219097,18.8613,-0.805802,0.135747,-0.0127831,-0.000937304,0,-2.64272,0.389007,0.0663009,11,drone1
0.251229,0.35099,9.18746e-06,72.3058,0.057918,-0.241325,14.7303,-0.786421,0.160961,-0.0294295,0.0419643,0,-2.50845,-0.0249507,0.843124,11,drone1
0.247875,0.342581,9.31026e-06,72.7732,0.0725397,-0.295443,15.0349,-0.756316,0.154687,-0.00851923,-0.0042254,0,3.0472,0.307365,0.00851781,11,drone1
0.248179,0.342857,9.31955e-06,73.9462,0.0700458,-0.309156,16.837,-0.72772,0.167202,-0.00592447,-0.0107773,0,2.66928,0.252202,-0.0168807,11,drone1
0.248415,0.342473,9.3658e-06,74.1716,0.0733576,-0.32549,18.1834,-0.705923,0.173657,-0.00327717,-0.00969782,0,0.316302,0.1994,-0.0466628,11,drone1
0.248579,0.342493,9.40401e-06,73.6283,0.0808324,-0.339755,19.4902,-0.687617,0.180478,-0.0037539,-0.0109857,0,-1.8503,0.166132,-0.0645255,11,drone1
0.24869,0.342507,9.43856e-06,72.6747,0.0914342,-0.354235,28.3347,-0.591016,0.034836,-0.0738294,-0.0647066,0,-1.50455,1.43062,-2.1494,11,drone1
0.247206,0.335037,9.58884e-06,69.6906,0.128447,-0.399629,27.214,-0.592663,0.0395385,-0.00382123,-0.00544621,0,-11.2066,-0.0395646,0.0301554,11,drone1
0.246395,0.334675,9.68884e-06,66.4062,0.159435,-0.410799,26.5651,-0.595947,0.0403822,-0.00599179,0.00287008,0,-6.48972,-0.0326117,-0.00918104,11,drone1
0.246001,0.334445,9.68685e-06,65.329,0.176371,-0.427522,26.2838,-0.605196,0.0465915,0.00479031,0.00552571,0,-2.8132,-0.110772,0.0117245,11,drone1
0.245883,0.334377,9.74551e-06,65.0231,0.188144,-0.446903,26.152,-0.616779,0.0534622,0.00658185,-0.00638485,0,-1.31859,-0.134377,0.00891504,11,drone1
0.24585,0.33436,9.82489e-06,64.9403,0.198818,-0.468091,26.8701,-0.629396,0.0685246,0.00684492,-0.0102654,0,-0.785119,-0.148957,-0.00174143,11,drone1
0.246914,0.336403,9.87446e-06,64.6224,0.207444,-0.479712,27.6501,-0.643893,0.0817741,0.00784887,-0.0120666,0,-1.47513,-0.153063,-0.0452021,11,drone1
0.248062,0.338686,9.93189e-06,63.9173,0.219615,-0.489994,28.3618,-0.659081,0.0958926,0.00488707,-0.0104534,0,-1.86941,-0.164354,-0.0433986,11,drone1
0.248879,0.340314,1.0003e-05,63.0687,0.235638,-0.504001,28.1421,-0.676858,0.101904,0.00273741,-0.00814469,0,-2.19801,-0.184404,-0.0347354,11,drone1
0.248689,0.340178,1.01195e-05,62.5471,0.254453,-0.529246,28.0458,-0.694898,0.104714,-0.00012837,-0.00785283,0,-0.963732,-0.171862,-0.0616137,11,drone1
0.248637,0.340148,1.02375e-05,62.4281,0.270447,-0.557205,28.0387,-0.717645,0.114576,-0.000788053,-0.00622584,0,-0.0720834,-0.247114,-0.0200661,11,drone1
0.248625,0.340144,1.03762e-05,62.4036,0.286401,-0.587149,28.0594,-0.739784,0.121747,-0.000719078,-0.00624755,0,0.205606,-0.229174,-0.040412,11,drone1
0.248622,0.340145,1.05325e-05,62.399,0.303087,-0.618949,28.0913,-0.767359,0.132484,-0.000666153,-0.00631482,0,0.317478,-0.293932,-0.0342301,11,drone1
0.24862,0.340147,1.07072e-05,62.3986,0.320714,-0.652651,28.1213,-0.794397,0.139709,-0.000678665,-0.00633201,0,0.299007,-0.272687,-0.0629459,11,drone1
0.248619,0.340149,1.09022e-05,62.3991,0.339371,-0.688348,28.1711,-0.827371,0.151124,0.00119874,-0.00189153,0,0.496636,-0.344824,-0.0534131,11,drone1
0.248618,0.340152,1.112e-05,62.3998,0.359123,-0.726145,28.2377,-0.865075,0.163319,-0.000932851,-0.00123929,0,0.663377,-0.390303,-0.0684757,11,drone1
0.248617,0.340154,1.13633e-05,62.4006,0.380033,-0.766158,28.2552,-0.902438,0.172689,-0.000684918,-0.00620482,0,0.17316,-0.373622,-0.0937309,11,drone1
0.248616,0.340157,1.16352e-05,62.4014,0.402163,-0.80851,28.2696,-0.93971,0.180282,-0.000680689,-0.00636724,0,0.142627,-0.364374,-0.109161,11,drone1
0.248615,0.340159,1.1939e-05,62.4023,0.425583,-0.853331,28.2826,-0.983012,0.189828,-0.000664796,-0.0063777,0,0.127856,-0.426695,-0.1206,11,drone1
0.248614,0.340161,1.22784e-05,62.4031,0.450363,-0.900757,28.2943,-1.02931,0.199487,-0.000656337,-0.00638532,0,0.114938,-0.453563,-0.133901,11,drone1
0.248613,0.340164,1.26578e-05,62.4041,0.47658,-0.950935,28.3048,-1.07577,0.208475,-0.000654263,-0.0063903,0,0.103471,-0.451807,-0.140727,11,drone1
0.248612,0.340166,1.30817e-05,62.4051,0.504314,-1.00402,28.3144,-1.12879,0.218682,-0.000633564,-0.00640253,0,0.0925701,-0.515382,-0.16121,11,drone1
0.248611,0.340169,1.35553e-05,62.4061,0.533649,-1.06017,28.323,-1.18525,0.229222,-0.000619642,-0.00641142,0,0.0830102,-0.547125,-0.174667,11,drone1
0.248609,0.340171,1.40845e-05,62.4072,0.564676,-1.11956,28.3307,-1.2485,0.240205,-0.000596163,-0.00642668,0,0.0741352,-0.608998,-0.203065,11,drone1
0.248608,0.340174,1.46759e-05,62.4083,0.597489,-1.18238,28.3378,-1.30877,0.251833,-0.000594632,-0.00642312,0,0.0668848,-0.585787,-0.183397,11,drone1
0.248607,0.340176,1.53366e-05,62.4096,0.632189,-1.24881,28.3442,-1.3733,0.264237,-0.000575166,-0.00643235,0,0.0598579,-0.62689,-0.19685,11,drone1
0.248606,0.340179,1.60749e-05,62.4109,0.668882,-1.31906,27.3491,-1.45226,0.243869,-0.00769161,0.0150245,0,2.35178,-0.694989,-0.255441,11,drone1
0.247075,0.337536,1.70424e-05,62.9016,0.702471,-1.41242,27.5162,-1.5294,0.261633,-0.00353276,0.00223183,0,1.66528,-0.769288,-0.186635,11,drone1
0.247273,0.337688,1.7958e-05,63.4659,0.727803,-1.49785,27.5872,-1.61267,0.279344,-0.000380714,-0.00494904,0,0.703993,-0.821521,-0.223154,11,drone1
0.24733,0.337726,1.90058e-05,63.607,0.765707,-1.58344,27.5778,-1.70211,0.297577,0.00103903,-0.00594057,0,-0.101101,-0.876906,-0.253367,11,drone1
0.247343,0.337736,2.01679e-05,63.6416,0.808785,-1.67271,27.54,-1.79716,0.315852,0.00208278,-0.00818057,0,-0.385955,-0.926231,-0.280952,11,drone1
0.247345,0.337741,2.14645e-05,63.6513,0.855086,-1.76681,26.424,-1.90944,0.279854,0.0181417,0.000301752,0,-0.0383977,-0.939208,-0.501942,11,drone1
0.248586,0.340541,2.27101e-05,64.0844,0.883805,-1.85973,26.4979,-2.01252,0.303684,0.0056232,-0.00425721,0,0.728568,-1.03046,-0.239547,11,drone1
0.248706,0.340579,2.43144e-05,64.588,0.917685,-1.9731,26.54,-2.12047,0.325252,0.000796071,-0.00762712,0,0.411391,-1.06325,-0.285351,11,drone1
0.248767,0.340594,1.92412e-05,64.7191,0.902913,-1.93237,26.5336,-2.23454,0.347023,-0.000648634,-0.00669636,0,-0.0751652,-1.11751,-0.315739,11,drone1
0.24878,0.340604,2.01078e-05,64.7523,0.846921,-1.82828,26.4982,-2.34752,0.368661,-0.000709113,-0.00640743,0,-0.365933,-1.10645,-0.314464,11,drone1
0.248783,0.340609,1.99448e-05,64.7605,0.797473,-1.73,26.4582,-2.44796,0.390796,-0.000746611,-0.00634427,0,-0.411747,-0.99675,-0.253452,11,drone1
0.248783,0.340612,1.92441e-05,64.7622,0.752761,-1.63787,26.42,-2.53407,0.414326,-0.000780751,-0.00631423,0,-0.393304,-0.875136,-0.175931,11,drone1
0.248782,0.340614,1.83585e-05,64.7623,0.711758,-1.55189,26.3853,-2.61108,0.445838,-0.000778862,-0.0062724,0,-0.36142,-0.82952,-0.0630798,11,drone1
0.248782,0.340616,1.74674e-05,64.7621,0.673895,-1.4719,26.3541,-2.67848,0.479528,-0.000794911,-0.00625211,0,-0.328484,-0.753336,2.74629e-07,11,drone1
0.248781,0.340619,1.66431e-05,64.7619,0.638845,-1.39765,26.3259,-2.73852,0.513615,-0.000812409,-0.00623863,0,-0.29751,-0.689286,0.0369336,11,drone1
0.24878,0.340621,1.59059e-05,64.7617,0.606401,-1.32886,26.3006,-2.79302,0.548332,-0.000827801,-0.00622565,0,-0.269361,-0.642418,0.0677311,11,drone1
0.248779,0.340623,1.52552e-05,64.7617,0.576407,-1.26525,26.2779,-2.84365,0.583894,-0.000840979,-0.00621356,0,-0.243983,-0.611417,0.0929266,11,drone1
0.248778,0.340626,1.46835e-05,64.7617,0.548732,-1.20656,26.2576,-2.89192,0.620505,-0.000851911,-0.00620238,0,-0.221139,-0.594899,0.11312,11,drone1
0.248777,0.340628,1.41819e-05,64.7618,0.523261,-1.15255,24.9762,-2.90149,0.560255,-0.0184182,0.0195506,0,-0.720799,0.0208982,0.0206055,11,drone1
0.246377,0.335873,1.39577e-05,65.2111,0.501964,-1.13018,25.0732,-2.93052,0.596475,-0.001986,-0.00904007,0,0.951436,-0.414314,0.208433,11,drone1
0.246579,0.33605,1.35423e-05,65.7499,0.470445,-1.08847,26.2682,-2.92951,0.681869,0.00146209,-0.0104899,0,0.505066,-0.218105,0.197054,11,drone1
0.24733,0.337268,1.31436e-05,65.4974,0.453625,-1.03894,27.2469,-2.91428,0.749712,0.00343017,-0.0111527,0,-1.13956,-0.0382924,0.11638,11,drone1
0.248079,0.338762,1.27981e-05,64.647,0.447866,-0.987548,27.0295,-2.90218,0.7495,0.00318273,-0.00858921,0,-2.17468,0.107599,0.0553578,11,drone1
0.247873,0.338623,1.25597e-05,64.0456,0.442359,-0.950297,26.9012,-2.87445,0.747492,0.00136773,-0.00730944,0,-1.28171,0.255,0.110717,11,drone1
0.247809,0.338587,1.23336e-05,63.8886,0.430581,-0.919717,26.8281,-2.83856,0.742645,0.000668504,-0.00691831,0,-0.728822,0.341271,0.121164,11,drone1
0.247792,0.33858,1.21443e-05,63.8506,0.418397,-0.893373,20.5219,-2.69719,0.530127,-0.0192251,0.0641913,0,-0.570877,1.3657,1.83345,11,drone1
0.242523,0.329077,1.23254e-05,65.2291,0.407111,-0.925659,22.36,-2.64404,0.600498,0.00219133,-0.0110255,0,6.07659,0.347046,0.245095,11,drone1
0.243821,0.330747,1.20471e-05,66.6707,0.370932,-0.90568,22.8202,-2.60048,0.603927,0.00148486,-0.00708299,0,4.59994,0.396611,0.183143,11,drone1
0.243877,0.330766,1.19743e-05,66.7376,0.361846,-0.887711,23.7413,-2.54953,0.628235,0.00770386,-0.00895376,0,2.43405,0.427623,0.101856,11,drone1
0.24486,0.332811,1.18038e-05,66.5167,0.354381,-0.861242,24.1468,-2.50063,0.630627,0.00860441,-0.00659207,0,0.748759,0.463814,0.0665655,11,drone1
0.245684,0.334725,1.16701e-05,66.1148,0.351011,-0.83753,24.9786,-2.44389,0.65076,0.0076108,-0.010447,0,0.0613107,0.49727,0.0491079,11,drone1
0.246678,0.336812,1.15414e-05,65.5875,0.350044,-0.815151,25.7747,-2.38508,0.666886,0.00557093,-0.00984006,0,-0.482993,0.527611,0.029063,11,drone1
0.247469,0.338485,1.14542e-05,64.8533,0.353797,-0.796417,25.7132,-2.33538,0.643949,0.00180796,-0.00584983,0,-0.605972,0.547152,0.012327,11,drone1
0.247296,0.338364,1.14435e-05,64.3657,0.359339,-0.790855,25.7284,-2.28457,0.622691,-0.000605609,-0.0048531,0,0.160836,0.549979,0.0283834,11,drone1
0.247243,0.338335,1.14366e-05,64.2356,0.361058,-0.789853,25.7956,-2.23426,0.602959,-0.000569739,-0.00532651,0,0.679732,0.539021,0.037896,11,drone1
0.247229,0.338329,1.14513e-05,64.2033,0.36269,-0.7921,25.8784,-2.18565,0.584058,-0.000138245,-0.00590342,0,0.834588,0.520175,0.0381059,11,drone1
0.247225,0.338329,1.1484e-05,64.1956,0.365287,-0.797205,25.9573,-2.14004,0.567905,0.000156013,-0.00629382,0,0.795263,0.48107,0.0507941,11,drone1
0.247223,0.338331,1.15343e-05,64.1942,0.369115,-0.805069,26.0317,-2.09626,0.548343,-6.985e-05,-0.00602392,0,0.750953,0.479313,0.0130531,11,drone1
0.247222,0.338333,1.16025e-05,64.1943,0.374242,-0.815676,26.0943,-2.0567,0.534044,0.00053062,-0.00681868,0,0.631641,0.418433,0.0431533,11,drone1
0.247221,0.338336,1.16895e-05,64.1948,0.380692,-0.829033,26.1498,-2.02107,0.522579,0.000667394,-0.00699787,0,0.558576,0.370571,0.0521771,11,drone1
0.24722,0.338338,1.17963e-05,64.1955,0.388482,-0.845165,26.2055,-1.98892,0.508457,-0.000121272,-0.00594136,0,0.561604,0.35088,0.0134664,11,drone1
0.24722,0.33834,1.19244e-05,64.1962,0.39763,-0.864105,26.2456,-1.96032,0.499186,0.00120931,-0.00775436,0,0.404378,0.297584,0.0421858,11,drone1
0.247219,0.338343,1.20753e-05,64.1969,0.408156,-0.885899,26.2849,-1.93674,0.489828,0.000777378,-0.00716366,0,0.396196,0.252968,0.0196241,11,drone1
0.247218,0.338345,1.22508e-05,64.1977,0.420086,-0.910598,26.3187,-1.91615,0.480175,0.000971398,-0.00744253,0,0.341284,0.227378,0.00408464,11,drone1
0.247217,0.338348,1.24533e-05,64.1984,0.433451,-0.938267,26.3487,-1.89984,0.471205,0.00101751,-0.00750759,0,0.303371,0.185841,-0.00852595,11,drone1
0.247216,0.33835,1.26852e-05,64.1993,0.448287,-0.968979,26.376,-1.88709,0.46197,0.000974328,-0.00745506,0,0.275949,0.155175,-0.0264467,11,drone1
0.247215,0.338352,1.29495e-05,64.2001,0.464632,-1.00282,26.3988,-1.87748,0.45353,0.00120657,-0.00777885,0,0.230497,0.123517,-0.0331014,11,drone1
0.247214,0.338355,1.32493e-05,64.201,0.482534,-1.03988,26.4193,-1.87496,0.447211,0.00122233,-0.00778529,0,0.206738,0.0506158,-0.0454342,11,drone1
0.247213,0.338357,1.35885e-05,64.2019,0.502041,-1.08026,26.4377,-1.87728,0.441598,0.00122999,-0.00779133,0,0.185683,0.00407817,-0.0605803,11,drone1
0.247212,0.338359,1.39714e-05,64.2029,0.523208,-1.12408,26.4542,-1.88459,0.436757,0.00123918,-0.0077977,0,0.166745,-0.0440111,-0.0758036,11,drone1
0.247212,0.338362,1.44026e-05,64.2039,0.546098,-1.17147,26.4694,-1.89755,0.433366,0.00119715,-0.00772551,0,0.153829,-0.100998,-0.0879435,11,drone1
0.247211,0.338364,1.48876e-05,64.205,0.570776,-1.22256,26.4831,-1.91577,0.431,0.00122008,-0.00774619,0,0.137315,-0.152739,-0.102238,11,drone1
0.24721,0.338366,1.54325e-05,64.2061,0.597313,-1.27751,26.4954,-1.93942,0.429698,0.00124277,-0.00776469,0,0.122612,-0.205948,-0.116895,11,drone1
0.247209,0.338369,1.60439e-05,64.2073,0.625789,-1.33646,26.5063,-1.96863,0.429492,0.00126562,-0.00778155,0,0.109512,-0.260665,-0.131951,11,drone1
0.247208,0.338371,1.67295e-05,64.2086,0.656286,-1.39961,26.5163,-2.00247,0.43161,0.00127615,-0.00777358,0,0.0987123,-0.31231,-0.131816,11,drone1
0.247207,0.338373,1.74979e-05,64.21,0.688896,-1.46714,27.6705,-2.0343,0.47368,0.000897913,-0.010568,0,-0.105315,-0.373321,-0.170274,11,drone1
0.247909,0.339506,1.82925e-05,63.7685,0.732756,-1.52787,28.6214,-2.07321,0.511229,0.00121273,-0.010085,0,-1.25466,-0.420805,-0.232682,11,drone1
0.248463,0.340556,1.9196e-05,62.838,0.793698,-1.58638,28.4483,-2.12756,0.509434,0.000388995,-0.00751601,0,-1.73171,-0.464618,-0.282393,11,drone1
0.248249,0.340416,2.02703e-05,62.2365,0.853011,-1.65897,28.3083,-2.18331,0.509481,8.24529e-05,-0.00716108,0,-1.40074,-0.487476,-0.270555,11,drone1
0.248189,0.340382,2.14573e-05,62.1036,0.902218,-1.74253,28.3058,-2.24797,0.510677,-0.000687938,-0.00671761,0,-0.0267499,-0.574857,-0.296221,11,drone1
0.248175,0.340377,2.27942e-05,62.0782,0.951156,-1.83291,34.1136,-2.23447,0.652897,-0.0486602,-0.0252363,0,-0.122501,-0.0434343,-0.968032,11,drone1
0.246083,0.335415,2.63953e-05,59.9244,1.08131,-1.91005,33.5507,-2.32405,0.649021,-0.00429912,-0.00498216,0,-5.6313,-0.695342,-0.565558,11,drone1
0.245632,0.335164,2.02146e-05,56.4224,1.15837,-1.76543,32.7114,-2.42516,0.623548,-0.0146711,0.0146017,0,-3.161,-0.75769,-0.581075,11,drone1
0.242598,0.331227,2.1772e-05,55.3423,1.13675,-1.67399,34.1557,-2.49434,0.693539,0.00441056,-0.0162508,0,-0.0919614,-0.768216,-0.390626,11,drone1
0.244348,0.33357,2.0888e-05,54.7958,1.08411,-1.56811,34.1875,-2.5669,0.72057,0.00248422,-0.00374955,0,0.304991,-0.752537,-0.182153,11,drone1
0.244101,0.333371,1.98316e-05,54.1355,1.04663,-1.47911,35.6129,-2.61073,0.795461,0.00576633,-0.0162859,0,1.07548,-0.598231,-0.205312,11,drone1
0.245951,0.335807,1.85485e-05,53.4554,1.00283,-1.38359,35.6258,-2.66238,0.807933,-0.00170674,-0.00756515,0,0.122031,-0.492594,-0.19898,11,drone1
0.245707,0.335604,1.76438e-05,52.8333,0.969194,-1.30845,35.7318,-2.70278,0.826609,-0.000766559,-0.00994629,0,1.05116,-0.43778,-0.0801148,11,drone1
0.245667,0.335577,1.68305e-05,52.7742,0.92517,-1.24763,35.9071,-2.73529,0.850846,0.00104209,-0.00826772,0,1.74145,-0.405107,0.0122312,11,drone1
0.245663,0.335578,1.61327e-05,52.772,0.883369,-1.19249,36.7524,-2.75558,0.90915,0.00451681,-0.00933573,0,2.11184,-0.406869,0.0591673,11,drone1
0.246897,0.337147,1.54325e-05,52.4759,0.845039,-1.12997,37.5104,-2.77314,0.967251,0.00438125,-0.00933998,0,1.30368,-0.389177,0.0627953,11,drone1
0.248015,0.338592,1.48367e-05,51.8831,0.815354,-1.06851,34.4844,-2.85238,0.866577,0.013584,0.0198755,0,0.639135,-0.550121,0.211894,11,drone1
0.247198,0.337837,1.44791e-05,53.0162,0.765332,-1.04647,34.9024,-2.87212,0.912272,0.00244096,-0.00738772,0,4.15861,-0.412092,0.278005,11,drone1
0.247665,0.338202,1.4006e-05,54.4655,0.709865,-1.02502,35.1562,-2.8881,0.957703,-0.00393095,-0.00294301,0,2.51557,-0.385062,0.288306,11,drone1
0.247762,0.338279,1.36792e-05,54.6217,0.68191,-0.991587,35.2903,-2.89382,0.988597,-0.00276104,-0.00526163,0,1.32625,-0.222173,0.221608,11,drone1
0.247766,0.338287,1.33888e-05,54.63,0.659515,-0.960368,35.3681,-2.88896,1.00624,-0.000994201,-0.00609031,0,0.768804,-0.0610102,0.172276,11,drone1
0.247765,0.33829,1.31368e-05,54.6303,0.639826,-0.932652,35.4522,-2.8739,1.01747,0.00145796,-0.00721046,0,0.835349,0.059031,0.178293,11,drone1
0.247763,0.338292,1.29216e-05,54.6303,0.622598,-0.90839,35.5266,-2.84712,1.02176,0.00140221,-0.00720439,0,0.741644,0.194373,0.189037,11,drone1
0.247761,0.338295,1.27406e-05,54.6304,0.607743,-0.887471,35.5908,-2.81407,1.01845,0.000924764,-0.00695107,0,0.643603,0.288982,0.163719,11,drone1
0.24776,0.338297,1.25911e-05,54.6305,0.595191,-0.869796,35.6513,-2.77437,1.0113,0.00125357,-0.00710568,0,0.607538,0.365309,0.171259,11,drone1
0.247758,0.3383,1.24706e-05,54.6306,0.584878,-0.855277,35.7053,-2.73027,1.0005,0.00124427,-0.007125,0,0.545043,0.42187,0.16751,11,drone1
0.247756,0.338303,1.23771e-05,54.6308,0.576751,-0.843837,35.7536,-2.68313,0.986756,0.00123704,-0.00714188,0,0.489038,0.463572,0.161907,11,drone1
0.247755,0.338305,1.23091e-05,54.631,0.570765,-0.835412,35.7969,-2.63409,0.970697,0.00123155,-0.00715673,0,0.438845,0.492272,0.154676,11,drone1
0.247753,0.338308,1.22653e-05,54.6313,0.56688,-0.829948,35.8355,-2.58416,0.952868,0.00122757,-0.00716991,0,0.393854,0.50961,0.146009,11,drone1
0.247751,0.33831,1.2245e-05,54.6315,0.565067,-0.827402,35.8698,-2.5336,0.933639,0.00125627,-0.00722488,0,0.351064,0.522685,0.138786,11,drone1
0.24775,0.338313,1.22477e-05,54.6318,0.565302,-0.827742,35.898,-2.4842,0.914075,0.00160759,-0.0064983,0,0.28968,0.515132,0.129896,11,drone1
0.247748,0.338315,1.22732e-05,54.6321,0.56757,-0.830946,35.9212,-2.43662,0.893444,0.00183457,-0.00808077,0,0.240957,0.506534,0.111084,11,drone1
