1.12793,1.83867,5.53539e-06,0,0,-0.0111886,0,0,0,0,0,0,0,0,0,-1,pipuck7
1.12793,1.83867,7.91351e-06,0,0,-0.0159945,0,0,0,0,0,0,0,0,0,-1,pipuck7
1.12793,1.83867,8.88486e-06,0,0,-0.0179578,0,0,0,0,0,0,0,0,0,-1,pipuck7
1.12793,1.83867,9.26229e-06,0,0,-0.0187206,0,0,0,0,0,0,0,0,0,-1,pipuck7
1.12793,1.83867,9.40043e-06,0,0,-0.0189998,0,0,0,0,0,0,0,0,0,-1,pipuck7
1.12793,1.83867,9.44705e-06,0,0,-0.019094,0,0,0,0,0,0,0,0,0,-1,pipuck7
1.12793,1.83867,9.46085e-06,0,0,-0.0191219,0,0,0,0,0,0,0,0,0,-1,pipuck7
1.12793,1.83867,9.46391e-06,0,0,-0.0191281,0,0,0,0,0,0,0,0,0,-1,pipuck7
1.12793,1.83867,9.46396e-06,0,0,-0.0191282,0,0,0,0,0,0,0,0,0,-1,pipuck7
1.12793,1.83867,9.46346e-06,0,0,-0.0191272,0,0,0,0,0,0,0,0,0,-1,pipuck7
1.12793,1.83867,9.46303e-06,0,0,-0.0191263,0,0,0,0,0,0,0,0,0,-1,pipuck7
1.12793,1.83867,9.46276e-06,0,0,-0.0191258,0,0,0,0,0,0,0,0,0,-1,pipuck7
1.12793,1.83867,9.46262e-06,0,0,-0.0191255,0,0,0,0,0,0,0,0,0,-1,pipuck7
1.12793,1.83867,9.46255e-06,0,0,-0.0191254,0,0,0,0,0,0,0,0,0,-1,pipuck7
1.12793,1.83867,9.46252e-06,0,0,-0.0191253,0,0,0,0,0,0,0,0,0,-1,pipuck7
1.12793,1.83867,9.46251e-06,0,0,-0.0191253,0,0,0,0,0,0,0,0,0,-1,pipuck7
1.12793,1.83867,9.4625e-06,0,0,-0.0191253,0,0,0,0,0,0,0,0,0,-1,pipuck7
1.12793,1.83867,9.4625e-06,0,0,-0.0191253,0,0,0,0,0,0,0,0,0,-1,pipuck7
1.12793,1.83867,9.4625e-06,0,0,-0.0191253,0,0,0,0,0,0,0,0,0,-1,pipuck7
1.12793,1.83867,9.4625e-06,0,0,-0.0191253,0,0,0,0,0,0,0,0,0,-1,pipuck7
1.12793,1.83867,9.4625e-06,0,0,-0.0191253,0,0,0,0,0,0,0,0,0,-1,pipuck7
1.12793,1.83867,9.4625e-06,0,0,-0.0191252,0,0,0,0,0,0,0,0,0,-1,pipuck7
1.12793,1.83867,9.4625e-06,0,0,-0.0191252,0,0,0,0,0,0,0,0,0,-1,pipuck7
1.12793,1.83867,9.4625e-06,0,0,-0.0191252,0,0,0,0,0,0,0,0,0,-1,pipuck7
1.12793,1.83867,9.4625e-06,0,0,-0.0191252,0,0,0,0,0,0,0,0,0,-1,pipuck7
1.12793,1.83867,9.4625e-06,0,0,-0.0191252,0,0,0,0,0,0,0,0,0,-1,pipuck7
1.12793,1.83867,9.4625e-06,0,0,-0.0191252,0,0,0,0,0,0,0,0,0,-1,pipuck7
1.12793,1.83867,9.4625e-06,0,0,-0.0191252,0,0,0,0,0,0,0,0,0,-1,pipuck7
1.12793,1.83867,9.4625e-06,0,0,-0.0191252,0,0,0,0,0,0,0,0,0,-1,pipuck7
1.12793,1.83867,9.4625e-06,0,0,-0.0191252,0,0,0,0,0,0,0,0,0,-1,pipuck7
1.12793,1.83867,9.4625e-06,0,0,-0.0191252,0,0,0,0,0,0,0,0,0,-1,pipuck7
1.12793,1.83867,9.4625e-06,0,0,-0.0191252,0,0,0,0,0,0,0,0,0,-1,pipuck7
1.12793,1.83867,9.4625e-06,0,0,-0.0191252,0,0,0,0,0,0,0,0,0,-1,pipuck7
1.12793,1.83867,9.4625e-06,0,0,-0.0191252,0,0,0,0,0,0,0,0,0,-1,pipuck7
1.12793,1.83867,9.4625e-06,0,0,-0.0191252,0,0,0,0,0,0,0,0,0,-1,pipuck7
1.12793,1.83867,9.4625e-06,0,0,-0.0191252,0,0,0,0,0,0,0,0,0,-1,pipuck7
1.12793,1.83867,9.4625e-06,0,0,-0.0191252,0,0,0,0,0,0,0,0,0,-1,pipuck7
1.12793,1.83867,9.4625e-06,0,0,-0.0191252,0,0,0,0,0,0,0,0,0,-1,pipuck7
1.12793,1.83867,9.4625e-06,0,0,-0.0191252,0,0,0,0,0,0,0,0,0,-1,pipuck7
1.12793,1.83867,9.4625e-06,0,0,-0.0191252,0,0,0,0,0,0,0,0,0,-1,pipuck7
1.12793,1.83867,9.4625e-06,0,0,-0.0191252,0,0,0,0,0,0,0,0,0,-1,pipuck7
1.12793,1.83867,9.4625e-06,0,0,-0.0191252,0,0,0,0,0,0,0,0,0,-1,pipuck7
1.12793,1.83867,9.4625e-06,0,0,-0.0191252,0,0,0,0,0,0,0,0,0,-1,pipuck7
1.12793,1.83867,9.4625e-06,0,0,-0.0191252,0,0,0,0,0,0,0,0,0,-1,pipuck7
1.12793,1.83867,9.4625e-06,0,0,-0.0191252,0,0,0,0,0,0,0,0,0,-1,pipuck7
1.12793,1.83867,9.4625e-06,0,0,-0.0191252,0,0,0,0,0,0,0,0,0,-1,pipuck7
1.12793,1.83867,9.4625e-06,0,0,-0.0191252,0,0,0,0,0,0,0,0,0,-1,pipuck7
1.12793,1.83867,9.4625e-06,0,0,-0.0191252,0,0,0,0,0,0,0,0,0,-1,pipuck7
1.12793,1.83867,9.4625e-06,0,0,-0.0191252,0,0,0,0,0,0,0,0,0,-1,pipuck7
1.12793,1.83867,9.4625e-06,0,0,-0.0191252,0,0,0,0,0,0,0,0,0,-1,pipuck7
1.12793,1.83867,9.4625e-06,0,0,-0.0191252,0,0,0,0,0,0,0,0,0,-1,pipuck7
1.12793,1.83867,9.4625e-06,0,0,-0.0191252,0,0,0,0,0,0,0,0,0,-1,pipuck7
1.12793,1.83867,9.4625e-06,0,0,-0.0191252,0,0,0,0,0,0,0,0,0,-1,drone1
1.12793,1.83867,9.4625e-06,0,0,-0.0191252,0,0,0,0,0,0,0,0,0,-1,drone1
1.12793,1.83867,9.4625e-06,0,0,-0.0191252,15.9901,-0.141318,-0.0670004,-1.60888,-1.08434,0,88.0863,-1.37214,0.349084,8,drone1
1.11205,1.8387,9.21386e-06,-0.470828,0.0767469,-0.0179583,29.981,-0.138292,-0.0338283,-2.71527,-0.742916,0,73.8415,0.111152,0.119215,12,drone1
1.09566,1.83893,9.15054e-06,-1.78915,0.156392,-0.0134683,43.2127,-0.136864,-0.00836621,-1.96433,-0.148732,0,59.8753,0.0222031,0.0731416,8,drone1
1.07966,1.83953,9.2022e-06,-3.88597,0.234638,-0.00235794,56.1442,-0.156651,-0.00555584,-1.88767,0.170417,0,50.0984,-0.140858,-0.219278,8,drone1
1.0644,1.8406,9.32257e-06,-6.84532,0.309304,0.0187667,67.1063,-0.160463,0.0156281,-1.75812,0.647338,0,34.208,-0.0464906,-0.0315906,8,drone1
1.04877,1.84262,9.48734e-06,-10.6991,0.384598,0.0541301,77.942,-0.174295,0.0356325,-1.66154,0.869782,0,26.655,-0.086363,-0.166088,8,drone1
1.03412,1.84556,9.69902e-06,-15.5438,0.451826,0.106736,88.5841,-0.19065,0.0575693,-1.51689,1.06227,0,18.875,-0.0496929,-0.243608,8,drone1
1.02101,1.84966,2.12058e-05,-21.4422,0.484697,0.234701,99.2829,-0.200908,0.0869339,-1.46508,1.09965,0.000492015,16.9875,-0.0411418,-0.220144,8,drone1
1.01039,1.85443,8.39183e-06,-27.7454,0.538015,0.266475,109.109,-0.214508,0.100442,-1.74394,1.97668,0,8.25871,0.194416,-0.283305,12,drone1
1.00003,1.86056,9.58109e-06,-35.2464,0.536235,0.399739,118.485,-0.198858,0.0808087,-1.58442,2.12003,0,3.76234,0.50319,0.127291,12,drone1
0.993191,1.86617,1.00128e-05,-43.3109,0.518832,0.512158,127.875,-0.233975,0.103804,-1.61403,2.09548,0,3.90729,0.289317,-0.418629,12,drone1
0.987427,1.87247,1.1902e-05,-52.8521,0.459604,0.63972,137.127,-0.264761,0.127484,-1.55064,2.11266,0,2.51441,0.392078,-0.331961,12,drone1
0.984481,1.87709,1.20293e-05,-64.4009,0.342916,0.761403,146.52,-0.296269,0.154661,-1.62802,2.08834,0,3.93639,0.479022,-0.297303,12,drone1
0.983934,1.87847,1.18372e-05,-76.5351,0.183157,0.846571,155.927,-0.323974,0.185547,-1.62352,2.05847,0,4.06752,0.532948,-0.213835,12,drone1
0.984223,1.87652,1.16789e-05,-88.7563,0.000676238,0.883407,165.943,-0.344592,0.20976,-1.86082,1.91194,0,10.1578,0.590492,-0.0540777,12,drone1
0.98372,1.86928,1.1512e-05,-100.82,-0.182713,0.85881,176.214,-0.358503,0.235562,-1.95872,1.83569,0,12.7171,0.572596,0.0558833,12,drone1
0.980417,1.85848,1.1328e-05,-112.427,-0.343312,0.784294,-173.486,-0.365719,0.262524,-1.93323,1.82354,0,12.9916,0.530905,0.165683,12,drone1
0.973646,1.84592,8.9458e-06,-122.901,-0.458242,0.683108,-165.531,-0.380828,0.239963,-1.50936,1.12087,0,16.1212,0.480511,0.596492,8,drone1
0.963214,1.83242,2.89469e-05,-132.526,-0.563707,0.533658,-158.592,-0.397681,0.244002,-2.03384,1.68355,0,16.5094,0.375266,0.341005,12,drone1
0.950468,1.82028,1.78077e-05,-141.43,-0.591958,0.430378,-154.37,-0.419736,0.222355,-1.57902,0.945416,0,21.7322,0.236436,0.407481,8,drone1
0.93713,1.81071,1.40037e-05,-148.728,-0.578367,0.380767,-151.641,-0.444736,0.191585,-1.64807,0.79773,0,26.8415,0.170479,0.358001,8,drone1
0.921027,1.80212,1.02321e-05,-154.471,-0.573809,0.293941,-150.17,-0.470443,0.155102,-1.70891,0.627704,0,32.4458,0.130285,0.265343,8,drone1
0.90545,1.79573,9.51106e-06,-158.209,-0.55565,0.240258,-148.441,-0.488918,0.125453,-2.41188,0.978437,0,34.0829,0.0873963,0.186183,12,drone1
0.888707,1.78977,9.5386e-06,-160.317,-0.524598,0.205967,-147.302,-0.499493,0.0948135,-2.42652,0.887184,0,35.9872,0.0152631,0.105181,12,drone1
0.871844,1.78426,9.61313e-06,-161.131,-0.489494,0.185953,-146.516,-0.505965,0.0639077,-2.42367,0.83862,0,36.8673,-0.00938076,0.0568702,12,drone1
0.854845,1.77878,9.62371e-06,-160.826,-0.451414,0.175949,-146.136,-0.513362,0.0295662,-2.44919,0.732385,0,39.4594,0.0130341,0.0345953,12,drone1
0.838122,1.77309,9.57585e-06,-159.536,-0.412661,0.173262,-146.64,-0.516241,-0.0080204,-1.67505,0.398487,0,38.1301,-0.00152531,-0.0107427,8,drone1
0.821875,1.76699,9.51116e-06,-157.314,-0.373841,0.175934,-146.132,-0.511127,-0.028411,-2.39885,0.801135,0,36.7336,-0.0306281,-0.0927029,12,drone1
0.804923,1.75953,9.41454e-06,-154.489,-0.329468,0.17731,-146.644,-0.504482,-0.0572237,-1.70633,0.422559,0,36.965,-0.0270515,-0.0986389,8,drone1
0.789002,1.75156,9.32563e-06,-151.201,-0.288034,0.179035,-146.802,-0.494605,-0.0767015,-1.6688,0.490385,0,34.3719,-0.0303496,-0.136735,8,drone1
0.773144,1.74222,9.26106e-06,-147.609,-0.244814,0.176782,-145.518,-0.469288,-0.0112223,-2.18389,1.07156,0,28.1906,0.0532501,-0.812989,12,drone1
0.75707,1.73125,9.18811e-06,-144.685,-0.201266,0.164802,-143.635,-0.460548,-0.00637183,-2.02066,1.31977,0,21.7938,-0.0489874,-0.102163,12,drone1
0.741229,1.71952,9.12984e-06,-142.85,-0.161231,0.144929,-141.736,-0.446664,0.00166769,-1.94755,1.44891,0,18.3555,-0.0865423,-0.131218,12,drone1
0.725532,1.70732,9.08267e-06,-141.829,-0.123469,0.12016,-139.749,-0.425916,0.0124489,-1.80191,1.56316,0,13.9383,-0.141675,-0.160983,12,drone1
0.710142,1.69506,9.0466e-06,-141.479,-0.0881154,0.0933767,-137.754,-0.401348,0.022619,-1.6838,1.65942,0,10.4309,-0.178379,-0.165585,12,drone1
0.694727,1.68275,5.60823e-06,-141.727,-0.0720565,0.0420941,-135.801,-0.372048,0.0320854,-1.56037,1.72594,0,7.21012,-0.216878,-0.186526,12,drone1
0.679926,1.67108,9.23291e-06,-142.285,-0.044786,0.0110788,-133.666,-0.330206,0.0573649,-1.29931,1.77703,0,0.606556,-0.209048,-0.365651,12,drone1
0.665129,1.65987,9.96923e-06,-143.278,-0.0131615,-0.0153088,-131.857,-0.306676,0.0619756,-1.30605,1.80954,0,1.08305,-0.187921,-0.119487,12,drone1
0.649632,1.64863,9.6894e-06,-144.795,0.0236136,-0.0406182,-130.28,-0.273816,0.0622609,-1.26611,1.83156,0,0.120235,-0.267434,-0.177211,12,drone1
0.633681,1.63769,1.81339e-05,-146.395,0.0944414,-0.0186242,-128.91,-0.240131,0.0605646,-1.22079,1.83288,0,-0.699625,-0.271423,-0.190596,12,drone1
0.617922,1.62741,1.36138e-05,-147.837,0.127852,-0.0480288,-128.006,-0.216256,0.0624835,-1.2705,1.79375,0,1.10462,-0.156865,-0.168877,12,drone1
0.601346,1.61725,1.11685e-05,-149.01,0.169051,-0.0754406,-126.77,-0.2265,0.151789,-1.09519,1.81731,0,-2.71654,0.741203,-0.405143,12,drone1
0.584726,1.60742,9.97888e-06,-150.165,0.21308,-0.0993622,-126.388,-0.187813,0.139219,-1.27443,1.75747,0,1.98609,-0.338606,-0.221122,12,drone1
0.567541,1.59789,9.52061e-06,-151.106,0.261475,-0.122909,-126.644,-0.137186,0.129548,-1.42419,1.69092,0,5.62553,-0.384847,-0.365378,12,drone1
0.550634,1.58877,9.43357e-06,-151.331,0.308738,-0.147919,-126.724,-0.0885026,0.122336,-1.35547,1.66182,0,4.86429,-0.358872,-0.352398,12,drone1
0.533381,1.57934,9.5196e-06,-151.01,0.358042,-0.177576,-126.787,-0.0377662,0.117503,-1.34009,1.64205,0,4.89686,-0.357112,-0.378758,12,drone1
0.516148,1.56971,9.67245e-06,-150.51,0.408577,-0.210182,-126.747,0.0136259,0.114168,-1.30349,1.63678,0,4.2812,-0.350377,-0.387858,12,drone1
0.498904,1.55983,9.87189e-06,-150.041,0.461284,-0.244907,-126.882,0.0647385,0.111994,-1.35519,1.62511,0,5.44615,-0.349602,-0.391669,12,drone1
0.481896,1.54996,1.00997e-05,-149.519,0.51462,-0.281811,-127.163,0.117186,0.111411,-1.39448,1.59529,0,6.59218,-0.360287,-0.405932,12,drone1
0.465128,1.54,1.03697e-05,-148.777,0.567785,-0.322914,-127.406,0.172017,0.107696,-1.38277,1.58391,0,6.27926,-0.405167,-0.397489,12,drone1
0.448402,1.52969,8.48739e-06,-147.915,0.619841,-0.372372,-127.504,0.226136,0.10341,-1.34879,1.58297,0,5.70474,-0.403822,-0.383679,12,drone1
0.432199,1.51923,4.8207e-06,-147.116,0.663417,-0.435598,-127.32,0.284127,0.102174,-1.25618,1.57653,0,4.171,-0.38717,-0.437674,12,drone1
0.415585,1.50835,2.47186e-05,-146.594,0.75159,-0.442111,-126.747,0.34255,0.0942356,-1.1335,1.59628,0,1.41602,-0.400376,-0.419034,12,drone1
0.399114,1.49729,1.76297e-05,-146.195,0.807206,-0.504688,-125.98,0.403773,0.0884881,-1.04178,1.60797,0,-0.721493,-0.361329,-0.477479,12,drone1
0.38344,1.48654,1.35408e-05,-146.149,0.844898,-0.591306,-127.913,0.464917,0.0970146,-1.53513,1.70164,0,-6.07388,-0.353832,-0.525758,10,drone1
0.367461,1.47573,1.20918e-05,-145.921,0.91667,-0.639743,-126.994,0.530243,0.0794068,-1.02764,1.55418,0,-0.567057,-0.466041,-0.445406,12,drone1
0.35162,1.46503,1.28192e-05,-145.771,0.989956,-0.693233,-126.139,0.590991,0.0611087,-0.977172,1.55361,0,-2.02828,-0.418114,-0.429491,12,drone1
0.335584,1.45428,1.39804e-05,-146.292,1.07569,-0.738112,-125.705,0.657555,0.0500474,-1.04254,1.55765,0,-0.861619,-0.432022,-0.502546,12,drone1
0.319024,1.44336,1.5157e-05,-146.978,1.17081,-0.781965,-125.431,0.715978,0.0424002,-1.05377,1.54409,0,-0.362478,-0.371326,-0.449485,12,drone1
0.302267,1.43254,1.63419e-05,-147.429,1.2689,-0.831795,-125.428,0.775937,0.0429173,-1.09901,1.5216,0,0.941077,-0.356673,-0.482838,12,drone1
0.285363,1.42174,1.7596e-05,-147.606,1.36903,-0.889932,-126.185,0.8434,0.0483893,-1.25736,1.44957,0,4.4768,-0.501892,-0.477087,12,drone1
0.269049,1.41127,1.89224e-05,-147.316,1.46421,-0.960879,-126.557,0.92231,0.0552862,-1.22449,1.45499,0,4.86189,-0.539112,-0.588432,12,drone1
0.252568,1.40054,2.04479e-05,-146.615,1.558,-1.04834,-127.528,1.00253,0.0834595,-1.36049,1.37537,0,7.90235,-0.529037,-0.625245,12,drone1
0.236953,1.39014,3.35948e-05,-145.624,1.68003,-1.09825,-127.997,1.17692,0.00143845,-1.26187,1.36289,0,6.81734,-1.9203,-0.671355,12,drone1
0.220875,1.37877,2.02215e-05,-144.454,1.74004,-1.25612,-128.754,1.25805,0.0390753,-1.36208,1.35009,0,8.1961,-0.500049,-0.640399,12,drone1
0.205243,1.36724,3.24277e-05,-143.259,1.66772,-1.29024,-129.186,1.35314,0.0606561,-1.31532,1.3573,0,7.37773,-0.672188,-0.683188,12,drone1
0.18986,1.35543,1.41422e-05,-142.105,1.58185,-1.22786,-129.044,1.42676,0.0593534,-1.19607,1.39095,0,4.77914,-0.557455,-0.494049,12,drone1
0.174317,1.34306,1.63458e-05,-141.124,1.49251,-1.19116,-129.235,1.48397,0.0691307,-1.26176,1.37307,0,5.89225,-0.45742,-0.368289,12,drone1
0.159114,1.33066,1.77352e-05,-140.454,1.41586,-1.15053,-129.459,1.53014,0.079332,-1.27446,1.36286,0,6.23087,-0.402607,-0.271146,12,drone1
0.14405,1.31805,1.80644e-05,-139.707,1.34381,-1.11742,-129.22,1.55659,0.0725352,-1.15158,1.37728,0,3.37741,-0.245527,-0.138683,12,drone1
0.128845,1.30499,1.78642e-05,-139.17,1.28342,-1.08548,-128.771,1.57849,0.0568877,-1.10546,1.39578,0,2.6109,-0.220915,-0.0968581,12,drone1
0.11374,1.29188,1.74398e-05,-139.09,1.23749,-1.04824,-128.244,1.60431,0.0211291,-1.05637,1.38502,0,2.05972,-0.37039,-0.0246267,12,drone1
0.098655,1.27884,1.69687e-05,-139.299,1.20213,-1.00987,-127.704,1.60723,0.00493826,-1.05606,1.41102,0,2.21759,-0.0743188,0.0237321,12,drone1
0.0836027,1.26596,1.65343e-05,-139.605,1.17319,-0.974203,-130.186,1.60497,0.071272,-1.59196,1.42258,0,-2.21397,0.0270839,-0.0130171,10,drone1
0.0698145,1.25425,1.60549e-05,-139.32,1.13323,-0.949941,-132.661,1.59243,0.137133,-1.73664,1.30088,0,2.96915,-0.0371944,0.134571,10,drone1
0.0562086,1.24236,1.56567e-05,-138.026,1.08177,-0.94863,-134.443,1.57886,0.181499,-1.61465,1.28435,0,1.29799,-0.00676574,0.119481,10,drone1
0.0421929,1.22934,1.53925e-05,-136.184,1.03,-0.963031,-136.461,1.55565,0.230144,-1.79191,1.1778,0,6.02154,-0.0565827,0.267038,10,drone1
0.0289934,1.21621,1.5161e-05,-134.063,0.976418,-0.982742,-138.317,1.5805,0.329319,-1.76717,1.12197,0,5.34448,-0.0387767,-0.490424,10,drone1
0.0161184,1.20234,1.50074e-05,-131.687,0.923409,-1.00952,-139.221,1.55161,0.3288,-1.65577,1.2052,0,3.28741,-0.0575261,0.403063,10,drone1
0.00327016,1.18744,1.496e-05,-129.785,0.884631,-1.03384,-139.672,1.52477,0.308971,-1.59155,1.23965,0,1.83615,-0.0602278,0.432464,10,drone1
-0.00931743,1.17205,1.49724e-05,-128.658,0.86409,-1.05096,-139.923,1.50047,0.283605,-1.55757,1.26561,0,0.255038,-0.0370931,0.396977,10,drone1
-0.021749,1.15637,1.504e-05,-128.092,0.857879,-1.06479,-139.661,1.48863,0.247511,-1.43155,1.3074,0,-2.53226,-0.0407887,0.264804,10,drone1
-0.033976,1.14079,1.51555e-05,-128.011,0.86379,-1.07544,-139.486,1.47733,0.216787,-1.42249,1.28764,-0.000511945,-2.27904,-0.0361837,0.238407,10,drone1
-0.0462736,1.12516,1.53279e-05,-128.312,0.880997,-1.08552,-139.268,1.47254,0.18665,-1.39305,1.30731,0,-3.71414,-0.0481158,0.157872,10,drone1
-0.0585875,1.10972,1.55458e-05,-128.779,0.904903,-1.09707,-139.794,1.46161,0.186762,-1.55198,1.23098,0,-0.124464,-0.0158565,0.159145,10,drone1
-0.0708068,1.09455,1.58111e-05,-128.997,0.927317,-1.11617,-140.113,1.45426,0.18285,-1.50046,1.21536,0,-0.506238,-0.0205992,0.12375,10,drone1
-0.0832797,1.0791,1.61581e-05,-128.814,0.946758,-1.14774,-140.496,1.44617,0.18265,-1.51534,1.18177,0,0.480753,-0.0197525,0.12845,10,drone1
-0.0955997,1.0637,1.65676e-05,-128.525,0.967262,-1.18551,-140.679,1.44779,0.17798,-1.46787,1.17564,0,-0.00479536,-0.0760709,0.0574672,10,drone1
-0.10802,1.04803,1.70722e-05,-128.219,0.991709,-1.22974,-140.766,1.45879,0.166834,-1.44296,1.16842,0,-0.146253,-0.169237,0.0291761,10,drone1
-0.120317,1.03236,1.02502e-05,-128.053,1.01084,-1.2858,-140.713,1.47402,0.151387,-1.40299,1.16785,0,-0.665992,-0.193638,0.000800644,10,drone1
-0.132504,1.01698,1.52413e-05,-128.011,1.03444,-1.34274,-140.828,1.49482,0.1404,-1.42834,1.14643,0,0.0487643,-0.25265,-0.0245712,10,drone1
-0.144738,1.00133,1.87724e-05,-127.969,1.07148,-1.4012,-140.57,1.51878,0.12172,-1.34985,1.16792,0,-1.18351,-0.233879,-0.0790987,10,drone1
-0.156893,0.985744,2.02334e-05,-128.051,1.11908,-1.45978,-140.524,1.54866,0.102723,-1.36225,1.13796,0,-0.536854,-0.332974,-0.0634034,10,drone1
-0.169256,0.970039,2.12231e-05,-128.244,1.17572,-1.52151,-140.435,1.58695,0.0846519,-1.33382,1.12312,0,-0.494857,-0.384088,-0.132806,10,drone1
-0.181659,0.95436,2.22638e-05,-128.373,1.23579,-1.58997,-140.082,1.62626,0.0561956,-1.25912,1.13227,0,-1.7922,-0.382679,-0.145131,10,drone1
-0.193863,0.939,2.34802e-05,-128.632,1.30355,-1.65985,-139.695,1.66912,0.0258011,-1.2187,1.12695,0,-2.41703,-0.401194,-0.182615,10,drone1
-0.206235,0.923662,3.00124e-05,-129.142,1.38463,-1.72889,-140,1.71636,0.0330915,-1.32985,1.0677,0,0.389976,-0.380235,-0.28469,10,drone1
-0.218843,0.908362,2.80726e-05,-129.447,1.35271,-1.68471,-140.186,1.76725,0.0348224,-1.30275,1.05439,0,0.404432,-0.424361,-0.287882,10,drone1
-0.231532,0.892921,2.39696e-05,-129.334,1.28107,-1.59596,-140.377,1.80981,0.0385586,-1.29359,1.03229,0,0.821541,-0.359808,-0.235273,10,drone1
-0.244113,0.87751,2.16338e-05,-129.089,1.20938,-1.51853,-140.445,1.83478,0.0347677,-1.26345,1.02782,0,0.422818,-0.239801,-0.102765,10,drone1
-0.256645,0.862019,2.01005e-05,-128.894,1.14439,-1.44743,-140.735,1.89655,0.0507733,-1.26017,0.98461,0,0.567653,-0.44858,-0.430706,10,drone1
-0.269129,0.846521,1.89955e-05,-128.669,1.08398,-1.38333,-139.09,1.89321,-0.010468,-1.21677,1.00858,0,-0.111326,-0.00962358,0.0751725,10,drone1
-0.280712,0.831987,1.80082e-05,-128.858,1.03483,-1.313,-135.374,1.8756,-0.142026,-1.1634,1.03806,0,-2.1485,0.0842475,0.0996967,10,drone1
-0.292245,0.817904,1.1449e-05,-129.727,1.02163,-1.21868,-129.897,1.83778,-0.329369,-0.991778,1.11346,0,-7.51237,0.209535,-0.000172284,10,drone1
-0.301404,0.807126,1.38105e-05,-131.71,1.00788,-1.11077,-130.521,1.81978,-0.309712,-0.892321,1.17334,0,-12.1096,0.401603,-0.0948926,10,drone1
-0.314843,0.792743,9.04702e-06,-134.233,1.00853,-1.02826,-123.678,1.74128,-0.507911,-1.04891,1.09039,0,-6.55146,0.448796,-0.0270822,10,drone1
-0.326785,0.78101,6.16205e-06,-136.897,1.00262,-0.938022,-117.042,1.63849,-0.682902,-0.910943,1.15696,0,-12.2197,0.632322,-0.0895801,10,drone1
-0.33894,0.770216,1.22354e-05,-140.216,1.0156,-0.827993,-111.346,1.53186,-0.808601,-0.844096,1.19879,0,-15.5905,0.7778,-0.147579,10,drone1
-0.351365,0.760719,2.16076e-05,-144.552,0.999151,-0.752311,-116.125,1.54825,-0.671792,-0.884555,1.14469,0,-13.1514,0.474748,0.153222,10,drone1
-0.365201,0.751572,7.38167e-06,-148.723,1.02495,-0.629025,-111.329,1.45396,-0.753538,-1.01768,1.04597,0,-7.31301,0.694245,-0.0292257,10,drone1
-0.379552,0.743489,7.84886e-06,-153.037,1.0364,-0.519158,-107.61,1.36834,-0.787962,-0.99992,1.04332,0,-7.97589,0.819426,-0.0176058,10,drone1
-0.395718,0.73611,1.07273e-05,-157.6,1.04732,-0.417167,-105.139,1.30415,-0.783809,-0.995371,1.02285,0,-7.68715,0.828591,-0.0184436,10,drone1
-0.412874,0.72994,1.20199e-05,-161.668,1.05234,-0.331387,-113.008,1.48026,-0.399561,-1.06537,0.913463,0,-6.30821,1.88753,-1.32989,10,drone1
-0.425697,0.726863,1.23891e-05,-163.945,1.02304,-0.275968,-112.738,1.44552,-0.350617,-1.19145,0.709155,0,6.54118,0.514877,0.166111,10,drone1
-0.444651,0.721753,1.25069e-05,-164.703,1.0185,-0.259832,-113.976,1.41105,-0.264398,-1.21041,0.675346,0,7.84191,0.52119,0.262437,10,drone1
-0.462523,0.717114,9.28307e-06,-164.781,1.00208,-0.285048,-117.269,1.38344,-0.132867,-1.23547,0.608173,0,9.84667,0.44207,0.274251,10,drone1
-0.478996,0.712933,2.5342e-05,-164.468,1.00481,-0.233219,-122.777,1.34925,0.0414993,-1.28464,0.506877,0,13.6003,0.310222,0.322507,10,drone1
-0.494841,0.708631,1.64544e-05,-163.68,0.985358,-0.260869,-129.371,1.29217,0.235408,-1.30012,0.381173,0,18.1955,0.252023,0.34499,10,drone1
-0.508085,0.705034,1.29667e-05,-161.334,0.952734,-0.301049,-134.92,1.22678,0.382006,-1.22799,0.309133,0,20.9705,0.0540933,0.373564,10,drone1
-0.522117,0.70014,1.20061e-05,-157.411,0.919427,-0.363134,-140.209,1.14889,0.511789,-1.30511,0.163319,0,26.1618,-0.0306309,0.43132,10,drone1
-0.535681,0.694054,1.1845e-05,-152.189,0.876817,-0.442511,-144.753,1.14343,0.674591,-1.27644,0.142042,0,25.4146,-0.422473,-0.475466,10,drone1
-0.549881,0.68569,1.19179e-05,-146.055,0.829153,-0.536709,-147.679,1.06887,0.716075,-1.22396,0.214064,0,24.0196,-0.162447,0.629877,10,drone1
-0.564144,0.674856,1.21268e-05,-140.137,0.782169,-0.629736,-149.704,1.01151,0.722414,-1.1919,0.273811,0,20.6654,-0.215018,0.665154,10,drone1
-0.577819,0.662351,1.23375e-05,-135.391,0.744655,-0.709174,-150.958,0.975233,0.70304,-1.14483,0.342912,0,16.5076,-0.275775,0.649293,10,drone1
-0.590917,0.648569,1.25779e-05,-131.791,0.719605,-0.77788,-150.326,0.977452,0.627861,-0.914523,0.504974,0,6.6439,-0.355948,0.668522,10,drone1
-0.603645,0.633719,1.28746e-05,-129.308,0.70997,-0.838455,-150.078,0.984613,0.571227,-0.95475,0.512707,0,5.69166,-0.377974,0.504466,10,drone1
-0.616015,0.618258,1.32154e-05,-127.802,0.715451,-0.892536,-149.975,0.994783,0.519682,-0.92355,0.511826,0,3.11645,-0.370762,0.425966,10,drone1
-0.628188,0.602393,1.36119e-05,-127.007,0.73395,-0.943408,-148.802,1.01932,0.46294,-0.945262,0.524786,0,3.81416,-0.35791,0.294435,10,drone1
-0.639977,0.58677,1.40491e-05,-126.847,0.764052,-0.989125,-145.102,1.09991,0.287505,-0.884831,0.539483,0,2.11667,-1.03775,0.696748,10,drone1
-0.650754,0.572655,1.44684e-05,-127.586,0.807903,-1.0196,-139.387,1.14561,0.138002,-0.811412,0.625972,0,-1.28489,-0.38787,0.166912,10,drone1
-0.660904,0.559916,1.48866e-05,-129.544,0.873647,-1.02941,-140.883,1.10296,0.117121,-0.886903,0.58237,0,0.947621,-0.0460519,0.650094,10,drone1
-0.672419,0.546399,1.54592e-05,-131.371,0.947358,-1.04798,-134.289,1.14249,-0.0299192,-0.791209,0.609674,0,-1.70059,-0.358278,-0.0863193,10,drone1
-0.683206,0.534451,8.62748e-06,-133.213,1.0098,-1.06985,-136.998,1.17243,0.024401,-0.871767,0.60602,0,-3.67704,-0.146963,-0.272075,10,drone1
-0.696349,0.520958,1.36264e-05,-134.927,1.08365,-1.10308,-130.854,1.20506,-0.103904,-0.815734,0.570099,0,-0.178216,-0.284143,-0.23404,10,drone1
-0.707345,0.510301,1.70834e-05,-136.943,1.16645,-1.11369,-124.981,1.23064,-0.231262,-0.686853,0.627181,0,-5.79024,-0.209869,-0.388523,10,drone1
-0.718788,0.500258,1.93846e-05,-140.393,1.31133,-1.05756,-120.269,1.24754,-0.337698,-0.576602,0.68477,0,-11.3725,-0.0618639,-0.475573,10,drone1
-0.731539,0.490423,2.12906e-05,-144.514,1.45214,-1.00735,-117.273,1.27052,-0.392209,-0.63381,0.670763,0,-11.0053,0.101675,-0.584867,10,drone1
-0.746555,0.480548,1.16484e-05,-148.671,1.59302,-0.970495,-123.11,1.34886,-0.235539,-0.792871,0.624069,0,-6.79113,0.165967,-0.618265,10,drone1
-0.759709,0.473303,2.48963e-05,-152.168,1.74112,-0.890105,-121.941,1.39313,-0.237181,-0.714181,0.520956,0,-0.922165,-0.0329103,-0.569925,10,drone1
-0.776925,0.464858,2.27524e-05,-154.823,1.88304,-0.865167,-121.513,1.44792,-0.209025,-0.783775,0.464432,0,2.42809,-0.0291505,-0.644016,10,drone1
-0.794671,0.456949,3.05585e-05,-156.549,1.97128,-0.88904,-122.334,1.51292,-0.142209,-0.823771,0.395408,0,5.46529,-0.0683789,-0.678312,10,drone1
-0.812312,0.44934,2.77649e-05,-157.466,1.91919,-0.825952,-124.012,1.58778,-0.0587794,-0.849504,0.351507,0,7.94535,-0.259171,-0.666468,10,drone1
-0.829295,0.442068,2.37623e-05,-157.381,1.83888,-0.789661,-127.109,1.64664,0.0845077,-0.975789,0.205096,0,14.1512,-0.223719,-0.543899,10,drone1
-0.845072,0.43507,2.15328e-05,-156.241,1.74594,-0.789844,-131.016,1.67507,0.245478,-0.964323,0.138877,0,16.5953,-0.269064,-0.291148,10,drone1
-0.860183,0.427883,2.01394e-05,-153.988,1.64318,-0.822664,-134.217,1.67931,0.361514,-0.833741,0.19419,0,15.4665,-0.346286,-0.011437,10,drone1
-0.87573,0.419663,1.92771e-05,-150.87,1.53864,-0.878509,-139.054,1.6566,0.53057,-0.972017,0.0503246,0,20.7916,-0.397568,0.107349,10,drone1
-0.88962,0.41137,1.08726e-05,-147.161,1.43393,-0.921762,-144.926,1.59909,0.713406,-0.973746,-0.00624285,0,23.0239,-0.474171,0.306069,10,drone1
-0.902052,0.402583,2.29525e-05,-142.403,1.28152,-1.02336,-150.654,1.5176,0.877398,-0.994066,-0.0953895,0,26.3098,-0.5207,0.490635,10,drone1
-0.913674,0.392573,2.04926e-05,-136.902,1.13955,-1.1004,-155.113,1.44022,0.97268,-0.921698,-0.0612745,0,25.6403,-0.582535,0.738056,10,drone1
-0.925014,0.380755,1.88083e-05,-130.7,0.988428,-1.18342,-158.326,1.38,1.01742,-0.889061,-0.0285695,0,24.1281,-0.579965,0.83693,10,drone1
-0.935387,0.367196,1.74461e-05,-124.652,0.84184,-1.25352,-160.389,1.34187,1.01646,-0.859416,0.0201338,0,20.7616,-0.557325,0.902694,10,drone1
-0.944633,0.352163,1.66247e-05,-119.713,0.7206,-1.30103,-160.475,1.34288,0.957916,-0.826645,0.082009,0,16.3513,-0.512285,0.901391,10,drone1
-0.953631,0.335477,8.76912e-06,-115.729,0.642947,-1.32572,-161.842,1.35663,0.945236,-0.77989,0.0840295,0,14.895,-0.773629,0.6387,10,drone1
-0.961405,0.31831,1.25416e-05,-112.506,0.571949,-1.35062,-157.841,1.42433,0.77637,-0.767034,0.173587,0,8.71244,-0.414786,0.849929,10,drone1
-0.967408,0.303043,1.51309e-05,-109.981,0.481411,-1.3738,-152.419,1.50073,0.559026,-0.685379,0.278191,0,0.230855,-0.390482,0.703797,10,drone1
-0.972008,0.28835,1.42265e-05,-108.699,0.449579,-1.37506,-146.448,1.55442,0.322762,-0.621548,0.351733,0,-7.34918,-0.266616,0.515291,10,drone1
-0.976295,0.274294,1.46305e-05,-109.347,0.462005,-1.36386,-148.972,1.5211,0.463772,-0.595135,0.283923,0,-7.75707,0.741821,-0.615865,10,drone1
-0.982991,0.256731,1.52996e-05,-110.344,0.491147,-1.37328,-142.62,1.56556,0.213087,-0.461161,0.392021,0,-14.1375,-0.181177,0.391341,10,drone1
-0.987601,0.243408,1.56462e-05,-111.909,0.528709,-1.36171,-136.652,1.56776,-0.0193964,-0.388221,0.420477,0,-19.9475,0.0337598,0.240405,10,drone1
-0.993091,0.229954,1.5872e-05,-115.244,0.610954,-1.33758,-136.535,1.55174,-0.0832083,-0.292945,0.431501,0,-25.5189,0.169914,0.0825628,10,drone1
-1.00196,0.213049,8.94536e-06,-118.795,0.723455,-1.32264,-132.739,1.53282,-0.225859,-0.460479,0.419191,0,-18.7027,0.132732,-0.00135999,10,drone1
-1.01008,0.199424,1.34192e-05,-122.135,0.827436,-1.29504,-133.275,1.52606,-0.352221,-0.25876,0.361187,0,-20.875,-0.695384,0.476547,10,drone1
-1.02039,0.183852,1.68254e-05,-125.101,0.926591,-1.28755,-130.873,1.49946,-0.424952,-0.324432,0.369104,0,-18.1958,0.322811,-0.225635,10,drone1
-1.03092,0.169629,1.79315e-05,-127.83,1.01861,-1.28085,-129.247,1.48134,-0.481863,-0.270742,0.361978,0,-18.4818,0.24571,-0.245027,10,drone1
-1.04279,0.155271,2.77286e-05,-130.909,1.08199,-1.30535,-129.521,1.49274,-0.470818,-0.355504,0.341429,0,-15.4582,0.25688,-0.416873,10,drone1
-1.05592,0.140881,2.03977e-05,-133.454,1.19861,-1.29511,-130.846,1.51809,-0.42981,-0.343518,0.312517,0,-12.5868,0.187274,-0.424383,10,drone1
-1.06948,0.127054,1.128e-05,-135.385,1.31037,-1.29351,-134.082,1.56221,-0.330056,-0.38819,0.265346,0,-7.85125,0.102261,-0.43013,10,drone1
-1.08203,0.11496,1.76176e-05,-136.346,1.39476,-1.31436,-140.547,1.61083,0.0351436,-0.443322,0.197969,0,-6.9301,1.3908,-1.54276,10,drone1
-1.09199,0.105363,3.39994e-05,-135.456,1.38136,-1.4198,-145.457,1.63434,0.187027,-0.453148,0.127264,0,5.7952,-0.274361,-0.178871,10,drone1
-1.10271,0.0944759,2.82873e-05,-133.503,1.39645,-1.51369,-150.221,1.64923,0.331912,-0.486021,0.0644734,0,10.7429,-0.443883,-0.0134755,10,drone1
-1.1139,0.0820986,1.73597e-05,-130.769,1.40807,-1.62496,-155.92,1.64591,0.50451,-0.525339,-0.00466695,0,15.1016,-0.550752,0.124987,10,drone1
-1.12315,0.0706172,3.64793e-05,-127.302,1.3523,-1.76839,-162.691,1.6175,0.70892,-0.567417,-0.0798873,0,19.7674,-0.678696,0.261118,10,drone1
-1.12872,0.0621796,2.01737e-05,-122.414,1.14101,-1.77454,-166.011,1.59614,0.715666,-0.390164,0.0718278,0,13.5725,-0.620019,1.14085,10,drone1
-1.13476,0.0513435,1.97944e-05,-116.657,0.911592,-1.78359,-172.954,1.53606,0.896924,-0.531574,-0.0680629,0,20.5829,-0.675086,0.585053,10,drone1
-1.13653,0.0456725,1.94117e-05,-109.912,0.653788,-1.75662,-177.321,1.53274,0.810083,-0.487343,0.0553587,0,18.5031,-0.916257,2.52315,10,drone1
-1.13951,0.0359373,1.86195e-05,-102.518,0.401479,-1.72799,175.604,1.43825,0.965758,-0.490842,-0.0618516,0,19.2503,-0.346833,0.825861,10,drone1
-1.13921,0.0355526,2.35519e-05,-94.8868,0.10946,-1.63427,168.414,1.32068,1.09189,-0.453709,-0.0362882,0,18.0949,-0.232204,0.992007,10,drone1
-1.13921,0.0334738,1.76769e-05,-86.2601,-0.11972,-1.51314,161.144,1.18939,1.18649,-0.412406,-0.0169647,0,17.2773,-0.124801,1.14292,10,drone1
-1.13745,0.025829,1.56601e-05,-76.2897,-0.357424,-1.38763,156.102,1.0999,1.20692,-0.406642,-0.0061253,0,15.2757,0.0283933,1.22217,10,drone1
-1.13358,0.0127313,1.50204e-05,-66.7423,-0.56267,-1.26366,163.589,1.27285,0.959097,-0.352097,0.0441762,0,9.35281,0.13519,1.20022,10,drone1
-1.12905,0.00228447,1.45285e-05,-60.53,-0.66924,-1.14788,171.454,1.41822,0.664941,-0.179555,0.168987,0,-11.38,0.100778,0.854402,10,drone1
-1.12676,-0.00261111,1.72351e-05,-58.7979,-0.625394,-1.08058,177.639,1.4952,0.387127,-0.00756105,0.185531,0,-28.1895,0.167741,0.530806,10,drone1
-1.12871,-0.000413311,1.45895e-05,-58.6021,-0.600127,-0.960844,-177.203,1.51901,0.138158,0.114975,0.146716,0,-38.4562,0.290362,0.215781,10,drone1
-1.13477,0.00937812,9.56423e-06,-59.9371,-0.504436,-0.845509,-173.772,1.49558,-0.0597638,0.165438,0.116729,0,-44.8411,0.442704,0.0652701,10,drone1
-1.14089,0.0208704,9.50499e-06,-63.3918,-0.385325,-0.736042,-169.417,1.43658,-0.261085,0.143268,0.12302,0,-46.4725,0.583274,-0.0664706,10,drone1
-1.14676,0.0328465,9.66692e-06,-68.6874,-0.262556,-0.627556,-164.96,1.34327,-0.43332,0.0643553,0.164842,0,-45.4394,0.705788,-0.18077,10,drone1
-1.14887,0.0365076,9.68537e-06,-76.7286,-0.14917,-0.556666,-160.202,1.22092,-0.575131,-0.0295254,0.210482,0,-42.4224,0.808773,-0.262783,10,drone1
-1.14794,0.0284254,9.67159e-06,-86.3666,-0.0514094,-0.530504,-155.833,1.09086,-0.667442,-0.158964,0.255796,0,-36.0483,0.83461,-0.328973,10,drone1
-1.14826,0.0123727,9.74751e-06,-95.9519,0.0372473,-0.529492,-153.455,0.987689,-0.688858,-0.208482,0.24579,0,-29.917,0.812255,-0.386752,10,drone1
-1.15195,-0.00524851,9.82221e-06,-104.667,0.119491,-0.527419,-154.201,0.811668,-0.510724,-0.309868,0.217354,0,-25.8263,2.49677,-0.69246,10,drone1
-1.15839,-0.0228027,9.89691e-06,-111.585,0.188106,-0.524334,-156.776,0.623272,-0.205921,-0.393506,0.176489,0,-22.0426,3.28248,-1.30657,10,drone1
-1.16657,-0.0400121,5.63122e-06,-116.53,0.249949,-0.52122,-158.075,0.623073,-0.174982,-0.299124,0.100002,0,-2.60123,0.115292,-0.162741,10,drone1
-1.17461,-0.0546967,5.34161e-06,-120.348,0.307047,-0.507142,-161.455,0.627467,-0.10643,-0.395068,0.0196329,0,6.47852,0.144488,-0.209041,10,drone1
-1.1824,-0.0679147,9.09348e-06,-122.399,0.337777,-0.502429,-163.518,0.631533,-0.060254,-0.280035,0.0182727,0,10.856,0.0419023,-0.109524,10,drone1
-1.19147,-0.0823504,1.02594e-05,-122.649,0.354096,-0.519072,-167.084,0.685364,0.0244249,-0.379252,-0.0468436,0,13.8308,-0.434165,-0.383342,10,drone1
-1.19984,-0.0960114,1.04799e-05,-121.405,0.353721,-0.543972,-171.38,0.679799,0.10725,-0.397945,-0.133601,0,23.514,0.0151165,-0.0332967,10,drone1
-1.20733,-0.109304,1.05163e-05,-118.648,0.336329,-0.577354,-175.092,0.670733,0.17773,-0.352067,-0.136717,0,25.7941,-0.0320017,0.0414292,10,drone1
-1.21447,-0.123916,1.05707e-05,-114.625,0.306074,-0.624009,-177.963,0.660517,0.230371,-0.303553,-0.116542,0,25.7862,-0.0546003,0.117166,10,drone1
-1.22095,-0.140062,1.07049e-05,-109.86,0.265004,-0.680188,-178.923,0.659417,0.247245,-0.200209,-0.0450123,0,21.6772,-0.0835055,0.205032,10,drone1
-1.22693,-0.157972,1.09182e-05,-105.423,0.22361,-0.742226,178.129,0.652853,0.288185,-0.278987,-0.0915673,0,20.8138,-0.129189,0.187246,10,drone1
-1.23088,-0.175175,1.11393e-05,-101.236,0.177205,-0.798773,173.916,0.644148,0.339331,-0.271838,-0.0903608,0,19.4892,-0.197516,0.223493,10,drone1
-1.23323,-0.191342,1.13419e-05,-96.6354,0.117151,-0.850145,172.549,0.718269,0.332454,-0.158984,-0.0149525,0,15.5835,-0.797534,0.592823,10,drone1
-1.23465,-0.208647,1.16319e-05,-92.0711,0.0508993,-0.905101,170.638,0.724649,0.35143,-0.115522,0.000103011,0,12.5115,-0.196136,0.256112,10,drone1
-1.23463,-0.224843,1.19144e-05,-87.8157,-0.0181787,-0.952932,171.983,0.755308,0.322995,-0.044139,0.0349185,0,8.28291,-0.219342,0.275107,10,drone1
-1.23404,-0.229435,1.18862e-05,-84.1378,-0.078681,-0.944024,172.35,0.784851,0.299317,-0.0804744,0.00642578,0,4.08792,-0.251823,0.289621,10,drone1
-1.23182,-0.244228,1.21917e-05,-81.2803,-0.132868,-0.98608,179.132,0.82735,0.171313,0.0339552,0.0599423,0,-2.73097,-0.0784343,0.305573,10,drone1
-1.23219,-0.236353,1.22595e-05,-80.2459,-0.140007,-0.926723,-178.419,0.842505,0.103569,-0.0580715,0.0256109,0,-9.55827,-0.0670888,0.180774,10,drone1
-1.22995,-0.247685,1.23295e-05,-81.1646,-0.131592,-0.968109,-175.149,0.860757,0.00876943,0.161778,0.0677247,0,-18.4046,-0.131039,0.174935,10,drone1
-1.23211,-0.230656,1.16684e-05,-82.8771,-0.0909847,-0.877325,-170.215,0.867838,-0.0979722,0.0546223,0.0478475,0,-17.8777,-0.098636,0.0370374,10,drone1
-1.23278,-0.220912,1.12564e-05,-85.4809,-0.0468243,-0.824678,-165.463,0.854701,-0.194591,0.0324325,0.0484234,0,-20.8937,0.012732,-0.065512,10,drone1
-1.23287,-0.216346,1.10777e-05,-88.8551,0.00227943,-0.798314,-170.926,0.903796,-0.0396731,-0.00414494,-0.0282532,0,-18.127,0.0142775,-1.07143,10,drone1
-1.23284,-0.21543,1.10313e-05,-91.8709,0.0440231,-0.790017,178.533,1.01461,0.250469,-0.011094,-0.0785703,0,-15.384,-0.737998,-1.75093,10,drone1
-1.23236,-0.214583,1.10002e-05,-93.1986,0.0620538,-0.784397,-177.7,1.00508,0.160241,-0.0890582,0.0255758,0,1.88104,0.240121,0.254197,10,drone1
-1.23358,-0.232351,1.14989e-05,-93.7957,0.0760889,-0.871277,-176.423,0.985481,0.122234,-0.124685,0.0173417,0,0.486005,0.221719,0.172495,10,drone1
-1.23504,-0.251746,1.20788e-05,-94.6879,0.0977365,-0.968955,-176.569,0.972988,0.113836,-0.139692,0.00627699,0,0.784084,0.113032,0.129142,10,drone1
-1.23673,-0.27151,1.2764e-05,-95.4836,0.121199,-1.07204,-172.989,0.850206,-0.115235,-0.175923,0.0629946,0,1.26684,1.19074,1.76464,10,drone1
-1.23883,-0.289772,1.35189e-05,-96.45,0.150752,-1.17126,-175.071,0.875795,-0.0720429,-0.142002,-0.00693752,0,0.299681,-0.203357,-0.143154,10,drone1
-1.24083,-0.308326,1.43604e-05,-97.3155,0.182148,-1.27599,-177.449,0.907913,-0.0221401,-0.127819,-0.0176126,0,3.50342,-0.288947,-0.0985036,10,drone1
-1.24296,-0.326555,1.53279e-05,-97.4992,0.200753,-1.38556,-177.131,0.943518,-0.0168647,-0.000785087,0.00844988,0,3.18709,-0.354912,-0.0596664,10,drone1
-1.24291,-0.326271,1.56898e-05,-97.4124,0.202159,-1.41072,-179.375,0.988367,0.0339852,-0.0767107,-0.0184637,0,6.19997,-0.446478,-0.0375101,10,drone1
-1.24458,-0.341253,1.68164e-05,-97.0122,0.205248,-1.51504,-177.744,1.03084,0.0157888,0.0165324,0.00843754,0,5.22698,-0.421715,0.00352524,10,drone1
-1.24429,-0.337942,1.68244e-05,-96.4347,0.191726,-1.53593,-178.815,1.07914,0.0463461,-0.0470786,-0.0110242,0,5.83446,-0.488667,-0.00485977,10,drone1
-1.24523,-0.347383,1.75511e-05,-95.9004,0.185941,-1.62345,-177.385,1.12584,0.0261089,0.0280655,0.00766002,0,3.70694,-0.461431,0.00669646,10,drone1
-1.24472,-0.341507,1.76784e-05,-95.515,0.176675,-1.64341,-176.839,1.17597,0.0218875,-0.0137435,0.00218717,0,3.46421,-0.500595,-0.00636202,10,drone1
-1.24503,-0.344427,1.8473e-05,-95.3452,0.178158,-1.71035,-176.637,1.22316,0.0220993,-0.00375259,0.00856006,0,2.01725,-0.471351,-0.0206694,10,drone1
-1.24504,-0.344389,1.91764e-05,-95.2301,0.18011,-1.76851,-174.535,1.27227,-0.0204458,0.0120549,0.0147177,0,1.2216,-0.491238,-0.0213003,10,drone1
-1.24498,-0.342219,1.98314e-05,-95.3501,0.188874,-1.82147,-170.645,1.31738,-0.107312,0.00866278,0.0302105,0,-0.821925,-0.490749,-0.0623071,10,drone1
-1.24516,-0.341247,2.06311e-05,-96.0607,0.218397,-1.88408,-161.765,1.30578,-0.477139,0.031408,0.105615,0,-1.24675,-0.490643,1.58837,10,drone1
-1.24596,-0.339251,2.14745e-05,-98.5168,0.308931,-1.93943,-157.06,1.31432,-0.573539,0.05054,0.0333406,0,-13.9684,-0.404634,-0.634783,10,drone1
-1.24492,-0.331815,2.20159e-05,-102.632,0.457531,-1.95812,-154.693,1.34613,-0.612712,0.0331151,0.0193225,0,-15.779,-0.365894,-0.799156,10,drone1
-1.24372,-0.327277,2.28826e-05,-106.952,0.623257,-1.98204,-151.859,1.37356,-0.65572,0.0307407,0.022059,0,-14.1646,-0.334353,-0.865866,10,drone1
-1.24256,-0.323714,2.394e-05,-111.122,0.793792,-2.00393,-144.425,1.33848,-0.803549,0.0662688,0.0424435,0,-13.9163,-0.305737,-0.909588,10,drone1
-1.24033,-0.31694,2.74323e-05,-116.836,1.00353,-1.92824,-140.662,1.3732,-0.781029,0.0323265,0.0294844,0,-17.3166,0.196622,-1.86288,10,drone1
-1.23921,-0.315102,2.4659e-05,-123.331,1.188,-1.76906,-136.475,1.38383,-0.842805,0.0359894,0.0274096,0,-14.679,-0.115367,-1.14951,10,drone1
-1.2379,-0.31322,2.33943e-05,-128.983,1.33266,-1.61658,-136.34,1.45237,-0.792107,0.00516183,0.009014,0,-11.6009,0.0417461,-1.19633,10,drone1
-1.23752,-0.312897,2.29258e-05,-132.468,1.41484,-1.51834,-131.91,1.44871,-0.840494,0.0226334,0.0332153,0,-6.65415,0.0826281,-1.05338,10,drone1
-1.23893,-0.314269,2.2867e-05,-135.717,1.49748,-1.43473,-132.503,1.5438,-0.728757,-0.0037094,-0.00621842,0,-5.89785,0.263064,-1.44249,10,drone1
-1.23819,-0.313445,2.27551e-05,-138.167,1.55144,-1.36404,-124.899,1.48529,-0.864298,0.039295,0.0496617,0,-4.30846,0.191725,-0.91325,10,drone1
-1.23982,-0.314982,2.17854e-05,-140.921,1.62439,-1.29844,-121.944,1.49655,-0.875644,0.0194973,0.0241395,0,-8.72912,0.379791,-1.05305,10,drone1
-1.24099,-0.315679,2.26549e-05,-145.917,1.74642,-1.16077,-119.278,1.51009,-0.880579,0.0156586,0.0270128,0,-8.77275,0.441093,-1.0168,10,drone1
-1.24334,-0.317022,2.34185e-05,-149.734,1.84665,-1.05677,-116.645,1.52685,-0.877177,0.0158993,0.0239576,0,-6.53014,0.493548,-1.01131,10,drone1
-1.24555,-0.318134,2.40676e-05,-153.162,1.93933,-0.960765,-114.284,1.55121,-0.864077,0.0149682,0.0203591,0,-5.3007,0.528193,-1.0042,10,drone1
-1.24752,-0.31896,2.59175e-05,-156.288,1.99827,-0.853949,-112.475,1.58796,-0.834919,0.0118036,0.0158833,0,-4.10964,0.550524,-0.995257,10,drone1
-1.24917,-0.319486,2.41298e-05,-158.983,1.99793,-0.747019,-112.851,1.70275,-0.758789,0.00855227,0.00160039,0,-3.7299,0.30377,-1.34307,10,drone1
-1.24889,-0.318983,2.31704e-05,-160.66,1.97832,-0.674829,-111.13,1.73051,-0.727775,0.00968017,0.0108589,0,0.34749,0.54502,-0.784256,10,drone1
-1.25011,-0.319473,2.27486e-05,-161.854,1.96623,-0.625183,-108.779,1.74111,-0.717876,0.0114993,0.0205453,0,0.214047,0.591617,-0.676579,10,drone1
-1.25306,-0.320523,2.26012e-05,-163.473,1.97285,-0.56636,-107.304,1.75851,-0.688701,0.0097241,0.00916828,0,-0.85818,0.60641,-0.597371,10,drone1
-1.25404,-0.320736,2.24362e-05,-165.234,1.97646,-0.502051,-105.849,1.77526,-0.659727,0.00787021,0.0143495,0,-0.571337,0.614902,-0.560092,10,drone1
-1.25622,-0.321231,2.24446e-05,-166.879,1.98993,-0.445079,-103.041,1.7661,-0.678767,0.0221868,0.00427909,0,-0.835467,0.602164,-0.439291,10,drone1
-1.25584,-0.321285,2.23755e-05,-168.728,1.99799,-0.379604,-101.997,1.78612,-0.640998,0.00708352,0.0102152,0,-1.37048,0.649845,-0.494678,10,drone1
-1.25742,-0.321453,2.25282e-05,-170.622,2.02063,-0.315236,-98.6859,1.77094,-0.679541,0.0269633,0.00228243,0,-1.38428,0.613433,-0.392397,10,drone1
-1.25676,-0.321495,2.26217e-05,-172.619,2.03795,-0.245611,-95.8937,1.76256,-0.702314,0.0239906,0.000594209,0,-2.65488,0.664124,-0.38955,10,drone1
-1.25615,-0.321467,2.28199e-05,-174.901,2.06111,-0.165635,-92.4315,1.73955,-0.749414,0.0309858,-0.00929355,0,-3.74537,0.674203,-0.322131,10,drone1
-1.25365,-0.321338,2.29924e-05,-177.393,2.07945,-0.0764995,-89.3804,1.72913,-0.778067,0.0273445,0.00349474,0,-4.77419,0.77213,-0.385046,10,drone1
-1.25414,-0.321332,2.34606e-05,179.941,2.11543,0.0203356,-85.9302,1.71345,-0.81724,0.0312124,0.00762222,0,-5.49021,0.822063,-0.372746,10,drone1
-1.25574,-0.321231,2.41102e-05,177.126,2.15896,0.126527,-83.8881,1.65355,-0.796518,0.0231587,0.0474522,0,-4.94385,0.930075,0.330706,10,drone1
-1.2655,-0.320479,2.34572e-05,174.28,2.14362,0.231773,-81.3402,1.67202,-0.800126,0.025742,0.0158337,0,-5.23715,0.925823,-0.496389,10,drone1
-1.26901,-0.319984,2.16155e-05,171.464,2.01208,0.318679,-79.5531,1.69477,-0.784621,0.0168647,-0.00595562,0,-4.68489,0.898201,-0.389169,10,drone1
-1.26818,-0.320162,2.02454e-05,168.736,1.86547,0.389014,-80.7096,1.82688,-0.661137,-0.0115978,-0.029938,0,-3.8233,1.2393,-0.979448,10,drone1
-1.26165,-0.322012,1.86837e-05,166.761,1.70273,0.418679,-80.6381,1.84334,-0.588723,0.00394111,-0.00302686,0,0.7389,0.740558,-0.0498606,10,drone1
-1.26163,-0.322198,1.75986e-05,165.7,1.58506,0.422522,-78.9606,1.81752,-0.577484,0.00927179,-0.0121969,0,2.48404,0.549018,0.184145,10,drone1
-1.25958,-0.322646,1.64891e-05,164.77,1.46576,0.417822,-77.3378,1.9651,-0.581464,-0.00276366,-0.0705949,0,2.38593,0.672137,-1.52925,10,drone1
-1.24595,-0.326421,1.49543e-05,163.627,1.29606,0.399714,-75.9232,1.91005,-0.567784,0.0106947,0.00138379,0,1.13655,0.481556,0.52554,10,drone1
-1.24689,-0.326095,1.42226e-05,162.4,1.20176,0.400345,-74.9626,1.8414,-0.547322,0.0095686,0.010621,0,1.00291,0.335963,0.697235,10,drone1
-1.24926,-0.325364,1.35997e-05,161.271,1.12059,0.399153,-74.812,1.77949,-0.501489,0.00307955,0.00686752,0,1.51865,0.29033,0.713303,10,drone1
-1.24911,-0.32557,1.29508e-05,160.553,1.03516,0.38478,-73.8688,1.70966,-0.483187,0.00782208,0.00754153,0,2.27536,0.237487,0.713058,10,drone1
-1.2509,-0.324889,1.24602e-05,160.034,0.965323,0.370043,-72.7614,1.63716,-0.472035,0.00994106,0.00887711,0,1.97438,0.199185,0.722925,10,drone1
-1.25304,-0.324045,1.20473e-05,159.348,0.90056,0.358877,-71.7379,1.56566,-0.460509,0.0094362,0.00715957,0,1.38332,0.169297,0.717889,10,drone1
-1.25483,-0.323337,1.16714e-05,158.543,0.837627,0.348772,-71.6326,1.50257,-0.425501,0.00828819,0.00488673,0,1.0613,0.140542,0.707611,10,drone1
-1.25471,-0.323509,1.12803e-05,157.99,0.770797,0.331203,-71.445,1.44391,-0.391638,0.00450109,-0.00614737,0,1.88368,0.146233,0.661241,10,drone1
-1.25467,-0.323574,1.09368e-05,157.794,0.70995,0.309444,-71.2291,1.3796,-0.366031,0.00664252,0.00301047,0,2.16532,0.0497991,0.690318,10,drone1
-1.25466,-0.323597,1.06418e-05,157.727,0.65301,0.287094,-70.0802,1.30905,-0.366781,0.00932809,0.00457125,0,2.02997,0.0119653,0.67879,10,drone1
-1.25612,-0.322861,1.0421e-05,157.386,0.60493,0.271684,-69.963,1.24544,-0.345845,0.0037688,0.00494245,0,1.17727,-0.0137157,0.669433,10,drone1
-1.25603,-0.322983,1.01974e-05,156.981,0.55172,0.254176,-69.7842,1.18269,-0.328928,-0.007301,0.00185035,0,1.79179,-0.0469796,0.648149,10,drone1
-1.25601,-0.323031,9.99235e-06,156.848,0.502555,0.234676,-69.5833,1.12043,-0.315606,-0.00753846,-0.00113393,0,2.01252,-0.0801854,0.631622,10,drone1
-1.256,-0.323046,9.81863e-06,156.806,0.456087,0.215204,-69.3927,1.05858,-0.30575,-0.00643105,-0.00398932,0,1.90787,-0.114198,0.615786,10,drone1
-1.256,-0.323052,9.6691e-06,156.793,0.41177,0.196325,-70.3496,1.00763,-0.275002,-0.0127112,-0.00820033,0,2.01748,-0.104492,0.567896,10,drone1
-1.25362,-0.324241,9.50483e-06,157.193,0.35877,0.170583,-71.986,0.949291,-0.243839,-0.0170334,-0.00256816,0,3.14562,-0.241417,0.628979,10,drone1
-1.25203,-0.325076,9.36955e-06,158.358,0.312663,0.143597,-74.1715,0.896066,-0.208121,-0.0236981,-0.00585426,0,4.78438,-0.257076,0.591077,10,drone1
-1.24954,-0.326207,9.24542e-06,160.237,0.264061,0.114155,-76.288,0.842311,-0.181121,-0.0239739,-0.00787773,0,5.71898,-0.291829,0.577738,10,drone1
-1.24687,-0.327196,9.14691e-06,162.561,0.215205,0.0866108,-77.538,0.785104,-0.176736,-0.0156865,-0.00464945,0,5.66863,-0.340749,0.572529,10,drone1
-1.24541,-0.327537,9.08758e-06,164.823,0.171935,0.0654415,-77.1429,0.71833,-0.204304,0.00144651,-0.000494312,0,3.94939,-0.39461,0.604937,10,drone1
-1.24563,-0.327182,9.06248e-06,166.445,0.136385,0.0515807,-79.4437,0.65683,-0.205095,-0.0196748,0.00158424,0,2.09597,-0.461433,0.616738,10,drone1
-1.24502,-0.327489,9.02122e-06,167.911,0.0967145,0.0392883,-82.0413,0.599702,-0.211016,-0.022108,0.00369743,0,2.82576,-0.4939,0.59573,10,drone1
-1.24492,-0.32766,8.99077e-06,169.805,0.0597788,0.0291843,-83.6137,0.542775,-0.23699,-0.0146661,0.00415255,0,3.67903,-0.53078,0.583752,10,drone1
-1.24539,-0.327571,8.98516e-06,171.84,0.0257479,0.0220308,-84.7557,0.48814,-0.274532,-0.011171,0.00264821,0,3.22477,-0.564718,0.559351,10,drone1
-1.24574,-0.327478,8.98746e-06,173.767,-0.00884214,0.0173051,-86.2705,0.439286,-0.315359,-0.0136512,0.000828441,0,2.41761,-0.598721,0.528995,10,drone1
-1.2457,-0.327474,8.99254e-06,175.605,-0.045242,0.0147374,-88.7654,0.399758,-0.354964,-0.0211853,0.000703193,0,2.27679,-0.632504,0.511659,10,drone1
-1.24557,-0.327523,9.00384e-06,177.503,-0.082013,0.0145935,-83.8306,0.259755,-0.612145,0.037602,0.0375124,0,2.08189,-2.26108,1.0811,10,drone1
-1.25367,-0.32711,9.02347e-06,178.872,-0.0792344,0.0166407,-86.6573,0.246977,-0.648852,-0.0181731,0.0075214,0,-4.01212,-0.532728,0.312752,10,drone1
-1.25462,-0.327115,9.03303e-06,179.866,-0.110566,0.0179163,-89.9777,0.247322,-0.690066,-0.0242219,-0.00316311,0,-2.37022,-0.580375,0.29766,10,drone1
-1.25362,-0.327095,9.06424e-06,-178.872,-0.151321,0.0211504,-94.997,0.304839,-0.678602,-0.0376232,-0.0125526,0,-1.85358,-0.120099,-0.00499298,10,drone1
-1.25098,-0.32692,9.11982e-06,-177.184,-0.199985,0.0280245,-98.447,0.309113,-0.732807,-0.0288456,-0.0132312,0,3.90632,-0.705206,0.492756,10,drone1
-1.24883,-0.326679,9.18396e-06,-175.074,-0.246273,0.0394475,-101.839,0.320979,-0.791601,-0.029441,-0.0113639,0,5.64146,-0.725796,0.529745,10,drone1
-1.24744,-0.326398,9.25916e-06,-172.636,-0.288585,0.0555941,-104.909,0.336438,-0.855654,-0.0276367,-0.0102973,0,6.77541,-0.7397,0.567445,10,drone1
-1.24658,-0.326144,9.34244e-06,-169.892,-0.327758,0.0768584,-107.582,0.354701,-0.926529,-0.025287,-0.00814365,0,7.35856,-0.769961,0.593223,10,drone1
-1.24636,-0.326026,9.43239e-06,-166.934,-0.362888,0.102831,-115.641,0.503446,-0.919331,-0.0617074,-0.0331167,0,7.83504,-0.560863,0.11337,10,drone1
-1.2435,-0.324431,9.57193e-06,-162.638,-0.407194,0.146291,-117.066,0.518567,-1.00339,-0.0191449,-0.00749556,0,12.0891,-0.777424,0.784506,10,drone1
-1.24418,-0.325068,9.70436e-06,-157.959,-0.429033,0.193294,-118.889,0.547802,-1.08498,-0.0241596,0.000169464,0,9.31096,-0.81529,0.714496,10,drone1
-1.24645,-0.326234,9.77599e-06,-154.557,-0.444424,0.2315,-123.307,0.625378,-1.11828,-0.0416477,-0.0074305,0,7.26774,-0.627276,0.609281,10,drone1
-1.24874,-0.327129,9.85267e-06,-150.731,-0.456081,0.27631,-125.39,0.658717,-1.15092,-0.0260717,-0.000783261,0,7.71456,-0.383951,0.561562,10,drone1
-1.25136,-0.328877,1.00132e-05,-146.909,-0.462264,0.322915,-127.856,0.694333,-1.1571,-0.0270537,-0.00318708,0,6.03083,-0.176919,0.462266,10,drone1
-1.2536,-0.330426,1.01242e-05,-143.849,-0.471678,0.367042,-136.324,0.803805,-0.922717,-0.0728712,-0.0383441,0,5.32695,1.27725,-0.241685,10,drone1
-1.25471,-0.33091,1.0234e-05,-137.955,-0.46336,0.442088,-138.823,0.817541,-0.907681,-0.0269212,-0.0122346,0,10.2594,0.107623,0.539233,10,drone1
-1.25716,-0.333355,1.00346e-05,-131.458,-0.43526,0.518785,-142.899,0.845431,-0.852129,-0.0365191,-0.0177032,0,7.25491,0.270701,0.402405,10,drone1
-1.25923,-0.335863,1.04355e-05,-127.101,-0.418057,0.582112,-145.29,0.838407,-0.813606,-0.0217246,-0.0111191,0,4.31664,0.372579,0.309393,10,drone1
-1.26082,-0.337884,1.07527e-05,-123.335,-0.403366,0.645854,-147.116,0.810904,-0.771213,-0.00566873,-0.0148887,0,1.62089,0.530665,0.20208,10,drone1
-1.26063,-0.337385,1.11274e-05,-120.804,-0.405709,0.715695,-148.51,0.770341,-0.73152,0.00579481,-0.0162202,0,-0.47793,0.601056,0.148176,10,drone1
-1.25943,-0.335119,1.15623e-05,-119.033,-0.418825,0.791829,-151.549,0.740732,-0.666508,-0.0190919,-0.0154393,0,-0.654282,0.691549,0.145846,10,drone1
-1.26001,-0.336512,1.19138e-05,-116.961,-0.415254,0.856336,-154.154,0.693916,-0.607158,-0.019781,-0.012853,0,0.582059,0.793352,0.150125,10,drone1
-1.26101,-0.338586,1.22448e-05,-114.35,-0.398619,0.924629,-156.517,0.63534,-0.551439,-0.0174594,-0.012897,0,1.07067,0.868754,0.131836,10,drone1
-1.26187,-0.340505,1.26391e-05,-111.801,-0.379045,0.996284,-154.725,0.487356,-0.586597,-0.0185143,0.0224999,0,0.869544,1.14272,0.666978,10,drone1
-1.26455,-0.345818,1.29658e-05,-110.683,-0.374912,1.04434,-157.942,0.430155,-0.521398,-0.0207158,-0.015024,0,-3.35158,0.946264,0.0320967,10,drone1
-1.26489,-0.34785,1.34596e-05,-109.839,-0.381489,1.11079,-160.633,0.363941,-0.469179,-0.0111161,-0.0169161,0,-1.39786,0.945987,0.0432107,10,drone1
-1.26499,-0.34852,1.40165e-05,-107.921,-0.367371,1.1947,-164.414,0.303819,-0.420193,-0.022107,-0.0242177,0,0.971129,0.937131,0.0745483,10,drone1
-1.26548,-0.350921,1.45923e-05,-105.332,-0.331762,1.27828,-167.376,0.22536,-0.376727,-0.0148415,-0.0218834,0,2.59978,1.04892,0.00289058,10,drone1
-1.26587,-0.352582,1.52745e-05,-102.329,-0.281083,1.37046,-172.853,0.208615,-0.265359,-0.010582,-0.0433316,0,2.54368,0.696163,-0.74777,10,drone1
-1.26559,-0.352641,1.61011e-05,-98.8305,-0.210899,1.47467,-175.774,0.108878,-0.237659,-0.0137549,-0.0255736,0,5.60243,1.16355,-0.0532711,10,drone1
-1.26593,-0.354854,1.69481e-05,-95.0444,-0.120459,1.56956,178.733,-0.0251867,-0.177707,-0.107669,-0.0513013,0,7.67695,1.60005,-0.448226,10,drone1
-1.26684,-0.37192,1.71311e-05,-91.1321,-0.0133961,1.59157,175.555,-0.12751,-0.171538,-0.0454539,-0.0319963,0,8.03611,1.13544,-0.173849,10,drone1
-1.26674,-0.381118,1.77475e-05,-87.0759,0.102281,1.64843,172.708,-0.230995,-0.165394,-0.00477143,-0.0274201,0,6.18672,1.1133,-0.278776,10,drone1
-1.26664,-0.382478,1.88718e-05,-83.1302,0.227745,1.7391,169.544,-0.32796,-0.164016,0.00854266,-0.0276451,0,4.99513,1.0372,-0.335458,10,drone1
-1.2668,-0.381563,2.02597e-05,-79.313,0.365018,1.83638,166.247,-0.427944,-0.166408,0.00915186,-0.027725,0,4.21607,1.04576,-0.419505,10,drone1
-1.26699,-0.380891,2.1791e-05,-75.5795,0.51441,1.92742,162.876,-0.530114,-0.173498,0.0081184,-0.027969,0,3.67943,1.04193,-0.500196,10,drone1
-1.26708,-0.380757,2.34612e-05,-71.8934,0.676401,2.00982,159.444,-0.63599,-0.184623,0.00665249,-0.0286037,0,3.33147,1.04542,-0.599007,10,drone1
-1.26698,-0.381274,3.25959e-05,-68.2284,0.843857,2.01859,155.92,-0.744691,-0.19798,0.0236213,-0.0225257,0,2.53756,1.0298,-0.713153,10,drone1
-1.26818,-0.378707,2.61183e-05,-64.5648,0.911067,1.85707,152.273,-0.849356,-0.213619,0.0375841,-0.0158989,0,1.89187,0.940433,-0.809742,10,drone1
-1.27078,-0.373794,2.28081e-05,-60.8467,0.977918,1.70992,148.857,-0.934881,-0.232475,0.0260067,-0.0181506,0,2.03624,0.717263,-0.783645,10,drone1
-1.27222,-0.371449,2.06947e-05,-57.1763,1.0276,1.55739,151.112,-0.956388,-0.212228,0.013531,0.0275262,0,1.27206,0.192679,0.0531931,10,drone1
-1.2742,-0.36777,1.96559e-05,-55.9983,1.00832,1.46017,146.871,-1.00847,-0.236821,0.00918691,-0.0291827,0,-3.86944,0.434979,-0.662359,10,drone1
-1.27425,-0.368303,1.81083e-05,-54.8979,0.973312,1.35234,143.337,-1.05095,-0.258812,-0.00938762,-0.0385785,0,-0.412902,0.281637,-0.64718,10,drone1
-1.27085,-0.372997,1.6741e-05,-51.5913,0.971211,1.1952,140.304,-1.0787,-0.276792,-0.0196847,-0.0466345,0,2.64248,0.0897691,-0.60311,10,drone1
-1.26514,-0.379824,1.54336e-05,-48.2382,0.949801,1.03607,136.876,-1.08896,-0.298447,-0.000451431,-0.0368413,0,1.77421,-0.0717323,-0.539746,10,drone1
-1.26194,-0.383257,1.4486e-05,-44.8318,0.932748,0.901363,132.046,-1.20138,-0.263932,-0.0187186,-0.0709346,0,1.79073,0.133284,-1.91328,10,drone1
-1.25283,-0.391796,1.33721e-05,-41.1984,0.882819,0.748374,128.438,-1.17487,-0.297086,0.0286744,-0.0131217,0,2.57449,-0.39933,-0.26184,10,drone1
-1.25506,-0.389876,1.28575e-05,-37.9917,0.87455,0.659979,127.565,-1.15807,-0.271338,0.00966526,-0.00271875,0,3.16193,-0.463332,-0.217777,10,drone1
-1.25531,-0.389873,1.22888e-05,-35.5332,0.845436,0.58167,125.291,-1.12594,-0.267077,0.0247444,0.00240594,0,0.572848,-0.529267,-0.149592,10,drone1
-1.25821,-0.38781,1.20395e-05,-33.7074,0.822309,0.526769,122.071,-1.08484,-0.278641,0.0232978,-0.0111646,0,0.525441,-0.566363,-0.103219,10,drone1
-1.25901,-0.387207,1.17358e-05,-31.0543,0.796429,0.458288,118.885,-1.04285,-0.28743,0.0194657,-0.0185972,0,2.01558,-0.593255,-0.080121,10,drone1
-1.25802,-0.387745,1.13825e-05,-27.8665,0.764345,0.383479,119.007,-0.927804,-0.284067,0.0135735,0.0233175,0,2.02424,-0.580253,0.989924,10,drone1
-1.26265,-0.385808,1.11397e-05,-25.7232,0.750239,0.341361,115.577,-0.890513,-0.279481,0.0184215,-0.0206238,0,-0.746706,-0.602024,-0.120437,10,drone1
-1.26107,-0.38627,1.09207e-05,-23.8611,0.706064,0.292329,111.557,-0.848798,-0.281574,0.0254117,-0.019764,0,0.218336,-0.626852,-0.0791398,10,drone1
-1.2599,-0.386545,1.06538e-05,-20.7595,0.670139,0.234496,102.601,-0.793821,-0.217065,0.0653238,-0.0335605,0,0.40484,-1.80727,-0.701259,10,drone1
-1.25892,-0.386018,1.04711e-05,-15.5218,0.641943,0.159268,101.015,-0.765497,-0.190518,0.015245,-0.0193314,0,8.67313,-0.625734,0.0944176,10,drone1
-1.25548,-0.38734,1.02008e-05,-9.84397,0.596705,0.0850013,99.7906,-0.741605,-0.157282,0.00963056,-0.0214746,0,5.17366,-0.585163,0.0921661,10,drone1
-1.25138,-0.388218,9.99382e-06,-5.34469,0.542525,0.0323883,98.6106,-0.715342,-0.114942,0.00650789,-0.0200986,0,0.828824,-0.615689,0.127357,10,drone1
-1.24743,-0.388605,9.79857e-06,-1.5215,0.487307,-0.0053303,97.2568,-0.690576,-0.0764613,0.00620903,-0.0164836,0,-2.4813,-0.552771,0.132029,10,drone1
-1.24419,-0.388605,9.63647e-06,1.82757,0.435398,-0.0321452,96.3031,-0.663616,-0.0276553,0.00240005,-0.010835,0,-4.72323,-0.581338,0.169875,10,drone1
-1.24193,-0.38837,9.50931e-06,4.71924,0.389093,-0.0504058,96.2025,-0.637315,0.0330653,-0.00557139,-0.0086988,0,-6.90159,-0.574922,0.174518,10,drone1
-1.23989,-0.387923,9.40014e-06,7.00441,0.345271,-0.0607607,95.1913,-0.611738,0.0787814,0.00536844,-0.00788198,0,-10.1157,-0.496194,0.165762,10,drone1
-1.23978,-0.387724,9.33399e-06,8.6829,0.312577,-0.0661494,94.0515,-0.586755,0.118399,0.00550968,-0.00595946,0,-11.4022,-0.433805,0.174513,10,drone1
-1.23967,-0.387549,9.27337e-06,9.89728,0.281676,-0.0676197,92.8578,-0.562996,0.159551,0.00529588,-0.00585724,0,-11.9408,-0.444051,0.166699,10,drone1
-1.23959,-0.387414,9.22084e-06,10.7393,0.252583,-0.0664236,91.662,-0.540447,0.198974,0.00513821,-0.00570898,0,-11.961,-0.421697,0.166363,10,drone1
-1.23954,-0.387317,9.17578e-06,11.304,0.225072,-0.0635411,90.5016,-0.518045,0.234102,0.00503635,-0.00556273,0,-11.6066,-0.37495,0.17999,10,drone1
-1.2395,-0.387251,9.13742e-06,11.6739,0.198909,-0.0596703,89.4008,-0.497514,0.271533,0.00502525,-0.00543353,0,-11.0111,-0.391529,0.168537,10,drone1
-1.23948,-0.387207,9.10498e-06,11.912,0.173882,-0.0552684,88.373,-0.477775,0.308278,0.00503463,-0.00531458,0,-10.28,-0.379891,0.170867,10,drone1
-1.23946,-0.387179,9.07778e-06,12.0636,0.149816,-0.0506154,87.4242,-0.460554,0.347251,0.00508266,-0.00521211,0,-9.49052,-0.39679,0.15388,10,drone1
-1.23946,-0.38716,9.05526e-06,12.1593,0.126567,-0.0458738,86.5552,-0.439937,0.380644,0.0051017,-0.00510594,0,-8.69286,-0.338318,0.198134,10,drone1
-1.23945,-0.387149,9.03694e-06,12.2193,0.104011,-0.0411318,85.7634,-0.419867,0.414513,0.00515736,-0.00501805,0,-7.91953,-0.338833,0.199847,10,drone1
-1.23945,-0.387141,9.02244e-06,12.2567,0.0820452,-0.0364333,93.2553,-0.344633,0.505941,-0.0619504,-0.00432927,0,-4.8894,-0.360903,0.153705,10,drone1
-1.23903,-0.386036,8.97632e-06,10.7708,0.0583559,-0.0295407,93.6002,-0.315619,0.550129,-0.0136572,0.000343758,0,-14.0998,-0.352045,0.0782297,10,drone1
-1.23906,-0.386134,8.98678e-06,8.18946,0.0375122,-0.0237368,92.2739,-0.301339,0.583657,-0.00691856,-0.00303276,0,-13.2641,-0.353567,0.0848919,10,drone1
-1.23923,-0.386373,9.00414e-06,6.07879,0.0174171,-0.0201525,92.1533,-0.191076,0.5899,-0.00731658,0.0274435,0,-11.9974,-0.136748,0.982091,10,drone1
-1.2448,-0.386941,9.00158e-06,4.32833,0.0234242,-0.0200153,91.4081,-0.180737,0.632327,0.00496844,-0.00490022,0,-7.45237,-0.431938,0.0621586,10,drone1
-1.24482,-0.387019,8.99728e-06,2.82536,0.00286639,-0.018347,96.9818,-0.0332333,0.534769,-0.0470562,0.0466346,0,-6.18778,1.0802,0.865136,10,drone1
-1.25389,-0.387213,8.98896e-06,1.0509,0.0261607,-0.0186496,94.8843,-0.040773,0.591949,0.00845672,-0.00744242,0,-9.02633,-0.577158,-0.0760956,10,drone1
-1.25262,-0.387213,8.9902e-06,-0.786601,-0.000190765,-0.0181733,94.0632,-0.0423715,0.649182,0.000645412,-0.0221153,0,-4.96652,-0.572594,-0.0538645,10,drone1
-1.24828,-0.387288,8.99806e-06,-2.20387,-0.0410587,-0.0197669,93.7928,-0.0352639,0.706411,-0.00110471,-0.020516,0,-2.25171,-0.577098,0.0252234,10,drone1
-1.24426,-0.387434,9.01516e-06,-3.34788,-0.0802878,-0.0229038,93.0787,-0.032789,0.77201,0.00407343,-0.0139717,0,-0.731294,-0.66623,0.0560118,10,drone1
-1.24165,-0.387524,9.03549e-06,-4.21835,-0.112814,-0.0265453,92.3682,-0.0298557,0.841693,0.00588588,-0.00915168,0,1.07909,-0.707679,0.107668,10,drone1
-1.23999,-0.387564,9.06005e-06,-4.78531,-0.140966,-0.0300415,92.6328,-0.0107601,0.91266,0.00646372,-0.00615912,0,2.64665,-0.713371,0.176323,10,drone1
-1.24005,-0.38753,9.08345e-06,-5.16649,-0.161163,-0.03283,92.9271,0.0167032,0.989441,0.00660978,-0.00435781,0,2.94434,-0.773801,0.257013,10,drone1
-1.24007,-0.387505,9.10781e-06,-5.46864,-0.181926,-0.0356854,93.2298,0.0468787,1.06752,0.0066211,-0.00436967,0,3.02928,-0.788624,0.280308,10,drone1
-1.24009,-0.387484,9.1347e-06,-5.70661,-0.203181,-0.0385791,93.5322,0.0778086,1.14674,0.00660319,-0.00437526,0,3.0276,-0.801746,0.283295,10,drone1
-1.2401,-0.387467,9.16541e-06,-5.89303,-0.224998,-0.0415045,93.8281,0.109485,1.22748,0.00657873,-0.00438511,0,2.96208,-0.818871,0.285522,10,drone1
-1.24011,-0.387453,9.20045e-06,-6.03842,-0.24745,-0.0444612,94.1129,0.141895,1.31015,0.00655295,-0.00439609,0,2.85156,-0.840271,0.287047,10,drone1
-1.24012,-0.387442,9.24016e-06,-6.15138,-0.270608,-0.0474545,94.3835,0.175037,1.3952,0.00652725,-0.00440671,0,2.71101,-0.865981,0.288062,10,drone1
-1.24013,-0.387433,9.28495e-06,-6.23888,-0.294548,-0.0504929,94.7283,0.195334,1.42272,0.000988206,0.0273099,0,2.03094,-0.289409,0.151205,10,drone1
-1.24565,-0.386828,9.28013e-06,-6.32352,-0.292772,-0.0507364,93.8019,0.198941,1.49791,0.00845818,-0.00567692,0,2.16876,-0.734042,0.272665,10,drone1
-1.24461,-0.386848,9.34246e-06,-6.26891,-0.323451,-0.0538226,93.4702,0.213333,1.55146,0.0043766,-0.0115333,0,3.27786,-0.524966,0.295173,10,drone1
-1.24238,-0.387051,9.42851e-06,-6.03409,-0.360952,-0.0564421,93.1336,0.226008,1.59014,0.00471847,-0.0122653,0,3.63956,-0.370552,0.304689,10,drone1
-1.24,-0.387263,9.52685e-06,-5.70615,-0.400251,-0.0582723,91.7043,0.206698,1.62088,0.0136117,-0.00379384,0,3.42865,-0.250408,0.292544,10,drone1
-1.23948,-0.387212,9.60978e-06,-5.18655,-0.432002,-0.0574714,89.895,0.177865,1.63824,0.0175391,0.00170494,0,4.35531,-0.0985939,0.348108,10,drone1
-1.23999,-0.387065,9.69148e-06,-4.37359,-0.460237,-0.0534403,87.7728,0.138929,1.64648,0.0207754,0.00569502,0,5.46837,0.00670943,0.37492,10,drone1
-1.24118,-0.386892,9.77321e-06,-3.25937,-0.486707,-0.0459404,84.9032,0.0816548,1.6442,0.0274625,0.00280295,0,6.68058,0.129179,0.435228,10,drone1
-1.24158,-0.38679,9.87678e-06,-1.80729,-0.518429,-0.0345693,83.8445,0.0744637,1.63142,0.0153994,-0.00292396,0,8.77419,0.228504,0.453144,10,drone1
-1.24068,-0.386797,1.00142e-05,-0.168064,-0.557597,-0.0198461,89.8727,0.271774,1.5927,-0.0367303,-0.023754,0,10.1165,0.332403,0.497743,10,drone1
-1.23639,-0.386722,1.02228e-05,0.920558,-0.614197,-0.00833229,93.2613,0.388897,1.54741,-0.0246479,-0.017447,0,2.18491,0.280518,0.289743,10,drone1
-1.23276,-0.386595,1.045e-05,1.19772,-0.669602,-0.00419538,92.9625,0.408148,1.51783,-0.00579789,-0.00117526,0,-2.99107,0.279366,0.215621,10,drone1
-1.23281,-0.386596,1.06296e-05,1.1968,-0.709445,-0.00337697,92.6155,0.42884,1.48579,0.00859477,0.00297511,0,-3.47284,0.303036,0.231523,10,drone1
-1.23281,-0.386597,1.08279e-05,1.19601,-0.751738,-0.00250052,90.8278,0.412983,1.46187,0.0115958,0.00402149,0,-3.24034,0.324979,0.246779,10,drone1
-1.2338,-0.386642,1.10289e-05,1.31944,-0.791599,3.23211e-05,90.6974,0.441239,1.42562,0.00600802,0.00571916,0,-1.30704,0.355353,0.291425,10,drone1
-1.23377,-0.386635,1.12744e-05,1.5295,-0.838659,0.00419673,90.565,0.470154,1.38857,0.00593566,0.00524791,0,-1.3282,0.363845,0.297447,10,drone1
-1.23376,-0.38663,1.15508e-05,1.7042,-0.888189,0.00822907,90.4295,0.500817,1.351,0.00455246,0.00443675,0,-1.35883,0.369302,0.314274,10,drone1
-1.23375,-0.386625,1.186e-05,1.84932,-0.940422,0.0121659,90.2994,0.533324,1.31368,0.00248078,0.00284364,0,-1.30585,0.367415,0.331646,10,drone1
-1.23374,-0.38662,1.22056e-05,1.96974,-0.995523,0.0160382,90.1689,0.569314,1.27855,0.00245126,0.00233956,0,-1.30964,0.345665,0.365301,10,drone1
-1.23373,-0.386616,1.25915e-05,2.06956,-1.05366,0.0198745,90.0421,0.604124,1.24169,0.00152287,0.00233379,0,-1.27277,0.363971,0.352832,10,drone1
-1.23373,-0.386613,1.30227e-05,2.15225,-1.11503,0.023702,89.9133,0.644629,1.20907,0.00331319,0.00206915,0,-1.29215,0.321747,0.408574,10,drone1
-1.23372,-0.38661,1.35044e-05,2.22067,-1.17981,0.0275464,89.7881,0.68898,1.17929,0.00371412,0.00202437,0,-1.25668,0.294118,0.445968,10,drone1
-1.23372,-0.386608,1.40424e-05,2.27727,-1.2482,0.0314321,89.6745,0.73269,1.14936,0.00140167,0.00244949,0,-1.14146,0.296884,0.438669,10,drone1
-1.23371,-0.386605,1.46436e-05,2.32404,-1.32042,0.0353825,89.5564,0.782584,1.1227,0.00534387,0.00179307,0,-1.18576,0.264821,0.499901,10,drone1
-1.23371,-0.386604,1.53151e-05,2.36268,-1.39669,0.0394199,89.4486,0.833789,1.0983,0.00406853,0.00204978,0,-1.08258,0.243597,0.512225,10,drone1
-1.23371,-0.386602,1.60654e-05,2.39458,-1.47724,0.043566,89.3461,0.88724,1.07419,0.00465197,0.00197476,0,-1.02917,0.241864,0.534137,10,drone1
-1.23371,-0.386601,1.69035e-05,2.42091,-1.56232,0.0478416,89.2503,0.943399,1.05192,0.00478755,0.00198469,0,-0.962915,0.224794,0.560719,10,drone1
-1.23371,-0.3866,1.78399e-05,2.44263,-1.6522,0.0522672,89.1617,1.00197,1.03034,0.00465898,0.00203797,0,-0.891066,0.219377,0.584397,10,drone1
-1.23371,-0.386599,1.8886e-05,2.46054,-1.74715,0.0568627,89.0779,1.0643,1.00949,0.00534571,0.00195327,0,-0.842635,0.21343,0.621544,10,drone1
-1.2337,-0.386598,2.00547e-05,2.4753,-1.84746,0.0616479,89.0005,1.12992,0.993434,0.00536764,0.00199507,0,-0.778144,0.167078,0.654611,10,drone1
-1.2337,-0.386597,2.13603e-05,2.48747,-1.95345,0.0666425,88.9292,1.19887,0.979457,0.00537206,0.0020347,0,-0.716713,0.147871,0.68777,10,drone1
-1.2337,-0.386597,2.28189e-05,2.49751,-2.06543,0.0718664,88.8636,1.27137,0.967644,0.00537663,0.00207649,0,-0.658899,0.127888,0.723376,10,drone1
-1.2337,-0.386596,2.46663e-05,2.50575,-2.1832,0.0768571,88.8038,1.34798,0.95882,0.0052218,0.00214981,0,-0.600696,0.0997854,0.764619,10,drone1
-1.2337,-0.386596,1.88595e-05,2.51053,-2.12142,0.0843491,88.7489,1.4287,0.952417,0.00525821,0.00219119,0,-0.551503,0.0773598,0.806031,10,drone1
-1.2337,-0.386596,2.02267e-05,2.51386,-2.00287,0.0732921,88.699,1.49519,0.947508,0.00528601,0.0021448,0,-0.500886,0.0609675,0.663973,10,drone1
-1.2337,-0.386596,2.00376e-05,2.51653,-1.89215,0.0660742,88.6537,1.54314,0.945844,0.00531819,0.00207339,0,-0.452917,0.0258163,0.479037,10,drone1
-1.2337,-0.386596,1.92333e-05,2.51867,-1.78888,0.0607388,88.6129,1.57675,0.946612,0.00531229,0.00202007,0,-0.408347,-0.000852764,0.336248,10,drone1
-1.2337,-0.386596,1.82721e-05,2.52036,-1.69269,0.0563082,87.268,1.57284,0.98549,0.0099926,0.00151253,0,-0.561946,-0.0333078,0.178696,10,drone1
-1.23401,-0.386652,1.73234e-05,2.6365,-1.60159,0.0555059,86.0043,1.5581,1.02527,0.0103504,0.00218642,0,0.784993,-0.0270747,0.0887705,10,drone1
-1.23439,-0.386709,1.64582e-05,2.95213,-1.51623,0.0599551,84.9088,1.53547,1.06286,0.0098311,0.00351878,0,1.96246,-0.0257301,0.00973586,10,drone1
-1.23499,-0.386775,1.56826e-05,3.43444,-1.43559,0.0679277,81.0771,1.45177,1.16702,0.0302895,0.0133371,0,1.96867,0.00751303,-0.0572104,10,drone1
-1.23726,-0.387093,1.49318e-05,4.3138,-1.35189,0.083737,79.9355,1.408,1.20414,0.0127794,0.00574428,0,5.94789,0.0490856,-0.0937923,10,drone1
-1.23797,-0.387179,1.43223e-05,5.53486,-1.28015,0.105801,78.9612,1.35621,1.24059,0.0114519,0.00595931,0,6.08019,-0.0180428,-0.184582,10,drone1
-1.23873,-0.387273,1.37925e-05,6.83145,-1.21277,0.126998,79.5611,1.33689,1.23673,0.00930407,0.00337087,0,5.99838,-0.00842544,-0.196737,10,drone1
-1.23862,-0.387129,1.33583e-05,7.98047,-1.15444,0.143509,79.6356,1.2983,1.24139,-0.0023021,0.0259239,0,3.8542,-0.0416982,-0.31744,10,drone1
-1.24378,-0.387819,1.28053e-05,8.87187,-1.07594,0.149553,72.9266,1.10222,1.39883,0.0516139,0.0139392,0,1.36042,-0.18448,-0.363793,10,drone1
-1.24488,-0.388657,1.2453e-05,10.5812,-1.01834,0.171714,69.9845,0.993436,1.48188,0.025219,0.0169452,0,7.93551,-0.178261,-0.106521,10,drone1
-1.24664,-0.38917,1.20925e-05,13.3302,-0.957472,0.208195,67.6918,0.882042,1.53944,0.0271798,-0.00103269,0,9.42742,-0.133465,-0.236352,10,drone1
-1.24455,-0.38864,1.18923e-05,16.3197,-0.916547,0.24945,65.3595,0.764051,1.58765,0.0237711,0.00791992,0,8.78354,-0.13645,-0.27918,10,drone1
-1.24421,-0.388538,1.16835e-05,19.383,-0.868955,0.286476,63.7146,0.66425,1.6212,0.0204959,0.00170497,0,8.39194,-0.154148,-0.265658,10,drone1
-1.24277,-0.387881,1.15402e-05,22.2655,-0.829839,0.320131,62.3752,0.5723,1.64741,0.0174273,0.000838574,0,7.15111,-0.189316,-0.279589,10,drone1
-1.24138,-0.387163,1.14189e-05,24.7125,-0.795388,0.346043,62.4387,0.517365,1.65948,0.00810626,-0.00632167,0,6.09752,-0.254664,-0.305577,10,drone1
-1.23947,-0.386001,1.13475e-05,26.2927,-0.771744,0.360995,62.801,0.470687,1.67027,0.00619629,-0.00577888,0,3.62293,-0.321728,-0.354861,10,drone1
-1.23937,-0.385802,1.12276e-05,26.8847,-0.74865,0.359157,59.0438,0.30764,1.73686,0.0205425,0.026566,0,1.47845,-0.562505,-0.248385,10,drone1
-1.24232,-0.387794,1.09937e-05,28.5632,-0.705922,0.363676,58.0765,0.218118,1.76096,0.0129287,-1.61059e-05,0,4.55263,-0.392058,-0.297912,10,drone1
-1.24089,-0.386798,1.10037e-05,30.9068,-0.683038,0.387664,55.3985,0.0954779,1.84116,0.0185417,0.0157674,0,4.13448,-0.736657,0.163174,10,drone1
-1.24166,-0.387389,1.08838e-05,33.2021,-0.651512,0.404664,55.8585,0.0588456,1.83967,-0.00190966,-0.00524541,0,4.59916,-0.206755,-0.302649,10,drone1
-1.24126,-0.386855,1.08804e-05,34.7458,-0.633642,0.417305,56.9351,0.00998258,1.82092,0.00777462,-0.0205178,0,4.24233,-0.266748,-0.668969,10,drone1
-1.23752,-0.384144,1.0934e-05,34.6325,-0.646329,0.424288,56.8463,-0.0259281,1.79767,0.00497479,-0.0062957,0,-0.887781,0.00190168,-0.427791,10,drone1
-1.23766,-0.384288,1.0897e-05,34.336,-0.643841,0.417765,56.7767,-0.049311,1.76798,0.00258113,-0.00230213,0,-0.694988,0.122609,-0.357446,10,drone1
-1.23767,-0.384306,1.08894e-05,34.2987,-0.642285,0.416092,56.7414,-0.0669965,1.73294,0.00289836,-0.00185839,0,-0.352088,0.197163,-0.339388,10,drone1
-1.23768,-0.384306,1.08935e-05,34.2956,-0.642769,0.416369,56.7163,-0.0775523,1.69495,0.00251137,-0.0023557,0,-0.25058,0.260385,-0.296113,10,drone1
-1.23768,-0.384305,1.09101e-05,34.2952,-0.645456,0.418192,56.6938,-0.0827063,1.65453,0.0025591,-0.00233892,0,-0.223585,0.310126,-0.264393,10,drone1
-1.23768,-0.384303,1.09399e-05,34.2949,-0.650348,0.421523,56.6735,-0.0830798,1.61241,0.00260148,-0.00232203,0,-0.201791,0.35033,-0.23385,10,drone1
-1.23769,-0.384302,1.09833e-05,34.2946,-0.657447,0.426359,56.6551,-0.07921,1.56924,0.00264024,-0.00230598,0,-0.182283,0.382228,-0.204277,10,drone1
-1.23769,-0.3843,1.10408e-05,34.2943,-0.666759,0.432705,56.6385,-0.0715645,1.52559,0.00267559,-0.00229069,0,-0.16469,0.40692,-0.175556,10,drone1
-1.23769,-0.384298,1.11133e-05,34.2941,-0.6783,0.440571,56.6233,-0.0600095,1.48161,0.00280348,-0.00228936,0,-0.15128,0.431013,-0.144814,10,drone1
-1.23769,-0.384297,1.12016e-05,34.2939,-0.692093,0.449973,56.607,-0.0456138,1.43869,0.0038582,-0.00123155,0,-0.162203,0.437772,-0.11536,10,drone1
-1.2377,-0.384295,1.13067e-05,34.2937,-0.708167,0.460931,56.5904,-0.029054,1.39614,0.00459972,-0.00255991,0,-0.165632,0.446483,-0.0953209,10,drone1
