0.165891,-0.142388,5.53539e-06,0,0,-0.0111886,0,0,0,0,0,0,0,0,0,-1,pipuck6
0.165891,-0.142388,7.91351e-06,0,0,-0.0159945,0,0,0,0,0,0,0,0,0,-1,pipuck6
0.165891,-0.142388,8.88486e-06,0,0,-0.0179578,0,0,0,0,0,0,0,0,0,-1,pipuck6
0.165891,-0.142388,9.26229e-06,0,0,-0.0187206,0,0,0,0,0,0,0,0,0,-1,pipuck6
0.165891,-0.142388,9.40043e-06,0,0,-0.0189998,0,0,0,0,0,0,0,0,0,-1,pipuck6
0.165891,-0.142388,9.44705e-06,0,0,-0.019094,0,0,0,0,0,0,0,0,0,-1,pipuck6
0.165891,-0.142388,9.46085e-06,0,0,-0.0191219,0,0,0,0,0,0,0,0,0,-1,pipuck6
0.165891,-0.142388,9.46391e-06,0,0,-0.0191281,0,0,0,0,0,0,0,0,0,-1,pipuck6
0.165891,-0.142388,9.46396e-06,0,0,-0.0191282,0,0,0,0,0,0,0,0,0,-1,pipuck6
0.165891,-0.142388,9.46346e-06,0,0,-0.0191272,0,0,0,0,0,0,0,0,0,-1,pipuck6
0.165891,-0.142388,9.46303e-06,0,0,-0.0191263,0,0,0,0,0,0,0,0,0,-1,pipuck6
0.165891,-0.142388,9.46276e-06,0,0,-0.0191258,0,0,0,0,0,0,0,0,0,-1,pipuck6
0.165891,-0.142388,9.46262e-06,0,0,-0.0191255,0,0,0,0,0,0,0,0,0,-1,pipuck6
0.165891,-0.142388,9.46255e-06,0,0,-0.0191254,0,0,0,0,0,0,0,0,0,-1,pipuck6
0.165891,-0.142388,9.46252e-06,0,0,-0.0191253,0,0,0,0,0,0,0,0,0,-1,pipuck6
0.165891,-0.142388,9.46251e-06,0,0,-0.0191253,0,0,0,0,0,0,0,0,0,-1,pipuck6
0.165891,-0.142388,9.4625e-06,0,0,-0.0191253,0,0,0,0,0,0,0,0,0,-1,pipuck6
0.165891,-0.142388,9.4625e-06,0,0,-0.0191253,0,0,0,0,0,0,0,0,0,-1,pipuck6
0.165891,-0.142388,9.4625e-06,0,0,-0.0191253,0,0,0,0,0,0,0,0,0,-1,pipuck6
0.165891,-0.142388,9.4625e-06,0,0,-0.0191253,0,0,0,0,0,0,0,0,0,-1,pipuck6
0.165891,-0.142388,9.4625e-06,0,0,-0.0191253,0,0,0,0,0,0,0,0,0,-1,pipuck6
0.165891,-0.142388,9.4625e-06,0,0,-0.0191252,0,0,0,0,0,0,0,0,0,-1,pipuck6
0.165891,-0.142388,9.4625e-06,0,0,-0.0191252,0,0,0,0,0,0,0,0,0,-1,pipuck6
0.165891,-0.142388,9.4625e-06,0,0,-0.0191252,0,0,0,0,0,0,0,0,0,-1,pipuck6
0.165891,-0.142388,9.4625e-06,0,0,-0.0191252,0,0,0,0,0,0,0,0,0,-1,pipuck6
0.165891,-0.142388,9.4625e-06,0,0,-0.0191252,0,0,0,0,0,0,0,0,0,-1,pipuck6
0.165891,-0.142388,9.4625e-06,0,0,-0.0191252,0,0,0,0,0,0,0,0,0,-1,pipuck6
0.165891,-0.142388,9.4625e-06,0,0,-0.0191252,0,0,0,0,0,0,0,0,0,-1,pipuck6
0.165891,-0.142388,9.4625e-06,0,0,-0.0191252,0,0,0,0,0,0,0,0,0,-1,pipuck6
0.165891,-0.142388,9.4625e-06,0,0,-0.0191252,0,0,0,0,0,0,0,0,0,-1,pipuck6
0.165891,-0.142388,9.4625e-06,0,0,-0.0191252,0,0,0,0,0,0,0,0,0,-1,pipuck6
0.165891,-0.142388,9.4625e-06,0,0,-0.0191252,0,0,0,0,0,0,0,0,0,-1,pipuck6
0.165891,-0.142388,9.4625e-06,0,0,-0.0191252,0,0,0,0,0,0,0,0,0,-1,pipuck6
0.165891,-0.142388,9.4625e-06,0,0,-0.0191252,0,0,0,0,0,0,0,0,0,-1,pipuck6
0.165891,-0.142388,9.4625e-06,0,0,-0.0191252,0,0,0,0,0,0,0,0,0,-1,pipuck6
0.165891,-0.142388,9.4625e-06,0,0,-0.0191252,0,0,0,0,0,0,0,0,0,-1,pipuck6
0.165891,-0.142388,9.4625e-06,0,0,-0.0191252,4.79995,0,0,0,0,0,0,0,0,-1,drone1
0.148501,-0.142362,9.21612e-06,-0.334696,0.0839668,-0.0180942,-2.65658,0,0,0.0277097,0.0116555,0,0,0,0,-1,drone1
0.132441,-0.142189,9.15327e-06,-0.42717,0.161917,-0.017121,-2.65658,0,0,0,0,0,0,0,0,2,drone1
0.13276,-0.142194,9.02741e-06,-0.0656222,0.160953,-0.0178922,-2.65658,0,0,0,0,0,0,0,0,2,drone1
0.132808,-0.142195,8.90417e-06,0.237475,0.160428,-0.0184935,-7.75264,0.161017,0.0896424,-0.378284,0.164305,0,3.99258,1.67459,0.768609,3,drone1
0.115465,-0.14237,9.06713e-06,0.868386,0.242947,-0.0216214,2.15054,0.325537,0.104448,0.072798,-0.559186,0,9.03179,1.57947,0.0908937,6,drone1
0.116114,-0.142185,9.95371e-06,0.707364,0.236069,-0.0203911,11.9615,0.420743,0.111757,0.0795306,-0.525207,0,8.10689,0.850767,0.574371,6,drone1
0.120332,-0.142209,1.0235e-05,-1.4112,0.21014,-0.0152261,26.6717,0.370013,0.00885963,0.74002,-0.738071,0,77.3298,-0.641897,-0.232615,3,drone1
0.136976,-0.143188,9.72528e-06,-4.63045,0.124213,-0.00956832,39.6813,0.308086,-0.0625276,0.557527,-0.879835,0,64.7384,-0.540502,-0.25808,3,drone1
0.153525,-0.145263,9.30185e-06,-8.43838,0.0388358,-0.0133375,53.3517,0.245865,-0.116026,0.386736,-0.95147,0,54.9486,-0.399867,-0.223086,3,drone1
0.168985,-0.148491,9.15488e-06,-12.9833,-0.0405227,-0.0283108,66.8604,0.187952,-0.148743,0.207795,-0.990494,0,45.0865,-0.29031,-0.159483,3,drone1
0.182692,-0.152756,9.10293e-06,-18.6332,-0.109319,-0.0561667,79.4726,0.140115,-0.162482,0.0444204,-0.996373,0,36.123,-0.220891,-0.080405,3,drone1
0.196457,-0.158537,9.13875e-06,-25.4283,-0.173402,-0.102592,90.0175,0.108559,-0.160907,-0.0796361,-0.980349,0,29.1609,-0.190446,-0.0019391,3,drone1
0.207471,-0.164694,9.2291e-06,-32.8362,-0.2166,-0.161408,99.3369,0.0919595,-0.151703,-0.144262,-0.95811,0,25.4111,-0.18734,0.0747663,3,drone1
0.219069,-0.173175,9.38377e-06,-39.9371,-0.25493,-0.237126,107.011,0.089828,-0.138156,-0.174878,-0.940195,0,23.4996,-0.204054,0.130104,3,drone1
0.230906,-0.184174,9.60055e-06,-45.953,-0.28969,-0.3256,114.021,0.0989406,-0.123522,-0.180978,-0.924395,0,22.9259,-0.232372,0.183231,3,drone1
0.242177,-0.196915,9.88511e-06,-50.9535,-0.318774,-0.421796,122.505,0.113789,-0.112093,-0.191188,-0.90601,0,21.9321,-0.273527,0.231943,3,drone1
0.252004,-0.210217,1.02892e-05,-55.8711,-0.333038,-0.523749,132.623,0.0546667,0.0164562,-0.246573,-0.901862,0,17.8182,-1.12892,-0.965139,3,drone1
0.259098,-0.221934,1.05512e-05,-61.8809,-0.315682,-0.629078,141.793,0.111364,0.0163282,-0.305234,-0.840211,0,13.2482,-0.388744,0.396503,3,drone1
0.265974,-0.236576,1.10307e-05,-68.7813,-0.272543,-0.75195,148.896,0.170325,0.0108757,-0.340781,-0.813067,0,10.0873,-0.469804,0.346106,3,drone1
0.270994,-0.252689,1.15941e-05,-75.5848,-0.206974,-0.87788,142.448,0.248231,-0.0202287,-0.34058,-0.765904,0,9.09466,-0.351573,0.894247,3,drone1
0.272587,-0.26542,1.2183e-05,-80.5371,-0.144243,-0.976327,141.888,0.312642,0.00963258,-0.124728,-0.846005,0,23.137,-0.548995,0.350352,3,drone1
0.274359,-0.282008,1.28787e-05,-83.4684,-0.10621,-1.08767,137.754,0.376509,0.0656161,-0.0324576,-0.846574,0,28.6491,-0.544884,0.392506,3,drone1
0.275153,-0.295954,1.35998e-05,-84.8562,-0.0884291,-1.18567,132.325,0.435777,0.141838,0.0843743,-0.833007,0,35.7145,-0.509462,0.501064,3,drone1
0.275531,-0.307433,1.43149e-05,-84.4281,-0.105766,-1.27228,127.577,0.48935,0.225222,0.192399,-0.807074,0,42.5306,-0.428613,0.625878,3,drone1
0.276032,-0.318179,1.50734e-05,-82.0209,-0.171303,-1.35379,123.261,0.536541,0.313146,0.260203,-0.781636,0,46.8483,-0.330027,0.736969,3,drone1
0.277129,-0.328807,1.5909e-05,-77.5763,-0.29541,-1.42584,119.105,0.579716,0.339108,0.265184,-0.732153,0,48.4371,0.379656,0.986381,3,drone1
0.280145,-0.341441,1.69414e-05,-71.3729,-0.481965,-1.4869,114.951,0.622028,0.434891,0.295089,-0.756853,0,48.4624,-0.160363,0.908956,3,drone1
0.284543,-0.352963,1.80975e-05,-63.629,-0.726074,-1.50551,110.992,0.661718,0.524548,0.274268,-0.755647,0,46.4076,-0.0332088,1.0156,3,drone1
0.29281,-0.366857,1.95734e-05,-55.1553,-1.01521,-1.49004,108.641,0.715671,0.588287,0.229155,-0.761021,0,42.6155,0.0977486,1.10981,3,drone1
0.303909,-0.38044,2.13206e-05,-47.5989,-1.29918,-1.44956,107.387,0.787559,0.627438,0.152797,-0.766154,0,36.4868,0.180868,1.19691,3,drone1
0.316908,-0.393175,2.33074e-05,-41.7402,-1.55483,-1.41138,106.83,0.876279,0.646158,0.0737831,-0.761819,0,30.1776,0.224982,1.27131,3,drone1
0.330315,-0.404161,3.60853e-05,-37.14,-1.79493,-1.31579,106.658,0.978685,0.650313,0.00905699,-0.748174,0,24.8716,0.238264,1.3354,3,drone1
0.34391,-0.413496,4.58317e-05,-32.8502,-1.75357,-1.20712,106.099,1.05743,0.591361,-0.0439862,-0.718499,0,22.4828,0.935659,1.20658,3,drone1
0.358602,-0.422053,3.28613e-05,-28.6813,-1.77305,-1.01442,106.647,1.18544,0.567029,-0.0892017,-0.675793,0,16.6287,0.237134,1.43833,3,drone1
0.376003,-0.431295,2.61982e-05,-25.192,-1.77649,-0.865741,107.337,1.26923,0.533907,-0.138377,-0.684698,0,12.0013,0.255895,0.95338,3,drone1
0.393862,-0.439468,2.26374e-05,-22.8652,-1.76115,-0.765994,108.058,1.3406,0.489774,-0.18112,-0.654342,0,7.82522,0.269972,0.806577,3,drone1
0.412217,-0.447109,2.09019e-05,-21.4026,-1.73859,-0.701978,108.639,1.39938,0.443448,-0.208987,-0.625345,0,4.78034,0.263506,0.677221,3,drone1
0.430831,-0.4544,2.00531e-05,-20.5975,-1.71441,-0.663878,109.335,1.4492,0.392429,-0.224389,-0.598823,0,2.739,0.248837,0.566947,3,drone1
0.449423,-0.461474,1.95973e-05,-20.3373,-1.69056,-0.64589,110.07,1.49075,0.340606,-0.23309,-0.573997,0,1.24081,0.223458,0.471862,3,drone1
0.467942,-0.468472,1.93343e-05,-20.5184,-1.66873,-0.643797,110.781,1.52486,0.291244,-0.236019,-0.551257,0,0.247317,0.19316,0.390994,3,drone1
0.486379,-0.475512,1.91873e-05,-20.9713,-1.65089,-0.652122,111.419,1.55266,0.246823,-0.234,-0.530582,0,-0.280552,0.161742,0.324205,3,drone1
0.504737,-0.48268,1.91271e-05,-21.5501,-1.6386,-0.666563,111.96,1.57548,0.208661,-0.228513,-0.511453,0,-0.464745,0.131735,0.271231,3,drone1
0.523044,-0.490022,1.91499e-05,-22.1488,-1.63304,-0.684261,112.396,1.59467,0.177112,-0.220859,-0.493307,0,-0.425861,0.104375,0.231427,3,drone1
0.541319,-0.497548,1.92552e-05,-22.6967,-1.63499,-0.703418,112.732,1.61154,0.151852,-0.212021,-0.475664,0,-0.262314,0.0799499,0.203936,3,drone1
0.559576,-0.505249,1.94508e-05,-23.1544,-1.64491,-0.723116,112.979,1.62725,0.132131,-0.202707,-0.458179,0,-0.0495489,0.05822,0.187643,3,drone1
0.577827,-0.513097,1.97374e-05,-23.5072,-1.66302,-0.743045,113.155,1.64281,0.116996,-0.19337,-0.44064,0,0.160907,0.0386221,0.181345,3,drone1
0.596076,-0.521061,2.01197e-05,-23.7575,-1.68932,-0.763302,113.275,1.66449,0.103134,-0.18426,-0.422924,0,0.338365,0.0208229,0.242499,3,drone1
0.613791,-0.528986,1.83074e-05,-23.9481,-1.73326,-0.754497,113.355,1.68593,0.092687,-0.17548,-0.405026,0,0.46848,0.00346362,0.233945,3,drone1
0.632068,-0.537165,1.90689e-05,-24.0916,-1.77499,-0.778198,113.402,1.70838,0.0815961,-0.166957,-0.38756,0,0.578612,0.0169812,0.251506,3,drone1
0.650332,-0.545364,2.06382e-05,-24.1453,-1.8256,-0.800947,113.423,1.73315,0.0727352,-0.158336,-0.36946,0,0.675238,-0.00329239,0.268564,3,drone1
0.668581,-0.553559,2.2106e-05,-24.1433,-1.88391,-0.825572,113.433,1.76092,0.0651176,-0.150155,-0.351173,0,0.70679,-0.0221158,0.293311,3,drone1
0.68682,-0.561736,2.34127e-05,-24.1072,-1.94974,-0.852826,113.437,1.79223,0.0582908,-0.14225,-0.332782,0,0.694884,-0.0420866,0.323197,3,drone1
0.705064,-0.569894,2.56851e-05,-24.0541,-2.02315,-0.883092,113.868,1.80912,0.0494405,-0.150088,-0.319654,0,0.499571,-0.0934681,0.14004,3,drone1
0.723093,-0.577903,2.71595e-05,-24.1548,-1.99727,-0.86931,113.833,1.84813,0.0447484,-0.129062,-0.294904,0,0.168476,-0.0995272,0.382969,3,drone1
0.741347,-0.586171,2.4582e-05,-24.2919,-1.92495,-0.845803,113.786,1.87976,0.0410437,-0.120449,-0.277148,0,0.30487,-0.0706581,0.315063,3,drone1
0.759561,-0.594419,2.2912e-05,-24.2914,-1.86368,-0.819876,113.718,1.90029,0.0395431,-0.111448,-0.25923,0,0.48961,-0.0334165,0.210318,3,drone1
0.777758,-0.602638,2.18313e-05,-24.2243,-1.8118,-0.794672,113.646,1.91202,0.0387528,-0.103073,-0.241083,0,0.558158,-0.000979685,0.128462,3,drone1
0.795964,-0.610818,2.10908e-05,-24.12,-1.76846,-0.771608,113.859,1.82682,0.0502835,-0.104038,-0.229706,0,0.523582,0.18393,-0.849872,3,drone1
0.814142,-0.618905,2.05425e-05,-24.1033,-1.73142,-0.754532,113.772,1.83522,0.0477911,-0.0881473,-0.204067,0,0.247256,0.0211316,0.102135,3,drone1
0.831841,-0.626987,1.58618e-05,-24.1323,-1.68682,-0.766095,113.688,1.83871,0.0457087,-0.0799133,-0.185961,0,0.317877,0.038752,0.0561541,3,drone1
0.850055,-0.635142,1.5934e-05,-24.0722,-1.67358,-0.736176,113.585,1.84141,0.046162,-0.0715924,-0.168362,0,0.431752,0.0275642,0.0427352,3,drone1
0.868272,-0.643275,1.77185e-05,-23.9671,-1.66154,-0.722789,113.483,1.8391,0.0457299,-0.0634685,-0.150142,0,0.474594,0.0569423,0.00081812,3,drone1
0.886503,-0.651362,1.87224e-05,-23.8346,-1.6562,-0.713411,113.382,1.83494,0.045041,-0.0554944,-0.13186,0,0.472465,0.0658126,-0.0157493,3,drone1
0.904751,-0.659401,1.92207e-05,-23.6931,-1.6575,-0.707991,113.286,1.8301,0.0440528,-0.0476242,-0.113537,0,0.440353,0.068995,-0.0218109,3,drone1
0.923023,-0.667394,1.95014e-05,-23.5522,-1.66553,-0.706207,113.192,1.82556,0.0428811,-0.039801,-0.0951964,0,0.395204,0.0674991,-0.0194913,3,drone1
0.941315,-0.675343,1.97369e-05,-23.4159,-1.68037,-0.707792,113.117,1.8221,0.0410211,-0.0319973,-0.0768425,0,0.348384,0.062384,-0.0100807,3,drone1
0.956598,-0.681915,1.54095e-05,-23.3092,-1.68343,-0.715089,114.814,1.77611,0.0087051,-0.0393809,-0.0592356,0,0.312543,-0.00922706,-0.507727,3,drone1
0.968781,-0.687218,1.52632e-05,-23.3856,-1.67177,-0.73269,114.591,1.78036,0.0095037,-0.0190743,-0.0425765,0,-1.51611,-0.00557863,0.0445487,3,drone1
0.977265,-0.690847,1.86022e-05,-23.4878,-1.65274,-0.735729,114.386,1.78533,0.0118075,-0.0132879,-0.0306075,0,-1.21658,-0.0184038,0.0465418,3,drone1
0.983332,-0.693459,1.93282e-05,-23.4659,-1.63206,-0.728166,114.209,1.78896,0.0143182,-0.00935983,-0.0222551,0,-0.908473,-0.0139884,0.0338255,3,drone1
0.98773,-0.695354,1.92154e-05,-23.4015,-1.61071,-0.717103,114.93,1.75039,-0.00247186,-0.0178259,-0.024405,0,-0.823382,0.085294,-0.385856,3,drone1
0.99326,-0.697878,1.90728e-05,-23.6357,-1.59751,-0.719165,114.698,1.749,0.00321377,-0.00482169,-0.0118274,0,-1.53857,-0.0235496,-0.0266662,3,drone1
0.995481,-0.698774,1.8766e-05,-23.9376,-1.57341,-0.718443,114.59,1.75219,0.00343951,-0.00209707,-0.00637468,0,-1.07166,-0.01563,0.0279428,3,drone1
0.995425,-0.698723,1.84105e-05,-24.006,-1.54711,-0.708891,114.524,1.752,0.0040154,-0.00113052,-0.00418543,0,-0.662451,-0.00440818,-0.00417593,3,drone1
0.995423,-0.698715,1.81579e-05,-24.0253,-1.52733,-0.700665,114.471,1.74877,0.00465129,-0.00117408,-0.00424997,0,-0.527539,0.00774652,-0.0319696,3,drone1
0.995424,-0.698712,1.79772e-05,-24.0304,-1.51327,-0.694535,114.426,1.74366,0.00525424,-0.00117829,-0.00425762,0,-0.455273,0.0158733,-0.0489843,3,drone1
0.995426,-0.698711,1.78704e-05,-24.0314,-1.50471,-0.690739,114.385,1.7354,0.00674978,-0.00117866,-0.00426517,0,-0.404428,0.0208002,-0.0813142,3,drone1
0.995425,-0.698711,3.09483e-05,-24.0316,-1.52715,-0.631843,114.349,1.7263,0.0084193,-0.00117772,-0.00426742,0,-0.362855,0.0226212,-0.0896924,3,drone1
0.995394,-0.698696,2.33322e-05,-24.0287,-1.5226,-0.646669,114.317,1.72307,0.00123038,-0.00118649,-0.00425209,0,-0.326693,0.0787742,0.000416771,3,drone1
0.995395,-0.698697,2.02711e-05,-24.0264,-1.5267,-0.655369,114.287,1.71896,-0.0030651,-0.00119686,-0.00428782,0,-0.296853,0.0560942,-0.0196384,3,drone1
0.995396,-0.698698,1.92795e-05,-24.0249,-1.53737,-0.662569,114.26,1.71539,-0.00602779,-0.00119188,-0.00428804,0,-0.269501,0.0417306,-0.0202967,3,drone1
0.995395,-0.698699,1.91782e-05,-24.0239,-1.55382,-0.670534,114.236,1.70746,-0.0057889,-0.00118759,-0.00429916,0,-0.244205,0.0305443,-0.0732154,3,drone1
0.995394,-0.698699,1.93971e-05,-24.0235,-1.57584,-0.680437,114.214,1.70798,-0.0081297,-0.00118343,-0.00428371,0,-0.220946,0.0191777,0.0143755,3,drone1
0.995392,-0.698699,1.97384e-05,-24.0236,-1.60362,-0.692811,114.194,1.71077,-0.0101895,-0.00117946,-0.00428099,0,-0.199508,0.00727465,0.0339156,3,drone1
0.995389,-0.698698,2.01742e-05,-24.0241,-1.63755,-0.707919,114.176,1.71391,-0.010967,-0.00117562,-0.00428327,0,-0.179826,-0.00582404,0.0318186,3,drone1
0.995384,-0.698697,2.06999e-05,-24.0248,-1.67818,-0.726032,114.16,1.71975,-0.0113579,-0.00117193,-0.00428186,0,-0.161802,-0.0204064,0.0548182,3,drone1
0.995377,-0.698694,2.13299e-05,-24.0259,-1.72615,-0.74744,114.145,1.72911,-0.0115658,-0.00116847,-0.00427989,0,-0.145335,-0.0365423,0.0862795,3,drone1
0.995367,-0.698691,2.20838e-05,-24.0272,-1.78223,-0.772484,114.132,1.74265,-0.0116895,-0.00116533,-0.00427795,0,-0.130328,-0.0543601,0.12395,3,drone1
0.995355,-0.698687,2.29851e-05,-24.0287,-1.84731,-0.801562,114.12,1.76091,-0.0117741,-0.00116257,-0.00427644,0,-0.116688,-0.074029,0.166904,3,drone1
0.99534,-0.698681,2.40614e-05,-24.0304,-1.92241,-0.835124,114.11,1.78444,-0.0118389,-0.00116026,-0.00427561,0,-0.104325,-0.0957593,0.214982,3,drone1
0.995326,-0.698675,2.60575e-05,-24.0322,-2.00713,-0.871353,114.101,1.81384,-0.0118915,-0.00115843,-0.00427558,0,-0.0931603,-0.119795,0.268441,3,drone1
0.995318,-0.698672,2.18345e-05,-24.0313,-1.94874,-0.85276,114.092,1.8495,-0.0120845,-0.00115619,-0.0042734,0,-0.0831502,-0.144086,0.326253,3,drone1
0.9953,-0.698665,2.26011e-05,-24.0303,-1.87206,-0.814304,114.085,1.87551,-0.0115676,-0.00116257,-0.00429331,0,-0.0750138,-0.111018,0.235242,3,drone1
0.995285,-0.698659,2.22779e-05,-24.03,-1.80646,-0.783702,114.078,1.89035,-0.0114834,-0.00117662,-0.00432622,0,-0.0675512,-0.0613904,0.135082,3,drone1
0.99527,-0.698653,2.16725e-05,-24.0308,-1.75188,-0.75909,114.072,1.89646,-0.011527,-0.0011884,-0.00435535,0,-0.0601931,-0.0245825,0.0560105,3,drone1
0.995256,-0.698648,2.1094e-05,-24.0326,-1.70804,-0.739607,114.067,1.89598,-0.0115926,-0.00119839,-0.00438104,0,-0.0527118,0.00256356,-0.00412588,3,drone1
0.995243,-0.698643,2.06371e-05,-24.0358,-1.67462,-0.72487,115.435,1.93938,-0.0790807,-0.00770597,0.00911825,0,-0.157692,0.0174854,0.492368,3,drone1
0.994109,-0.698032,1.92674e-05,-24.1681,-1.64309,-0.717555,115.294,1.92623,-0.0722415,-0.00131962,-0.00439349,0,-1.40702,-0.00362174,-0.14814,3,drone1
0.994174,-0.698128,1.91538e-05,-24.53,-1.62193,-0.720128,115.18,1.9112,-0.0658922,-0.00193428,-0.00552783,0,-1.1337,0.00829922,-0.162946,3,drone1
0.994196,-0.698171,1.90368e-05,-24.6388,-1.60953,-0.718105,115.114,1.89582,-0.0602413,-0.00179049,-0.00548443,0,-0.658366,0.0151826,-0.163168,3,drone1
0.9942,-0.698184,1.89774e-05,-24.6688,-1.60375,-0.716445,115.065,1.88075,-0.055179,-0.00173109,-0.00547084,0,-0.483585,0.0187385,-0.157838,3,drone1
0.9942,-0.698188,1.89826e-05,-24.6767,-1.60385,-0.716755,115.025,1.86659,-0.050636,-0.00171126,-0.00546991,0,-0.405193,0.0193346,-0.147452,3,drone1
0.994198,-0.69819,1.90559e-05,-24.6786,-1.60963,-0.719466,114.989,1.85386,-0.0465571,-0.00170247,-0.00547173,0,-0.356752,0.0172624,-0.132509,3,drone1
0.994196,-0.698191,1.91992e-05,-24.6788,-1.62099,-0.724691,114.957,1.84304,-0.0428948,-0.00169663,-0.00547345,0,-0.319315,0.0128068,-0.113484,3,drone1
0.994194,-0.698191,1.94144e-05,-24.6785,-1.63793,-0.732462,114.928,1.83456,-0.0396068,-0.00169146,-0.00547426,0,-0.287334,0.00622124,-0.0908004,3,drone1
0.994191,-0.698192,1.9704e-05,-24.6783,-1.66045,-0.742795,114.902,1.82878,-0.0366551,-0.00168632,-0.00547395,0,-0.259024,-0.00227453,-0.0648244,3,drone1
0.994189,-0.698193,1.27089e-05,-24.678,-1.68238,-0.76923,114.879,1.82606,-0.0340053,-0.00168099,-0.00547245,0,-0.233673,-0.0124927,-0.0358676,3,drone1
0.9942,-0.698196,1.67604e-05,-24.6772,-1.71054,-0.797411,114.857,1.8267,-0.0301378,-0.00167272,-0.00547102,0,-0.210894,-0.0377739,-0.010453,3,drone1
0.994199,-0.698194,2.10351e-05,-24.6764,-1.7476,-0.822691,114.838,1.83102,-0.0252734,-0.00166231,-0.00545456,0,-0.190963,-0.0622953,0.0186508,3,drone1
0.994195,-0.698192,2.26846e-05,-24.676,-1.79382,-0.846108,114.821,1.83933,-0.0201466,-0.00165732,-0.0054495,0,-0.173199,-0.0814793,0.0537723,3,drone1
0.993876,-0.69801,3.02446e-05,-24.6982,-1.85984,-0.839414,114.805,1.85199,-0.0153358,-0.0016536,-0.00544422,0,-0.156809,-0.0968768,0.0945483,3,drone1
0.993963,-0.698082,2.11923e-05,-25.101,-1.91282,-0.880557,114.793,1.86909,-0.0144495,-0.00183323,-0.00575043,0,-0.119879,-0.0799358,0.151462,3,drone1
0.993991,-0.698136,2.28377e-05,-25.2345,-1.97627,-0.914409,114.822,1.89101,-0.013527,-0.00171189,-0.00566533,0,0.293986,-0.099848,0.19538,3,drone1
0.993992,-0.698152,1.99899e-05,-25.2669,-1.94095,-0.904343,114.862,1.91792,-0.0127908,-0.00164204,-0.0056274,0,0.397076,-0.118896,0.241528,3,drone1
0.993991,-0.698157,2.07604e-05,-25.2744,-1.85956,-0.861753,114.901,1.93852,-0.0116745,-0.00162797,-0.00563387,0,0.390176,-0.0961484,0.182461,3,drone1
0.994195,-0.69825,1.31817e-05,-25.2532,-1.77908,-0.837462,114.937,1.94787,-0.0111136,-0.00163491,-0.00564951,0,0.359838,-0.0442577,0.0826566,3,drone1
0.994175,-0.698244,1.67611e-05,-25.1527,-1.70602,-0.812529,112.77,1.92367,0.112888,-0.00247045,-0.0465843,0,0.721332,-0.33898,-0.410938,3,drone1
1.00192,-0.701619,1.18508e-05,-24.4357,-1.69522,-0.768535,113.007,1.91871,0.10337,-0.00136465,-0.00554716,0,2.36717,0.106746,-0.0109715,3,drone1
1.00157,-0.701373,1.61862e-05,-23.327,-1.65271,-0.699875,113.149,1.91133,0.0935983,0.00171702,0.00230382,0,1.41402,0.118395,-0.0310647,3,drone1
1.00154,-0.70142,1.19258e-05,-22.3649,-1.60052,-0.663266,113.166,1.89792,0.0838124,0.00150816,0.00190325,0,0.165165,0.142516,-0.0849858,3,drone1
1.00135,-0.701297,1.47989e-05,-21.664,-1.56492,-0.609063,113.084,1.87956,0.0767229,0.00157959,0.00183021,0,-0.812238,0.138262,-0.140037,3,drone1
1.00129,-0.70126,1.62549e-05,-20.9782,-1.53396,-0.571654,112.942,1.85766,0.0688434,0.00145996,0.00162673,0,-1.43115,0.160235,-0.168831,3,drone1
1.0014,-0.701379,9.49709e-06,-20.3386,-1.50176,-0.559204,112.745,1.83368,0.06148,0.00142887,0.0015473,0,-1.97312,0.16419,-0.189595,3,drone1
1.00157,-0.701413,1.53729e-05,-19.781,-1.47968,-0.547805,112.503,1.80867,0.0567149,0.0015617,0.00163522,0,-2.41475,0.14461,-0.209526,3,drone1
1.00194,-0.701522,1.09645e-05,-19.1659,-1.47672,-0.507186,112.23,1.78371,0.0537041,0.00161002,0.00178663,0,-2.7304,0.128011,-0.216411,3,drone1
1.00182,-0.701452,1.4203e-05,-18.6512,-1.47046,-0.482495,111.923,1.75954,0.0489746,0.00174157,0.00214577,0,-3.0722,0.14009,-0.202453,3,drone1
1.00171,-0.701399,1.57377e-05,-18.1852,-1.46623,-0.464393,111.595,1.73639,0.0439777,0.00166736,0.00201809,0,-3.27947,0.137769,-0.192632,3,drone1
1.00163,-0.701356,1.63382e-05,-17.7585,-1.46494,-0.450567,111.254,1.71458,0.0391249,0.00160871,0.00190941,0,-3.41727,0.130255,-0.18144,3,drone1
1.00168,-0.701357,1.63467e-05,-17.414,-1.46531,-0.440957,110.904,1.69442,0.034581,0.00156073,0.00182821,0,-3.50213,0.120063,-0.168161,3,drone1
1.00169,-0.701327,1.65051e-05,-17.1519,-1.46869,-0.434371,110.554,1.67604,0.0304244,0.0015634,0.00187982,0,-3.49634,0.108645,-0.153934,3,drone1
1.00167,-0.701291,1.66316e-05,-17.0171,-1.47597,-0.432699,110.213,1.65964,0.0265804,0.00152958,0.00189311,0,-3.40867,0.0972468,-0.137465,3,drone1
1.00223,-0.701368,1.59825e-05,-16.9548,-1.48123,-0.468763,109.893,1.64555,0.0230198,0.00148532,0.00188181,0,-3.20267,0.0850698,-0.11783,3,drone1
1.00206,-0.701254,1.06004e-05,-16.8646,-1.5032,-0.450011,109.599,1.63828,0.0219399,0.00159031,0.00245169,0,-2.94473,0.0363926,-0.0639126,3,drone1
1.00202,-0.701268,8.56645e-06,-16.7684,-1.5185,-0.456588,109.325,1.633,0.0188015,0.0014559,0.002301,0,-2.74069,0.0480791,-0.0381526,3,drone1
1.00203,-0.701272,1.45454e-05,-16.6577,-1.54379,-0.448813,109.068,1.62993,0.016381,0.00146213,0.00226917,0,-2.56284,0.0334203,-0.0203367,3,drone1
1.00206,-0.70128,1.70173e-05,-16.5598,-1.57166,-0.449616,108.827,1.62939,0.0129778,0.00145942,0.0022874,0,-2.41742,0.0337913,0.00665568,3,drone1
1.00208,-0.701288,1.81338e-05,-16.473,-1.603,-0.45465,111.191,1.53256,-0.0465138,-0.0284656,-0.0207558,0,-2.38221,0.190555,-0.952379,3,drone1
1.00758,-0.702588,1.88524e-05,-16.9681,-1.65954,-0.486888,110.718,1.5478,-0.0448124,0.00157238,0.00228194,0,-4.72292,-0.0759376,0.133229,3,drone1
1.00758,-0.702743,1.93051e-05,-17.7952,-1.6921,-0.523591,110.343,1.56784,-0.0433318,0.00319848,0.00772107,0,-3.75611,-0.0900278,0.179513,3,drone1
1.00764,-0.702854,1.9798e-05,-18.1856,-1.73405,-0.550206,110.087,1.59002,-0.0418775,0.00319811,0.00778808,0,-2.55403,-0.0947869,0.201055,3,drone1
1.00766,-0.702906,2.03694e-05,-18.3636,-1.7834,-0.572682,109.896,1.61477,-0.0404951,0.00322882,0.00788526,0,-1.90867,-0.101383,0.226205,3,drone1
1.00767,-0.70293,2.10972e-05,-18.4435,-1.83944,-0.594138,109.742,1.63688,-0.0372932,0.00323506,0.00792744,0,-1.54051,-0.107734,0.195771,3,drone1
1.00768,-0.702941,2.19341e-05,-18.4793,-1.90185,-0.616264,109.611,1.66399,-0.0348211,0.00323141,0.00796388,0,-1.30698,-0.11733,0.245547,3,drone1
1.00768,-0.702944,3.02573e-05,-18.4958,-1.95428,-0.688615,109.497,1.69546,-0.0327543,0.00322403,0.00798992,0,-1.14108,-0.127684,0.288402,3,drone1
1.00775,-0.702945,2.79728e-05,-18.4513,-2.03355,-0.705975,109.396,1.73126,-0.0258081,0.00322451,0.00800887,0,-1.01103,-0.187416,0.312798,3,drone1
1.00758,-0.702739,4.33587e-05,-18.3911,-2.12947,-0.688277,109.3,1.77158,-0.0202947,0.00322175,0.00810012,0,-0.955138,-0.188607,0.360663,3,drone1
1.0076,-0.702513,2.49349e-05,-18.3561,-2.09068,-0.673662,109.208,1.8164,-0.0198414,0.00300559,0.00795822,0,-0.92073,-0.155427,0.420317,3,drone1
1.00744,-0.702193,1.52528e-05,-18.5033,-1.99166,-0.664036,109.121,1.85259,-0.0193869,0.00276843,0.00797737,0,-0.863302,-0.125666,0.339437,3,drone1
1.0075,-0.702226,2.05131e-05,-18.9508,-1.90716,-0.63885,109.059,1.87547,-0.0171763,0.00241227,0.00780787,0,-0.628933,-0.096858,0.20847,3,drone1
1.00745,-0.702449,3.46653e-05,-19.3633,-1.80585,-0.682555,109.047,1.88724,-0.0163499,0.00237033,0.00787041,0,-0.117944,-0.0463364,0.108497,3,drone1
1.00676,-0.701989,2.68441e-05,-19.7406,-1.73373,-0.655804,109.077,1.88969,-0.00953942,0.00254387,0.00782632,0,0.307136,-0.0723418,0.00114421,3,drone1
1.00673,-0.701937,2.16634e-05,-19.9434,-1.67128,-0.630696,109.142,1.88423,-0.0047868,0.00203935,0.00712432,0,0.654311,-0.0273821,-0.0670114,3,drone1
1.00676,-0.70195,1.68557e-05,-20.0723,-1.62537,-0.577697,109.222,1.8726,-0.0014351,0.00196566,0.00709222,0,0.792259,0.00572777,-0.120862,3,drone1
1.00667,-0.701944,1.07778e-05,-20.1917,-1.56659,-0.572217,109.306,1.85604,-0.00225896,0.00196157,0.00710916,0,0.842432,0.0612847,-0.154091,3,drone1
1.00672,-0.701971,9.67979e-06,-20.3325,-1.51767,-0.559624,109.394,1.83542,-0.00187469,0.0019517,0.00701027,0,0.878218,0.0632019,-0.196336,3,drone1
1.00647,-0.701856,1.46644e-05,-20.4081,-1.47814,-0.535502,109.487,1.81183,-0.00144619,0.00196831,0.00705669,0,0.931656,0.0726358,-0.224428,3,drone1
1.00646,-0.701856,1.64487e-05,-20.4229,-1.44659,-0.519579,109.578,1.78607,-0.00216755,0.00185571,0.00678832,0,0.914489,0.0910127,-0.241134,3,drone1
1.00644,-0.70185,2.95997e-05,-20.4385,-1.40154,-0.570196,109.662,1.75937,-0.0032393,0.00186129,0.00677378,0,0.838128,0.0979221,-0.248605,3,drone1
1.0064,-0.701896,2.38011e-05,-20.5281,-1.38812,-0.555468,109.739,1.73285,0.00208888,0.00187416,0.00674725,0,0.770361,0.0374663,-0.267905,3,drone1
1.00641,-0.701894,1.95504e-05,-20.6214,-1.37791,-0.545322,109.817,1.70722,0.00574372,0.00191563,0.00670035,0,0.783074,0.0505989,-0.253847,3,drone1
1.00643,-0.701903,1.76497e-05,-20.693,-1.36907,-0.540064,109.897,1.68286,0.00820678,0.00190979,0.00670805,0,0.798114,0.0579383,-0.237903,3,drone1
1.00645,-0.701913,1.68159e-05,-20.7585,-1.36154,-0.537371,109.976,1.65993,0.0100714,0.00191864,0.00672878,0,0.789975,0.059136,-0.222333,3,drone1
1.00648,-0.701922,1.64461e-05,-20.8192,-1.35525,-0.53597,110.053,1.6385,0.0116098,0.00192909,0.00674978,0,0.776533,0.0575023,-0.207033,3,drone1
1.00647,-0.701938,7.0605e-06,-20.8514,-1.35735,-0.517505,110.129,1.61857,0.0129454,0.0019396,0.00676993,0,0.759624,0.0546254,-0.192051,3,drone1
1.00648,-0.701946,2.01911e-05,-20.7984,-1.34942,-0.541376,110.201,1.6002,0.0122811,0.00195763,0.00676139,0,0.715757,0.0685203,-0.170651,3,drone1
1.00647,-0.701944,1.62091e-05,-20.7532,-1.35892,-0.534991,110.26,1.58375,0.0143571,0.00198524,0.00676406,0,0.591304,0.0365706,-0.161698,3,drone1
1.00646,-0.701938,1.71104e-05,-20.7122,-1.36974,-0.539667,110.309,1.56961,0.0154268,0.00199409,0.00676018,0,0.486889,0.0384016,-0.136477,3,drone1
1.00646,-0.701933,1.71929e-05,-20.6752,-1.38619,-0.544682,110.348,1.55806,0.016566,0.00199962,0.00674934,0,0.397089,0.0290506,-0.112348,3,drone1
1.00645,-0.701928,1.72044e-05,-20.6417,-1.40804,-0.551527,110.38,1.54938,0.0175879,0.00200422,0.0067409,0,0.320255,0.0203848,-0.0849684,3,drone1
1.00644,-0.701923,1.73292e-05,-20.6111,-1.43552,-0.560647,110.406,1.54386,0.0184747,0.00200832,0.00673458,0,0.254514,0.010819,-0.0548961,3,drone1
1.00643,-0.701919,1.75889e-05,-20.583,-1.46901,-0.5722,110.425,1.54427,0.0183168,0.00201211,0.00673554,0,0.198218,7.1942e-05,0.00435219,3,drone1
1.00642,-0.701914,1.79726e-05,-20.5568,-1.50899,-0.586298,110.44,1.5487,0.0179616,0.00201576,0.0067341,0,0.149918,-0.0120963,0.0428066,3,drone1
1.00642,-0.70191,1.84719e-05,-20.532,-1.55599,-0.603079,110.451,1.55391,0.0187632,0.00201936,0.00672673,0,0.108314,-0.0256538,0.0460136,3,drone1
1.00641,-0.701907,1.90877e-05,-20.5084,-1.6106,-0.622713,107.879,1.59274,0.142439,0.0255498,0.0117162,0,-0.190409,-0.655124,0.194944,3,drone1
1.00247,-0.700094,1.93918e-05,-19.7969,-1.66021,-0.617358,108.141,1.6047,0.130973,0.00172223,0.00681411,0,2.6164,0.0754127,0.147458,3,drone1
1.00268,-0.700356,2.00705e-05,-18.7925,-1.73892,-0.610996,108.306,1.61976,0.12056,0.000136915,0.0028096,0,1.64311,0.0543008,0.174778,3,drone1
1.00276,-0.700475,2.09611e-05,-18.3531,-1.81681,-0.621826,108.354,1.64035,0.11102,0.000453022,0.00303304,0,0.473946,0.0266963,0.225342,3,drone1
1.00279,-0.700527,2.1995e-05,-18.1566,-1.8979,-0.641426,108.352,1.66653,0.102338,0.000600569,0.00311659,0,-0.0134525,-0.000111873,0.275852,3,drone1
1.0028,-0.700551,2.33947e-05,-18.0674,-1.98372,-0.666583,108.332,1.69838,0.0944683,0.000667501,0.00316318,0,-0.209396,-0.0261535,0.327021,3,drone1
1.0028,-0.700564,2.12379e-05,-18.0303,-2.05343,-0.681176,108.304,1.73597,0.0873978,0.000699824,0.00319494,0,-0.278499,-0.0519766,0.378957,3,drone1
1.0028,-0.700567,2.39275e-05,-18.0167,-2.06836,-0.690693,108.275,1.77688,0.0803904,0.000717221,0.00320348,0,-0.288493,-0.0629085,0.410236,3,drone1
1.0028,-0.700569,2.60362e-05,-18.0103,-1.94456,-0.658412,108.248,1.81541,0.0745885,0.000721225,0.00321116,0,-0.273415,-0.0665946,0.383942,3,drone1
1.00281,-0.700569,2.17954e-05,-18.0062,-1.7979,-0.605838,108.223,1.83733,0.0701856,0.000714842,0.00318784,0,-0.251196,-0.0272601,0.221831,3,drone1
1.00281,-0.700569,1.92122e-05,-18.0033,-1.65787,-0.558469,108.201,1.84148,0.0658031,0.000703018,0.00316078,0,-0.228481,0.0285343,0.0531626,3,drone1
1.00281,-0.700569,1.13425e-05,-18.001,-1.53193,-0.49136,108.18,1.83043,0.061714,0.000692088,0.00313495,0,-0.207013,0.0734752,-0.0920453,3,drone1
1.00302,-0.700471,3.59009e-05,-17.972,-1.42285,-0.40016,108.161,1.80644,0.055564,0.000677525,0.00311174,0,-0.187215,0.133569,-0.208584,3,drone1
1.00245,-0.700131,2.13098e-05,-17.8172,-1.29412,-0.383155,108.142,1.77165,0.0448145,0.000562074,0.00329541,0,-0.196326,0.21099,-0.296763,3,drone1
1.00247,-0.700133,2.67275e-05,-17.658,-1.15787,-0.414874,108.109,1.72757,0.0379146,0.00022295,0.00270861,0,-0.330109,0.203807,-0.396838,3,drone1
1.00246,-0.700125,1.78695e-05,-17.5077,-1.05358,-0.361688,108.064,1.67591,0.0393031,0.00023721,0.00269647,0,-0.454995,0.149153,-0.494797,3,drone1
1.00248,-0.700131,1.37433e-05,-17.3682,-0.950228,-0.319406,108.008,1.61785,0.0390043,0.000223726,0.00266247,0,-0.55881,0.185284,-0.550248,3,drone1
1.00249,-0.700137,1.22657e-05,-17.2387,-0.847557,-0.283466,107.943,1.55446,0.0381155,0.000224763,0.00265936,0,-0.641557,0.207442,-0.599076,3,drone1
1.00251,-0.700144,1.16167e-05,-17.118,-0.745234,-0.249852,107.873,1.48653,0.0372049,0.000226655,0.00265779,0,-0.70604,0.221503,-0.642238,3,drone1
1.00254,-0.70015,1.11812e-05,-17.0049,-0.642265,-0.216905,107.797,1.41462,0.0364187,0.000228711,0.00265761,0,-0.755391,0.232219,-0.680626,3,drone1
1.00248,-0.700144,2.7748e-05,-16.9002,-0.554958,-0.127526,107.718,1.33908,0.0357665,0.000230714,0.00265858,0,-0.792227,0.241536,-0.715716,3,drone1
1.00253,-0.700447,1.27471e-05,-16.9709,-0.447892,-0.111201,107.636,1.26011,0.0293213,0.000205977,0.0025826,0,-0.817088,0.30642,-0.730731,3,drone1
1.00254,-0.700464,1.00487e-05,-17.0346,-0.346645,-0.0858368,107.569,1.17833,0.0249368,0.000499231,0.00261261,0,-0.664081,0.293534,-0.764559,3,drone1
1.00254,-0.700473,9.18576e-06,-17.0652,-0.248513,-0.0573093,107.516,1.09431,0.0214084,0.000505547,0.00260106,0,-0.533535,0.290564,-0.789135,3,drone1
1.00254,-0.700477,8.95255e-06,-17.0796,-0.152382,-0.0280525,107.471,1.00848,0.0183182,0.000504477,0.0025848,0,-0.449161,0.290648,-0.808202,3,drone1
1.00254,-0.700479,1.32104e-05,-17.0865,-0.0444601,-0.0417189,107.432,0.921182,0.0155223,0.000500132,0.00256646,0,-0.389427,0.291266,-0.8234,3,drone1
1.00253,-0.700486,6.90066e-06,-17.0858,0.0375693,0.0261451,107.397,0.832716,0.0174536,0.000502379,0.00254483,0,-0.343252,0.248885,-0.849148,3,drone1
1.00252,-0.700479,6.68908e-06,-17.0489,0.131236,0.05425,107.366,0.743251,0.0150936,0.000494452,0.00251303,0,-0.309449,0.292074,-0.845963,3,drone1
1.00251,-0.700474,7.69454e-06,-17.0302,0.223918,0.0844622,107.334,0.652954,0.0130311,0.000481656,0.0024826,0,-0.315197,0.291317,-0.854932,3,drone1
1.00251,-0.700472,8.62948e-06,-17.0207,0.316726,0.114424,107.304,0.561941,0.0109879,0.000470503,0.00245992,0,-0.302237,0.292724,-0.862014,3,drone1
1.00251,-0.700472,9.29764e-06,-17.0158,0.410104,0.143866,107.276,0.470279,0.00898303,0.000461502,0.0024385,0,-0.281363,0.293705,-0.868528,3,drone1
1.0025,-0.700471,9.80292e-06,-17.0131,0.504318,0.173087,107.25,0.377993,0.00707742,0.000453698,0.00241759,0,-0.258086,0.294034,-0.874975,3,drone1
1.0025,-0.700471,1.02578e-05,-17.0116,0.59963,0.202397,107.226,0.285072,0.00530704,0.000446535,0.0023968,0,-0.234944,0.29408,-0.881624,3,drone1
1.0025,-0.700472,1.07322e-05,-17.0106,0.696328,0.232024,107.204,0.191473,0.00368297,0.0004397,0.00237593,0,-0.213043,0.294189,-0.888713,3,drone1
1.0025,-0.700472,1.12628e-05,-17.0099,0.79472,0.262128,107.185,0.0971203,0.00220212,0.000433021,0.00235483,0,-0.192804,0.294584,-0.896484,3,drone1
1.0025,-0.700472,7.45039e-06,-17.0095,0.897744,0.284298,107.167,0.00191413,0.000855355,0.000426398,0.00233341,0,-0.174327,0.295402,-0.905178,3,drone1
1.00251,-0.700474,7.34436e-06,-17.0085,1.00556,0.299581,107.151,-0.0942701,0.000524712,0.000421494,0.00231108,0,-0.157555,0.288197,-0.91766,3,drone1
1.00251,-0.700475,1.25784e-05,-17.007,1.1148,0.323581,107.137,-0.191591,0.00190778,0.000419788,0.00230009,0,-0.143065,0.274832,-0.933705,3,drone1
1.00252,-0.700477,1.49093e-05,-17.0056,1.22757,0.355059,107.123,-0.290327,0.00404107,0.000415492,0.00228287,0,-0.130503,0.271519,-0.949534,3,drone1
1.00253,-0.700481,1.63043e-05,-17.0042,1.34672,0.390783,107.251,-0.44474,0.0407503,-0.00758814,-0.0213052,0,0.020162,0.109703,-1.582,3,drone1
1.00684,-0.701823,1.68617e-05,-17.1096,1.45031,0.42636,107.226,-0.542309,0.0394382,0.000411889,0.00225505,0,-0.248612,0.3037,-0.927317,3,drone1
1.00675,-0.701768,1.79865e-05,-17.2073,1.57926,0.469539,107.214,-0.641062,0.0380667,0.00175106,0.0065415,0,-0.118783,0.306429,-0.938885,3,drone1
1.00675,-0.701755,1.94193e-05,-17.255,1.71269,0.512663,107.213,-0.743529,0.0366982,0.00167507,0.0064321,0,-0.00979022,0.316394,-0.974701,3,drone1
1.00675,-0.701748,2.11157e-05,-17.2783,1.85122,0.556602,107.216,-0.849767,0.0354034,0.00164779,0.00640183,0,0.0381707,0.326451,-1.01107,3,drone1
1.00675,-0.701745,2.30578e-05,-17.2899,1.99521,0.601845,107.222,-0.959913,0.0342113,0.00163031,0.00637301,0,0.056877,0.336932,-1.04873,3,drone1
1.00675,-0.701743,3.25287e-05,-17.2956,2.11588,0.623132,107.227,-1.07414,0.0331292,0.00161736,0.00634434,0,0.0619352,0.347991,-1.08799,3,drone1
1.00675,-0.701743,2.54659e-05,-17.2956,1.96887,0.587936,107.233,-1.18909,0.0337303,0.00161161,0.00632051,0,0.0605124,0.334204,-1.09992,3,drone1
1.00675,-0.701742,2.22789e-05,-17.2944,1.82165,0.544675,107.239,-1.27747,0.0332786,0.00161863,0.00635152,0,0.0549523,0.265778,-0.842869,3,drone1
1.00675,-0.701742,1.97085e-05,-17.2928,1.68222,0.50303,107.243,-1.34167,0.0326374,0.00162731,0.00638301,0,0.0490188,0.196137,-0.611314,3,drone1
1.00676,-0.701741,1.776e-05,-17.2911,1.55003,0.462777,107.248,-1.38489,0.0318985,0.00163581,0.00641279,0,0.0433348,0.135053,-0.410698,3,drone1
1.00676,-0.701741,1.62472e-05,-17.2894,1.42447,0.424069,107.251,-1.40998,0.0311517,0.00164407,0.00644102,0,0.0381266,0.081442,-0.237398,3,drone1
1.00676,-0.701741,1.50208e-05,-17.2878,1.30497,0.387,107.255,-1.41942,0.0304457,0.001652,0.00646785,0,0.0334468,0.0347111,-0.0880636,3,drone1
1.00676,-0.70174,1.39919e-05,-17.2863,1.19101,0.35156,107.258,-1.4154,0.0297991,0.00165956,0.00649344,0,0.0292754,-0.00573056,0.0402727,3,drone1
1.00676,-0.70174,1.31118e-05,-17.2848,1.08215,0.31767,107.26,-1.39985,0.029215,0.00166676,0.00651788,0,0.025566,-0.040519,0.150221,3,drone1
1.00676,-0.70174,1.23531e-05,-17.2834,0.977935,0.285223,107.262,-1.37446,0.0286898,0.0016736,0.00654129,0,0.0222661,-0.0702938,0.244085,3,drone1
1.00677,-0.701739,1.1699e-05,-17.2821,0.877972,0.254102,107.264,-1.34069,0.0282183,0.00168012,0.00656376,0,0.0193258,-0.0956617,0.323905,3,drone1
1.00677,-0.701739,1.1137e-05,-17.2809,0.781873,0.224187,107.266,-1.29983,0.027795,0.00168634,0.00658537,0,0.0167003,-0.117179,0.39149,3,drone1
1.00677,-0.701739,1.06572e-05,-17.2797,0.689268,0.195365,107.267,-1.25298,0.0274147,0.00169229,0.00660621,0,0.014351,-0.135348,0.448451,3,drone1
1.00677,-0.701738,1.02514e-05,-17.2786,0.599806,0.167525,107.268,-1.20113,0.0270732,0.00169799,0.00662634,0,0.0122447,-0.150616,0.496219,3,drone1
1.00677,-0.701738,9.91241e-06,-17.2775,0.513147,0.14056,107.269,-1.14509,0.0267664,0.00170347,0.00664584,0,0.0103529,-0.163382,0.536066,3,drone1
1.00677,-0.701738,9.63412e-06,-17.2765,0.428964,0.114369,107.27,-1.08558,0.0264911,0.00170876,0.00666478,0,0.00865162,-0.174003,0.569124,3,drone1
1.00678,-0.701737,9.41137e-06,-17.2755,0.346941,0.0888527,107.271,-1.0232,0.0262441,0.00171387,0.00668321,0,0.00711998,-0.182795,0.5964,3,drone1
1.00678,-0.701737,9.2398e-06,-17.2745,0.266775,0.0639169,107.271,-0.958468,0.0260229,0.00171883,0.0067012,0,0.00574009,-0.190037,0.618785,3,drone1
1.00678,-0.701737,9.11587e-06,-17.2736,0.188168,0.039469,107.271,-0.891815,0.0258252,0.00172366,0.00671881,0,0.00449643,-0.195981,0.637076,3,drone1
1.00678,-0.701736,9.03676e-06,-17.2728,0.110833,0.0154191,107.272,-0.823594,0.0256489,0.00172838,0.00673608,0,0.00337546,-0.200848,0.651977,3,drone1
1.00678,-0.701736,9.0003e-06,-17.2719,0.0344871,-0.00832062,107.272,-0.754095,0.0254922,0.00173301,0.00675308,0,0.00236531,-0.204836,0.664116,3,drone1
1.00679,-0.701736,9.00499e-06,-17.2711,-0.0411447,-0.0318359,107.272,-0.683551,0.0253536,0.00173756,0.00676985,0,0.00145552,-0.208121,0.67405,3,drone1
1.00679,-0.701735,9.0499e-06,-17.2704,-0.116334,-0.0552113,107.272,-0.612139,0.0252317,0.00174206,0.00678644,0,0.000636873,-0.210859,0.682277,3,drone1
1.00679,-0.701735,9.13469e-06,-17.2696,-0.191347,-0.0785299,107.272,-0.539994,0.0251253,0.00174652,0.0068029,0,-9.8819e-05,-0.213189,0.689238,3,drone1
1.00679,-0.701735,9.2596e-06,-17.2689,-0.266449,-0.101874,107.271,-0.467206,0.0250335,0.00175095,0.00681928,0,-0.000758818,-0.215237,0.695326,3,drone1
1.00679,-0.701734,9.42541e-06,-17.2682,-0.341903,-0.125325,107.271,-0.393831,0.0249554,0.00175539,0.00683563,0,-0.00134957,-0.217113,0.700894,3,drone1
1.00679,-0.701734,9.63347e-06,-17.2676,-0.417971,-0.148966,107.271,-0.319891,0.0248904,0.00175984,0.00685198,0,-0.00187682,-0.218917,0.706257,3,drone1
1.0068,-0.701734,9.88571e-06,-17.267,-0.494914,-0.172876,107.27,-0.245377,0.024838,0.00176432,0.00686838,0,-0.00234561,-0.220739,0.711697,3,drone1
1.0068,-0.701734,1.01846e-05,-17.2664,-0.572996,-0.197139,108.728,-0.289275,0.0442573,-0.0194376,-0.0241047,0,-0.0823551,0.00717218,-0.465057,3,drone1
1.0125,-0.703745,1.06583e-05,-17.6576,-0.678685,-0.235102,108.582,-0.20161,0.0412788,0.00194843,0.00685395,0,-1.46063,-0.262876,0.836816,3,drone1
1.01234,-0.703583,1.10773e-05,-18.1952,-0.756556,-0.267796,108.517,-0.111439,0.0390678,0.00399526,0.0125624,0,-0.923457,-0.271636,0.859925,3,drone1
1.00976,-0.702672,1.14771e-05,-18.4507,-0.825685,-0.294623,108.541,-0.0218136,0.0375464,0.00370706,0.0124543,0,-0.321464,-0.271204,0.853987,3,drone1
1.00728,-0.701824,1.19362e-05,-18.5881,-0.897975,-0.321157,108.602,0.0662801,0.036277,0.00274698,0.0099023,0,-0.0905816,-0.268292,0.83871,3,drone1
1.00534,-0.701163,1.24682e-05,-18.6835,-0.975442,-0.349028,108.6,0.153227,0.0351796,0.00188989,0.00744438,0,-0.0142109,-0.267049,0.827522,3,drone1
1.00537,-0.701162,1.31383e-05,-18.7431,-1.06524,-0.380634,108.608,0.239721,0.0342768,0.00122559,0.0055207,0,0.082325,-0.266799,0.822814,3,drone1
1.00537,-0.701155,1.38878e-05,-18.7692,-1.15809,-0.412725,108.621,0.327093,0.0335202,0.00122575,0.00556545,0,0.133392,-0.270764,0.830745,3,drone1
1.00537,-0.701151,1.47311e-05,-18.7807,-1.25438,-0.445717,108.636,0.41556,0.0328701,0.00122317,0.00557997,0,0.145886,-0.275367,0.84075,3,drone1
1.00537,-0.701149,1.56774e-05,-18.7857,-1.35435,-0.479836,108.65,0.505367,0.0323077,0.00122648,0.00559697,0,0.142358,-0.280699,0.85309,3,drone1
1.00537,-0.701148,1.67379e-05,-18.788,-1.45832,-0.515252,108.663,0.596765,0.031823,0.00123242,0.00561531,0,0.132735,-0.286784,0.86784,3,drone1
1.00537,-0.701147,1.79251e-05,-18.7892,-1.56659,-0.552106,108.675,0.690016,0.0314105,0.0012396,0.00563449,0,0.121276,-0.293658,0.885081,3,drone1
1.00537,-0.701147,1.92533e-05,-18.7899,-1.67951,-0.59053,108.686,0.785391,0.0310671,0.00124742,0.00565432,0,0.109767,-0.301358,0.904895,3,drone1
1.00537,-0.701146,2.07387e-05,-18.7906,-1.79744,-0.630652,110.469,0.916718,-0.0540233,-0.00629239,0.0243122,0,0.145346,0.159152,1.43334,3,drone1
1.00147,-0.700067,2.21143e-05,-19.3059,-1.89626,-0.683329,110.3,1.01394,-0.0471086,0.00143974,0.0056538,0,-1.68169,-0.416406,0.88119,3,drone1
1.00144,-0.699939,2.39801e-05,-19.9864,-2.01595,-0.752362,110.2,1.11249,-0.0403157,0.000235605,0.00179864,0,-0.999015,-0.412671,0.897548,3,drone1
1.00135,-0.699876,2.44329e-05,-20.2514,-2.01138,-0.76228,110.177,1.21479,-0.0335226,9.66494e-05,0.00179532,0,-0.219701,-0.418592,0.935913,3,drone1
1.00134,-0.699847,2.12448e-05,-20.3447,-1.8792,-0.714248,110.183,1.30679,-0.027016,2.71261e-05,0.00169768,0,0.0670449,-0.377962,0.841344,3,drone1
1.00133,-0.699835,1.97053e-05,-20.3801,-1.75458,-0.669578,110.199,1.37556,-0.0213084,-1.40727e-05,0.00164787,0,0.154692,-0.290071,0.626139,3,drone1
1.00133,-0.699831,1.85487e-05,-20.3929,-1.63733,-0.627124,110.216,1.42425,-0.0160764,-3.54825e-05,0.00160887,0,0.175883,-0.216593,0.439188,3,drone1
1.00133,-0.699828,1.74725e-05,-20.3968,-1.52697,-0.586695,110.233,1.45564,-0.0112332,-4.89967e-05,0.00157423,0,0.172364,-0.153522,0.278023,3,drone1
1.00133,-0.699827,1.64488e-05,-20.3973,-1.42298,-0.5483,110.249,1.47218,-0.00674339,-5.92464e-05,0.00154115,0,0.160451,-0.0991338,0.139782,3,drone1
1.00134,-0.699826,1.55e-05,-20.3966,-1.32491,-0.51193,110.263,1.47603,-0.0025723,-6.80329e-05,0.00150836,0,0.146403,-0.0524126,0.0217296,3,drone1
1.00134,-0.699826,1.46419e-05,-20.3955,-1.23232,-0.477524,110.277,1.46909,0.00132135,-7.60627e-05,0.00147514,0,0.132546,-0.0125494,-0.0786032,3,drone1
1.00134,-0.699825,1.38776e-05,-20.3942,-1.14483,-0.444987,110.288,1.45302,0.00498263,-8.36234e-05,0.001441,0,0.119681,0.0211901,-0.163406,3,drone1
1.00134,-0.699825,1.32024e-05,-20.3929,-1.06208,-0.414206,110.299,1.42929,0.00845741,-9.0842e-05,0.00140552,0,0.108028,0.0494848,-0.234617,3,drone1
1.00134,-0.699824,1.26085e-05,-20.3917,-0.98374,-0.385066,107.636,1.38806,0.101253,0.0150932,-0.0193567,0,0.205929,-0.107299,-0.458246,3,drone1
1.00359,-0.700249,1.21443e-05,-19.5568,-0.924835,-0.347785,107.912,1.35394,0.0948252,-0.000167035,0.00132281,0,2.75924,0.15793,-0.309145,3,drone1
1.0037,-0.700488,1.1673e-05,-18.4589,-0.860514,-0.306344,108.077,1.31639,0.0895484,0.000211717,0.00354569,0,1.65018,0.16124,-0.343161,3,drone1
1.00378,-0.700622,1.12908e-05,-17.9687,-0.795682,-0.277152,108.116,1.27513,0.0854503,0.000519881,0.00360468,0,0.389389,0.165822,-0.380043,3,drone1
1.00382,-0.700682,1.09417e-05,-17.7436,-0.732471,-0.253462,108.103,1.23098,0.0822881,0.000680322,0.00362588,0,-0.137662,0.167769,-0.40959,3,drone1
1.00383,-0.70071,1.06325e-05,-17.6381,-0.671647,-0.232629,108.068,1.18461,0.0799244,0.000747716,0.00360271,0,-0.34685,0.167725,-0.432957,3,drone1
1.00384,-0.700722,1.03621e-05,-17.5881,-0.613381,-0.213508,108.026,1.13659,0.0782887,0.000774029,0.00355767,0,-0.415245,0.165962,-0.450945,3,drone1
1.00385,-0.700728,1.01266e-05,-17.564,-0.557619,-0.195572,107.984,1.0874,0.0773488,0.000781711,0.00349902,0,-0.42116,0.16269,-0.464303,3,drone1
1.00385,-0.700731,9.92229e-06,-17.5521,-0.50422,-0.178555,107.944,1.03746,0.0770966,0.0007809,0.00342978,0,-0.400259,0.158073,-0.473706,3,drone1
1.00385,-0.700732,9.74565e-06,-17.546,-0.453011,-0.162304,107.907,0.987128,0.0775411,0.000776252,0.00335066,0,-0.368904,0.152228,-0.47976,3,drone1
1.00386,-0.700732,9.5936e-06,-17.5426,-0.403809,-0.146722,107.874,0.936705,0.0787047,0.000769914,0.00326128,0,-0.334534,0.145237,-0.483002,3,drone1
1.00386,-0.700732,9.46351e-06,-17.5406,-0.356431,-0.131731,107.843,0.886445,0.0806222,0.000762859,0.00316067,0,-0.300434,0.137152,-0.483907,3,drone1
1.00386,-0.700732,9.35312e-06,-17.5392,-0.3107,-0.117268,107.817,0.836562,0.0833404,0.000755513,0.00304745,0,-0.267948,0.127995,-0.482896,3,drone1
1.00386,-0.700732,9.26046e-06,-17.538,-0.266442,-0.103274,107.793,0.787235,0.0869183,0.000748047,0.00291999,0,-0.237523,0.117762,-0.48034,3,drone1
1.00386,-0.700731,9.18387e-06,-17.5371,-0.223492,-0.0896967,107.772,0.738613,0.0914278,0.00074051,0.00277639,0,-0.209193,0.106424,-0.476564,3,drone1
1.00387,-0.700731,9.12195e-06,-17.5362,-0.181688,-0.076483,107.753,0.690821,0.0969548,0.000732899,0.00261452,0,-0.182815,0.093924,-0.471856,3,drone1
1.00387,-0.700731,9.07349e-06,-17.5353,-0.140874,-0.0635839,107.737,0.643958,0.1036,0.000725185,0.00243198,0,-0.158166,0.0801845,-0.466469,3,drone1
1.00387,-0.70073,9.03753e-06,-17.5345,-0.1009,-0.0509514,107.724,0.598111,0.111482,0.000717332,0.00222616,0,-0.135002,0.065102,-0.460623,3,drone1
1.00387,-0.70073,9.01327e-06,-17.5336,-0.0616188,-0.038539,107.712,0.553347,0.120734,0.000709308,0.0019942,0,-0.113075,0.0485506,-0.454512,3,drone1
1.00387,-0.70073,9.00011e-06,-17.5328,-0.0228867,-0.0263014,107.703,0.509725,0.131511,0.000701088,0.00173303,0,-0.0921445,0.0303824,-0.448307,3,drone1
1.00388,-0.700729,8.9976e-06,-17.532,0.0154364,-0.0141942,107.696,0.467293,0.143987,0.000692662,0.00143945,0,-0.0719846,0.0104304,-0.442157,3,drone1
1.00388,-0.700729,9.00545e-06,-17.5312,0.0534883,-0.0021738,107.69,0.426093,0.158357,0.000684046,0.0011102,0,-0.052388,-0.0114879,-0.43619,3,drone1
1.00388,-0.700729,9.02352e-06,-17.5304,0.0914046,0.00980258,107.687,0.386161,0.174838,0.000675289,0.000742104,0,-0.0331712,-0.0355637,-0.430521,3,drone1
1.00388,-0.700728,9.05183e-06,-17.5297,0.129319,0.0217774,107.685,0.347532,0.193669,0.000666487,0.000332328,0,-0.0141819,-0.0619883,-0.425248,3,drone1
1.00388,-0.700728,9.09053e-06,-17.5289,0.167366,0.0337926,107.686,0.310235,0.215105,0.000657797,-0.000121325,0,0.00469088,-0.0909385,-0.420456,3,drone1
1.00388,-0.700728,9.1399e-06,-17.5281,0.205676,0.04589,107.688,0.274299,0.239419,0.000649451,-0.000619975,0,0.023503,-0.122559,-0.416223,3,drone1
1.00389,-0.700727,9.2004e-06,-17.5274,0.244383,0.0581115,107.671,0.205556,0.25014,0.00138114,0.00326726,0,-0.17119,0.107656,-0.687359,3,drone1
1.00389,-0.700727,9.2726e-06,-17.5266,0.283618,0.0704988,107.679,0.17582,0.282736,0.00064233,-0.00174085,0,0.0820569,-0.220568,-0.382129,3,drone1
1.00389,-0.700727,9.35727e-06,-17.5259,0.323516,0.0830942,107.689,0.147157,0.318889,0.000637511,-0.00236141,0,0.0980637,-0.2577,-0.382691,3,drone1
1.00389,-0.700726,9.45529e-06,-17.5252,0.36421,0.0959401,107.7,0.119596,0.358865,0.000634757,-0.00300831,0,0.113533,-0.297463,-0.383776,3,drone1
1.00389,-0.700726,9.56776e-06,-17.5245,0.405838,0.10908,107.713,0.0931483,0.402889,0.000634591,-0.0036679,0,0.127961,-0.33938,-0.385469,3,drone1
1.00389,-0.700726,9.69593e-06,-17.5238,0.448538,0.122556,107.727,0.0677947,0.451126,0.000637434,-0.00432235,0,0.140727,-0.382791,-0.387854,3,drone1
1.0039,-0.700725,9.84129e-06,-17.5231,0.49245,0.136415,107.742,0.0434845,0.503662,0.000643494,-0.00495014,0,0.151122,-0.42686,-0.391019,3,drone1
1.0039,-0.700725,1.00055e-05,-17.5224,0.53772,0.150701,107.758,0.020129,0.560495,0.000652671,-0.00552732,0,0.158407,-0.47062,-0.395055,3,drone1
1.0039,-0.700725,1.01905e-05,-17.5217,0.584496,0.165461,107.775,-0.00240475,0.621537,0.000662928,-0.00603039,0,0.16194,-0.513118,-0.40013,3,drone1
1.0039,-0.700724,1.03985e-05,-17.5211,0.632928,0.180743,107.791,-0.0242525,0.686692,0.000670514,-0.0064572,0,0.162006,-0.554268,-0.406247,3,drone1
1.0039,-0.700724,1.06318e-05,-17.5205,0.683174,0.196597,107.807,-0.0455403,0.755904,0.000675239,-0.00682056,0,0.159475,-0.594502,-0.413435,3,drone1
1.00391,-0.700724,1.08934e-05,-17.5199,0.735396,0.213073,107.823,-0.0663872,0.82916,0.00067692,-0.00713155,0,0.155059,-0.634219,-0.421741,3,drone1
1.00391,-0.700723,1.11864e-05,-17.5193,0.78976,0.230224,107.838,-0.0869059,0.906479,0.000675349,-0.00739955,0,0.149328,-0.673791,-0.431214,3,drone1
1.00391,-0.700723,1.15142e-05,-17.5188,0.846441,0.248106,107.853,-0.107204,0.987919,0.000670275,-0.00763246,0,0.142737,-0.713563,-0.441902,3,drone1
1.00391,-0.700723,1.18809e-05,-17.5182,0.905618,0.266774,107.867,-0.127382,1.07357,0.000661405,-0.007837,0,0.135645,-0.753857,-0.453853,3,drone1
1.00391,-0.700722,1.22908e-05,-17.5178,0.967479,0.286288,107.88,-0.147541,1.16354,0.000648393,-0.00801888,0,0.128336,-0.794975,-0.46712,3,drone1
1.00391,-0.700722,1.2749e-05,-17.5173,1.03222,0.30671,107.893,-0.167916,1.25789,0.000630095,-0.00818331,0,0.121032,-0.835839,-0.482816,3,drone1
1.00392,-0.700722,1.3261e-05,-17.5169,1.10004,0.328105,107.905,-0.194421,1.33466,0.000486172,-0.0082482,0,0.112616,-0.649541,-0.487525,3,drone1
1.00392,-0.700721,1.3833e-05,-17.5166,1.17116,0.350538,107.916,-0.230435,1.39039,0.000343785,-0.00830491,0,0.10493,-0.420033,-0.513696,3,drone1
1.00392,-0.700721,1.4472e-05,-17.5162,1.2458,0.374082,107.926,-0.274696,1.42783,0.000239789,-0.00834843,0,0.0976317,-0.220442,-0.536133,3,drone1
1.00392,-0.700721,1.51858e-05,-17.516,1.32419,0.398809,107.935,-0.326351,1.44945,0.000166047,-0.00838378,0,0.0907962,-0.0471724,-0.558002,3,drone1
1.00392,-0.70072,1.59832e-05,-17.5158,1.40658,0.424797,107.943,-0.384781,1.4575,0.000115933,-0.00841361,0,0.0844525,0.102988,-0.580754,3,drone1
1.00393,-0.70072,1.68738e-05,-17.5157,1.49322,0.452127,107.951,-0.449511,1.45394,8.40712e-05,-0.00843938,0,0.0786014,0.232907,-0.605005,3,drone1
1.00393,-0.70072,1.78685e-05,-17.5157,1.58438,0.480885,107.958,-0.520171,1.44051,6.61192e-05,-0.00846205,0,0.0732286,0.345142,-0.631017,3,drone1
1.00393,-0.700719,1.89796e-05,-17.5157,1.68035,0.51116,107.965,-0.596468,1.41874,5.85862e-05,-0.00848227,0,0.068313,0.441974,-0.658925,3,drone1
1.00393,-0.700719,2.02205e-05,-17.5159,1.78142,0.543047,107.97,-0.678184,1.38997,5.86788e-05,-0.00850059,0,0.0638294,0.525439,-0.688831,3,drone1
1.00393,-0.700719,2.16066e-05,-17.5162,1.88791,0.576644,107.976,-0.765163,1.35534,6.41751e-05,-0.00851744,0,0.0597515,0.597351,-0.720831,3,drone1
1.00393,-0.700718,2.31548e-05,-17.5166,2.00015,0.612057,107.98,-0.85731,1.31588,7.33056e-05,-0.00853356,0,0.0560684,0.659315,-0.755049,3,drone1
1.00394,-0.700718,2.8771e-05,-17.517,2.10678,0.637018,107.984,-0.954576,1.27251,8.24639e-05,-0.00856007,0,0.0531899,0.712385,-0.791604,3,drone1
1.00394,-0.700718,2.33333e-05,-17.5153,1.99978,0.6115,107.988,-1.05544,1.22692,9.73278e-05,-0.00860865,0,0.0514321,0.744677,-0.818949,3,drone1
1.00394,-0.700718,2.22055e-05,-17.5135,1.88444,0.574073,107.991,-1.13749,1.1782,0.000137201,-0.00858263,0,0.045881,0.716444,-0.630259,3,drone1
1.00394,-0.700718,2.06128e-05,-17.5117,1.77622,0.540285,107.994,-1.20129,1.12807,0.000176089,-0.00861147,0,0.0425793,0.673626,-0.452175,3,drone1
1.00394,-0.700717,1.91565e-05,-17.5099,1.67507,0.508797,107.997,-1.24927,1.07704,0.00020672,-0.0087022,0,0.0417456,0.633301,-0.298974,3,drone1
1.00394,-0.700717,1.7932e-05,-17.5083,1.58063,0.479254,108,-1.28359,1.02573,0.000230876,-0.00884992,0,0.0430774,0.593917,-0.168121,3,drone1
1.00395,-0.700717,1.69064e-05,-17.5068,1.49252,0.451566,108.004,-1.30615,0.974676,0.000249646,-0.00904859,0,0.0462052,0.555116,-0.0570447,3,drone1
1.00395,-0.700716,1.60334e-05,-17.5053,1.41035,0.425677,108.008,-1.31862,0.924368,0.000263887,-0.00929162,0,0.0507448,0.51688,0.0366211,3,drone1
1.00395,-0.700716,1.52787e-05,-17.5039,1.33378,0.401521,108.012,-1.32248,0.87522,0.000274353,-0.00957226,0,0.0563234,0.479262,0.114993,3,drone1
1.00395,-0.700716,1.46199e-05,-17.5026,1.26249,0.379018,108.017,-1.31902,0.82758,0.000281724,-0.00988383,0,0.0625937,0.442323,0.179946,3,drone1
1.00395,-0.700715,1.40417e-05,-17.5014,1.19618,0.358085,107.583,-1.31572,0.771569,0.00028661,-0.0102198,0,0.0692395,0.406129,0.23314,3,drone1
1.00579,-0.701231,1.3467e-05,-17.3803,1.12653,0.333519,107.178,-1.30623,0.718359,0.000372544,-0.0105709,0,0.516685,0.361256,0.276146,3,drone1
1.00768,-0.701784,1.29536e-05,-17.0928,1.06189,0.307483,107.258,-1.2849,0.678891,0.000944712,-0.00909389,0,0.81484,0.316008,0.318379,3,drone1
1.00768,-0.701831,1.2563e-05,-16.8436,1.01006,0.286777,107.304,-1.25958,0.64158,0.00145013,-0.00758161,0,0.461494,0.282411,0.351363,3,drone1
1.0077,-0.701863,1.2224e-05,-16.7199,0.961327,0.269769,107.321,-1.2319,0.606538,0.00146039,-0.00796586,0,0.181825,0.252675,0.368129,3,drone1
1.00771,-0.701879,1.19238e-05,-16.6579,0.916037,0.255093,107.326,-1.20227,0.573867,0.00147435,-0.00832285,0,0.0553928,0.223763,0.380024,3,drone1
1.00772,-0.701886,1.16597e-05,-16.6265,0.874164,0.242049,107.326,-1.17114,0.543632,0.00148127,-0.00867761,0,0.00300441,0.195859,0.387252,3,drone1
1.00772,-0.70189,1.1428e-05,-16.6103,0.835609,0.230283,107.324,-1.13891,0.515859,0.00148517,-0.00902268,0,-0.0141228,0.169066,0.39033,3,drone1
1.00772,-0.701892,1.1225e-05,-16.6018,0.800245,0.219605,107.322,-1.10598,0.490546,0.00148787,-0.0093528,0,-0.0150078,0.143486,0.389783,3,drone1
1.00773,-0.701892,1.10475e-05,-16.597,0.767938,0.209905,107.321,-1.07267,0.467663,0.00149023,-0.009664,0,-0.00901905,0.119212,0.386106,3,drone1
1.00773,-0.701893,1.08925e-05,-16.5942,0.738558,0.20111,106.757,-1.04383,0.436581,0.00149265,-0.00995324,0,-0.000749538,0.0963249,0.379747,3,drone1
1.00946,-0.702326,1.07192e-05,-16.4469,0.704268,0.188932,106.239,-1.01444,0.409107,0.00159699,-0.0102029,0,0.571288,0.0670957,0.371656,3,drone1
1.01123,-0.702799,1.05616e-05,-16.0967,0.673046,0.17529,106.334,-0.979925,0.395384,0.00209983,-0.00870103,0,0.951219,0.037982,0.369452,3,drone1
1.01124,-0.702858,1.04614e-05,-15.7862,0.652538,0.165581,106.385,-0.945539,0.383476,0.00251873,-0.00715837,0,0.514792,0.0190236,0.363392,3,drone1
1.01126,-0.702898,1.03792e-05,-15.6228,0.633891,0.158368,106.401,-0.912344,0.373328,0.00253744,-0.00735398,0,0.160619,0.00414498,0.347088,3,drone1
1.01127,-0.702919,1.03067e-05,-15.536,0.6174,0.152757,106.4,-0.880354,0.364896,0.00255884,-0.00749867,0,-0.0122299,-0.00947708,0.330688,3,drone1
1.01128,-0.702929,1.02453e-05,-15.4894,0.603093,0.148257,106.39,-0.84963,0.358114,0.0025721,-0.00762262,0,-0.0923385,-0.0219157,0.31387,3,drone1
1.01128,-0.702935,1.01945e-05,-15.4642,0.590948,0.144615,106.378,-0.820237,0.352914,0.00258131,-0.00772723,0,-0.125123,-0.0333592,0.296622,3,drone1
1.01129,-0.702938,1.01536e-05,-15.4503,0.580932,0.141694,106.364,-0.792234,0.349236,0.00258836,-0.00781492,0,-0.134073,-0.0439647,0.278983,3,drone1
1.01129,-0.70294,1.01218e-05,-15.4425,0.573003,0.139419,106.351,-0.765675,0.347023,0.00259417,-0.00788814,0,-0.131417,-0.0538677,0.261013,3,drone1
1.01129,-0.70294,1.00986e-05,-15.4379,0.567124,0.137747,106.339,-0.740602,0.346228,0.00259922,-0.00794914,0,-0.123503,-0.0631885,0.242774,3,drone1
1.01129,-0.70294,1.00834e-05,-15.435,0.563261,0.13665,106.327,-0.717048,0.346809,0.00260376,-0.00799991,0,-0.113588,-0.072035,0.224326,3,drone1
1.01129,-0.702941,1.00761e-05,-15.4331,0.561386,0.136113,106.317,-0.695041,0.348733,0.00260792,-0.00804219,0,-0.103302,-0.0805052,0.20572,3,drone1
1.0113,-0.70294,1.00765e-05,-15.4317,0.561477,0.136123,106.308,-0.6746,0.351977,0.00261179,-0.00807745,0,-0.0934256,-0.088688,0.186998,3,drone1
1.0113,-0.70294,1.00844e-05,-15.4306,0.56352,0.136675,106.299,-0.65574,0.356519,0.00261541,-0.00810693,0,-0.084294,-0.0966651,0.168191,3,drone1
1.0113,-0.70294,1.01e-05,-15.4296,0.567506,0.137765,106.292,-0.638472,0.36235,0.00261882,-0.0081317,0,-0.0760191,-0.104511,0.149322,3,drone1
1.0113,-0.70294,1.01233e-05,-15.4287,0.573434,0.139391,106.285,-0.622801,0.369462,0.00262205,-0.00815266,0,-0.068601,-0.112296,0.130404,3,drone1
1.0113,-0.70294,1.01547e-05,-15.4278,0.58131,0.141555,106.279,-0.608732,0.377857,0.0026251,-0.00817056,0,-0.0619885,-0.120084,0.111445,3,drone1
1.0113,-0.702939,1.01945e-05,-15.4269,0.591145,0.14426,106.273,-0.596268,0.387542,0.00262797,-0.00818605,0,-0.0561097,-0.127936,0.0924416,3,drone1
1.01131,-0.702939,1.02433e-05,-15.4261,0.602958,0.14751,106.268,-0.585411,0.398528,0.00263069,-0.00819967,0,-0.0508876,-0.135907,0.0733868,3,drone1
1.01131,-0.702939,1.03015e-05,-15.4253,0.616776,0.151313,106.264,-0.576161,0.410833,0.00263323,-0.0082119,0,-0.0462473,-0.144052,0.0542669,3,drone1
1.01131,-0.702939,1.03699e-05,-15.4245,0.63263,0.155678,106.26,-0.568522,0.424482,0.00263561,-0.00822314,0,-0.0421194,-0.152422,0.0350626,3,drone1
1.01131,-0.702939,1.04495e-05,-15.4237,0.65056,0.160615,106.256,-0.562496,0.439502,0.00263779,-0.00823373,0,-0.0384412,-0.161066,0.0157501,3,drone1
1.01131,-0.702938,1.0541e-05,-15.4229,0.670612,0.166137,106.253,-0.558087,0.455929,0.00263979,-0.008244,0,-0.0351565,-0.170032,-0.00369914,3,drone1
1.01131,-0.702938,1.06458e-05,-15.4221,0.69284,0.172259,106.25,-0.555301,0.473801,0.00264156,-0.00825421,0,-0.0322156,-0.179366,-0.0233175,3,drone1
1.01132,-0.702938,1.07651e-05,-15.4214,0.717304,0.178997,106.247,-0.554146,0.493165,0.00264309,-0.00826462,0,-0.0295744,-0.189114,-0.0431412,3,drone1
1.01132,-0.702938,1.09005e-05,-15.4206,0.744072,0.186369,106.244,-0.554634,0.51407,0.00264435,-0.00827545,0,-0.0271938,-0.19932,-0.0632101,3,drone1
1.01132,-0.702937,1.10535e-05,-15.4199,0.77322,0.194398,103.152,-0.617577,0.553589,0.0178859,-0.0245367,0,-0.0443806,-0.572421,-0.542567,3,drone1
1.01475,-0.703438,1.1128e-05,-14.6832,0.791348,0.188574,103.459,-0.615858,0.576101,0.0030885,-0.00812338,0,3.06695,-0.223853,-0.0291031,3,drone1
1.01481,-0.703629,1.13157e-05,-13.6221,0.829042,0.182213,103.662,-0.615612,0.600729,0.00337235,-0.00474294,0,2.02372,-0.240911,-0.0510948,3,drone1
1.01488,-0.703762,1.15409e-05,-12.9999,0.86781,0.181677,103.738,-0.619046,0.627657,0.00346157,-0.0047878,0,0.760634,-0.254109,-0.0954534,3,drone1
1.01492,-0.703839,1.1781e-05,-12.6238,0.908688,0.184864,103.745,-0.625541,0.656827,0.00353856,-0.00478204,0,0.0628077,-0.267972,-0.132234,3,drone1
1.01494,-0.703885,1.20482e-05,-12.3918,0.952066,0.190552,103.713,-0.634764,0.688225,0.00358552,-0.00478726,0,-0.319268,-0.282642,-0.164893,3,drone1
1.01496,-0.703914,1.23482e-05,-12.247,0.998213,0.198059,103.662,-0.646518,0.721876,0.00361578,-0.00479834,0,-0.518895,-0.298246,-0.195178,3,drone1
1.01497,-0.703932,1.26848e-05,-12.1559,1.04735,0.206987,100.6,-0.719109,0.725861,0.0237106,-0.00234351,0,-0.306827,-0.296462,-0.43666,3,drone1
1.01414,-0.70338,1.30744e-05,-11.5242,1.10622,0.207019,100.836,-0.730761,0.76711,0.00391803,-0.00460933,0,2.36005,-0.387422,-0.183246,3,drone1
1.01423,-0.703536,1.35097e-05,-10.6121,1.16498,0.199776,100.986,-0.746641,0.810798,0.00330696,-0.00554555,0,1.49299,-0.401957,-0.233394,3,drone1
1.01429,-0.70364,1.39906e-05,-9.99993,1.22648,0.197779,101.03,-0.766778,0.857278,0.00336191,-0.00555203,0,0.432469,-0.418826,-0.284837,3,drone1
1.01433,-0.703709,1.45207e-05,-9.57894,1.29124,0.199449,101.009,-0.790685,0.906541,0.00340286,-0.00557513,0,-0.221995,-0.437173,-0.329667,3,drone1
1.01436,-0.703755,1.51128e-05,-9.2846,1.35967,0.203834,100.948,-0.818061,0.958636,0.00343058,-0.00560482,0,-0.619778,-0.457237,-0.370426,3,drone1
1.01438,-0.703787,1.57755e-05,-9.07649,1.43209,0.210344,100.864,-0.848726,1.01365,0.00345006,-0.00563954,0,-0.851041,-0.479125,-0.408755,3,drone1
1.01439,-0.703809,1.65169e-05,-8.9282,1.50879,0.218598,100.767,-0.882583,1.07171,0.00346365,-0.0056791,0,-0.972822,-0.502891,-0.445769,3,drone1
1.0144,-0.703825,1.73461e-05,-8.82196,1.59005,0.228345,100.666,-0.919594,1.13295,0.00347249,-0.00572384,0,-1.02246,-0.52857,-0.482265,3,drone1
1.01441,-0.703837,1.82732e-05,-8.74553,1.67615,0.239416,100.565,-0.959768,1.19755,0.00347709,-0.00577431,0,-1.02492,-0.556202,-0.518839,3,drone1
1.01442,-0.703845,1.93095e-05,-8.6904,1.76738,0.251705,100.467,-1.00315,1.26569,0.00347766,-0.00583117,0,-0.997124,-0.585836,-0.55595,3,drone1
1.01442,-0.703851,2.04677e-05,-8.65055,1.86402,0.265143,100.374,-1.0498,1.33757,0.0034742,-0.00589515,0,-0.950605,-0.617527,-0.593969,3,drone1
1.01442,-0.703855,2.17622e-05,-8.6217,1.96637,0.279695,100.286,-1.09982,1.4134,0.00346658,-0.00596703,0,-0.89322,-0.651345,-0.633201,3,drone1
1.01443,-0.703858,2.32089e-05,-8.60081,2.07477,0.295348,100.205,-1.15459,1.49178,0.00344553,-0.00605345,0,-0.830028,-0.66881,-0.683154,3,drone1
1.01443,-0.70386,2.82146e-05,-8.58604,2.17812,0.303098,100.13,-1.2161,1.55144,0.00332377,-0.00606543,0,-0.765203,-0.473748,-0.71397,3,drone1
1.01443,-0.703862,2.30988e-05,-8.57737,2.07717,0.295132,100.061,-1.28385,1.59445,0.00323724,-0.00607304,0,-0.700679,-0.299985,-0.744196,3,drone1
1.01443,-0.703862,2.22416e-05,-8.57096,1.96552,0.276776,99.9976,-1.33655,1.62162,0.00319777,-0.0058743,0,-0.641584,-0.172579,-0.567202,3,drone1
1.01443,-0.703863,2.08284e-05,-8.56599,1.86143,0.261129,99.9393,-1.37435,1.63618,0.00318538,-0.0056955,0,-0.586553,-0.0758461,-0.397855,3,drone1
1.01443,-0.703863,1.94908e-05,-8.56208,1.76466,0.246802,99.8858,-1.39941,1.63994,0.00318191,-0.0055509,0,-0.535469,0.00723838,-0.253329,3,drone1
1.01443,-0.703863,1.83514e-05,-8.55894,1.67486,0.233438,97.8471,-1.41963,1.61894,0.0191134,0.0193495,0,-0.45349,-0.345629,0.303675,3,drone1
1.00984,-0.702976,1.7626e-05,-8.27527,1.61501,0.216407,98.0013,-1.42392,1.60765,0.00339013,-0.00522409,0,1.54445,0.117312,-0.0285815,3,drone1
1.00995,-0.70305,1.68063e-05,-7.82182,1.5393,0.193028,97.6197,-1.4373,1.578,0.00249394,-0.00980047,0,1.10502,0.171892,0.0265583,3,drone1
1.01184,-0.7033,1.60073e-05,-7.42058,1.46064,0.171853,97.7223,-1.42991,1.55694,0.00257573,-0.00963134,0,1.03083,0.199684,0.0995896,3,drone1
1.01184,-0.703338,1.53906e-05,-7.06386,1.39644,0.154687,97.7742,-1.41712,1.53179,0.00276329,-0.00771575,0,0.524821,0.232699,0.159592,3,drone1
1.01186,-0.703371,1.48511e-05,-6.79351,1.33717,0.140957,97.785,-1.40072,1.50338,0.00276088,-0.00770651,0,0.114262,0.259357,0.200658,3,drone1
1.01188,-0.703394,1.43792e-05,-6.58705,1.28284,0.129811,97.7674,-1.38128,1.47249,0.00277067,-0.0076722,0,-0.168791,0.279297,0.23478,3,drone1
1.01189,-0.703412,1.39673e-05,-6.42847,1.23328,0.120641,95.701,-1.36227,1.42011,0.0167966,0.00714948,0,-0.5172,-0.0688093,0.6959,3,drone1
1.00992,-0.703047,1.36793e-05,-6.07046,1.19843,0.10916,95.8549,-1.33765,1.38859,0.00307911,-0.00751612,0,1.54615,0.292418,0.272748,3,drone1
1.00999,-0.703099,1.33736e-05,-5.58836,1.15847,0.0950615,95.9575,-1.3132,1.35615,0.00266791,-0.00951251,0,1.03289,0.299988,0.273873,3,drone1
1.01002,-0.703134,1.31037e-05,-5.2097,1.12277,0.0840944,96.0015,-1.28853,1.32326,0.00263704,-0.00946428,0,0.446824,0.302353,0.278415,3,drone1
1.01004,-0.703161,1.28708e-05,-4.9098,1.09111,0.0754644,96.0032,-1.26381,1.29037,0.0026163,-0.00944929,0,0.0228388,0.30127,0.28023,3,drone1
1.01006,-0.703181,1.26732e-05,-4.67081,1.0634,0.0686275,95.9745,-1.23921,1.25783,0.00260601,-0.00943623,0,-0.279919,0.297144,0.279254,3,drone1
1.01007,-0.703196,1.25078e-05,-4.47946,1.03957,0.0631929,95.9248,-1.21496,1.22599,0.00260366,-0.00942492,0,-0.491429,0.290364,0.275469,3,drone1
1.01009,-0.703208,1.2372e-05,-4.3257,1.0195,0.0588741,95.8608,-1.19127,1.19511,0.00260725,-0.00941524,0,-0.634082,0.281278,0.268974,3,drone1
1.0101,-0.703217,1.22633e-05,-4.20178,1.00313,0.055458,95.7878,-1.16833,1.16544,0.00261516,-0.00940707,0,-0.724821,0.27019,0.259933,3,drone1
1.0101,-0.703224,1.21799e-05,-4.1017,0.990374,0.0527845,95.7096,-1.14637,1.13719,0.00262612,-0.00940032,0,-0.776576,0.257363,0.248543,3,drone1
1.01011,-0.70323,1.21204e-05,-4.0207,0.981168,0.0507326,95.6292,-1.12557,1.11053,0.00263915,-0.00939493,0,-0.799272,0.243027,0.235009,3,drone1
1.01011,-0.703235,1.20837e-05,-3.95505,0.975458,0.0492099,95.5487,-1.10611,1.08562,0.00265348,-0.00939084,0,-0.80055,0.227379,0.219533,3,drone1
1.01012,-0.703238,1.20691e-05,-3.90177,0.9732,0.0481458,95.4697,-1.08816,1.06259,0.00266853,-0.00938803,0,-0.786299,0.210589,0.202307,3,drone1
1.01012,-0.703241,1.20762e-05,-3.85847,0.97436,0.0474863,95.3932,-1.07185,1.04154,0.00268387,-0.00938648,0,-0.761054,0.192801,0.183508,3,drone1
1.01013,-0.703244,1.21049e-05,-3.82325,0.978919,0.04719,95.32,-1.05734,1.02259,0.00269917,-0.00938619,0,-0.728299,0.174136,0.163291,3,drone1
1.01013,-0.703246,1.21554e-05,-3.79457,0.986865,0.0472254,95.2507,-1.04475,1.0058,0.0027142,-0.00938717,0,-0.690696,0.154696,0.141797,3,drone1
1.01013,-0.703247,1.22284e-05,-3.77119,0.998202,0.0475686,95.1854,-1.03419,0.99125,0.00272879,-0.00938945,0,-0.650269,0.134565,0.119144,3,drone1
1.01013,-0.703248,1.23245e-05,-3.7521,1.01294,0.0482017,95.1243,-1.02577,0.979011,0.00274282,-0.00939308,0,-0.608539,0.113809,0.0954303,3,drone1
1.01013,-0.703249,1.2445e-05,-3.73651,1.03111,0.0491116,95.0675,-1.01959,0.969139,0.00275622,-0.00939811,0,-0.566636,0.0924803,0.0707386,3,drone1
1.01013,-0.70325,1.25913e-05,-3.72375,1.05275,0.0502892,95.0148,-1.01575,0.961689,0.00276895,-0.00940462,0,-0.525386,0.0706178,0.0451328,3,drone1
1.01014,-0.703251,1.27652e-05,-3.71329,1.0779,0.0517285,94.9662,-1.01433,0.956713,0.00278099,-0.0094127,0,-0.485378,0.0482478,0.0186608,3,drone1
1.01014,-0.703251,1.29689e-05,-3.70471,1.10663,0.0534263,94.9215,-1.01542,0.954262,0.00279232,-0.00942243,0,-0.447017,0.0253855,-0.00864471,3,drone1
1.01014,-0.703252,1.32048e-05,-3.69765,1.139,0.0553813,94.8804,-1.0191,0.954387,0.00280294,-0.00943394,0,-0.410565,0.00203572,-0.0367648,3,drone1
1.01014,-0.703252,1.34761e-05,-3.69184,1.17511,0.0575945,94.8428,-1.02546,0.957138,0.00281287,-0.00944736,0,-0.376177,-0.021806,-0.0656936,3,drone1
1.01014,-0.703253,1.37859e-05,-3.68703,1.21504,0.0600684,94.8085,-1.03456,0.962568,0.0028221,-0.00946284,0,-0.343927,-0.0461527,-0.0954374,3,drone1
1.01014,-0.703253,1.41383e-05,-3.68305,1.25891,0.0628071,94.7773,-1.0465,0.970732,0.00283064,-0.00948054,0,-0.313827,-0.0710257,-0.126014,3,drone1
1.01014,-0.703253,1.45376e-05,-3.67974,1.30685,0.0658161,94.7489,-1.06137,0.981691,0.0028385,-0.00950066,0,-0.285841,-0.0964534,-0.15745,3,drone1
1.01014,-0.703253,1.49887e-05,-3.67698,1.35898,0.069102,94.7232,-1.07924,0.995506,0.00284566,-0.00952341,0,-0.259905,-0.122471,-0.189785,3,drone1
1.01014,-0.703253,1.54974e-05,-3.67466,1.41545,0.0726729,94.7,-1.10021,1.01225,0.00285212,-0.00954901,0,-0.235928,-0.149121,-0.223064,3,drone1
1.01014,-0.703253,1.607e-05,-3.67272,1.47643,0.076538,94.679,-1.12438,1.03199,0.00285786,-0.00957773,0,-0.213806,-0.176452,-0.257343,3,drone1
1.01014,-0.703253,1.67137e-05,-3.67108,1.5421,0.0807074,89.5874,-1.24173,1.04282,0.0369006,-0.0331633,0,-0.220045,-1.11336,-0.399821,3,drone1
1.01604,-0.703386,1.71217e-05,-3.18905,1.585,0.0701304,91.5143,-1.24286,1.09665,-0.0109912,0.00556528,0,5.19363,-0.2517,-0.261899,3,drone1
1.0149,-0.703421,1.79964e-05,-2.51074,1.667,0.0548906,91.764,-1.27012,1.1238,0.00326856,-0.00359633,0,2.49117,-0.269547,-0.274439,3,drone1
1.01495,-0.703444,1.8889e-05,-2.06079,1.74807,0.0447023,92.4233,-1.28204,1.17222,-0.00368437,0.0105248,0,1.44051,-0.366415,-0.22801,3,drone1
1.01288,-0.703402,2.0011e-05,-1.73284,1.84465,0.0376086,92.4701,-1.32318,1.20536,0.00319216,-0.00492801,0,0.459544,-0.315185,-0.423926,3,drone1
1.01293,-0.703413,2.11349e-05,-1.49874,1.93665,0.0324764,92.4799,-1.37028,1.24255,0.00309775,-0.00708707,0,0.0878175,-0.351498,-0.486322,3,drone1
1.01295,-0.70342,2.23957e-05,-1.30397,2.03484,0.0281259,92.4658,-1.4221,1.28384,0.00308208,-0.00711365,0,-0.152935,-0.389356,-0.536077,3,drone1
1.01296,-0.703425,2.38069e-05,-1.14175,2.13935,0.0244453,92.4341,-1.47873,1.32933,0.00306874,-0.00718123,0,-0.330051,-0.428407,-0.586449,3,drone1
1.01297,-0.703429,2.99213e-05,-1.01547,2.17451,0.00897703,92.39,-1.54026,1.37912,0.00305849,-0.00725516,0,-0.45666,-0.468807,-0.637578,3,drone1
1.01297,-0.703432,2.45176e-05,-0.926753,2.06351,0.0116648,92.3382,-1.59917,1.43442,0.00306538,-0.00725948,0,-0.536207,-0.525173,-0.613835,3,drone1
1.01298,-0.703434,2.18283e-05,-0.85273,1.96072,0.0102016,92.2827,-1.64106,1.49325,0.0030604,-0.00711136,0,-0.573837,-0.568502,-0.445094,3,drone1
1.01298,-0.703435,2.02693e-05,-0.790946,1.86567,0.00754809,92.2254,-1.6684,1.55639,0.00306037,-0.00697371,0,-0.592986,-0.618348,-0.30126,3,drone1
1.01299,-0.703436,1.91684e-05,-0.739363,1.77792,0.00487073,92.1677,-1.68434,1.62257,0.00305308,-0.00685498,0,-0.597696,-0.653971,-0.188031,3,drone1
1.01299,-0.703437,1.82725e-05,-0.696288,1.69711,0.00252666,92.11,-1.68976,1.6718,0.00295338,-0.00672433,0,-0.591982,-0.48929,-0.075111,3,drone1
1.01299,-0.703438,1.74958e-05,-0.66031,1.6229,0.000564555,92.0531,-1.68708,1.70523,0.00287599,-0.00662725,0,-0.578106,-0.335041,0.0129915,3,drone1
1.01299,-0.703439,1.68107e-05,-0.630254,1.55498,-0.00106073,91.9979,-1.67763,1.72525,0.00282255,-0.00655052,0,-0.558455,-0.203735,0.0864073,3,drone1
1.013,-0.703439,1.62067e-05,-0.605141,1.49306,-0.00240967,91.9446,-1.66267,1.73394,0.0027878,-0.00649102,0,-0.534717,-0.0926583,0.146097,3,drone1
1.013,-0.70344,1.56767e-05,-0.584155,1.43686,-0.00353502,91.8938,-1.64332,1.73315,0.00276752,-0.00644548,0,-0.508251,0.000567303,0.193637,3,drone1
1.013,-0.70344,1.52146e-05,-0.566614,1.38616,-0.00447825,91.8455,-1.62056,1.7245,0.00275832,-0.0064111,0,-0.480136,0.0780497,0.230573,3,drone1
1.013,-0.70344,1.48139e-05,-0.55195,1.34072,-0.00527118,91.8,-1.59526,1.70941,0.00275748,-0.00638562,0,-0.451213,0.141665,0.258268,3,drone1
1.013,-0.70344,1.44689e-05,-0.53969,1.30035,-0.00593834,91.7573,-1.56816,1.68915,0.00276282,-0.00636723,0,-0.422132,0.193082,0.277899,3,drone1
1.013,-0.703441,1.41743e-05,-0.529435,1.26486,-0.00649885,91.7174,-1.53991,1.66479,0.00277263,-0.0063545,0,-0.39339,0.233782,0.290489,3,drone1
1.013,-0.703441,1.39255e-05,-0.520857,1.23409,-0.00696778,91.6802,-1.51111,1.63731,0.00278555,-0.00634628,0,-0.365354,0.265081,0.296928,3,drone1
1.013,-0.703441,1.37185e-05,-0.51368,1.2079,-0.00735711,92.6339,-1.4117,1.57538,-0.00720997,0.0181216,0,-0.367752,0.855173,0.736384,3,drone1
1.0094,-0.703414,1.36839e-05,-0.590975,1.2035,-0.00577272,92.5031,-1.39049,1.54714,0.00272265,-0.006427,0,-1.30134,0.269988,0.22763,3,drone1
1.00945,-0.703412,1.35474e-05,-0.727041,1.18588,-0.00313808,92.0025,-1.38135,1.50818,0.00261173,-0.0100251,0,-1.09413,0.283452,0.211485,3,drone1
1.01144,-0.703433,1.33751e-05,-0.807681,1.16323,-0.0017885,91.5604,-1.37088,1.46959,0.00273957,-0.00993529,0,-0.458845,0.281833,0.219342,3,drone1
