2.09287,1.40829,5.53539e-06,0,0,-0.0111886,0,0,0,0,0,0,0,0,0,-1,pipuck9
2.09287,1.40829,7.91351e-06,0,0,-0.0159945,0,0,0,0,0,0,0,0,0,-1,pipuck9
2.09287,1.40829,8.88486e-06,0,0,-0.0179578,0,0,0,0,0,0,0,0,0,-1,pipuck9
2.09287,1.40829,9.26229e-06,0,0,-0.0187206,0,0,0,0,0,0,0,0,0,-1,pipuck9
2.09287,1.40829,9.40043e-06,0,0,-0.0189998,0,0,0,0,0,0,0,0,0,-1,pipuck9
2.09287,1.40829,9.44705e-06,0,0,-0.019094,0,0,0,0,0,0,0,0,0,-1,pipuck9
2.09287,1.40829,9.46085e-06,0,0,-0.0191219,0,0,0,0,0,0,0,0,0,-1,pipuck9
2.09287,1.40829,9.46391e-06,0,0,-0.0191281,0,0,0,0,0,0,0,0,0,-1,pipuck9
2.09287,1.40829,9.46396e-06,0,0,-0.0191282,0,0,0,0,0,0,0,0,0,-1,pipuck9
2.09287,1.40829,9.46346e-06,0,0,-0.0191272,0,0,0,0,0,0,0,0,0,-1,pipuck9
2.09287,1.40829,9.46303e-06,0,0,-0.0191263,0,0,0,0,0,0,0,0,0,-1,pipuck9
2.09287,1.40829,9.46276e-06,0,0,-0.0191258,0,0,0,0,0,0,0,0,0,-1,pipuck9
2.09287,1.40829,9.46262e-06,0,0,-0.0191255,0,0,0,0,0,0,0,0,0,-1,pipuck9
2.09287,1.40829,9.46255e-06,0,0,-0.0191254,0,0,0,0,0,0,0,0,0,-1,pipuck9
2.09287,1.40829,9.46252e-06,0,0,-0.0191253,0,0,0,0,0,0,0,0,0,-1,pipuck9
2.09287,1.40829,9.46251e-06,0,0,-0.0191253,0,0,0,0,0,0,0,0,0,-1,pipuck9
2.09287,1.40829,9.4625e-06,0,0,-0.0191253,0,0,0,0,0,0,0,0,0,-1,pipuck9
2.09287,1.40829,9.4625e-06,0,0,-0.0191253,0,0,0,0,0,0,0,0,0,-1,pipuck9
2.09287,1.40829,9.4625e-06,0,0,-0.0191253,0,0,0,0,0,0,0,0,0,-1,pipuck9
2.09287,1.40829,9.4625e-06,0,0,-0.0191253,0,0,0,0,0,0,0,0,0,-1,pipuck9
2.09287,1.40829,9.4625e-06,0,0,-0.0191253,0,0,0,0,0,0,0,0,0,-1,pipuck9
2.09287,1.40829,9.4625e-06,0,0,-0.0191252,0,0,0,0,0,0,0,0,0,-1,pipuck9
2.09287,1.40829,9.4625e-06,0,0,-0.0191252,0,0,0,0,0,0,0,0,0,-1,pipuck9
2.09287,1.40829,9.4625e-06,0,0,-0.0191252,0,0,0,0,0,0,0,0,0,-1,pipuck9
2.09287,1.40829,9.4625e-06,0,0,-0.0191252,0,0,0,0,0,0,0,0,0,-1,pipuck9
2.09287,1.40829,9.4625e-06,0,0,-0.0191252,0,0,0,0,0,0,0,0,0,-1,pipuck9
2.09287,1.40829,9.4625e-06,0,0,-0.0191252,0,0,0,0,0,0,0,0,0,-1,pipuck9
2.09287,1.40829,9.4625e-06,0,0,-0.0191252,0,0,0,0,0,0,0,0,0,-1,pipuck9
2.09287,1.40829,9.4625e-06,0,0,-0.0191252,0,0,0,0,0,0,0,0,0,-1,pipuck9
2.09287,1.40829,9.4625e-06,0,0,-0.0191252,0,0,0,0,0,0,0,0,0,-1,pipuck9
2.09287,1.40829,9.4625e-06,0,0,-0.0191252,0,0,0,0,0,0,0,0,0,-1,pipuck9
2.09287,1.40829,9.4625e-06,0,0,-0.0191252,0,0,0,0,0,0,0,0,0,-1,pipuck9
2.09287,1.40829,9.4625e-06,0,0,-0.0191252,0,0,0,0,0,0,0,0,0,-1,pipuck9
2.09287,1.40829,9.4625e-06,0,0,-0.0191252,0,0,0,0,0,0,0,0,0,-1,pipuck9
2.09287,1.40829,9.4625e-06,0,0,-0.0191252,0,0,0,0,0,0,0,0,0,-1,pipuck9
2.09287,1.40829,9.4625e-06,0,0,-0.0191252,0,0,0,0,0,0,0,0,0,-1,pipuck9
2.09287,1.40829,9.4625e-06,0,0,-0.0191252,0,0,0,0,0,0,0,0,0,-1,pipuck9
2.09287,1.40829,9.4625e-06,0,0,-0.0191252,0,0,0,0,0,0,0,0,0,-1,pipuck9
2.09287,1.40829,9.4625e-06,0,0,-0.0191252,0,0,0,0,0,0,0,0,0,-1,pipuck9
2.09287,1.40829,9.4625e-06,0,0,-0.0191252,0,0,0,0,0,0,0,0,0,-1,pipuck9
2.09287,1.40829,9.4625e-06,0,0,-0.0191252,0,0,0,0,0,0,0,0,0,-1,pipuck9
2.09287,1.40829,9.4625e-06,0,0,-0.0191252,0,0,0,0,0,0,0,0,0,-1,pipuck9
2.09287,1.40829,9.4625e-06,0,0,-0.0191252,0,0,0,0,0,0,0,0,0,-1,pipuck9
2.09287,1.40829,9.4625e-06,0,0,-0.0191252,0,0,0,0,0,0,0,0,0,-1,pipuck9
2.09287,1.40829,9.4625e-06,0,0,-0.0191252,0,0,0,0,0,0,0,0,0,-1,pipuck9
2.09287,1.40829,9.4625e-06,0,0,-0.0191252,0,0,0,0,0,0,0,0,0,-1,pipuck9
2.09287,1.40829,9.4625e-06,0,0,-0.0191252,0,0,0,0,0,0,0,0,0,-1,pipuck9
2.09287,1.40829,9.4625e-06,0,0,-0.0191252,0,0,0,0,0,0,0,0,0,-1,pipuck9
2.09287,1.40829,9.4625e-06,0,0,-0.0191252,0,0,0,0,0,0,0,0,0,-1,pipuck9
2.09287,1.40829,9.4625e-06,0,0,-0.0191252,0,0,0,0,0,0,0,0,0,-1,pipuck9
2.09287,1.40829,9.4625e-06,0,0,-0.0191252,0,0,0,0,0,0,0,0,0,-1,pipuck9
2.09287,1.40829,9.4625e-06,0,0,-0.0191252,0,0,0,0,0,0,0,0,0,-1,pipuck9
2.09287,1.40829,9.4625e-06,0,0,-0.0191252,0,0,0,0,0,0,0,0,0,-1,pipuck9
2.09287,1.40829,9.4625e-06,0,0,-0.0191252,0,0,0,0,0,0,0,0,0,-1,drone1
2.09287,1.40829,9.4625e-06,0,0,-0.0191252,0,0,0,0,0,0,0,0,0,-1,drone1
2.09287,1.40829,9.4625e-06,0,0,-0.0191252,15.0877,-0.00135872,0.00131697,-1.87051,-1.03617,0,89.8318,-0.00162618,0.0169827,11,drone1
2.07628,1.40832,9.21482e-06,-0.407257,0.080121,-0.0180174,17.2654,-0.344179,-0.0398231,-1.88952,-0.946041,1.81274,-63.7508,-2.08083,-2.53785,5,drone1
2.06191,1.40848,9.14805e-06,-1.7949,0.150119,-0.0136567,19.2124,-0.671768,0.0505779,-1.88813,-0.8753,1.81745,-66.8147,-2.31662,-1.97063,5,drone1
2.04746,1.40897,9.18548e-06,-4.26547,0.220764,-0.00184781,21.126,-0.878212,0.245365,-1.85796,-0.837795,1.82917,-69.3469,-1.91625,-0.975401,5,drone1
2.03332,1.41001,9.28231e-06,-7.82717,0.289508,0.0213952,23.273,-0.935766,0.484266,-1.82639,-0.859034,1.83215,-68.562,-1.26341,-0.0926838,5,drone1
2.02182,1.41138,9.39622e-06,-12.8376,0.343054,0.0594856,25.4469,-0.84267,0.697937,-1.79766,-0.881274,1.83048,-68.2779,-0.358721,0.530077,5,drone1
2.01509,1.41236,9.48072e-06,-20.2731,0.365959,0.115751,27.7935,-0.669995,0.762787,-1.75965,-0.96098,1.81674,-66.5273,0.921652,0.147233,5,drone1
2.01366,1.41215,9.49248e-06,-31.4959,0.344835,0.189953,30.685,-0.485082,0.722165,-1.64736,-1.1039,1.79969,-61.0656,1.53912,-0.275171,5,drone1
2.01684,1.40943,9.46548e-06,-46.4684,0.273245,0.261202,34.3121,-0.263549,0.653399,-1.49023,-1.3125,1.78633,-53.7171,1.76278,0.0488705,5,drone1
2.02235,1.4019,9.38023e-06,-62.6158,0.171357,0.291221,39.2222,-0.0436008,0.591083,-1.17212,-1.5868,1.77273,-40.895,1.49658,0.301928,5,drone1
2.02653,1.38933,9.23677e-06,-77.393,0.0788166,0.269271,45.2375,0.148105,0.5156,-0.845866,-1.75455,1.76651,-29.8472,1.22058,0.297645,5,drone1
2.02784,1.37474,9.1738e-06,-90.6682,0.0156769,0.218084,52.2402,0.214653,0.427953,-0.556633,-1.88107,1.76351,-19.9697,0.414422,-0.461324,5,drone1
2.02654,1.36157,9.1237e-06,-103.083,-0.0192616,0.163533,59.6631,0.20339,0.379923,-0.39612,-1.93547,1.76473,-15.7715,-0.295443,-0.712696,5,drone1
2.02288,1.34967,9.08389e-06,-114.32,-0.0301935,0.111164,66.2406,0.219622,0.365651,-0.150547,-1.94285,1.77081,-7.50534,-0.266289,-0.211465,5,drone1
2.01563,1.33581,9.05089e-06,-123.485,-0.0117808,0.0509224,70.8747,0.282868,0.374283,0.0168468,-1.95218,1.77759,-2.5945,-0.137828,0.41218,5,drone1
2.00569,1.32229,9.01456e-06,-130.152,0.0272648,-0.00407702,74.2389,0.400818,0.346549,0.1156,-1.93625,1.77678,0.309207,0.419452,0.877533,5,drone1
1.99372,1.30917,9.03109e-06,-134.689,0.079501,-0.0545048,76.6531,0.583775,0.35835,0.17231,-1.89177,1.75264,1.46345,0.211164,1.70584,5,drone1
1.98034,1.29636,9.09222e-06,-137.697,0.139822,-0.102661,78.1898,0.672698,0.245695,0.289948,-1.88747,1.78484,5.2324,1.20774,0.520123,5,drone1
1.96601,1.28382,9.20473e-06,-139.637,0.205035,-0.150397,79.1917,0.740982,0.0664447,0.370904,-1.83032,1.7993,9.20718,1.89916,0.163241,5,drone1
1.951,1.27136,9.36249e-06,-140.703,0.27318,-0.200065,79.9183,0.749017,-0.146392,0.394195,-1.80764,1.81738,10.5757,2.1111,-0.501552,5,drone1
1.93582,1.25907,9.57561e-06,-141.044,0.341277,-0.25254,80.6693,0.615444,-0.34684,0.35844,-1.80228,1.85188,10.1106,1.63092,-1.812,5,drone1
1.92044,1.24663,9.84983e-06,-140.941,0.409933,-0.309231,76.9207,0.471217,-0.322245,0.337241,-1.8514,1.84825,8.9656,-0.142651,-1.72287,5,drone1
1.90788,1.23639,1.01153e-05,-139.931,0.461046,-0.364024,69.1651,0.25582,-0.218986,0.438997,-1.84028,1.84989,12.424,-1.08736,-2.38951,5,drone1
1.8982,1.22796,1.03502e-05,-136.966,0.48489,-0.427789,62.0561,0.0147353,-0.137283,0.647253,-1.78452,1.83977,18.8808,-1.68179,-2.17936,5,drone1
1.89082,1.22047,1.05489e-05,-131.638,0.475365,-0.50731,55.593,-0.268201,-0.115875,0.802421,-1.67898,1.81533,25.3349,-2.05522,-2.21981,5,drone1
1.8846,1.21221,1.07783e-05,-123.671,0.42792,-0.609514,49.7834,-0.422539,-0.183154,0.830255,-1.66455,1.77046,25.6354,-1.03118,-1.39262,5,drone1
1.87649,1.19792,1.11959e-05,-114.978,0.364943,-0.740204,54.8851,-0.431854,-0.213555,0.784649,-1.69456,1.72512,22.613,0.316434,-0.407328,5,drone1
1.86978,1.18292,1.16871e-05,-108.127,0.300111,-0.857916,60.6874,-0.359228,-0.220143,0.41441,-1.79217,1.68428,11.5175,0.891391,0.393356,5,drone1
1.86464,1.16781,1.2228e-05,-103.894,0.256635,-0.961035,66.5752,-0.236259,-0.172854,0.0171761,-1.81889,1.65397,-1.71528,0.617389,1.30695,5,drone1
1.86048,1.15256,1.27274e-05,-101.732,0.238418,-1.05754,72.2853,-0.0634769,-0.0821094,-0.326048,-1.75711,1.63069,-14.6459,-0.0182512,2.01966,5,drone1
1.85683,1.13766,1.33376e-05,-101.312,0.248667,-1.14935,77.5243,0.104013,-0.0159127,-0.582874,-1.6636,1.61603,-24.9895,-0.36619,1.82253,5,drone1
1.85382,1.12553,1.40951e-05,-102.866,0.298292,-1.22508,82.1791,0.235835,0.0404385,-0.706936,-1.5989,1.61446,-29.5757,-0.712846,1.31648,5,drone1
1.85048,1.11394,1.48104e-05,-106.617,0.403112,-1.28745,86.0921,0.37739,0.111508,-0.773898,-1.54069,1.6115,-33.6316,-1.15928,1.20864,5,drone1
1.84554,1.10029,1.58103e-05,-112.08,0.563302,-1.34015,89.1172,0.551105,0.170397,-0.771204,-1.52695,1.59497,-34.51,-1.29866,1.35174,5,drone1
1.83827,1.085,1.69704e-05,-118.237,0.760737,-1.37803,90.8527,0.666984,0.308102,-0.65247,-1.55402,1.60511,-32.3832,-2.01178,0.530426,5,drone1
1.82939,1.07014,1.83321e-05,-123.92,0.964638,-1.40165,91.8688,0.848232,0.353537,-0.614876,-1.54591,1.57169,-33.7149,-1.33594,1.22255,5,drone1
1.81893,1.05588,1.98763e-05,-128.665,1.16141,-1.42214,92.0838,1.03584,0.386725,-0.444101,-1.57944,1.56134,-27.2964,-1.1419,1.43343,5,drone1
1.80708,1.04205,2.16449e-05,-132.382,1.34766,-1.44947,91.7038,1.24605,0.34718,-0.308811,-1.59118,1.55822,-23.0091,-0.37058,1.91646,5,drone1
1.79413,1.02852,2.36641e-05,-134.934,1.51817,-1.49551,90.9389,1.40235,0.257411,-0.201109,-1.58281,1.56268,-19.7671,0.350855,1.5675,5,drone1
1.78034,1.01517,3.76319e-05,-136.652,1.62044,-1.52935,89.9578,1.43469,0.150076,-0.0871743,-1.54444,1.5604,-14.9084,0.898851,0.420513,5,drone1
1.76596,1.00191,1.90809e-05,-137.774,1.53927,-1.38227,89.1943,1.37446,0.0400203,-0.107534,-1.5301,1.55118,-16.587,0.94798,-0.510099,5,drone1
1.75142,0.988902,1.93934e-05,-138.573,1.44701,-1.25635,88.1439,1.27035,-0.0331862,0.0239106,-1.48657,1.54719,-10.2526,0.804602,-0.988199,5,drone1
1.73649,0.975903,1.8668e-05,-139.114,1.35284,-1.14836,86.8596,1.2072,-0.0602395,0.128887,-1.45124,1.54994,-5.74029,0.435926,-0.627249,5,drone1
1.72183,0.963248,1.75298e-05,-139.059,1.24997,-1.06046,85.6165,1.14734,-0.052761,0.148574,-1.41709,1.55682,-6.13975,0.053861,-0.603194,5,drone1
1.70705,0.950334,1.63577e-05,-138.569,1.14635,-0.987442,84.3537,1.08374,0.0189632,0.183936,-1.39132,1.56497,-5.66711,-0.597789,-0.621063,5,drone1
1.69234,0.937215,1.52702e-05,-137.984,1.04835,-0.919928,81.4215,1.03992,0.163522,0.212602,-1.35897,1.565,-5.70141,-1.01997,-0.362333,5,drone1
1.67976,0.925713,1.41638e-05,-136.827,0.93921,-0.856262,75.841,1.06506,0.31988,0.305335,-1.30451,1.553,-1.93332,-0.529031,0.529829,5,drone1
1.67056,0.916698,1.30137e-05,-133.964,0.799504,-0.803102,99.9079,1.09997,0.168186,-0.199462,-1.52756,0,150.656,0.295027,0.210203,11,drone1
1.666,0.911888,1.01022e-05,-132.652,0.665818,-0.701591,121.275,1.09501,-0.000611705,-0.861595,-1.26595,0,123.656,0.0932183,0.137256,11,drone1
1.6636,0.909481,5.79037e-06,-135.581,0.569721,-0.547536,140.367,1.04376,-0.169052,-1.28262,-0.824132,0,100.904,0.00151875,-0.0715534,11,drone1
1.66302,0.909052,4.2399e-06,-140.88,0.462415,-0.382897,157.765,0.949487,-0.313851,-1.44177,-0.395343,0,83.9716,-0.0163599,-0.301886,11,drone1
1.66161,0.908226,7.77263e-06,-147.564,0.344716,-0.2363,141.07,0.813525,-0.0982786,-1.0064,-0.558915,1.57353,-76.9371,1.50069,-0.235542,5,drone1
1.657,0.905076,1.27333e-05,-153.673,0.218167,-0.136185,126.607,0.598929,0.0953942,-0.708622,-0.900291,1.57692,-54.6092,1.78174,-1.10484,5,drone1
1.65547,0.904501,2.54821e-05,-156.563,0.0793682,-0.00623925,113.784,0.324463,0.18771,-0.385568,-1.09965,1.58043,-38.206,1.9407,-1.43865,5,drone1
1.65703,0.906143,7.99751e-06,-157.775,-0.105043,0.0602786,102.903,0.077015,0.145802,-0.0132204,-1.13028,1.57746,-18.7972,1.88018,-1.31567,5,drone1
1.66006,0.908225,1.07071e-05,-156.024,-0.287204,0.150649,92.2274,0.0122744,0.17991,0.0541243,-1.12176,1.59702,-16.7547,-0.0876423,-0.465431,5,drone1
1.66411,0.911078,9.3237e-06,-150.187,-0.453198,0.279235,83.6394,-0.0733225,0.145714,0.457752,-1.05053,1.58815,4.12074,0.344701,-0.570651,5,drone1
1.66955,0.915279,9.93177e-06,-140.202,-0.565641,0.492507,75.3625,-0.0948867,0.142229,0.535937,-1.01992,1.59555,7.23103,-0.0927939,0.0207214,5,drone1
1.67285,0.918805,1.11212e-05,-126.567,-0.557813,0.779501,66.9981,-0.075197,0.194664,0.541131,-1.03312,1.60541,6.35763,-0.532706,0.59714,5,drone1
1.67288,0.917809,1.23749e-05,-109.235,-0.360346,1.08254,58.4415,-0.103944,0.284407,0.511178,-1.04889,1.61014,4.43675,-0.935644,0.446069,5,drone1
1.67007,0.905133,1.35428e-05,-91.0473,-0.00630341,1.26656,49.5549,-0.250401,0.391695,0.313957,-1.13547,1.60357,-5.21005,-1.61651,-0.314114,5,drone1
1.67275,0.888318,1.46002e-05,-74.5381,0.382782,1.31926,39.4001,-0.4653,0.458702,0.195033,-1.14147,1.59311,-11.566,-1.82243,-0.639053,5,drone1
1.67484,0.883492,1.60072e-05,-60.091,0.782204,1.32561,28.5629,-0.643456,0.467389,0.0592034,-1.14523,1.5742,-18.3812,-1.42557,-0.246139,5,drone1
1.68046,0.875601,1.03948e-05,-46.2678,1.15445,1.21057,17.4446,-0.82037,0.415467,-0.0127886,-1.14305,1.56037,-21.1873,-1.25403,-0.26515,5,drone1
1.69098,0.866669,1.67833e-05,-33.5967,1.4837,1.00112,8.06241,-1.03512,0.316307,-0.0967224,-1.14441,1.56089,-24.3187,-1.55056,-0.782005,5,drone1
1.70544,0.858354,1.58621e-05,-22.5162,1.76366,0.721901,3.59616,-1.27012,0.0937557,-0.118221,-1.16769,1.57305,-23.8762,-1.53236,-2.45547,5,drone1
1.72233,0.852163,1.91115e-05,-13.4593,1.96456,0.45773,3.49527,-1.57038,0.0581737,-0.332224,-1.13587,1.55834,-33.5331,-2.49368,-1.96473,5,drone1
1.73407,0.849287,2.22006e-05,-7.13645,2.14498,0.253957,6.39341,-1.94851,0.148451,-0.496518,-1.08516,1.54974,-41.2311,-3.10246,-2.33339,5,drone1
1.73919,0.848665,2.30572e-05,-2.98834,2.19987,0.115211,9.59731,-2.37541,0.38514,-0.685349,-0.996234,1.54433,-52.7279,-3.45684,-2.57903,5,drone1
1.74038,0.848423,2.04327e-05,0.0813222,2.04501,-0.0123242,12.3676,-2.67422,0.752838,-0.7955,-0.876843,1.55425,-59.7084,-2.69576,-1.93894,5,drone1
1.73775,0.848489,1.8276e-05,1.43998,1.91819,-0.0610683,14.8428,-2.82781,1.18017,-0.861247,-0.775088,1.56592,-65.3931,-1.83498,-1.59695,5,drone1
1.73375,0.848637,1.88618e-05,0.878581,1.80688,-0.0444595,18.0669,-2.87342,1.70518,-0.725766,-0.822378,1.54823,-57.9243,-2.08156,-0.829786,5,drone1
1.73268,0.848661,1.8098e-05,-1.28242,1.68835,0.0198585,19.6159,-2.80895,2.05503,-0.929825,-0.630324,1.56666,-74.5479,-0.203727,-1.97181,5,drone1
1.72935,0.848521,1.71345e-05,-4.80154,1.5829,0.114731,22.1575,-2.60197,2.51604,-0.769051,-0.711653,1.5516,-64.6457,-0.693759,-0.655001,5,drone1
1.72034,0.849079,1.6417e-05,-9.85093,1.50015,0.24212,23.7451,-2.30774,2.75739,-0.892655,-0.592565,1.59171,-74.0384,1.01137,-1.59267,5,drone1
1.71976,0.848489,1.53792e-05,-16.7933,1.36186,0.392216,26.481,-1.87079,3.06562,-0.708233,-0.693243,1.57986,-62.5731,0.591983,-0.27361,5,drone1
1.71294,0.850619,1.47225e-05,-25.9406,1.22447,0.575812,29.8195,-1.31334,3.32681,-0.573189,-0.740694,1.57678,-56.5122,0.80426,0.378009,5,drone1
1.7098,0.85235,1.407e-05,-37.1267,1.02929,0.756849,29.3474,-0.995866,3.07402,-0.687638,-0.721262,1.63192,-59.2088,3.19255,-2.02849,5,drone1
1.71181,0.850728,1.23804e-05,-46.892,0.817407,0.849868,31.1455,-0.628405,2.73845,-0.53675,-0.822042,1.62789,-47.4717,3.56283,-2.68371,5,drone1
1.7135,0.848699,1.23451e-05,-53.9125,0.654527,0.868691,26.8167,-0.833449,2.68321,0,0,0,0,0,0,5,drone1
1.713,0.848614,1.77425e-05,-58.9691,0.532291,0.86066,21.0635,-1.09837,2.58614,-0.00513058,-0.00478923,0,0,0,0,5,drone1
1.70909,0.854411,1.02215e-05,-60.952,0.486954,0.846931,29.6178,-1.0287,2.3797,0.336088,-0.370294,0,127.97,0.989209,-2.35917,5,drone1
1.71726,0.839877,1.04442e-05,-59.7514,0.432458,0.708342,36.6471,-1.01795,2.16393,0.297793,-0.409306,0,121.393,1.19653,-2.02104,5,drone1
1.7257,0.825704,1.03312e-05,-57.2725,0.386554,0.568408,46.8401,-0.85455,2.00995,0.222818,-0.437607,0,113.156,1.41419,-1.60346,5,drone1
1.7363,0.810243,9.91441e-06,-54.8572,0.32405,0.428806,59.7185,-0.576332,1.8857,0.110442,-0.463408,0,100.474,1.54826,-1.23764,5,drone1
1.74646,0.796347,9.52367e-06,-53.9266,0.248226,0.309832,74.7945,-0.223055,1.7486,-0.0250364,-0.45978,0,85.1687,1.61314,-0.909964,5,drone1
1.7555,0.783884,9.20046e-06,-54.7204,0.16845,0.206701,89.1808,0.0837285,1.56886,-0.155457,-0.418381,0,69.1499,1.60634,-0.628402,5,drone1
1.76134,0.775273,8.96219e-06,-58.0479,0.0978602,0.122599,102.281,0.319164,1.36399,-0.249893,-0.354666,0,55.5471,1.52978,-0.382819,5,drone1
1.76779,0.763642,8.88734e-06,-63.8992,0.0302468,0.0209557,113.94,0.481825,1.15584,-0.304683,-0.296813,0,45.7678,1.40236,-0.191186,5,drone1
1.77434,0.748362,8.94447e-06,-70.5682,-0.0179446,-0.104948,123.946,0.580562,0.965701,-0.328416,-0.252005,0,39.9552,1.23626,-0.0226057,5,drone1
1.77898,0.732051,9.11369e-06,-77.1051,-0.0367547,-0.24129,132.43,0.636001,0.80396,-0.334191,-0.218061,0,36.6153,1.04034,0.11937,5,drone1
1.78183,0.714782,9.41876e-06,-83.1368,-0.0280232,-0.383926,139.544,0.665346,0.673084,-0.330635,-0.193462,0,34.667,0.834067,0.224819,5,drone1
1.78301,0.696748,9.85449e-06,-88.6731,0.00582169,-0.529236,145.44,0.681766,0.571555,-0.321408,-0.175246,0,33.585,0.628083,0.300292,5,drone1
1.78265,0.67816,1.04328e-05,-93.7331,0.0621259,-0.674474,150.235,0.694139,0.496688,-0.308043,-0.162348,0,33.2262,0.429295,0.353129,5,drone1
1.78092,0.659182,1.11742e-05,-98.1635,0.13566,-0.818307,154.017,0.708129,0.445803,-0.291567,-0.153799,0,33.492,0.241813,0.391037,5,drone1
1.77792,0.640153,1.20961e-05,-101.729,0.217945,-0.960578,156.888,0.727381,0.416083,-0.273094,-0.147869,0,34.141,0.0677088,0.421708,5,drone1
1.77397,0.621585,1.31808e-05,-104.317,0.299961,-1.102,161.099,0.736053,0.27102,-0.289294,-0.0926084,0,30.3673,0.758491,1.03322,5,drone1
1.76902,0.60289,1.44795e-05,-106.181,0.380939,-1.24755,162.418,0.773988,0.28489,-0.240117,-0.128647,0,33.2175,-0.312578,0.35472,5,drone1
1.76411,0.585379,1.59313e-05,-107.257,0.452117,-1.39393,161.718,0.847003,0.371843,-0.198456,-0.150046,0,34.1806,-0.927444,0.238841,5,drone1
1.75944,0.569316,1.02989e-05,-107.135,0.481981,-1.55077,159.772,0.882806,0.438314,-0.199447,-0.125229,0,35.5395,-0.487293,0.514143,5,drone1
1.75477,0.554212,1.61083e-05,-106.129,0.483867,-1.71578,160.384,0.945759,0.468748,-0.17973,-0.125455,0,37.3631,-0.556774,0.648854,5,drone1
1.75022,0.537223,1.49905e-05,-104.632,0.499059,-1.88969,160.808,1.01707,0.500191,-0.168187,-0.115272,0,35.7449,-0.638193,0.718083,5,drone1
1.74578,0.519525,1.93878e-05,-102.777,0.463982,-2.08667,161.085,1.09667,0.534625,-0.155276,-0.103877,0,33.8246,-0.733357,0.759428,5,drone1
1.74192,0.501544,3.06707e-05,-100.581,0.365259,-2.1263,161.222,1.18576,0.567981,-0.141613,-0.0924735,0,31.6913,-0.818617,0.835365,5,drone1
1.73894,0.48343,2.52223e-05,-98.3495,0.263751,-1.97247,161.243,1.2678,0.5944,-0.127707,-0.0811609,0,29.354,-0.736295,0.863381,5,drone1
1.73649,0.464989,2.13935e-05,-96.0499,0.172314,-1.82687,161.152,1.32449,0.613202,-0.113367,-0.0704747,0,27.0968,-0.49324,0.801913,5,drone1
1.73489,0.446398,1.99326e-05,-93.6789,0.0868649,-1.68777,160.91,1.35921,0.626104,-0.0982804,-0.0605112,0,24.8849,-0.286264,0.747696,5,drone1
1.73408,0.427741,1.78796e-05,-91.2611,0.0138199,-1.55352,160.487,1.37489,0.634276,-0.082731,-0.0511053,0,22.7539,-0.108192,0.702393,5,drone1
1.73407,0.409045,1.61395e-05,-88.8204,-0.0487029,-1.42441,160.35,1.37738,0.609888,-0.0794414,-0.0460526,0,20.3255,0.142727,0.793412,5,drone1
1.73482,0.391091,1.47588e-05,-86.4093,-0.100226,-1.29696,159.616,1.36407,0.612247,-0.0506969,-0.0337039,0,18.4539,0.160449,0.590361,5,drone1
1.73586,0.378981,1.34719e-05,-84.0238,-0.138705,-1.14687,159.376,1.3458,0.596448,-0.0347153,-0.0263049,0,16.7766,0.273556,0.551009,5,drone1
1.73688,0.370583,1.23157e-05,-81.7013,-0.162241,-0.984678,159.42,1.31912,0.568422,-0.0242495,-0.0209275,0,14.6315,0.390165,0.489799,5,drone1
1.73775,0.364791,1.13117e-05,-79.58,-0.168773,-0.816284,159.361,1.27981,0.538433,-0.0171353,-0.0171305,0,12.2663,0.502947,0.417691,5,drone1
1.73851,0.360579,1.04858e-05,-77.7204,-0.159542,-0.646845,159.177,1.22809,0.508129,-0.0122263,-0.0146237,0,10.2064,0.610598,0.34483,5,drone1
1.73917,0.357438,9.84349e-06,-76.1021,-0.137245,-0.478491,163.847,1.24839,0.290889,-0.0118005,0.0267025,0,9.19297,0.651828,1.1884,5,drone1
1.7384,0.357569,9.28407e-06,-75.7624,-0.0950885,-0.301108,162.952,1.16848,0.281296,-0.00691539,-0.0110798,0,2.24894,0.808001,0.105943,5,drone1
1.73914,0.35553,9.06175e-06,-76.067,-0.0530059,-0.138185,162.028,1.07825,0.272295,-0.0069351,-0.0119337,0,2.80579,0.904387,0.0539623,5,drone1
1.73982,0.353484,9.02147e-06,-75.7656,-0.0129273,0.0232036,161.25,0.980871,0.260772,-0.00472851,-0.0112063,0,4.03566,0.976835,0.00719185,5,drone1
1.74032,0.351916,9.13994e-06,-75.0943,0.0303025,0.184803,158.227,0.825544,0.378244,-0.0307818,-0.0388991,0,4.42204,1.08515,-1.03703,5,drone1
1.74301,0.343603,9.39708e-06,-73.6679,0.0719218,0.310682,158.914,0.727163,0.331368,-0.000786422,-0.00984764,0,6.86471,1.08906,0.0116434,5,drone1
1.74261,0.343927,9.81826e-06,-72.1963,0.133521,0.475501,153.877,0.560893,0.451061,-0.000486233,-0.0473528,0,6.20439,0.996505,-0.979546,5,drone1
1.74455,0.34021,1.04485e-05,-69.9069,0.205071,0.614162,154.71,0.45935,0.395519,0.00698018,-0.00646603,0,8.31817,1.15614,-0.0239972,5,drone1
1.74388,0.340627,1.12592e-05,-67.5268,0.297924,0.768137,154.14,0.343644,0.356591,0.0101172,-0.00459362,0,5.19749,1.17908,-0.0794661,5,drone1
1.74321,0.342036,1.23015e-05,-66.3156,0.387642,0.929075,153.291,0.218901,0.326701,0.0095777,-0.00563219,0,3.38854,1.21163,-0.211209,5,drone1
1.74269,0.343172,1.36105e-05,-65.1712,0.483143,1.08759,152.383,0.0891404,0.296307,0.00813511,-0.00645547,0,3.02681,1.2483,-0.269299,5,drone1
1.74231,0.343968,1.51442e-05,-64.0035,0.58599,1.24312,152.661,-0.0390139,0.264007,0.00696723,-0.00707973,0,2.79088,1.27808,-0.335961,5,drone1
1.74208,0.344094,1.68765e-05,-63.2878,0.684393,1.40029,152.795,-0.17312,0.23616,0.00596855,-0.00767574,0,1.34375,1.31517,-0.382434,5,drone1
1.742,0.344136,1.88676e-05,-63.1148,0.773639,1.5657,152.844,-0.312431,0.211918,0.00569841,-0.00801277,0,0.493083,1.34819,-0.426537,5,drone1
1.74199,0.344144,2.11569e-05,-63.0781,0.861752,1.73657,152.87,-0.456637,0.190321,0.00559181,-0.00812804,0,0.270072,1.38067,-0.468986,5,drone1
1.74198,0.344144,2.37601e-05,-63.0725,0.951412,1.91248,152.89,-0.605658,0.170949,0.00554063,-0.00816999,0,0.205407,1.41377,-0.509461,5,drone1
1.74182,0.344325,2.82518e-05,-63.069,0.950936,1.93049,152.907,-0.759526,0.15354,0.00550163,-0.00819545,0,0.178074,1.44819,-0.548297,5,drone1
1.74193,0.344099,2.16606e-05,-62.9994,0.873956,1.75562,152.922,-0.899595,0.137042,0.00531393,-0.00835608,0,0.15609,1.32153,-0.492716,5,drone1
1.74192,0.344102,1.87024e-05,-62.981,0.793555,1.59331,152.928,-1.00659,0.123126,0.00556264,-0.0082424,0,0.0712991,1.01583,-0.363766,5,drone1
1.74192,0.344101,1.68992e-05,-62.9758,0.71467,1.43885,152.932,-1.08479,0.110785,0.00558744,-0.00823785,0,0.0466532,0.752316,-0.246264,5,drone1
1.74192,0.344099,1.54585e-05,-62.9738,0.63871,1.29079,152.936,-1.13782,0.0996688,0.00561787,-0.00822568,0,0.0378746,0.522757,-0.142505,5,drone1
1.74192,0.344096,1.41852e-05,-62.9726,0.565754,1.14839,152.939,-1.16891,0.0896305,0.00564839,-0.00821251,0,0.0332286,0.322499,-0.0521638,5,drone1
1.74191,0.344094,1.30537e-05,-62.9719,0.495541,1.01108,152.942,-1.18089,0.0805733,0.00567817,-0.00819954,0,0.029975,0.147894,0.0260991,5,drone1
1.74191,0.344091,1.20697e-05,-62.9713,0.427757,0.878356,152.944,-1.17625,0.0724112,0.00570711,-0.00818698,0,0.0274041,-0.00416807,0.0937736,5,drone1
1.74191,0.344089,1.12356e-05,-62.971,0.36211,0.749745,152.947,-1.15717,0.0650617,0.00573526,-0.00817485,0,0.0252802,-0.136439,0.152238,5,drone1
1.74191,0.344087,1.05469e-05,-62.9708,0.298335,0.624765,152.949,-1.12556,0.0584467,0.00576268,-0.00816309,0,0.0234908,-0.251381,0.202708,5,drone1
1.74191,0.344084,9.9957e-06,-62.9708,0.236183,0.502954,152.951,-1.08309,0.0524937,0.00578946,-0.00815165,0,0.021965,-0.351201,0.246253,5,drone1
1.74191,0.344082,9.57299e-06,-62.9709,0.17542,0.38386,151.681,-1.03208,0.0230855,0.00581569,-0.00814051,0,0.0206516,-0.437875,0.283815,5,drone1
1.742,0.344214,9.23858e-06,-62.4698,0.118382,0.266311,150.538,-0.972192,-0.00164404,0.00602033,-0.00799789,0,1.291,-0.518223,0.306794,5,drone1
1.74192,0.344454,9.0561e-06,-61.3896,0.0620396,0.151595,150.731,-0.90495,-0.000574966,0.00599717,-0.0078291,0,1.93331,-0.585751,0.330344,5,drone1
1.74169,0.3446,9.00855e-06,-60.6954,0.001885,0.0405375,150.797,-0.83165,-0.000272133,0.00560582,-0.0080336,0,0.660383,-0.639044,0.35905,5,drone1
1.74163,0.344639,9.02303e-06,-60.5604,-0.0598805,-0.0691039,150.787,-0.753048,-0.000459611,0.00537459,-0.00832176,0,-0.0992849,-0.685497,0.384609,5,drone1
1.74162,0.344644,9.69319e-06,-60.5371,-0.0887504,-0.196791,150.764,-0.669723,-0.00071461,0.00533869,-0.00838472,0,-0.22382,-0.72675,0.407636,5,drone1
1.74165,0.344689,7.05828e-06,-60.5101,-0.155762,-0.301843,141.704,-0.503922,0.0444894,0.0477141,-0.0697795,0,-0.621885,-2.10261,-0.550424,5,drone1
1.74041,0.346373,8.80732e-06,-59.6359,-0.239656,-0.38903,142.585,-0.420545,0.0487764,0.00657932,-0.00740636,0,8.80829,-0.645277,0.528463,5,drone1
1.74018,0.346604,9.49345e-06,-58.2606,-0.323501,-0.490793,141.991,-0.334736,0.0398117,0.00484559,-0.00901963,0,7.05348,-0.66339,0.560899,5,drone1
1.74036,0.346329,1.11572e-05,-57.1297,-0.408122,-0.596295,141.315,-0.244279,0.0326479,0.00453586,-0.00932001,0,6.27194,-0.693833,0.593672,5,drone1
1.74069,0.345847,6.66812e-06,-55.9026,-0.474391,-0.716136,140.6,-0.149285,0.0279165,0.00473605,-0.00912956,0,5.8164,-0.724085,0.625595,5,drone1
1.74099,0.345449,9.67027e-06,-54.5589,-0.568105,-0.820614,139.84,-0.0486124,0.0262306,0.00513074,-0.00877254,0,5.30408,-0.766175,0.66227,5,drone1
1.74121,0.345165,1.24551e-05,-53.2468,-0.696106,-0.90415,139.029,0.0562655,0.0266635,0.00543309,-0.00846864,0,4.71943,-0.790258,0.698105,5,drone1
1.74136,0.344988,1.29014e-05,-51.9706,-0.803205,-1.00202,138.174,0.163043,0.0286717,0.0056347,-0.00826369,0,4.21643,-0.791963,0.724796,5,drone1
1.74149,0.344834,1.46454e-05,-50.7106,-0.918433,-1.09674,136.154,0.334218,0.0596065,0.0263696,-0.00114959,0,3.50982,-1.41909,1.0091,5,drone1
1.73891,0.34794,1.6362e-05,-49.2052,-1.03222,-1.16957,136.608,0.442883,0.0572851,0.00602737,-0.00787989,0,4.55232,-0.73943,0.796251,5,drone1
1.73868,0.348145,1.82089e-05,-48.2993,-1.15182,-1.26592,135.615,0.55217,0.0631421,0.00278139,-0.0107717,0,2.59062,-0.761301,0.803086,5,drone1
1.73957,0.347196,2.02289e-05,-47.638,-1.27681,-1.37321,134.638,0.665523,0.0708486,0.00262108,-0.01098,0,2.6756,-0.772769,0.849895,5,drone1
1.74038,0.346339,2.25047e-05,-46.4476,-1.42142,-1.46827,135.805,0.686249,0.0322428,-0.0330713,-0.0229885,0,2.18047,0.0635928,0.332766,5,drone1
1.74611,0.3404,3.16885e-05,-45.7214,-1.56965,-1.5633,134.647,0.819843,0.0438494,0.00405454,-0.0093017,0,0.631378,-0.938073,0.963269,5,drone1
1.7457,0.340823,2.70805e-05,-45.2615,-1.47874,-1.45401,133.533,0.956985,0.0562086,0.00997352,-0.00339704,0,1.05992,-0.92679,1.02682,5,drone1
1.74513,0.341401,2.36531e-05,-44.2623,-1.39725,-1.32852,132.481,1.06603,0.0711751,0.00958052,-0.00372581,0,1.7129,-0.709592,0.847454,5,drone1
1.74457,0.341955,2.06794e-05,-43.0636,-1.32238,-1.20706,132.099,1.27982,0.0735348,0.0356199,0.0328592,0,1.43846,-1.37543,1.64727,5,drone1
1.73836,0.347704,1.80147e-05,-43.1034,-1.19643,-1.09318,132.194,1.32953,0.0657735,0.00837064,-0.00503586,0,0.948979,-0.272512,0.422859,5,drone1
1.73855,0.347517,1.64878e-05,-43.0951,-1.10952,-1.01249,131.047,1.35559,0.087476,0.00269329,-0.0113631,0,0.895973,-0.132756,0.253511,5,drone1
1.7397,0.346421,1.53882e-05,-42.4858,-1.042,-0.929311,130.012,1.36687,0.107679,0.0030833,-0.0111321,0,2.03641,-0.0168049,0.16085,5,drone1
1.74066,0.345563,1.44601e-05,-41.2986,-0.984986,-0.84087,129.025,1.36609,0.125794,0.00419637,-0.00991956,0,2.46283,0.076925,0.0842603,5,drone1
1.74138,0.344952,1.3661e-05,-40.0772,-0.928253,-0.757119,128.031,1.3549,0.141576,0.00496335,-0.00895364,0,2.26299,0.155936,0.0163039,5,drone1
1.74195,0.344491,1.29633e-05,-38.8662,-0.871494,-0.678888,128.235,1.33795,0.126551,0.00549751,-0.00824242,0,2.03642,0.222017,-0.0444866,5,drone1
1.74176,0.344722,1.22988e-05,-38.2392,-0.805441,-0.611531,130.939,1.13224,0.0576791,-0.0576319,-0.0412823,0,1.71259,1.35239,-1.60723,5,drone1
1.7521,0.336678,1.21043e-05,-38.9717,-0.778206,-0.606219,130.669,1.11849,0.0515675,0.00501353,-0.00833209,0,-2.7054,0.137559,-0.0609037,5,drone1
1.75197,0.336717,1.13622e-05,-40.2347,-0.700497,-0.569561,129.337,1.10236,0.0686603,0.0135047,0.0018495,0,-1.70208,0.139558,-0.0739953,5,drone1
1.75064,0.337758,1.09194e-05,-39.8518,-0.637692,-0.509176,128.286,1.07943,0.0830358,0.0133635,0.00231301,0,0.893158,0.193032,-0.118895,5,drone1
1.74906,0.339044,1.05965e-05,-38.757,-0.581536,-0.443846,127.287,1.04988,0.0955949,0.0123196,0.00110001,0,1.56154,0.241879,-0.163599,5,drone1
1.74767,0.340146,2.20529e-05,-37.6273,-0.490113,-0.430688,126.261,1.01453,0.106542,0.0110641,-0.000540975,0,1.46639,0.282796,-0.203786,5,drone1
1.74672,0.340924,1.70818e-05,-36.5515,-0.448717,-0.372866,125.21,0.974356,0.121846,0.00999145,-0.00199933,0,1.36446,0.266618,-0.273924,5,drone1
1.74606,0.341394,3.93979e-06,-35.5091,-0.428543,-0.298164,125.344,0.933719,0.113602,0.00922434,-0.00298039,0,1.33995,0.298624,-0.287648,5,drone1
1.746,0.341509,6.39103e-06,-34.4329,-0.391552,-0.254489,125.36,0.891007,0.102678,0.00867792,-0.00383109,0,0.163843,0.335814,-0.285647,5,drone1
1.74592,0.341614,7.60521e-06,-34.2341,-0.349921,-0.220868,125.267,0.846939,0.0926624,0.00847909,-0.00406299,0,-0.928435,0.338885,-0.29897,5,drone1
1.74591,0.341622,1.72601e-05,-34.2163,-0.280605,-0.23212,125.164,0.801942,0.0834114,0.00835811,-0.00416605,0,-1.03398,0.337868,-0.311241,5,drone1
1.74584,0.341673,1.34203e-05,-34.2111,-0.243591,-0.197639,125.069,0.756395,0.0799006,0.00835826,-0.00417572,0,-0.947875,0.293624,-0.349956,5,drone1
1.74585,0.341671,1.21611e-05,-34.207,-0.204158,-0.167954,124.983,0.710402,0.0759443,0.00830483,-0.0042385,0,-0.857974,0.29901,-0.351693,5,drone1
1.74585,0.341667,1.10418e-05,-34.2024,-0.164316,-0.138302,124.906,0.664082,0.0721202,0.00830755,-0.00422805,0,-0.776087,0.299073,-0.355768,5,drone1
1.74586,0.341662,1.03888e-05,-34.1974,-0.123106,-0.108831,124.835,0.617435,0.0684428,0.00831079,-0.00421736,0,-0.702821,0.299073,-0.359863,5,drone1
1.74588,0.341656,1.00678e-05,-34.1921,-0.0800678,-0.0789018,124.771,0.57039,0.0649916,0.00831475,-0.0042063,0,-0.637303,0.298882,-0.364934,5,drone1
1.74589,0.341648,9.92593e-06,-34.1863,-0.0347313,-0.0478192,124.714,0.522811,0.0618107,0.00831937,-0.00419476,0,-0.578739,0.299164,-0.371334,5,drone1
1.74591,0.341639,9.87196e-06,-34.1803,0.0134851,-0.014961,124.661,0.474496,0.0589087,0.00832464,-0.00418262,0,-0.526404,0.30057,-0.379394,5,drone1
1.74592,0.341628,9.86473e-06,-34.1739,0.0652629,0.0202437,124.613,0.425178,0.0562739,0.00833058,-0.00416977,0,-0.479635,0.303615,-0.389524,5,drone1
1.74594,0.341616,9.89109e-06,-34.1673,0.121356,0.058351,124.569,0.374533,0.0538866,0.00833722,-0.00415613,0,-0.437833,0.30871,-0.402195,5,drone1
1.74597,0.341602,9.95176e-06,-34.1606,0.182566,0.0999195,125.881,0.366647,-0.0273606,0.00693105,0.0283482,0,-0.223134,0.647831,0.338125,5,drone1
1.74155,0.344527,9.61649e-06,-34.5585,0.265896,0.160299,125.709,0.307764,-0.0207703,0.00825271,-0.00432185,0,-1.71902,0.298644,-0.511713,5,drone1
1.74152,0.344623,9.63962e-06,-35.121,0.327676,0.207852,124.398,0.244823,-0.00872647,0.00527087,-0.00860812,0,-1.14902,0.328744,-0.543777,5,drone1
1.74199,0.344415,9.74483e-06,-34.6404,0.391703,0.248393,123.362,0.108158,0.0214682,-0.0105483,-0.0283746,0,-0.935976,0.566094,-1.27224,5,drone1
1.74696,0.341039,9.85853e-06,-33.6498,0.438096,0.269758,123.49,0.0494173,0.0216487,0.00571538,-0.00796169,0,1.27887,0.316567,-0.494799,5,drone1
1.747,0.340929,1.01304e-05,-33.1331,0.507665,0.309663,123.506,-0.00853332,0.0222915,0.00891724,-0.00310798,0,0.160257,0.313794,-0.487241,5,drone1
1.74703,0.340891,1.0475e-05,-33.0661,0.576439,0.353583,123.468,-0.0687165,0.0231018,0.00899,-0.00316459,0,-0.372551,0.32695,-0.505345,5,drone1
1.74704,0.340889,1.08642e-05,-33.0597,0.646457,0.39906,123.428,-0.131045,0.0238521,0.00901751,-0.003151,0,-0.402452,0.339122,-0.523003,5,drone1
1.74704,0.34089,1.13083e-05,-33.0593,0.718122,0.445692,123.391,-0.195489,0.0245174,0.00901245,-0.00315441,0,-0.368708,0.351035,-0.540494,5,drone1
1.74704,0.340891,1.18132e-05,-33.0596,0.791693,0.493575,125.078,-0.301475,-0.00645476,-0.0170708,-0.00170734,0,-0.234062,0.896299,-0.687584,5,drone1
1.7491,0.33938,1.23145e-05,-33.8217,0.849912,0.547472,124.876,-0.366145,-0.00191848,0.00889534,-0.00343569,0,-2.02018,0.343284,-0.549909,5,drone1
1.74888,0.339665,1.2964e-05,-34.6177,0.919851,0.612796,117.325,-0.42606,0.0824115,0.0415184,-0.0409263,0,-1.67277,-0.698784,-1.28,5,drone1
1.74944,0.339941,1.35752e-05,-31.7116,1.03015,0.615287,116.878,-0.496879,0.0643679,0.0102972,-5.00399e-06,0,7.2906,0.366279,-0.592798,5,drone1
1.74913,0.339591,1.43669e-05,-27.7918,1.15966,0.590847,117.361,-0.568624,0.0580147,0.00996677,7.1193e-05,0,4.831,0.357459,-0.625061,5,drone1
1.74945,0.339092,1.53332e-05,-26.5081,1.26317,0.609691,116.666,-0.641947,0.0525088,0.00414465,-0.0110297,0,4.29462,0.25891,-0.676279,5,drone1
1.75086,0.338459,1.62938e-05,-25.7729,1.36068,0.636721,115.363,-0.720726,0.0356003,0.0107848,-0.000830711,0,-0.161058,0.372041,-0.683349,5,drone1
1.75006,0.338883,1.74494e-05,-24.7067,1.4776,0.659756,114.114,-0.801216,0.0182237,0.0114107,0.000665008,0,0.40558,0.35028,-0.717781,5,drone1
1.74906,0.339335,1.87653e-05,-23.4963,1.60273,0.676871,112.877,-0.884866,0.000514889,0.0109877,-0.000127732,0,0.586419,0.333557,-0.764669,5,drone1
1.74828,0.339659,2.02274e-05,-22.2446,1.73331,0.689203,111.632,-0.971913,-0.017542,0.0105436,-0.00114891,0,0.611934,0.315819,-0.813543,5,drone1
1.74774,0.339863,2.18456e-05,-20.976,1.86925,0.69707,110.378,-1.06239,-0.0359733,0.0102253,-0.00196351,0,0.603834,0.295886,-0.862631,5,drone1
1.7474,0.339977,2.36389e-05,-19.6967,2.01099,0.700483,104.595,-1.07764,-0.0783271,0.0503348,0.00538177,0,0.405111,-0.528546,-0.453329,5,drone1
1.74322,0.341834,4.74463e-05,-17.3379,2.07656,0.615579,103.778,-1.18309,-0.0972544,0.0101113,-0.00211794,0,5.08831,0.169971,-1.06114,5,drone1
1.74319,0.341743,2.31795e-05,-14.733,1.92401,0.483976,102.87,-1.28125,-0.112696,0.00847321,-0.00668399,0,3.54681,0.10817,-1.00389,5,drone1
1.74419,0.341325,1.93816e-05,-12.6937,1.76513,0.379189,101.806,-1.35088,-0.127793,0.00838839,-0.00693025,0,1.85152,0.0253747,-0.733823,5,drone1
1.74523,0.341009,1.72983e-05,-10.9745,1.60804,0.293954,100.641,-1.39522,-0.142625,0.00869304,-0.00603196,0,0.878068,-0.0499507,-0.493725,5,drone1
1.74609,0.340794,1.57888e-05,-9.42835,1.45497,0.223582,99.4224,-1.41764,-0.156754,0.00896075,-0.00504918,0,0.324671,-0.113341,-0.283937,5,drone1
1.74679,0.340648,1.45121e-05,-7.98323,1.30645,0.165022,98.1724,-1.4212,-0.16987,0.0091614,-0.00420473,0,-0.00114834,-0.163346,-0.101256,5,drone1
1.74735,0.34055,1.33897e-05,-6.60212,1.16245,0.116262,98.1533,-1.41261,-0.150814,0.00930664,-0.00351045,0,-0.195166,-0.200861,0.0575982,5,drone1
1.74743,0.340429,1.24204e-05,-5.40884,1.02431,0.0786858,97.9981,-1.38985,-0.133956,0.00934489,-0.00314243,0,-1.55561,-0.201554,0.198951,5,drone1
1.7475,0.340348,1.15834e-05,-4.46974,0.889742,0.0512667,97.7392,-1.35518,-0.119239,0.00942036,-0.00320688,0,-2.59244,-0.20046,0.318876,5,drone1
1.74756,0.340294,1.08787e-05,-3.71651,0.758789,0.0310254,96.1497,-1.30719,-0.136276,0.00947325,-0.00322661,0,-3.2716,-0.197832,0.422299,5,drone1
1.74794,0.340294,1.02949e-05,-2.98583,0.629647,0.0145953,94.6406,-1.25056,-0.150517,0.00958058,-0.00300965,0,-2.43507,-0.211741,0.509164,5,drone1
1.74833,0.340291,9.83325e-06,-2.17104,0.503516,0.000849679,92.7747,-1.03293,-0.192158,0.0175596,0.0610181,0,-2.50867,-0.149311,2.1229,5,drone1
1.73575,0.340693,9.64866e-06,-1.2631,0.442543,-0.00847306,92.7144,-0.981769,-0.171255,0.00969032,-0.00187697,0,-0.605282,-0.235899,0.499812,5,drone1
1.73602,0.340672,9.35086e-06,-0.386682,0.322241,-0.0160529,91.3324,-0.925535,-0.173964,0.00894342,-0.0145799,0,-1.45252,-0.214702,0.510811,5,drone1
1.7389,0.340671,9.13404e-06,0.448385,0.191408,-0.0197272,90.0262,-0.863046,-0.174648,0.00909904,-0.0142046,0,-0.946488,-0.206276,0.579646,5,drone1
1.7417,0.340709,9.0285e-06,1.33625,0.0625942,-0.0196948,88.7903,-0.793916,-0.17343,0.00924213,-0.0112251,0,-0.475034,-0.193508,0.652272,5,drone1
1.74395,0.340772,9.02836e-06,2.26512,-0.0622385,-0.0157832,87.6081,-0.719013,-0.170492,0.00927897,-0.00833929,0,-0.126659,-0.176696,0.715635,5,drone1
1.74565,0.340846,9.1247e-06,3.22611,-0.183551,-0.00791468,86.4658,-0.639308,-0.166017,0.00924728,-0.00602956,0,0.126993,-0.156651,0.768651,5,drone1
1.74694,0.340922,9.31152e-06,4.21256,-0.302214,0.00397772,85.3527,-0.555619,-0.160165,0.00918189,-0.00426803,0,0.308571,-0.134036,0.812796,5,drone1
1.74792,0.340996,9.58587e-06,5.21946,-0.419047,0.0199701,85.3963,-0.471862,-0.142098,0.00910347,-0.00293763,0,0.435418,-0.109309,0.849826,5,drone1
1.74797,0.341077,9.92779e-06,6.11892,-0.531544,0.038662,85.3349,-0.3846,-0.126568,0.00898277,-0.00210702,0,-0.614817,-0.0890197,0.881849,5,drone1
1.74802,0.341152,1.0362e-05,6.81759,-0.644716,0.0587386,85.1897,-0.294629,-0.113214,0.00886833,-0.00216263,0,-1.45257,-0.0702695,0.906828,5,drone1
1.74806,0.341214,1.08889e-05,7.3509,-0.758988,0.079556,84.9891,-0.202167,-0.101634,0.00877206,-0.00216894,0,-2.00573,-0.0525111,0.930307,5,drone1
1.7481,0.341264,1.15125e-05,7.75207,-0.874846,0.10072,84.7553,-0.107363,-0.0914983,0.00869632,-0.00215248,0,-2.33818,-0.0356628,0.95271,5,drone1
1.74812,0.341304,1.22393e-05,8.05031,-0.992753,0.122026,84.5048,-0.0102968,-0.0825401,0.00863901,-0.00212062,0,-2.50521,-0.0196561,0.974516,5,drone1
1.74814,0.341334,1.30771e-05,8.26999,-1.11315,0.1434,84.2495,0.0890086,-0.0745479,0.00859706,-0.00207878,0,-2.55256,-0.00442885,0.996173,5,drone1
1.74815,0.341356,1.40354e-05,8.43069,-1.23648,0.164859,83.9978,0.190577,-0.0673553,0.00856725,-0.00203078,0,-2.51659,0.0100822,1.01809,5,drone1
1.74816,0.341373,1.5125e-05,8.54761,-1.36316,0.186469,83.7553,0.294473,-0.0608318,0.00854669,-0.00197926,0,-2.42518,0.023944,1.04066,5,drone1
1.74816,0.341385,1.63584e-05,8.63236,-1.49361,0.208327,83.5254,0.400801,-0.0548745,0.00853297,-0.00192598,0,-2.29909,0.0372273,1.06422,5,drone1
1.74817,0.341394,1.77499e-05,8.69363,-1.62827,0.23054,83.3101,0.509696,-0.0494022,0.00852418,-0.00187211,0,-2.15338,0.0500053,1.08911,5,drone1
1.74817,0.341401,1.93159e-05,8.73784,-1.76756,0.253224,83.1102,0.621323,-0.0443493,0.00851889,-0.00181838,0,-1.99869,0.0623524,1.11562,5,drone1
1.74817,0.341406,2.10746e-05,8.76973,-1.91195,0.276492,82.926,0.735878,-0.0396622,0.00851604,-0.00176521,0,-1.84235,0.0743427,1.14404,5,drone1
1.74817,0.341409,2.30471e-05,8.79274,-2.06188,0.300454,82.7571,0.85358,-0.0352962,0.00851487,-0.00171281,0,-1.68924,0.0860496,1.17464,5,drone1
1.74817,0.341412,3.26045e-05,8.80848,-2.18477,0.303979,82.6029,0.974674,-0.0312128,0.00851487,-0.00166125,0,-1.54247,0.097544,1.20766,5,drone1
1.74817,0.341413,2.54932e-05,8.81542,-2.03307,0.291003,86.9505,1.08312,-0.23149,-0.0348674,-0.000507639,0,-1.08689,1.37438,0.97863,5,drone1
1.7476,0.341776,2.22547e-05,8.17939,-1.88055,0.248574,86.3749,1.1793,-0.209918,0.00837399,-0.00229137,0,-5.74991,-0.207822,0.963069,5,drone1
1.74753,0.341648,1.96764e-05,7.15899,-1.7392,0.198521,85.8898,1.23182,-0.190332,0.000928193,-0.0167962,0,-5.02235,-0.186803,0.530199,5,drone1
1.75087,0.341965,1.789e-05,6.38761,-1.6198,0.162361,85.5856,1.28218,-0.169926,0.00822871,-0.0025885,0,-3.03647,-0.17965,0.512752,5,drone1
1.75076,0.341892,1.63539e-05,5.79119,-1.48961,0.132535,85.3889,1.31503,-0.150817,0.00808661,0.000885951,0,-1.96209,-0.170434,0.339691,5,drone1
1.75073,0.341846,1.51081e-05,5.32501,-1.36538,0.108903,85.2715,1.33122,-0.133149,0.0081563,0.000863408,0,-1.16987,-0.164651,0.17403,5,drone1
1.7507,0.341813,1.4064e-05,4.95678,-1.24656,0.089823,85.2124,1.33311,-0.116957,0.00820473,0.000881796,0,-0.586839,-0.159908,0.0314789,5,drone1
1.75068,0.341788,1.31717e-05,4.66369,-1.13282,0.0741496,85.1961,1.32276,-0.102184,0.0082439,0.000887052,0,-0.15983,-0.155705,-0.0910424,5,drone1
1.75066,0.341769,1.24031e-05,4.42904,-1.0238,0.0610487,85.2108,1.30194,-0.0887214,0.00827721,0.000882069,0,0.149564,-0.151782,-0.196003,5,drone1
1.75065,0.341755,1.17405e-05,4.24036,-0.919126,0.0499042,85.2475,1.27221,-0.0764368,0.0083069,0.000869128,0,0.369768,-0.148041,-0.285602,5,drone1
1.75063,0.341744,1.11713e-05,4.08813,-0.81844,0.040258,85.2996,1.23491,-0.0651875,0.00833456,0.000849998,0,0.52218,-0.144467,-0.361793,5,drone1
1.75062,0.341735,1.06854e-05,3.96497,-0.721377,0.0317664,85.3617,1.19121,-0.0548304,0.00836132,0.00082603,0,0.623106,-0.141095,-0.426318,5,drone1
1.75062,0.341729,1.02743e-05,3.86512,-0.627582,0.0241698,85.4301,1.14213,-0.0452267,0.00838809,0.000798232,0,0.685073,-0.137983,-0.480726,5,drone1
1.75061,0.341724,9.93069e-06,3.78402,-0.536712,0.0172701,85.5017,1.08853,-0.0362444,0.0084156,0.000767335,0,0.717762,-0.135198,-0.526397,5,drone1
1.75061,0.341719,9.64842e-06,3.71806,-0.448432,0.0109149,85.5745,1.03116,-0.0277582,0.00844454,0.000733845,0,0.728671,-0.132817,-0.564556,5,drone1
1.7506,0.341716,9.42219e-06,3.66435,-0.362416,0.0049858,85.6468,0.970647,-0.0196494,0.0084755,0.000698084,0,0.723623,-0.130916,-0.596296,5,drone1
1.7506,0.341713,9.24762e-06,3.62055,-0.278349,-0.000610376,85.7175,0.90754,-0.0118047,0.0085091,0.000660218,0,0.707136,-0.129572,-0.622587,5,drone1
1.75059,0.341711,9.12109e-06,3.58481,-0.195922,-0.0059476,85.7857,0.842286,-0.00411451,0.00854597,0.000620286,0,0.682709,-0.128865,-0.644292,5,drone1
1.75059,0.34171,9.03973e-06,3.5556,-0.114835,-0.0110855,85.8509,0.775259,0.00352881,0.00858676,0.000578213,0,0.653046,-0.128874,-0.66218,5,drone1
1.75059,0.341708,9.00133e-06,3.53173,-0.034794,-0.0160729,85.9129,0.706766,0.0112325,0.00863217,0.000533826,0,0.620225,-0.129684,-0.676933,5,drone1
1.75059,0.341707,9.00435e-06,3.51218,0.0444888,-0.0209504,90.271,0.550626,-0.096593,-0.0328146,-0.0111907,0,0.49009,0.428988,-1.58612,5,drone1
1.75255,0.342017,9.04144e-06,3.09237,0.113932,-0.0243722,89.8961,0.489165,-0.07474,0.00874874,-0.000218903,0,-3.74827,-0.197365,-0.621604,5,drone1
1.75248,0.341985,9.12958e-06,2.40094,0.192956,-0.0263163,89.6012,0.426757,-0.0542245,0.00860408,0.00183397,0,-2.94879,-0.191761,-0.628251,5,drone1
1.75244,0.341966,9.24777e-06,1.83011,0.271853,-0.0269037,89.4055,0.362608,-0.0348293,0.00866938,0.00184928,0,-1.95696,-0.188539,-0.643069,5,drone1
1.7524,0.341955,9.4051e-06,1.35648,0.351028,-0.0265203,89.2871,0.296952,-0.0161761,0.0087402,0.0018678,0,-1.18415,-0.187234,-0.656345,5,drone1
1.75238,0.341948,9.60478e-06,0.962266,0.430756,-0.0254365,89.2286,0.229944,0.00209063,0.0088209,0.00186341,0,-0.584956,-0.18792,-0.668619,5,drone1
1.75235,0.341945,9.84885e-06,0.633511,0.511314,-0.0238508,86.8557,0.143939,0.0603588,0.0181246,-0.0202097,0,-0.790402,-0.496867,-0.853667,5,drone1
1.75641,0.341966,1.00618e-05,0.551468,0.57331,-0.0237037,87.1145,0.0760098,0.0735942,0.00893998,0.00216643,0,2.58702,-0.182999,-0.66737,5,drone1
1.75634,0.341965,1.03922e-05,0.648514,0.656507,-0.0256143,86.1754,0.00715515,0.0897464,0.00889521,0.00611604,0,2.42078,-0.192251,-0.661494,5,drone1
1.75515,0.341939,1.08004e-05,0.828595,0.746723,-0.0289783,85.721,-0.111307,0.105103,0.00621,-0.0190969,0,1.78006,-0.247033,-1.15852,5,drone1
1.75912,0.341999,1.11394e-05,1.11799,0.813992,-0.0340615,84.8513,-0.179886,0.119804,0.00920325,0.00486783,0,3.56228,-0.237976,-0.642291,5,drone1
1.75818,0.34196,1.16577e-05,1.50899,0.906953,-0.0420673,84.0124,-0.249073,0.134885,0.00900874,0.00882667,0,4.15753,-0.270189,-0.637388,5,drone1
1.75655,0.341888,1.2269e-05,2.03192,1.00552,-0.0538492,83.1844,-0.321546,0.150635,0.00927217,0.00785619,0,4.62216,-0.308958,-0.6575,5,drone1
1.75517,0.341806,1.29553e-05,2.67205,1.10541,-0.0697657,82.3496,-0.397771,0.167351,0.00968305,0.00617384,0,4.94576,-0.353099,-0.680256,5,drone1
1.75417,0.341722,1.37174e-05,3.41863,1.20618,-0.0902356,81.4944,-0.47779,0.185325,0.0101357,0.0047179,0,5.16103,-0.402484,-0.701044,5,drone1
1.75351,0.341642,1.45624e-05,4.26405,1.30822,-0.115732,80.6084,-0.56166,0.204832,0.010597,0.00361956,0,5.29212,-0.457289,-0.71959,5,drone1
1.75311,0.341569,1.55e-05,5.20323,1.41201,-0.14679,79.6833,-0.649546,0.226118,0.0110571,0.00283426,0,5.35699,-0.517725,-0.736493,5,drone1
1.75292,0.341506,1.65414e-05,6.23307,1.51791,-0.184011,78.7126,-0.741725,0.249387,0.0115125,0.00229488,0,5.36885,-0.583932,-0.752403,5,drone1
1.75289,0.341454,1.7699e-05,7.35193,1.62618,-0.228071,77.691,-0.838571,0.274789,0.0119598,0.00194486,0,5.33706,-0.655916,-0.767866,5,drone1
1.75299,0.341416,1.89867e-05,8.559,1.73698,-0.279712,76.615,-0.940545,0.302408,0.0123937,0.00174216,0,5.26785,-0.733514,-0.783321,5,drone1
1.75318,0.341395,2.04198e-05,9.85365,1.85035,-0.339729,75.4825,-1.04817,0.332248,0.0128061,0.00165705,0,5.16496,-0.816372,-0.799129,5,drone1
1.75347,0.341393,2.20153e-05,11.2346,1.96626,-0.408948,74.2928,-1.16203,0.364223,0.013186,0.00166899,0,5.03033,-0.903941,-0.8156,5,drone1
1.75382,0.341413,2.37924e-05,12.6992,2.08458,-0.488192,73.0471,-1.28271,0.398152,0.0135207,0.00176383,0,4.86488,-0.99551,-0.833002,5,drone1
1.75423,0.341454,2.84271e-05,14.225,2.09034,-0.557481,71.7479,-1.41083,0.433774,0.0137956,0.00193135,0,4.66942,-1.09034,-0.851629,5,drone1
1.75467,0.341519,2.30389e-05,15.8073,1.9419,-0.570218,63.1971,-1.49645,0.432376,0.0737948,0.0369571,0,4.47382,-2.21841,0.463473,5,drone1
1.75181,0.339322,2.08021e-05,19.6324,1.79405,-0.65916,62.5229,-1.61099,0.472039,0.013693,0.00431778,0,11.445,-1.26966,-0.391797,5,drone1
1.75278,0.340215,1.91943e-05,24.2903,1.62034,-0.750854,61.3937,-1.71571,0.510858,0.0166711,0.00103874,0,8.30686,-1.26251,-0.27121,5,drone1
1.75426,0.341113,1.78518e-05,27.0412,1.47467,-0.772769,60.0238,-1.81128,0.554282,0.0159057,0.000923551,0,4.78813,-1.25649,-0.176998,5,drone1
1.75557,0.341854,1.67348e-05,29.1213,1.34657,-0.770749,58.5622,-1.89776,0.600445,0.0150778,0.00198285,0,3.41484,-1.24474,-0.0528654,5,drone1
1.75663,0.342468,1.57527e-05,30.9731,1.2303,-0.759555,57.0568,-1.97696,0.648682,0.0144073,0.00311528,0,2.80245,-1.23559,0.067221,5,drone1
1.7575,0.342993,1.48821e-05,32.754,1.12308,-0.744079,55.5251,-2.05104,0.69875,0.0138613,0.00408972,0,2.4611,-1.23095,0.172807,5,drone1
1.75822,0.343456,1.4113e-05,34.5134,1.0236,-0.725909,52.1677,-2.15241,0.719443,0.0243656,0.0142916,0,2.60574,-1.58397,0.388611,5,drone1
1.75834,0.343372,1.34717e-05,37.1096,0.923269,-0.721347,50.7877,-2.20591,0.756376,0.0127253,0.00599578,0,3.81498,-0.999944,0.41172,5,drone1
1.7591,0.344039,1.28689e-05,39.7073,0.826222,-0.709803,49.2907,-2.24505,0.771257,0.0128877,0.0058569,0,2.60017,-0.738635,0.409516,5,drone1
1.75973,0.344577,1.23316e-05,41.5112,0.745508,-0.684137,47.7129,-2.26974,0.76873,0.012282,0.0063574,0,1.49984,-0.506272,0.4159,5,drone1
1.76023,0.345029,1.18712e-05,43.2292,0.671804,-0.656493,46.1264,-2.27978,0.753006,0.0117292,0.00693657,0,1.27339,-0.302325,0.445591,5,drone1
1.76066,0.345435,1.14704e-05,44.9268,0.603784,-0.627955,45.3696,-2.18184,0.700195,-0.0185477,0.0291341,0,1.22833,0.891832,0.656272,5,drone1
1.75597,0.340636,1.12979e-05,46.2113,0.569229,-0.620094,43.6953,-2.17481,0.670939,0.0109684,0.00765944,0,0.19874,-0.0640304,0.440675,5,drone1
1.7563,0.340993,1.09881e-05,47.4974,0.51412,-0.587963,42.0767,-2.15921,0.635729,0.0157092,0.00305043,0,0.588062,0.052094,0.444893,5,drone1
1.75756,0.342395,1.06759e-05,49.1361,0.455251,-0.554057,40.5189,-2.1325,0.596547,0.0153116,0.00347567,0,0.918996,0.176,0.467405,5,drone1
1.75875,0.343805,1.04042e-05,50.7779,0.400775,-0.519808,39.952,-2.14782,0.587422,0.0156697,-0.00674186,0,0.81802,-0.163284,0.0591879,5,drone1
1.76099,0.346538,1.0124e-05,51.9314,0.349474,-0.47569,38.3346,-2.09775,0.537537,0.0125567,0.00565587,0,-0.239208,0.436796,0.498927,5,drone1
1.76157,0.347362,9.95077e-06,53.055,0.308954,-0.441123,36.7696,-2.03925,0.487396,0.00977275,0.00801609,0,0.22279,0.519744,0.513495,5,drone1
1.76188,0.347793,9.79028e-06,54.5808,0.269926,-0.410972,35.2604,-1.97463,0.438038,0.00887678,0.00866861,0,0.663034,0.580797,0.514898,5,drone1
1.76212,0.348135,9.65488e-06,56.1381,0.234032,-0.381455,33.7573,-1.90549,0.389163,0.00845341,0.00896129,0,0.646827,0.628836,0.504535,5,drone1
1.76233,0.348454,9.5384e-06,57.6874,0.201144,-0.352086,32.2548,-1.83275,0.341304,0.00814457,0.00917237,0,0.594693,0.666399,0.49146,5,drone1
1.76252,0.348769,9.43779e-06,59.2297,0.171013,-0.322805,30.7535,-1.7572,0.295029,0.00788075,0.00934586,0,0.551714,0.694674,0.476956,5,drone1
1.76271,0.34909,9.35108e-06,60.7661,0.143445,-0.293588,29.2541,-1.6796,0.250809,0.00764288,0.00949507,0,0.516585,0.714617,0.461349,5,drone1
1.76289,0.349423,9.27672e-06,62.2969,0.118277,-0.264418,27.7573,-1.60062,0.209024,0.00742139,0.00962619,0,0.487374,0.727127,0.444878,5,drone1
1.76306,0.349771,9.2134e-06,63.8221,0.0953714,-0.235276,26.2639,-1.52092,0.169962,0.00720931,0.00974292,0,0.462868,0.733059,0.427744,5,drone1
1.76323,0.350136,9.16005e-06,65.3413,0.0746043,-0.206145,24.775,-1.44107,0.133832,0.00700089,0.00984771,0,0.442065,0.733226,0.410118,5,drone1
1.7634,0.35052,9.11572e-06,66.8543,0.055868,-0.177005,25.9695,-1.49541,0.168605,0.0459045,-0.0310822,0,0.387435,-0.545383,-0.186539,5,drone1
1.76659,0.35853,9.08227e-06,67.5519,0.0252749,-0.109037,24.2248,-1.40499,0.126363,0.00703224,0.00970912,0,-2.26931,0.851016,0.40475,5,drone1
1.76685,0.359215,8.92221e-06,67.1813,0.0136538,-0.0788472,22.6059,-1.3124,0.0903696,-0.000886047,0.0131805,0,-1.20854,0.862301,0.406587,5,drone1
1.76633,0.358227,9.40244e-06,67.2337,0.00686245,-0.0621998,22.5983,-1.17011,0.0812774,-0.0201152,0.00753851,0,-1.07148,1.35208,0.452884,5,drone1
1.76473,0.354262,8.78871e-06,67.509,0.00658385,-0.0622763,21.2005,-1.0904,0.0560345,-0.000647469,0.0126973,0,0.767345,0.735321,0.353757,5,drone1
1.7641,0.353187,8.89678e-06,68.0764,0.000434661,-0.0492061,19.9092,-1.0165,0.0350033,0.00330512,0.0110867,0,1.90574,0.678963,0.328372,5,drone1
1.76394,0.353002,8.94703e-06,69.2173,-0.00720586,-0.0319681,18.7162,-0.946831,0.0179407,0.00446354,0.0104473,0,2.6455,0.637945,0.309136,5,drone1
1.76397,0.35314,8.97691e-06,70.5473,-0.0146241,-0.0130799,17.5443,-0.880969,0.00360773,0.00484301,0.0102172,0,2.71334,0.601997,0.289578,5,drone1
1.76405,0.353417,8.99285e-06,71.9318,-0.02128,0.00662167,17.7851,-0.816499,-0.000482963,0.00252977,0.00619522,0,2.40726,0.62982,0.14345,5,drone1
1.76429,0.35355,8.9987e-06,72.9376,-0.0269833,0.0259481,16.4579,-0.758014,-0.0120345,0.00511881,0.00998861,0,0.960126,0.529993,0.257069,5,drone1
1.76429,0.353872,9.01381e-06,73.7972,-0.0323304,0.0460332,15.1469,-0.702946,-0.0216162,0.00510353,0.0101821,0,1.29557,0.498954,0.240398,5,drone1
1.76433,0.354254,9.01757e-06,74.9211,-0.0368119,0.0667022,13.9022,-0.651158,-0.0288455,0.00486895,0.0101356,0,1.76025,0.469644,0.225432,5,drone1
1.76441,0.354666,9.02896e-06,76.1705,-0.0403599,0.0878452,12.6874,-0.602528,-0.0343221,0.00462092,0.0101127,0,1.89328,0.441793,0.209927,5,drone1
1.76449,0.35509,9.0443e-06,77.4738,-0.0429436,0.109401,11.4836,-0.556912,-0.0384359,0.00435718,0.0101127,0,1.87,0.415436,0.194462,5,drone1
1.76457,0.355515,9.06253e-06,78.7987,-0.044559,0.131346,10.2826,-0.514157,-0.0414554,0.00407906,0.0101222,0,1.78068,0.390624,0.17928,5,drone1
1.76464,0.355934,9.08372e-06,80.1302,-0.0452079,0.153682,9.08087,-0.474098,-0.0435908,0.00379011,0.0101345,0,1.66584,0.367405,0.164466,5,drone1
1.7647,0.356343,9.10814e-06,81.4609,-0.044891,0.176427,7.87688,-0.43656,-0.045021,0.00349348,0.0101464,0,1.54403,0.345819,0.150039,5,drone1
1.76475,0.35674,9.13612e-06,82.7871,-0.0436044,0.199609,6.67016,-0.401362,-0.0459052,0.0031914,0.0101569,0,1.42405,0.325881,0.135982,5,drone1
1.76479,0.357122,9.16797e-06,84.1067,-0.0413393,0.22326,5.46069,-0.368326,-0.0463834,0.00288583,0.0101649,0,1.31024,0.307513,0.122277,5,drone1
1.76482,0.357488,9.20405e-06,85.4187,-0.0380812,0.247417,4.24869,-0.337282,-0.04658,0.00258092,0.0101694,0,1.20479,0.290568,0.1089,5,drone1
1.76484,0.357838,9.24473e-06,86.7227,-0.03381,0.272124,3.03451,-0.30807,-0.0466065,0.00228,0.0101699,0,1.10865,0.274915,0.0958134,5,drone1
1.76485,0.358172,9.29044e-06,88.0185,-0.0284996,0.297428,1.8186,-0.280538,-0.0465635,0.00198517,0.0101661,0,1.0221,0.260438,0.0829766,5,drone1
1.76486,0.35849,9.3417e-06,89.306,-0.0221174,0.323381,0.601424,-0.254542,-0.0465434,0.00169755,0.010158,0,0.944992,0.247034,0.0703447,5,drone1
1.76486,0.358794,9.39908e-06,90.5854,-0.0146235,0.350035,-1.67221,-0.151062,-0.0562771,-0.0247559,0.0186087,0,0.843025,1.0136,0.0109529,5,drone1
1.76498,0.353701,9.40455e-06,91.9457,-0.00626984,0.351548,-2.78501,-0.135474,-0.053729,0.000961243,0.0101489,0,1.87302,0.145311,0.0533261,5,drone1
1.76495,0.354081,9.46897e-06,93.3611,0.00409283,0.380091,-3.91026,-0.122883,-0.0519969,0.00611782,0.0103315,0,1.62705,0.116283,0.0406128,5,drone1
1.76485,0.355455,9.55782e-06,94.7415,0.0160951,0.414214,-5.04124,-0.110347,-0.0511259,0.00580401,0.0102615,0,1.33818,0.116096,0.0266826,5,drone1
1.76471,0.356783,9.65763e-06,96.0883,0.0295843,0.448967,-6.17632,-0.0973543,-0.0511026,0.00448351,0.0101135,0,1.08974,0.120385,0.0125454,5,drone1
1.76457,0.357877,9.76599e-06,97.4017,0.0444602,0.483527,-7.31551,-0.0839344,-0.0519179,0.00319986,0.00995027,0,0.878921,0.123695,-0.00157127,5,drone1
1.76444,0.358748,9.88365e-06,98.6831,0.0607002,0.518022,-8.41304,-0.127741,-0.0660434,0.0187375,0.0116426,0,0.799136,-0.461439,-0.0630379,5,drone1
1.76376,0.362796,1.00701e-05,99.93,0.0811166,0.568871,-8.79773,-0.202275,-0.111675,0.0181535,0.0061832,0,0.599609,-0.809277,-0.328006,5,drone1
1.76296,0.366572,1.02763e-05,101.023,0.102215,0.619866,-8.83169,-0.17307,-0.108403,-0.00262162,0.0090238,0,-0.339751,0.293641,-0.0115489,5,drone1
1.76283,0.366586,1.04314e-05,101.813,0.118382,0.654842,-10.1633,-0.141398,-0.110644,-0.00626096,0.00841226,0,-1.39827,0.292597,-0.0287389,5,drone1
1.76311,0.365593,1.05882e-05,102.545,0.134157,0.686678,-11.4331,-0.111636,-0.113058,-0.00635636,0.00822156,0,-0.856666,0.27124,-0.0418661,5,drone1
1.76338,0.36465,1.07602e-05,103.437,0.153315,0.720036,-12.6638,-0.0839924,-0.115782,-0.00543436,0.00841782,0,-0.318393,0.246829,-0.0535001,5,drone1
1.76358,0.363946,1.09552e-05,104.437,0.175812,0.755885,-12.6617,-0.060588,-0.117387,-0.00453798,0.00862863,0,0.0205026,0.224822,-0.0670049,5,drone1
1.7634,0.36405,1.11886e-05,105.236,0.198548,0.798163,-12.7599,-0.0384139,-0.120786,-0.00367831,0.00888124,0,-0.981874,0.20952,-0.0801506,5,drone1
1.76329,0.364103,1.14516e-05,105.67,0.217771,0.843581,-12.9282,-0.0169156,-0.125665,-0.00368378,0.00874351,0,-1.68196,0.200128,-0.0924358,5,drone1
1.76323,0.364131,1.17497e-05,105.899,0.235212,0.892064,-13.123,0.00392673,-0.131511,-0.00370582,0.00865243,0,-1.94786,0.191614,-0.100685,5,drone1
1.7632,0.364145,1.20827e-05,106.019,0.251998,0.943566,-13.3212,0.0241777,-0.138042,-0.00373655,0.00859446,0,-1.9825,0.184069,-0.106723,5,drone1
1.76319,0.364152,1.24543e-05,106.08,0.268814,0.99812,-13.5116,0.0439246,-0.145118,-0.00376977,0.00855567,0,-1.90354,0.177534,-0.111707,5,drone1
1.76318,0.364154,1.28689e-05,106.111,0.286068,1.05582,-13.6891,0.0632646,-0.152679,-0.00380296,0.00852768,0,-1.77449,0.172013,-0.116313,5,drone1
1.76317,0.364155,1.3332e-05,106.126,0.304012,1.1168,-13.8519,0.0822982,-0.160709,-0.00383516,0.00850583,0,-1.62817,0.167481,-0.120924,5,drone1
1.76317,0.364154,1.38492e-05,106.134,0.322808,1.18121,-14,0.101125,-0.169215,-0.00386606,0.00848754,0,-1.48085,0.163901,-0.125756,5,drone1
1.76317,0.364153,1.44269e-05,106.137,0.342575,1.24926,-14.134,0.119843,-0.178216,-0.00389567,0.00847141,0,-1.3402,0.161228,-0.13093,5,drone1
1.76317,0.364152,1.50724e-05,106.138,0.363406,1.32114,-14.2549,0.138547,-0.18774,-0.00392413,0.00845664,0,-1.20945,0.15942,-0.136519,5,drone1
1.76317,0.36415,1.57935e-05,106.138,0.385382,1.39706,-15.718,0.168902,-0.214491,0.0203113,0.0162779,0,-0.783343,0.178591,-0.354905,5,drone1
1.76204,0.36868,1.68304e-05,106.486,0.423926,1.49627,-15.6806,0.1868,-0.22329,-0.00417582,0.00833538,0,0.373513,0.148054,-0.133615,5,drone1
1.76196,0.368656,1.77471e-05,106.971,0.462293,1.57687,-16.8849,0.212125,-0.229701,-0.00868327,0.00728596,0,-0.0121003,0.171039,-0.155829,5,drone1
1.76248,0.367355,1.86915e-05,107.528,0.503665,1.65475,-18.0123,0.23767,-0.237724,-0.00876273,0.00708296,0,0.707098,0.161549,-0.180908,5,drone1
1.76293,0.366127,1.97558e-05,108.407,0.558076,1.73416,-19.103,0.263112,-0.247504,-0.00754769,0.00751586,0,1.27708,0.146216,-0.206118,5,drone1
1.76327,0.365209,2.09582e-05,109.453,0.622664,1.81712,-20.1861,0.288919,-0.259949,-0.00636563,0.00794009,0,1.48833,0.131827,-0.240195,5,drone1
1.7635,0.364578,2.23184e-05,110.587,0.695955,1.904,-20.0335,0.31004,-0.281883,-0.0054711,0.00826278,0,1.52552,0.1192,-0.280195,5,drone1
1.76327,0.36471,2.3884e-05,111.372,0.764577,2.00297,-20.0095,0.332468,-0.307532,-0.00466713,0.00858678,0,0.238337,0.122253,-0.318022,5,drone1
1.76316,0.364741,2.81743e-05,111.658,0.775126,2.02229,-20.0664,0.356491,-0.335981,-0.00470294,0.00839777,0,-0.5704,0.129951,-0.348935,5,drone1
1.76312,0.364757,2.32896e-05,111.759,0.739573,1.90549,-20.1463,0.371632,-0.364948,-0.0046922,0.00831079,0,-0.800014,0.0448636,-0.323751,5,drone1
1.76311,0.364762,2.09804e-05,111.795,0.700139,1.79891,-15.6738,0.356203,-0.544023,0.00809533,-0.0346815,0,-0.715697,-0.373824,-1.46769,5,drone1
1.76263,0.364339,1.96403e-05,110.316,0.616379,1.71613,-16.2065,0.328135,-0.559577,-0.0039262,0.00866288,0,-5.32785,-0.308788,-0.086888,5,drone1
1.76311,0.364093,1.84838e-05,108.384,0.52679,1.64147,-16.538,0.280071,-0.572458,-0.0037823,0.00803681,0,-3.31603,-0.49752,-0.00250135,5,drone1
1.76336,0.363964,1.75584e-05,107.525,0.474211,1.56134,-18.3567,0.30579,-0.587564,-0.0266159,0.00431802,0,-3.13201,0.0450352,-0.247751,5,drone1
1.76522,0.359074,1.64622e-05,107.528,0.441055,1.45636,-18.1943,0.238798,-0.589982,-0.00403503,0.00848418,0,1.62493,-0.640966,0.19622,5,drone1
1.7651,0.359196,1.57279e-05,107.893,0.42613,1.37877,-19.2855,0.191238,-0.583381,0.000854937,0.0104142,0,1.45981,-0.565883,0.207367,5,drone1
1.76501,0.359909,1.50826e-05,108.408,0.416385,1.30837,-20.2918,0.15097,-0.576687,0.000597716,0.0103079,0,2.18601,-0.485715,0.206247,5,drone1
1.76482,0.360633,1.45264e-05,109.302,0.415352,1.24072,-21.2617,0.117768,-0.570054,-0.000206369,0.0101913,0,2.67677,-0.412517,0.197881,5,drone1
1.76463,0.361257,1.403e-05,110.375,0.417636,1.17649,-22.2255,0.0910456,-0.564296,-0.000941217,0.00997984,0,2.75307,-0.348583,0.178356,5,drone1
1.76443,0.361777,1.35906e-05,111.533,0.420933,1.11612,-21.9612,0.0579436,-0.5616,-0.00154211,0.00975732,0,2.64325,-0.293025,0.156262,5,drone1
1.7642,0.361894,1.32063e-05,112.316,0.416134,1.06159,-21.8392,0.0313167,-0.558877,-0.00182192,0.00959067,0,1.22051,-0.235551,0.127098,5,drone1
1.76411,0.361945,1.28502e-05,112.588,0.402547,1.01483,-21.8077,0.00982803,-0.555386,-0.00179285,0.0093907,0,0.315176,-0.186199,0.112805,5,drone1
1.76408,0.361961,1.25429e-05,112.679,0.387003,0.973187,-21.8065,-0.00767336,-0.550253,-0.00179834,0.00930799,0,0.0116659,-0.143409,0.112689,5,drone1
1.76407,0.361965,1.22753e-05,112.708,0.371872,0.935654,-21.8145,-0.0218596,-0.54344,-0.00180252,0.0092819,0,-0.0798721,-0.106478,0.115879,5,drone1
1.76406,0.361965,1.20418e-05,112.717,0.35787,0.901798,-21.8247,-0.033195,-0.535177,-0.00180553,0.00927463,0,-0.101478,-0.0746244,0.11878,5,drone1
1.76406,0.361963,1.18389e-05,112.72,0.345183,0.871389,-21.8348,-0.0420474,-0.525746,-0.00180787,0.00927332,0,-0.100844,-0.047213,0.120425,5,drone1
1.76406,0.361961,1.16636e-05,112.721,0.333833,0.844267,-23.5487,-0.0882742,-0.486597,0.00913288,0.0176466,0,-0.453445,-0.424233,0.60002,5,drone1
1.76316,0.364627,1.15748e-05,113.296,0.337382,0.829391,-23.3868,-0.0892094,-0.478524,-0.00208933,0.00921186,0,1.61963,0.0246658,0.0774292,5,drone1
1.76299,0.36469,1.1476e-05,113.999,0.338407,0.80482,-23.2985,-0.0870511,-0.47068,-0.00463933,0.00833527,0,0.882405,0.0513824,0.0630719,5,drone1
1.76291,0.364735,1.13572e-05,114.216,0.333633,0.786098,-23.2894,-0.0833888,-0.463356,-0.00459044,0.00822583,0,0.090623,0.0626437,0.0527403,5,drone1
1.76288,0.364747,1.12666e-05,114.279,0.327862,0.771025,-23.303,-0.0788087,-0.455813,-0.00460608,0.0081642,0,-0.135368,0.0718364,0.0512504,5,drone1
1.76288,0.364748,1.11963e-05,114.296,0.3227,0.758969,-23.3214,-0.0735695,-0.447959,-0.00461306,0.00814555,0,-0.184598,0.0791128,0.0515189,5,drone1
1.76287,0.364747,1.1143e-05,114.301,0.318589,0.749706,-23.3398,-0.0677981,-0.439894,-0.00461718,0.00813943,0,-0.183921,0.084854,0.0513379,5,drone1
1.76287,0.364745,1.11056e-05,114.302,0.315636,0.743137,-23.3568,-0.0615759,-0.431755,-0.00462034,0.00813683,0,-0.170321,0.0893081,0.0501981,5,drone1
1.76287,0.364743,1.10833e-05,114.302,0.313858,0.739206,-23.3722,-0.0549641,-0.423677,-0.00462314,0.00813513,0,-0.154331,0.0926662,0.0480575,5,drone1
1.76287,0.364741,1.10758e-05,114.301,0.313249,0.737874,-30.7096,-0.0180877,-0.279984,-0.00134293,0.0612916,0,-0.394664,0.419892,1.42161,5,drone1
1.76203,0.368433,1.2201e-05,116.62,0.349155,0.741847,-29.9897,-0.0135006,-0.285706,-0.00561901,0.00746698,0,7.19896,0.00608775,-0.0730417,5,drone1
1.76122,0.368905,1.15675e-05,119.503,0.389983,0.72759,-30.8866,0.00127801,-0.293619,-0.00885522,0.00668581,0,4.16065,0.0296149,-0.108231,5,drone1
1.76163,0.368173,1.12591e-05,120.642,0.40577,0.720806,-31.9472,0.0176566,-0.304051,-0.00906935,0.00616315,0,2.17415,0.0280039,-0.141135,5,drone1
1.7621,0.367391,1.122e-05,121.882,0.423558,0.715306,-33.0234,0.0339712,-0.314416,-0.00833851,0.00659174,0,2.09591,0.0210076,-0.142346,5,drone1
1.76246,0.366805,1.12593e-05,123.141,0.443579,0.712537,-34.1238,0.0503172,-0.324917,-0.00754781,0.00709931,0,1.93251,0.0136657,-0.145596,5,drone1
1.76271,0.366414,1.13325e-05,124.41,0.465995,0.71241,-35.2443,0.0668683,-0.335683,-0.00694774,0.00749153,0,1.77295,0.00693979,-0.150779,5,drone1
1.76287,0.366179,1.14266e-05,125.686,0.49088,0.714607,-36.3816,0.0837957,-0.346837,-0.00654209,0.00776182,0,1.62439,0.000652936,-0.157846,5,drone1
1.76295,0.366057,1.15398e-05,126.965,0.51827,0.718838,-37.5329,0.101248,-0.358504,-0.00629005,0.00792977,0,1.48605,-0.00553845,-0.166674,5,drone1
1.76297,0.366016,1.16736e-05,128.246,0.54822,0.724857,-38.6957,0.119354,-0.370804,-0.00615155,0.00801725,0,1.358,-0.0119363,-0.177119,5,drone1
1.76294,0.366032,1.18299e-05,129.527,0.58081,0.73246,-39.868,0.138228,-0.383856,-0.00609488,0.00804261,0,1.2401,-0.0187775,-0.189071,5,drone1
1.76288,0.366088,1.20106e-05,130.805,0.616143,0.741472,-41.048,0.157979,-0.397779,-0.00609636,0.00802021,0,1.132,-0.026245,-0.202461,5,drone1
1.76279,0.366171,1.2218e-05,132.082,0.654341,0.751742,-42.2342,0.178715,-0.412693,-0.00613865,0.007961,0,1.03321,-0.0344833,-0.217247,5,drone1
1.76268,0.366272,1.24546e-05,133.355,0.695541,0.763133,-40.8424,0.220105,-0.491907,-0.0103278,-0.0229959,0,0.955652,-0.136898,-0.897754,5,drone1
1.76551,0.363251,1.25662e-05,133.374,0.708602,0.7764,-42.2962,0.24222,-0.502582,-0.00594496,0.00804523,0,-1.72125,-0.0158352,-0.192539,5,drone1
1.76569,0.363097,1.28611e-05,133.416,0.737626,0.80598,-42.458,0.243944,-0.516524,-0.0096412,0.00189686,0,-1.61816,-0.0795964,-0.115742,5,drone1
1.76554,0.363235,1.31947e-05,133.983,0.777799,0.832015,-43.7563,0.265909,-0.528388,-0.00293983,0.0108298,0,-0.166826,-0.0402934,-0.199515,5,drone1
1.76497,0.36382,1.36046e-05,134.643,0.82471,0.86088,-43.068,0.221119,-0.560909,0.0129759,0.00482057,0,-0.176647,-0.478952,0.0524367,5,drone1
1.76285,0.36593,1.41217e-05,134.907,0.876104,0.904587,-44.4111,0.252131,-0.575815,-0.00357749,0.01013,0,-0.782973,0.0020655,-0.273295,5,drone1
1.76253,0.366244,1.46342e-05,135.221,0.923193,0.941639,-44.3814,0.27187,-0.597472,-0.00590127,0.00795312,0,0.296032,-0.011233,-0.292805,5,drone1
1.76237,0.366394,1.51646e-05,135.798,0.977088,0.97547,-44.386,0.292618,-0.620734,-0.00617687,0.00766036,0,-0.0472642,-0.0142954,-0.311379,5,drone1
1.76234,0.366422,1.57663e-05,135.834,1.02489,1.02067,-44.4478,0.314654,-0.646195,-0.00625738,0.00755176,0,-0.61967,-0.0189873,-0.336188,5,drone1
1.76234,0.36642,1.64392e-05,135.831,1.07517,1.06958,-48.5522,0.387211,-0.650221,-0.0156209,0.0290964,0,-0.297618,0.00050057,-0.392376,5,drone1
1.76156,0.367068,1.72953e-05,137.803,1.17028,1.08554,-48.2006,0.406386,-0.680185,-0.00681353,0.00702151,0,3.51309,-0.107042,-0.339189,5,drone1
1.76103,0.367635,1.80989e-05,139.745,1.26936,1.09836,-51.2622,0.454335,-0.68908,-0.0155762,0.0195724,0,1.06506,-0.170606,-0.295536,5,drone1
1.76069,0.367755,1.91305e-05,141.396,1.36788,1.1153,-51.0307,0.48123,-0.731269,-0.00783323,0.00575477,0,2.3109,-0.169329,-0.470749,5,drone1
1.76029,0.368215,2.01414e-05,142.909,1.47062,1.13436,-50.9873,0.512182,-0.777904,-0.00776066,0.00564702,0,0.429539,-0.169705,-0.53336,5,drone1
1.76021,0.368306,2.13464e-05,143.047,1.55051,1.18885,-51.0992,0.547182,-0.828925,-0.00807638,0.00543332,0,-1.12509,-0.170844,-0.594636,5,drone1
1.7602,0.368308,2.26758e-05,143.049,1.63225,1.2502,-51.2136,0.583596,-0.881601,-0.00817601,0.00533602,0,-1.14988,-0.175694,-0.615761,5,drone1
1.7602,0.368306,2.41584e-05,143.047,1.719,1.31548,-51.3166,0.621269,-0.935917,-0.00819885,0.0052895,0,-1.03672,-0.182208,-0.63538,5,drone1
1.7602,0.368305,2.18473e-05,143.048,1.70778,1.30178,-51.4089,0.660354,-0.992151,-0.00821799,0.00524477,0,-0.930651,-0.189844,-0.657949,5,drone1
1.7602,0.368304,2.09339e-05,143.05,1.61808,1.23577,-51.4919,0.687769,-1.05091,-0.00820329,0.00524205,0,-0.838346,-0.284388,-0.582651,5,drone1
1.7602,0.368302,2.03081e-05,143.052,1.53467,1.17476,-51.5668,0.694891,-1.11186,-0.00816355,0.00527104,0,-0.757553,-0.429944,-0.43774,5,drone1
1.76019,0.3683,1.95729e-05,143.054,1.45766,1.11791,-51.6343,0.68591,-1.1745,-0.00812563,0.00529554,0,-0.684185,-0.544787,-0.321956,5,drone1
1.76019,0.368299,1.87576e-05,143.055,1.38669,1.06504,-51.6955,0.67408,-1.22224,-0.00814578,0.00532785,0,-0.618274,-0.446729,-0.205725,5,drone1
1.76019,0.368297,1.7944e-05,143.057,1.32132,1.01609,-51.7509,0.661285,-1.2566,-0.00816291,0.00535156,0,-0.558639,-0.348384,-0.114062,5,drone1
1.76019,0.368295,1.71838e-05,143.058,1.26122,0.970955,-51.8011,0.647759,-1.27952,-0.00817693,0.00537041,0,-0.504868,-0.263564,-0.0366988,5,drone1
1.76018,0.368293,1.64985e-05,143.059,1.2061,0.929507,-51.8466,0.633769,-1.29275,-0.00818822,0.00538503,0,-0.456339,-0.190631,0.0274088,5,drone1
1.76018,0.368291,1.58919e-05,143.06,1.15569,0.891592,-51.8878,0.619555,-1.29785,-0.00819732,0.00539619,0,-0.41252,-0.128174,0.0798536,5,drone1
1.76018,0.36829,1.53599e-05,143.061,1.10977,0.857056,-51.9251,0.605322,-1.29617,-0.0082047,0.00540455,0,-0.372941,-0.0749655,0.12216,5,drone1
1.76017,0.368288,1.48957e-05,143.062,1.06816,0.825754,-51.9589,0.591243,-1.28889,-0.00821071,0.00541063,0,-0.337183,-0.0299214,0.155651,5,drone1
1.76017,0.368286,1.44926e-05,143.063,1.03066,0.797549,-51.9895,0.577468,-1.27705,-0.00821566,0.00541486,0,-0.304869,0.00791974,0.181461,5,drone1
1.76017,0.368284,1.41442e-05,143.063,0.997117,0.772319,-53.5999,0.571399,-1.20293,0.00559757,0.0271509,0,-0.294243,0.200063,0.679278,5,drone1
1.75631,0.371043,1.40307e-05,143.802,0.995373,0.750916,-53.4667,0.557709,-1.19063,-0.00836256,0.00518588,0,1.33298,0.0196879,0.182988,5,drone1
1.75619,0.37121,1.37569e-05,144.553,0.979083,0.719229,-54.6751,0.574422,-1.164,-0.0110683,0.00146124,0,0.461353,0.0593134,0.158184,5,drone1
1.75721,0.370402,1.3508e-05,145.21,0.959104,0.688421,-55.8559,0.590085,-1.13691,-0.0112445,0.00126211,0,0.91865,0.0578977,0.163175,5,drone1
1.75811,0.369748,1.32813e-05,146.388,0.948644,0.652322,-56.9814,0.603604,-1.10985,-0.0104555,0.00218814,0,1.44144,0.0510637,0.172426,5,drone1
1.75876,0.36931,1.31081e-05,147.636,0.942764,0.61894,-58.117,0.616473,-1.08361,-0.00980528,0.00311343,0,1.38868,0.0437145,0.166275,5,drone1
