-0.308746,0.121423,5.53539e-06,0,0,-0.0111886,0,0,0,0,0,0,0,0,0,-1,pipuck3
-0.308746,0.121423,7.91351e-06,0,0,-0.0159945,0,0,0,0,0,0,0,0,0,-1,pipuck3
-0.308746,0.121423,8.88486e-06,0,0,-0.0179578,0,0,0,0,0,0,0,0,0,-1,pipuck3
-0.308746,0.121423,9.26229e-06,0,0,-0.0187206,0,0,0,0,0,0,0,0,0,-1,pipuck3
-0.308746,0.121423,9.40043e-06,0,0,-0.0189998,0,0,0,0,0,0,0,0,0,-1,pipuck3
-0.308746,0.121423,9.44705e-06,0,0,-0.019094,0,0,0,0,0,0,0,0,0,-1,pipuck3
-0.308746,0.121423,9.46085e-06,0,0,-0.0191219,0,0,0,0,0,0,0,0,0,-1,pipuck3
-0.308746,0.121423,9.46391e-06,0,0,-0.0191281,0,0,0,0,0,0,0,0,0,-1,pipuck3
-0.308746,0.121423,9.46396e-06,0,0,-0.0191282,0,0,0,0,0,0,0,0,0,-1,pipuck3
-0.308746,0.121423,9.46346e-06,0,0,-0.0191272,0,0,0,0,0,0,0,0,0,-1,pipuck3
-0.308746,0.121423,9.46303e-06,0,0,-0.0191263,0,0,0,0,0,0,0,0,0,-1,pipuck3
-0.308746,0.121423,9.46276e-06,0,0,-0.0191258,0,0,0,0,0,0,0,0,0,-1,pipuck3
-0.308746,0.121423,9.46262e-06,0,0,-0.0191255,0,0,0,0,0,0,0,0,0,-1,pipuck3
-0.308746,0.121423,9.46255e-06,0,0,-0.0191254,0,0,0,0,0,0,0,0,0,-1,pipuck3
-0.308746,0.121423,9.46252e-06,0,0,-0.0191253,0,0,0,0,0,0,0,0,0,-1,pipuck3
-0.308746,0.121423,9.46251e-06,0,0,-0.0191253,0,0,0,0,0,0,0,0,0,-1,pipuck3
-0.308746,0.121423,9.4625e-06,0,0,-0.0191253,0,0,0,0,0,0,0,0,0,-1,pipuck3
-0.308746,0.121423,9.4625e-06,0,0,-0.0191253,0,0,0,0,0,0,0,0,0,-1,pipuck3
-0.308746,0.121423,9.4625e-06,0,0,-0.0191253,0,0,0,0,0,0,0,0,0,-1,pipuck3
-0.308746,0.121423,9.4625e-06,0,0,-0.0191253,0,0,0,0,0,0,0,0,0,-1,pipuck3
-0.308746,0.121423,9.4625e-06,0,0,-0.0191253,0,0,0,0,0,0,0,0,0,-1,pipuck3
-0.308746,0.121423,9.4625e-06,0,0,-0.0191252,0,0,0,0,0,0,0,0,0,-1,pipuck3
-0.308746,0.121423,9.4625e-06,0,0,-0.0191252,0,0,0,0,0,0,0,0,0,-1,pipuck3
-0.308746,0.121423,9.4625e-06,0,0,-0.0191252,0,0,0,0,0,0,0,0,0,-1,pipuck3
-0.308746,0.121423,9.4625e-06,0,0,-0.0191252,0,0,0,0,0,0,0,0,0,-1,pipuck3
-0.308746,0.121423,9.4625e-06,0,0,-0.0191252,0,0,0,0,0,0,0,0,0,-1,pipuck3
-0.308746,0.121423,9.4625e-06,0,0,-0.0191252,0,0,0,0,0,0,0,0,0,-1,pipuck3
-0.308746,0.121423,9.4625e-06,0,0,-0.0191252,0,0,0,0,0,0,0,0,0,-1,pipuck3
-0.308746,0.121423,9.4625e-06,0,0,-0.0191252,0,0,0,0,0,0,0,0,0,-1,pipuck3
-0.308746,0.121423,9.4625e-06,0,0,-0.0191252,0,0,0,0,0,0,0,0,0,-1,pipuck3
-0.308746,0.121423,9.4625e-06,0,0,-0.0191252,0,0,0,0,0,0,0,0,0,-1,pipuck3
-0.308746,0.121423,9.4625e-06,0,0,-0.0191252,0,0,0,0,0,0,0,0,0,-1,pipuck3
-0.308746,0.121423,9.4625e-06,0,0,-0.0191252,0,0,0,0,0,0,0,0,0,-1,pipuck3
-0.308746,0.121423,9.4625e-06,0,0,-0.0191252,0,0,0,0,0,0,0,0,0,-1,pipuck3
-0.308746,0.121423,9.4625e-06,0,0,-0.0191252,0,0,0,0,0,0,0,0,0,-1,pipuck3
-0.308746,0.121423,9.4625e-06,0,0,-0.0191252,0,0,0,0,0,0,0,0,0,-1,pipuck3
-0.308746,0.121423,9.4625e-06,0,0,-0.0191252,0,0,0,0,0,0,0,0,0,-1,pipuck3
-0.308746,0.121423,9.4625e-06,0,0,-0.0191252,0,0,0,0,0,0,0,0,0,-1,pipuck3
-0.308746,0.121423,9.4625e-06,0,0,-0.0191252,0,0,0,0,0,0,0,0,0,-1,pipuck3
-0.308746,0.121423,9.4625e-06,0,0,-0.0191252,0,0,0,0,0,0,0,0,0,-1,drone1
-0.308746,0.121423,9.4625e-06,0,0,-0.0191252,0,0,0,0,0,0,0,0,0,-1,drone1
-0.308746,0.121423,9.4625e-06,0,0,-0.0191252,9.15175,0.187115,0.040862,0.0705591,-0.0869678,0,1.51194,1.87583,0.386404,3,drone1
-0.295722,0.121336,9.21361e-06,-0.773642,-0.062339,-0.0194377,17.3942,0.306238,0.00328825,0.069641,-0.111942,0,-7.5792,1.13523,0.172554,3,drone1
-0.282296,0.120747,9.13427e-06,-2.96041,-0.126929,-0.0249396,33.0005,0.273415,-0.0540171,0.388094,-0.60773,0,73.3794,-0.255402,-0.0637,4,drone1
-0.267017,0.119261,9.15824e-06,-6.23586,-0.200476,-0.040248,47.0018,0.240537,-0.0912665,0.225123,-0.673969,0,59.9601,-0.177886,-0.0280556,4,drone1
-0.251676,0.116687,9.25628e-06,-10.4269,-0.273372,-0.0687953,59.4779,0.214185,-0.112286,0.0851487,-0.692977,0,49.2344,-0.119719,0.0352179,4,drone1
-0.236136,0.112848,9.41335e-06,-15.4703,-0.344421,-0.114166,70.4477,0.197827,-0.121445,-0.0237124,-0.684724,0,40.9493,-0.0908351,0.109638,4,drone1
-0.221032,0.107737,9.60278e-06,-21.2857,-0.408192,-0.178458,79.8702,0.193356,-0.122161,-0.100058,-0.663666,0,35.023,-0.0874532,0.186137,4,drone1
-0.20543,0.100744,9.88894e-06,-27.2854,-0.466975,-0.261243,87.8291,0.200894,-0.117106,-0.145122,-0.64048,0,31.4158,-0.103763,0.256196,4,drone1
-0.190285,0.0921227,1.02581e-05,-32.6965,-0.518611,-0.354452,94.4603,0.220156,-0.107839,-0.168511,-0.618096,0,29.4563,-0.131869,0.322111,4,drone1
-0.17553,0.081933,1.0703e-05,-37.0393,-0.568179,-0.451507,99.9398,0.249995,-0.0955221,-0.181196,-0.596923,0,28.2359,-0.166355,0.379866,4,drone1
-0.16113,0.0704455,1.12177e-05,-40.2954,-0.619706,-0.549266,104.465,0.289208,-0.0810731,-0.190644,-0.575409,0,27.0988,-0.202764,0.431721,4,drone1
-0.147006,0.0579704,1.18236e-05,-42.6393,-0.675623,-0.646785,108.218,0.336727,-0.0652088,-0.199266,-0.553054,0,25.8292,-0.238979,0.479596,4,drone1
-0.133156,0.0448389,1.25358e-05,-44.293,-0.736627,-0.743988,111.052,0.290534,0.0588091,-0.204884,-0.554837,0,23.79,-1.18773,-0.612879,4,drone1
-0.119309,0.0310546,1.33794e-05,-45.3906,-0.804831,-0.84167,113.726,0.364836,0.0678875,-0.211559,-0.507607,0,23.2368,-0.241279,0.702809,4,drone1
-0.105586,0.0169788,1.43514e-05,-46.0394,-0.880123,-0.938716,116.006,0.443493,0.0769615,-0.217734,-0.483612,0,21.66,-0.28325,0.734201,4,drone1
-0.091844,0.0026269,1.54696e-05,-46.4292,-0.961928,-1.03737,117.845,0.575037,0.12879,-0.211891,-0.446997,0,19.8408,-0.867174,1.10458,4,drone1
-0.0782425,-0.0117119,1.67434e-05,-46.5674,-1.05058,-1.13594,119.583,0.658333,0.132441,-0.225218,-0.43606,0,18.5756,-0.300436,0.775857,4,drone1
-0.064531,-0.0261806,1.8197e-05,-46.5469,-1.14657,-1.23639,121.125,0.746467,0.13593,-0.227564,-0.41237,0,16.9736,-0.345037,0.811037,4,drone1
-0.0508804,-0.0405632,1.98426e-05,-46.4858,-1.24741,-1.33992,122.51,0.839644,0.138858,-0.228419,-0.388911,0,15.409,-0.389998,0.846724,4,drone1
-0.0371415,-0.0549976,2.17103e-05,-46.3977,-1.35401,-1.44767,123.756,0.937926,0.14114,-0.227489,-0.366271,0,13.9619,-0.435429,0.881888,4,drone1
-0.02345,-0.0693336,2.38194e-05,-46.2962,-1.46581,-1.55946,124.883,1.04151,0.142717,-0.224875,-0.344271,0,12.6248,-0.482158,0.917704,4,drone1
-0.00979483,-0.0835364,2.99529e-05,-46.1897,-1.47044,-1.57582,128.517,1.17737,0.0371338,-0.218997,-0.282094,0,11.0803,-0.13969,1.43393,4,drone1
0.00146499,-0.0953186,2.24678e-05,-46.5527,-1.33253,-1.43591,129.927,1.27121,-0.056777,-0.249409,-0.295976,0,10.5182,0.19774,1.25893,4,drone1
0.014991,-0.10977,2.54833e-05,-47.3076,-1.23428,-1.29236,135.291,1.32799,-0.148098,-0.2241,-0.275887,0,6.61254,-0.502568,0.458799,4,drone1
0.0239317,-0.119761,1.84758e-05,-49.0081,-1.06025,-1.18814,141.622,1.34846,-0.275138,-0.231592,-0.243017,0,2.00733,-0.409256,0.220224,4,drone1
0.0311723,-0.128768,1.51268e-05,-52.5957,-0.862772,-1.09876,146.773,1.34075,-0.374853,-0.240071,-0.215119,0,-2.61827,-0.348105,-0.067091,4,drone1
0.0381594,-0.13888,1.33033e-05,-57.3168,-0.669098,-1.0108,150.026,1.32029,-0.423084,-0.236348,-0.201984,0,-4.17703,-0.241149,-0.286877,4,drone1
0.0453218,-0.151148,2.20684e-05,-61.9875,-0.456872,-0.939095,151.328,1.2974,-0.416787,-0.220679,-0.201513,0,-2.70687,-0.108057,-0.424629,4,drone1
0.051829,-0.164865,2.10313e-05,-66.2951,-0.390505,-0.796451,147.623,1.29557,-0.283594,-0.196277,-0.206875,0,0.664579,0.00433135,-0.539599,4,drone1
0.0582142,-0.179725,1.44455e-05,-69.7901,-0.278992,-0.682565,147.631,1.27388,-0.263306,-0.150582,-0.189582,0,8.58953,0.203593,-0.162504,4,drone1
0.0634905,-0.194784,8.54973e-06,-71.8569,-0.198394,-0.559526,145.707,1.23122,-0.173161,-0.125919,-0.223266,0,12.1638,0.322444,-0.506585,4,drone1
0.0678681,-0.208573,2.91273e-05,-72.9582,-0.186216,-0.410553,142.159,1.17864,-0.0525791,-0.0970989,-0.222251,0,16.154,0.432039,-0.508946,4,drone1
0.0726935,-0.223502,1.2927e-05,-73.7804,-0.110668,-0.288784,136.892,1.10783,0.0878225,-0.0674652,-0.220414,0,20.8008,0.574064,-0.462611,4,drone1
0.076701,-0.237163,2.02077e-05,-73.9903,-0.00635055,-0.169839,131.618,1.01475,0.214948,-0.0325888,-0.215297,0,26.8894,0.652635,-0.480711,4,drone1
0.0808735,-0.252183,1.19041e-05,-73.4039,0.0148259,-0.0345227,126.434,0.900779,0.326314,-0.00247954,-0.206759,0,32.3743,0.684352,-0.535733,4,drone1
0.0844928,-0.265306,9.28146e-06,-71.0613,0.0546603,0.101774,121.306,0.771587,0.411044,0.0235676,-0.193949,0,36.971,0.749497,-0.537298,4,drone1
0.088803,-0.277867,8.84328e-06,-66.8855,0.117075,0.229888,116.361,0.63179,0.46623,0.0407227,-0.181425,0,39.7567,0.783174,-0.567491,4,drone1
0.0943417,-0.290027,9.05663e-06,-61.0233,0.208559,0.341005,111.687,0.487154,0.491517,0.0498935,-0.16945,0,40.5274,0.784516,-0.612006,4,drone1
0.101898,-0.302225,9.5168e-06,-53.8352,0.330143,0.422262,107.371,0.343375,0.489143,0.0522598,-0.158483,0,39.3402,0.756156,-0.663324,4,drone1
0.111663,-0.313997,1.00837e-05,-45.9787,0.476186,0.467613,103.475,0.205186,0.464076,0.0495751,-0.147604,0,36.4686,0.701349,-0.713563,4,drone1
0.123867,-0.325165,1.07238e-05,-38.3263,0.632554,0.477641,100.103,0.0757813,0.422615,0.0439506,-0.136143,0,32.5078,0.627301,-0.760425,4,drone1
0.137907,-0.335097,1.14244e-05,-31.3556,0.790121,0.460804,97.2114,-0.0446486,0.371787,0.0377495,-0.123037,0,28.2276,0.541994,-0.800583,4,drone1
0.153395,-0.343646,1.22208e-05,-25.1368,0.944091,0.423419,94.6299,-0.152651,0.314902,0.0322372,-0.108542,0,24.1471,0.476687,-0.782474,4,drone1
0.169898,-0.350661,1.31037e-05,-19.6135,1.09317,0.370666,92.1873,-0.25744,0.258409,0.0278815,-0.0928973,0,20.5092,0.376716,-0.83007,4,drone1
0.187151,-0.356169,1.4071e-05,-14.6123,1.23749,0.304193,89.0882,-0.350867,0.237956,0.0365269,-0.0580023,0,18.7596,-0.0983697,-0.702677,4,drone1
0.19814,-0.358597,1.5403e-05,-9.93617,1.41082,0.229088,87.835,-0.449823,0.187367,0.0227742,-0.059146,0,15.5258,0.210695,-0.90755,4,drone1
0.210133,-0.360459,1.69373e-05,-5.59898,1.57676,0.136629,86.8061,-0.551305,0.143429,0.0192925,-0.0491767,0,12.1024,0.13648,-0.966191,4,drone1
0.220229,-0.361245,1.87467e-05,-1.6945,1.74845,0.0338305,85.847,-0.656093,0.106023,0.0164522,-0.0381024,0,8.79415,0.0708113,-1.01775,4,drone1
0.228147,-0.361281,2.09043e-05,1.85901,1.92756,-0.0804587,86.5886,-0.784452,0.0967326,0.00131063,-0.0365318,0,5.6957,-0.0387031,-1.29081,4,drone1
0.235662,-0.360719,2.33678e-05,4.9122,2.10661,-0.199015,85.3855,-0.901789,0.0687967,0.0118965,-0.0219244,0,1.55601,0.0102996,-1.15582,4,drone1
0.240075,-0.360183,3.92522e-05,7.48886,2.21268,-0.284411,84.1407,-1.0259,0.0447285,0.0106835,-0.0148192,0,-0.292847,-0.0469499,-1.22872,4,drone1
0.243028,-0.359712,1.69448e-05,9.85752,2.01556,-0.357129,82.847,-1.1489,0.0206806,0.00994203,-0.0106624,0,-1.6235,-0.0717277,-1.22221,4,drone1
0.245413,-0.35921,3.18806e-05,11.9002,1.84124,-0.345524,81.5005,-1.24072,-0.000679629,0.00942586,-0.00783547,0,-2.69854,-0.0972182,-0.912055,4,drone1
0.247702,-0.358492,2.37221e-05,13.7603,1.66923,-0.379022,82.8528,-1.31493,-0.064895,-0.0139027,0.00353726,0,-3.45074,0.912363,-0.861793,4,drone1
0.24708,-0.358669,1.99848e-05,15.1912,1.52991,-0.390402,82.192,-1.35627,-0.0595972,0.00820764,-0.00360701,0,-6.6093,-0.0828567,-0.408182,4,drone1
0.247157,-0.358736,1.69197e-05,16.1704,1.40321,-0.385654,81.4542,-1.38017,-0.0551571,0.00826019,-0.00432836,0,-7.37941,-0.0629113,-0.234679,4,drone1
0.247085,-0.35888,1.52779e-05,16.7239,1.28792,-0.366948,80.6922,-1.38593,-0.0508884,0.00832119,-0.00426214,0,-7.62104,-0.0476032,-0.0534925,4,drone1
0.247049,-0.358954,1.40663e-05,16.9995,1.18026,-0.341395,79.951,-1.38201,-0.0482168,0.00846963,-0.00430385,0,-7.41295,-0.0224666,0.0417579,4,drone1
0.247032,-0.358991,1.31402e-05,17.1339,1.07865,-0.313354,76.0875,-1.31931,-0.0922091,0.0208392,0.0268972,0,-6.23182,-0.265276,0.607153,4,drone1
0.242832,-0.359863,1.25002e-05,18.0666,0.997149,-0.306169,75.7656,-1.30116,-0.0857797,0.00886088,-0.00369087,0,-3.22009,-0.0235755,0.191129,4,drone1
0.242752,-0.360127,1.19058e-05,19.2725,0.900034,-0.295412,78.316,-1.25554,-0.109537,-0.0288293,0.0242974,0,-2.72059,0.965989,0.275183,4,drone1
0.236553,-0.362848,1.15645e-05,18.9557,0.845241,-0.271026,76.6366,-1.22381,-0.122899,0.00911597,-0.00871101,0,-7.58803,-0.0244927,0.30194,4,drone1
0.238929,-0.361759,6.50743e-06,18.3121,0.750384,-0.238749,75.0775,-1.18901,-0.135766,0.0115138,-0.0148113,0,-5.59229,-0.0222316,0.332547,4,drone1
0.24194,-0.360788,4.50738e-06,18.0276,0.654409,-0.219306,73.7511,-1.14693,-0.144945,0.0111229,-0.0119012,0,-3.39028,-0.0183156,0.409753,4,drone1
0.244535,-0.360161,8.75216e-06,18.0231,0.566086,-0.200306,72.5752,-1.09775,-0.150269,0.010572,-0.0085228,0,-1.77968,-0.0172891,0.486346,4,drone1
0.246553,-0.359578,2.229e-05,18.5142,0.503308,-0.122774,71.4904,-1.0437,-0.153123,0.0101427,-0.00568341,0,-0.599641,-0.00917578,0.538325,4,drone1
0.24816,-0.359093,1.74845e-05,18.8588,0.428792,-0.110447,70.4646,-0.992033,-0.162137,0.00960169,-0.00355229,0,-0.00600849,0.0634076,0.493001,4,drone1
0.249247,-0.358617,1.34288e-05,19.3641,0.343648,-0.148611,70.5324,-0.93981,-0.149999,0.00913723,-0.0018204,0,0.674971,0.0630728,0.532422,4,drone1
0.249311,-0.358561,1.02344e-05,19.8124,0.291049,-0.126146,70.5429,-0.880193,-0.131269,0.00864867,-0.000804222,0,0.101928,0.0226133,0.624479,4,drone1
0.249204,-0.358611,9.45091e-06,20.1984,0.242918,-0.109231,70.5074,-0.821658,-0.115534,0.00858157,-0.000799633,0,-0.356665,0.0449386,0.604457,4,drone1
0.249107,-0.358656,9.34042e-06,20.5422,0.197738,-0.0939265,70.437,-0.76413,-0.101752,0.00862192,-0.000949815,0,-0.707128,0.0587854,0.588624,4,drone1
0.249095,-0.358673,3.92427e-06,20.8517,0.162755,-0.0545812,70.3391,-0.707652,-0.0894857,0.00865839,-0.00107969,0,-0.9804,0.0691244,0.57379,4,drone1
0.249157,-0.35865,6.68199e-06,21.0734,0.121661,-0.0325174,70.2201,-0.654363,-0.081879,0.00866251,-0.00111777,0,-1.19181,0.102722,0.528389,4,drone1
0.249148,-0.358645,2.26011e-05,21.2797,0.0590319,-0.0720307,70.0907,-0.602527,-0.0759975,0.00863446,-0.00106402,0,-1.29439,0.114905,0.508859,4,drone1
0.249208,-0.358582,1.59261e-05,21.3677,0.0208801,-0.042725,69.9538,-0.545944,-0.0627615,0.00863723,-0.00106723,0,-1.37148,0.062019,0.577774,4,drone1
0.249188,-0.358589,1.21784e-05,21.4098,-0.0240366,-0.0170124,69.8217,-0.491874,-0.0527052,0.00857111,-0.000991915,0,-1.32233,0.0852333,0.543313,4,drone1
0.248951,-0.358743,2.00791e-05,21.4502,-0.0528385,0.0646424,69.6985,-0.438739,-0.0446046,0.00857405,-0.000989512,0,-1.2323,0.102151,0.527685,4,drone1
0.248871,-0.358167,2.06543e-06,21.5068,-0.126799,0.0456297,69.5837,-0.391448,-0.0461692,0.00870578,-0.0012168,0,-1.14931,0.174789,0.439693,4,drone1
0.248899,-0.358129,6.91442e-06,21.6217,-0.188457,0.0599384,69.4747,-0.336694,-0.0407938,0.00813644,-0.00125707,0,-1.09119,0.136062,0.53307,4,drone1
0.248839,-0.358229,2.64609e-06,21.6539,-0.239242,0.100272,69.365,-0.281249,-0.0350285,0.00809613,-0.00121652,0,-1.09699,0.135757,0.540653,4,drone1
0.248849,-0.358228,6.68265e-06,21.5781,-0.292553,0.129506,69.2632,-0.227629,-0.0326298,0.00818759,-0.00125937,0,-1.01944,0.162423,0.511563,4,drone1
0.248835,-0.358238,8.59421e-06,21.5121,-0.344192,0.153339,69.1791,-0.174069,-0.0314711,0.00818495,-0.00121382,0,-0.841682,0.175464,0.50617,4,drone1
0.248823,-0.358246,9.50951e-06,21.4548,-0.393865,0.174138,69.11,-0.120533,-0.0308579,0.00819242,-0.00119641,0,-0.691482,0.181828,0.503569,4,drone1
0.248813,-0.358253,9.9837e-06,21.4052,-0.44155,0.19313,69.0536,-0.0671235,-0.0304671,0.00819883,-0.00118022,0,-0.564953,0.184572,0.501205,4,drone1
0.24881,-0.358255,9.67939e-06,21.3634,-0.488051,0.209929,69.0078,-0.0139901,-0.0301592,0.00820413,-0.00116518,0,-0.458754,0.18528,0.497992,4,drone1
0.248816,-0.358249,9.9734e-06,21.3424,-0.534805,0.228234,70.1149,-0.00132839,-0.0662304,-0.00612376,-0.00934412,0,-0.578478,0.38705,-0.00458869,4,drone1
0.249958,-0.357975,1.02784e-05,20.956,-0.589875,0.245298,74.2986,-0.0400285,-0.152216,-0.0291209,-0.0168063,0,-0.698116,0.699579,-0.60734,4,drone1
0.250783,-0.358212,1.05762e-05,19.1271,-0.650868,0.245011,73.7734,0.0265405,-0.142222,0.00789916,-0.00064983,0,-5.25285,0.0563007,0.670558,4,drone1
0.251031,-0.357754,1.08144e-05,17.148,-0.712879,0.23897,75.9662,0.0710346,-0.187949,-0.0228225,0.00427457,0,-4.70048,0.556966,0.386952,4,drone1
0.248928,-0.358569,1.10789e-05,15.5084,-0.764103,0.230939,75.6551,0.137658,-0.173158,0.00775846,0.00075284,0,-3.11137,0.00138033,0.682369,4,drone1
0.249137,-0.358253,1.13972e-05,14.0361,-0.828634,0.225926,75.539,0.201987,-0.158763,0.00850237,-0.00109148,0,-1.16061,0.013918,0.659042,4,drone1
0.249237,-0.358078,1.176e-05,13.1939,-0.892946,0.228041,75.5817,0.265755,-0.144959,0.0082122,-0.000636346,0,0.427838,0.0277699,0.651863,4,drone1
0.249295,-0.35798,1.21584e-05,12.6902,-0.958631,0.234516,75.7044,0.32934,-0.132109,0.00804329,-0.000412724,0,1.22741,0.0401164,0.647451,4,drone1
0.24933,-0.357922,1.26045e-05,12.3809,-1.02646,0.243942,75.8652,0.393072,-0.120334,0.00794398,-0.000291009,0,1.60853,0.0514291,0.646037,4,drone1
0.249352,-0.357886,1.3105e-05,12.188,-1.09695,0.255523,76.0409,0.457247,-0.109644,0.00788293,-0.00022346,0,1.75716,0.0620051,0.647605,4,drone1
0.249366,-0.357864,1.36656e-05,12.0665,-1.17046,0.26879,76.2183,0.522144,-0.0999983,0.00784402,-0.000185955,0,1.7746,0.0720356,0.652104,4,drone1
0.249376,-0.35785,1.42926e-05,11.9894,-1.24734,0.28346,76.3902,0.588029,-0.0913278,0.00781832,-0.000165238,0,1.71893,0.0816587,0.659475,4,drone1
0.249382,-0.357842,1.49935e-05,11.9403,-1.32788,0.299366,76.5526,0.655165,-0.0835548,0.00780066,-0.000153649,0,1.62439,0.0909837,0.669669,4,drone1
0.249387,-0.357836,1.57766e-05,11.909,-1.41238,0.316418,76.7037,0.72381,-0.0765994,0.00778792,-0.000146629,0,1.51136,0.100102,0.682645,4,drone1
0.24939,-0.357833,1.66514e-05,11.8888,-1.50112,0.334574,76.8429,0.794223,-0.0703836,0.00777822,-0.000141429,0,1.39196,0.109093,0.698375,4,drone1
0.249393,-0.357831,1.76285e-05,11.8759,-1.59438,0.353826,76.9702,0.866662,-0.0648341,0.00777037,-0.000136378,0,1.27327,0.11803,0.716847,4,drone1
0.249395,-0.35783,1.87199e-05,11.8676,-1.69249,0.37419,77.0861,0.94139,-0.0598833,0.00776364,-0.000130467,0,1.1593,0.126977,0.73806,4,drone1
0.249397,-0.357829,1.99389e-05,11.8623,-1.79574,0.395702,77.1913,1.01867,-0.0554691,0.00775754,-0.000123091,0,1.05217,0.135997,0.762028,4,drone1
0.249398,-0.357828,2.13005e-05,11.8589,-1.90446,0.418407,77.2866,1.09878,-0.0515354,0.00775179,-0.000113891,0,0.952834,0.145148,0.788779,4,drone1
0.2494,-0.357828,2.28213e-05,11.8567,-2.019,0.442363,77.3728,1.18199,-0.0480314,0.00774618,-0.000102663,0,0.861561,0.154486,0.818352,4,drone1
0.249401,-0.357828,2.5003e-05,11.8554,-2.13821,0.468357,77.4507,1.26858,-0.0449115,0.00774057,-8.92881e-05,0,0.778212,0.164062,0.850802,4,drone1
0.249402,-0.357828,4.90761e-05,11.8541,-2.12611,0.375929,77.9292,1.28259,-0.07715,-2.60729e-05,-0.0156792,0,0.366893,0.250859,0.091086,4,drone1
0.252091,-0.35729,3.25602e-05,11.774,-2.02131,0.382101,77.9515,1.36824,-0.0628031,0.00775264,-0.000139542,0,0.226509,0.0403812,0.867401,4,drone1
0.252017,-0.357332,2.59786e-05,11.6655,-1.90825,0.365496,77.9796,1.43519,-0.0529342,0.00720066,0.00253136,0,0.283268,0.0447835,0.675313,4,drone1
0.252024,-0.357337,2.20646e-05,11.565,-1.80042,0.345277,78.0157,1.48405,-0.0451061,0.00724338,0.00244445,0,0.362726,0.0266211,0.494093,4,drone1
0.252019,-0.35735,1.96058e-05,11.4918,-1.69931,0.324961,78.0582,1.51706,-0.0386064,0.00725024,0.0024375,0,0.42626,0.00610589,0.336353,4,drone1
0.25201,-0.357352,9.90675e-06,11.4347,-1.59869,0.32598,78.1036,1.53646,-0.0330518,0.00726554,0.00241527,0,0.456216,-0.0134651,0.201322,4,drone1
0.252006,-0.357354,1.34678e-05,11.3844,-1.50676,0.315308,79.0307,1.49708,-0.0298099,0.000964214,-0.036241,0,0.884662,-0.333778,-0.323252,4,drone1
0.259098,-0.356017,1.48956e-05,11.2133,-1.45635,0.304612,78.9896,1.49944,-0.0283864,0.00730725,0.00225207,0,-0.410349,-0.0095687,0.0258115,4,drone1
0.259001,-0.356012,1.49659e-05,10.9709,-1.37792,0.284708,77.9842,1.49665,-0.00168471,0.00598805,0.00936548,0,-0.198503,-0.0146769,-0.0281389,4,drone1
0.257465,-0.356166,1.45644e-05,10.9812,-1.29705,0.26995,77.1107,1.48568,0.021852,0.00578401,0.00938049,0,1.04813,-0.00375996,-0.110151,4,drone1
0.255943,-0.356364,1.4029e-05,11.3091,-1.22015,0.262521,77.3019,1.46777,0.0172364,0.00585151,0.0079202,0,1.91039,0.00225994,-0.184894,4,drone1
0.255936,-0.356416,1.35392e-05,11.6747,-1.1553,0.25729,77.4411,1.44395,0.0130593,0.00615952,0.00633458,0,1.39114,-0.0142512,-0.241362,4,drone1
0.255912,-0.356458,1.30898e-05,11.9102,-1.09561,0.249669,77.5298,1.41606,0.0093508,0.00626862,0.0062602,0,0.88621,-0.0264261,-0.280186,4,drone1
0.255898,-0.356485,1.26934e-05,12.0601,-1.04071,0.240941,79.195,1.34387,-0.0967705,-0.00873549,-0.0184551,0,0.55303,0.489038,-0.846916,4,drone1
0.259005,-0.356045,1.24374e-05,11.8497,-1.00623,0.229677,79.0698,1.3145,-0.0890227,0.00656944,0.00595939,0,-1.25144,-0.128452,-0.275299,4,drone1
0.25899,-0.355997,1.21305e-05,11.4472,-0.961391,0.213208,77.9804,1.28573,-0.059213,0.00614556,0.00910525,0,-0.91611,-0.122822,-0.283117,4,drone1
0.257524,-0.356129,1.18274e-05,11.365,-0.912194,0.201904,77.0536,1.25458,-0.0335408,0.00586184,0.00923715,0,0.574911,-0.103036,-0.305133,4,drone1
0.256041,-0.356318,1.15536e-05,11.646,-0.865305,0.196925,77.2119,1.22064,-0.0328055,0.0058735,0.0078669,0,1.58323,-0.0872782,-0.328019,4,drone1
0.256036,-0.356368,1.13438e-05,11.9838,-0.828698,0.19449,79.6905,1.11842,-0.11655,-0.0137522,-0.0219512,0,1.29569,0.0977882,-1.04835,4,drone1
0.259533,-0.355961,1.12422e-05,11.7555,-0.813756,0.187887,79.9943,1.08897,-0.11593,0.00650727,0.00600968,0,-1.6714,-0.144057,-0.264604,4,drone1
0.258038,-0.356257,1.10466e-05,11.1334,-0.779115,0.171835,83.1887,1.05333,-0.16999,0.00621663,0.00950592,0,-1.74699,-0.139819,-0.252271,4,drone1
0.254361,-0.357292,1.08113e-05,10.0672,-0.737607,0.149379,85.9205,1.01584,-0.212206,0.00682211,0.00769718,0,-4.31873,-0.179624,-0.254955,4,drone1
0.242533,-0.35943,1.04379e-05,8.3813,-0.660372,0.115644,91.3769,0.965513,-0.297565,0.00769162,0.00373262,0,-5.98401,-0.214423,-0.22869,4,drone1
0.229441,-0.361465,1.00704e-05,5.76401,-0.579177,0.0766725,99.402,0.88404,-0.415642,0.00802798,-0.0088173,0,-9.75405,-0.275242,-0.284332,4,drone1
0.242895,-0.360799,1.02658e-05,2.1142,-0.627591,0.0413561,106.828,0.788862,-0.506829,0.00570425,-0.0227205,0,-15.1614,-0.347814,-0.34374,4,drone1
0.258429,-0.360816,1.05058e-05,-2.36891,-0.685635,-0.0101683,113.145,0.705184,-0.566169,0.00794095,-0.0100979,0,-18.9371,-0.427274,-0.27744,4,drone1
0.274397,-0.361976,1.07883e-05,-7.42554,-0.743158,-0.0785234,120.056,0.520487,-0.610702,-0.0213616,-0.00951917,0,-20.8845,-0.0338149,-1.09846,4,drone1
0.280233,-0.36192,1.08949e-05,-14.2917,-0.743032,-0.170463,126.793,0.456345,-0.634484,0.0205095,0.0180487,0,-22.6244,-0.63358,-0.08315,4,drone1
0.267901,-0.357497,1.04874e-05,-23.1433,-0.640482,-0.254089,133.542,0.39699,-0.647276,0.0226663,0.0235005,0,-22.4959,-0.683886,-0.1066,4,drone1
0.258709,-0.352284,1.02506e-05,-33.6383,-0.534719,-0.33402,140.502,0.333512,-0.648418,0.0133556,0.0142738,0,-20.3954,-0.663742,-0.203996,4,drone1
0.253586,-0.347797,3.46687e-05,-46.337,-0.387876,-0.455634,147.815,0.26863,-0.638187,0.00480557,0.00775996,0,-16.8615,-0.635389,-0.279345,4,drone1
0.256233,-0.351108,1.16622e-05,-59.6935,-0.295971,-0.548017,151.108,0.255198,-0.590889,-0.00133567,0.00399941,0,-11.4776,-0.628435,-0.432425,4,drone1
0.261584,-0.364942,1.0601e-05,-71.8709,-0.201516,-0.673873,159.966,0.195792,-0.560676,0.00137598,0.00625272,0,-1.41376,-0.616561,-0.384906,4,drone1
0.264906,-0.379032,1.07532e-05,-82.273,-0.0877255,-0.778226,167.092,0.175753,-0.519294,0.0146847,0.0121138,0,1.9054,-0.675655,-0.391689,4,drone1
0.265149,-0.388044,1.10853e-05,-92.301,0.0514658,-0.837575,167.513,0.322319,-0.498235,0.0542101,0.0142377,0,1.94449,-1.49521,0.142924,4,drone1
0.267069,-0.377289,1.11408e-05,-100.663,0.166188,-0.783614,171.133,0.348504,-0.450107,0.0330824,0.0243891,0,14.7912,-0.620934,-0.410745,4,drone1
0.269547,-0.369693,1.09714e-05,-106.437,0.238278,-0.743303,175.889,0.36331,-0.41046,0.0201731,0.025228,0,19.5346,-0.525533,-0.411096,4,drone1
0.27144,-0.364939,1.09475e-05,-110.636,0.290446,-0.719578,-178.931,0.374422,-0.377641,0.011737,0.0252187,0,20.5518,-0.453406,-0.415521,4,drone1
0.272582,-0.362333,1.09838e-05,-114.072,0.336512,-0.708676,-173.72,0.385849,-0.350162,0.00705226,0.0251935,0,19.5718,-0.400303,-0.421223,4,drone1
0.273165,-0.361091,1.10704e-05,-117.3,0.384156,-0.704642,-168.646,0.399419,-0.327069,0.00499932,0.0252437,0,17.7965,-0.361624,-0.427884,4,drone1
0.273379,-0.360654,1.11976e-05,-120.521,0.435767,-0.703381,-163.753,0.415763,-0.307742,0.00445708,0.02528,0,15.9508,-0.332343,-0.436159,4,drone1
0.273325,-0.360702,1.13593e-05,-123.759,0.491576,-0.702741,-159.043,0.435005,-0.291746,0.00471962,0.0252284,0,14.2788,-0.308581,-0.446507,4,drone1
0.273054,-0.361054,1.15535e-05,-126.997,0.551368,-0.701574,-154.507,0.457096,-0.278747,0.00542679,0.0250456,0,12.8073,-0.287878,-0.4591,4,drone1
0.272598,-0.3616,1.17804e-05,-130.217,0.614951,-0.699117,-150.136,0.481936,-0.268471,0.00639395,0.024709,0,11.5098,-0.268719,-0.473934,4,drone1
0.271985,-0.362262,7.61285e-06,-133.407,0.675673,-0.7009,-145.922,0.509424,-0.260683,0.00750927,0.0242126,0,10.3595,-0.250097,-0.490901,4,drone1
0.270871,-0.363349,5.89148e-06,-136.582,0.737593,-0.703369,-141.854,0.539527,-0.256072,0.00869609,0.023565,0,9.33553,-0.236286,-0.502403,4,drone1
0.269868,-0.364224,1.03275e-05,-139.803,0.809057,-0.701105,-137.92,0.572054,-0.254796,0.0103027,0.0224728,0,8.4424,-0.224337,-0.513422,4,drone1
0.268974,-0.364909,2.70446e-05,-142.944,0.929338,-0.643612,-134.103,0.60702,-0.256158,0.0115844,0.0214526,0,7.73098,-0.210753,-0.532124,4,drone1
0.26774,-0.365698,2.03218e-05,-146.042,1.00594,-0.639038,-131.087,0.594272,-0.227555,0.000373994,0.0258421,0,6.7146,0.37185,-0.378969,4,drone1
0.264512,-0.36775,1.6858e-05,-148.804,1.09503,-0.635432,-127.428,0.641139,-0.227221,0.013526,0.0193609,0,7.13697,-0.199309,-0.639405,4,drone1
0.263536,-0.368356,1.56131e-05,-151.362,1.17816,-0.62057,-123.887,0.691177,-0.230217,0.0162197,0.0161433,0,6.24011,-0.182589,-0.667478,4,drone1
0.263049,-0.368602,1.55291e-05,-154.181,1.26694,-0.592262,-120.458,0.742913,-0.236182,0.0171849,0.0149303,0,5.25864,-0.151107,-0.690009,4,drone1
0.262585,-0.368792,1.59782e-05,-157.032,1.36007,-0.556626,-117.112,0.796085,-0.244372,0.0176224,0.0142629,0,4.64956,-0.114266,-0.713208,4,drone1
0.261504,-0.369318,8.70349e-06,-159.853,1.45122,-0.534504,-113.843,0.850841,-0.254368,0.0179626,0.0136415,0,4.15501,-0.0746353,-0.738059,4,drone1
0.26074,-0.369546,2.29545e-05,-162.634,1.56554,-0.458946,-110.633,0.907516,-0.268158,0.0186595,0.0124372,0,3.70781,-0.0517197,-0.757358,4,drone1
0.25994,-0.369679,1.96809e-05,-165.279,1.6683,-0.417044,-107.497,0.966432,-0.280017,0.0190097,0.0115238,0,3.27994,0.0220674,-0.801058,4,drone1
0.259178,-0.369868,2.1305e-05,-167.837,1.77548,-0.360524,-104.449,1.02803,-0.294103,0.019272,0.0105469,0,2.78905,0.059167,-0.827669,4,drone1
0.258386,-0.37001,2.18574e-05,-170.451,1.88616,-0.296622,-101.475,1.09222,-0.309507,0.01957,0.00960541,0,2.29937,0.109295,-0.85663,4,drone1
0.257562,-0.370107,2.26128e-05,-173.079,2.00042,-0.223437,-98.568,1.15924,-0.32626,0.0197856,0.00867245,0,1.94072,0.159886,-0.885402,4,drone1
0.256709,-0.370162,2.37604e-05,-175.703,2.11793,-0.14051,-95.7208,1.22935,-0.344193,0.0199346,0.00773193,0,1.66164,0.213692,-0.914582,4,drone1
0.255859,-0.370175,3.19442e-05,-178.309,2.18913,-0.0313848,-92.9296,1.30016,-0.363378,0.020026,0.00678888,0,1.43846,0.271858,-0.917468,4,drone1
0.254969,-0.370147,2.59592e-05,179.119,2.07017,0.0562597,-90.1919,1.36932,-0.381777,0.0200584,0.00586169,0,1.25299,0.350673,-0.895031,4,drone1
0.254063,-0.370079,2.26551e-05,176.565,1.95476,0.138037,-87.2706,1.41546,-0.416942,0.0221008,0.00873313,0,0.773321,0.316522,-0.671595,4,drone1
0.252373,-0.369893,2.06361e-05,174.004,1.84788,0.213242,-84.6557,1.4514,-0.435374,0.0200016,0.00391418,0,0.717917,0.462585,-0.540293,4,drone1
0.251486,-0.369754,1.92165e-05,171.447,1.74193,0.280629,-82.0803,1.47329,-0.453029,0.0198225,0.00222539,0,0.662365,0.490125,-0.382477,4,drone1
0.250753,-0.369604,1.81285e-05,168.927,1.64028,0.339625,-79.5354,1.48291,-0.469344,0.0196806,0.00135218,0,0.64278,0.506712,-0.241695,4,drone1
0.250025,-0.369424,1.72322e-05,166.442,1.54378,0.390999,-77.0211,1.4822,-0.483871,0.0195273,0.000629838,0,0.617732,0.514033,-0.119096,4,drone1
0.249281,-0.369207,1.64639e-05,163.994,1.4526,0.435628,-74.5379,1.47298,-0.496319,0.0193442,-9.05212e-05,0,0.586732,0.513689,-0.0136388,4,drone1
0.248529,-0.368954,1.57943e-05,161.579,1.36669,0.474379,-72.0859,1.45682,-0.506531,0.0191253,-0.000829411,0,0.551487,0.507183,0.0762074,4,drone1
0.247778,-0.368667,1.52078e-05,159.195,1.28592,0.508064,-74.1151,1.51392,-0.326618,-0.0125085,0.0131799,0,0.249684,1.33518,0.00970227,4,drone1
0.246585,-0.368839,1.46924e-05,158.278,1.22433,0.50731,-71.2795,1.48612,-0.354778,0.0187082,-0.000880731,0,4.92228,0.294002,0.201694,4,drone1
0.245577,-0.368067,1.42241e-05,157.78,1.17159,0.498153,-68.5681,1.45437,-0.380661,0.0189024,-0.00267623,0,3.00421,0.300501,0.253038,4,drone1
0.244845,-0.367566,1.38659e-05,156.091,1.11212,0.512925,-66.1254,1.42074,-0.401251,0.018028,-0.00441184,0,0.791282,0.304609,0.295412,4,drone1
0.244409,-0.367293,1.35208e-05,153.949,1.05163,0.534328,-63.7902,1.38536,-0.417559,0.0174651,-0.00536784,0,0.0382616,0.304093,0.329987,4,drone1
0.244067,-0.367089,1.32111e-05,151.685,0.993608,0.556,-61.4944,1.34859,-0.430346,0.0171689,-0.00585046,0,-0.154997,0.300027,0.358028,4,drone1
0.243709,-0.366868,1.29435e-05,149.406,0.939318,0.5765,-59.219,1.31103,-0.440024,0.0169557,-0.00618921,0,-0.186914,0.293905,0.379561,4,drone1
0.243307,-0.366603,1.27162e-05,147.138,0.888936,0.595886,-56.9609,1.27334,-0.446893,0.0167301,-0.00653417,0,-0.183414,0.286708,0.394935,4,drone1
0.242866,-0.36629,1.25255e-05,144.886,0.842268,0.614493,-54.7202,1.23609,-0.451235,0.016461,-0.00692275,0,-0.173368,0.279058,0.404833,4,drone1
0.242401,-0.365935,1.23674e-05,142.65,0.799038,0.632657,-52.4975,1.19979,-0.453331,0.016145,-0.00734995,0,-0.16163,0.271388,0.410038,4,drone1
0.241927,-0.365544,1.22386e-05,140.433,0.758966,0.650694,-50.293,1.16484,-0.453459,0.0157868,-0.00780136,0,-0.149252,0.264033,0.411301,4,drone1
0.241453,-0.365123,1.21366e-05,138.235,0.721776,0.668896,-48.1068,1.13158,-0.451889,0.0153928,-0.00826358,0,-0.136891,0.257267,0.409304,4,drone1
0.240987,-0.364677,1.20594e-05,136.056,0.687201,0.687544,-45.939,1.10028,-0.448881,0.0149688,-0.00872618,0,-0.125021,0.251321,0.404649,4,drone1
0.240535,-0.364211,1.20053e-05,133.896,0.654975,0.706896,-43.7894,1.07116,-0.444674,0.01452,-0.00918144,0,-0.11393,0.246383,0.397871,4,drone1
0.2401,-0.363728,1.19734e-05,131.756,0.624838,0.727199,-36.7293,0.875405,-0.618037,0.0552086,-0.0231672,0,6.81161e-05,-1.27196,0.594868,4,drone1
0.236224,-0.359338,1.08748e-05,127.56,0.585576,0.787162,-35.1088,0.864232,-0.588465,0.0126499,-0.0111767,0,-5.02186,0.448815,0.441025,4,drone1
0.236626,-0.359409,1.16518e-05,123.204,0.521244,0.827928,-33.2196,0.855823,-0.561698,0.00857623,-0.0142742,0,-2.44676,0.443746,0.407905,4,drone1
0.236955,-0.359774,1.19823e-05,120.819,0.48506,0.848114,-31.1185,0.847946,-0.536379,0.0092456,-0.0134766,0,0.0193939,0.419545,0.398123,4,drone1
0.23697,-0.359758,1.21038e-05,118.699,0.455237,0.869303,-29.006,0.841623,-0.513006,0.0096709,-0.0130922,0,0.30365,0.396742,0.388756,4,drone1
0.236863,-0.359528,1.21774e-05,116.63,0.427489,0.893083,-26.9049,0.837268,-0.491595,0.00965313,-0.0130703,0,0.310705,0.379449,0.377704,4,drone1
0.23671,-0.359186,1.2257e-05,114.582,0.400628,0.919436,-24.82,0.835084,-0.472029,0.00941081,-0.0131788,0,0.278234,0.366744,0.366324,4,drone1
0.236544,-0.35878,1.23595e-05,112.548,0.374093,0.948338,-22.7525,0.835182,-0.454189,0.00905597,-0.0133335,0,0.241513,0.357879,0.355359,4,drone1
0.236379,-0.358332,1.24896e-05,110.528,0.347506,0.979809,-20.7028,0.837637,-0.437974,0.00863678,-0.0135011,0,0.207929,0.352396,0.345213,4,drone1
0.236222,-0.357856,1.26484e-05,108.522,0.320546,1.01389,-18.6709,0.842507,-0.423293,0.00817623,-0.0136671,0,0.178367,0.349971,0.336153,4,drone1
0.236077,-0.35736,1.28372e-05,106.531,0.292907,1.05063,-16.6567,0.849846,-0.410069,0.00768746,-0.0138239,0,0.152431,0.350345,0.328383,4,drone1
0.235948,-0.356852,1.30575e-05,104.554,0.26429,1.09009,-14.66,0.859707,-0.398232,0.00717926,-0.0139671,0,0.129532,0.353298,0.322074,4,drone1
0.235837,-0.356335,1.33117e-05,102.594,0.234396,1.13232,-12.6806,0.872142,-0.387724,0.00665807,-0.0140938,0,0.109111,0.358636,0.317377,4,drone1
0.235743,-0.355815,1.36028e-05,100.648,0.202924,1.17738,-10.7182,0.887208,-0.37849,0.0061288,-0.0142025,0,0.0906787,0.366183,0.314429,4,drone1
0.235668,-0.355294,1.39341e-05,98.7188,0.169571,1.22532,-8.7727,0.904967,-0.370484,0.0055953,-0.0142923,0,0.0738144,0.375778,0.313353,4,drone1
0.235612,-0.354774,1.43096e-05,96.805,0.13403,1.27619,-6.84377,0.925484,-0.363665,0.00506057,-0.0143627,0,0.0581544,0.387273,0.314264,4,drone1
0.235574,-0.354258,1.4734e-05,94.907,0.0959876,1.33002,-4.93122,0.948832,-0.357994,0.00452702,-0.0144136,0,0.0433894,0.400532,0.317272,4,drone1
0.235554,-0.353747,1.52124e-05,93.0249,0.0551239,1.38685,-3.03486,0.975091,-0.353441,0.00399657,-0.0144451,0,0.0292665,0.415426,0.322481,4,drone1
0.235553,-0.353243,1.57506e-05,91.1585,0.0111102,1.44673,-1.15452,1.00435,-0.349976,0.00347077,-0.0144576,0,0.0155997,0.431835,0.329993,4,drone1
0.235568,-0.352746,1.63552e-05,89.3077,-0.0363927,1.50966,0.709966,1.0367,-0.347575,0.00295091,-0.0144515,0,0.0022864,0.449644,0.339905,4,drone1
0.2356,-0.352258,1.70336e-05,87.4723,-0.0877369,1.57569,2.55875,1.07225,-0.346216,0.00243807,-0.0144271,0,-0.010675,0.468744,0.352317,4,drone1
0.235648,-0.351778,1.77941e-05,85.652,-0.143289,1.64482,4.39197,1.11111,-0.345882,0.00193319,-0.0143849,0,-0.0231723,0.489032,0.367327,4,drone1
0.235712,-0.351309,1.86458e-05,83.8462,-0.203431,1.71705,6.20979,1.15341,-0.346556,0.00143708,-0.0143256,0,-0.0349815,0.510408,0.385035,4,drone1
0.23579,-0.35085,1.95992e-05,82.0544,-0.268562,1.79239,8.01239,1.19927,-0.348226,0.000950459,-0.0142498,0,-0.0457914,0.532774,0.405541,4,drone1
0.235882,-0.350402,2.06659e-05,80.2763,-0.339097,1.87083,9.79998,1.24884,-0.350884,0.000473977,-0.014158,0,-0.0552539,0.556036,0.428952,4,drone1
0.235987,-0.349965,2.18588e-05,78.5112,-0.415465,1.95233,11.5728,1.30228,-0.354521,8.18117e-06,-0.0140511,0,-0.0630542,0.580102,0.455374,4,drone1
0.236105,-0.34954,2.31925e-05,76.7591,-0.498109,2.03688,13.3311,1.35975,-0.359135,-0.00044648,-0.0139297,0,-0.0689831,0.604879,0.48492,4,drone1
0.236238,-0.349141,2.70144e-05,75.0208,-0.590164,2.11547,15.0751,1.42143,-0.364723,-0.000889664,-0.0137946,0,-0.0729864,0.630275,0.517709,4,drone1
0.236392,-0.348771,2.22098e-05,73.3134,-0.62085,2.01516,16.8039,1.48673,-0.370766,-0.00130471,-0.0136421,0,-0.076197,0.647238,0.556569,4,drone1
0.236543,-0.348376,2.2066e-05,71.6103,-0.64985,1.89579,18.5143,1.53659,-0.378471,-0.00165847,-0.0134817,0,-0.0967037,0.483594,0.530507,4,drone1
0.236704,-0.347981,2.10301e-05,69.9138,-0.672861,1.7849,20.6064,1.57796,-0.396968,-0.000429757,-0.017219,0,-0.238002,0.412821,0.539932,4,drone1
0.237151,-0.347034,1.99295e-05,68.0988,-0.696844,1.68295,22.2496,1.59802,-0.403808,-0.00249198,-0.0131413,0,-0.498033,0.1623,0.485721,4,drone1
0.237284,-0.346689,1.89048e-05,66.2609,-0.717306,1.5848,23.8905,1.60729,-0.409928,-0.00337614,-0.0126921,0,-0.326038,0.0469817,0.45623,4,drone1
0.237404,-0.346438,1.80178e-05,64.5488,-0.73174,1.49448,25.5438,1.60719,-0.415448,-0.00365747,-0.0125652,0,-0.129001,-0.052543,0.425893,4,drone1
0.237552,-0.346168,1.72642e-05,62.8881,-0.743277,1.41134,27.1942,1.59937,-0.420142,-0.0038769,-0.0124467,0,-0.0705637,-0.135811,0.396545,4,drone1
0.237723,-0.345876,1.66193e-05,61.2471,-0.753269,1.33466,28.8356,1.58533,-0.423838,-0.00412791,-0.0122971,0,-0.0605512,-0.2042,0.36868,4,drone1
0.23791,-0.345575,1.60639e-05,59.6177,-0.762318,1.26397,30.4667,1.56639,-0.42645,-0.00440374,-0.0121239,0,-0.0614541,-0.259499,0.342505,4,drone1
0.238109,-0.345272,1.55846e-05,57.9983,-0.77082,1.19889,32.0873,1.54365,-0.427952,-0.00469084,-0.0119347,0,-0.0635648,-0.303387,0.318185,4,drone1
0.238318,-0.34497,1.51719e-05,56.3888,-0.779121,1.13908,33.6977,1.51812,-0.42836,-0.00498121,-0.0117337,0,-0.0653517,-0.337357,0.295861,4,drone1
0.238535,-0.344674,1.48184e-05,54.7891,-0.787547,1.08421,35.2981,1.49064,-0.427716,-0.00527047,-0.0115229,0,-0.0668279,-0.362731,0.275654,4,drone1
0.238759,-0.344384,1.45181e-05,53.1991,-0.796401,1.03399,36.8888,1.46198,-0.426085,-0.00555597,-0.0113038,0,-0.0681195,-0.380685,0.257654,4,drone1
0.238989,-0.344101,1.42661e-05,51.6185,-0.805972,0.988101,38.4699,1.43278,-0.423548,-0.00583592,-0.0110776,0,-0.0693023,-0.392265,0.241924,4,drone1
0.239225,-0.343827,1.40583e-05,50.0471,-0.816526,0.946259,40.0418,1.40361,-0.420194,-0.00610911,-0.010845,0,-0.0704173,-0.398403,0.228507,4,drone1
0.239466,-0.343562,1.38912e-05,48.4849,-0.828317,0.908178,41.6046,1.37497,-0.416119,-0.00637468,-0.0106069,0,-0.0714876,-0.399931,0.217426,4,drone1
0.23971,-0.343307,1.37622e-05,46.9316,-0.841582,0.873581,43.1585,1.34727,-0.411424,-0.00663203,-0.0103638,0,-0.0725259,-0.397585,0.208687,4,drone1
0.239959,-0.343061,1.3669e-05,45.387,-0.856549,0.8422,44.7037,1.32089,-0.406207,-0.00688076,-0.0101162,0,-0.0735384,-0.392026,0.202284,4,drone1
0.24021,-0.342824,1.361e-05,43.8509,-0.873432,0.813771,46.2404,1.29615,-0.400569,-0.00712061,-0.0098647,0,-0.0745277,-0.383837,0.198201,4,drone1
0.240465,-0.342598,1.35841e-05,42.3233,-0.892437,0.788036,47.7687,1.27333,-0.394605,-0.00735141,-0.00960954,0,-0.0754946,-0.373539,0.196414,4,drone1
0.240722,-0.342381,1.35905e-05,40.8039,-0.91376,0.764742,49.2888,1.25265,-0.38841,-0.00757306,-0.00935111,0,-0.076439,-0.361596,0.196894,4,drone1
0.240981,-0.342173,1.36292e-05,39.2926,-0.937593,0.743639,50.8008,1.23434,-0.38207,-0.00778552,-0.00908968,0,-0.0773609,-0.348422,0.199607,4,drone1
0.241242,-0.341975,1.37004e-05,37.7893,-0.96412,0.724481,52.3048,1.21857,-0.375671,-0.00798876,-0.00882555,0,-0.0782606,-0.334382,0.204518,4,drone1
0.241505,-0.341787,1.38047e-05,36.2939,-0.993522,0.707026,51.6148,1.2371,-0.327778,-0.00287179,0.0121019,0,-0.299363,-0.181078,0.319621,4,drone1
0.23932,-0.343544,1.38144e-05,35.8048,-1.00156,0.700015,53.3219,1.22409,-0.326507,-0.00804553,-0.00860349,0,2.10527,-0.283436,0.181714,4,drone1
0.239879,-0.342999,1.40222e-05,35.3459,-1.02618,0.705423,54.8863,1.21317,-0.324536,-0.0064358,-0.0105873,0,0.887215,-0.278644,0.184891,4,drone1
0.240678,-0.342423,1.42453e-05,33.9909,-1.06663,0.697212,56.3507,1.20601,-0.322687,-0.00718324,-0.0098957,0,-0.217962,-0.262559,0.204109,4,drone1
0.24132,-0.342008,1.45125e-05,32.5375,-1.1112,0.687307,57.7951,1.20257,-0.320615,-0.00777209,-0.00907229,0,-0.327236,-0.24662,0.226429,4,drone1
0.241845,-0.341693,1.4819e-05,31.078,-1.15909,0.677314,59.2292,1.2028,-0.318387,-0.00818024,-0.00842115,0,-0.317922,-0.232044,0.249277,4,drone1
0.242296,-0.341441,1.51694e-05,29.6267,-1.21052,0.66744,60.6555,1.20668,-0.316125,-0.00848781,-0.007889,0,-0.292148,-0.218654,0.272915,4,drone1
0.242696,-0.341232,1.55687e-05,28.1858,-1.26574,0.657595,62.0747,1.21422,-0.313938,-0.00873333,-0.00743157,0,-0.26683,-0.206403,0.297653,4,drone1
0.243059,-0.341055,1.60225e-05,26.755,-1.32503,0.647593,63.4873,1.22549,-0.31192,-0.00893659,-0.00702412,0,-0.244837,-0.195328,0.323692,4,drone1
0.243396,-0.340903,1.65367e-05,25.3335,-1.38862,0.637214,63.8214,1.12104,-0.229477,0.0187217,-0.043479,0,-0.0674694,-1.26058,-0.517918,4,drone1
0.252103,-0.336991,1.7524e-05,24.229,-1.49345,0.652194,65.3283,1.15367,-0.232841,-0.00913811,-0.00647736,0,0.859221,-0.0447992,0.455082,4,drone1
0.252322,-0.336832,1.82406e-05,23.262,-1.56147,0.651387,66.7893,1.19321,-0.236618,-0.0131695,0.0022818,0,0.458031,-0.0314368,0.518002,4,drone1
0.250897,-0.337406,1.88979e-05,22.0044,-1.63021,0.63911,68.2244,1.23491,-0.241596,-0.0133091,0.0026257,0,-0.0352008,-0.0398408,0.539452,4,drone1
0.249455,-0.337967,1.96434e-05,20.6514,-1.70537,0.623247,69.6627,1.27814,-0.247571,-0.0127317,0.00125101,0,-0.211987,-0.0522256,0.55635,4,drone1
0.248335,-0.338378,2.05067e-05,19.2553,-1.78814,0.605294,71.1071,1.32327,-0.254333,-0.0121752,-0.000161587,0,-0.2965,-0.0651237,0.577102,4,drone1
0.247545,-0.338651,2.15008e-05,17.8346,-1.87854,0.585208,72.5559,1.37086,-0.261732,-0.0117692,-0.00126022,0,-0.34389,-0.0781726,0.603061,4,drone1
0.247025,-0.338823,2.2636e-05,16.3991,-1.9764,0.562617,74.0067,1.42143,-0.269663,-0.0114999,-0.00203148,0,-0.371057,-0.0917291,0.63389,4,drone1
0.246712,-0.338924,2.39241e-05,14.9549,-2.08153,0.537086,75.4573,1.47544,-0.278066,-0.011331,-0.00253365,0,-0.385289,-0.106237,0.668973,4,drone1
0.24659,-0.338985,2.74969e-05,13.5131,-2.11271,0.48202,76.9062,1.53327,-0.286907,-0.0112303,-0.0028288,0,-0.390695,-0.122097,0.707759,4,drone1
0.246549,-0.339007,2.34532e-05,12.0746,-2.02446,0.413037,84.3997,1.55035,-0.581438,-0.0581629,-0.00730176,0,-0.050726,1.09724,0.438986,4,drone1
0.245649,-0.338479,2.15146e-05,9.54719,-1.94575,0.308815,85.2328,1.58786,-0.563678,-0.0113837,-0.00182459,0,-6.44322,-0.551643,0.552233,4,drone1
0.245649,-0.338696,2.03921e-05,6.43497,-1.8762,0.193492,86.3143,1.61069,-0.549577,-0.0119119,-0.00303794,0,-4.75217,-0.553455,0.40958,4,drone1
0.245936,-0.338792,1.95433e-05,3.71594,-1.80823,0.0993167,87.5526,1.62261,-0.53515,-0.0115636,-0.00349147,0,-2.72442,-0.555848,0.291851,4,drone1
0.246383,-0.338838,1.88125e-05,1.23983,-1.74345,0.0195715,88.9042,1.62578,-0.520864,-0.011355,-0.00352684,0,-1.24596,-0.553549,0.192451,4,drone1
0.2469,-0.338864,1.81672e-05,-1.05372,-1.68252,-0.0491423,90.3416,1.62197,-0.506936,-0.0112278,-0.00332557,0,-0.123294,-0.547275,0.108902,4,drone1
0.247439,-0.338885,1.76001e-05,-3.19245,-1.62583,-0.108913,91.8445,1.61268,-0.493458,-0.0111513,-0.00299914,0,0.731362,-0.537916,0.0391427,4,drone1
0.247973,-0.33891,1.71076e-05,-5.18908,-1.57365,-0.161185,93.3959,1.59918,-0.480448,-0.0111056,-0.00260823,0,1.36613,-0.526321,-0.0185067,4,drone1
0.248493,-0.338944,1.66856e-05,-7.05182,-1.52621,-0.207127,94.9805,1.58258,-0.467878,-0.0110766,-0.00218446,0,1.81069,-0.513256,-0.0654519,4,drone1
0.248991,-0.338991,1.63291e-05,-8.79069,-1.48364,-0.247832,96.5841,1.56383,-0.455687,-0.0110528,-0.00174453,0,2.0885,-0.499398,-0.102902,4,drone1
0.249466,-0.339054,1.60331e-05,-10.4202,-1.44599,-0.284396,98.194,1.54377,-0.443799,-0.0110252,-0.00129858,0,2.22367,-0.485343,-0.13192,4,drone1
0.249917,-0.339132,1.57933e-05,-11.959,-1.4132,-0.317899,99.7996,1.52315,-0.432138,-0.0109877,-0.000854493,0,2.24343,-0.47161,-0.153447,4,drone1
0.250343,-0.339224,1.56057e-05,-13.4274,-1.38516,-0.349364,101.392,1.50259,-0.42063,-0.0109372,-0.000419584,0,2.17714,-0.458647,-0.168334,4,drone1
0.250745,-0.339328,1.54673e-05,-14.8448,-1.3617,-0.379698,102.967,1.48266,-0.40922,-0.0108736,-6.16395e-07,0,2.05345,-0.446844,-0.177344,4,drone1
0.251123,-0.33944,1.53758e-05,-16.2272,-1.34265,-0.409669,104.733,1.5281,-0.439728,-0.00672396,0.025565,0,1.8748,-0.219809,0.539994,4,drone1
0.24654,-0.338084,1.51029e-05,-17.6433,-1.30375,-0.433694,106.242,1.5034,-0.425792,-0.0107124,0.000807837,0,1.51571,-0.45147,-0.254826,4,drone1
0.246952,-0.338224,1.51117e-05,-19.0638,-1.29281,-0.465961,107.724,1.479,-0.411657,-0.0119778,-0.00383948,0,1.42472,-0.435794,-0.266458,4,drone1
0.248256,-0.338696,1.51939e-05,-20.4278,-1.29037,-0.499951,109.178,1.45793,-0.397182,-0.0118772,-0.00346083,0,1.36539,-0.429553,-0.248605,4,drone1
0.249511,-0.339186,1.53196e-05,-21.755,-1.29168,-0.534973,110.605,1.44084,-0.382496,-0.0114697,-0.00218208,0,1.27724,-0.42711,-0.22429,4,drone1
0.250552,-0.339622,1.54823e-05,-23.055,-1.2958,-0.571191,112.008,1.42782,-0.367737,-0.0110442,-0.00095802,0,1.17983,-0.427248,-0.198821,4,drone1
0.251394,-0.340001,1.56832e-05,-24.3345,-1.30266,-0.608988,113.388,1.41889,-0.353003,-0.010669,4.29982e-05,0,1.08039,-0.429896,-0.173209,4,drone1
0.252079,-0.340329,1.59262e-05,-25.5982,-1.31234,-0.648784,114.75,1.4141,-0.33835,-0.0103518,0.000832468,0,0.982737,-0.435269,-0.147508,4,drone1
0.252648,-0.34062,1.62155e-05,-26.8498,-1.32492,-0.690983,116.093,1.41351,-0.323796,-0.0100859,0.00145276,0,0.889465,-0.443633,-0.121617,4,drone1
0.253133,-0.340884,1.65559e-05,-28.0918,-1.34043,-0.735966,117.421,1.41724,-0.309335,-0.00986238,0.00194329,0,0.802254,-0.455251,-0.0954589,4,drone1
0.253558,-0.341129,1.69527e-05,-29.326,-1.35888,-0.784093,117.492,1.43252,-0.264304,-0.00967286,0.00233485,0,0.722057,-0.470369,-0.0690051,4,drone1
0.253385,-0.340889,1.73932e-05,-30.034,-1.38474,-0.821467,117.68,1.45101,-0.222141,-0.00956732,0.00244408,0,1.89061,-0.459595,-0.0237942,4,drone1
0.253346,-0.340828,1.78829e-05,-30.1627,-1.4237,-0.848256,119.17,1.46749,-0.213957,-0.00991398,0.00203079,0,2.41718,-0.452965,0.017049,4,drone1
0.253974,-0.341338,1.84803e-05,-30.7122,-1.46429,-0.890785,120.532,1.48885,-0.205367,-0.0100333,0.00206636,0,1.06369,-0.483839,0.0368867,4,drone1
0.254516,-0.341714,1.91871e-05,-31.8292,-1.49923,-0.951793,120.557,1.52059,-0.163562,-0.00961838,0.00266046,0,0.261512,-0.521083,0.0621813,4,drone1
0.254338,-0.341483,1.99488e-05,-32.5004,-1.54124,-1.00326,120.692,1.55693,-0.123315,-0.00943821,0.00282315,0,1.36305,-0.529992,0.114068,4,drone1
0.254303,-0.341431,2.07873e-05,-32.5973,-1.59839,-1.04345,120.769,1.59343,-0.0963611,0.00303913,0.00810191,0,0.778538,-0.416884,0.178859,4,drone1
0.254302,-0.341424,2.17452e-05,-32.6084,-1.66236,-1.08477,122.207,1.63713,-0.0913316,-0.0100652,0.00202454,0,1.94288,-0.574009,0.203938,4,drone1
0.255034,-0.342027,2.2862e-05,-33.161,-1.72475,-1.14831,123.506,1.68697,-0.0848058,-0.0102155,0.00199236,0,0.530902,-0.634027,0.22016,4,drone1
0.25567,-0.342492,2.41458e-05,-34.2993,-1.77861,-1.23483,124.716,1.74389,-0.0760752,-0.009798,0.00254499,0,-0.199597,-0.70135,0.243796,4,drone1
0.256138,-0.342898,2.24529e-05,-35.5078,-1.74345,-1.2621,124.689,1.81034,-0.0281014,-0.00955699,0.00284667,0,-0.253027,-0.773157,0.271648,4,drone1
0.255946,-0.342669,2.14412e-05,-36.1505,-1.64865,-1.22362,124.788,1.87266,0.0196469,-0.00948982,0.00270541,0,1.00215,-0.745113,0.246642,4,drone1
0.255916,-0.342628,2.08077e-05,-36.2122,-1.57376,-1.17293,126.147,1.92286,0.028382,-0.01005,0.00194833,0,1.56923,-0.679987,0.147378,4,drone1
0.256748,-0.343337,2.02099e-05,-36.7714,-1.49988,-1.14259,127.378,1.96407,0.0405139,-0.0103789,0.00165671,0,0.297101,-0.665944,0.0235527,4,drone1
0.257516,-0.34395,1.95582e-05,-37.8978,-1.42152,-1.12907,128.526,1.99927,0.0569661,-0.00998626,0.00209918,0,-0.348443,-0.663853,-0.0717309,4,drone1
0.258175,-0.344487,1.88996e-05,-39.0719,-1.34851,-1.11793,128.49,2.02993,0.118205,-0.00970882,0.00235044,0,-0.342871,-0.66937,-0.143152,4,drone1
0.257976,-0.344267,1.82246e-05,-39.6754,-1.28851,-1.0922,128.577,2.05767,0.179582,-0.00956162,0.00230311,0,0.892598,-0.653885,-0.160028,4,drone1
0.257951,-0.344233,1.76342e-05,-39.7165,-1.24525,-1.05787,129.857,2.08614,0.200706,-0.010115,0.00152706,0,1.43282,-0.645423,-0.18092,4,drone1
0.258909,-0.345092,1.71944e-05,-40.2585,-1.20262,-1.04206,131.008,2.11386,0.226813,-0.0103982,0.00127334,0,0.216518,-0.671928,-0.244378,4,drone1
0.259774,-0.345855,1.68224e-05,-41.3378,-1.155,-1.04011,129.753,2.36801,0.340148,0.0557508,0.0488144,0,0.403235,-2.19583,1.53592,4,drone1
0.249028,-0.336316,1.58091e-05,-42.076,-1.06336,-0.984423,129.948,2.37164,0.407321,-0.00935656,0.00205106,0,1.97599,-0.545379,-0.392796,4,drone1
0.249247,-0.336562,1.52505e-05,-42.4601,-1.03818,-0.973668,131.263,2.37986,0.430663,-0.0187016,-0.00942778,0,2.53281,-0.533377,-0.412841,4,drone1
0.252139,-0.339245,1.54543e-05,-43.0375,-1.02757,-0.983963,132.457,2.39398,0.460521,-0.0187318,-0.00913143,0,1.61265,-0.598487,-0.421608,4,drone1
0.254941,-0.341914,1.55171e-05,-44.0015,-1.01411,-1.00429,133.559,2.41671,0.496145,-0.0162625,-0.00619463,0,1.00437,-0.677675,-0.407155,4,drone1
0.257123,-0.344065,1.56037e-05,-45.0081,-1.0004,-1.02614,134.611,2.44878,0.536404,-0.0136978,-0.00348193,0,0.872605,-0.756175,-0.378761,4,drone1
0.258765,-0.345742,1.56943e-05,-45.9816,-0.988005,-1.04841,136.291,2.43373,0.572581,-0.03653,-0.0197213,0,1.22298,-0.5414,-0.921879,4,drone1
0.26438,-0.351664,1.60883e-05,-47.2222,-0.99264,-1.09935,136.3,2.48156,0.659912,-0.00995626,0.000298871,0,0.129981,-0.948943,-0.299207,4,drone1
0.263999,-0.351299,1.61302e-05,-47.9928,-0.980538,-1.11569,136.433,2.5412,0.745419,-0.00415093,0.00575371,0,1.36119,-1.0235,-0.194577,4,drone1
0.26397,-0.35127,1.6243e-05,-48.0396,-0.987123,-1.12484,136.629,2.59179,0.814048,-0.00470925,0.00530344,0,1.99815,-0.841211,-0.13493,4,drone1
0.263972,-0.351267,1.6405e-05,-48.0379,-0.998208,-1.13709,136.812,2.62771,0.866466,-0.00486111,0.00526297,0,1.84714,-0.622616,-0.124887,4,drone1
0.263975,-0.351265,1.66191e-05,-48.038,-1.01272,-1.15323,136.976,2.6517,0.904698,-0.00494731,0.00526735,0,1.66203,-0.437724,-0.10857,4,drone1
0.263977,-0.351262,1.68887e-05,-48.0385,-1.03071,-1.17325,137.125,2.66608,0.930586,-0.00500538,0.0052777,0,1.4968,-0.282618,-0.0876207,4,drone1
0.263979,-0.35126,1.72172e-05,-48.039,-1.05222,-1.19718,137.259,2.67285,0.945829,-0.00504214,0.00529106,0,1.34797,-0.153891,-0.0638925,4,drone1
0.263981,-0.351257,1.76086e-05,-48.0396,-1.0773,-1.22507,137.38,2.67376,0.951944,-0.00506226,0.00530646,0,1.2137,-0.0484913,-0.0382448,4,drone1
0.263983,-0.351255,1.80677e-05,-48.0403,-1.106,-1.257,146.51,2.71813,0.36963,-0.0583754,0.0543147,0,1.13406,1.55272,0.623587,4,drone1
0.264593,-0.351848,1.71471e-05,-50.0232,-1.09655,-1.33124,145.707,2.71009,0.420107,-0.00405629,0.00586015,0,-8.01129,-0.181385,-0.476826,4,drone1
0.264123,-0.351511,1.84247e-05,-52.3383,-1.06959,-1.41278,145.182,2.70162,0.455545,-0.00369952,0.00624993,0,-5.22833,-0.115363,-0.345077,4,drone1
0.263948,-0.351368,1.94884e-05,-52.6096,-1.09486,-1.46108,144.942,2.69337,0.478158,-0.0043699,0.00563823,0,-2.39127,-0.0568556,-0.233641,4,drone1
0.263942,-0.351359,2.0406e-05,-52.6183,-1.13109,-1.50956,144.753,2.68445,0.492924,-0.00457154,0.00545435,0,-1.8818,-0.0091642,-0.172124,4,drone1
0.263944,-0.351356,2.13083e-05,-52.6192,-1.17147,-1.56265,144.584,2.67576,0.501254,-0.00460367,0.00544633,0,-1.6857,0.0245253,-0.117792,4,drone1
0.263946,-0.351354,2.22728e-05,-52.6206,-1.21575,-1.62071,144.433,2.66831,0.504066,-0.00463956,0.00542636,0,-1.51612,0.0451847,-0.0655097,4,drone1
0.263947,-0.351351,2.33423e-05,-52.6222,-1.26401,-1.68393,144.297,2.66306,0.502212,-0.00469305,0.00537823,0,-1.36165,0.0536189,-0.0148804,4,drone1
0.263949,-0.351349,2.5456e-05,-52.6239,-1.31318,-1.75151,144.175,2.6609,0.496475,-0.00476702,0.0052985,0,-1.22088,0.0506917,0.0343904,4,drone1
0.26395,-0.351348,2.12684e-05,-52.6229,-1.28162,-1.69907,144.066,2.66236,0.487765,-0.0048622,0.00518472,0,-1.09238,0.0383759,0.0794477,4,drone1
0.263952,-0.351346,2.19185e-05,-52.6215,-1.22765,-1.63435,143.969,2.65309,0.475947,-0.00502609,0.00500752,0,-0.974272,0.144001,0.0422957,4,drone1
0.263953,-0.351343,2.14663e-05,-52.6204,-1.18043,-1.57434,143.883,2.63227,0.462677,-0.00521102,0.00479697,0,-0.865856,0.246458,-0.0135986,4,drone1
0.263955,-0.35134,2.07181e-05,-52.6196,-1.13845,-1.51978,138.652,2.55052,0.796601,0.00898278,-0.0428957,0,-0.871749,-0.345479,-0.98392,4,drone1
0.265395,-0.35352,2.17778e-05,-50.2305,-1.166,-1.43447,139.101,2.52043,0.744946,-0.00600416,0.00383715,0,4.46258,0.572912,0.168616,4,drone1
0.26611,-0.354119,2.0175e-05,-47.8454,-1.19038,-1.34391,139.267,2.48319,0.698499,-0.00385427,0.00534214,0,1.64255,0.586566,0.0994141,4,drone1
0.266244,-0.354237,1.91307e-05,-47.6849,-1.16197,-1.30382,139.416,2.45506,0.620762,-0.00480358,0.00525463,0,1.4513,0.724491,0.396734,4,drone1
0.266246,-0.354234,1.84625e-05,-47.6904,-1.13317,-1.27188,139.299,2.40772,0.584765,-0.00328214,0.00579496,0,-1.18007,0.593797,-0.0293418,4,drone1
0.266248,-0.354231,1.80004e-05,-47.6907,-1.10856,-1.24468,139.197,2.35919,0.550773,-0.00351903,0.00549939,0,-1.03989,0.589824,-0.0541448,4,drone1
0.26625,-0.354229,1.7658e-05,-47.6904,-1.08802,-1.22208,139.106,2.31051,0.518871,-0.00375369,0.00520214,0,-0.918866,0.57734,-0.0726705,4,drone1
0.266252,-0.354227,1.73981e-05,-47.6901,-1.0715,-1.20391,139.026,2.26257,0.489101,-0.00398366,0.00490715,0,-0.810828,0.557724,-0.085469,4,drone1
0.266255,-0.354224,1.72054e-05,-47.6899,-1.0589,-1.19008,138.956,2.21612,0.461478,-0.00420722,0.00461725,0,-0.713876,0.532149,-0.0931298,4,drone1
0.266257,-0.354222,1.70734e-05,-47.6898,-1.05017,-1.18049,138.894,2.17185,0.435995,-0.0044223,0.00433563,0,-0.627072,0.501621,-0.0962119,4,drone1
0.266259,-0.354219,1.69994e-05,-47.6898,-1.04523,-1.17507,138.84,2.1303,0.412629,-0.00462693,0.00406524,0,-0.549562,0.467018,-0.0952224,4,drone1
0.266261,-0.354217,1.6982e-05,-47.6899,-1.04405,-1.17378,141.442,2.17626,0.245562,0.0146688,0.0402692,0,-0.594296,0.224391,0.702603,4,drone1
0.261067,-0.348449,1.66507e-05,-48.2946,-1.00975,-1.16023,141.136,2.13304,0.241801,-0.00482608,0.00378142,0,-3.06315,0.367063,-0.231242,4,drone1
0.26093,-0.348354,1.67339e-05,-49.2464,-0.996558,-1.18401,141.673,2.09424,0.209966,-0.011077,-0.00141819,0,-2.13933,0.354134,-0.226944,4,drone1
0.262252,-0.349876,1.69962e-05,-49.6828,-1.0036,-1.21055,142.219,2.06028,0.182747,-0.0113111,-0.00183262,0,-1.71334,0.295507,-0.214479,4,drone1
0.263538,-0.351411,1.7307e-05,-50.3815,-1.00814,-1.24608,142.038,2.03016,0.184524,-0.00986253,-0.000736581,0,-1.81214,0.229934,-0.195274,4,drone1
0.263381,-0.351267,1.75698e-05,-50.7492,-1.01604,-1.272,139.161,1.8613,0.38745,-0.0430772,-0.0604538,0,-1.50035,0.607078,-1.80336,4,drone1
0.272001,-0.361863,1.86307e-05,-49.902,-1.09744,-1.33129,135.875,1.5548,0.654449,-0.0721881,-0.105894,0,-1.1071,1.08341,-3.08165,4,drone1
0.283992,-0.375574,2.00804e-05,-47.6167,-1.23376,-1.37861,136.352,1.59375,0.611223,0.00133578,0.0083466,0,4.75679,0.0428958,0.580027,4,drone1
0.283633,-0.375145,2.05744e-05,-45.5546,-1.31004,-1.36134,137.116,1.64598,0.557277,0.0151356,0.0204818,0,1.99885,-0.0622582,0.5975,4,drone1
0.280239,-0.371694,2.06704e-05,-45.4367,-1.33127,-1.37669,137.486,1.69451,0.511826,0.0156261,0.0192928,0,-0.822041,-0.106235,0.537852,4,drone1
0.276812,-0.368192,2.11142e-05,-45.9067,-1.34226,-1.41071,137.799,1.74098,0.471356,0.0121733,0.0158246,0,-1.30518,-0.133685,0.487801,4,drone1
0.274086,-0.365363,2.1731e-05,-46.3533,-1.36094,-1.45246,138.143,1.78692,0.434796,0.00848437,0.0124932,0,-1.14443,-0.16457,0.4497,4,drone1
0.272075,-0.363244,2.24852e-05,-46.798,-1.38688,-1.50274,138.507,1.83349,0.401935,0.00552688,0.00982908,0,-1.0387,-0.202299,0.421795,4,drone1
0.270624,-0.36169,2.3379e-05,-47.2545,-1.41892,-1.56142,138.411,1.87857,0.387696,0.00332183,0.00785657,0,-0.955942,-0.246373,0.403392,4,drone1
0.270569,-0.361646,2.5447e-05,-47.4899,-1.46435,-1.62664,138.371,1.92697,0.375854,0.00165879,0.00644469,0,-0.403405,-0.284756,0.408905,4,drone1
0.270555,-0.361639,2.14924e-05,-47.5056,-1.42922,-1.57983,138.359,1.97972,0.366437,0.00158528,0.00638396,0,-0.127738,-0.332167,0.420415,4,drone1
0.270556,-0.361636,2.20795e-05,-47.505,-1.37316,-1.52364,138.349,2.02264,0.358462,0.00154396,0.00633373,0,-0.0971473,-0.268058,0.344557,4,drone1
0.270558,-0.361633,2.16378e-05,-47.5037,-1.32416,-1.47161,138.341,2.05469,0.352834,0.00150913,0.00629627,0,-0.0854539,-0.202318,0.254923,4,drone1
0.270561,-0.361631,2.0929e-05,-47.5027,-1.28082,-1.42459,137.409,2.12727,0.42337,0.0229039,0.0107728,0,-0.0773491,-0.836064,0.241301,4,drone1
0.267062,-0.357845,1.9923e-05,-47.0578,-1.23629,-1.35491,137.495,2.13839,0.414137,0.00134058,0.00626515,0,0.853695,-0.0184415,0.143283,4,drone1
0.26728,-0.358049,1.9341e-05,-46.6194,-1.21321,-1.31004,137.528,2.1416,0.407493,-0.00244231,0.00275542,0,0.325694,0.0214089,0.0705562,4,drone1
0.267299,-0.358062,1.88343e-05,-46.5919,-1.18424,-1.27815,137.514,2.14108,0.403358,-0.00222753,0.00297125,0,-0.14371,0.0316676,0.0270344,4,drone1
0.267301,-0.35806,1.84167e-05,-46.5928,-1.159,-1.2515,137.498,2.13815,0.401358,-0.00222449,0.00297364,0,-0.15556,0.0351375,-0.0050347,4,drone1
0.267303,-0.358057,1.80804e-05,-46.5925,-1.13809,-1.22939,137.485,2.13381,0.401372,-0.00223541,0.00296133,0,-0.13809,0.0319083,-0.0293623,4,drone1
0.267306,-0.358055,1.78174e-05,-46.5922,-1.12138,-1.21172,137.472,2.12896,0.403314,-0.00224386,0.00295158,0,-0.123667,0.0226624,-0.04704,4,drone1
0.267308,-0.358053,1.76223e-05,-46.592,-1.10879,-1.19841,137.461,2.1244,0.407112,-0.00224956,0.00294459,0,-0.110918,0.00803447,-0.0588202,4,drone1
0.26731,-0.35805,1.74911e-05,-46.5919,-1.10023,-1.18936,137.451,2.12082,0.412708,-0.00225275,0.00294006,0,-0.099528,-0.011425,-0.0653782,4,drone1
0.267312,-0.358048,1.74213e-05,-46.5918,-1.09565,-1.18451,137.441,2.11887,0.420057,-0.00225353,0.00293787,0,-0.0893557,-0.0352449,-0.0673094,4,drone1
0.267315,-0.358045,1.74113e-05,-46.5919,-1.09499,-1.18382,137.433,2.11912,0.429123,-0.00225197,0.00293792,0,-0.0802752,-0.0630242,-0.0651358,4,drone1
0.267317,-0.358043,1.74605e-05,-46.592,-1.09822,-1.18724,135.029,2.09328,0.586956,0.0125246,-0.0137558,0,-0.0909121,-0.42661,-0.554904,4,drone1
0.266968,-0.357687,1.75448e-05,-45.4344,-1.12752,-1.17044,132.58,1.95726,0.773701,-0.0173748,-0.0441311,0,-0.082764,0.0791543,-1.4663,4,drone1
0.273519,-0.364062,1.81778e-05,-43.1369,-1.2164,-1.16447,132.942,1.98311,0.757615,-0.00279117,0.00252606,0,3.61069,-0.0480465,0.300572,4,drone1
0.273789,-0.364341,1.84106e-05,-41.9066,-1.25787,-1.15305,133.037,2.01262,0.748238,0.00370121,0.0092398,0,0.950778,-0.130336,0.280842,4,drone1
0.273857,-0.364408,1.87243e-05,-41.8351,-1.27982,-1.16985,133.431,2.04881,0.729128,0.00420808,0.00942081,0,-0.375049,-0.18092,0.24998,4,drone1
0.272436,-0.363144,1.8991e-05,-42.0472,-1.29322,-1.19056,133.775,2.08737,0.715522,0.00437342,0.0094554,0,-0.841073,-0.241785,0.227377,4,drone1
0.270978,-0.361825,1.93312e-05,-42.4591,-1.30645,-1.21978,133.678,2.12304,0.722284,0.00310968,0.00806615,0,-0.973004,-0.297207,0.208588,4,drone1
0.27094,-0.361779,1.98589e-05,-42.6751,-1.33471,-1.25499,132.983,2.22748,0.749654,0.0329796,0.0272291,0,-0.477138,-0.80661,0.788386,4,drone1
0.263513,-0.354883,1.98938e-05,-42.7074,-1.33679,-1.25832,133.026,2.26544,0.761253,0.00156213,0.00666608,0,0.443576,-0.3429,0.199877,4,drone1
0.263474,-0.354836,2.0327e-05,-42.7894,-1.37814,-1.29938,133.069,2.30445,0.776324,-0.00536853,-0.000717524,0,0.431231,-0.375611,0.183671,4,drone1
0.263452,-0.354809,2.14867e-05,-42.8287,-1.42379,-1.34442,133.115,2.35017,0.794694,-0.00538295,-0.000735147,0,0.468391,-0.445583,0.210359,4,drone1
0.263453,-0.354806,2.24232e-05,-42.8315,-1.47549,-1.3925,133.16,2.40275,0.816491,-0.00537428,-0.00072937,0,0.45891,-0.517485,0.236845,4,drone1
0.263456,-0.354803,2.34154e-05,-42.8327,-1.53212,-1.4449,133.2,2.46238,0.841646,-0.00533981,-0.00069253,0,0.413571,-0.590351,0.264972,4,drone1
0.263458,-0.354802,2.52717e-05,-42.8341,-1.59112,-1.50159,133.236,2.52931,0.870131,-0.00530134,-0.000651416,0,0.370912,-0.664757,0.295038,4,drone1
0.263459,-0.354801,2.11388e-05,-42.8328,-1.55431,-1.45823,133.267,2.6036,0.902104,-0.00525923,-0.000609022,0,0.332549,-0.740713,0.324368,4,drone1
0.263461,-0.354799,2.18901e-05,-42.8312,-1.49215,-1.40568,133.295,2.67102,0.936704,-0.00529086,-0.000638011,0,0.299301,-0.713208,0.255761,4,drone1
0.263464,-0.354796,2.15259e-05,-42.8298,-1.43746,-1.35659,133.321,2.73014,0.975095,-0.0053314,-0.000685033,0,0.270162,-0.684175,0.168776,4,drone1
0.263466,-0.354794,2.08399e-05,-42.8286,-1.3889,-1.31196,133.343,2.78295,1.01705,-0.00536973,-0.000726226,0,0.244037,-0.667001,0.0979653,4,drone1
0.263469,-0.354792,2.01357e-05,-42.8276,-1.34582,-1.27205,133.363,2.83123,1.06255,-0.00540512,-0.000762502,0,0.22053,-0.661794,0.0403443,4,drone1
0.263471,-0.35479,1.95087e-05,-42.8267,-1.30789,-1.23683,133.38,2.87657,1.11166,-0.00543739,-0.000794277,0,0.199356,-0.667961,-0.00606688,4,drone1
0.263474,-0.354788,1.89772e-05,-42.826,-1.27489,-1.2062,135.229,2.89988,1.04834,-0.0236626,-0.0041043,0,0.0304259,-0.14189,-0.285255,4,drone1
0.266118,-0.357248,1.73027e-05,-43.0764,-1.25548,-1.19461,135.06,2.92867,1.09792,-0.00555381,-0.000710744,0,-1.66452,-0.551121,-0.155993,4,drone1
0.266254,-0.35738,1.79862e-05,-43.5775,-1.22168,-1.18623,134.934,2.94473,1.13346,-0.00308708,0.00181105,0,-1.24697,-0.363076,-0.141327,4,drone1
0.266284,-0.357407,1.80894e-05,-43.9971,-1.19771,-1.18135,134.87,2.9497,1.15681,-0.00304014,0.00191185,0,-0.620139,-0.199487,-0.130428,4,drone1
0.266242,-0.35736,1.80143e-05,-44.0772,-1.18562,-1.17315,134.856,2.94597,1.16976,-0.00307341,0.00192169,0,-0.137979,-0.0652219,-0.117828,4,drone1
0.266242,-0.357356,1.79334e-05,-44.0775,-1.17973,-1.16748,134.851,2.93476,1.1746,-0.00315349,0.0018792,0,-0.0436171,0.0448505,-0.113488,4,drone1
0.266245,-0.357354,1.79009e-05,-44.0771,-1.17812,-1.16588,136.288,3.01584,1.08928,0.0117297,0.0275933,0,-0.0112405,-0.290372,0.452732,4,drone1
0.262391,-0.353611,1.76527e-05,-44.7734,-1.14804,-1.16439,136.141,2.98481,1.0906,-0.00313948,0.00191327,0,-1.47153,0.217769,-0.221451,4,drone1
0.262272,-0.353498,1.77444e-05,-45.453,-1.14034,-1.18421,136.078,2.95058,1.08506,-0.00701031,-0.00187943,0,-0.627655,0.286066,-0.195855,4,drone1
0.262234,-0.353456,1.79001e-05,-45.4938,-1.14979,-1.19548,134.381,2.81891,1.21416,-0.0136801,-0.0305496,0,-0.813626,0.403566,-1.02487,4,drone1
0.266459,-0.357704,1.84425e-05,-44.7101,-1.20117,-1.21442,134.567,2.79573,1.18527,-0.00706113,-0.00222741,0,1.84539,0.368789,0.0308238,4,drone1
0.266596,-0.357829,1.87358e-05,-43.9472,-1.23662,-1.21697,134.656,2.77415,1.1566,-0.00282917,0.00213903,0,0.875613,0.355757,0.0447846,4,drone1
0.266643,-0.357872,1.91063e-05,-43.9017,-1.26108,-1.23859,134.659,2.75225,1.12825,-0.00265205,0.00232087,0,0.0244045,0.355308,0.0431632,4,drone1
0.266644,-0.357869,1.95492e-05,-43.9046,-1.2886,-1.26518,134.658,2.73226,1.0993,-0.00258341,0.00238233,0,-0.0247312,0.346226,0.0610794,4,drone1
0.266647,-0.357866,2.00734e-05,-43.9056,-1.32051,-1.29592,134.658,2.71493,1.07004,-0.00256206,0.00239761,0,-0.0206653,0.329669,0.0822202,4,drone1
0.266649,-0.357864,2.06855e-05,-43.9063,-1.35685,-1.3309,134.657,2.7009,1.04081,-0.00253883,0.00241492,0,-0.0192565,0.306345,0.105491,4,drone1
0.266651,-0.357862,2.13932e-05,-43.9072,-1.3977,-1.37023,134.657,2.69072,1.01188,-0.00251463,0.00243349,0,-0.0182954,0.277031,0.130789,4,drone1
0.266654,-0.35786,2.22054e-05,-43.9083,-1.44317,-1.41401,134.656,2.68492,0.9835,-0.00248969,0.0024532,0,-0.0174827,0.242401,0.158009,4,drone1
0.266656,-0.357857,2.31323e-05,-43.9095,-1.49337,-1.46235,134.656,2.68395,0.95588,-0.00246409,0.00247407,0,-0.0167999,0.203026,0.187062,4,drone1
0.266659,-0.357855,2.41853e-05,-43.9109,-1.54846,-1.5154,134.656,2.68825,0.929197,-0.00243781,0.00249613,0,-0.0162281,0.159395,0.217887,4,drone1
0.266659,-0.357854,2.2835e-05,-43.9105,-1.54289,-1.50663,134.655,2.69819,0.903605,-0.00241081,0.00251945,0,-0.0157496,0.111917,0.250443,4,drone1
0.266662,-0.357852,2.19905e-05,-43.9089,-1.48626,-1.45273,134.655,2.70481,0.87898,-0.00241433,0.00251087,0,-0.0143783,0.128457,0.219942,4,drone1
0.266664,-0.35785,2.15004e-05,-43.9076,-1.43504,-1.40463,134.655,2.70184,0.855745,-0.00244023,0.00248103,0,-0.0121649,0.185904,0.142067,4,drone1
0.266667,-0.357848,2.09936e-05,-43.9065,-1.3895,-1.36161,134.655,2.69128,0.83403,-0.00246096,0.00245676,0,-0.0101053,0.228563,0.0773026,4,drone1
0.266669,-0.357846,2.04575e-05,-43.9056,-1.34944,-1.32346,134.655,2.67484,0.813875,-0.00247745,0.00243749,0,-0.00834242,0.258712,0.0246231,4,drone1
0.266671,-0.357843,1.99402e-05,-43.9047,-1.31459,-1.29009,134.655,2.65408,0.795312,-0.00249029,0.00242254,0,-0.00686067,0.277859,-0.0173787,4,drone1
0.266674,-0.357841,1.94769e-05,-43.9041,-1.28473,-1.26141,134.655,2.63033,0.778379,-0.00249993,0.00241127,0,-0.00563335,0.287243,-0.0500332,4,drone1
0.266676,-0.357839,1.90837e-05,-43.9035,-1.25968,-1.23731,134.656,2.60479,0.763115,-0.00250674,0.00240322,0,-0.00463378,0.287973,-0.0744985,4,drone1
0.266679,-0.357837,1.8765e-05,-43.903,-1.2393,-1.2177,134.656,2.57851,0.749561,-0.00251101,0.00239799,0,-0.00383629,0.281045,-0.0917693,4,drone1
0.266681,-0.357834,1.85197e-05,-43.9027,-1.22347,-1.20246,134.656,2.55241,0.73775,-0.00251296,0.0023953,0,-0.00321673,0.267347,-0.102705,4,drone1
0.266683,-0.357832,1.83452e-05,-43.9024,-1.21211,-1.19152,134.656,2.52732,0.727719,-0.00251278,0.00239492,0,-0.00275287,0.247662,-0.108051,4,drone1
0.266686,-0.35783,1.82388e-05,-43.9022,-1.20513,-1.18481,134.656,2.50395,0.719495,-0.00251061,0.00239667,0,-0.00242448,0.222668,-0.108461,4,drone1
0.266688,-0.357827,1.81985e-05,-43.9022,-1.20248,-1.18225,134.656,2.48296,0.713109,-0.00250651,0.00240044,0,-0.00221351,0.192955,-0.104502,4,drone1
0.266691,-0.357825,1.82232e-05,-43.9022,-1.20412,-1.18382,134.656,2.4649,0.708587,-0.00250056,0.00240613,0,-0.00210403,0.159025,-0.0966699,4,drone1
0.266693,-0.357823,1.83127e-05,-43.9022,-1.21,-1.18949,134.656,2.4503,0.705958,-0.00249277,0.00241369,0,-0.00208226,0.121306,-0.0853956,4,drone1
0.266695,-0.357821,1.84677e-05,-43.9024,-1.22013,-1.19924,134.656,2.43961,0.70525,-0.00248314,0.0024231,0,-0.00213642,0.0801585,-0.0710512,4,drone1
0.266698,-0.357818,1.86898e-05,-43.9027,-1.2345,-1.21307,135.845,2.43935,0.63864,-0.0118639,0.00121161,0,-0.0563991,0.212389,0.00718472,4,drone1
0.267971,-0.359067,1.90729e-05,-44.4812,-1.2468,-1.2496,135.726,2.43718,0.648668,-0.00239322,0.00248092,0,-1.1893,-0.053417,-0.0874972,4,drone1
0.267773,-0.358873,1.94341e-05,-45.0481,-1.25616,-1.28369,135.676,2.44168,0.659272,-0.0011238,0.00371446,0,-0.492961,-0.105952,-0.0449027,4,drone1
0.267749,-0.358845,1.98778e-05,-45.0826,-1.28203,-1.31116,135.688,2.45207,0.670656,-0.00133936,0.00352155,0,0.122236,-0.1538,-0.00862621,4,drone1
0.267751,-0.358843,2.04062e-05,-45.0814,-1.31314,-1.34228,135.702,2.46807,0.683628,-0.00134786,0.0035143,0,0.143289,-0.205022,0.0192816,4,drone1
0.267754,-0.358841,2.10248e-05,-45.0821,-1.34861,-1.37785,135.714,2.48996,0.698322,-0.00132542,0.00353644,0,0.126498,-0.259164,0.048094,4,drone1
0.267756,-0.358838,2.17412e-05,-45.0831,-1.38857,-1.41793,135.724,2.51804,0.714818,-0.00130062,0.00356081,0,0.11298,-0.316042,0.078394,4,drone1
0.267758,-0.358836,2.25644e-05,-45.0842,-1.43312,-1.46263,135.734,2.55261,0.733203,-0.00127335,0.0035875,0,0.100915,-0.375607,0.11009,4,drone1
0.267761,-0.358834,2.35047e-05,-45.0854,-1.48238,-1.51205,139.414,2.63041,0.591339,-0.0185069,0.0215062,0,0.385697,-0.412974,0.100444,4,drone1
0.268046,-0.359151,2.62399e-05,-46.8494,-1.48264,-1.61265,139.054,2.67624,0.628683,-0.00094047,0.00365468,0,-3.58482,-0.590832,-0.00176113,4,drone1
0.267476,-0.35869,2.27501e-05,-48.5718,-1.39466,-1.60462,141.161,2.76729,0.554152,-0.00530621,0.0187287,0,-1.58895,-0.724003,0.197038,4,drone1
0.266632,-0.357665,2.26329e-05,-49.7744,-1.30846,-1.57482,140.974,2.8154,0.598111,-0.00116792,0.00330258,0,-1.84439,-0.649374,-0.0497154,4,drone1
0.266304,-0.357399,2.18655e-05,-50.8491,-1.23696,-1.54816,141.103,2.81986,0.652193,-0.0156321,-0.00951403,0,-1.82047,-0.438669,-0.538286,4,drone1
0.268627,-0.360259,2.13308e-05,-51.0799,-1.20614,-1.52261,141.15,2.86298,0.692167,-0.00265443,0.00205066,0,0.489831,-0.586495,-0.0376591,4,drone1
0.268526,-0.360155,2.06471e-05,-51.2285,-1.17076,-1.48645,141.216,2.90469,0.732761,0.000182771,0.00434523,0,0.672639,-0.579418,-0.0510377,4,drone1
0.268522,-0.360148,2.00942e-05,-51.2399,-1.14378,-1.45335,141.289,2.94434,0.774346,4.51321e-05,0.0042255,0,0.755437,-0.569657,-0.0719846,4,drone1
0.268524,-0.360146,1.96514e-05,-51.2395,-1.12137,-1.42538,141.356,2.98313,0.817456,1.9956e-05,0.00420491,0,0.692442,-0.572425,-0.0902319,4,drone1
0.268526,-0.360143,1.93039e-05,-51.2392,-1.1031,-1.40261,141.416,3.02228,0.862342,2.75268e-06,0.00419326,0,0.623867,-0.586167,-0.102764,4,drone1
0.268528,-0.36014,1.90406e-05,-51.2391,-1.08889,-1.3849,141.47,3.06289,0.90922,-1.07689e-05,0.00418544,0,0.562045,-0.609936,-0.109909,4,drone1
0.26853,-0.360138,1.88543e-05,-51.239,-1.07866,-1.37216,141.518,3.1041,0.957933,-3.12376e-05,0.0041731,0,0.506619,-0.625822,-0.121358,4,drone1
0.268531,-0.360135,1.87405e-05,-51.2391,-1.07234,-1.3643,141.562,3.13197,0.994828,-0.000120901,0.00418434,0,0.456319,-0.447828,-0.113345,4,drone1
0.268533,-0.360133,1.86965e-05,-51.2392,-1.06988,-1.36124,141.602,3.14757,1.02129,-0.000190921,0.00419223,0,0.411108,-0.286839,-0.109067,4,drone1
0.268535,-0.36013,1.8721e-05,-51.2394,-1.07124,-1.36295,141.638,3.15339,1.03883,-0.000237761,0.00420327,0,0.370252,-0.154623,-0.100621,4,drone1
0.268537,-0.360128,1.88137e-05,-51.2397,-1.0764,-1.36939,141.67,3.15157,1.04881,-0.00026653,0.00421616,0,0.33334,-0.0478491,-0.0892737,4,drone1
0.268539,-0.360125,1.89755e-05,-51.2401,-1.08534,-1.38053,141.7,3.14403,1.05245,-0.000281129,0.00423046,0,0.299987,0.0364416,-0.0754266,4,drone1
0.268541,-0.360123,1.92079e-05,-51.2406,-1.09806,-1.3964,141.727,3.13244,1.05082,-0.000284629,0.00424595,0,0.269842,0.100868,-0.0592807,4,drone1
0.268543,-0.36012,1.95137e-05,-51.2412,-1.11459,-1.41699,141.752,3.11831,1.04486,-0.000279464,0.00426247,0,0.242589,0.147744,-0.0410126,4,drone1
0.268545,-0.360118,1.98965e-05,-51.2419,-1.13494,-1.44235,141.774,3.10297,1.03536,-0.000267562,0.00427988,0,0.217949,0.179111,-0.0207968,4,drone1
0.268547,-0.360115,2.03608e-05,-51.2427,-1.15916,-1.47253,141.794,3.08761,1.02305,-0.000250434,0.00429809,0,0.195668,0.196768,0.00120321,4,drone1
0.268549,-0.360112,2.09126e-05,-51.2436,-1.18729,-1.5076,141.813,3.07327,1.00855,-0.00022925,0.00431705,0,0.175521,0.202293,0.0248444,4,drone1
0.268551,-0.36011,2.15585e-05,-51.2446,-1.21942,-1.54764,141.829,3.06089,0.992394,-0.000204897,0.00433674,0,0.157302,0.197071,0.0500082,4,drone1
0.268553,-0.360107,2.23066e-05,-51.2458,-1.25561,-1.59275,141.844,3.05131,0.97507,-0.000178032,0.00435717,0,0.140829,0.182308,0.0766013,4,drone1
0.268555,-0.360105,2.31662e-05,-51.2471,-1.29596,-1.64304,141.858,3.04528,0.95699,-0.000149128,0.00437839,0,0.125933,0.159057,0.104554,4,drone1
0.268557,-0.360102,2.41481e-05,-51.2486,-1.34058,-1.69866,141.87,3.04348,0.938519,-0.000118502,0.00440044,0,0.112466,0.128228,0.133816,4,drone1
