0.679646,-0.42819,5.53539e-06,0,0,-0.0111886,0,0,0,0,0,0,0,0,0,-1,pipuck4
0.679646,-0.42819,7.91351e-06,0,0,-0.0159945,0,0,0,0,0,0,0,0,0,-1,pipuck4
0.679646,-0.42819,8.88486e-06,0,0,-0.0179578,0,0,0,0,0,0,0,0,0,-1,pipuck4
0.679646,-0.42819,9.26229e-06,0,0,-0.0187206,0,0,0,0,0,0,0,0,0,-1,pipuck4
0.679646,-0.42819,9.40043e-06,0,0,-0.0189998,0,0,0,0,0,0,0,0,0,-1,pipuck4
0.679646,-0.42819,9.44705e-06,0,0,-0.019094,0,0,0,0,0,0,0,0,0,-1,pipuck4
0.679646,-0.42819,9.46085e-06,0,0,-0.0191219,0,0,0,0,0,0,0,0,0,-1,pipuck4
0.679646,-0.42819,9.46391e-06,0,0,-0.0191281,0,0,0,0,0,0,0,0,0,-1,pipuck4
0.679646,-0.42819,9.46396e-06,0,0,-0.0191282,0,0,0,0,0,0,0,0,0,-1,pipuck4
0.679646,-0.42819,9.46346e-06,0,0,-0.0191272,0,0,0,0,0,0,0,0,0,-1,pipuck4
0.679646,-0.42819,9.46303e-06,0,0,-0.0191263,0,0,0,0,0,0,0,0,0,-1,pipuck4
0.679646,-0.42819,9.46276e-06,0,0,-0.0191258,0,0,0,0,0,0,0,0,0,-1,pipuck4
0.679646,-0.42819,9.46262e-06,0,0,-0.0191255,0,0,0,0,0,0,0,0,0,-1,pipuck4
0.679646,-0.42819,9.46255e-06,0,0,-0.0191254,0,0,0,0,0,0,0,0,0,-1,pipuck4
0.679646,-0.42819,9.46252e-06,0,0,-0.0191253,0,0,0,0,0,0,0,0,0,-1,pipuck4
0.679646,-0.42819,9.46251e-06,0,0,-0.0191253,0,0,0,0,0,0,0,0,0,-1,pipuck4
0.679646,-0.42819,9.4625e-06,0,0,-0.0191253,0,0,0,0,0,0,0,0,0,-1,pipuck4
0.679646,-0.42819,9.4625e-06,0,0,-0.0191253,0,0,0,0,0,0,0,0,0,-1,pipuck4
0.679646,-0.42819,9.4625e-06,0,0,-0.0191253,0,0,0,0,0,0,0,0,0,-1,pipuck4
0.679646,-0.42819,9.4625e-06,0,0,-0.0191253,0,0,0,0,0,0,0,0,0,-1,pipuck4
0.679646,-0.42819,9.4625e-06,0,0,-0.0191253,0,0,0,0,0,0,0,0,0,-1,pipuck4
0.679646,-0.42819,9.4625e-06,0,0,-0.0191252,0,0,0,0,0,0,0,0,0,-1,pipuck4
0.679646,-0.42819,9.4625e-06,0,0,-0.0191252,0,0,0,0,0,0,0,0,0,-1,pipuck4
0.679646,-0.42819,9.4625e-06,0,0,-0.0191252,0,0,0,0,0,0,0,0,0,-1,pipuck4
0.679646,-0.42819,9.4625e-06,0,0,-0.0191252,0,0,0,0,0,0,0,0,0,-1,pipuck4
0.679646,-0.42819,9.4625e-06,0,0,-0.0191252,0,0,0,0,0,0,0,0,0,-1,pipuck4
0.679646,-0.42819,9.4625e-06,0,0,-0.0191252,0,0,0,0,0,0,0,0,0,-1,pipuck4
0.679646,-0.42819,9.4625e-06,0,0,-0.0191252,0,0,0,0,0,0,0,0,0,-1,pipuck4
0.679646,-0.42819,9.4625e-06,0,0,-0.0191252,0,0,0,0,0,0,0,0,0,-1,pipuck4
0.679646,-0.42819,9.4625e-06,0,0,-0.0191252,0,0,0,0,0,0,0,0,0,-1,pipuck4
0.679646,-0.42819,9.4625e-06,0,0,-0.0191252,0,0,0,0,0,0,0,0,0,-1,pipuck4
0.679646,-0.42819,9.4625e-06,0,0,-0.0191252,0,0,0,0,0,0,0,0,0,-1,pipuck4
0.679646,-0.42819,9.4625e-06,0,0,-0.0191252,0,0,0,0,0,0,0,0,0,-1,pipuck4
0.679646,-0.42819,9.4625e-06,0,0,-0.0191252,0,0,0,0,0,0,0,0,0,-1,pipuck4
0.679646,-0.42819,9.4625e-06,0,0,-0.0191252,0,0,0,0,0,0,0,0,0,-1,pipuck4
0.679646,-0.42819,9.4625e-06,0,0,-0.0191252,0,0,0,0,0,0,0,0,0,-1,pipuck4
0.679646,-0.42819,9.4625e-06,0,0,-0.0191252,0,0,0,0,0,0,0,0,0,-1,pipuck4
0.679646,-0.42819,9.4625e-06,0,0,-0.0191252,0,0,0,0,0,0,0,0,0,-1,drone1
0.679646,-0.42819,9.4625e-06,0,0,-0.0191252,0,0,0,0,0,0,0,0,0,-1,drone1
0.679646,-0.42819,9.4625e-06,0,0,-0.0191252,9.09923,0.114109,0.116929,0.158544,-0.266319,0,0.981928,1.15009,1.16049,5,drone1
0.690371,-0.428282,9.21154e-06,-0.882384,-0.0513928,-0.019392,17.3172,0.30387,0.160592,0.106135,-0.278504,0,-7.83324,1.54615,0.988615,5,drone1
0.700689,-0.428878,9.11915e-06,-3.36655,-0.101034,-0.0243346,24.8256,0.491078,0.1121,0.0616518,-0.288617,0,-14.9276,1.49678,0.672439,5,drone1
0.710732,-0.430312,9.11119e-06,-7.35727,-0.149127,-0.0376649,31.8378,0.59657,0.00362024,0.038373,-0.305382,0,-19.8884,0.925039,0.250961,5,drone1
0.721406,-0.432878,9.14522e-06,-12.9936,-0.198516,-0.0644808,35.868,0.555398,0.0072932,0.979071,-0.357529,0,65.5187,-0.402195,-0.22963,6,drone1
0.737221,-0.436669,9.21034e-06,-18.3803,-0.269436,-0.108557,38.8576,0.523662,0.0251718,0.979876,-0.323431,0,67.125,-0.305584,-0.202189,6,drone1
0.75204,-0.441528,9.3826e-06,-21.5478,-0.336896,-0.152456,40.9138,0.502199,0.0559282,0.979055,-0.273076,0,69.5221,-0.195471,-0.158876,6,drone1
0.766393,-0.446926,9.61141e-06,-22.6275,-0.406924,-0.189233,42.3416,0.488457,0.0943271,0.971791,-0.244537,0,70.6331,-0.0936463,-0.121963,6,drone1
0.780835,-0.452478,9.88315e-06,-21.8779,-0.484456,-0.214087,43.4215,0.480889,0.136116,0.958584,-0.240514,0,70.2845,0.003727,-0.0897616,6,drone1
0.795837,-0.457845,1.02046e-05,-19.6429,-0.572205,-0.223488,44.3915,0.479153,0.177808,0.939007,-0.260527,0,68.4544,0.0984839,-0.0593972,6,drone1
0.811672,-0.462814,1.43617e-05,-16.3161,-0.682907,-0.172998,46.4439,0.403943,0.104728,0.88822,-0.412004,0,61.6728,-0.297354,-1.16608,6,drone1
0.827985,-0.467027,1.39661e-05,-12.6664,-0.784383,-0.151628,47.5556,0.429395,0.141255,0.868067,-0.373331,0,59.8698,0.284822,0.117906,6,drone1
0.845257,-0.470458,1.27193e-05,-8.77086,-0.893005,-0.117006,48.8695,0.461027,0.173339,0.823082,-0.431308,0,55.1077,0.355416,0.149916,6,drone1
0.863153,-0.472602,9.04011e-06,-4.75101,-1.00168,-0.0711322,50.3927,0.499772,0.200143,0.769487,-0.490505,0,49.8976,0.42039,0.191124,6,drone1
0.881364,-0.47346,1.36532e-05,-0.802907,-1.11515,0.00383072,52.4241,0.397354,0.215906,0.706489,-0.581975,0,43.7373,-0.775141,-0.518299,6,drone1
0.900127,-0.47312,1.48871e-05,2.93062,-1.22967,0.0831211,54.341,0.465857,0.227829,0.635856,-0.604112,0,38.3738,0.612251,0.410274,6,drone1
0.919025,-0.471671,1.55608e-05,6.34428,-1.3443,0.169008,56.4511,0.54136,0.232343,0.562825,-0.648167,0,32.7232,0.637914,0.462146,6,drone1
0.938157,-0.469222,1.64196e-05,9.30087,-1.46089,0.258263,58.5505,0.615507,0.294199,0.492688,-0.671664,0,27.0069,0.153346,0.926001,6,drone1
0.957419,-0.465899,1.7592e-05,11.6355,-1.58145,0.344408,61.1783,0.692223,0.178499,0.415182,-0.698756,0,24.64,1.34255,-0.208803,6,drone1
0.976588,-0.461892,1.90448e-05,13.2954,-1.70776,0.422238,63.6292,0.787147,0.161872,0.344702,-0.722584,0,17.1836,0.613306,0.698311,6,drone1
0.995394,-0.457506,2.07452e-05,14.2736,-1.8412,0.487105,66.0465,0.886713,0.137945,0.283771,-0.727637,0,13.0741,0.588684,0.772216,6,drone1
1.01406,-0.452916,2.26793e-05,14.5966,-1.98496,0.535601,68.3599,0.990324,0.108597,0.232692,-0.725327,0,9.68018,0.552593,0.84788,6,drone1
1.03269,-0.448282,2.77423e-05,14.3376,-2.1302,0.569387,70.2258,1.02742,0.0918217,0.227533,-0.732381,0,9.03487,0.155482,0.320627,6,drone1
1.05084,-0.443689,2.05743e-05,13.7834,-2.0159,0.508136,72.0399,1.2061,0.0491778,0.163292,-0.664065,0,5.11695,0.843927,1.568,6,drone1
1.06969,-0.439294,2.08078e-05,13.0285,-1.87358,0.451676,74.2494,1.37819,-0.0588664,0.120675,-0.67318,0,5.15428,1.27318,1.35722,6,drone1
1.08843,-0.435246,1.95067e-05,11.993,-1.74097,0.388796,75.7358,1.42944,-0.0832141,0.121493,-0.674888,0,2.73045,0.108572,0.520396,6,drone1
1.10752,-0.431406,1.79912e-05,10.8208,-1.61761,0.328019,76.9841,1.46108,-0.101988,0.111396,-0.657301,0,2.27911,0.0239645,0.340181,6,drone1
1.12678,-0.427908,1.6617e-05,9.67816,-1.50101,0.274571,77.9976,1.47637,-0.113924,0.105957,-0.638557,0,2.20232,-0.039352,0.184147,6,drone1
1.1462,-0.424746,1.54506e-05,8.61642,-1.39081,0.229165,78.7957,1.478,-0.11919,0.103121,-0.619246,0,2.33065,-0.08394,0.049106,6,drone1
1.16579,-0.421901,1.44681e-05,7.66803,-1.28684,0.191575,79.4018,1.46827,-0.118505,0.101931,-0.599523,0,2.59331,-0.113186,-0.0667462,6,drone1
1.18552,-0.419339,1.36387e-05,6.85061,-1.18893,0.161106,79.8407,1.44909,-0.112886,0.101665,-0.579505,0,2.93473,-0.130356,-0.165174,6,drone1
1.20538,-0.417024,1.29353e-05,6.17236,-1.09691,0.136877,79.9057,1.44945,-0.0888302,0.105186,-0.525657,0,3.22861,-0.172148,0.0337006,6,drone1
1.22521,-0.414906,1.23322e-05,5.66084,-1.00996,0.118355,80.1095,1.41325,-0.0783204,0.1041,-0.538532,0,3.92459,-0.131201,-0.345548,6,drone1
1.24507,-0.412957,1.18124e-05,5.30506,-0.928179,0.10443,80.2228,1.37197,-0.0662379,0.103414,-0.518358,0,4.23172,-0.128776,-0.399393,6,drone1
1.26489,-0.411118,1.13651e-05,5.07423,-0.851072,0.0938149,80.2692,1.32661,-0.0536192,0.102114,-0.49828,0,4.47364,-0.123253,-0.442654,6,drone1
1.28466,-0.409345,1.09812e-05,4.96108,-0.778413,0.08582,80.2671,1.27803,-0.0412067,0.100274,-0.478362,0,4.65757,-0.116017,-0.476883,6,drone1
1.3044,-0.4076,1.06509e-05,4.95574,-0.71007,0.0798262,80.2326,1.22697,-0.0295844,0.0978254,-0.458621,0,4.77246,-0.107978,-0.503151,6,drone1
1.3241,-0.405845,1.03691e-05,5.04683,-0.645824,0.0752982,80.1795,1.1741,-0.0191792,0.0947493,-0.439044,0,4.81203,-0.0998025,-0.522348,6,drone1
1.34379,-0.40405,1.01295e-05,5.2216,-0.585514,0.0717829,80.1195,1.12002,-0.010276,0.0910698,-0.419627,0,4.77383,-0.0919609,-0.535365,6,drone1
1.36347,-0.402187,9.92593e-06,5.46623,-0.528979,0.0689055,80.0626,1.06527,-0.00303214,0.0868402,-0.400344,0,4.6588,-0.0847598,-0.542962,6,drone1
1.38314,-0.400235,9.75333e-06,5.766,-0.476047,0.0663663,80.0164,1.01029,0.00250475,0.0821378,-0.381166,0,4.47101,-0.078377,-0.54583,6,drone1
1.40277,-0.398195,2.11773e-05,6.10305,-0.432635,0.0043683,79.9871,0.955486,0.00637769,0.0770569,-0.362063,0,4.2173,-0.07289,-0.54462,6,drone1
1.42256,-0.395986,1.39097e-05,6.46183,-0.384866,0.0162696,79.9777,0.900991,0.0147087,0.0717497,-0.343032,0,3.90952,-0.127294,-0.529793,6,drone1
1.44226,-0.393692,1.08229e-05,6.83247,-0.341176,0.0196145,79.9922,0.847331,0.0196091,0.0662213,-0.323862,0,3.56013,-0.103364,-0.525778,6,drone1
1.46196,-0.391262,9.65179e-06,7.19948,-0.300911,0.0189459,80.0312,0.800541,0.0231848,0.0606619,-0.304769,0,3.175,-0.0872677,-0.458821,6,drone1
1.48169,-0.3887,9.25261e-06,7.54931,-0.263692,0.0165407,80.0951,0.753154,0.0250395,0.0551222,-0.285633,0,2.76899,-0.0809977,-0.4662,6,drone1
1.50143,-0.386013,9.1278e-06,7.87024,-0.229256,0.0134126,80.1832,0.7063,0.0257174,0.0496879,-0.266429,0,2.35525,-0.0766291,-0.461765,6,drone1
1.52119,-0.383213,9.08607e-06,8.15266,-0.197432,0.00998794,80.294,0.660511,0.0255635,0.0444298,-0.247148,0,1.9462,-0.0732134,-0.451782,6,drone1
1.54096,-0.380317,9.06484e-06,8.38935,-0.168031,0.00644559,80.4251,0.616054,0.0248284,0.0393995,-0.227777,0,1.55305,-0.0702998,-0.438977,6,drone1
1.56075,-0.377342,9.04827e-06,8.57574,-0.140924,0.00288603,80.5741,0.573076,0.0237112,0.0346329,-0.208323,0,1.18521,-0.0676724,-0.424608,6,drone1
1.58053,-0.374311,9.03321e-06,8.70966,-0.115838,-0.000638858,81.8966,0.510079,0.010018,0.0125949,-0.195218,0,0.696181,-0.0957846,-0.626458,6,drone1
1.59977,-0.371219,9.02125e-06,8.62439,-0.0901464,-0.00471938,81.9578,0.4697,0.00981309,0.0225163,-0.169687,0,-0.606514,-0.0637569,-0.399036,6,drone1
1.6195,-0.368276,9.01574e-06,8.38857,-0.0685032,-0.00828923,82.0301,0.430169,0.00954458,0.0196917,-0.150416,0,-0.582429,-0.0614832,-0.390801,6,drone1
1.63923,-0.365408,9.00964e-06,8.18359,-0.0484769,-0.0114125,82.0811,0.392012,0.00957038,0.0173232,-0.130616,0,-0.418887,-0.0588468,-0.377234,6,drone1
1.65898,-0.362605,9.0043e-06,8.00481,-0.0301203,-0.0141382,82.1136,0.355546,0.00983084,0.0148979,-0.110831,0,-0.264876,-0.0560754,-0.360482,6,drone1
1.67876,-0.359857,9.00018e-06,7.85405,-0.0133591,-0.0165205,85.1406,0.307454,-0.106246,-0.0123854,-0.08323,0,-0.173934,0.89742,-0.608753,6,drone1
1.6948,-0.35742,9.00924e-06,7.34679,0.020076,-0.0209451,84.837,0.27619,-0.0933041,0.00612459,-0.0716532,0,-2.99469,-0.148095,-0.304183,6,drone1
1.70904,-0.355628,4.7705e-06,6.59605,0.0659947,0.00210729,84.5796,0.244655,-0.0816669,0.00531455,-0.055445,0,-2.18388,-0.137211,-0.306767,6,drone1
1.72009,-0.354437,5.07968e-06,6.01997,0.120463,-0.0229336,84.3484,0.215433,-0.0735314,0.0047861,-0.0410782,0,-1.17579,-0.101271,-0.286231,6,drone1
1.72823,-0.353658,7.17821e-06,5.58558,0.19035,-0.0329513,84.1474,0.180934,-0.064545,0.00424895,-0.0299667,0,-0.368621,-0.116485,-0.337489,6,drone1
1.73418,-0.353131,8.42752e-06,5.27294,0.270775,-0.041606,83.9783,0.142318,-0.0562693,0.00376581,-0.0217944,0,0.266662,-0.116564,-0.378283,6,drone1
1.73852,-0.35277,9.12813e-06,5.06167,0.359143,-0.0494718,85.9063,0.160102,-0.129921,-0.0167767,0.0198875,0,0.517678,0.707602,0.120689,6,drone1
1.73415,-0.353041,9.69979e-06,4.71477,0.490056,-0.058495,85.5847,0.10668,-0.11429,0.00258351,-0.0115964,0,-0.968933,-0.184105,-0.528615,6,drone1
1.73656,-0.352889,1.01203e-05,4.29171,0.58929,-0.0624358,85.3323,0.0452939,-0.100653,0.00296855,-0.0159659,0,-0.30058,-0.177994,-0.606698,6,drone1
1.73974,-0.352686,6.11475e-06,3.99167,0.686608,-0.0571888,85.1286,-0.0199709,-0.0889167,0.00298912,-0.013536,0,0.374807,-0.170425,-0.644811,6,drone1
1.74248,-0.352501,5.18274e-06,3.77627,0.790472,-0.0457847,84.9639,-0.0876327,-0.0797337,0.00285608,-0.0103553,0,0.878595,-0.154785,-0.669152,6,drone1
1.74461,-0.352342,1.01026e-05,3.65294,0.89914,-0.0422509,85.0898,-0.157561,-0.0730529,0.00267844,-0.0076182,0,1.25878,-0.134757,-0.689408,6,drone1
1.74458,-0.35234,1.21849e-05,3.57353,1.01993,-0.0458476,85.2155,-0.230455,-0.0678896,0.00247254,-0.00551853,0,1.25616,-0.12095,-0.720667,6,drone1
1.74458,-0.352336,1.33434e-05,3.50877,1.14303,-0.0516406,85.3366,-0.313725,-0.0639358,0.00246665,-0.00557561,0,1.20977,-0.116701,-0.825418,6,drone1
1.74457,-0.352332,2.30749e-05,3.45301,1.26687,-0.112576,85.4521,-0.399716,-0.0603424,0.00245892,-0.0055974,0,1.1535,-0.113459,-0.853132,6,drone1
1.74478,-0.35233,1.8548e-05,3.44296,1.39767,-0.108761,85.5617,-0.483789,-0.0512327,0.00246343,-0.00564183,0,1.09401,-0.164604,-0.829465,6,drone1
1.74479,-0.352329,1.78398e-05,3.43047,1.5367,-0.112672,85.6613,-0.573377,-0.044211,0.00244773,-0.0054622,0,0.994656,-0.146262,-0.886636,6,drone1
1.7448,-0.352328,1.87259e-05,3.41536,1.68432,-0.119739,85.7522,-0.668181,-0.0382962,0.00243955,-0.0054817,0,0.907725,-0.137402,-0.93989,6,drone1
1.74474,-0.352332,1.31043e-05,3.40696,1.84306,-0.105497,85.8356,-0.768348,-0.0330896,0.00243296,-0.00550036,0,0.83213,-0.132613,-0.994207,6,drone1
1.74473,-0.352333,1.90936e-05,3.41489,2.00607,-0.107466,85.9115,-0.876562,-0.0308716,0.00242779,-0.00560006,0,0.757371,-0.107111,-1.07704,6,drone1
1.74474,-0.352333,3.89489e-05,3.42202,2.17052,-0.177567,85.979,-0.991028,-0.0296849,0.00242073,-0.005641,0,0.673804,-0.0994839,-1.14038,6,drone1
1.74473,-0.352333,2.08135e-05,3.42553,2.06175,-0.137575,86.0393,-1.10508,-0.0222075,0.00242956,-0.00567723,0,0.599596,-0.159888,-1.13175,6,drone1
1.74473,-0.352333,2.01358e-05,3.42804,1.81852,-0.127909,86.093,-1.19814,-0.0187793,0.00241428,-0.00565703,0,0.536147,-0.102373,-0.925594,6,drone1
1.74472,-0.352334,1.79456e-05,3.43175,1.5823,-0.114718,86.1411,-1.25822,-0.0150875,0.00240636,-0.00561226,0,0.479878,-0.0800091,-0.596589,6,drone1
1.74471,-0.352334,1.56636e-05,3.43781,1.35066,-0.100827,86.184,-1.29518,-0.0119696,0.00239793,-0.00558164,0,0.427917,-0.0572018,-0.366411,6,drone1
1.7447,-0.352335,1.36524e-05,3.44698,1.1216,-0.0869052,86.222,-1.29885,-0.00868235,0.0023915,-0.00553986,0,0.378869,-0.035341,-0.0344004,6,drone1
1.74468,-0.352336,1.19998e-05,3.45946,0.893553,-0.0730469,86.2552,-1.27931,-0.00570198,0.00238476,-0.00550955,0,0.331535,-0.016343,0.196988,6,drone1
1.74467,-0.352337,1.07081e-05,3.47486,0.665587,-0.0591726,86.2838,-1.24152,-0.00317679,0.00237833,-0.00548809,0,0.2856,0.000343164,0.3788,6,drone1
1.74465,-0.352338,9.76803e-06,3.49204,0.437549,-0.0452128,86.308,-1.18543,-0.00095688,0.00237215,-0.00546168,0,0.241358,0.0152677,0.561089,6,drone1
1.74465,-0.352338,9.17517e-06,3.50921,0.210148,-0.0311716,86.328,-1.11247,0.0010021,0.00236602,-0.00543048,0,0.199763,0.0285806,0.729307,6,drone1
1.74465,-0.352338,9.0094e-06,3.52417,-0.0153785,-0.0172944,86.3443,-1.02419,0.00273005,0.0023599,-0.00539217,0,0.162357,0.0404256,0.882093,6,drone1
1.74465,-0.352337,9.18539e-06,3.53635,-0.239119,-0.00344932,86.3575,-0.922204,0.00426847,0.00235343,-0.00534829,0,0.130922,0.0507217,1.01868,6,drone1
1.74465,-0.352336,9.68848e-06,3.54625,-0.461873,0.0104017,86.3681,-0.808031,0.00563922,0.00234751,-0.00530436,0,0.105451,0.0598023,1.14024,6,drone1
1.74465,-0.352336,1.05149e-05,3.55431,-0.684429,0.0242915,86.3767,-0.682969,0.00686029,0.00234218,-0.00526046,0,0.0848397,0.0678708,1.24884,6,drone1
1.74465,-0.352335,1.16673e-05,3.56087,-0.907572,0.038255,86.3836,-0.548118,0.00794766,0.00233734,-0.00521649,0,0.0681754,0.0750934,1.34646,6,drone1
1.74465,-0.352335,1.31534e-05,3.56622,-1.13208,0.0523297,86.3892,-0.404395,0.00891576,0.00233288,-0.00517232,0,0.0547146,0.0816129,1.43494,6,drone1
1.74465,-0.352335,1.49859e-05,3.5706,-1.35873,0.0665559,86.3937,-0.252551,0.00977767,0.00232871,-0.00512783,0,0.0438516,0.087554,1.51594,6,drone1
1.74465,-0.352334,1.71822e-05,3.5742,-1.58829,0.0809761,86.3973,-0.0931812,0.0105452,0.00232477,-0.00508285,0,0.0350933,0.0930268,1.591,6,drone1
1.74465,-0.352334,1.97646e-05,3.57718,-1.82156,0.0956351,86.4003,0.0732532,0.011229,0.00232101,-0.00503726,0,0.0280383,0.0981291,1.66146,6,drone1
1.74465,-0.352334,2.27604e-05,3.57967,-2.05932,0.11058,86.4027,0.246417,0.0118384,0.00231737,-0.00499089,0,0.0223599,0.102949,1.72859,6,drone1
1.74465,-0.352334,3.75626e-05,3.58146,-2.20623,0.0939322,86.4046,0.426087,0.012382,0.00231381,-0.00494359,0,0.0177926,0.107564,1.79348,6,drone1
1.74466,-0.352334,2.71105e-05,3.58564,-1.98886,0.0956806,86.4061,0.602347,0.0154511,0.00231642,-0.00491391,0,0.0143992,0.0801084,1.76105,6,drone1
1.74466,-0.352334,2.15997e-05,3.58972,-1.777,0.0884641,86.4071,0.739298,0.0166846,0.00231586,-0.00494744,0,0.00881363,0.0736336,1.36758,6,drone1
1.74466,-0.352333,1.79402e-05,3.59293,-1.57329,0.0787059,86.4075,0.841365,0.017196,0.00231649,-0.00498954,0,0.0038273,0.0588902,1.01898,6,drone1
1.74466,-0.352333,1.54483e-05,3.59544,-1.37684,0.0676737,86.4076,0.912833,0.0173605,0.0023178,-0.00502988,0,0.000152126,0.0431409,0.713373,6,drone1
1.74466,-0.352333,1.36434e-05,3.59739,-1.18686,0.0562338,88.2241,0.929176,-0.0285778,-0.0126661,-0.0262914,0,-0.202943,0.176353,0.151971,6,drone1
1.74988,-0.351948,1.22431e-05,3.4431,-1.02887,0.0440552,88.042,0.953219,-0.0243489,0.00215824,-0.00517735,0,-1.82013,-0.0382604,0.241093,6,drone1
1.74978,-0.351972,1.12885e-05,3.16988,-0.850549,0.0289926,87.8935,0.959002,-0.0203144,0.00194102,3.64108e-05,0,-1.4841,-0.0390254,0.058719,6,drone1
1.74976,-0.351984,1.04731e-05,2.94608,-0.67694,0.0166412,87.7872,0.946309,-0.0164741,0.00196423,-9.08686e-05,0,-1.06275,-0.0419894,-0.125788,6,drone1
1.74974,-0.351992,2.4663e-06,2.76179,-0.50626,0.0211113,87.7138,0.917477,-0.0129413,0.00197864,-0.000129975,0,-0.73289,-0.0447769,-0.286992,6,drone1
1.74975,-0.351992,5.60295e-06,2.60355,-0.338541,0.0259747,87.6663,0.874494,-0.0112481,0.00198658,-0.000180394,0,-0.475469,-0.032462,-0.428938,6,drone1
1.74975,-0.351992,9.02047e-06,2.46923,-0.171493,0.0254478,87.6393,0.819071,-0.0111497,0.00198559,-0.000195043,0,-0.269814,-0.0223773,-0.553777,6,drone1
1.74975,-0.351991,9.87841e-06,2.35254,-0.00314783,0.0201103,87.6285,0.752496,-0.0118641,0.00198595,-0.000217367,0,-0.108642,-0.0197183,-0.665502,6,drone1
1.74966,-0.351997,9.38901e-06,2.24705,0.165788,-0.0242933,87.6304,0.675733,-0.0127641,0.00198733,-0.000245505,0,0.0187958,-0.0228858,-0.767345,6,drone1
1.74973,-0.351996,7.82701e-06,2.13708,0.334856,-0.0275894,87.6426,0.589584,-0.00986805,0.00200211,-0.00036763,0,0.122286,-0.0653797,-0.859488,6,drone1
1.74973,-0.351999,8.69589e-06,2.046,0.503989,-0.0339235,87.6646,0.495145,-0.00760759,0.00200241,-0.000325329,0,0.219963,-0.0630593,-0.942552,6,drone1
1.74972,-0.352001,1.00016e-05,1.97046,0.673542,-0.0404212,87.6936,0.393226,-0.00555588,0.0020071,-0.000363108,0,0.288997,-0.0643404,-1.01736,6,drone1
1.74974,-0.352,1.12972e-05,1.90422,0.846921,-0.0462962,87.7272,0.284533,-0.0036291,0.00201077,-0.000398706,0,0.335617,-0.065856,-1.0851,6,drone1
1.7497,-0.352002,4.99741e-06,1.84105,1.02717,-0.0298211,87.7641,0.169364,-0.0018504,0.00201167,-0.000420112,0,0.368282,-0.0667744,-1.1499,6,drone1
1.74972,-0.352001,1.07314e-05,1.77875,1.20939,-0.0254308,87.1948,0.00595873,0.0295289,0.00659125,-0.0389894,0,0.811985,-0.368431,-1.61912,6,drone1
1.75772,-0.351737,1.3798e-05,1.78025,1.35596,-0.0262754,87.2975,-0.117472,0.0243094,0.00201479,-0.000489025,0,1.02682,-0.0182372,-1.23526,6,drone1
1.75759,-0.351744,1.63459e-05,1.83047,1.5448,-0.0319322,82.06,-0.240433,0.106025,0.0414616,-0.00408345,0,0.589135,-0.988155,-1.16251,6,drone1
1.75902,-0.351559,1.86295e-05,2.33162,1.72954,-0.0523156,82.671,-0.372119,0.0872751,0.000966581,0.00742002,0,6.11102,-0.0600085,-1.32816,6,drone1
1.75894,-0.351605,2.10264e-05,3.1443,1.92501,-0.0874793,83.1708,-0.509362,0.0712606,0.000807569,0.00877485,0,4.999,-0.0704458,-1.37951,6,drone1
1.7589,-0.351651,2.36864e-05,3.81036,2.12508,-0.123214,83.5395,-0.652729,0.0580508,0.00106897,0.00864203,0,3.68692,-0.0809656,-1.43721,6,drone1
1.75891,-0.351708,3.07403e-05,4.34246,2.15313,-0.131668,83.8047,-0.802041,0.0471811,0.00128151,0.008537,0,2.65278,-0.0911544,-1.49416,6,drone1
1.75872,-0.351728,2.27572e-05,4.82679,1.9603,-0.144703,83.9902,-0.93931,0.0371464,0.00145879,0.00852776,0,1.85592,-0.0684329,-1.37459,6,drone1
1.75869,-0.351763,1.91057e-05,5.21336,1.77611,-0.14411,84.1088,-1.04378,0.0302253,0.00158368,0.00836133,0,1.1861,-0.0503018,-1.04575,6,drone1
1.75867,-0.351793,1.70081e-05,5.5194,1.6002,-0.137022,84.1768,-1.11946,0.0248399,0.00169293,0.00835588,0,0.680829,-0.0281795,-0.758238,6,drone1
1.75865,-0.351817,1.5453e-05,5.7601,1.43165,-0.126588,84.2073,-1.17001,0.0203,0.00177573,0.00835705,0,0.30648,-0.00734557,-0.507402,6,drone1
1.75864,-0.351836,1.41374e-05,5.94836,1.26971,-0.114243,84.2107,-1.19862,0.0162979,0.00183743,0.008364,0,0.0348339,0.0108492,-0.288718,6,drone1
1.75863,-0.351852,1.29901e-05,6.09495,1.11369,-0.100733,84.1949,-1.20814,0.012687,0.00188244,0.00837571,0,-0.157251,0.0264397,-0.0982821,6,drone1
1.75862,-0.351864,1.20003e-05,6.20865,0.962946,-0.0865038,84.166,-1.20104,0.00939106,0.00191439,0.00839123,0,-0.288454,0.0398072,0.0673506,6,drone1
1.7585,-0.351879,5.78923e-06,6.29383,0.814444,-0.0971746,84.1286,-1.17951,0.00636739,0.00193623,0.00840969,0,-0.373642,0.051337,0.211249,6,drone1
1.75851,-0.351881,1.00096e-05,6.34826,0.675112,-0.0577656,84.0864,-1.14548,0.006139,0.00195992,0.00831883,0,-0.421787,0.0359629,0.33841,6,drone1
1.75851,-0.351886,8.76974e-06,6.39093,0.536292,-0.044137,84.043,-1.09664,0.00386056,0.00195601,0.00836498,0,-0.434382,0.0713235,0.483649,6,drone1
1.7585,-0.351889,8.71557e-06,6.42368,0.400728,-0.0284506,83.9996,-1.039,0.00189375,0.00195799,0.00838955,0,-0.433878,0.0774406,0.571596,6,drone1
1.7585,-0.351892,8.81293e-06,6.44876,0.267683,-0.0128017,83.9572,-0.973467,3.01078e-05,0.00195701,0.00841536,0,-0.423478,0.0848723,0.650042,6,drone1
1.7585,-0.351894,8.87449e-06,6.46793,0.136621,0.00244179,83.9166,-0.90105,-0.00173283,0.00195423,0.00844165,0,-0.406418,0.0914711,0.718591,6,drone1
1.7585,-0.351896,8.92808e-06,6.48254,0.00706869,0.0173573,87.7463,-0.917933,0.0342702,-0.0286184,-0.0162814,0,-0.492602,0.229105,-0.212287,6,drone1
1.76097,-0.35193,9.07875e-06,6.05711,-0.133395,0.0324919,87.3234,-0.824966,0.0261585,0.00251393,0.00834429,0,-4.22918,0.0867766,0.928951,6,drone1
1.76097,-0.351874,9.27634e-06,5.33358,-0.26179,0.0428162,86.5903,-0.72723,0.0136297,0.00256869,0.0108659,0,-3.38092,0.0881009,0.976908,6,drone1
1.75886,-0.351995,9.51162e-06,4.80466,-0.379961,0.0502708,86.0274,-0.626254,0.0043848,0.00223408,0.0109652,0,-1.92439,0.0902183,1.00728,6,drone1
1.75647,-0.352199,1.96094e-05,4.43587,-0.503307,0.00082246,94.2295,-0.537704,-0.0780566,-0.0655207,0.00429361,0,-1.59499,1.77826,0.715305,6,drone1
1.75495,-0.352023,1.3046e-05,3.53898,-0.629352,0.0151015,93.363,-0.43705,-0.0735691,0.0031614,0.00615138,0,-8.66396,-0.186564,0.989152,6,drone1
1.75488,-0.352091,1.13754e-05,2.15416,-0.765253,0.0096116,92.6729,-0.332666,-0.069643,0.00261346,0.00478098,0,-6.90046,-0.15651,1.03215,6,drone1
1.7548,-0.352127,1.15335e-05,1.0096,-0.902584,-0.00207837,93.9789,-0.258263,-0.094468,-0.0147468,0.00272321,0,-6.03417,0.285548,0.796548,6,drone1
1.7544,-0.352131,1.23274e-05,-0.104118,-1.04005,-0.0197257,93.4801,-0.143798,-0.087733,0.00255073,0.00476834,0,-4.98617,-0.190969,1.13025,6,drone1
1.75433,-0.352128,1.33969e-05,-1.17155,-1.18124,-0.0420961,93.1426,-0.0270849,-0.080263,0.0024015,0.00446155,0,-3.37378,-0.176083,1.15602,6,drone1
1.75427,-0.352113,1.46213e-05,-2.06058,-1.325,-0.0657194,92.9455,0.0920403,-0.0722471,0.00229157,0.00448105,0,-1.96902,-0.163649,1.18262,6,drone1
1.75422,-0.352091,1.59944e-05,-2.79707,-1.47193,-0.0900294,88.8963,0.336326,-0.0178043,0.0329675,0.0529388,0,-1.66172,-0.63372,2.36028,6,drone1
1.74298,-0.351324,1.69904e-05,-3.07081,-1.56942,-0.102372,89.2862,0.448098,-0.0106935,0.00179717,0.00463589,0,3.90009,-0.0152693,1.11967,6,drone1
1.74317,-0.351341,1.8686e-05,-2.98782,-1.72651,-0.108321,89.6645,0.558528,-0.00442125,0.00178457,-0.00661088,0,3.78358,-0.0161024,1.10575,6,drone1
1.74317,-0.351343,2.05735e-05,-2.91967,-1.8875,-0.114468,89.9966,0.673662,0.000945967,0.00173609,-0.00640133,0,3.32202,-0.0168638,1.15231,6,drone1
1.74318,-0.351345,2.26979e-05,-2.86369,-2.0538,-0.120929,90.2887,0.793413,0.00551757,0.00169306,-0.00637575,0,2.92143,-0.0181529,1.19812,6,drone1
1.74318,-0.351344,3.66651e-05,-2.81803,-2.22277,-0.126498,90.5459,0.917847,0.00939666,0.00165576,-0.00634817,0,2.57304,-0.019904,1.24468,6,drone1
1.74318,-0.351334,2.95233e-05,-2.78992,-2.12257,-0.133539,84.2696,1.02279,0.243266,0.0504692,-0.020419,0,2.38914,-1.28754,1.12694,6,drone1
1.74652,-0.351324,2.50602e-05,-2.24275,-1.97424,-0.0520095,85.121,1.13253,0.229334,0.00229311,-0.006125,0,8.50853,0.319318,1.05809,6,drone1
1.74623,-0.351295,2.15444e-05,-1.41931,-1.80895,-0.0226578,85.8328,1.21618,0.208579,0.00170815,-0.00290486,0,7.11221,0.322815,0.798581,6,drone1
1.74619,-0.351279,1.93637e-05,-0.724628,-1.6496,0.000487416,86.3913,1.27453,0.188086,0.00162604,-0.00327042,0,5.57911,0.27123,0.55543,6,drone1
1.74615,-0.351269,1.71299e-05,-0.144818,-1.497,0.016186,86.8246,1.31081,0.168386,0.00153935,-0.00338093,0,4.32764,0.231096,0.341951,6,drone1
1.74611,-0.351265,1.53183e-05,0.339422,-1.35083,0.0270283,87.1566,1.328,0.149995,0.00147019,-0.00347799,0,3.31586,0.197214,0.156344,6,drone1
1.74609,-0.351265,1.3914e-05,0.743819,-1.21058,0.0342509,90.1333,1.38836,0.0191824,-0.0217962,0.0145166,0,2.687,0.716238,0.501174,6,drone1
1.7428,-0.351331,1.29568e-05,0.861226,-1.05932,0.0347658,90.0456,1.36868,0.0155209,0.00120225,-0.00369287,0,-0.877298,0.0384172,-0.196467,6,drone1
1.74285,-0.351329,1.18317e-05,0.770789,-0.928579,0.030762,89.955,1.33584,0.0122891,0.00121301,-0.00701433,0,-0.906958,0.0349071,-0.328043,6,drone1
1.74286,-0.351329,1.10572e-05,0.695291,-0.801875,0.0278707,89.8824,1.29322,0.00945005,0.00123463,-0.00697692,0,-0.725853,0.030478,-0.426083,6,drone1
1.74286,-0.351328,1.04662e-05,0.632252,-0.678994,0.0256289,89.8247,1.24219,0.00689905,0.00125255,-0.00699341,0,-0.577795,0.0267727,-0.510247,6,drone1
1.74288,-0.351328,1.01518e-05,0.579261,-0.560362,-0.0129932,89.779,1.18397,0.00458305,0.0012672,-0.00701059,0,-0.457,0.0234637,-0.582153,6,drone1
1.74293,-0.351328,1.06776e-05,0.53524,-0.446561,-0.0161064,89.7432,1.11969,0.00615242,0.00128654,-0.00701815,0,-0.358344,-0.0163606,-0.642837,6,drone1
1.74298,-0.351327,1.11375e-05,0.495955,-0.334825,-0.0188802,89.7153,1.05045,0.00769874,0.00129675,-0.00698835,0,-0.278486,-0.0170497,-0.692352,6,drone1
1.74304,-0.351327,1.05249e-05,0.458717,-0.221377,-0.0191804,88.9528,0.909907,0.0668563,0.00568102,-0.0499845,0,-0.640655,-0.463442,-1.40359,6,drone1
1.75319,-0.351248,1.00468e-05,0.482696,-0.156964,-0.0188232,89.0116,0.839147,0.0619231,0.00140172,-0.00690027,0,0.588194,0.033113,-0.708539,6,drone1
1.75302,-0.35125,9.51231e-06,0.552594,-0.0444378,-0.0187846,89.0622,0.769017,0.0574504,0.00122395,0.00322833,0,0.505433,0.0298334,-0.70209,6,drone1
1.75303,-0.351249,9.23598e-06,0.610947,0.0662144,-0.019345,89.1008,0.697294,0.0534165,0.00123306,0.00303846,0,0.385053,0.0264212,-0.717876,6,drone1
1.75303,-0.351249,9.18369e-06,0.659663,0.176207,-0.0203875,89.1296,0.622236,0.0497824,0.00123782,0.00301825,0,0.28826,0.0228547,-0.751105,6,drone1
1.75303,-0.351248,9.28995e-06,0.700326,0.285932,-0.0217367,89.1507,0.540455,0.0464823,0.0012419,0.00299712,0,0.210792,0.0192187,-0.818247,6,drone1
1.75303,-0.351248,9.51154e-06,0.734262,0.395776,-0.0232715,86.2347,0.463433,0.139865,0.0225854,0.00208897,0,-0.0955745,-0.670734,-0.730305,6,drone1
1.75257,-0.351288,9.8285e-06,1.00676,0.508281,-0.0271052,86.5379,0.376004,0.125588,0.00109517,0.00301576,0,3.0316,0.0640172,-0.883448,6,drone1
1.7526,-0.351281,1.02317e-05,1.44489,0.619246,-0.0337893,86.7836,0.285919,0.113074,0.00118681,0.00251623,0,2.45607,0.0530083,-0.907889,6,drone1
1.75263,-0.351273,1.07252e-05,1.80944,0.731467,-0.0412829,86.9608,0.193604,0.10225,0.00121037,0.00251543,0,1.77247,0.0433527,-0.92842,6,drone1
1.75265,-0.351265,1.13101e-05,2.11206,0.845308,-0.0493555,91.5734,0.0455948,-0.0039978,-0.0339295,-0.0177946,0,1.38078,0.80708,-1.60841,6,drone1
1.75609,-0.351001,1.1899e-05,1.97151,0.945026,-0.0507354,100.235,-0.172526,-0.188515,-0.0672898,-0.0246555,0,1.07781,1.81881,-2.1361,6,drone1
1.76173,-0.350679,1.25134e-05,0.780525,1.03701,-0.032391,99.0143,-0.24961,-0.160364,0.00223488,0.00555107,0,-12.2084,-0.0618912,-0.816756,6,drone1
1.76153,-0.350669,1.3375e-05,-0.841275,1.15892,-0.00124768,97.9266,-0.328469,-0.136816,0.00263439,0.0112335,0,-9.79677,-0.0497217,-0.82483,6,drone1
1.75909,-0.350563,1.44436e-05,-2.18374,1.2938,0.031067,97.1534,-0.41231,-0.116937,0.00205712,0.0111235,0,-7.08748,-0.0367107,-0.862731,6,drone1
1.75675,-0.350395,1.56595e-05,-3.28055,1.43106,0.0637492,96.6563,-0.501823,-0.0998352,0.00131901,0.00874662,0,-4.97199,-0.0226541,-0.910751,6,drone1
1.75673,-0.350336,1.69282e-05,-4.17243,1.56073,0.0955642,96.3187,-0.59645,-0.0854029,0.000762098,0.0064303,0,-3.37843,-0.00826296,-0.957044,6,drone1
1.75664,-0.350292,2.56801e-05,-4.90013,1.69046,0.178177,96.1039,-0.694882,-0.0732384,0.000557142,0.00639694,0,-2.1492,0.00417561,-0.991734,6,drone1
1.75684,-0.350326,3.03499e-05,-5.5424,1.83541,0.138586,95.9832,-0.797206,-0.0680979,0.000389557,0.006297,0,-1.20709,0.0673893,-1.0223,6,drone1
1.75681,-0.350281,2.6101e-05,-6.08818,1.9792,0.183987,95.9389,-0.903372,-0.0568042,0.000348233,0.00646712,0,-0.444815,0.0020844,-1.06764,6,drone1
1.75686,-0.350281,3.23086e-05,-6.55777,2.12831,0.280016,95.9534,-1.0137,-0.0483559,0.000227668,0.0064144,0,0.144783,0.0288804,-1.10614,6,drone1
1.75679,-0.350258,4.5192e-05,-6.98592,2.18999,0.208128,96.0133,-1.12887,-0.0473639,0.000158398,0.00643191,0,0.599162,0.104198,-1.14704,6,drone1
1.75679,-0.350262,3.39488e-05,-7.42484,2.06316,0.227963,103.442,-1.41159,0.0315512,-0.0614152,-0.0340638,0,0.393064,0.954608,-2.77838,6,drone1
1.76445,-0.351349,2.01975e-05,-8.2464,1.90283,0.292556,102.84,-1.47976,0.0359244,0.000884118,0.00631527,0,-6.01946,0.147561,-0.66665,6,drone1
1.76434,-0.351426,1.80304e-05,-9.21643,1.79569,0.306254,102.475,-1.52631,0.0350743,0.00241381,0.0139188,0,-4.59619,0.151748,-0.441599,6,drone1
1.76152,-0.350983,1.8115e-05,-9.93768,1.71045,0.316715,102.263,-1.55778,0.0342534,0.00215799,0.0138765,0,-3.26175,0.11349,-0.296611,6,drone1
1.75893,-0.350576,2.64327e-05,-10.5492,1.64135,0.269698,102.161,-1.57784,0.0334089,0.00137326,0.0111225,0,-2.32873,0.089259,-0.18578,6,drone1
1.75639,-0.349955,2.03606e-05,-11.0515,1.56425,0.280366,102,-1.58823,0.034083,0.00076452,0.0085822,0,-1.61543,0.0165963,-0.102743,6,drone1
1.75645,-0.34989,1.66976e-05,-11.4349,1.48086,0.280224,101.905,-1.59019,0.0335217,-4.65098e-08,0.00607807,0,-0.9514,0.00968963,-0.0178962,6,drone1
1.7565,-0.349877,1.56137e-05,-11.707,1.40416,0.272372,101.857,-1.58375,0.0324145,-0.000115355,0.00615361,0,-0.472617,-0.00269398,0.0652735,6,drone1
1.75655,-0.349888,1.49731e-05,-11.9361,1.32993,0.262461,101.842,-1.57027,0.0313632,-0.000160738,0.00621077,0,-0.152958,-0.0175738,0.134059,6,drone1
1.7566,-0.349897,1.44363e-05,-12.1313,1.25702,0.251325,101.851,-1.55066,0.0304616,-0.000174828,0.00628048,0,0.0917496,-0.0312839,0.19381,6,drone1
1.75664,-0.349906,1.392e-05,-12.297,1.18473,0.239213,101.879,-1.52564,0.0297156,-0.000184013,0.00634189,0,0.278034,-0.0435488,0.246504,6,drone1
1.75668,-0.349913,1.34106e-05,-12.4375,1.11259,0.226242,101.92,-1.49579,0.0291076,-0.000189072,0.0063976,0,0.416318,-0.0545314,0.293514,6,drone1
1.75671,-0.349919,1.2912e-05,-12.5562,1.04024,0.212487,101.972,-1.4616,0.0286151,-0.000190778,0.00644844,0,0.515469,-0.0644516,0.335839,6,drone1
1.75674,-0.349925,1.243e-05,-12.6561,0.967372,0.198003,102.03,-1.42346,0.028217,-0.00018979,0.00649505,0,0.582917,-0.0735091,0.374271,6,drone1
1.75676,-0.349929,1.19688e-05,-12.7398,0.893721,0.18283,98.207,-1.40988,0.0248171,0.0262831,-0.0210541,0,0.431299,-0.932223,-0.0695633,6,drone1
1.7602,-0.35048,1.10625e-05,-12.2905,0.807534,0.157565,98.6602,-1.36197,0.0263387,-0.000627214,0.00654941,0,4.53187,-0.0665778,0.474544,6,drone1
1.76023,-0.350615,1.0855e-05,-11.4016,0.742085,0.13105,99.2414,-1.30976,0.0325773,-0.000187839,0.0100423,0,3.62973,-0.0741317,0.515432,6,drone1
1.75833,-0.350357,1.0612e-05,-10.8628,0.687702,0.113356,99.6393,-1.25585,0.0365915,0.000208034,0.0100929,0,2.16002,-0.0759222,0.53238,6,drone1
1.75641,-0.350066,1.03665e-05,-10.5691,0.63557,0.100024,99.7616,-1.20181,0.0356398,0.000159019,0.00818849,0,1.22352,-0.0759758,0.535161,6,drone1
1.75646,-0.350103,1.01125e-05,-10.398,0.576334,0.0872308,99.8423,-1.14781,0.0345942,-4.30699e-05,0.00627221,0,0.807684,-0.077857,0.534408,6,drone1
1.75647,-0.350123,9.89563e-06,-10.2816,0.519625,0.0757621,99.8979,-1.09317,0.0335407,2.40872e-05,0.00633618,0,0.555911,-0.0806705,0.540553,6,drone1
1.75648,-0.350135,9.71279e-06,-10.2021,0.46511,0.06522,99.9362,-1.03821,0.0325141,6.4379e-05,0.00635963,0,0.384097,-0.0827182,0.543415,6,drone1
1.75648,-0.350144,9.5581e-06,-10.1474,0.412607,0.055372,99.9628,-0.983198,0.031536,9.2375e-05,0.00637902,0,0.266229,-0.0841513,0.543713,6,drone1
1.75649,-0.35015,9.42741e-06,-10.1097,0.361935,0.0460602,99.9812,-0.92835,0.0306183,0.000112061,0.00639563,0,0.185024,-0.085067,0.541919,6,drone1
1.75649,-0.350154,9.31774e-06,-10.0835,0.312909,0.0371736,99.9941,-0.873837,0.0297666,0.000126091,0.00641028,0,0.128863,-0.0855536,0.538444,6,drone1
1.7565,-0.350157,9.22686e-06,-10.0652,0.265353,0.0286308,103.521,-0.764792,0.0205176,-0.0221288,0.031615,0,0.209364,0.43542,1.14765,6,drone1
1.75122,-0.349607,9.19463e-06,-10.6232,0.243916,0.0272414,103.175,-0.71683,0.0193178,0.000538384,0.00641513,0,-3.45496,-0.113141,0.466158,6,drone1
1.75123,-0.349488,9.12178e-06,-11.5004,0.198422,0.021822,102.92,-0.671503,0.0186504,-0.000346473,0.00118248,0,-2.55151,-0.105662,0.440798,6,drone1
1.75118,-0.349383,9.06558e-06,-12.0713,0.154726,0.0145127,102.778,-0.626103,0.0184796,-0.000486638,0.0012007,0,-1.41906,-0.104772,0.441733,6,drone1
1.75114,-0.349313,9.03056e-06,-12.433,0.112067,0.00609989,102.707,-0.580795,0.0185984,-0.000606504,0.00114705,0,-0.706236,-0.103815,0.441026,6,drone1
1.75112,-0.349269,9.00857e-06,-12.6582,0.0702072,-0.00286176,102.68,-0.535658,0.0188721,-0.000683241,0.0011143,0,-0.273855,-0.102905,0.439499,6,drone1
1.7511,-0.349241,8.99759e-06,-12.7968,0.0289479,-0.0120689,102.678,-0.490745,0.0192162,-0.000730782,0.00109669,0,-0.0212328,-0.102015,0.437403,6,drone1
1.75109,-0.349224,8.9973e-06,-12.8813,-0.011883,-0.02137,102.69,-0.446091,0.0195805,-0.000759409,0.00108929,0,0.119478,-0.101147,0.43495,6,drone1
1.75109,-0.349213,9.00778e-06,-12.9326,-0.0524426,-0.0306997,102.695,-0.395237,0.0251195,-0.00685963,-0.0029256,0,0.0547175,-0.165537,0.484016,6,drone1
1.75109,-0.349206,9.02914e-06,-12.9634,-0.0928794,-0.0400405,102.719,-0.351778,0.0249381,-0.000785665,0.00109161,0,0.237849,-0.092945,0.42454,6,drone1
1.75109,-0.349202,9.06157e-06,-12.9818,-0.133337,-0.0494004,102.743,-0.308513,0.0247785,-0.000790433,0.00109748,0,0.244908,-0.0928842,0.422562,6,drone1
1.75109,-0.3492,9.1053e-06,-12.9926,-0.173958,-0.0588003,102.767,-0.265422,0.0246335,-0.000792448,0.00110492,0,0.238817,-0.0928495,0.420797,6,drone1
1.75109,-0.349198,9.16072e-06,-12.9989,-0.214881,-0.0682677,102.79,-0.222469,0.0244992,-0.000792794,0.00111332,0,0.225766,-0.0928673,0.419366,6,drone1
1.75109,-0.349197,9.22833e-06,-13.0023,-0.256248,-0.0778337,102.811,-0.179611,0.0243736,-0.000792131,0.00112234,0,0.209423,-0.0929624,0.418377,6,drone1
1.75109,-0.349197,9.3088e-06,-13.0041,-0.298199,-0.0875304,102.83,-0.136793,0.0242554,-0.000790856,0.00113177,0,0.191925,-0.0931579,0.417927,6,drone1
1.75109,-0.349196,9.40298e-06,-13.0049,-0.340876,-0.0973912,102.847,-0.0939509,0.0241441,-0.000789205,0.00114149,0,0.174485,-0.0934751,0.418103,6,drone1
1.75109,-0.349196,9.51188e-06,-13.005,-0.384424,-0.10745,102.863,-0.0510124,0.0240393,-0.00078732,0.00115145,0,0.157764,-0.093934,0.418985,6,drone1
1.75109,-0.349196,9.6367e-06,-13.0048,-0.428986,-0.11774,101.029,0.0244788,0.0316007,0.018061,0.0143075,0,0.198165,-0.258529,0.723165,6,drone1
1.74742,-0.348102,9.71928e-06,-12.6295,-0.457536,-0.121151,101.227,0.0646287,0.0313223,-0.000820458,0.0011463,0,1.9755,-0.0679419,0.395698,6,drone1
1.74753,-0.348216,9.88188e-06,-12.0662,-0.506239,-0.126821,101.367,0.103606,0.0308672,-0.001812,-0.00254248,0,1.40265,-0.0671923,0.383954,6,drone1
1.74757,-0.348281,1.00594e-05,-11.7099,-0.555684,-0.13376,101.437,0.143539,0.0302319,-0.00172916,-0.00239135,0,0.699046,-0.0703176,0.393136,6,drone1
1.7476,-0.348321,1.02557e-05,-11.481,-0.606452,-0.141737,101.464,0.184443,0.0295191,-0.0016807,-0.00232978,0,0.272763,-0.0732588,0.402496,6,drone1
1.74761,-0.348347,1.04767e-05,-11.3322,-0.658796,-0.150574,101.466,0.226381,0.0287895,-0.00164886,-0.00228742,0,0.0164508,-0.0761483,0.412471,6,drone1
1.74763,-0.348364,1.07256e-05,-11.2348,-0.712939,-0.160155,101.452,0.269425,0.0280793,-0.00162712,-0.00225648,0,-0.134041,-0.0790466,0.423176,6,drone1
1.74763,-0.348375,1.10053e-05,-11.1707,-0.769091,-0.170408,99.1069,0.357878,0.0997307,0.0185954,0.00112937,0,-0.309105,-0.77605,0.757666,6,drone1
1.74655,-0.347884,1.12871e-05,-10.722,-0.823202,-0.174376,99.3131,0.399095,0.0926383,-0.00150899,-0.00227563,0,2.06173,0.0115621,0.41804,6,drone1
1.74663,-0.347984,1.16442e-05,-10.0658,-0.88616,-0.175781,99.4539,0.441515,0.0860459,-0.001998,-0.00334152,0,1.40674,0.0011472,0.429282,6,drone1
1.74667,-0.348051,1.20367e-05,-9.61542,-0.951125,-0.179589,99.5149,0.485841,0.0798407,-0.00194477,-0.00322318,0,0.609771,-0.00945716,0.447477,6,drone1
1.7467,-0.348096,1.24711e-05,-9.301,-1.01857,-0.185246,99.5248,0.532158,0.0740697,-0.00190535,-0.00314954,0,0.0983273,-0.0192898,0.466351,6,drone1
1.74672,-0.348127,1.29568e-05,-9.07884,-1.08881,-0.192401,99.5022,0.580563,0.0687484,-0.00187671,-0.0030958,0,-0.226058,-0.028485,0.486137,6,drone1
1.74674,-0.348148,1.35004e-05,-8.92054,-1.16217,-0.200817,99.4597,0.631163,0.063874,-0.00185485,-0.0030547,0,-0.425764,-0.0371564,0.50698,6,drone1
1.74675,-0.348163,1.41085e-05,-8.80709,-1.2389,-0.210339,99.4055,0.684072,0.0594323,-0.00183746,-0.00302177,0,-0.541642,-0.0453986,0.529006,6,drone1
1.74676,-0.348174,1.47883e-05,-8.72543,-1.31929,-0.220861,99.3454,0.739416,0.0554022,-0.00182312,-0.00299416,0,-0.60111,-0.0532956,0.552334,6,drone1
1.74676,-0.348181,1.55478e-05,-8.66645,-1.40362,-0.232317,99.2832,0.79733,0.0517589,-0.00181091,-0.00296996,0,-0.622865,-0.060923,0.57708,6,drone1
1.74677,-0.348187,1.63964e-05,-8.62375,-1.49215,-0.244667,99.2212,0.857963,0.0484759,-0.00180023,-0.00294785,0,-0.619777,-0.0683505,0.603353,6,drone1
1.74677,-0.34819,1.73442e-05,-8.59277,-1.58518,-0.257892,99.1611,0.921473,0.0455264,-0.00179065,-0.00292694,0,-0.600742,-0.0756421,0.631266,6,drone1
1.74677,-0.348193,1.8403e-05,-8.57027,-1.68302,-0.271992,99.1039,0.988031,0.0428842,-0.00178185,-0.00290656,0,-0.57191,-0.0828574,0.66093,6,drone1
1.74678,-0.348195,1.95856e-05,-8.5539,-1.78595,-0.286975,99.0502,1.05782,0.0405243,-0.00177362,-0.00288626,0,-0.537517,-0.0900517,0.692459,6,drone1
1.74678,-0.348197,2.09064e-05,-8.542,-1.89432,-0.302863,99.0001,1.13104,0.0384232,-0.00176577,-0.00286568,0,-0.500455,-0.0972773,0.72597,6,drone1
1.74678,-0.348197,2.23818e-05,-8.53334,-2.00846,-0.319686,98.9538,1.20789,0.036559,-0.00175816,-0.00284459,0,-0.462672,-0.104584,0.761584,6,drone1
1.74678,-0.348198,2.40296e-05,-8.52707,-2.12873,-0.337481,98.9112,1.28859,0.0349119,-0.00175069,-0.00282278,0,-0.425453,-0.112018,0.799425,6,drone1
1.74678,-0.348199,2.40042e-05,-8.52272,-2.12561,-0.336886,98.8722,1.37339,0.0334639,-0.00174325,-0.0028001,0,-0.389617,-0.119625,0.839623,6,drone1
1.74678,-0.348199,2.13918e-05,-8.51938,-2.00151,-0.316319,98.8367,1.4494,0.0322396,-0.00173983,-0.00280244,0,-0.354957,-0.107231,0.752549,6,drone1
1.74679,-0.348199,2.01078e-05,-8.51662,-1.88509,-0.299236,98.8045,1.50523,0.0310554,-0.00174056,-0.00282903,0,-0.322205,-0.0754712,0.553321,6,drone1
1.74679,-0.348199,1.91004e-05,-8.51431,-1.77621,-0.283504,98.7753,1.54372,0.0301215,-0.00174055,-0.00285437,0,-0.292107,-0.0505626,0.381669,6,drone1
1.74679,-0.348199,1.81387e-05,-8.51232,-1.67447,-0.268631,98.7488,1.56736,0.0294239,-0.00174016,-0.00287858,0,-0.264564,-0.0296691,0.234688,6,drone1
1.74679,-0.348199,1.7215e-05,-8.51059,-1.57945,-0.254573,98.7249,1.57837,0.0289114,-0.00173946,-0.0029018,0,-0.239439,-0.0118829,0.109536,6,drone1
1.74679,-0.348199,1.63556e-05,-8.50905,-1.49077,-0.241354,98.7032,1.57868,0.0285434,-0.00173839,-0.00292417,0,-0.216574,0.00316168,0.0036152,6,drone1
1.74679,-0.348199,1.55766e-05,-8.50765,-1.40804,-0.228978,98.6837,1.57,0.0282948,-0.00173688,-0.00294584,0,-0.195804,0.015721,-0.0853945,6,drone1
1.74679,-0.348199,1.48813e-05,-8.50636,-1.33092,-0.217426,98.666,1.55383,0.0281518,-0.00173488,-0.00296696,0,-0.176963,0.0260414,-0.159554,6,drone1
1.74679,-0.348199,1.42657e-05,-8.50516,-1.25911,-0.206663,98.65,1.5315,0.0281077,-0.00173232,-0.00298769,0,-0.159887,0.0343658,-0.220689,6,drone1
1.74679,-0.348199,1.37226e-05,-8.50403,-1.19229,-0.19665,98.6355,1.50415,0.02816,-0.00172913,-0.00300818,0,-0.144418,0.0409234,-0.270419,6,drone1
1.74679,-0.348199,1.32442e-05,-8.50295,-1.13021,-0.187346,98.6225,1.47279,0.0283093,-0.00172524,-0.0030286,0,-0.130408,0.0459222,-0.310178,6,drone1
1.7468,-0.348199,1.28231e-05,-8.50191,-1.07259,-0.178714,98.6107,1.43831,0.0285585,-0.00172054,-0.00304915,0,-0.117716,0.0495467,-0.341238,6,drone1
1.7468,-0.348199,1.24526e-05,-8.50091,-1.01921,-0.170717,98.6,1.40147,0.0289128,-0.00171495,-0.00307001,0,-0.106212,0.0519577,-0.364724,6,drone1
1.7468,-0.348199,1.21267e-05,-8.49994,-0.969837,-0.163322,98.5904,1.36294,0.0293792,-0.00170835,-0.00309139,0,-0.0957735,0.0532939,-0.38163,6,drone1
1.7468,-0.348199,1.18404e-05,-8.49899,-0.924272,-0.156497,98.5817,1.3233,0.0299668,-0.00170061,-0.00311354,0,-0.0862884,0.0536739,-0.392836,6,drone1
1.7468,-0.348199,1.15888e-05,-8.49806,-0.882324,-0.150215,98.5739,1.28304,0.030687,-0.00169158,-0.0031367,0,-0.0776528,0.0531978,-0.399116,6,drone1
1.7468,-0.348199,1.13682e-05,-8.49714,-0.843815,-0.144448,98.5669,1.2426,0.0315531,-0.0016811,-0.00316116,0,-0.0697703,0.0519489,-0.401152,6,drone1
1.7468,-0.348199,1.1175e-05,-8.49624,-0.808583,-0.139172,98.5606,1.20235,0.0325813,-0.00166897,-0.00318723,0,-0.0625517,0.049995,-0.399546,6,drone1
1.7468,-0.348199,1.1006e-05,-8.49535,-0.77648,-0.134364,98.555,1.1626,0.03379,-0.00165498,-0.00321526,0,-0.0559141,0.0473897,-0.394824,6,drone1
1.7468,-0.348199,1.08587e-05,-8.49447,-0.747365,-0.130004,98.55,1.12363,0.035201,-0.00163887,-0.00324563,0,-0.0497804,0.0441729,-0.387447,6,drone1
1.7468,-0.348199,1.07307e-05,-8.4936,-0.721115,-0.126073,98.5455,1.08567,0.0368392,-0.00162037,-0.00327879,0,-0.0440779,0.0403721,-0.377818,6,drone1
1.74681,-0.348199,1.06199e-05,-8.49274,-0.697613,-0.122553,98.5416,1.04891,0.0387334,-0.00159914,-0.00331522,0,-0.0387382,0.036002,-0.366289,6,drone1
1.74681,-0.348199,1.05247e-05,-8.49188,-0.676756,-0.119428,98.5382,1.01352,0.0409164,-0.00157484,-0.00335547,0,-0.0336962,0.0310658,-0.353163,6,drone1
1.74681,-0.348199,1.04435e-05,-8.49103,-0.658448,-0.116685,98.5353,0.979651,0.0434261,-0.00154703,-0.00340017,0,-0.0288891,0.0255547,-0.338706,6,drone1
1.74681,-0.348199,1.0375e-05,-8.49019,-0.642606,-0.11431,98.5328,0.947406,0.0463054,-0.00151524,-0.00345,0,-0.0242562,0.019448,-0.323143,6,drone1
1.74681,-0.348199,1.03182e-05,-8.48935,-0.629154,-0.112293,98.5307,0.916891,0.0496035,-0.00147894,-0.00350576,0,-0.0197378,0.0127128,-0.306671,6,drone1
1.74681,-0.348199,1.0272e-05,-8.48851,-0.618026,-0.110623,98.5292,0.888187,0.0533767,-0.00143752,-0.00356832,0,-0.0152745,0.00530399,-0.289455,6,drone1
1.74681,-0.348199,1.02359e-05,-8.48768,-0.609165,-0.109291,98.528,0.861367,0.0576887,-0.00139029,-0.0036387,0,-0.0108067,-0.0028367,-0.271634,6,drone1
1.74681,-0.348199,1.02091e-05,-8.48685,-0.60252,-0.10829,100.997,0.751878,0.0316134,-0.0232554,-0.0246643,0,-0.165887,0.0542576,-1.11635,6,drone1
1.75254,-0.349326,1.03178e-05,-8.83738,-0.625119,-0.11562,100.75,0.737627,0.0406095,-0.00143674,-0.00374691,0,-2.47093,-0.0580529,-0.158202,6,drone1
1.7524,-0.349232,1.02895e-05,-9.39869,-0.62125,-0.121256,100.563,0.727394,0.049933,-1.1334e-05,0.00182567,0,-1.8679,-0.0707643,-0.118965,6,drone1
1.75236,-0.349174,1.02882e-05,-9.7944,-0.620355,-0.125534,100.451,0.718229,0.0597824,-5.30805e-05,0.00156891,0,-1.11357,-0.0790657,-0.10885,6,drone1
1.75234,-0.349132,1.02988e-05,-10.0691,-0.621904,-0.128894,100.391,0.710333,0.07034,-3.59636e-05,0.00140257,0,-0.59944,-0.0890359,-0.0972198,6,drone1
1.75232,-0.349102,1.03185e-05,-10.2578,-0.625821,-0.13173,100.365,0.703845,0.0817878,1.61147e-05,0.00123054,0,-0.256737,-0.10072,-0.0846646,6,drone1
1.75231,-0.349082,1.03469e-05,-10.3864,-0.632048,-0.134331,100.362,0.698894,0.094314,9.8395e-05,0.00104811,0,-0.0333123,-0.114281,-0.0712673,6,drone1
1.7523,-0.349068,1.03845e-05,-10.4734,-0.640549,-0.136901,100.373,0.695602,0.108117,0.000207594,0.00085074,0,0.108798,-0.129898,-0.0570962,6,drone1
1.7523,-0.349058,1.04321e-05,-10.532,-0.651307,-0.139583,100.392,0.694087,0.12341,0.000341797,0.000634318,0,0.196488,-0.14776,-0.0422058,6,drone1
1.75229,-0.349052,1.04902e-05,-10.5713,-0.66432,-0.142476,100.417,0.694465,0.140423,0.000500177,0.000395188,0,0.248437,-0.168062,-0.0266392,6,drone1
1.75229,-0.349047,1.05596e-05,-10.5976,-0.679603,-0.145652,100.444,0.696852,0.159404,0.000682676,0.000130174,0,0.277427,-0.191006,-0.0104284,6,drone1
1.75229,-0.349044,1.06413e-05,-10.615,-0.697181,-0.149161,100.473,0.701363,0.18062,0.00088967,-0.000163344,0,0.292097,-0.216791,0.00640416,6,drone1
1.75229,-0.349042,1.07363e-05,-10.6264,-0.71709,-0.153041,100.503,0.708117,0.204355,0.00112165,-0.000487271,0,0.298205,-0.2456,0.0238454,6,drone1
1.75229,-0.349041,1.08456e-05,-10.6339,-0.739378,-0.157322,100.532,0.717233,0.230909,0.00137888,-0.000842534,0,0.299525,-0.277583,0.0418904,6,drone1
1.75229,-0.34904,1.09708e-05,-10.6386,-0.764101,-0.162029,100.562,0.728834,0.260588,0.00166104,-0.00122872,0,0.298452,-0.312832,0.0605414,6,drone1
1.75229,-0.349039,1.11133e-05,-10.6415,-0.791323,-0.167184,100.591,0.743042,0.293701,0.00196677,-0.0016436,0,0.296413,-0.351354,0.0798069,6,drone1
1.75229,-0.349039,1.1275e-05,-10.6432,-0.821119,-0.172807,100.62,0.759981,0.330545,0.0022933,-0.00208266,0,0.294142,-0.393038,0.0996995,6,drone1
1.7523,-0.349038,1.14579e-05,-10.6441,-0.853571,-0.178919,100.649,0.77977,0.371391,0.00263603,-0.00253859,0,0.291858,-0.43762,0.120235,6,drone1
1.7523,-0.349038,1.16642e-05,-10.6445,-0.888771,-0.18554,100.677,0.802522,0.416465,0.00298815,-0.00300096,0,0.289393,-0.48466,0.141429,6,drone1
1.7523,-0.349038,1.18965e-05,-10.6445,-0.926822,-0.192691,100.705,0.828342,0.465933,0.00334059,-0.00345623,0,0.286292,-0.533531,0.163297,6,drone1
1.7523,-0.349038,1.21578e-05,-10.6443,-0.967831,-0.200393,100.732,0.857321,0.519879,0.00368216,-0.00388813,0,0.281907,-0.583431,0.185852,6,drone1
1.7523,-0.349038,1.24512e-05,-10.6439,-1.01192,-0.208671,100.759,0.889534,0.578297,0.00400006,-0.00427857,0,0.275497,-0.633425,0.209105,6,drone1
1.7523,-0.349037,1.27805e-05,-10.6434,-1.05922,-0.21755,100.784,0.925034,0.641089,0.00427989,-0.00460978,0,0.26637,-0.682592,0.232994,6,drone1
1.7523,-0.349037,1.31498e-05,-10.6429,-1.10987,-0.227056,100.808,0.963882,0.708153,0.00451683,-0.00487983,0,0.254742,-0.730877,0.257627,6,drone1
1.7523,-0.349037,1.35635e-05,-10.6423,-1.16402,-0.237217,100.831,1.00616,0.779429,0.00471763,-0.00509777,0,0.241398,-0.778739,0.283088,6,drone1
1.7523,-0.349037,1.40269e-05,-10.6418,-1.22183,-0.248065,100.852,1.05195,0.854897,0.00488814,-0.00527135,0,0.22696,-0.826611,0.309446,6,drone1
1.75231,-0.349037,1.45457e-05,-10.6412,-1.28347,-0.259632,105.008,1.06086,0.733325,-0.0374716,-0.0259038,0,0.53866,0.524406,-0.404952,6,drone1
1.75903,-0.350835,1.54318e-05,-11.3402,-1.37848,-0.294976,104.612,1.1214,0.835512,0.00486287,-0.00587453,0,-3.93546,-1.15272,0.284649,6,drone1
1.75881,-0.350634,1.60728e-05,-12.4178,-1.44146,-0.335951,104.326,1.18986,0.940109,0.00726919,0.000776176,0,-2.8386,-1.19311,0.372163,6,drone1
1.75874,-0.350506,1.68139e-05,-13.0928,-1.51102,-0.370018,104.176,1.26396,1.04738,0.00713956,0.000695306,0,-1.47359,-1.22755,0.438448,6,drone1
1.75869,-0.350426,1.765e-05,-13.5015,-1.5866,-0.399577,104.108,1.34306,1.15751,0.00708419,0.000701729,0,-0.649009,-1.26375,0.490881,6,drone1
1.75867,-0.350377,1.85844e-05,-13.7438,-1.66805,-0.426622,104.087,1.42255,1.24835,0.00692018,0.000701004,0,-0.17536,-1.07527,0.548109,6,drone1
1.75865,-0.350348,1.96276e-05,-13.8858,-1.75531,-0.452582,104.094,1.49917,1.3164,0.00677577,0.00067165,0,0.0839784,-0.84593,0.578151,6,drone1
1.75864,-0.350331,2.07927e-05,-13.9682,-1.84844,-0.478424,104.114,1.57407,1.36464,0.00667807,0.000649432,0,0.216307,-0.648997,0.610201,6,drone1
1.75864,-0.350321,2.20947e-05,-14.016,-1.94755,-0.504792,104.14,1.64817,1.39573,0.0066136,0.000633236,0,0.275469,-0.48073,0.643913,6,drone1
1.75864,-0.350315,2.35499e-05,-14.0437,-2.05286,-0.532117,104.169,1.72227,1.41207,0.00657293,0.000622337,0,0.293567,-0.337819,0.679413,6,drone1
1.75864,-0.350312,3.16768e-05,-14.0586,-2.11719,-0.563679,111.694,1.99077,1.0023,-0.0472959,0.0505163,0,0.320097,1.43931,1.38455,6,drone1
1.75205,-0.349471,2.60094e-05,-14.9693,-1.97636,-0.554219,120.749,2.19526,0.301217,-0.0994706,0.0940233,0,0.302896,3.23853,2.06007,6,drone1
1.74622,-0.348983,2.23431e-05,-19.2873,-1.81103,-0.655821,119.213,2.22405,0.393184,0.00409971,-0.0077649,0,-15.3209,-0.900881,-0.332282,6,drone1
1.74566,-0.347947,2.03121e-05,-23.5761,-1.67131,-0.750072,117.076,2.22789,0.511381,0.00329614,-0.0130284,0,-9.46922,-0.675029,-0.288008,6,drone1
1.74704,-0.348042,1.90276e-05,-24.5733,-1.58798,-0.746158,115.59,2.22024,0.606494,0.00359477,-0.013105,0,-3.04594,-0.451423,-0.203846,6,drone1
1.74876,-0.348641,1.8157e-05,-24.0326,-1.53217,-0.702926,114.4,2.20136,0.681512,0.00421644,-0.0115741,0,-0.564774,-0.25336,-0.194031,6,drone1
1.75033,-0.349268,1.74744e-05,-23.0693,-1.48573,-0.652348,113.739,2.15056,0.73682,-0.00640076,-0.0251971,0,-0.69208,-0.114178,-0.532922,6,drone1
1.75518,-0.351346,1.70795e-05,-22.1879,-1.45893,-0.614509,113.717,2.129,0.741346,0.00548226,-0.00834209,0,-0.216327,0.045748,-0.215459,6,drone1
1.75518,-0.351443,1.65006e-05,-21.7015,-1.40968,-0.580481,113.61,2.10165,0.739391,0.00757906,-0.00370317,0,-1.07143,0.129928,-0.241461,6,drone1
1.75522,-0.351498,1.60057e-05,-21.5272,-1.36259,-0.556959,113.466,2.06799,0.731795,0.00768908,-0.00385984,0,-1.44407,0.207517,-0.275705,6,drone1
1.75523,-0.351517,1.55684e-05,-21.4639,-1.31944,-0.538261,113.32,2.02989,0.719371,0.00780846,-0.00396513,0,-1.4659,0.269046,-0.296968,6,drone1
1.75524,-0.351523,1.519e-05,-21.4404,-1.28087,-0.522491,113.183,1.98871,0.703,0.00792455,-0.00410453,0,-1.37301,0.316629,-0.310009,6,drone1
1.75524,-0.351525,1.48672e-05,-21.4313,-1.24697,-0.508951,113.059,1.94555,0.683528,0.00805324,-0.0042742,0,-1.24823,0.351905,-0.316685,6,drone1
1.75524,-0.351526,1.45957e-05,-21.4274,-1.21768,-0.497364,112.947,1.90135,0.661731,0.0081983,-0.00447083,0,-1.12027,0.37636,-0.31803,6,drone1
1.75524,-0.351526,1.43711e-05,-21.4254,-1.19291,-0.487597,112.848,1.85692,0.638302,0.00835925,-0.00469084,0,-0.998763,0.391344,-0.314771,6,drone1
1.75525,-0.351525,1.419e-05,-21.4241,-1.17254,-0.479574,112.76,1.81296,0.61385,0.00853406,-0.00493042,0,-0.886576,0.398077,-0.307488,6,drone1
1.75525,-0.351525,1.40493e-05,-21.4232,-1.15646,-0.473244,111.391,1.75571,0.629597,0.00872016,-0.00518564,0,-0.784177,0.39767,-0.296678,6,drone1
1.75541,-0.351392,1.39542e-05,-21.0017,-1.14842,-0.460324,110.124,1.70111,0.640653,0.00903194,-0.00524736,0,0.59943,0.417292,-0.263316,6,drone1
1.75568,-0.351396,1.38875e-05,-20.041,-1.14906,-0.438465,108.932,1.64959,0.647449,0.00917413,-0.00523481,0,1.46011,0.429837,-0.231898,6,drone1
1.75602,-0.351468,1.38669e-05,-18.8704,-1.15526,-0.414046,107.744,1.60105,0.651348,0.00939815,-0.00520747,0,1.70736,0.435831,-0.202539,6,drone1
1.7564,-0.351561,1.38837e-05,-17.6128,-1.16583,-0.389156,106.534,1.55567,0.653195,0.00966962,-0.0051411,0,1.74121,0.436453,-0.173034,6,drone1
1.7568,-0.351657,1.39353e-05,-16.3088,-1.18037,-0.364282,105.294,1.51373,0.653556,0.00995335,-0.00504374,0,1.70962,0.432884,-0.142827,6,drone1
1.75721,-0.351748,1.40216e-05,-14.9734,-1.19876,-0.33941,104.026,1.47546,0.652873,0.0102336,-0.00492127,0,1.66022,0.42613,-0.111861,6,drone1
1.75764,-0.351833,1.41438e-05,-13.613,-1.22096,-0.314369,102.729,1.44107,0.651507,0.0105031,-0.00477449,0,1.60834,0.417063,-0.0801878,6,drone1
1.75807,-0.35191,1.43031e-05,-12.2319,-1.24699,-0.28893,101.406,1.41073,0.649764,0.0107577,-0.00460225,0,1.55892,0.406455,-0.0478733,6,drone1
1.75852,-0.351979,1.45016e-05,-10.8331,-1.27685,-0.262843,100.061,1.38455,0.647903,0.0109945,-0.00440336,0,1.51336,0.394992,-0.0149807,6,drone1
1.75897,-0.352037,1.47414e-05,-9.41947,-1.31056,-0.235848,98.6968,1.36262,0.646143,0.0112111,-0.00417737,0,1.47181,0.383281,0.0184353,6,drone1
1.75943,-0.352085,1.50256e-05,-7.99371,-1.34814,-0.207682,97.3156,1.345,0.644666,0.0114053,-0.00392469,0,1.43398,0.371856,0.0523286,6,drone1
1.75989,-0.352123,1.53574e-05,-6.55839,-1.38962,-0.178072,95.921,1.33174,0.643623,0.0115757,-0.00364657,0,1.39944,0.361185,0.0866619,6,drone1
1.76034,-0.35215,1.57407e-05,-5.11586,-1.43502,-0.146741,94.5157,1.32285,0.643137,0.0117211,-0.00334499,0,1.3677,0.351671,0.121406,6,drone1
1.7608,-0.352166,1.61802e-05,-3.6682,-1.48437,-0.113402,93.1025,1.31836,0.64331,0.011841,-0.00302251,0,1.3382,0.343662,0.156539,6,drone1
1.76125,-0.352171,1.66811e-05,-2.2171,-1.53771,-0.0777553,91.6839,1.31826,0.64422,0.0119349,-0.00268181,0,1.3103,0.337446,0.19204,6,drone1
1.76168,-0.352166,1.72495e-05,-0.763838,-1.59507,-0.0394842,90.2622,1.32257,0.645938,0.0120027,-0.00232697,0,1.28325,0.333188,0.227905,6,drone1
1.76211,-0.352151,1.78922e-05,0.6908,-1.65649,0.00174614,88.839,1.33129,0.648539,0.0120473,-0.00196389,0,1.25622,0.330965,0.264138,6,drone1
1.76252,-0.352127,1.86169e-05,2.14648,-1.72202,0.046294,87.4155,1.34442,0.6521,0.0120712,-0.00159777,0,1.22848,0.330859,0.300741,6,drone1
1.76292,-0.352094,1.94325e-05,3.6033,-1.79169,0.0945431,85.9927,1.36199,0.656698,0.0120765,-0.00123251,0,1.19929,0.332957,0.33772,6,drone1
1.7633,-0.352052,2.03489e-05,5.06166,-1.86554,0.146903,84.5711,1.38399,0.662405,0.012065,-0.000870902,0,1.16778,0.337351,0.375086,6,drone1
1.76367,-0.352002,2.13773e-05,6.52207,-1.94361,0.203806,83.1511,1.41046,0.669288,0.0120382,-0.000514818,0,1.13309,0.344137,0.412846,6,drone1
1.76402,-0.351944,2.25303e-05,7.98498,-2.02593,0.265704,81.7328,1.44143,0.677408,0.0119972,-0.000165435,0,1.09442,0.353415,0.451009,6,drone1
1.76436,-0.351877,2.38219e-05,9.45053,-2.11252,0.333061,80.3163,1.47694,0.686821,0.0119427,0.0001766,0,1.05123,0.365288,0.48958,6,drone1
1.76466,-0.351797,3.0126e-05,10.9122,-2.14459,0.382955,78.9018,1.51705,0.697577,0.0118755,0.000511044,0,1.00335,0.379864,0.528563,6,drone1
1.76497,-0.351718,2.49622e-05,12.3651,-2.03432,0.423131,77.4909,1.55561,0.710803,0.0117977,0.000781724,0,0.957683,0.373929,0.509225,6,drone1
1.76529,-0.351631,2.23046e-05,13.8233,-1.93247,0.455519,76.0835,1.5786,0.724278,0.0117233,0.00103382,0,0.917848,0.357385,0.349475,6,drone1
1.76561,-0.351533,2.07697e-05,15.2835,-1.8384,0.483244,73.03,1.56073,0.834938,0.0237563,0.0055647,0,0.83383,-0.186178,0.294949,6,drone1
1.76557,-0.351761,1.96892e-05,17.1461,-1.74595,0.519633,71.7944,1.55997,0.838968,0.0114836,0.00188861,0,2.46064,0.409357,0.0891879,6,drone1
1.76597,-0.351503,1.88826e-05,19.1637,-1.66076,0.557913,70.478,1.54861,0.844569,0.0117363,0.00168804,0,1.83547,0.367015,-0.0100701,6,drone1
1.76642,-0.351265,1.81939e-05,20.8683,-1.58503,0.58479,69.1181,1.529,0.85025,0.0114971,0.00189758,0,1.13577,0.327329,-0.0922375,6,drone1
1.76684,-0.351056,1.7603e-05,22.4209,-1.51675,0.606102,67.7413,1.50275,0.85629,0.0112733,0.00224688,0,0.79229,0.288385,-0.157159,6,drone1
1.76722,-0.350865,1.70907e-05,23.898,-1.45489,0.624715,66.3594,1.47108,0.862785,0.0110751,0.00260722,0,0.617376,0.250447,-0.20844,6,drone1
1.76757,-0.350685,1.66495e-05,25.3382,-1.39881,0.642174,64.9778,1.435,0.869748,0.0108939,0.00294744,0,0.522995,0.213801,-0.248378,6,drone1
1.76789,-0.350511,1.62739e-05,26.7594,-1.34809,0.659338,63.5988,1.39534,0.877162,0.0107219,0.00326378,0,0.465006,0.178628,-0.278677,6,drone1
1.76819,-0.350338,1.59594e-05,28.1691,-1.30241,0.67674,62.2233,1.35284,0.885009,0.010554,0.00355925,0,0.423348,0.14504,-0.300694,6,drone1
1.76847,-0.350165,1.57015e-05,29.5701,-1.26149,0.69477,60.8518,1.30809,0.893277,0.0103873,0.00383764,0,0.389629,0.113096,-0.315563,6,drone1
1.76874,-0.349992,1.54965e-05,30.9637,-1.22507,0.713754,59.4845,1.26161,0.901968,0.0102201,0.00410201,0,0.360511,0.0828209,-0.324262,6,drone1
1.769,-0.349818,1.5341e-05,32.3504,-1.19291,0.733987,58.1214,1.21385,0.911089,0.0100514,0.0043546,0,0.334645,0.0542138,-0.327655,6,drone1
1.76924,-0.349643,1.52324e-05,33.7304,-1.16478,0.755745,56.7626,1.16517,0.920656,0.00988062,0.00459699,0,0.311407,0.0272555,-0.326508,6,drone1
1.76947,-0.349466,1.5169e-05,35.1039,-1.14043,0.779296,55.4084,1.11587,0.930686,0.00970738,0.00483029,0,0.29043,0.00191117,-0.321506,6,drone1
1.7697,-0.349287,1.51493e-05,36.471,-1.11964,0.804894,54.0587,1.0662,0.941199,0.00953133,0.0050553,0,0.271445,-0.0218661,-0.313257,6,drone1
1.76991,-0.349107,1.51728e-05,37.8318,-1.10219,0.83279,52.7137,1.01636,0.952216,0.00935227,0.00527257,0,0.254227,-0.0441331,-0.302304,6,drone1
1.77012,-0.348925,1.52394e-05,39.1865,-1.08787,0.863227,51.3735,0.966491,0.963753,0.00917001,0.00548252,0,0.238581,-0.0649548,-0.289131,6,drone1
1.77031,-0.348741,1.53497e-05,40.535,-1.07645,0.896445,47.2783,0.852051,1.00604,0.0330403,0.0103668,0,0.529685,-0.0691212,-0.486915,6,drone1
1.77182,-0.347454,1.55784e-05,43.2187,-1.05162,0.963067,46.2254,0.808609,1.01378,0.00847789,0.00630795,0,2.97098,-0.0487793,-0.225555,6,drone1
1.77234,-0.346892,1.57984e-05,45.8695,-1.02224,1.02744,45.0076,0.763271,1.02107,0.00733605,0.00755397,0,1.34068,-0.0658755,-0.232648,6,drone1
1.77236,-0.346853,1.60409e-05,47.2817,-1.0139,1.07103,43.6507,0.715735,1.02755,0.00695316,0.00788382,0,-0.09182,-0.0855121,-0.243906,6,drone1
1.77228,-0.346919,1.63298e-05,48.6092,-1.00853,1.11658,42.2893,0.667985,1.03493,0.00690692,0.00789877,0,-0.146886,-0.105839,-0.227826,6,drone1
1.77223,-0.346955,1.66759e-05,49.938,-1.0049,1.16646,40.9337,0.620137,1.04321,0.00694941,0.00782341,0,-0.112824,-0.124955,-0.209983,6,drone1
1.77222,-0.346939,1.7085e-05,51.2655,-1.00291,1.22094,39.5845,0.572206,1.05225,0.00695894,0.00777801,0,-0.0859731,-0.142368,-0.192159,6,drone1
1.77225,-0.346879,1.75619e-05,52.5901,-1.0023,1.28021,38.242,0.524202,1.06195,0.00691471,0.00777722,0,-0.0640494,-0.158178,-0.174461,6,drone1
1.77229,-0.346784,1.8112e-05,53.9106,-1.0028,1.34447,36.9066,0.476111,1.07219,0.00682207,0.00781209,0,-0.0459647,-0.172605,-0.157118,6,drone1
1.77236,-0.346663,1.87416e-05,55.2264,-1.00415,1.41389,35.5788,0.4279,1.08286,0.00669043,0.00787149,0,-0.0310755,-0.185875,-0.140359,6,drone1
1.77243,-0.346524,1.94581e-05,56.5366,-1.0061,1.4887,34.2586,0.379517,1.09383,0.00652819,0.00794628,0,-0.0188436,-0.198192,-0.124379,6,drone1
1.77251,-0.346372,2.027e-05,57.8408,-1.0084,1.56911,32.9465,0.330893,1.105,0.00634197,0.00802959,0,-0.00883996,-0.209741,-0.109352,6,drone1
1.77258,-0.346213,2.1187e-05,59.1382,-1.0108,1.65538,31.6426,0.281953,1.11624,0.00613679,0.00811637,0,-0.000733419,-0.22069,-0.0954269,6,drone1
1.77266,-0.34605,2.22202e-05,60.4286,-1.01304,1.74776,30.3483,0.233697,1.12563,0.00591602,0.00819478,0,0.00607272,-0.212772,-0.0922534,6,drone1
1.77272,-0.345884,2.33822e-05,61.7112,-1.0149,1.84652,29.0652,0.205659,1.1238,0.00562767,0.00828823,0,0.0100224,0.0105452,-0.0724499,6,drone1
1.77278,-0.345721,2.67091e-05,62.9834,-1.01681,1.94372,29.0663,0.22226,1.10751,0.00536061,0.0083695,0,0.0108487,0.224255,-0.0618055,6,drone1
1.77299,-0.345527,2.24068e-05,63.7324,-0.951604,1.89129,28.9402,0.253161,1.08412,0.00532185,0.00831375,0,-1.26234,0.384223,-0.0504835,6,drone1
1.77306,-0.345477,2.23081e-05,63.9171,-0.907412,1.81147,28.7518,0.281026,1.0556,0.00528909,0.00843035,0,-1.88477,0.383509,-0.109079,6,drone1
1.77308,-0.345463,2.14087e-05,63.9615,-0.869624,1.73698,27.2803,0.281332,1.03145,0.00531423,0.00848011,0,-1.8809,0.357734,-0.142983,6,drone1
1.77289,-0.345478,2.04084e-05,64.4625,-0.821249,1.67548,25.9487,0.281798,1.00607,0.00513877,0.00861508,0,-0.453515,0.355193,-0.16929,6,drone1
1.77287,-0.345381,1.95102e-05,65.5243,-0.761349,1.62781,25.9865,0.304629,0.972515,0.00507172,0.00848476,0,0.377261,0.351538,-0.202887,6,drone1
1.77308,-0.345241,1.8766e-05,66.2681,-0.71536,1.58143,25.9144,0.323566,0.936402,0.00518429,0.00833306,0,-0.722188,0.32982,-0.239777,6,drone1
1.77316,-0.345189,1.81487e-05,66.4962,-0.687035,1.5337,25.7752,0.339804,0.899252,0.00519201,0.00847792,0,-1.39377,0.31126,-0.259776,6,drone1
1.77318,-0.345172,1.7617e-05,66.566,-0.665658,1.48961,24.3477,0.3343,0.870009,0.0051922,0.00855071,0,-1.48252,0.294205,-0.261917,6,drone1
1.77303,-0.345103,1.7167e-05,67.0377,-0.636593,1.45548,23.0524,0.33075,0.841241,0.00499336,0.00870025,0,-0.124799,0.294716,-0.261933,6,drone1
1.77301,-0.344945,1.67828e-05,68.0405,-0.597288,1.43243,23.1224,0.347596,0.805082,0.00481747,0.00861679,0,0.698928,0.295119,-0.268368,6,drone1
1.77321,-0.344822,1.64752e-05,68.7897,-0.567383,1.4115,23.0852,0.36255,0.768573,0.0048427,0.0085039,0,-0.373895,0.281708,-0.2762,6,drone1
1.7733,-0.344768,1.6238e-05,69.0674,-0.551474,1.3905,22.9768,0.376367,0.732572,0.00485005,0.00864751,0,-1.08592,0.270613,-0.274704,6,drone1
1.77333,-0.344747,1.60462e-05,69.1717,-0.541791,1.37271,22.8514,0.389831,0.698152,0.00484049,0.00872734,0,-1.25517,0.260906,-0.261756,6,drone1
1.77334,-0.344738,1.59048e-05,69.2116,-0.535572,1.35923,21.4487,0.387611,0.674139,0.00482964,0.00876987,0,-1.23417,0.252892,-0.244766,6,drone1
1.77319,-0.344641,1.58185e-05,69.6329,-0.52227,1.35425,20.1802,0.388048,0.651405,0.00461434,0.00890254,0,0.128715,0.259277,-0.233927,6,drone1
1.77316,-0.344471,1.57736e-05,70.5611,-0.498914,1.35877,23.1707,0.326685,0.559749,0.0376197,-0.0388009,0,-0.221253,-0.64774,-0.989665,6,drone1
1.77689,-0.335231,1.62578e-05,70.3142,-0.521063,1.40198,22.8766,0.350825,0.535295,0.00479897,0.00850312,0,-2.94236,0.32102,-0.12243,6,drone1
1.7766,-0.335522,1.62853e-05,69.3937,-0.544701,1.39659,21.3358,0.367452,0.520681,-0.00431345,0.0128069,0,-2.40127,0.354999,-0.0872257,6,drone1
1.77561,-0.3374,1.62735e-05,69.4402,-0.543536,1.39702,20.079,0.386137,0.508967,-0.00456995,0.0123369,0,0.0600078,0.353363,-0.0734851,6,drone1
1.77486,-0.339089,1.63248e-05,70.2273,-0.52633,1.41006,18.9768,0.40514,0.498286,-0.00294057,0.0112601,0,1.27029,0.345719,-0.0777286,6,drone1
1.77437,-0.34033,1.64598e-05,71.2739,-0.504837,1.43226,17.912,0.423948,0.487554,-0.00130381,0.0105162,0,1.58529,0.340762,-0.0907552,6,drone1
1.77406,-0.341187,1.66677e-05,72.4089,-0.482617,1.46167,16.8473,0.442832,0.476522,-6.4432e-05,0.0100407,0,1.60341,0.33982,-0.104364,6,drone1
1.77386,-0.341758,1.69445e-05,73.5782,-0.46041,1.49739,17.0007,0.472478,0.455802,0.000801574,0.00973457,0,1.533,0.3424,-0.116509,6,drone1
1.77406,-0.341633,1.73158e-05,74.4562,-0.447135,1.53922,17.0219,0.501502,0.435105,0.00158866,0.00950667,0,0.210103,0.337878,-0.113609,6,drone1
1.77416,-0.341571,1.77522e-05,74.9213,-0.445394,1.58274,16.9531,0.530802,0.415026,0.00160843,0.00968174,0,-0.689015,0.339509,-0.104379,6,drone1
1.77422,-0.341537,1.82539e-05,75.1747,-0.450341,1.62984,16.8447,0.560839,0.396272,0.00160523,0.00978305,0,-1.08544,0.342763,-0.0888864,6,drone1
1.77425,-0.341518,1.88318e-05,75.3152,-0.459584,1.68143,16.7219,0.591915,0.379136,0.00158496,0.00984368,0,-1.23038,0.347778,-0.0705801,6,drone1
1.77427,-0.341507,1.94941e-05,75.3939,-0.471875,1.73805,15.3233,0.615655,0.376769,0.00155473,0.00988338,0,-1.24781,0.354618,-0.0510852,6,drone1
1.774,-0.34185,2.02287e-05,75.7272,-0.476994,1.80059,14.0546,0.641908,0.375734,0.00129488,0.00994035,0,0.072049,0.374256,-0.0495735,6,drone1
1.77382,-0.342148,2.10635e-05,76.4535,-0.470043,1.87246,14.1555,0.678858,0.361341,0.00145409,0.00970099,0,1.0074,0.392975,-0.0529854,6,drone1
1.77394,-0.342069,2.20346e-05,77.1282,-0.464924,1.95203,14.1736,0.716875,0.347495,0.00186837,0.00949253,0,0.180171,0.402426,-0.0418404,6,drone1
1.77402,-0.342022,2.31271e-05,77.5392,-0.468707,2.03576,14.1225,0.756426,0.334272,0.00188049,0.00959753,0,-0.512673,0.415972,-0.0296769,6,drone1
1.77406,-0.341992,2.43846e-05,77.7946,-0.478503,2.12471,14.0355,0.797827,0.322139,0.00186761,0.00966983,0,-0.872389,0.431194,-0.0136766,6,drone1
1.77408,-0.341959,2.02374e-05,77.9361,-0.458245,2.09079,13.9316,0.841317,0.31134,0.00183712,0.00972042,0,-1.04059,0.448075,0.00437186,6,drone1
1.7741,-0.341949,2.10755e-05,78.0186,-0.440682,2.00301,13.8239,0.873785,0.30139,0.00184365,0.00973344,0,-1.07836,0.339225,-0.0155134,6,drone1
1.77411,-0.341942,2.0978e-05,78.0711,-0.42386,1.92314,13.7186,0.890843,0.293567,0.00188843,0.00974095,0,-1.05338,0.184611,-0.0336706,6,drone1
1.77411,-0.341937,2.04429e-05,78.1047,-0.408221,1.85075,13.6186,0.894503,0.287535,0.0019256,0.00974458,0,-1.0009,0.0502519,-0.0495136,6,drone1
1.77412,-0.341934,1.97746e-05,78.1263,-0.394028,1.78544,13.5252,0.886529,0.28308,0.00195702,0.00974613,0,-0.934723,-0.0665495,-0.0625606,6,drone1
1.77412,-0.341931,1.91166e-05,78.1403,-0.381349,1.72691,13.439,0.868464,0.280065,0.00198387,0.00974671,0,-0.863158,-0.168108,-0.0726986,6,drone1
1.77412,-0.341929,1.85238e-05,78.1494,-0.37015,1.67489,13.3599,0.841652,0.278401,0.00200693,0.00974695,0,-0.791116,-0.256416,-0.0800966,6,drone1
1.77412,-0.341927,1.80106e-05,78.1555,-0.360362,1.62916,13.2878,0.807264,0.27802,0.00202667,0.00974723,0,-0.721419,-0.333211,-0.0850488,6,drone1
1.77412,-0.341925,1.75761e-05,78.1596,-0.351915,1.58951,9.99339,0.750666,0.31949,-0.00724881,0.0277642,0,-0.359837,-0.374604,-0.130244,6,drone1
1.77311,-0.344788,1.70474e-05,78.7648,-0.325505,1.54508,10.2569,0.705642,0.316326,0.00149526,0.00983296,0,2.63409,-0.440045,-0.100204,6,drone1
1.77326,-0.344655,1.67763e-05,79.6897,-0.295478,1.52228,7.56583,0.632902,0.360867,-0.00410611,0.023319,0,1.64055,-0.570439,0.0031096,6,drone1
1.77271,-0.346387,1.64501e-05,80.7774,-0.26138,1.49609,7.91907,0.578591,0.351938,0.00414789,0.00908557,0,3.53072,-0.53078,-0.145338,6,drone1
1.77286,-0.346258,1.62959e-05,81.9411,-0.22855,1.48405,6.94288,0.511488,0.354819,0.00614129,0.00845742,0,2.08961,-0.581985,-0.162303,6,drone1
1.77297,-0.345249,1.62205e-05,82.9523,-0.201392,1.48039,5.94643,0.441237,0.354131,0.00604475,0.00856702,0,1.90196,-0.61279,-0.178277,6,drone1
1.77306,-0.344244,1.61979e-05,83.9945,-0.174191,1.48161,4.96371,0.368878,0.350173,0.00503733,0.00864144,0,1.8872,-0.636466,-0.186587,6,drone1
1.77312,-0.343406,1.62203e-05,85.0559,-0.146907,1.48683,5.14667,0.3018,0.335568,0.00403665,0.00869689,0,1.82771,-0.658457,-0.194098,6,drone1
1.77318,-0.343349,1.62609e-05,86.0093,-0.122411,1.49281,5.2052,0.231922,0.320669,0.00338565,0.00866265,0,0.583386,-0.683557,-0.20795,6,drone1
1.77322,-0.343293,1.63487e-05,86.7802,-0.102818,1.50335,5.16254,0.159157,0.3055,0.0034785,0.00865134,0,-0.428533,-0.710152,-0.219474,6,drone1
1.77324,-0.343247,1.64874e-05,87.4108,-0.0869067,1.51862,5.04705,0.0837975,0.290339,0.00352391,0.00863942,0,-1.15671,-0.734862,-0.225489,6,drone1
1.77325,-0.34321,1.66795e-05,87.9304,-0.0738298,1.53878,4.88007,0.00769415,0.274364,0.00353768,0.00862196,0,-1.6714,-0.740973,-0.235819,6,drone1
1.77326,-0.34318,1.69273e-05,88.3608,-0.0629734,1.56398,4.67779,-0.0487134,0.258089,0.00344354,0.00863502,0,-2.02388,-0.544748,-0.218831,6,drone1
1.77327,-0.343155,1.72338e-05,88.7184,-0.0538791,1.59432,4.45266,-0.0862896,0.241189,0.00335457,0.00864497,0,-2.25171,-0.35713,-0.20541,6,drone1
1.77327,-0.343134,1.76025e-05,89.0162,-0.0461963,1.6299,4.21425,-0.107125,0.224173,0.00327394,0.00865723,0,-2.38409,-0.190987,-0.189422,6,drone1
1.77327,-0.343117,1.80379e-05,89.2646,-0.0396524,1.67084,3.96988,-0.11307,0.207365,0.00320054,0.00867058,0,-2.4435,-0.0436294,-0.17285,6,drone1
1.77327,-0.343103,1.85455e-05,89.4719,-0.034032,1.71727,-0.138334,-0.162586,0.232192,0.0182841,0.0289439,0,-2.34787,-0.385497,0.297297,6,drone1
1.77327,-0.339938,1.93115e-05,89.969,-0.0191759,1.78461,0.00692261,-0.137238,0.212993,0.00244824,0.00886452,0,1.4535,0.25079,-0.195475,6,drone1
1.77325,-0.339946,1.99853e-05,90.6632,0.00311941,1.84219,0.0879126,-0.100534,0.194147,-0.000657772,0.0088356,0,0.810904,0.365855,-0.190747,6,drone1
1.77324,-0.339906,2.07578e-05,91.2424,0.0231328,1.90578,0.0913703,-0.0551724,0.175066,-0.000556714,0.00883097,0,0.0355894,0.453855,-0.190239,6,drone1
1.77322,-0.339873,2.16352e-05,91.7247,0.041288,1.97538,0.0365384,-0.00192468,0.156195,-0.000531234,0.0088226,0,-0.547364,0.533578,-0.185576,6,drone1
1.7732,-0.339846,2.26284e-05,92.1253,0.0579333,2.05123,-0.0610651,0.0585212,0.137864,-0.000522099,0.00881271,0,-0.975193,0.605952,-0.178284,6,drone1
1.77319,-0.339823,2.37499e-05,92.4569,0.0733638,2.13359,-0.188983,0.12558,0.120314,-0.000526358,0.00880262,0,-1.27848,0.672122,-0.169477,6,drone1
1.77317,-0.339806,3.00758e-05,92.7267,0.0745028,2.18465,-0.337287,0.19876,0.103706,-0.000541564,0.00879309,0,-1.48252,0.733144,-0.159962,6,drone1
1.77316,-0.339792,2.55244e-05,92.9333,0.084523,2.09511,-0.49775,0.273805,0.0893363,-0.00054195,0.00879147,0,-1.60433,0.751367,-0.138651,6,drone1
1.77315,-0.33978,2.30244e-05,93.1029,0.0891293,2.0128,-0.662814,0.336045,0.0755602,-0.000468517,0.00878192,0,-1.65065,0.62297,-0.135092,6,drone1
